[0.098s] DEBUG:colcon:Command line arguments: ['/usr/bin/colcon', 'build']
[0.098s] DEBUG:colcon:Parsed command line arguments: Namespace(log_base=None, log_level=None, verb_name='build', build_base='build', install_base='install', merge_install=False, symlink_install=False, test_result_base=None, continue_on_error=False, executor='parallel', parallel_workers=16, event_handlers=None, ignore_user_meta=False, metas=['./colcon.meta'], base_paths=['.'], packages_ignore=None, packages_ignore_regex=None, paths=None, packages_up_to=None, packages_up_to_regex=None, packages_above=None, packages_above_and_dependencies=None, packages_above_depth=None, packages_select_by_dep=None, packages_skip_by_dep=None, packages_skip_up_to=None, packages_select_build_failed=False, packages_skip_build_finished=False, packages_select_test_failures=False, packages_skip_test_passed=False, packages_select=None, packages_skip=None, packages_select_regex=None, packages_skip_regex=None, packages_start=None, packages_end=None, allow_overriding=[], cmake_args=None, cmake_target=None, cmake_target_skip_unavailable=False, cmake_clean_cache=False, cmake_clean_first=False, cmake_force_configure=False, ament_cmake_args=None, catkin_cmake_args=None, catkin_skip_building_tests=False, verb_parser=<colcon_defaults.argument_parser.defaults.DefaultArgumentsDecorator object at 0x72055ee23d90>, verb_extension=<colcon_core.verb.build.BuildVerb object at 0x72055ee23850>, main=<bound method BuildVerb.main of <colcon_core.verb.build.BuildVerb object at 0x72055ee23850>>)
[0.222s] Level 1:colcon.colcon_core.package_discovery:discover_packages(colcon_meta) check parameters
[0.222s] Level 1:colcon.colcon_core.package_discovery:discover_packages(recursive) check parameters
[0.222s] Level 1:colcon.colcon_core.package_discovery:discover_packages(ignore) check parameters
[0.222s] Level 1:colcon.colcon_core.package_discovery:discover_packages(path) check parameters
[0.222s] Level 1:colcon.colcon_core.package_discovery:discover_packages(colcon_meta) discover
[0.222s] Level 1:colcon.colcon_core.package_discovery:discover_packages(recursive) discover
[0.222s] INFO:colcon.colcon_core.package_discovery:Crawling recursively for packages in '/home/new-sentry/Desktop/boom_ws'
[0.222s] Level 1:colcon.colcon_core.package_identification:_identify(.) by extensions ['ignore', 'ignore_ament_install']
[0.223s] Level 1:colcon.colcon_core.package_identification:_identify(.) by extension 'ignore'
[0.223s] Level 1:colcon.colcon_core.package_identification:_identify(.) by extension 'ignore_ament_install'
[0.223s] Level 1:colcon.colcon_core.package_identification:_identify(.) by extensions ['colcon_pkg']
[0.223s] Level 1:colcon.colcon_core.package_identification:_identify(.) by extension 'colcon_pkg'
[0.223s] Level 1:colcon.colcon_core.package_identification:_identify(.) by extensions ['colcon_meta']
[0.223s] Level 1:colcon.colcon_core.package_identification:_identify(.) by extension 'colcon_meta'
[0.223s] Level 1:colcon.colcon_core.package_identification:_identify(.) by extensions ['ros']
[0.223s] Level 1:colcon.colcon_core.package_identification:_identify(.) by extension 'ros'
[0.236s] Level 1:colcon.colcon_core.package_identification:_identify(.) by extensions ['cmake', 'python']
[0.237s] Level 1:colcon.colcon_core.package_identification:_identify(.) by extension 'cmake'
[0.237s] Level 1:colcon.colcon_core.package_identification:_identify(.) by extension 'python'
[0.237s] Level 1:colcon.colcon_core.package_identification:_identify(.) by extensions ['python_setup_py']
[0.237s] Level 1:colcon.colcon_core.package_identification:_identify(.) by extension 'python_setup_py'
[0.237s] Level 1:colcon.colcon_core.package_identification:_identify(build) by extensions ['ignore', 'ignore_ament_install']
[0.237s] Level 1:colcon.colcon_core.package_identification:_identify(build) by extension 'ignore'
[0.237s] Level 1:colcon.colcon_core.package_identification:_identify(build) ignored
[0.237s] Level 1:colcon.colcon_core.package_identification:_identify(config) by extensions ['ignore', 'ignore_ament_install']
[0.237s] Level 1:colcon.colcon_core.package_identification:_identify(config) by extension 'ignore'
[0.237s] Level 1:colcon.colcon_core.package_identification:_identify(config) by extension 'ignore_ament_install'
[0.237s] Level 1:colcon.colcon_core.package_identification:_identify(config) by extensions ['colcon_pkg']
[0.237s] Level 1:colcon.colcon_core.package_identification:_identify(config) by extension 'colcon_pkg'
[0.237s] Level 1:colcon.colcon_core.package_identification:_identify(config) by extensions ['colcon_meta']
[0.237s] Level 1:colcon.colcon_core.package_identification:_identify(config) by extension 'colcon_meta'
[0.237s] Level 1:colcon.colcon_core.package_identification:_identify(config) by extensions ['ros']
[0.237s] Level 1:colcon.colcon_core.package_identification:_identify(config) by extension 'ros'
[0.237s] Level 1:colcon.colcon_core.package_identification:_identify(config) by extensions ['cmake', 'python']
[0.237s] Level 1:colcon.colcon_core.package_identification:_identify(config) by extension 'cmake'
[0.237s] Level 1:colcon.colcon_core.package_identification:_identify(config) by extension 'python'
[0.237s] Level 1:colcon.colcon_core.package_identification:_identify(config) by extensions ['python_setup_py']
[0.237s] Level 1:colcon.colcon_core.package_identification:_identify(config) by extension 'python_setup_py'
[0.238s] Level 1:colcon.colcon_core.package_identification:_identify(install) by extensions ['ignore', 'ignore_ament_install']
[0.238s] Level 1:colcon.colcon_core.package_identification:_identify(install) by extension 'ignore'
[0.238s] Level 1:colcon.colcon_core.package_identification:_identify(install) ignored
[0.238s] Level 1:colcon.colcon_core.package_identification:_identify(launch) by extensions ['ignore', 'ignore_ament_install']
[0.238s] Level 1:colcon.colcon_core.package_identification:_identify(launch) by extension 'ignore'
[0.238s] Level 1:colcon.colcon_core.package_identification:_identify(launch) by extension 'ignore_ament_install'
[0.238s] Level 1:colcon.colcon_core.package_identification:_identify(launch) by extensions ['colcon_pkg']
[0.238s] Level 1:colcon.colcon_core.package_identification:_identify(launch) by extension 'colcon_pkg'
[0.238s] Level 1:colcon.colcon_core.package_identification:_identify(launch) by extensions ['colcon_meta']
[0.238s] Level 1:colcon.colcon_core.package_identification:_identify(launch) by extension 'colcon_meta'
[0.238s] Level 1:colcon.colcon_core.package_identification:_identify(launch) by extensions ['ros']
[0.238s] Level 1:colcon.colcon_core.package_identification:_identify(launch) by extension 'ros'
[0.238s] Level 1:colcon.colcon_core.package_identification:_identify(launch) by extensions ['cmake', 'python']
[0.238s] Level 1:colcon.colcon_core.package_identification:_identify(launch) by extension 'cmake'
[0.238s] Level 1:colcon.colcon_core.package_identification:_identify(launch) by extension 'python'
[0.238s] Level 1:colcon.colcon_core.package_identification:_identify(launch) by extensions ['python_setup_py']
[0.238s] Level 1:colcon.colcon_core.package_identification:_identify(launch) by extension 'python_setup_py'
[0.238s] Level 1:colcon.colcon_core.package_identification:_identify(launch/__pycache__) by extensions ['ignore', 'ignore_ament_install']
[0.238s] Level 1:colcon.colcon_core.package_identification:_identify(launch/__pycache__) by extension 'ignore'
[0.238s] Level 1:colcon.colcon_core.package_identification:_identify(launch/__pycache__) by extension 'ignore_ament_install'
[0.238s] Level 1:colcon.colcon_core.package_identification:_identify(launch/__pycache__) by extensions ['colcon_pkg']
[0.238s] Level 1:colcon.colcon_core.package_identification:_identify(launch/__pycache__) by extension 'colcon_pkg'
[0.238s] Level 1:colcon.colcon_core.package_identification:_identify(launch/__pycache__) by extensions ['colcon_meta']
[0.238s] Level 1:colcon.colcon_core.package_identification:_identify(launch/__pycache__) by extension 'colcon_meta'
[0.238s] Level 1:colcon.colcon_core.package_identification:_identify(launch/__pycache__) by extensions ['ros']
[0.238s] Level 1:colcon.colcon_core.package_identification:_identify(launch/__pycache__) by extension 'ros'
[0.238s] Level 1:colcon.colcon_core.package_identification:_identify(launch/__pycache__) by extensions ['cmake', 'python']
[0.238s] Level 1:colcon.colcon_core.package_identification:_identify(launch/__pycache__) by extension 'cmake'
[0.238s] Level 1:colcon.colcon_core.package_identification:_identify(launch/__pycache__) by extension 'python'
[0.238s] Level 1:colcon.colcon_core.package_identification:_identify(launch/__pycache__) by extensions ['python_setup_py']
[0.238s] Level 1:colcon.colcon_core.package_identification:_identify(launch/__pycache__) by extension 'python_setup_py'
[0.238s] Level 1:colcon.colcon_core.package_identification:_identify(log) by extensions ['ignore', 'ignore_ament_install']
[0.239s] Level 1:colcon.colcon_core.package_identification:_identify(log) by extension 'ignore'
[0.239s] Level 1:colcon.colcon_core.package_identification:_identify(log) ignored
[0.239s] Level 1:colcon.colcon_core.package_identification:_identify(py) by extensions ['ignore', 'ignore_ament_install']
[0.239s] Level 1:colcon.colcon_core.package_identification:_identify(py) by extension 'ignore'
[0.239s] Level 1:colcon.colcon_core.package_identification:_identify(py) by extension 'ignore_ament_install'
[0.239s] Level 1:colcon.colcon_core.package_identification:_identify(py) by extensions ['colcon_pkg']
[0.239s] Level 1:colcon.colcon_core.package_identification:_identify(py) by extension 'colcon_pkg'
[0.239s] Level 1:colcon.colcon_core.package_identification:_identify(py) by extensions ['colcon_meta']
[0.239s] Level 1:colcon.colcon_core.package_identification:_identify(py) by extension 'colcon_meta'
[0.239s] Level 1:colcon.colcon_core.package_identification:_identify(py) by extensions ['ros']
[0.239s] Level 1:colcon.colcon_core.package_identification:_identify(py) by extension 'ros'
[0.239s] Level 1:colcon.colcon_core.package_identification:_identify(py) by extensions ['cmake', 'python']
[0.239s] Level 1:colcon.colcon_core.package_identification:_identify(py) by extension 'cmake'
[0.239s] Level 1:colcon.colcon_core.package_identification:_identify(py) by extension 'python'
[0.239s] Level 1:colcon.colcon_core.package_identification:_identify(py) by extensions ['python_setup_py']
[0.239s] Level 1:colcon.colcon_core.package_identification:_identify(py) by extension 'python_setup_py'
[0.239s] Level 1:colcon.colcon_core.package_identification:_identify(py/__pycache__) by extensions ['ignore', 'ignore_ament_install']
[0.239s] Level 1:colcon.colcon_core.package_identification:_identify(py/__pycache__) by extension 'ignore'
[0.239s] Level 1:colcon.colcon_core.package_identification:_identify(py/__pycache__) by extension 'ignore_ament_install'
[0.239s] Level 1:colcon.colcon_core.package_identification:_identify(py/__pycache__) by extensions ['colcon_pkg']
[0.239s] Level 1:colcon.colcon_core.package_identification:_identify(py/__pycache__) by extension 'colcon_pkg'
[0.239s] Level 1:colcon.colcon_core.package_identification:_identify(py/__pycache__) by extensions ['colcon_meta']
[0.239s] Level 1:colcon.colcon_core.package_identification:_identify(py/__pycache__) by extension 'colcon_meta'
[0.239s] Level 1:colcon.colcon_core.package_identification:_identify(py/__pycache__) by extensions ['ros']
[0.239s] Level 1:colcon.colcon_core.package_identification:_identify(py/__pycache__) by extension 'ros'
[0.239s] Level 1:colcon.colcon_core.package_identification:_identify(py/__pycache__) by extensions ['cmake', 'python']
[0.239s] Level 1:colcon.colcon_core.package_identification:_identify(py/__pycache__) by extension 'cmake'
[0.239s] Level 1:colcon.colcon_core.package_identification:_identify(py/__pycache__) by extension 'python'
[0.239s] Level 1:colcon.colcon_core.package_identification:_identify(py/__pycache__) by extensions ['python_setup_py']
[0.239s] Level 1:colcon.colcon_core.package_identification:_identify(py/__pycache__) by extension 'python_setup_py'
[0.239s] Level 1:colcon.colcon_core.package_identification:_identify(py/pta) by extensions ['ignore', 'ignore_ament_install']
[0.239s] Level 1:colcon.colcon_core.package_identification:_identify(py/pta) by extension 'ignore'
[0.239s] Level 1:colcon.colcon_core.package_identification:_identify(py/pta) by extension 'ignore_ament_install'
[0.239s] Level 1:colcon.colcon_core.package_identification:_identify(py/pta) by extensions ['colcon_pkg']
[0.239s] Level 1:colcon.colcon_core.package_identification:_identify(py/pta) by extension 'colcon_pkg'
[0.239s] Level 1:colcon.colcon_core.package_identification:_identify(py/pta) by extensions ['colcon_meta']
[0.239s] Level 1:colcon.colcon_core.package_identification:_identify(py/pta) by extension 'colcon_meta'
[0.239s] Level 1:colcon.colcon_core.package_identification:_identify(py/pta) by extensions ['ros']
[0.239s] Level 1:colcon.colcon_core.package_identification:_identify(py/pta) by extension 'ros'
[0.239s] Level 1:colcon.colcon_core.package_identification:_identify(py/pta) by extensions ['cmake', 'python']
[0.240s] Level 1:colcon.colcon_core.package_identification:_identify(py/pta) by extension 'cmake'
[0.240s] Level 1:colcon.colcon_core.package_identification:_identify(py/pta) by extension 'python'
[0.240s] Level 1:colcon.colcon_core.package_identification:_identify(py/pta) by extensions ['python_setup_py']
[0.240s] Level 1:colcon.colcon_core.package_identification:_identify(py/pta) by extension 'python_setup_py'
[0.240s] Level 1:colcon.colcon_core.package_identification:_identify(py/pta/pta2) by extensions ['ignore', 'ignore_ament_install']
[0.240s] Level 1:colcon.colcon_core.package_identification:_identify(py/pta/pta2) by extension 'ignore'
[0.240s] Level 1:colcon.colcon_core.package_identification:_identify(py/pta/pta2) by extension 'ignore_ament_install'
[0.240s] Level 1:colcon.colcon_core.package_identification:_identify(py/pta/pta2) by extensions ['colcon_pkg']
[0.240s] Level 1:colcon.colcon_core.package_identification:_identify(py/pta/pta2) by extension 'colcon_pkg'
[0.240s] Level 1:colcon.colcon_core.package_identification:_identify(py/pta/pta2) by extensions ['colcon_meta']
[0.240s] Level 1:colcon.colcon_core.package_identification:_identify(py/pta/pta2) by extension 'colcon_meta'
[0.240s] Level 1:colcon.colcon_core.package_identification:_identify(py/pta/pta2) by extensions ['ros']
[0.240s] Level 1:colcon.colcon_core.package_identification:_identify(py/pta/pta2) by extension 'ros'
[0.240s] Level 1:colcon.colcon_core.package_identification:_identify(py/pta/pta2) by extensions ['cmake', 'python']
[0.240s] Level 1:colcon.colcon_core.package_identification:_identify(py/pta/pta2) by extension 'cmake'
[0.240s] Level 1:colcon.colcon_core.package_identification:_identify(py/pta/pta2) by extension 'python'
[0.240s] Level 1:colcon.colcon_core.package_identification:_identify(py/pta/pta2) by extensions ['python_setup_py']
[0.240s] Level 1:colcon.colcon_core.package_identification:_identify(py/pta/pta2) by extension 'python_setup_py'
[0.240s] Level 1:colcon.colcon_core.package_identification:_identify(py/test) by extensions ['ignore', 'ignore_ament_install']
[0.240s] Level 1:colcon.colcon_core.package_identification:_identify(py/test) by extension 'ignore'
[0.240s] Level 1:colcon.colcon_core.package_identification:_identify(py/test) by extension 'ignore_ament_install'
[0.240s] Level 1:colcon.colcon_core.package_identification:_identify(py/test) by extensions ['colcon_pkg']
[0.240s] Level 1:colcon.colcon_core.package_identification:_identify(py/test) by extension 'colcon_pkg'
[0.240s] Level 1:colcon.colcon_core.package_identification:_identify(py/test) by extensions ['colcon_meta']
[0.240s] Level 1:colcon.colcon_core.package_identification:_identify(py/test) by extension 'colcon_meta'
[0.240s] Level 1:colcon.colcon_core.package_identification:_identify(py/test) by extensions ['ros']
[0.240s] Level 1:colcon.colcon_core.package_identification:_identify(py/test) by extension 'ros'
[0.240s] Level 1:colcon.colcon_core.package_identification:_identify(py/test) by extensions ['cmake', 'python']
[0.240s] Level 1:colcon.colcon_core.package_identification:_identify(py/test) by extension 'cmake'
[0.240s] Level 1:colcon.colcon_core.package_identification:_identify(py/test) by extension 'python'
[0.240s] Level 1:colcon.colcon_core.package_identification:_identify(py/test) by extensions ['python_setup_py']
[0.240s] Level 1:colcon.colcon_core.package_identification:_identify(py/test) by extension 'python_setup_py'
[0.240s] Level 1:colcon.colcon_core.package_identification:_identify(src) by extensions ['ignore', 'ignore_ament_install']
[0.240s] Level 1:colcon.colcon_core.package_identification:_identify(src) by extension 'ignore'
[0.240s] Level 1:colcon.colcon_core.package_identification:_identify(src) by extension 'ignore_ament_install'
[0.240s] Level 1:colcon.colcon_core.package_identification:_identify(src) by extensions ['colcon_pkg']
[0.240s] Level 1:colcon.colcon_core.package_identification:_identify(src) by extension 'colcon_pkg'
[0.240s] Level 1:colcon.colcon_core.package_identification:_identify(src) by extensions ['colcon_meta']
[0.240s] Level 1:colcon.colcon_core.package_identification:_identify(src) by extension 'colcon_meta'
[0.240s] Level 1:colcon.colcon_core.package_identification:_identify(src) by extensions ['ros']
[0.240s] Level 1:colcon.colcon_core.package_identification:_identify(src) by extension 'ros'
[0.240s] Level 1:colcon.colcon_core.package_identification:_identify(src) by extensions ['cmake', 'python']
[0.240s] Level 1:colcon.colcon_core.package_identification:_identify(src) by extension 'cmake'
[0.240s] Level 1:colcon.colcon_core.package_identification:_identify(src) by extension 'python'
[0.240s] Level 1:colcon.colcon_core.package_identification:_identify(src) by extensions ['python_setup_py']
[0.241s] Level 1:colcon.colcon_core.package_identification:_identify(src) by extension 'python_setup_py'
[0.241s] Level 1:colcon.colcon_core.package_identification:_identify(src/display) by extensions ['ignore', 'ignore_ament_install']
[0.241s] Level 1:colcon.colcon_core.package_identification:_identify(src/display) by extension 'ignore'
[0.241s] Level 1:colcon.colcon_core.package_identification:_identify(src/display) by extension 'ignore_ament_install'
[0.241s] Level 1:colcon.colcon_core.package_identification:_identify(src/display) by extensions ['colcon_pkg']
[0.241s] Level 1:colcon.colcon_core.package_identification:_identify(src/display) by extension 'colcon_pkg'
[0.241s] Level 1:colcon.colcon_core.package_identification:_identify(src/display) by extensions ['colcon_meta']
[0.241s] Level 1:colcon.colcon_core.package_identification:_identify(src/display) by extension 'colcon_meta'
[0.241s] Level 1:colcon.colcon_core.package_identification:_identify(src/display) by extensions ['ros']
[0.241s] Level 1:colcon.colcon_core.package_identification:_identify(src/display) by extension 'ros'
[0.244s] DEBUG:colcon.colcon_core.package_identification:Package 'src/display' with type 'ros.ament_cmake' and name 'display'
[0.244s] Level 1:colcon.colcon_core.package_identification:_identify(src/hik_camera_ros2_driver) by extensions ['ignore', 'ignore_ament_install']
[0.244s] Level 1:colcon.colcon_core.package_identification:_identify(src/hik_camera_ros2_driver) by extension 'ignore'
[0.245s] Level 1:colcon.colcon_core.package_identification:_identify(src/hik_camera_ros2_driver) by extension 'ignore_ament_install'
[0.245s] Level 1:colcon.colcon_core.package_identification:_identify(src/hik_camera_ros2_driver) by extensions ['colcon_pkg']
[0.245s] Level 1:colcon.colcon_core.package_identification:_identify(src/hik_camera_ros2_driver) by extension 'colcon_pkg'
[0.245s] Level 1:colcon.colcon_core.package_identification:_identify(src/hik_camera_ros2_driver) by extensions ['colcon_meta']
[0.245s] Level 1:colcon.colcon_core.package_identification:_identify(src/hik_camera_ros2_driver) by extension 'colcon_meta'
[0.245s] Level 1:colcon.colcon_core.package_identification:_identify(src/hik_camera_ros2_driver) by extensions ['ros']
[0.245s] Level 1:colcon.colcon_core.package_identification:_identify(src/hik_camera_ros2_driver) by extension 'ros'
[0.246s] DEBUG:colcon.colcon_core.package_identification:Package 'src/hik_camera_ros2_driver' with type 'ros.ament_cmake' and name 'hik_camera_ros2_driver'
[0.246s] Level 1:colcon.colcon_core.package_identification:_identify(src/resolving) by extensions ['ignore', 'ignore_ament_install']
[0.246s] Level 1:colcon.colcon_core.package_identification:_identify(src/resolving) by extension 'ignore'
[0.246s] Level 1:colcon.colcon_core.package_identification:_identify(src/resolving) by extension 'ignore_ament_install'
[0.246s] Level 1:colcon.colcon_core.package_identification:_identify(src/resolving) by extensions ['colcon_pkg']
[0.246s] Level 1:colcon.colcon_core.package_identification:_identify(src/resolving) by extension 'colcon_pkg'
[0.246s] Level 1:colcon.colcon_core.package_identification:_identify(src/resolving) by extensions ['colcon_meta']
[0.246s] Level 1:colcon.colcon_core.package_identification:_identify(src/resolving) by extension 'colcon_meta'
[0.246s] Level 1:colcon.colcon_core.package_identification:_identify(src/resolving) by extensions ['ros']
[0.246s] Level 1:colcon.colcon_core.package_identification:_identify(src/resolving) by extension 'ros'
[0.247s] DEBUG:colcon.colcon_core.package_identification:Package 'src/resolving' with type 'ros.ament_cmake' and name 'resolve'
[0.247s] Level 1:colcon.colcon_core.package_identification:_identify(src/serial) by extensions ['ignore', 'ignore_ament_install']
[0.248s] Level 1:colcon.colcon_core.package_identification:_identify(src/serial) by extension 'ignore'
[0.248s] Level 1:colcon.colcon_core.package_identification:_identify(src/serial) by extension 'ignore_ament_install'
[0.248s] Level 1:colcon.colcon_core.package_identification:_identify(src/serial) by extensions ['colcon_pkg']
[0.248s] Level 1:colcon.colcon_core.package_identification:_identify(src/serial) by extension 'colcon_pkg'
[0.248s] Level 1:colcon.colcon_core.package_identification:_identify(src/serial) by extensions ['colcon_meta']
[0.248s] Level 1:colcon.colcon_core.package_identification:_identify(src/serial) by extension 'colcon_meta'
[0.248s] Level 1:colcon.colcon_core.package_identification:_identify(src/serial) by extensions ['ros']
[0.248s] Level 1:colcon.colcon_core.package_identification:_identify(src/serial) by extension 'ros'
[0.249s] DEBUG:colcon.colcon_core.package_identification:Package 'src/serial' with type 'ros.ament_cmake' and name 'serial'
[0.249s] Level 1:colcon.colcon_core.package_identification:_identify(src/vision_interfaces) by extensions ['ignore', 'ignore_ament_install']
[0.249s] Level 1:colcon.colcon_core.package_identification:_identify(src/vision_interfaces) by extension 'ignore'
[0.249s] Level 1:colcon.colcon_core.package_identification:_identify(src/vision_interfaces) by extension 'ignore_ament_install'
[0.249s] Level 1:colcon.colcon_core.package_identification:_identify(src/vision_interfaces) by extensions ['colcon_pkg']
[0.249s] Level 1:colcon.colcon_core.package_identification:_identify(src/vision_interfaces) by extension 'colcon_pkg'
[0.249s] Level 1:colcon.colcon_core.package_identification:_identify(src/vision_interfaces) by extensions ['colcon_meta']
[0.249s] Level 1:colcon.colcon_core.package_identification:_identify(src/vision_interfaces) by extension 'colcon_meta'
[0.249s] Level 1:colcon.colcon_core.package_identification:_identify(src/vision_interfaces) by extensions ['ros']
[0.249s] Level 1:colcon.colcon_core.package_identification:_identify(src/vision_interfaces) by extension 'ros'
[0.250s] DEBUG:colcon.colcon_core.package_identification:Package 'src/vision_interfaces' with type 'ros.ament_cmake' and name 'vision_interfaces'
[0.250s] Level 1:colcon.colcon_core.package_discovery:discover_packages(recursive) using defaults
[0.250s] Level 1:colcon.colcon_core.package_discovery:discover_packages(ignore) discover
[0.250s] Level 1:colcon.colcon_core.package_discovery:discover_packages(ignore) using defaults
[0.250s] Level 1:colcon.colcon_core.package_discovery:discover_packages(path) discover
[0.250s] Level 1:colcon.colcon_core.package_discovery:discover_packages(path) using defaults
[0.301s] Level 1:colcon.colcon_core.package_discovery:discover_packages(prefix_path) check parameters
[0.302s] Level 1:colcon.colcon_core.package_discovery:discover_packages(prefix_path) discover
[0.303s] DEBUG:colcon.colcon_installed_package_information.package_discovery:Found 5 installed packages in /home/new-sentry/Desktop/boom_ws/install
[0.304s] DEBUG:colcon.colcon_installed_package_information.package_discovery:Found 333 installed packages in /opt/ros/humble
[0.305s] Level 1:colcon.colcon_core.package_discovery:discover_packages(prefix_path) using defaults
[0.336s] Level 5:colcon.colcon_core.verb:set package 'display' build argument 'cmake_args' from command line to 'None'
[0.336s] Level 5:colcon.colcon_core.verb:set package 'display' build argument 'cmake_target' from command line to 'None'
[0.337s] Level 5:colcon.colcon_core.verb:set package 'display' build argument 'cmake_target_skip_unavailable' from command line to 'False'
[0.337s] Level 5:colcon.colcon_core.verb:set package 'display' build argument 'cmake_clean_cache' from command line to 'False'
[0.337s] Level 5:colcon.colcon_core.verb:set package 'display' build argument 'cmake_clean_first' from command line to 'False'
[0.337s] Level 5:colcon.colcon_core.verb:set package 'display' build argument 'cmake_force_configure' from command line to 'False'
[0.337s] Level 5:colcon.colcon_core.verb:set package 'display' build argument 'ament_cmake_args' from command line to 'None'
[0.337s] Level 5:colcon.colcon_core.verb:set package 'display' build argument 'catkin_cmake_args' from command line to 'None'
[0.337s] Level 5:colcon.colcon_core.verb:set package 'display' build argument 'catkin_skip_building_tests' from command line to 'False'
[0.337s] DEBUG:colcon.colcon_core.verb:Building package 'display' with the following arguments: {'ament_cmake_args': None, 'build_base': '/home/new-sentry/Desktop/boom_ws/build/display', 'catkin_cmake_args': None, 'catkin_skip_building_tests': False, 'cmake_args': None, 'cmake_clean_cache': False, 'cmake_clean_first': False, 'cmake_force_configure': False, 'cmake_target': None, 'cmake_target_skip_unavailable': False, 'install_base': '/home/new-sentry/Desktop/boom_ws/install/display', 'merge_install': False, 'path': '/home/new-sentry/Desktop/boom_ws/src/display', 'symlink_install': False, 'test_result_base': None}
[0.337s] Level 5:colcon.colcon_core.verb:set package 'hik_camera_ros2_driver' build argument 'cmake_args' from command line to 'None'
[0.337s] Level 5:colcon.colcon_core.verb:set package 'hik_camera_ros2_driver' build argument 'cmake_target' from command line to 'None'
[0.337s] Level 5:colcon.colcon_core.verb:set package 'hik_camera_ros2_driver' build argument 'cmake_target_skip_unavailable' from command line to 'False'
[0.337s] Level 5:colcon.colcon_core.verb:set package 'hik_camera_ros2_driver' build argument 'cmake_clean_cache' from command line to 'False'
[0.337s] Level 5:colcon.colcon_core.verb:set package 'hik_camera_ros2_driver' build argument 'cmake_clean_first' from command line to 'False'
[0.337s] Level 5:colcon.colcon_core.verb:set package 'hik_camera_ros2_driver' build argument 'cmake_force_configure' from command line to 'False'
[0.337s] Level 5:colcon.colcon_core.verb:set package 'hik_camera_ros2_driver' build argument 'ament_cmake_args' from command line to 'None'
[0.337s] Level 5:colcon.colcon_core.verb:set package 'hik_camera_ros2_driver' build argument 'catkin_cmake_args' from command line to 'None'
[0.337s] Level 5:colcon.colcon_core.verb:set package 'hik_camera_ros2_driver' build argument 'catkin_skip_building_tests' from command line to 'False'
[0.337s] DEBUG:colcon.colcon_core.verb:Building package 'hik_camera_ros2_driver' with the following arguments: {'ament_cmake_args': None, 'build_base': '/home/new-sentry/Desktop/boom_ws/build/hik_camera_ros2_driver', 'catkin_cmake_args': None, 'catkin_skip_building_tests': False, 'cmake_args': None, 'cmake_clean_cache': False, 'cmake_clean_first': False, 'cmake_force_configure': False, 'cmake_target': None, 'cmake_target_skip_unavailable': False, 'install_base': '/home/new-sentry/Desktop/boom_ws/install/hik_camera_ros2_driver', 'merge_install': False, 'path': '/home/new-sentry/Desktop/boom_ws/src/hik_camera_ros2_driver', 'symlink_install': False, 'test_result_base': None}
[0.337s] Level 5:colcon.colcon_core.verb:set package 'vision_interfaces' build argument 'cmake_args' from command line to 'None'
[0.337s] Level 5:colcon.colcon_core.verb:set package 'vision_interfaces' build argument 'cmake_target' from command line to 'None'
[0.337s] Level 5:colcon.colcon_core.verb:set package 'vision_interfaces' build argument 'cmake_target_skip_unavailable' from command line to 'False'
[0.337s] Level 5:colcon.colcon_core.verb:set package 'vision_interfaces' build argument 'cmake_clean_cache' from command line to 'False'
[0.337s] Level 5:colcon.colcon_core.verb:set package 'vision_interfaces' build argument 'cmake_clean_first' from command line to 'False'
[0.337s] Level 5:colcon.colcon_core.verb:set package 'vision_interfaces' build argument 'cmake_force_configure' from command line to 'False'
[0.337s] Level 5:colcon.colcon_core.verb:set package 'vision_interfaces' build argument 'ament_cmake_args' from command line to 'None'
[0.337s] Level 5:colcon.colcon_core.verb:set package 'vision_interfaces' build argument 'catkin_cmake_args' from command line to 'None'
[0.337s] Level 5:colcon.colcon_core.verb:set package 'vision_interfaces' build argument 'catkin_skip_building_tests' from command line to 'False'
[0.337s] DEBUG:colcon.colcon_core.verb:Building package 'vision_interfaces' with the following arguments: {'ament_cmake_args': None, 'build_base': '/home/new-sentry/Desktop/boom_ws/build/vision_interfaces', 'catkin_cmake_args': None, 'catkin_skip_building_tests': False, 'cmake_args': None, 'cmake_clean_cache': False, 'cmake_clean_first': False, 'cmake_force_configure': False, 'cmake_target': None, 'cmake_target_skip_unavailable': False, 'install_base': '/home/new-sentry/Desktop/boom_ws/install/vision_interfaces', 'merge_install': False, 'path': '/home/new-sentry/Desktop/boom_ws/src/vision_interfaces', 'symlink_install': False, 'test_result_base': None}
[0.337s] Level 5:colcon.colcon_core.verb:set package 'resolve' build argument 'cmake_args' from command line to 'None'
[0.337s] Level 5:colcon.colcon_core.verb:set package 'resolve' build argument 'cmake_target' from command line to 'None'
[0.337s] Level 5:colcon.colcon_core.verb:set package 'resolve' build argument 'cmake_target_skip_unavailable' from command line to 'False'
[0.337s] Level 5:colcon.colcon_core.verb:set package 'resolve' build argument 'cmake_clean_cache' from command line to 'False'
[0.338s] Level 5:colcon.colcon_core.verb:set package 'resolve' build argument 'cmake_clean_first' from command line to 'False'
[0.338s] Level 5:colcon.colcon_core.verb:set package 'resolve' build argument 'cmake_force_configure' from command line to 'False'
[0.338s] Level 5:colcon.colcon_core.verb:set package 'resolve' build argument 'ament_cmake_args' from command line to 'None'
[0.338s] Level 5:colcon.colcon_core.verb:set package 'resolve' build argument 'catkin_cmake_args' from command line to 'None'
[0.338s] Level 5:colcon.colcon_core.verb:set package 'resolve' build argument 'catkin_skip_building_tests' from command line to 'False'
[0.338s] DEBUG:colcon.colcon_core.verb:Building package 'resolve' with the following arguments: {'ament_cmake_args': None, 'build_base': '/home/new-sentry/Desktop/boom_ws/build/resolve', 'catkin_cmake_args': None, 'catkin_skip_building_tests': False, 'cmake_args': None, 'cmake_clean_cache': False, 'cmake_clean_first': False, 'cmake_force_configure': False, 'cmake_target': None, 'cmake_target_skip_unavailable': False, 'install_base': '/home/new-sentry/Desktop/boom_ws/install/resolve', 'merge_install': False, 'path': '/home/new-sentry/Desktop/boom_ws/src/resolving', 'symlink_install': False, 'test_result_base': None}
[0.338s] Level 5:colcon.colcon_core.verb:set package 'serial' build argument 'cmake_args' from command line to 'None'
[0.338s] Level 5:colcon.colcon_core.verb:set package 'serial' build argument 'cmake_target' from command line to 'None'
[0.338s] Level 5:colcon.colcon_core.verb:set package 'serial' build argument 'cmake_target_skip_unavailable' from command line to 'False'
[0.338s] Level 5:colcon.colcon_core.verb:set package 'serial' build argument 'cmake_clean_cache' from command line to 'False'
[0.338s] Level 5:colcon.colcon_core.verb:set package 'serial' build argument 'cmake_clean_first' from command line to 'False'
[0.338s] Level 5:colcon.colcon_core.verb:set package 'serial' build argument 'cmake_force_configure' from command line to 'False'
[0.338s] Level 5:colcon.colcon_core.verb:set package 'serial' build argument 'ament_cmake_args' from command line to 'None'
[0.338s] Level 5:colcon.colcon_core.verb:set package 'serial' build argument 'catkin_cmake_args' from command line to 'None'
[0.338s] Level 5:colcon.colcon_core.verb:set package 'serial' build argument 'catkin_skip_building_tests' from command line to 'False'
[0.338s] DEBUG:colcon.colcon_core.verb:Building package 'serial' with the following arguments: {'ament_cmake_args': None, 'build_base': '/home/new-sentry/Desktop/boom_ws/build/serial', 'catkin_cmake_args': None, 'catkin_skip_building_tests': False, 'cmake_args': None, 'cmake_clean_cache': False, 'cmake_clean_first': False, 'cmake_force_configure': False, 'cmake_target': None, 'cmake_target_skip_unavailable': False, 'install_base': '/home/new-sentry/Desktop/boom_ws/install/serial', 'merge_install': False, 'path': '/home/new-sentry/Desktop/boom_ws/src/serial', 'symlink_install': False, 'test_result_base': None}
[0.338s] INFO:colcon.colcon_core.executor:Executing jobs using 'parallel' executor
[0.339s] DEBUG:colcon.colcon_parallel_executor.executor.parallel:run_until_complete
[0.340s] INFO:colcon.colcon_ros.task.ament_cmake.build:Building ROS package in '/home/new-sentry/Desktop/boom_ws/src/vision_interfaces' with build type 'ament_cmake'
[0.340s] INFO:colcon.colcon_cmake.task.cmake.build:Building CMake package in '/home/new-sentry/Desktop/boom_ws/src/vision_interfaces'
[0.342s] INFO:colcon.colcon_core.plugin_system:Skipping extension 'colcon_core.shell.bat': Not used on non-Windows systems
[0.342s] INFO:colcon.colcon_core.shell:Skip shell extension 'powershell' for command environment: Not usable outside of PowerShell
[0.342s] DEBUG:colcon.colcon_core.shell:Skip shell extension 'dsv' for command environment
[0.347s] INFO:colcon.colcon_ros.task.ament_cmake.build:Building ROS package in '/home/new-sentry/Desktop/boom_ws/src/display' with build type 'ament_cmake'
[0.347s] INFO:colcon.colcon_cmake.task.cmake.build:Building CMake package in '/home/new-sentry/Desktop/boom_ws/src/display'
[0.348s] INFO:colcon.colcon_core.shell:Skip shell extension 'powershell' for command environment: Not usable outside of PowerShell
[0.348s] DEBUG:colcon.colcon_core.shell:Skip shell extension 'dsv' for command environment
[0.352s] INFO:colcon.colcon_ros.task.ament_cmake.build:Building ROS package in '/home/new-sentry/Desktop/boom_ws/src/hik_camera_ros2_driver' with build type 'ament_cmake'
[0.352s] INFO:colcon.colcon_cmake.task.cmake.build:Building CMake package in '/home/new-sentry/Desktop/boom_ws/src/hik_camera_ros2_driver'
[0.353s] INFO:colcon.colcon_core.shell:Skip shell extension 'powershell' for command environment: Not usable outside of PowerShell
[0.353s] DEBUG:colcon.colcon_core.shell:Skip shell extension 'dsv' for command environment
[0.363s] DEBUG:colcon.colcon_core.event_handler.log_command:Invoking command in '/home/new-sentry/Desktop/boom_ws/build/vision_interfaces': CMAKE_PREFIX_PATH=${CMAKE_PREFIX_PATH}:/opt/ros/humble /usr/local/bin/cmake --build /home/new-sentry/Desktop/boom_ws/build/vision_interfaces -- -j16 -l16
[0.368s] DEBUG:colcon.colcon_core.event_handler.log_command:Invoking command in '/home/new-sentry/Desktop/boom_ws/build/display': CMAKE_PREFIX_PATH=${CMAKE_PREFIX_PATH}:/opt/ros/humble /usr/local/bin/cmake --build /home/new-sentry/Desktop/boom_ws/build/display -- -j16 -l16
[0.372s] DEBUG:colcon.colcon_core.event_handler.log_command:Invoking command in '/home/new-sentry/Desktop/boom_ws/build/hik_camera_ros2_driver': CMAKE_PREFIX_PATH=${CMAKE_PREFIX_PATH}:/opt/ros/humble /usr/local/bin/cmake --build /home/new-sentry/Desktop/boom_ws/build/hik_camera_ros2_driver -- -j16 -l16
[0.437s] DEBUG:colcon.colcon_core.event_handler.log_command:Invoked command in '/home/new-sentry/Desktop/boom_ws/build/display' returned '0': CMAKE_PREFIX_PATH=${CMAKE_PREFIX_PATH}:/opt/ros/humble /usr/local/bin/cmake --build /home/new-sentry/Desktop/boom_ws/build/display -- -j16 -l16
[0.449s] DEBUG:colcon.colcon_core.event_handler.log_command:Invoking command in '/home/new-sentry/Desktop/boom_ws/build/display': CMAKE_PREFIX_PATH=${CMAKE_PREFIX_PATH}:/opt/ros/humble /usr/local/bin/cmake --install /home/new-sentry/Desktop/boom_ws/build/display
[0.457s] DEBUG:colcon.colcon_core.event_handler.log_command:Invoked command in '/home/new-sentry/Desktop/boom_ws/build/hik_camera_ros2_driver' returned '0': CMAKE_PREFIX_PATH=${CMAKE_PREFIX_PATH}:/opt/ros/humble /usr/local/bin/cmake --build /home/new-sentry/Desktop/boom_ws/build/hik_camera_ros2_driver -- -j16 -l16
[0.458s] DEBUG:colcon.colcon_core.event_handler.log_command:Invoking command in '/home/new-sentry/Desktop/boom_ws/build/hik_camera_ros2_driver': CMAKE_PREFIX_PATH=${CMAKE_PREFIX_PATH}:/opt/ros/humble /usr/local/bin/cmake --install /home/new-sentry/Desktop/boom_ws/build/hik_camera_ros2_driver
[0.468s] Level 1:colcon.colcon_core.environment:create_environment_scripts_only(display)
[0.472s] DEBUG:colcon.colcon_core.event_handler.log_command:Invoked command in '/home/new-sentry/Desktop/boom_ws/build/display' returned '0': CMAKE_PREFIX_PATH=${CMAKE_PREFIX_PATH}:/opt/ros/humble /usr/local/bin/cmake --install /home/new-sentry/Desktop/boom_ws/build/display
[0.474s] Level 1:colcon.colcon_core.environment:checking '/home/new-sentry/Desktop/boom_ws/install/display' for CMake module files
[0.474s] Level 1:colcon.colcon_core.environment:checking '/home/new-sentry/Desktop/boom_ws/install/display' for CMake config files
[0.475s] Level 1:colcon.colcon_core.shell:create_environment_hook('display', 'cmake_prefix_path')
[0.475s] INFO:colcon.colcon_core.shell:Creating environment hook '/home/new-sentry/Desktop/boom_ws/install/display/share/display/hook/cmake_prefix_path.ps1'
[0.476s] INFO:colcon.colcon_core.shell:Creating environment descriptor '/home/new-sentry/Desktop/boom_ws/install/display/share/display/hook/cmake_prefix_path.dsv'
[0.478s] INFO:colcon.colcon_core.shell:Creating environment hook '/home/new-sentry/Desktop/boom_ws/install/display/share/display/hook/cmake_prefix_path.sh'
[0.480s] Level 1:colcon.colcon_core.environment:checking '/home/new-sentry/Desktop/boom_ws/install/display/lib'
[0.480s] Level 1:colcon.colcon_core.environment:checking '/home/new-sentry/Desktop/boom_ws/install/display/bin'
[0.480s] Level 1:colcon.colcon_core.environment:checking '/home/new-sentry/Desktop/boom_ws/install/display/lib/pkgconfig/display.pc'
[0.481s] Level 1:colcon.colcon_core.environment:checking '/home/new-sentry/Desktop/boom_ws/install/display/lib/python3.10/site-packages'
[0.481s] Level 1:colcon.colcon_core.environment:checking '/home/new-sentry/Desktop/boom_ws/install/display/bin'
[0.482s] INFO:colcon.colcon_core.shell:Creating package script '/home/new-sentry/Desktop/boom_ws/install/display/share/display/package.ps1'
[0.483s] INFO:colcon.colcon_core.shell:Creating package descriptor '/home/new-sentry/Desktop/boom_ws/install/display/share/display/package.dsv'
[0.484s] INFO:colcon.colcon_core.shell:Creating package script '/home/new-sentry/Desktop/boom_ws/install/display/share/display/package.sh'
[0.485s] INFO:colcon.colcon_core.shell:Creating package script '/home/new-sentry/Desktop/boom_ws/install/display/share/display/package.bash'
[0.486s] INFO:colcon.colcon_core.shell:Creating package script '/home/new-sentry/Desktop/boom_ws/install/display/share/display/package.zsh'
[0.486s] Level 1:colcon.colcon_core.environment:create_file_with_runtime_dependencies(/home/new-sentry/Desktop/boom_ws/install/display/share/colcon-core/packages/display)
[0.487s] Level 1:colcon.colcon_core.environment:create_environment_scripts_only(display)
[0.488s] Level 1:colcon.colcon_core.environment:checking '/home/new-sentry/Desktop/boom_ws/install/display' for CMake module files
[0.489s] Level 1:colcon.colcon_core.environment:checking '/home/new-sentry/Desktop/boom_ws/install/display' for CMake config files
[0.489s] Level 1:colcon.colcon_core.shell:create_environment_hook('display', 'cmake_prefix_path')
[0.490s] INFO:colcon.colcon_core.shell:Creating environment hook '/home/new-sentry/Desktop/boom_ws/install/display/share/display/hook/cmake_prefix_path.ps1'
[0.490s] INFO:colcon.colcon_core.shell:Creating environment descriptor '/home/new-sentry/Desktop/boom_ws/install/display/share/display/hook/cmake_prefix_path.dsv'
[0.491s] INFO:colcon.colcon_core.shell:Creating environment hook '/home/new-sentry/Desktop/boom_ws/install/display/share/display/hook/cmake_prefix_path.sh'
[0.492s] Level 1:colcon.colcon_core.environment:checking '/home/new-sentry/Desktop/boom_ws/install/display/lib'
[0.492s] Level 1:colcon.colcon_core.environment:checking '/home/new-sentry/Desktop/boom_ws/install/display/bin'
[0.492s] Level 1:colcon.colcon_core.environment:checking '/home/new-sentry/Desktop/boom_ws/install/display/lib/pkgconfig/display.pc'
[0.492s] Level 1:colcon.colcon_core.environment:checking '/home/new-sentry/Desktop/boom_ws/install/display/lib/python3.10/site-packages'
[0.492s] Level 1:colcon.colcon_core.environment:checking '/home/new-sentry/Desktop/boom_ws/install/display/bin'
[0.493s] INFO:colcon.colcon_core.shell:Creating package script '/home/new-sentry/Desktop/boom_ws/install/display/share/display/package.ps1'
[0.494s] INFO:colcon.colcon_core.shell:Creating package descriptor '/home/new-sentry/Desktop/boom_ws/install/display/share/display/package.dsv'
[0.494s] INFO:colcon.colcon_core.shell:Creating package script '/home/new-sentry/Desktop/boom_ws/install/display/share/display/package.sh'
[0.495s] INFO:colcon.colcon_core.shell:Creating package script '/home/new-sentry/Desktop/boom_ws/install/display/share/display/package.bash'
[0.495s] INFO:colcon.colcon_core.shell:Creating package script '/home/new-sentry/Desktop/boom_ws/install/display/share/display/package.zsh'
[0.495s] Level 1:colcon.colcon_core.environment:create_file_with_runtime_dependencies(/home/new-sentry/Desktop/boom_ws/install/display/share/colcon-core/packages/display)
[0.497s] Level 1:colcon.colcon_core.environment:create_environment_scripts_only(hik_camera_ros2_driver)
[0.497s] Level 1:colcon.colcon_core.environment:checking '/home/new-sentry/Desktop/boom_ws/install/hik_camera_ros2_driver' for CMake module files
[0.498s] DEBUG:colcon.colcon_core.event_handler.log_command:Invoked command in '/home/new-sentry/Desktop/boom_ws/build/hik_camera_ros2_driver' returned '0': CMAKE_PREFIX_PATH=${CMAKE_PREFIX_PATH}:/opt/ros/humble /usr/local/bin/cmake --install /home/new-sentry/Desktop/boom_ws/build/hik_camera_ros2_driver
[0.499s] Level 1:colcon.colcon_core.environment:checking '/home/new-sentry/Desktop/boom_ws/install/hik_camera_ros2_driver' for CMake config files
[0.499s] Level 1:colcon.colcon_core.shell:create_environment_hook('hik_camera_ros2_driver', 'cmake_prefix_path')
[0.500s] INFO:colcon.colcon_core.shell:Creating environment hook '/home/new-sentry/Desktop/boom_ws/install/hik_camera_ros2_driver/share/hik_camera_ros2_driver/hook/cmake_prefix_path.ps1'
[0.500s] INFO:colcon.colcon_core.shell:Creating environment descriptor '/home/new-sentry/Desktop/boom_ws/install/hik_camera_ros2_driver/share/hik_camera_ros2_driver/hook/cmake_prefix_path.dsv'
[0.500s] INFO:colcon.colcon_core.shell:Creating environment hook '/home/new-sentry/Desktop/boom_ws/install/hik_camera_ros2_driver/share/hik_camera_ros2_driver/hook/cmake_prefix_path.sh'
[0.501s] Level 1:colcon.colcon_core.environment:checking '/home/new-sentry/Desktop/boom_ws/install/hik_camera_ros2_driver/lib'
[0.501s] Level 1:colcon.colcon_core.shell:create_environment_hook('hik_camera_ros2_driver', 'ld_library_path_lib')
[0.501s] INFO:colcon.colcon_core.shell:Creating environment hook '/home/new-sentry/Desktop/boom_ws/install/hik_camera_ros2_driver/share/hik_camera_ros2_driver/hook/ld_library_path_lib.ps1'
[0.502s] INFO:colcon.colcon_core.shell:Creating environment descriptor '/home/new-sentry/Desktop/boom_ws/install/hik_camera_ros2_driver/share/hik_camera_ros2_driver/hook/ld_library_path_lib.dsv'
[0.502s] INFO:colcon.colcon_core.shell:Creating environment hook '/home/new-sentry/Desktop/boom_ws/install/hik_camera_ros2_driver/share/hik_camera_ros2_driver/hook/ld_library_path_lib.sh'
[0.502s] Level 1:colcon.colcon_core.environment:checking '/home/new-sentry/Desktop/boom_ws/install/hik_camera_ros2_driver/bin'
[0.503s] Level 1:colcon.colcon_core.environment:checking '/home/new-sentry/Desktop/boom_ws/install/hik_camera_ros2_driver/lib/pkgconfig/hik_camera_ros2_driver.pc'
[0.503s] Level 1:colcon.colcon_core.environment:checking '/home/new-sentry/Desktop/boom_ws/install/hik_camera_ros2_driver/lib/python3.10/site-packages'
[0.503s] Level 1:colcon.colcon_core.environment:checking '/home/new-sentry/Desktop/boom_ws/install/hik_camera_ros2_driver/bin'
[0.503s] INFO:colcon.colcon_core.shell:Creating package script '/home/new-sentry/Desktop/boom_ws/install/hik_camera_ros2_driver/share/hik_camera_ros2_driver/package.ps1'
[0.504s] INFO:colcon.colcon_core.shell:Creating package descriptor '/home/new-sentry/Desktop/boom_ws/install/hik_camera_ros2_driver/share/hik_camera_ros2_driver/package.dsv'
[0.504s] INFO:colcon.colcon_core.shell:Creating package script '/home/new-sentry/Desktop/boom_ws/install/hik_camera_ros2_driver/share/hik_camera_ros2_driver/package.sh'
[0.505s] INFO:colcon.colcon_core.shell:Creating package script '/home/new-sentry/Desktop/boom_ws/install/hik_camera_ros2_driver/share/hik_camera_ros2_driver/package.bash'
[0.505s] INFO:colcon.colcon_core.shell:Creating package script '/home/new-sentry/Desktop/boom_ws/install/hik_camera_ros2_driver/share/hik_camera_ros2_driver/package.zsh'
[0.505s] Level 1:colcon.colcon_core.environment:create_file_with_runtime_dependencies(/home/new-sentry/Desktop/boom_ws/install/hik_camera_ros2_driver/share/colcon-core/packages/hik_camera_ros2_driver)
[0.506s] Level 1:colcon.colcon_core.environment:create_environment_scripts_only(hik_camera_ros2_driver)
[0.506s] Level 1:colcon.colcon_core.environment:checking '/home/new-sentry/Desktop/boom_ws/install/hik_camera_ros2_driver' for CMake module files
[0.507s] Level 1:colcon.colcon_core.environment:checking '/home/new-sentry/Desktop/boom_ws/install/hik_camera_ros2_driver' for CMake config files
[0.507s] Level 1:colcon.colcon_core.shell:create_environment_hook('hik_camera_ros2_driver', 'cmake_prefix_path')
[0.507s] INFO:colcon.colcon_core.shell:Creating environment hook '/home/new-sentry/Desktop/boom_ws/install/hik_camera_ros2_driver/share/hik_camera_ros2_driver/hook/cmake_prefix_path.ps1'
[0.508s] INFO:colcon.colcon_core.shell:Creating environment descriptor '/home/new-sentry/Desktop/boom_ws/install/hik_camera_ros2_driver/share/hik_camera_ros2_driver/hook/cmake_prefix_path.dsv'
[0.508s] INFO:colcon.colcon_core.shell:Creating environment hook '/home/new-sentry/Desktop/boom_ws/install/hik_camera_ros2_driver/share/hik_camera_ros2_driver/hook/cmake_prefix_path.sh'
[0.509s] Level 1:colcon.colcon_core.environment:checking '/home/new-sentry/Desktop/boom_ws/install/hik_camera_ros2_driver/lib'
[0.509s] Level 1:colcon.colcon_core.shell:create_environment_hook('hik_camera_ros2_driver', 'ld_library_path_lib')
[0.510s] INFO:colcon.colcon_core.shell:Creating environment hook '/home/new-sentry/Desktop/boom_ws/install/hik_camera_ros2_driver/share/hik_camera_ros2_driver/hook/ld_library_path_lib.ps1'
[0.510s] INFO:colcon.colcon_core.shell:Creating environment descriptor '/home/new-sentry/Desktop/boom_ws/install/hik_camera_ros2_driver/share/hik_camera_ros2_driver/hook/ld_library_path_lib.dsv'
[0.510s] INFO:colcon.colcon_core.shell:Creating environment hook '/home/new-sentry/Desktop/boom_ws/install/hik_camera_ros2_driver/share/hik_camera_ros2_driver/hook/ld_library_path_lib.sh'
[0.511s] Level 1:colcon.colcon_core.environment:checking '/home/new-sentry/Desktop/boom_ws/install/hik_camera_ros2_driver/bin'
[0.511s] Level 1:colcon.colcon_core.environment:checking '/home/new-sentry/Desktop/boom_ws/install/hik_camera_ros2_driver/lib/pkgconfig/hik_camera_ros2_driver.pc'
[0.511s] Level 1:colcon.colcon_core.environment:checking '/home/new-sentry/Desktop/boom_ws/install/hik_camera_ros2_driver/lib/python3.10/site-packages'
[0.511s] Level 1:colcon.colcon_core.environment:checking '/home/new-sentry/Desktop/boom_ws/install/hik_camera_ros2_driver/bin'
[0.512s] INFO:colcon.colcon_core.shell:Creating package script '/home/new-sentry/Desktop/boom_ws/install/hik_camera_ros2_driver/share/hik_camera_ros2_driver/package.ps1'
[0.513s] INFO:colcon.colcon_core.shell:Creating package descriptor '/home/new-sentry/Desktop/boom_ws/install/hik_camera_ros2_driver/share/hik_camera_ros2_driver/package.dsv'
[0.514s] INFO:colcon.colcon_core.shell:Creating package script '/home/new-sentry/Desktop/boom_ws/install/hik_camera_ros2_driver/share/hik_camera_ros2_driver/package.sh'
[0.515s] INFO:colcon.colcon_core.shell:Creating package script '/home/new-sentry/Desktop/boom_ws/install/hik_camera_ros2_driver/share/hik_camera_ros2_driver/package.bash'
[0.515s] INFO:colcon.colcon_core.shell:Creating package script '/home/new-sentry/Desktop/boom_ws/install/hik_camera_ros2_driver/share/hik_camera_ros2_driver/package.zsh'
[0.516s] Level 1:colcon.colcon_core.environment:create_file_with_runtime_dependencies(/home/new-sentry/Desktop/boom_ws/install/hik_camera_ros2_driver/share/colcon-core/packages/hik_camera_ros2_driver)
[0.781s] DEBUG:colcon.colcon_core.event_handler.log_command:Invoked command in '/home/new-sentry/Desktop/boom_ws/build/vision_interfaces' returned '0': CMAKE_PREFIX_PATH=${CMAKE_PREFIX_PATH}:/opt/ros/humble /usr/local/bin/cmake --build /home/new-sentry/Desktop/boom_ws/build/vision_interfaces -- -j16 -l16
[0.784s] DEBUG:colcon.colcon_core.event_handler.log_command:Invoking command in '/home/new-sentry/Desktop/boom_ws/build/vision_interfaces': CMAKE_PREFIX_PATH=${CMAKE_PREFIX_PATH}:/opt/ros/humble /usr/local/bin/cmake --install /home/new-sentry/Desktop/boom_ws/build/vision_interfaces
[0.851s] Level 1:colcon.colcon_core.environment:create_environment_scripts_only(vision_interfaces)
[0.852s] Level 1:colcon.colcon_core.environment:checking '/home/new-sentry/Desktop/boom_ws/install/vision_interfaces' for CMake module files
[0.852s] DEBUG:colcon.colcon_core.event_handler.log_command:Invoked command in '/home/new-sentry/Desktop/boom_ws/build/vision_interfaces' returned '0': CMAKE_PREFIX_PATH=${CMAKE_PREFIX_PATH}:/opt/ros/humble /usr/local/bin/cmake --install /home/new-sentry/Desktop/boom_ws/build/vision_interfaces
[0.853s] Level 1:colcon.colcon_core.environment:checking '/home/new-sentry/Desktop/boom_ws/install/vision_interfaces' for CMake config files
[0.853s] Level 1:colcon.colcon_core.shell:create_environment_hook('vision_interfaces', 'cmake_prefix_path')
[0.853s] INFO:colcon.colcon_core.shell:Creating environment hook '/home/new-sentry/Desktop/boom_ws/install/vision_interfaces/share/vision_interfaces/hook/cmake_prefix_path.ps1'
[0.854s] INFO:colcon.colcon_core.shell:Creating environment descriptor '/home/new-sentry/Desktop/boom_ws/install/vision_interfaces/share/vision_interfaces/hook/cmake_prefix_path.dsv'
[0.855s] INFO:colcon.colcon_core.shell:Creating environment hook '/home/new-sentry/Desktop/boom_ws/install/vision_interfaces/share/vision_interfaces/hook/cmake_prefix_path.sh'
[0.855s] Level 1:colcon.colcon_core.environment:checking '/home/new-sentry/Desktop/boom_ws/install/vision_interfaces/lib'
[0.855s] Level 1:colcon.colcon_core.shell:create_environment_hook('vision_interfaces', 'ld_library_path_lib')
[0.855s] INFO:colcon.colcon_core.shell:Creating environment hook '/home/new-sentry/Desktop/boom_ws/install/vision_interfaces/share/vision_interfaces/hook/ld_library_path_lib.ps1'
[0.856s] INFO:colcon.colcon_core.shell:Creating environment descriptor '/home/new-sentry/Desktop/boom_ws/install/vision_interfaces/share/vision_interfaces/hook/ld_library_path_lib.dsv'
[0.856s] INFO:colcon.colcon_core.shell:Creating environment hook '/home/new-sentry/Desktop/boom_ws/install/vision_interfaces/share/vision_interfaces/hook/ld_library_path_lib.sh'
[0.856s] Level 1:colcon.colcon_core.environment:checking '/home/new-sentry/Desktop/boom_ws/install/vision_interfaces/bin'
[0.856s] Level 1:colcon.colcon_core.environment:checking '/home/new-sentry/Desktop/boom_ws/install/vision_interfaces/lib/pkgconfig/vision_interfaces.pc'
[0.856s] Level 1:colcon.colcon_core.environment:checking '/home/new-sentry/Desktop/boom_ws/install/vision_interfaces/lib/python3.10/site-packages'
[0.856s] Level 1:colcon.colcon_core.environment:checking '/home/new-sentry/Desktop/boom_ws/install/vision_interfaces/bin'
[0.857s] INFO:colcon.colcon_core.shell:Creating package script '/home/new-sentry/Desktop/boom_ws/install/vision_interfaces/share/vision_interfaces/package.ps1'
[0.857s] INFO:colcon.colcon_core.shell:Creating package descriptor '/home/new-sentry/Desktop/boom_ws/install/vision_interfaces/share/vision_interfaces/package.dsv'
[0.858s] INFO:colcon.colcon_core.shell:Creating package script '/home/new-sentry/Desktop/boom_ws/install/vision_interfaces/share/vision_interfaces/package.sh'
[0.858s] INFO:colcon.colcon_core.shell:Creating package script '/home/new-sentry/Desktop/boom_ws/install/vision_interfaces/share/vision_interfaces/package.bash'
[0.858s] INFO:colcon.colcon_core.shell:Creating package script '/home/new-sentry/Desktop/boom_ws/install/vision_interfaces/share/vision_interfaces/package.zsh'
[0.859s] Level 1:colcon.colcon_core.environment:create_file_with_runtime_dependencies(/home/new-sentry/Desktop/boom_ws/install/vision_interfaces/share/colcon-core/packages/vision_interfaces)
[0.860s] Level 1:colcon.colcon_core.environment:create_environment_scripts_only(vision_interfaces)
[0.861s] Level 1:colcon.colcon_core.environment:checking '/home/new-sentry/Desktop/boom_ws/install/vision_interfaces' for CMake module files
[0.861s] Level 1:colcon.colcon_core.environment:checking '/home/new-sentry/Desktop/boom_ws/install/vision_interfaces' for CMake config files
[0.861s] Level 1:colcon.colcon_core.shell:create_environment_hook('vision_interfaces', 'cmake_prefix_path')
[0.862s] INFO:colcon.colcon_core.shell:Creating environment hook '/home/new-sentry/Desktop/boom_ws/install/vision_interfaces/share/vision_interfaces/hook/cmake_prefix_path.ps1'
[0.862s] INFO:colcon.colcon_core.shell:Creating environment descriptor '/home/new-sentry/Desktop/boom_ws/install/vision_interfaces/share/vision_interfaces/hook/cmake_prefix_path.dsv'
[0.862s] INFO:colcon.colcon_core.shell:Creating environment hook '/home/new-sentry/Desktop/boom_ws/install/vision_interfaces/share/vision_interfaces/hook/cmake_prefix_path.sh'
[0.863s] Level 1:colcon.colcon_core.environment:checking '/home/new-sentry/Desktop/boom_ws/install/vision_interfaces/lib'
[0.863s] Level 1:colcon.colcon_core.shell:create_environment_hook('vision_interfaces', 'ld_library_path_lib')
[0.863s] INFO:colcon.colcon_core.shell:Creating environment hook '/home/new-sentry/Desktop/boom_ws/install/vision_interfaces/share/vision_interfaces/hook/ld_library_path_lib.ps1'
[0.864s] INFO:colcon.colcon_core.shell:Creating environment descriptor '/home/new-sentry/Desktop/boom_ws/install/vision_interfaces/share/vision_interfaces/hook/ld_library_path_lib.dsv'
[0.864s] INFO:colcon.colcon_core.shell:Creating environment hook '/home/new-sentry/Desktop/boom_ws/install/vision_interfaces/share/vision_interfaces/hook/ld_library_path_lib.sh'
[0.864s] Level 1:colcon.colcon_core.environment:checking '/home/new-sentry/Desktop/boom_ws/install/vision_interfaces/bin'
[0.864s] Level 1:colcon.colcon_core.environment:checking '/home/new-sentry/Desktop/boom_ws/install/vision_interfaces/lib/pkgconfig/vision_interfaces.pc'
[0.864s] Level 1:colcon.colcon_core.environment:checking '/home/new-sentry/Desktop/boom_ws/install/vision_interfaces/lib/python3.10/site-packages'
[0.865s] Level 1:colcon.colcon_core.environment:checking '/home/new-sentry/Desktop/boom_ws/install/vision_interfaces/bin'
[0.865s] INFO:colcon.colcon_core.shell:Creating package script '/home/new-sentry/Desktop/boom_ws/install/vision_interfaces/share/vision_interfaces/package.ps1'
[0.865s] INFO:colcon.colcon_core.shell:Creating package descriptor '/home/new-sentry/Desktop/boom_ws/install/vision_interfaces/share/vision_interfaces/package.dsv'
[0.866s] INFO:colcon.colcon_core.shell:Creating package script '/home/new-sentry/Desktop/boom_ws/install/vision_interfaces/share/vision_interfaces/package.sh'
[0.866s] INFO:colcon.colcon_core.shell:Creating package script '/home/new-sentry/Desktop/boom_ws/install/vision_interfaces/share/vision_interfaces/package.bash'
[0.867s] INFO:colcon.colcon_core.shell:Creating package script '/home/new-sentry/Desktop/boom_ws/install/vision_interfaces/share/vision_interfaces/package.zsh'
[0.867s] Level 1:colcon.colcon_core.environment:create_file_with_runtime_dependencies(/home/new-sentry/Desktop/boom_ws/install/vision_interfaces/share/colcon-core/packages/vision_interfaces)
[0.868s] INFO:colcon.colcon_ros.task.ament_cmake.build:Building ROS package in '/home/new-sentry/Desktop/boom_ws/src/resolving' with build type 'ament_cmake'
[0.868s] INFO:colcon.colcon_cmake.task.cmake.build:Building CMake package in '/home/new-sentry/Desktop/boom_ws/src/resolving'
[0.868s] INFO:colcon.colcon_core.shell:Skip shell extension 'powershell' for command environment: Not usable outside of PowerShell
[0.869s] DEBUG:colcon.colcon_core.shell:Skip shell extension 'dsv' for command environment
[0.874s] INFO:colcon.colcon_ros.task.ament_cmake.build:Building ROS package in '/home/new-sentry/Desktop/boom_ws/src/serial' with build type 'ament_cmake'
[0.874s] INFO:colcon.colcon_cmake.task.cmake.build:Building CMake package in '/home/new-sentry/Desktop/boom_ws/src/serial'
[0.874s] INFO:colcon.colcon_core.shell:Skip shell extension 'powershell' for command environment: Not usable outside of PowerShell
[0.874s] DEBUG:colcon.colcon_core.shell:Skip shell extension 'dsv' for command environment
[0.886s] DEBUG:colcon.colcon_core.event_handler.log_command:Invoking command in '/home/new-sentry/Desktop/boom_ws/build/resolve': CMAKE_PREFIX_PATH=/home/new-sentry/Desktop/boom_ws/install/vision_interfaces:/home/new-sentry/Desktop/boom_ws/install/serial:/home/new-sentry/Desktop/boom_ws/install/resolve:/home/new-sentry/Desktop/boom_ws/install/hik_camera_ros2_driver:/home/new-sentry/Desktop/boom_ws/install/display:/opt/ros/humble LD_LIBRARY_PATH=/home/new-sentry/Desktop/boom_ws/install/vision_interfaces/lib:/opt/MVS/lib/64:/opt/MVS/lib/32:/opt/MVS/lib/64:/opt/MVS/lib/32:/home/new-sentry/Desktop/boom_ws/install/hik_camera_ros2_driver/lib:/opt/MVS/lib/64:/opt/MVS/lib/32:/opt/ros/humble/opt/rviz_ogre_vendor/lib:/opt/ros/humble/lib/x86_64-linux-gnu:/opt/ros/humble/lib:/opt/MVS/lib/64:/opt/MVS/lib/32:/opt/MVS/lib/64:/opt/MVS/lib/32:/opt/MVS/lib/64:/opt/MVS/lib/32 /usr/local/bin/cmake --build /home/new-sentry/Desktop/boom_ws/build/resolve -- -j16 -l16
[0.890s] DEBUG:colcon.colcon_core.event_handler.log_command:Invoking command in '/home/new-sentry/Desktop/boom_ws/build/serial': CMAKE_PREFIX_PATH=/home/new-sentry/Desktop/boom_ws/install/vision_interfaces:/home/new-sentry/Desktop/boom_ws/install/serial:/home/new-sentry/Desktop/boom_ws/install/resolve:/home/new-sentry/Desktop/boom_ws/install/hik_camera_ros2_driver:/home/new-sentry/Desktop/boom_ws/install/display:/opt/ros/humble LD_LIBRARY_PATH=/home/new-sentry/Desktop/boom_ws/install/vision_interfaces/lib:/opt/MVS/lib/64:/opt/MVS/lib/32:/opt/MVS/lib/64:/opt/MVS/lib/32:/home/new-sentry/Desktop/boom_ws/install/hik_camera_ros2_driver/lib:/opt/MVS/lib/64:/opt/MVS/lib/32:/opt/ros/humble/opt/rviz_ogre_vendor/lib:/opt/ros/humble/lib/x86_64-linux-gnu:/opt/ros/humble/lib:/opt/MVS/lib/64:/opt/MVS/lib/32:/opt/MVS/lib/64:/opt/MVS/lib/32:/opt/MVS/lib/64:/opt/MVS/lib/32 /usr/local/bin/cmake --build /home/new-sentry/Desktop/boom_ws/build/serial -- -j16 -l16
[0.973s] DEBUG:colcon.colcon_core.event_handler.log_command:Invoked command in '/home/new-sentry/Desktop/boom_ws/build/serial' returned '0': CMAKE_PREFIX_PATH=/home/new-sentry/Desktop/boom_ws/install/vision_interfaces:/home/new-sentry/Desktop/boom_ws/install/serial:/home/new-sentry/Desktop/boom_ws/install/resolve:/home/new-sentry/Desktop/boom_ws/install/hik_camera_ros2_driver:/home/new-sentry/Desktop/boom_ws/install/display:/opt/ros/humble LD_LIBRARY_PATH=/home/new-sentry/Desktop/boom_ws/install/vision_interfaces/lib:/opt/MVS/lib/64:/opt/MVS/lib/32:/opt/MVS/lib/64:/opt/MVS/lib/32:/home/new-sentry/Desktop/boom_ws/install/hik_camera_ros2_driver/lib:/opt/MVS/lib/64:/opt/MVS/lib/32:/opt/ros/humble/opt/rviz_ogre_vendor/lib:/opt/ros/humble/lib/x86_64-linux-gnu:/opt/ros/humble/lib:/opt/MVS/lib/64:/opt/MVS/lib/32:/opt/MVS/lib/64:/opt/MVS/lib/32:/opt/MVS/lib/64:/opt/MVS/lib/32 /usr/local/bin/cmake --build /home/new-sentry/Desktop/boom_ws/build/serial -- -j16 -l16
[0.978s] DEBUG:colcon.colcon_core.event_handler.log_command:Invoking command in '/home/new-sentry/Desktop/boom_ws/build/serial': CMAKE_PREFIX_PATH=/home/new-sentry/Desktop/boom_ws/install/vision_interfaces:/home/new-sentry/Desktop/boom_ws/install/serial:/home/new-sentry/Desktop/boom_ws/install/resolve:/home/new-sentry/Desktop/boom_ws/install/hik_camera_ros2_driver:/home/new-sentry/Desktop/boom_ws/install/display:/opt/ros/humble LD_LIBRARY_PATH=/home/new-sentry/Desktop/boom_ws/install/vision_interfaces/lib:/opt/MVS/lib/64:/opt/MVS/lib/32:/opt/MVS/lib/64:/opt/MVS/lib/32:/home/new-sentry/Desktop/boom_ws/install/hik_camera_ros2_driver/lib:/opt/MVS/lib/64:/opt/MVS/lib/32:/opt/ros/humble/opt/rviz_ogre_vendor/lib:/opt/ros/humble/lib/x86_64-linux-gnu:/opt/ros/humble/lib:/opt/MVS/lib/64:/opt/MVS/lib/32:/opt/MVS/lib/64:/opt/MVS/lib/32:/opt/MVS/lib/64:/opt/MVS/lib/32 /usr/local/bin/cmake --install /home/new-sentry/Desktop/boom_ws/build/serial
[0.993s] Level 1:colcon.colcon_core.environment:create_environment_scripts_only(serial)
[0.995s] Level 1:colcon.colcon_core.environment:checking '/home/new-sentry/Desktop/boom_ws/install/serial' for CMake module files
[0.996s] DEBUG:colcon.colcon_core.event_handler.log_command:Invoked command in '/home/new-sentry/Desktop/boom_ws/build/serial' returned '0': CMAKE_PREFIX_PATH=/home/new-sentry/Desktop/boom_ws/install/vision_interfaces:/home/new-sentry/Desktop/boom_ws/install/serial:/home/new-sentry/Desktop/boom_ws/install/resolve:/home/new-sentry/Desktop/boom_ws/install/hik_camera_ros2_driver:/home/new-sentry/Desktop/boom_ws/install/display:/opt/ros/humble LD_LIBRARY_PATH=/home/new-sentry/Desktop/boom_ws/install/vision_interfaces/lib:/opt/MVS/lib/64:/opt/MVS/lib/32:/opt/MVS/lib/64:/opt/MVS/lib/32:/home/new-sentry/Desktop/boom_ws/install/hik_camera_ros2_driver/lib:/opt/MVS/lib/64:/opt/MVS/lib/32:/opt/ros/humble/opt/rviz_ogre_vendor/lib:/opt/ros/humble/lib/x86_64-linux-gnu:/opt/ros/humble/lib:/opt/MVS/lib/64:/opt/MVS/lib/32:/opt/MVS/lib/64:/opt/MVS/lib/32:/opt/MVS/lib/64:/opt/MVS/lib/32 /usr/local/bin/cmake --install /home/new-sentry/Desktop/boom_ws/build/serial
[0.997s] Level 1:colcon.colcon_core.environment:checking '/home/new-sentry/Desktop/boom_ws/install/serial' for CMake config files
[0.997s] Level 1:colcon.colcon_core.shell:create_environment_hook('serial', 'cmake_prefix_path')
[0.998s] INFO:colcon.colcon_core.shell:Creating environment hook '/home/new-sentry/Desktop/boom_ws/install/serial/share/serial/hook/cmake_prefix_path.ps1'
[0.999s] INFO:colcon.colcon_core.shell:Creating environment descriptor '/home/new-sentry/Desktop/boom_ws/install/serial/share/serial/hook/cmake_prefix_path.dsv'
[0.999s] INFO:colcon.colcon_core.shell:Creating environment hook '/home/new-sentry/Desktop/boom_ws/install/serial/share/serial/hook/cmake_prefix_path.sh'
[1.000s] Level 1:colcon.colcon_core.environment:checking '/home/new-sentry/Desktop/boom_ws/install/serial/lib'
[1.000s] Level 1:colcon.colcon_core.environment:checking '/home/new-sentry/Desktop/boom_ws/install/serial/bin'
[1.000s] Level 1:colcon.colcon_core.environment:checking '/home/new-sentry/Desktop/boom_ws/install/serial/lib/pkgconfig/serial.pc'
[1.001s] Level 1:colcon.colcon_core.environment:checking '/home/new-sentry/Desktop/boom_ws/install/serial/lib/python3.10/site-packages'
[1.001s] Level 1:colcon.colcon_core.environment:checking '/home/new-sentry/Desktop/boom_ws/install/serial/bin'
[1.001s] INFO:colcon.colcon_core.shell:Creating package script '/home/new-sentry/Desktop/boom_ws/install/serial/share/serial/package.ps1'
[1.002s] INFO:colcon.colcon_core.shell:Creating package descriptor '/home/new-sentry/Desktop/boom_ws/install/serial/share/serial/package.dsv'
[1.002s] INFO:colcon.colcon_core.shell:Creating package script '/home/new-sentry/Desktop/boom_ws/install/serial/share/serial/package.sh'
[1.003s] INFO:colcon.colcon_core.shell:Creating package script '/home/new-sentry/Desktop/boom_ws/install/serial/share/serial/package.bash'
[1.003s] INFO:colcon.colcon_core.shell:Creating package script '/home/new-sentry/Desktop/boom_ws/install/serial/share/serial/package.zsh'
[1.003s] Level 1:colcon.colcon_core.environment:create_file_with_runtime_dependencies(/home/new-sentry/Desktop/boom_ws/install/serial/share/colcon-core/packages/serial)
[1.003s] Level 1:colcon.colcon_core.environment:create_environment_scripts_only(serial)
[1.004s] Level 1:colcon.colcon_core.environment:checking '/home/new-sentry/Desktop/boom_ws/install/serial' for CMake module files
[1.004s] Level 1:colcon.colcon_core.environment:checking '/home/new-sentry/Desktop/boom_ws/install/serial' for CMake config files
[1.004s] Level 1:colcon.colcon_core.shell:create_environment_hook('serial', 'cmake_prefix_path')
[1.004s] INFO:colcon.colcon_core.shell:Creating environment hook '/home/new-sentry/Desktop/boom_ws/install/serial/share/serial/hook/cmake_prefix_path.ps1'
[1.005s] INFO:colcon.colcon_core.shell:Creating environment descriptor '/home/new-sentry/Desktop/boom_ws/install/serial/share/serial/hook/cmake_prefix_path.dsv'
[1.005s] INFO:colcon.colcon_core.shell:Creating environment hook '/home/new-sentry/Desktop/boom_ws/install/serial/share/serial/hook/cmake_prefix_path.sh'
[1.005s] Level 1:colcon.colcon_core.environment:checking '/home/new-sentry/Desktop/boom_ws/install/serial/lib'
[1.006s] Level 1:colcon.colcon_core.environment:checking '/home/new-sentry/Desktop/boom_ws/install/serial/bin'
[1.006s] Level 1:colcon.colcon_core.environment:checking '/home/new-sentry/Desktop/boom_ws/install/serial/lib/pkgconfig/serial.pc'
[1.006s] Level 1:colcon.colcon_core.environment:checking '/home/new-sentry/Desktop/boom_ws/install/serial/lib/python3.10/site-packages'
[1.006s] Level 1:colcon.colcon_core.environment:checking '/home/new-sentry/Desktop/boom_ws/install/serial/bin'
[1.006s] INFO:colcon.colcon_core.shell:Creating package script '/home/new-sentry/Desktop/boom_ws/install/serial/share/serial/package.ps1'
[1.007s] INFO:colcon.colcon_core.shell:Creating package descriptor '/home/new-sentry/Desktop/boom_ws/install/serial/share/serial/package.dsv'
[1.007s] INFO:colcon.colcon_core.shell:Creating package script '/home/new-sentry/Desktop/boom_ws/install/serial/share/serial/package.sh'
[1.007s] INFO:colcon.colcon_core.shell:Creating package script '/home/new-sentry/Desktop/boom_ws/install/serial/share/serial/package.bash'
[1.008s] INFO:colcon.colcon_core.shell:Creating package script '/home/new-sentry/Desktop/boom_ws/install/serial/share/serial/package.zsh'
[1.008s] Level 1:colcon.colcon_core.environment:create_file_with_runtime_dependencies(/home/new-sentry/Desktop/boom_ws/install/serial/share/colcon-core/packages/serial)
[10.543s] DEBUG:colcon.colcon_core.event_handler.log_command:Invoked command in '/home/new-sentry/Desktop/boom_ws/build/resolve' returned '0': CMAKE_PREFIX_PATH=/home/new-sentry/Desktop/boom_ws/install/vision_interfaces:/home/new-sentry/Desktop/boom_ws/install/serial:/home/new-sentry/Desktop/boom_ws/install/resolve:/home/new-sentry/Desktop/boom_ws/install/hik_camera_ros2_driver:/home/new-sentry/Desktop/boom_ws/install/display:/opt/ros/humble LD_LIBRARY_PATH=/home/new-sentry/Desktop/boom_ws/install/vision_interfaces/lib:/opt/MVS/lib/64:/opt/MVS/lib/32:/opt/MVS/lib/64:/opt/MVS/lib/32:/home/new-sentry/Desktop/boom_ws/install/hik_camera_ros2_driver/lib:/opt/MVS/lib/64:/opt/MVS/lib/32:/opt/ros/humble/opt/rviz_ogre_vendor/lib:/opt/ros/humble/lib/x86_64-linux-gnu:/opt/ros/humble/lib:/opt/MVS/lib/64:/opt/MVS/lib/32:/opt/MVS/lib/64:/opt/MVS/lib/32:/opt/MVS/lib/64:/opt/MVS/lib/32 /usr/local/bin/cmake --build /home/new-sentry/Desktop/boom_ws/build/resolve -- -j16 -l16
[10.550s] DEBUG:colcon.colcon_core.event_handler.log_command:Invoking command in '/home/new-sentry/Desktop/boom_ws/build/resolve': CMAKE_PREFIX_PATH=/home/new-sentry/Desktop/boom_ws/install/vision_interfaces:/home/new-sentry/Desktop/boom_ws/install/serial:/home/new-sentry/Desktop/boom_ws/install/resolve:/home/new-sentry/Desktop/boom_ws/install/hik_camera_ros2_driver:/home/new-sentry/Desktop/boom_ws/install/display:/opt/ros/humble LD_LIBRARY_PATH=/home/new-sentry/Desktop/boom_ws/install/vision_interfaces/lib:/opt/MVS/lib/64:/opt/MVS/lib/32:/opt/MVS/lib/64:/opt/MVS/lib/32:/home/new-sentry/Desktop/boom_ws/install/hik_camera_ros2_driver/lib:/opt/MVS/lib/64:/opt/MVS/lib/32:/opt/ros/humble/opt/rviz_ogre_vendor/lib:/opt/ros/humble/lib/x86_64-linux-gnu:/opt/ros/humble/lib:/opt/MVS/lib/64:/opt/MVS/lib/32:/opt/MVS/lib/64:/opt/MVS/lib/32:/opt/MVS/lib/64:/opt/MVS/lib/32 /usr/local/bin/cmake --install /home/new-sentry/Desktop/boom_ws/build/resolve
[10.566s] Level 1:colcon.colcon_core.environment:create_environment_scripts_only(resolve)
[10.567s] Level 1:colcon.colcon_core.environment:checking '/home/new-sentry/Desktop/boom_ws/install/resolve' for CMake module files
[10.569s] DEBUG:colcon.colcon_core.event_handler.log_command:Invoked command in '/home/new-sentry/Desktop/boom_ws/build/resolve' returned '0': CMAKE_PREFIX_PATH=/home/new-sentry/Desktop/boom_ws/install/vision_interfaces:/home/new-sentry/Desktop/boom_ws/install/serial:/home/new-sentry/Desktop/boom_ws/install/resolve:/home/new-sentry/Desktop/boom_ws/install/hik_camera_ros2_driver:/home/new-sentry/Desktop/boom_ws/install/display:/opt/ros/humble LD_LIBRARY_PATH=/home/new-sentry/Desktop/boom_ws/install/vision_interfaces/lib:/opt/MVS/lib/64:/opt/MVS/lib/32:/opt/MVS/lib/64:/opt/MVS/lib/32:/home/new-sentry/Desktop/boom_ws/install/hik_camera_ros2_driver/lib:/opt/MVS/lib/64:/opt/MVS/lib/32:/opt/ros/humble/opt/rviz_ogre_vendor/lib:/opt/ros/humble/lib/x86_64-linux-gnu:/opt/ros/humble/lib:/opt/MVS/lib/64:/opt/MVS/lib/32:/opt/MVS/lib/64:/opt/MVS/lib/32:/opt/MVS/lib/64:/opt/MVS/lib/32 /usr/local/bin/cmake --install /home/new-sentry/Desktop/boom_ws/build/resolve
[10.570s] Level 1:colcon.colcon_core.environment:checking '/home/new-sentry/Desktop/boom_ws/install/resolve' for CMake config files
[10.570s] Level 1:colcon.colcon_core.shell:create_environment_hook('resolve', 'cmake_prefix_path')
[10.570s] INFO:colcon.colcon_core.shell:Creating environment hook '/home/new-sentry/Desktop/boom_ws/install/resolve/share/resolve/hook/cmake_prefix_path.ps1'
[10.571s] INFO:colcon.colcon_core.shell:Creating environment descriptor '/home/new-sentry/Desktop/boom_ws/install/resolve/share/resolve/hook/cmake_prefix_path.dsv'
[10.572s] INFO:colcon.colcon_core.shell:Creating environment hook '/home/new-sentry/Desktop/boom_ws/install/resolve/share/resolve/hook/cmake_prefix_path.sh'
[10.574s] Level 1:colcon.colcon_core.environment:checking '/home/new-sentry/Desktop/boom_ws/install/resolve/lib'
[10.574s] Level 1:colcon.colcon_core.environment:checking '/home/new-sentry/Desktop/boom_ws/install/resolve/bin'
[10.574s] Level 1:colcon.colcon_core.environment:checking '/home/new-sentry/Desktop/boom_ws/install/resolve/lib/pkgconfig/resolve.pc'
[10.574s] Level 1:colcon.colcon_core.environment:checking '/home/new-sentry/Desktop/boom_ws/install/resolve/lib/python3.10/site-packages'
[10.575s] Level 1:colcon.colcon_core.environment:checking '/home/new-sentry/Desktop/boom_ws/install/resolve/bin'
[10.575s] INFO:colcon.colcon_core.shell:Creating package script '/home/new-sentry/Desktop/boom_ws/install/resolve/share/resolve/package.ps1'
[10.576s] INFO:colcon.colcon_core.shell:Creating package descriptor '/home/new-sentry/Desktop/boom_ws/install/resolve/share/resolve/package.dsv'
[10.577s] INFO:colcon.colcon_core.shell:Creating package script '/home/new-sentry/Desktop/boom_ws/install/resolve/share/resolve/package.sh'
[10.577s] INFO:colcon.colcon_core.shell:Creating package script '/home/new-sentry/Desktop/boom_ws/install/resolve/share/resolve/package.bash'
[10.578s] INFO:colcon.colcon_core.shell:Creating package script '/home/new-sentry/Desktop/boom_ws/install/resolve/share/resolve/package.zsh'
[10.578s] Level 1:colcon.colcon_core.environment:create_file_with_runtime_dependencies(/home/new-sentry/Desktop/boom_ws/install/resolve/share/colcon-core/packages/resolve)
[10.579s] Level 1:colcon.colcon_core.environment:create_environment_scripts_only(resolve)
[10.579s] Level 1:colcon.colcon_core.environment:checking '/home/new-sentry/Desktop/boom_ws/install/resolve' for CMake module files
[10.579s] Level 1:colcon.colcon_core.environment:checking '/home/new-sentry/Desktop/boom_ws/install/resolve' for CMake config files
[10.579s] Level 1:colcon.colcon_core.shell:create_environment_hook('resolve', 'cmake_prefix_path')
[10.579s] INFO:colcon.colcon_core.shell:Creating environment hook '/home/new-sentry/Desktop/boom_ws/install/resolve/share/resolve/hook/cmake_prefix_path.ps1'
[10.580s] INFO:colcon.colcon_core.shell:Creating environment descriptor '/home/new-sentry/Desktop/boom_ws/install/resolve/share/resolve/hook/cmake_prefix_path.dsv'
[10.580s] INFO:colcon.colcon_core.shell:Creating environment hook '/home/new-sentry/Desktop/boom_ws/install/resolve/share/resolve/hook/cmake_prefix_path.sh'
[10.581s] Level 1:colcon.colcon_core.environment:checking '/home/new-sentry/Desktop/boom_ws/install/resolve/lib'
[10.581s] Level 1:colcon.colcon_core.environment:checking '/home/new-sentry/Desktop/boom_ws/install/resolve/bin'
[10.581s] Level 1:colcon.colcon_core.environment:checking '/home/new-sentry/Desktop/boom_ws/install/resolve/lib/pkgconfig/resolve.pc'
[10.581s] Level 1:colcon.colcon_core.environment:checking '/home/new-sentry/Desktop/boom_ws/install/resolve/lib/python3.10/site-packages'
[10.581s] Level 1:colcon.colcon_core.environment:checking '/home/new-sentry/Desktop/boom_ws/install/resolve/bin'
[10.581s] INFO:colcon.colcon_core.shell:Creating package script '/home/new-sentry/Desktop/boom_ws/install/resolve/share/resolve/package.ps1'
[10.582s] INFO:colcon.colcon_core.shell:Creating package descriptor '/home/new-sentry/Desktop/boom_ws/install/resolve/share/resolve/package.dsv'
[10.582s] INFO:colcon.colcon_core.shell:Creating package script '/home/new-sentry/Desktop/boom_ws/install/resolve/share/resolve/package.sh'
[10.582s] INFO:colcon.colcon_core.shell:Creating package script '/home/new-sentry/Desktop/boom_ws/install/resolve/share/resolve/package.bash'
[10.583s] INFO:colcon.colcon_core.shell:Creating package script '/home/new-sentry/Desktop/boom_ws/install/resolve/share/resolve/package.zsh'
[10.583s] Level 1:colcon.colcon_core.environment:create_file_with_runtime_dependencies(/home/new-sentry/Desktop/boom_ws/install/resolve/share/colcon-core/packages/resolve)
[10.583s] DEBUG:colcon.colcon_parallel_executor.executor.parallel:closing loop
[10.584s] DEBUG:colcon.colcon_parallel_executor.executor.parallel:loop closed
[10.584s] DEBUG:colcon.colcon_parallel_executor.executor.parallel:run_until_complete finished with '0'
[10.584s] DEBUG:colcon.colcon_core.event_reactor:joining thread
[10.596s] INFO:colcon.colcon_core.plugin_system:Skipping extension 'colcon_notification.desktop_notification.terminal_notifier': Not used on non-Darwin systems
[10.597s] INFO:colcon.colcon_core.plugin_system:Skipping extension 'colcon_notification.desktop_notification.win32': Not used on non-Windows systems
[10.597s] INFO:colcon.colcon_notification.desktop_notification:Sending desktop notification using 'notify2'
[10.618s] DEBUG:colcon.colcon_core.event_reactor:joined thread
[10.618s] INFO:colcon.colcon_core.shell:Creating prefix script '/home/new-sentry/Desktop/boom_ws/install/local_setup.ps1'
[10.621s] INFO:colcon.colcon_core.shell:Creating prefix util module '/home/new-sentry/Desktop/boom_ws/install/_local_setup_util_ps1.py'
[10.622s] INFO:colcon.colcon_core.shell:Creating prefix chain script '/home/new-sentry/Desktop/boom_ws/install/setup.ps1'
[10.623s] INFO:colcon.colcon_core.shell:Creating prefix script '/home/new-sentry/Desktop/boom_ws/install/local_setup.sh'
[10.624s] INFO:colcon.colcon_core.shell:Creating prefix util module '/home/new-sentry/Desktop/boom_ws/install/_local_setup_util_sh.py'
[10.624s] INFO:colcon.colcon_core.shell:Creating prefix chain script '/home/new-sentry/Desktop/boom_ws/install/setup.sh'
[10.625s] INFO:colcon.colcon_core.shell:Creating prefix script '/home/new-sentry/Desktop/boom_ws/install/local_setup.bash'
[10.626s] INFO:colcon.colcon_core.shell:Creating prefix chain script '/home/new-sentry/Desktop/boom_ws/install/setup.bash'
[10.627s] INFO:colcon.colcon_core.shell:Creating prefix script '/home/new-sentry/Desktop/boom_ws/install/local_setup.zsh'
[10.628s] INFO:colcon.colcon_core.shell:Creating prefix chain script '/home/new-sentry/Desktop/boom_ws/install/setup.zsh'
