[0.034s] Invoking command in '/home/qiqi/Desktop/boom_ws/build/vision_interfaces': CMAKE_PREFIX_PATH=${CMAKE_PREFIX_PATH}:/opt/ros/humble /usr/bin/cmake --build /home/qiqi/Desktop/boom_ws/build/vision_interfaces -- -j8 -l8
[0.265s] [  2%] Built target vision_interfaces__cpp
[0.297s] [ 12%] Built target vision_interfaces__rosidl_generator_c
[0.330s] [ 12%] Built target ament_cmake_python_copy_vision_interfaces
[0.444s] [ 23%] Built target vision_interfaces__rosidl_typesupport_fastrtps_cpp
[0.462s] [ 33%] Built target vision_interfaces__rosidl_typesupport_cpp
[0.504s] [ 43%] Built target vision_interfaces__rosidl_typesupport_introspection_cpp
[0.509s] [ 53%] Built target vision_interfaces__rosidl_typesupport_fastrtps_c
[0.589s] [ 64%] Built target vision_interfaces__rosidl_typesupport_c
[0.589s] [ 74%] Built target vision_interfaces__rosidl_typesupport_introspection_c
[0.677s] [ 74%] Built target vision_interfaces
[0.784s] [ 76%] Built target vision_interfaces__py
[0.902s] [ 84%] Built target vision_interfaces__rosidl_generator_py
[1.016s] [ 89%] Built target vision_interfaces__rosidl_typesupport_fastrtps_c__pyext
[1.016s] [ 94%] Built target vision_interfaces__rosidl_typesupport_introspection_c__pyext
[1.023s] [100%] Built target vision_interfaces__rosidl_typesupport_c__pyext
[1.399s] running egg_info
[1.401s] writing vision_interfaces.egg-info/PKG-INFO
[1.402s] writing dependency_links to vision_interfaces.egg-info/dependency_links.txt
[1.403s] writing top-level names to vision_interfaces.egg-info/top_level.txt
[1.410s] reading manifest file 'vision_interfaces.egg-info/SOURCES.txt'
[1.413s] writing manifest file 'vision_interfaces.egg-info/SOURCES.txt'
[1.484s] [100%] Built target ament_cmake_python_build_vision_interfaces_egg
[1.512s] Invoked command in '/home/qiqi/Desktop/boom_ws/build/vision_interfaces' returned '0': CMAKE_PREFIX_PATH=${CMAKE_PREFIX_PATH}:/opt/ros/humble /usr/bin/cmake --build /home/qiqi/Desktop/boom_ws/build/vision_interfaces -- -j8 -l8
[1.520s] Invoking command in '/home/qiqi/Desktop/boom_ws/build/vision_interfaces': CMAKE_PREFIX_PATH=${CMAKE_PREFIX_PATH}:/opt/ros/humble /usr/bin/cmake --install /home/qiqi/Desktop/boom_ws/build/vision_interfaces
[1.544s] -- Install configuration: ""
[1.545s] -- Up-to-date: /home/qiqi/Desktop/boom_ws/install/vision_interfaces/share/ament_index/resource_index/rosidl_interfaces/vision_interfaces
[1.545s] -- Up-to-date: /home/qiqi/Desktop/boom_ws/install/vision_interfaces/include/vision_interfaces/vision_interfaces
[1.546s] -- Up-to-date: /home/qiqi/Desktop/boom_ws/install/vision_interfaces/include/vision_interfaces/vision_interfaces/msg
[1.546s] -- Up-to-date: /home/qiqi/Desktop/boom_ws/install/vision_interfaces/include/vision_interfaces/vision_interfaces/msg/detail
[1.547s] -- Up-to-date: /home/qiqi/Desktop/boom_ws/install/vision_interfaces/include/vision_interfaces/vision_interfaces/msg/detail/uartf__struct.h
[1.547s] -- Up-to-date: /home/qiqi/Desktop/boom_ws/install/vision_interfaces/include/vision_interfaces/vision_interfaces/msg/detail/uartf__functions.c
[1.547s] -- Up-to-date: /home/qiqi/Desktop/boom_ws/install/vision_interfaces/include/vision_interfaces/vision_interfaces/msg/detail/uartf__type_support.h
[1.548s] -- Up-to-date: /home/qiqi/Desktop/boom_ws/install/vision_interfaces/include/vision_interfaces/vision_interfaces/msg/detail/uart__type_support.h
[1.548s] -- Up-to-date: /home/qiqi/Desktop/boom_ws/install/vision_interfaces/include/vision_interfaces/vision_interfaces/msg/detail/uart__struct.h
[1.548s] -- Up-to-date: /home/qiqi/Desktop/boom_ws/install/vision_interfaces/include/vision_interfaces/vision_interfaces/msg/detail/uart__functions.h
[1.548s] -- Up-to-date: /home/qiqi/Desktop/boom_ws/install/vision_interfaces/include/vision_interfaces/vision_interfaces/msg/detail/uartf__functions.h
[1.549s] -- Up-to-date: /home/qiqi/Desktop/boom_ws/install/vision_interfaces/include/vision_interfaces/vision_interfaces/msg/detail/uart__functions.c
[1.549s] -- Up-to-date: /home/qiqi/Desktop/boom_ws/install/vision_interfaces/include/vision_interfaces/vision_interfaces/msg/uartf.h
[1.549s] -- Up-to-date: /home/qiqi/Desktop/boom_ws/install/vision_interfaces/include/vision_interfaces/vision_interfaces/msg/uart.h
[1.549s] -- Up-to-date: /home/qiqi/Desktop/boom_ws/install/vision_interfaces/include/vision_interfaces/vision_interfaces/msg/rosidl_generator_c__visibility_control.h
[1.549s] -- Up-to-date: /home/qiqi/Desktop/boom_ws/install/vision_interfaces/share/vision_interfaces/environment/library_path.sh
[1.550s] -- Up-to-date: /home/qiqi/Desktop/boom_ws/install/vision_interfaces/share/vision_interfaces/environment/library_path.dsv
[1.550s] -- Up-to-date: /home/qiqi/Desktop/boom_ws/install/vision_interfaces/lib/libvision_interfaces__rosidl_generator_c.so
[1.550s] -- Up-to-date: /home/qiqi/Desktop/boom_ws/install/vision_interfaces/include/vision_interfaces/vision_interfaces
[1.550s] -- Up-to-date: /home/qiqi/Desktop/boom_ws/install/vision_interfaces/include/vision_interfaces/vision_interfaces/msg
[1.550s] -- Up-to-date: /home/qiqi/Desktop/boom_ws/install/vision_interfaces/include/vision_interfaces/vision_interfaces/msg/detail
[1.551s] -- Up-to-date: /home/qiqi/Desktop/boom_ws/install/vision_interfaces/include/vision_interfaces/vision_interfaces/msg/detail/uartf__rosidl_typesupport_fastrtps_c.h
[1.551s] -- Up-to-date: /home/qiqi/Desktop/boom_ws/install/vision_interfaces/include/vision_interfaces/vision_interfaces/msg/detail/uart__rosidl_typesupport_fastrtps_c.h
[1.551s] -- Up-to-date: /home/qiqi/Desktop/boom_ws/install/vision_interfaces/include/vision_interfaces/vision_interfaces/msg/rosidl_typesupport_fastrtps_c__visibility_control.h
[1.551s] -- Up-to-date: /home/qiqi/Desktop/boom_ws/install/vision_interfaces/lib/libvision_interfaces__rosidl_typesupport_fastrtps_c.so
[1.553s] -- Up-to-date: /home/qiqi/Desktop/boom_ws/install/vision_interfaces/include/vision_interfaces/vision_interfaces
[1.553s] -- Up-to-date: /home/qiqi/Desktop/boom_ws/install/vision_interfaces/include/vision_interfaces/vision_interfaces/msg
[1.553s] -- Up-to-date: /home/qiqi/Desktop/boom_ws/install/vision_interfaces/include/vision_interfaces/vision_interfaces/msg/detail
[1.553s] -- Up-to-date: /home/qiqi/Desktop/boom_ws/install/vision_interfaces/include/vision_interfaces/vision_interfaces/msg/detail/uartf__builder.hpp
[1.554s] -- Up-to-date: /home/qiqi/Desktop/boom_ws/install/vision_interfaces/include/vision_interfaces/vision_interfaces/msg/detail/uart__struct.hpp
[1.554s] -- Up-to-date: /home/qiqi/Desktop/boom_ws/install/vision_interfaces/include/vision_interfaces/vision_interfaces/msg/detail/uart__type_support.hpp
[1.554s] -- Up-to-date: /home/qiqi/Desktop/boom_ws/install/vision_interfaces/include/vision_interfaces/vision_interfaces/msg/detail/uart__traits.hpp
[1.555s] -- Up-to-date: /home/qiqi/Desktop/boom_ws/install/vision_interfaces/include/vision_interfaces/vision_interfaces/msg/detail/uartf__traits.hpp
[1.555s] -- Up-to-date: /home/qiqi/Desktop/boom_ws/install/vision_interfaces/include/vision_interfaces/vision_interfaces/msg/detail/uart__builder.hpp
[1.555s] -- Up-to-date: /home/qiqi/Desktop/boom_ws/install/vision_interfaces/include/vision_interfaces/vision_interfaces/msg/detail/uartf__type_support.hpp
[1.555s] -- Up-to-date: /home/qiqi/Desktop/boom_ws/install/vision_interfaces/include/vision_interfaces/vision_interfaces/msg/detail/uartf__struct.hpp
[1.555s] -- Up-to-date: /home/qiqi/Desktop/boom_ws/install/vision_interfaces/include/vision_interfaces/vision_interfaces/msg/uart.hpp
[1.556s] -- Up-to-date: /home/qiqi/Desktop/boom_ws/install/vision_interfaces/include/vision_interfaces/vision_interfaces/msg/rosidl_generator_cpp__visibility_control.hpp
[1.556s] -- Up-to-date: /home/qiqi/Desktop/boom_ws/install/vision_interfaces/include/vision_interfaces/vision_interfaces/msg/uartf.hpp
[1.556s] -- Up-to-date: /home/qiqi/Desktop/boom_ws/install/vision_interfaces/include/vision_interfaces/vision_interfaces
[1.556s] -- Up-to-date: /home/qiqi/Desktop/boom_ws/install/vision_interfaces/include/vision_interfaces/vision_interfaces/msg
[1.557s] -- Up-to-date: /home/qiqi/Desktop/boom_ws/install/vision_interfaces/include/vision_interfaces/vision_interfaces/msg/detail
[1.557s] -- Up-to-date: /home/qiqi/Desktop/boom_ws/install/vision_interfaces/include/vision_interfaces/vision_interfaces/msg/detail/uartf__rosidl_typesupport_fastrtps_cpp.hpp
[1.557s] -- Up-to-date: /home/qiqi/Desktop/boom_ws/install/vision_interfaces/include/vision_interfaces/vision_interfaces/msg/detail/uart__rosidl_typesupport_fastrtps_cpp.hpp
[1.558s] -- Up-to-date: /home/qiqi/Desktop/boom_ws/install/vision_interfaces/include/vision_interfaces/vision_interfaces/msg/detail/dds_fastrtps
[1.558s] -- Up-to-date: /home/qiqi/Desktop/boom_ws/install/vision_interfaces/include/vision_interfaces/vision_interfaces/msg/rosidl_typesupport_fastrtps_cpp__visibility_control.h
[1.558s] -- Up-to-date: /home/qiqi/Desktop/boom_ws/install/vision_interfaces/lib/libvision_interfaces__rosidl_typesupport_fastrtps_cpp.so
[1.558s] -- Up-to-date: /home/qiqi/Desktop/boom_ws/install/vision_interfaces/include/vision_interfaces/vision_interfaces
[1.559s] -- Up-to-date: /home/qiqi/Desktop/boom_ws/install/vision_interfaces/include/vision_interfaces/vision_interfaces/msg
[1.559s] -- Up-to-date: /home/qiqi/Desktop/boom_ws/install/vision_interfaces/include/vision_interfaces/vision_interfaces/msg/detail
[1.559s] -- Up-to-date: /home/qiqi/Desktop/boom_ws/install/vision_interfaces/include/vision_interfaces/vision_interfaces/msg/detail/uart__rosidl_typesupport_introspection_c.h
[1.559s] -- Up-to-date: /home/qiqi/Desktop/boom_ws/install/vision_interfaces/include/vision_interfaces/vision_interfaces/msg/detail/uartf__type_support.c
[1.559s] -- Up-to-date: /home/qiqi/Desktop/boom_ws/install/vision_interfaces/include/vision_interfaces/vision_interfaces/msg/detail/uartf__rosidl_typesupport_introspection_c.h
[1.560s] -- Up-to-date: /home/qiqi/Desktop/boom_ws/install/vision_interfaces/include/vision_interfaces/vision_interfaces/msg/detail/uart__type_support.c
[1.560s] -- Up-to-date: /home/qiqi/Desktop/boom_ws/install/vision_interfaces/include/vision_interfaces/vision_interfaces/msg/rosidl_typesupport_introspection_c__visibility_control.h
[1.561s] -- Up-to-date: /home/qiqi/Desktop/boom_ws/install/vision_interfaces/lib/libvision_interfaces__rosidl_typesupport_introspection_c.so
[1.561s] -- Up-to-date: /home/qiqi/Desktop/boom_ws/install/vision_interfaces/lib/libvision_interfaces__rosidl_typesupport_c.so
[1.561s] -- Up-to-date: /home/qiqi/Desktop/boom_ws/install/vision_interfaces/include/vision_interfaces/vision_interfaces
[1.562s] -- Up-to-date: /home/qiqi/Desktop/boom_ws/install/vision_interfaces/include/vision_interfaces/vision_interfaces/msg
[1.562s] -- Up-to-date: /home/qiqi/Desktop/boom_ws/install/vision_interfaces/include/vision_interfaces/vision_interfaces/msg/detail
[1.562s] -- Up-to-date: /home/qiqi/Desktop/boom_ws/install/vision_interfaces/include/vision_interfaces/vision_interfaces/msg/detail/uartf__type_support.cpp
[1.563s] -- Up-to-date: /home/qiqi/Desktop/boom_ws/install/vision_interfaces/include/vision_interfaces/vision_interfaces/msg/detail/uart__type_support.cpp
[1.563s] -- Up-to-date: /home/qiqi/Desktop/boom_ws/install/vision_interfaces/include/vision_interfaces/vision_interfaces/msg/detail/uart__rosidl_typesupport_introspection_cpp.hpp
[1.563s] -- Up-to-date: /home/qiqi/Desktop/boom_ws/install/vision_interfaces/include/vision_interfaces/vision_interfaces/msg/detail/uartf__rosidl_typesupport_introspection_cpp.hpp
[1.564s] -- Up-to-date: /home/qiqi/Desktop/boom_ws/install/vision_interfaces/lib/libvision_interfaces__rosidl_typesupport_introspection_cpp.so
[1.564s] -- Up-to-date: /home/qiqi/Desktop/boom_ws/install/vision_interfaces/lib/libvision_interfaces__rosidl_typesupport_cpp.so
[1.564s] -- Up-to-date: /home/qiqi/Desktop/boom_ws/install/vision_interfaces/share/vision_interfaces/environment/pythonpath.sh
[1.565s] -- Up-to-date: /home/qiqi/Desktop/boom_ws/install/vision_interfaces/share/vision_interfaces/environment/pythonpath.dsv
[1.565s] -- Up-to-date: /home/qiqi/Desktop/boom_ws/install/vision_interfaces/local/lib/python3.10/dist-packages/vision_interfaces-0.0.0-py3.10.egg-info
[1.565s] -- Installing: /home/qiqi/Desktop/boom_ws/install/vision_interfaces/local/lib/python3.10/dist-packages/vision_interfaces-0.0.0-py3.10.egg-info/PKG-INFO
[1.565s] -- Installing: /home/qiqi/Desktop/boom_ws/install/vision_interfaces/local/lib/python3.10/dist-packages/vision_interfaces-0.0.0-py3.10.egg-info/top_level.txt
[1.566s] -- Installing: /home/qiqi/Desktop/boom_ws/install/vision_interfaces/local/lib/python3.10/dist-packages/vision_interfaces-0.0.0-py3.10.egg-info/SOURCES.txt
[1.566s] -- Installing: /home/qiqi/Desktop/boom_ws/install/vision_interfaces/local/lib/python3.10/dist-packages/vision_interfaces-0.0.0-py3.10.egg-info/dependency_links.txt
[1.566s] -- Up-to-date: /home/qiqi/Desktop/boom_ws/install/vision_interfaces/local/lib/python3.10/dist-packages/vision_interfaces
[1.566s] -- Up-to-date: /home/qiqi/Desktop/boom_ws/install/vision_interfaces/local/lib/python3.10/dist-packages/vision_interfaces/_vision_interfaces_s.ep.rosidl_typesupport_c.c
[1.567s] -- Up-to-date: /home/qiqi/Desktop/boom_ws/install/vision_interfaces/local/lib/python3.10/dist-packages/vision_interfaces/vision_interfaces_s__rosidl_typesupport_fastrtps_c.cpython-310-x86_64-linux-gnu.so
[1.567s] -- Up-to-date: /home/qiqi/Desktop/boom_ws/install/vision_interfaces/local/lib/python3.10/dist-packages/vision_interfaces/_vision_interfaces_s.ep.rosidl_typesupport_fastrtps_c.c
[1.567s] -- Up-to-date: /home/qiqi/Desktop/boom_ws/install/vision_interfaces/local/lib/python3.10/dist-packages/vision_interfaces/vision_interfaces_s__rosidl_typesupport_c.cpython-310-x86_64-linux-gnu.so
[1.567s] -- Up-to-date: /home/qiqi/Desktop/boom_ws/install/vision_interfaces/local/lib/python3.10/dist-packages/vision_interfaces/_vision_interfaces_s.ep.rosidl_typesupport_introspection_c.c
[1.568s] -- Up-to-date: /home/qiqi/Desktop/boom_ws/install/vision_interfaces/local/lib/python3.10/dist-packages/vision_interfaces/libvision_interfaces__rosidl_generator_py.so
[1.568s] -- Up-to-date: /home/qiqi/Desktop/boom_ws/install/vision_interfaces/local/lib/python3.10/dist-packages/vision_interfaces/msg
[1.568s] -- Up-to-date: /home/qiqi/Desktop/boom_ws/install/vision_interfaces/local/lib/python3.10/dist-packages/vision_interfaces/msg/_uartf_s.c
[1.569s] -- Up-to-date: /home/qiqi/Desktop/boom_ws/install/vision_interfaces/local/lib/python3.10/dist-packages/vision_interfaces/msg/_uart.py
[1.569s] -- Up-to-date: /home/qiqi/Desktop/boom_ws/install/vision_interfaces/local/lib/python3.10/dist-packages/vision_interfaces/msg/_uartf.py
[1.569s] -- Up-to-date: /home/qiqi/Desktop/boom_ws/install/vision_interfaces/local/lib/python3.10/dist-packages/vision_interfaces/msg/_uart_s.c
[1.569s] -- Up-to-date: /home/qiqi/Desktop/boom_ws/install/vision_interfaces/local/lib/python3.10/dist-packages/vision_interfaces/msg/__init__.py
[1.570s] -- Up-to-date: /home/qiqi/Desktop/boom_ws/install/vision_interfaces/local/lib/python3.10/dist-packages/vision_interfaces/__init__.py
[1.570s] -- Up-to-date: /home/qiqi/Desktop/boom_ws/install/vision_interfaces/local/lib/python3.10/dist-packages/vision_interfaces/vision_interfaces_s__rosidl_typesupport_introspection_c.cpython-310-x86_64-linux-gnu.so
[1.681s] Listing '/home/qiqi/Desktop/boom_ws/install/vision_interfaces/local/lib/python3.10/dist-packages/vision_interfaces'...
[1.682s] Listing '/home/qiqi/Desktop/boom_ws/install/vision_interfaces/local/lib/python3.10/dist-packages/vision_interfaces/msg'...
[1.699s] -- Up-to-date: /home/qiqi/Desktop/boom_ws/install/vision_interfaces/local/lib/python3.10/dist-packages/vision_interfaces/vision_interfaces_s__rosidl_typesupport_fastrtps_c.cpython-310-x86_64-linux-gnu.so
[1.699s] -- Up-to-date: /home/qiqi/Desktop/boom_ws/install/vision_interfaces/local/lib/python3.10/dist-packages/vision_interfaces/vision_interfaces_s__rosidl_typesupport_introspection_c.cpython-310-x86_64-linux-gnu.so
[1.701s] -- Up-to-date: /home/qiqi/Desktop/boom_ws/install/vision_interfaces/local/lib/python3.10/dist-packages/vision_interfaces/vision_interfaces_s__rosidl_typesupport_c.cpython-310-x86_64-linux-gnu.so
[1.702s] -- Up-to-date: /home/qiqi/Desktop/boom_ws/install/vision_interfaces/lib/libvision_interfaces__rosidl_generator_py.so
[1.703s] -- Up-to-date: /home/qiqi/Desktop/boom_ws/install/vision_interfaces/share/vision_interfaces/msg/Uart.idl
[1.704s] -- Up-to-date: /home/qiqi/Desktop/boom_ws/install/vision_interfaces/share/vision_interfaces/msg/Uartf.idl
[1.705s] -- Up-to-date: /home/qiqi/Desktop/boom_ws/install/vision_interfaces/share/vision_interfaces/msg/Uart.msg
[1.705s] -- Up-to-date: /home/qiqi/Desktop/boom_ws/install/vision_interfaces/share/vision_interfaces/msg/Uartf.msg
[1.706s] -- Up-to-date: /home/qiqi/Desktop/boom_ws/install/vision_interfaces/share/ament_index/resource_index/package_run_dependencies/vision_interfaces
[1.706s] -- Up-to-date: /home/qiqi/Desktop/boom_ws/install/vision_interfaces/share/ament_index/resource_index/parent_prefix_path/vision_interfaces
[1.706s] -- Up-to-date: /home/qiqi/Desktop/boom_ws/install/vision_interfaces/share/vision_interfaces/environment/ament_prefix_path.sh
[1.707s] -- Up-to-date: /home/qiqi/Desktop/boom_ws/install/vision_interfaces/share/vision_interfaces/environment/ament_prefix_path.dsv
[1.708s] -- Up-to-date: /home/qiqi/Desktop/boom_ws/install/vision_interfaces/share/vision_interfaces/environment/path.sh
[1.709s] -- Up-to-date: /home/qiqi/Desktop/boom_ws/install/vision_interfaces/share/vision_interfaces/environment/path.dsv
[1.709s] -- Up-to-date: /home/qiqi/Desktop/boom_ws/install/vision_interfaces/share/vision_interfaces/local_setup.bash
[1.710s] -- Up-to-date: /home/qiqi/Desktop/boom_ws/install/vision_interfaces/share/vision_interfaces/local_setup.sh
[1.710s] -- Up-to-date: /home/qiqi/Desktop/boom_ws/install/vision_interfaces/share/vision_interfaces/local_setup.zsh
[1.711s] -- Up-to-date: /home/qiqi/Desktop/boom_ws/install/vision_interfaces/share/vision_interfaces/local_setup.dsv
[1.711s] -- Installing: /home/qiqi/Desktop/boom_ws/install/vision_interfaces/share/vision_interfaces/package.dsv
[1.712s] -- Up-to-date: /home/qiqi/Desktop/boom_ws/install/vision_interfaces/share/ament_index/resource_index/packages/vision_interfaces
[1.712s] -- Up-to-date: /home/qiqi/Desktop/boom_ws/install/vision_interfaces/share/vision_interfaces/cmake/export_vision_interfaces__rosidl_generator_cExport.cmake
[1.713s] -- Up-to-date: /home/qiqi/Desktop/boom_ws/install/vision_interfaces/share/vision_interfaces/cmake/export_vision_interfaces__rosidl_generator_cExport-noconfig.cmake
[1.713s] -- Up-to-date: /home/qiqi/Desktop/boom_ws/install/vision_interfaces/share/vision_interfaces/cmake/export_vision_interfaces__rosidl_typesupport_fastrtps_cExport.cmake
[1.714s] -- Up-to-date: /home/qiqi/Desktop/boom_ws/install/vision_interfaces/share/vision_interfaces/cmake/export_vision_interfaces__rosidl_typesupport_fastrtps_cExport-noconfig.cmake
[1.714s] -- Up-to-date: /home/qiqi/Desktop/boom_ws/install/vision_interfaces/share/vision_interfaces/cmake/export_vision_interfaces__rosidl_generator_cppExport.cmake
[1.715s] -- Up-to-date: /home/qiqi/Desktop/boom_ws/install/vision_interfaces/share/vision_interfaces/cmake/export_vision_interfaces__rosidl_typesupport_fastrtps_cppExport.cmake
[1.716s] -- Up-to-date: /home/qiqi/Desktop/boom_ws/install/vision_interfaces/share/vision_interfaces/cmake/export_vision_interfaces__rosidl_typesupport_fastrtps_cppExport-noconfig.cmake
[1.717s] -- Up-to-date: /home/qiqi/Desktop/boom_ws/install/vision_interfaces/share/vision_interfaces/cmake/vision_interfaces__rosidl_typesupport_introspection_cExport.cmake
[1.717s] -- Up-to-date: /home/qiqi/Desktop/boom_ws/install/vision_interfaces/share/vision_interfaces/cmake/vision_interfaces__rosidl_typesupport_introspection_cExport-noconfig.cmake
[1.718s] -- Up-to-date: /home/qiqi/Desktop/boom_ws/install/vision_interfaces/share/vision_interfaces/cmake/vision_interfaces__rosidl_typesupport_cExport.cmake
[1.718s] -- Up-to-date: /home/qiqi/Desktop/boom_ws/install/vision_interfaces/share/vision_interfaces/cmake/vision_interfaces__rosidl_typesupport_cExport-noconfig.cmake
[1.718s] -- Up-to-date: /home/qiqi/Desktop/boom_ws/install/vision_interfaces/share/vision_interfaces/cmake/vision_interfaces__rosidl_typesupport_introspection_cppExport.cmake
[1.719s] -- Up-to-date: /home/qiqi/Desktop/boom_ws/install/vision_interfaces/share/vision_interfaces/cmake/vision_interfaces__rosidl_typesupport_introspection_cppExport-noconfig.cmake
[1.719s] -- Up-to-date: /home/qiqi/Desktop/boom_ws/install/vision_interfaces/share/vision_interfaces/cmake/vision_interfaces__rosidl_typesupport_cppExport.cmake
[1.719s] -- Up-to-date: /home/qiqi/Desktop/boom_ws/install/vision_interfaces/share/vision_interfaces/cmake/vision_interfaces__rosidl_typesupport_cppExport-noconfig.cmake
[1.720s] -- Up-to-date: /home/qiqi/Desktop/boom_ws/install/vision_interfaces/share/vision_interfaces/cmake/export_vision_interfaces__rosidl_generator_pyExport.cmake
[1.720s] -- Up-to-date: /home/qiqi/Desktop/boom_ws/install/vision_interfaces/share/vision_interfaces/cmake/export_vision_interfaces__rosidl_generator_pyExport-noconfig.cmake
[1.720s] -- Up-to-date: /home/qiqi/Desktop/boom_ws/install/vision_interfaces/share/vision_interfaces/cmake/rosidl_cmake-extras.cmake
[1.721s] -- Up-to-date: /home/qiqi/Desktop/boom_ws/install/vision_interfaces/share/vision_interfaces/cmake/ament_cmake_export_dependencies-extras.cmake
[1.721s] -- Up-to-date: /home/qiqi/Desktop/boom_ws/install/vision_interfaces/share/vision_interfaces/cmake/ament_cmake_export_include_directories-extras.cmake
[1.721s] -- Up-to-date: /home/qiqi/Desktop/boom_ws/install/vision_interfaces/share/vision_interfaces/cmake/ament_cmake_export_libraries-extras.cmake
[1.723s] -- Up-to-date: /home/qiqi/Desktop/boom_ws/install/vision_interfaces/share/vision_interfaces/cmake/ament_cmake_export_targets-extras.cmake
[1.724s] -- Up-to-date: /home/qiqi/Desktop/boom_ws/install/vision_interfaces/share/vision_interfaces/cmake/rosidl_cmake_export_typesupport_targets-extras.cmake
[1.732s] -- Up-to-date: /home/qiqi/Desktop/boom_ws/install/vision_interfaces/share/vision_interfaces/cmake/rosidl_cmake_export_typesupport_libraries-extras.cmake
[1.733s] -- Up-to-date: /home/qiqi/Desktop/boom_ws/install/vision_interfaces/share/vision_interfaces/cmake/vision_interfacesConfig.cmake
[1.733s] -- Up-to-date: /home/qiqi/Desktop/boom_ws/install/vision_interfaces/share/vision_interfaces/cmake/vision_interfacesConfig-version.cmake
[1.733s] -- Up-to-date: /home/qiqi/Desktop/boom_ws/install/vision_interfaces/share/vision_interfaces/package.xml
[1.735s] Invoked command in '/home/qiqi/Desktop/boom_ws/build/vision_interfaces' returned '0': CMAKE_PREFIX_PATH=${CMAKE_PREFIX_PATH}:/opt/ros/humble /usr/bin/cmake --install /home/qiqi/Desktop/boom_ws/build/vision_interfaces
