[0.005s] Invoking command in '/home/new-sentry/Desktop/boom_ws/build/serial': AMENT_PREFIX_PATH=/home/new-sentry/Desktop/boom_ws/install/vision_interfaces:${AMENT_PREFIX_PATH} CMAKE_PREFIX_PATH=/home/new-sentry/Desktop/boom_ws/install/vision_interfaces:/opt/ros/humble LD_LIBRARY_PATH=/home/new-sentry/Desktop/boom_ws/install/vision_interfaces/lib:/opt/MVS/lib/64:/opt/MVS/lib/32:/opt/ros/humble/opt/rviz_ogre_vendor/lib:/opt/ros/humble/lib/x86_64-linux-gnu:/opt/ros/humble/lib:/opt/MVS/lib/64:/opt/MVS/lib/32:/opt/MVS/lib/64:/opt/MVS/lib/32 PYTHONPATH=/home/new-sentry/Desktop/boom_ws/install/vision_interfaces/local/lib/python3.10/dist-packages:${PYTHONPATH} /usr/local/bin/cmake /home/new-sentry/Desktop/boom_ws/src/serial -DCMAKE_INSTALL_PREFIX=/home/new-sentry/Desktop/boom_ws/install/serial
[0.053s] -- The C compiler identification is GNU 11.4.0
[0.106s] -- The CXX compiler identification is GNU 11.4.0
[0.121s] -- Detecting C compiler ABI info
[0.172s] -- Detecting C compiler ABI info - done
[0.213s] -- Check for working C compiler: /usr/bin/cc - skipped
[0.213s] -- Detecting C compile features
[0.214s] -- Detecting C compile features - done
[0.230s] -- Detecting CXX compiler ABI info
[0.289s] -- Detecting CXX compiler ABI info - done
[0.332s] -- Check for working CXX compiler: /usr/bin/c++ - skipped
[0.333s] -- Detecting CXX compile features
[0.335s] -- Detecting CXX compile features - done
[0.342s] -- Found ament_cmake: 1.3.11 (/opt/ros/humble/share/ament_cmake/cmake)
[0.441s] -- Found Python3: /usr/bin/python3 (found version "3.10.12") found components: Interpreter
[0.527s] -- Found OpenCV: /usr (found version "4.5.4")
[0.530s] -- Found serial: 1.2.1 (/usr/local/share/serial/cmake)
[0.539s] -- Found rclcpp: 16.0.12 (/opt/ros/humble/share/rclcpp/cmake)
[0.603s] -- Found rosidl_generator_c: 3.1.6 (/opt/ros/humble/share/rosidl_generator_c/cmake)
[0.613s] -- Found rosidl_adapter: 3.1.6 (/opt/ros/humble/share/rosidl_adapter/cmake)
[0.631s] -- Found rosidl_generator_cpp: 3.1.6 (/opt/ros/humble/share/rosidl_generator_cpp/cmake)
[0.661s] -- Using all available rosidl_typesupport_c: rosidl_typesupport_fastrtps_c;rosidl_typesupport_introspection_c
[0.701s] -- Using all available rosidl_typesupport_cpp: rosidl_typesupport_fastrtps_cpp;rosidl_typesupport_introspection_cpp
[0.806s] -- Found rmw_implementation_cmake: 6.1.2 (/opt/ros/humble/share/rmw_implementation_cmake/cmake)
[0.810s] -- Found rmw_fastrtps_cpp: 6.2.7 (/opt/ros/humble/share/rmw_fastrtps_cpp/cmake)
[0.917s] -- Found OpenSSL: /usr/lib/x86_64-linux-gnu/libcrypto.so (found version "3.0.2")
[0.953s] -- Found FastRTPS: /opt/ros/humble/include
[1.007s] -- Using RMW implementation 'rmw_fastrtps_cpp' as default
[1.019s] -- Performing Test CMAKE_HAVE_LIBC_PTHREAD
[1.075s] -- Performing Test CMAKE_HAVE_LIBC_PTHREAD - Success
[1.077s] -- Found Threads: TRUE
[1.219s] -- Found image_transport: 3.1.11 (/opt/ros/humble/share/image_transport/cmake)
[1.348s] -- Found cv_bridge: 3.2.1 (/opt/ros/humble/share/cv_bridge/cmake)
[1.353s] -- Found vision_interfaces: 0.0.0 (/home/new-sentry/Desktop/boom_ws/install/vision_interfaces/share/vision_interfaces/cmake)
[1.392s] -- Found ament_lint_auto: 0.12.12 (/opt/ros/humble/share/ament_lint_auto/cmake)
[1.445s] -- Added test 'cppcheck' to perform static code analysis on C / C++ code
[1.449s] -- Configured cppcheck include dirs: 
[1.449s] -- Configured cppcheck exclude dirs and/or files: 
[1.450s] -- Added test 'lint_cmake' to check CMake code style
[1.451s] -- Added test 'uncrustify' to check C / C++ code style
[1.451s] -- Configured uncrustify additional arguments: 
[1.452s] -- Added test 'xmllint' to check XML markup files
[1.454s] -- Configuring done (1.4s)
[1.483s] -- Generating done (0.0s)
[1.488s] -- Build files have been written to: /home/new-sentry/Desktop/boom_ws/build/serial
[1.501s] Invoked command in '/home/new-sentry/Desktop/boom_ws/build/serial' returned '0': AMENT_PREFIX_PATH=/home/new-sentry/Desktop/boom_ws/install/vision_interfaces:${AMENT_PREFIX_PATH} CMAKE_PREFIX_PATH=/home/new-sentry/Desktop/boom_ws/install/vision_interfaces:/opt/ros/humble LD_LIBRARY_PATH=/home/new-sentry/Desktop/boom_ws/install/vision_interfaces/lib:/opt/MVS/lib/64:/opt/MVS/lib/32:/opt/ros/humble/opt/rviz_ogre_vendor/lib:/opt/ros/humble/lib/x86_64-linux-gnu:/opt/ros/humble/lib:/opt/MVS/lib/64:/opt/MVS/lib/32:/opt/MVS/lib/64:/opt/MVS/lib/32 PYTHONPATH=/home/new-sentry/Desktop/boom_ws/install/vision_interfaces/local/lib/python3.10/dist-packages:${PYTHONPATH} /usr/local/bin/cmake /home/new-sentry/Desktop/boom_ws/src/serial -DCMAKE_INSTALL_PREFIX=/home/new-sentry/Desktop/boom_ws/install/serial
[1.501s] Invoking command in '/home/new-sentry/Desktop/boom_ws/build/serial': AMENT_PREFIX_PATH=/home/new-sentry/Desktop/boom_ws/install/vision_interfaces:${AMENT_PREFIX_PATH} CMAKE_PREFIX_PATH=/home/new-sentry/Desktop/boom_ws/install/vision_interfaces:/opt/ros/humble LD_LIBRARY_PATH=/home/new-sentry/Desktop/boom_ws/install/vision_interfaces/lib:/opt/MVS/lib/64:/opt/MVS/lib/32:/opt/ros/humble/opt/rviz_ogre_vendor/lib:/opt/ros/humble/lib/x86_64-linux-gnu:/opt/ros/humble/lib:/opt/MVS/lib/64:/opt/MVS/lib/32:/opt/MVS/lib/64:/opt/MVS/lib/32 PYTHONPATH=/home/new-sentry/Desktop/boom_ws/install/vision_interfaces/local/lib/python3.10/dist-packages:${PYTHONPATH} /usr/local/bin/cmake --build /home/new-sentry/Desktop/boom_ws/build/serial -- -j16 -l16
[1.525s] [ 50%] [32mBuilding CXX object CMakeFiles/serial.dir/src/serial.cpp.o[0m
[3.255s] [01m[K/home/new-sentry/Desktop/boom_ws/src/serial/src/serial.cpp:[m[K In constructor ‘[01m[KSerialNode::SerialNode(const char*)[m[K’:
[3.255s] [01m[K/home/new-sentry/Desktop/boom_ws/src/serial/src/serial.cpp:36:32:[m[K [01;35m[Kwarning: [m[Kunused parameter ‘[01m[Kname[m[K’ [[01;35m[K]8;;https://gcc.gnu.org/onlinedocs/gcc/Warning-Options.html#index-Wunused-parameter-Wunused-parameter]8;;[m[K]
[3.255s]    36 |         SerialNode([01;35m[Kconst char* name[m[K): Node("serial_port_node") {
[3.255s]       |                    [01;35m[K~~~~~~~~~~~~^~~~[m[K
[3.257s] [01m[K/home/new-sentry/Desktop/boom_ws/src/serial/src/serial.cpp:[m[K In member function ‘[01m[Kvoid SerialNode::callback(vision_interfaces::msg::Uartf_<std::allocator<void> >::SharedPtr)[m[K’:
[3.257s] [01m[K/home/new-sentry/Desktop/boom_ws/src/serial/src/serial.cpp:103:35:[m[K [01;35m[Kwarning: [m[Kcomparison of integer expressions of different signedness: ‘[01m[Kint[m[K’ and ‘[01m[Klong unsigned int[m[K’ [[01;35m[K]8;;https://gcc.gnu.org/onlinedocs/gcc/Warning-Options.html#index-Wsign-compare-Wsign-compare]8;;[m[K]
[3.257s]   103 |                 for (int i = 0; [01;35m[Ki < sizeof(Package) - 1[m[K; i ++) {
[3.257s]       |                                 [01;35m[K~~^~~~~~~~~~~~~~~~~~~~~[m[K
[6.399s] [100%] [32m[1mLinking CXX executable serial[0m
[6.631s] [100%] Built target serial
[6.637s] Invoked command in '/home/new-sentry/Desktop/boom_ws/build/serial' returned '0': AMENT_PREFIX_PATH=/home/new-sentry/Desktop/boom_ws/install/vision_interfaces:${AMENT_PREFIX_PATH} CMAKE_PREFIX_PATH=/home/new-sentry/Desktop/boom_ws/install/vision_interfaces:/opt/ros/humble LD_LIBRARY_PATH=/home/new-sentry/Desktop/boom_ws/install/vision_interfaces/lib:/opt/MVS/lib/64:/opt/MVS/lib/32:/opt/ros/humble/opt/rviz_ogre_vendor/lib:/opt/ros/humble/lib/x86_64-linux-gnu:/opt/ros/humble/lib:/opt/MVS/lib/64:/opt/MVS/lib/32:/opt/MVS/lib/64:/opt/MVS/lib/32 PYTHONPATH=/home/new-sentry/Desktop/boom_ws/install/vision_interfaces/local/lib/python3.10/dist-packages:${PYTHONPATH} /usr/local/bin/cmake --build /home/new-sentry/Desktop/boom_ws/build/serial -- -j16 -l16
[6.638s] Invoking command in '/home/new-sentry/Desktop/boom_ws/build/serial': AMENT_PREFIX_PATH=/home/new-sentry/Desktop/boom_ws/install/vision_interfaces:${AMENT_PREFIX_PATH} CMAKE_PREFIX_PATH=/home/new-sentry/Desktop/boom_ws/install/vision_interfaces:/opt/ros/humble LD_LIBRARY_PATH=/home/new-sentry/Desktop/boom_ws/install/vision_interfaces/lib:/opt/MVS/lib/64:/opt/MVS/lib/32:/opt/ros/humble/opt/rviz_ogre_vendor/lib:/opt/ros/humble/lib/x86_64-linux-gnu:/opt/ros/humble/lib:/opt/MVS/lib/64:/opt/MVS/lib/32:/opt/MVS/lib/64:/opt/MVS/lib/32 PYTHONPATH=/home/new-sentry/Desktop/boom_ws/install/vision_interfaces/local/lib/python3.10/dist-packages:${PYTHONPATH} /usr/local/bin/cmake --install /home/new-sentry/Desktop/boom_ws/build/serial
[6.641s] -- Install configuration: ""
[6.641s] -- Installing: /home/new-sentry/Desktop/boom_ws/install/serial/lib/serial/serial
[6.643s] -- Set non-toolchain portion of runtime path of "/home/new-sentry/Desktop/boom_ws/install/serial/lib/serial/serial" to ""
[6.643s] -- Installing: /home/new-sentry/Desktop/boom_ws/install/serial/share/ament_index/resource_index/package_run_dependencies/serial
[6.643s] -- Installing: /home/new-sentry/Desktop/boom_ws/install/serial/share/ament_index/resource_index/parent_prefix_path/serial
[6.643s] -- Installing: /home/new-sentry/Desktop/boom_ws/install/serial/share/serial/environment/ament_prefix_path.sh
[6.643s] -- Installing: /home/new-sentry/Desktop/boom_ws/install/serial/share/serial/environment/ament_prefix_path.dsv
[6.644s] -- Installing: /home/new-sentry/Desktop/boom_ws/install/serial/share/serial/environment/path.sh
[6.644s] -- Installing: /home/new-sentry/Desktop/boom_ws/install/serial/share/serial/environment/path.dsv
[6.644s] -- Installing: /home/new-sentry/Desktop/boom_ws/install/serial/share/serial/local_setup.bash
[6.644s] -- Installing: /home/new-sentry/Desktop/boom_ws/install/serial/share/serial/local_setup.sh
[6.644s] -- Installing: /home/new-sentry/Desktop/boom_ws/install/serial/share/serial/local_setup.zsh
[6.644s] -- Installing: /home/new-sentry/Desktop/boom_ws/install/serial/share/serial/local_setup.dsv
[6.644s] -- Installing: /home/new-sentry/Desktop/boom_ws/install/serial/share/serial/package.dsv
[6.644s] -- Installing: /home/new-sentry/Desktop/boom_ws/install/serial/share/ament_index/resource_index/packages/serial
[6.644s] -- Installing: /home/new-sentry/Desktop/boom_ws/install/serial/share/serial/cmake/serialConfig.cmake
[6.644s] -- Installing: /home/new-sentry/Desktop/boom_ws/install/serial/share/serial/cmake/serialConfig-version.cmake
[6.644s] -- Installing: /home/new-sentry/Desktop/boom_ws/install/serial/share/serial/package.xml
[6.645s] Invoked command in '/home/new-sentry/Desktop/boom_ws/build/serial' returned '0': AMENT_PREFIX_PATH=/home/new-sentry/Desktop/boom_ws/install/vision_interfaces:${AMENT_PREFIX_PATH} CMAKE_PREFIX_PATH=/home/new-sentry/Desktop/boom_ws/install/vision_interfaces:/opt/ros/humble LD_LIBRARY_PATH=/home/new-sentry/Desktop/boom_ws/install/vision_interfaces/lib:/opt/MVS/lib/64:/opt/MVS/lib/32:/opt/ros/humble/opt/rviz_ogre_vendor/lib:/opt/ros/humble/lib/x86_64-linux-gnu:/opt/ros/humble/lib:/opt/MVS/lib/64:/opt/MVS/lib/32:/opt/MVS/lib/64:/opt/MVS/lib/32 PYTHONPATH=/home/new-sentry/Desktop/boom_ws/install/vision_interfaces/local/lib/python3.10/dist-packages:${PYTHONPATH} /usr/local/bin/cmake --install /home/new-sentry/Desktop/boom_ws/build/serial
