[0.103s] Invoking command in '/home/qiqi/Desktop/boom_ws/build/display': CMAKE_PREFIX_PATH=${CMAKE_PREFIX_PATH}:/opt/ros/humble /usr/bin/cmake --build /home/qiqi/Desktop/boom_ws/build/display -- -j8 -l8
[0.747s] [100%] Built target display
[0.851s] Invoked command in '/home/qiqi/Desktop/boom_ws/build/display' returned '0': CMAKE_PREFIX_PATH=${CMAKE_PREFIX_PATH}:/opt/ros/humble /usr/bin/cmake --build /home/qiqi/Desktop/boom_ws/build/display -- -j8 -l8
[0.938s] Invoking command in '/home/qiqi/Desktop/boom_ws/build/display': CMAKE_PREFIX_PATH=${CMAKE_PREFIX_PATH}:/opt/ros/humble /usr/bin/cmake --install /home/qiqi/Desktop/boom_ws/build/display
[1.003s] -- Install configuration: ""
[1.025s] -- Up-to-date: /home/qiqi/Desktop/boom_ws/install/display/lib/display/display
[1.025s] -- Up-to-date: /home/qiqi/Desktop/boom_ws/install/display/share/ament_index/resource_index/package_run_dependencies/display
[1.026s] -- Up-to-date: /home/qiqi/Desktop/boom_ws/install/display/share/ament_index/resource_index/parent_prefix_path/display
[1.042s] -- Up-to-date: /home/qiqi/Desktop/boom_ws/install/display/share/display/environment/ament_prefix_path.sh
[1.044s] -- Up-to-date: /home/qiqi/Desktop/boom_ws/install/display/share/display/environment/ament_prefix_path.dsv
[1.048s] -- Up-to-date: /home/qiqi/Desktop/boom_ws/install/display/share/display/environment/path.sh
[1.048s] -- Up-to-date: /home/qiqi/Desktop/boom_ws/install/display/share/display/environment/path.dsv
[1.050s] -- Up-to-date: /home/qiqi/Desktop/boom_ws/install/display/share/display/local_setup.bash
[1.051s] -- Up-to-date: /home/qiqi/Desktop/boom_ws/install/display/share/display/local_setup.sh
[1.056s] -- Up-to-date: /home/qiqi/Desktop/boom_ws/install/display/share/display/local_setup.zsh
[1.056s] -- Up-to-date: /home/qiqi/Desktop/boom_ws/install/display/share/display/local_setup.dsv
[1.058s] -- Installing: /home/qiqi/Desktop/boom_ws/install/display/share/display/package.dsv
[1.059s] -- Up-to-date: /home/qiqi/Desktop/boom_ws/install/display/share/ament_index/resource_index/packages/display
[1.060s] -- Up-to-date: /home/qiqi/Desktop/boom_ws/install/display/share/display/cmake/displayConfig.cmake
[1.062s] -- Up-to-date: /home/qiqi/Desktop/boom_ws/install/display/share/display/cmake/displayConfig-version.cmake
[1.062s] -- Up-to-date: /home/qiqi/Desktop/boom_ws/install/display/share/display/package.xml
[1.064s] Invoked command in '/home/qiqi/Desktop/boom_ws/build/display' returned '0': CMAKE_PREFIX_PATH=${CMAKE_PREFIX_PATH}:/opt/ros/humble /usr/bin/cmake --install /home/qiqi/Desktop/boom_ws/build/display
