[0.011s] Invoking command in '/home/xyq/Desktop/boom_ws/build/display': CMAKE_PREFIX_PATH=${CMAKE_PREFIX_PATH}:/opt/ros/humble /usr/bin/cmake --build /home/xyq/Desktop/boom_ws/build/display -- -j20 -l20
[0.066s] [35m[1mConsolidate compiler generated dependencies of target display[0m
[0.106s] [100%] Built target display
[0.122s] Invoked command in '/home/xyq/Desktop/boom_ws/build/display' returned '0': CMAKE_PREFIX_PATH=${CMAKE_PREFIX_PATH}:/opt/ros/humble /usr/bin/cmake --build /home/xyq/Desktop/boom_ws/build/display -- -j20 -l20
[0.130s] Invoking command in '/home/xyq/Desktop/boom_ws/build/display': CMAKE_PREFIX_PATH=${CMAKE_PREFIX_PATH}:/opt/ros/humble /usr/bin/cmake --install /home/xyq/Desktop/boom_ws/build/display
[0.141s] -- Install configuration: ""
[0.142s] -- Up-to-date: /home/xyq/Desktop/boom_ws/install/display/lib/display/display
[0.143s] -- Up-to-date: /home/xyq/Desktop/boom_ws/install/display/share/ament_index/resource_index/package_run_dependencies/display
[0.143s] -- Up-to-date: /home/xyq/Desktop/boom_ws/install/display/share/ament_index/resource_index/parent_prefix_path/display
[0.143s] -- Up-to-date: /home/xyq/Desktop/boom_ws/install/display/share/display/environment/ament_prefix_path.sh
[0.143s] -- Up-to-date: /home/xyq/Desktop/boom_ws/install/display/share/display/environment/ament_prefix_path.dsv
[0.144s] -- Up-to-date: /home/xyq/Desktop/boom_ws/install/display/share/display/environment/path.sh
[0.144s] -- Up-to-date: /home/xyq/Desktop/boom_ws/install/display/share/display/environment/path.dsv
[0.144s] -- Up-to-date: /home/xyq/Desktop/boom_ws/install/display/share/display/local_setup.bash
[0.144s] -- Up-to-date: /home/xyq/Desktop/boom_ws/install/display/share/display/local_setup.sh
[0.144s] -- Up-to-date: /home/xyq/Desktop/boom_ws/install/display/share/display/local_setup.zsh
[0.145s] -- Up-to-date: /home/xyq/Desktop/boom_ws/install/display/share/display/local_setup.dsv
[0.145s] -- Installing: /home/xyq/Desktop/boom_ws/install/display/share/display/package.dsv
[0.145s] -- Up-to-date: /home/xyq/Desktop/boom_ws/install/display/share/ament_index/resource_index/packages/display
[0.145s] -- Up-to-date: /home/xyq/Desktop/boom_ws/install/display/share/display/cmake/displayConfig.cmake
[0.145s] -- Up-to-date: /home/xyq/Desktop/boom_ws/install/display/share/display/cmake/displayConfig-version.cmake
[0.145s] -- Up-to-date: /home/xyq/Desktop/boom_ws/install/display/share/display/package.xml
[0.155s] Invoked command in '/home/xyq/Desktop/boom_ws/build/display' returned '0': CMAKE_PREFIX_PATH=${CMAKE_PREFIX_PATH}:/opt/ros/humble /usr/bin/cmake --install /home/xyq/Desktop/boom_ws/build/display
