[0.012s] Invoking command in '/home/qiqi/桌面/boom_ws/build/vision_interfaces': CMAKE_PREFIX_PATH=/opt/ros/humble /usr/bin/cmake /home/qiqi/桌面/boom_ws/src/vision_interfaces -DCMAKE_INSTALL_PREFIX=/home/qiqi/桌面/boom_ws/install/vision_interfaces
[0.093s] -- The C compiler identification is GNU 11.4.0
[0.159s] -- The CXX compiler identification is GNU 11.4.0
[0.169s] -- Detecting C compiler ABI info
[0.229s] -- Detecting C compiler ABI info - done
[0.237s] -- Check for working C compiler: /usr/bin/cc - skipped
[0.237s] -- Detecting C compile features
[0.237s] -- Detecting C compile features - done
[0.241s] -- Detecting CXX compiler ABI info
[0.326s] -- Detecting CXX compiler ABI info - done
[0.337s] -- Check for working CXX compiler: /usr/bin/c++ - skipped
[0.338s] -- Detecting CXX compile features
[0.338s] -- Detecting CXX compile features - done
[0.342s] -- Found ament_cmake: 1.3.11 (/opt/ros/humble/share/ament_cmake/cmake)
[0.516s] -- Found Python3: /usr/bin/python3 (found version "3.10.12") found components: Interpreter 
[0.620s] -- Found rclcpp: 16.0.12 (/opt/ros/humble/share/rclcpp/cmake)
[0.689s] -- Found rosidl_generator_c: 3.1.6 (/opt/ros/humble/share/rosidl_generator_c/cmake)
[0.693s] -- Found rosidl_adapter: 3.1.6 (/opt/ros/humble/share/rosidl_adapter/cmake)
[0.700s] -- Found rosidl_generator_cpp: 3.1.6 (/opt/ros/humble/share/rosidl_generator_cpp/cmake)
[0.711s] -- Using all available rosidl_typesupport_c: rosidl_typesupport_fastrtps_c;rosidl_typesupport_introspection_c
[0.727s] -- Using all available rosidl_typesupport_cpp: rosidl_typesupport_fastrtps_cpp;rosidl_typesupport_introspection_cpp
[0.775s] -- Found rmw_implementation_cmake: 6.1.2 (/opt/ros/humble/share/rmw_implementation_cmake/cmake)
[0.777s] -- Found rmw_fastrtps_cpp: 6.2.7 (/opt/ros/humble/share/rmw_fastrtps_cpp/cmake)
[0.856s] -- Found OpenSSL: /usr/lib/x86_64-linux-gnu/libcrypto.so (found version "3.0.2")  
[0.879s] -- Found FastRTPS: /opt/ros/humble/include  
[0.928s] -- Using RMW implementation 'rmw_fastrtps_cpp' as default
[0.937s] -- Looking for pthread.h
[1.004s] -- Looking for pthread.h - found
[1.005s] -- Performing Test CMAKE_HAVE_LIBC_PTHREAD
[1.089s] -- Performing Test CMAKE_HAVE_LIBC_PTHREAD - Success
[1.090s] -- Found Threads: TRUE  
[1.152s] -- Found geometry_msgs: 4.8.0 (/opt/ros/humble/share/geometry_msgs/cmake)
[1.172s] -- Found rosidl_default_generators: 1.2.0 (/opt/ros/humble/share/rosidl_default_generators/cmake)
[1.437s] [31mCMake Error at /opt/ros/humble/share/rosidl_cmake/cmake/rosidl_generate_interfaces.cmake:240 (list):
[1.437s]   list index: 1 out of range (-1, 0)
[1.437s] Call Stack (most recent call first):
[1.437s]   CMakeLists.txt:20 (rosidl_generate_interfaces)
[1.437s] 
[1.438s] [0m
[1.438s] [31mCMake Error at /opt/ros/humble/share/rosidl_cmake/cmake/rosidl_generate_interfaces.cmake:240 (list):
[1.438s]   list index: 1 out of range (-1, 0)
[1.438s] Call Stack (most recent call first):
[1.438s]   CMakeLists.txt:20 (rosidl_generate_interfaces)
[1.438s] 
[1.438s] [0m
[1.445s] [31mCMake Error at /opt/ros/humble/share/rosidl_generator_c/cmake/rosidl_generator_c_generate_interfaces.cmake:69 (message):
[1.445s]   Target dependency
[1.445s]   '/boom_ws/build/vision_interfaces/rosidl_adapter/vision_interfaces/msg/Uart.idl'
[1.445s]   does not exist
[1.446s] Call Stack (most recent call first):
[1.446s]   /opt/ros/humble/share/ament_cmake_core/cmake/core/ament_execute_extensions.cmake:48 (include)
[1.446s]   /opt/ros/humble/share/rosidl_cmake/cmake/rosidl_generate_interfaces.cmake:286 (ament_execute_extensions)
[1.446s]   CMakeLists.txt:20 (rosidl_generate_interfaces)
[1.446s] 
[1.446s] [0m
[1.446s] -- Configuring incomplete, errors occurred!
[1.446s] See also "/home/qiqi/桌面/boom_ws/build/vision_interfaces/CMakeFiles/CMakeOutput.log".
[1.460s] Invoked command in '/home/qiqi/桌面/boom_ws/build/vision_interfaces' returned '1': CMAKE_PREFIX_PATH=/opt/ros/humble /usr/bin/cmake /home/qiqi/桌面/boom_ws/src/vision_interfaces -DCMAKE_INSTALL_PREFIX=/home/qiqi/桌面/boom_ws/install/vision_interfaces
