[0.007s] Invoking command in '/home/qiqi/Desktop/boom_ws/build/hik_camera_ros2_driver': CMAKE_PREFIX_PATH=/opt/ros/humble /usr/bin/cmake /home/qiqi/Desktop/boom_ws/src/hik_camera_ros2_driver -DCMAKE_INSTALL_PREFIX=/home/qiqi/Desktop/boom_ws/install/hik_camera_ros2_driver
[0.081s] -- The C compiler identification is GNU 11.4.0
[0.145s] -- The CXX compiler identification is GNU 11.4.0
[0.152s] -- Detecting C compiler ABI info
[0.216s] -- Detecting C compiler ABI info - done
[0.230s] -- Check for working C compiler: /usr/bin/cc - skipped
[0.231s] -- Detecting C compile features
[0.231s] -- Detecting C compile features - done
[0.235s] -- Detecting CXX compiler ABI info
[0.325s] -- Detecting CXX compiler ABI info - done
[0.333s] -- Check for working CXX compiler: /usr/bin/c++ - skipped
[0.333s] -- Detecting CXX compile features
[0.334s] -- Detecting CXX compile features - done
[0.336s] -- Found ament_cmake_auto: 1.3.11 (/opt/ros/humble/share/ament_cmake_auto/cmake)
[0.515s] -- Found Python3: /usr/bin/python3 (found version "3.10.12") found components: Interpreter 
[0.751s] -- Found rosidl_generator_c: 3.1.6 (/opt/ros/humble/share/rosidl_generator_c/cmake)
[0.755s] -- Found rosidl_adapter: 3.1.6 (/opt/ros/humble/share/rosidl_adapter/cmake)
[0.763s] -- Found rosidl_generator_cpp: 3.1.6 (/opt/ros/humble/share/rosidl_generator_cpp/cmake)
[0.774s] -- Using all available rosidl_typesupport_c: rosidl_typesupport_fastrtps_c;rosidl_typesupport_introspection_c
[0.789s] -- Using all available rosidl_typesupport_cpp: rosidl_typesupport_fastrtps_cpp;rosidl_typesupport_introspection_cpp
[0.832s] -- Found rmw_implementation_cmake: 6.1.2 (/opt/ros/humble/share/rmw_implementation_cmake/cmake)
[0.834s] -- Found rmw_fastrtps_cpp: 6.2.7 (/opt/ros/humble/share/rmw_fastrtps_cpp/cmake)
[0.920s] -- Found OpenSSL: /usr/lib/x86_64-linux-gnu/libcrypto.so (found version "3.0.2")  
[0.958s] -- Found FastRTPS: /opt/ros/humble/include  
[0.997s] -- Using RMW implementation 'rmw_fastrtps_cpp' as default
[1.004s] -- Looking for pthread.h
[1.083s] -- Looking for pthread.h - found
[1.083s] -- Performing Test CMAKE_HAVE_LIBC_PTHREAD
[1.170s] -- Performing Test CMAKE_HAVE_LIBC_PTHREAD - Success
[1.171s] -- Found Threads: TRUE  
[1.365s] -- Found ament_lint_auto: 0.12.12 (/opt/ros/humble/share/ament_lint_auto/cmake)
[1.399s] -- Added test 'cppcheck' to perform static code analysis on C / C++ code
[1.399s] -- Configured cppcheck include dirs: /home/qiqi/Desktop/boom_ws/src/hik_camera_ros2_driver/hikSDK/include
[1.399s] -- Configured cppcheck exclude dirs and/or files: 
[1.401s] -- Added test 'lint_cmake' to check CMake code style
[1.402s] -- Added test 'pep257' to check Python code against some of the docstring style conventions in PEP 257
[1.403s] -- Added test 'xmllint' to check XML markup files
[1.405s] -- Configuring done
[1.423s] -- Generating done
[1.433s] -- Build files have been written to: /home/qiqi/Desktop/boom_ws/build/hik_camera_ros2_driver
[1.450s] Invoked command in '/home/qiqi/Desktop/boom_ws/build/hik_camera_ros2_driver' returned '0': CMAKE_PREFIX_PATH=/opt/ros/humble /usr/bin/cmake /home/qiqi/Desktop/boom_ws/src/hik_camera_ros2_driver -DCMAKE_INSTALL_PREFIX=/home/qiqi/Desktop/boom_ws/install/hik_camera_ros2_driver
[1.452s] Invoking command in '/home/qiqi/Desktop/boom_ws/build/hik_camera_ros2_driver': CMAKE_PREFIX_PATH=/opt/ros/humble /usr/bin/cmake --build /home/qiqi/Desktop/boom_ws/build/hik_camera_ros2_driver -- -j8 -l8
[1.507s] [ 25%] [32mBuilding CXX object CMakeFiles/hik_camera_ros2_driver.dir/src/hik_camera_node.cpp.o[0m
[1.510s] [ 50%] [32mBuilding CXX object CMakeFiles/hik_camera_ros2_driver_node.dir/rclcpp_components/node_main_hik_camera_ros2_driver_node.cpp.o[0m
[6.293s] [ 75%] [32m[1mLinking CXX shared library libhik_camera_ros2_driver.so[0m
[6.530s] [ 75%] Built target hik_camera_ros2_driver
[7.217s] [100%] [32m[1mLinking CXX executable hik_camera_ros2_driver_node[0m
[7.417s] [100%] Built target hik_camera_ros2_driver_node
[7.432s] Invoked command in '/home/qiqi/Desktop/boom_ws/build/hik_camera_ros2_driver' returned '0': CMAKE_PREFIX_PATH=/opt/ros/humble /usr/bin/cmake --build /home/qiqi/Desktop/boom_ws/build/hik_camera_ros2_driver -- -j8 -l8
[7.434s] Invoking command in '/home/qiqi/Desktop/boom_ws/build/hik_camera_ros2_driver': CMAKE_PREFIX_PATH=/opt/ros/humble /usr/bin/cmake --install /home/qiqi/Desktop/boom_ws/build/hik_camera_ros2_driver
[7.448s] -- Install configuration: ""
[7.449s] -- Installing: /home/qiqi/Desktop/boom_ws/install/hik_camera_ros2_driver/lib
[7.449s] -- Installing: /home/qiqi/Desktop/boom_ws/install/hik_camera_ros2_driver/lib/libFormatConversion.so
[7.449s] -- Installing: /home/qiqi/Desktop/boom_ws/install/hik_camera_ros2_driver/lib/libMediaProcess.so
[7.454s] -- Installing: /home/qiqi/Desktop/boom_ws/install/hik_camera_ros2_driver/lib/libMVRender.so
[7.455s] -- Installing: /home/qiqi/Desktop/boom_ws/install/hik_camera_ros2_driver/lib/libMvCameraControl.so
[7.466s] -- Installing: /home/qiqi/Desktop/boom_ws/install/hik_camera_ros2_driver/lib/libMvUsb3vTL.so
[7.478s] -- Installing: /home/qiqi/Desktop/boom_ws/install/hik_camera_ros2_driver/lib/hik_camera_ros2_driver/hik_camera_ros2_driver_node
[7.478s] -- Set runtime path of "/home/qiqi/Desktop/boom_ws/install/hik_camera_ros2_driver/lib/hik_camera_ros2_driver/hik_camera_ros2_driver_node" to ""
[7.478s] -- Installing: /home/qiqi/Desktop/boom_ws/install/hik_camera_ros2_driver/share/hik_camera_ros2_driver/environment/library_path.sh
[7.479s] -- Installing: /home/qiqi/Desktop/boom_ws/install/hik_camera_ros2_driver/share/hik_camera_ros2_driver/environment/library_path.dsv
[7.479s] -- Installing: /home/qiqi/Desktop/boom_ws/install/hik_camera_ros2_driver/lib/libhik_camera_ros2_driver.so
[7.480s] -- Set runtime path of "/home/qiqi/Desktop/boom_ws/install/hik_camera_ros2_driver/lib/libhik_camera_ros2_driver.so" to ""
[7.480s] -- Installing: /home/qiqi/Desktop/boom_ws/install/hik_camera_ros2_driver/share/hik_camera_ros2_driver/launch
[7.480s] -- Installing: /home/qiqi/Desktop/boom_ws/install/hik_camera_ros2_driver/share/hik_camera_ros2_driver/launch/hik_camera_launch.py
[7.481s] -- Installing: /home/qiqi/Desktop/boom_ws/install/hik_camera_ros2_driver/share/hik_camera_ros2_driver/config
[7.481s] -- Installing: /home/qiqi/Desktop/boom_ws/install/hik_camera_ros2_driver/share/hik_camera_ros2_driver/config/camera_params.yaml
[7.481s] -- Installing: /home/qiqi/Desktop/boom_ws/install/hik_camera_ros2_driver/share/hik_camera_ros2_driver/config/camera_info.yaml
[7.481s] -- Installing: /home/qiqi/Desktop/boom_ws/install/hik_camera_ros2_driver/share/ament_index/resource_index/package_run_dependencies/hik_camera_ros2_driver
[7.482s] -- Installing: /home/qiqi/Desktop/boom_ws/install/hik_camera_ros2_driver/share/ament_index/resource_index/parent_prefix_path/hik_camera_ros2_driver
[7.482s] -- Installing: /home/qiqi/Desktop/boom_ws/install/hik_camera_ros2_driver/share/hik_camera_ros2_driver/environment/ament_prefix_path.sh
[7.482s] -- Installing: /home/qiqi/Desktop/boom_ws/install/hik_camera_ros2_driver/share/hik_camera_ros2_driver/environment/ament_prefix_path.dsv
[7.482s] -- Installing: /home/qiqi/Desktop/boom_ws/install/hik_camera_ros2_driver/share/hik_camera_ros2_driver/environment/path.sh
[7.482s] -- Installing: /home/qiqi/Desktop/boom_ws/install/hik_camera_ros2_driver/share/hik_camera_ros2_driver/environment/path.dsv
[7.483s] -- Installing: /home/qiqi/Desktop/boom_ws/install/hik_camera_ros2_driver/share/hik_camera_ros2_driver/local_setup.bash
[7.483s] -- Installing: /home/qiqi/Desktop/boom_ws/install/hik_camera_ros2_driver/share/hik_camera_ros2_driver/local_setup.sh
[7.483s] -- Installing: /home/qiqi/Desktop/boom_ws/install/hik_camera_ros2_driver/share/hik_camera_ros2_driver/local_setup.zsh
[7.483s] -- Installing: /home/qiqi/Desktop/boom_ws/install/hik_camera_ros2_driver/share/hik_camera_ros2_driver/local_setup.dsv
[7.483s] -- Installing: /home/qiqi/Desktop/boom_ws/install/hik_camera_ros2_driver/share/hik_camera_ros2_driver/package.dsv
[7.484s] -- Installing: /home/qiqi/Desktop/boom_ws/install/hik_camera_ros2_driver/share/ament_index/resource_index/packages/hik_camera_ros2_driver
[7.484s] -- Installing: /home/qiqi/Desktop/boom_ws/install/hik_camera_ros2_driver/share/ament_index/resource_index/rclcpp_components/hik_camera_ros2_driver
[7.484s] -- Installing: /home/qiqi/Desktop/boom_ws/install/hik_camera_ros2_driver/share/hik_camera_ros2_driver/cmake/ament_cmake_export_dependencies-extras.cmake
[7.484s] -- Installing: /home/qiqi/Desktop/boom_ws/install/hik_camera_ros2_driver/share/hik_camera_ros2_driver/cmake/ament_cmake_export_libraries-extras.cmake
[7.485s] -- Installing: /home/qiqi/Desktop/boom_ws/install/hik_camera_ros2_driver/share/hik_camera_ros2_driver/cmake/hik_camera_ros2_driverConfig.cmake
[7.485s] -- Installing: /home/qiqi/Desktop/boom_ws/install/hik_camera_ros2_driver/share/hik_camera_ros2_driver/cmake/hik_camera_ros2_driverConfig-version.cmake
[7.485s] -- Installing: /home/qiqi/Desktop/boom_ws/install/hik_camera_ros2_driver/share/hik_camera_ros2_driver/package.xml
[7.489s] Invoked command in '/home/qiqi/Desktop/boom_ws/build/hik_camera_ros2_driver' returned '0': CMAKE_PREFIX_PATH=/opt/ros/humble /usr/bin/cmake --install /home/qiqi/Desktop/boom_ws/build/hik_camera_ros2_driver
