[0.009s] Invoking command in '/home/new-sentry/Desktop/boom_ws/build/vision_interfaces': CMAKE_PREFIX_PATH=${CMAKE_PREFIX_PATH}:/opt/ros/humble /usr/local/bin/cmake --build /home/new-sentry/Desktop/boom_ws/build/vision_interfaces -- -j16 -l16
[0.033s] [  2%] Built target vision_interfaces__cpp
[0.034s] [ 12%] Built target vision_interfaces__rosidl_generator_c
[0.038s] [ 12%] Built target ament_cmake_python_copy_vision_interfaces
[0.042s] [ 23%] Built target vision_interfaces__rosidl_typesupport_cpp
[0.044s] [ 33%] Built target vision_interfaces__rosidl_typesupport_introspection_cpp
[0.044s] [ 43%] Built target vision_interfaces__rosidl_typesupport_fastrtps_cpp
[0.047s] [ 53%] Built target vision_interfaces__rosidl_typesupport_introspection_c
[0.047s] [ 64%] Built target vision_interfaces__rosidl_typesupport_c
[0.048s] [ 74%] Built target vision_interfaces__rosidl_typesupport_fastrtps_c
[0.058s] [ 74%] Built target vision_interfaces
[0.067s] [ 76%] Built target vision_interfaces__py
[0.076s] [ 84%] Built target vision_interfaces__rosidl_generator_py
[0.088s] [ 89%] Built target vision_interfaces__rosidl_typesupport_c__pyext
[0.088s] [ 94%] Built target vision_interfaces__rosidl_typesupport_fastrtps_c__pyext
[0.089s] [100%] Built target vision_interfaces__rosidl_typesupport_introspection_c__pyext
[0.169s] running egg_info
[0.170s] writing vision_interfaces.egg-info/PKG-INFO
[0.170s] writing dependency_links to vision_interfaces.egg-info/dependency_links.txt
[0.170s] writing top-level names to vision_interfaces.egg-info/top_level.txt
[0.172s] reading manifest file 'vision_interfaces.egg-info/SOURCES.txt'
[0.172s] writing manifest file 'vision_interfaces.egg-info/SOURCES.txt'
[0.189s] [100%] Built target ament_cmake_python_build_vision_interfaces_egg
[0.194s] Invoked command in '/home/new-sentry/Desktop/boom_ws/build/vision_interfaces' returned '0': CMAKE_PREFIX_PATH=${CMAKE_PREFIX_PATH}:/opt/ros/humble /usr/local/bin/cmake --build /home/new-sentry/Desktop/boom_ws/build/vision_interfaces -- -j16 -l16
[0.195s] Invoking command in '/home/new-sentry/Desktop/boom_ws/build/vision_interfaces': CMAKE_PREFIX_PATH=${CMAKE_PREFIX_PATH}:/opt/ros/humble /usr/local/bin/cmake --install /home/new-sentry/Desktop/boom_ws/build/vision_interfaces
[0.200s] -- Install configuration: ""
[0.201s] -- Up-to-date: /home/new-sentry/Desktop/boom_ws/install/vision_interfaces/share/ament_index/resource_index/rosidl_interfaces/vision_interfaces
[0.201s] -- Up-to-date: /home/new-sentry/Desktop/boom_ws/install/vision_interfaces/include/vision_interfaces/vision_interfaces
[0.201s] -- Up-to-date: /home/new-sentry/Desktop/boom_ws/install/vision_interfaces/include/vision_interfaces/vision_interfaces/msg
[0.201s] -- Up-to-date: /home/new-sentry/Desktop/boom_ws/install/vision_interfaces/include/vision_interfaces/vision_interfaces/msg/detail
[0.201s] -- Up-to-date: /home/new-sentry/Desktop/boom_ws/install/vision_interfaces/include/vision_interfaces/vision_interfaces/msg/detail/uart__functions.h
[0.201s] -- Up-to-date: /home/new-sentry/Desktop/boom_ws/install/vision_interfaces/include/vision_interfaces/vision_interfaces/msg/detail/uart__struct.h
[0.201s] -- Up-to-date: /home/new-sentry/Desktop/boom_ws/install/vision_interfaces/include/vision_interfaces/vision_interfaces/msg/detail/uart__functions.c
[0.201s] -- Up-to-date: /home/new-sentry/Desktop/boom_ws/install/vision_interfaces/include/vision_interfaces/vision_interfaces/msg/detail/uartf__functions.h
[0.201s] -- Up-to-date: /home/new-sentry/Desktop/boom_ws/install/vision_interfaces/include/vision_interfaces/vision_interfaces/msg/detail/uartf__struct.h
[0.201s] -- Up-to-date: /home/new-sentry/Desktop/boom_ws/install/vision_interfaces/include/vision_interfaces/vision_interfaces/msg/detail/uartf__functions.c
[0.201s] -- Up-to-date: /home/new-sentry/Desktop/boom_ws/install/vision_interfaces/include/vision_interfaces/vision_interfaces/msg/detail/uartf__type_support.h
[0.201s] -- Up-to-date: /home/new-sentry/Desktop/boom_ws/install/vision_interfaces/include/vision_interfaces/vision_interfaces/msg/detail/uart__type_support.h
[0.201s] -- Up-to-date: /home/new-sentry/Desktop/boom_ws/install/vision_interfaces/include/vision_interfaces/vision_interfaces/msg/uart.h
[0.201s] -- Up-to-date: /home/new-sentry/Desktop/boom_ws/install/vision_interfaces/include/vision_interfaces/vision_interfaces/msg/uartf.h
[0.202s] -- Up-to-date: /home/new-sentry/Desktop/boom_ws/install/vision_interfaces/include/vision_interfaces/vision_interfaces/msg/rosidl_generator_c__visibility_control.h
[0.202s] -- Up-to-date: /home/new-sentry/Desktop/boom_ws/install/vision_interfaces/share/vision_interfaces/environment/library_path.sh
[0.202s] -- Up-to-date: /home/new-sentry/Desktop/boom_ws/install/vision_interfaces/share/vision_interfaces/environment/library_path.dsv
[0.202s] -- Up-to-date: /home/new-sentry/Desktop/boom_ws/install/vision_interfaces/lib/libvision_interfaces__rosidl_generator_c.so
[0.202s] -- Up-to-date: /home/new-sentry/Desktop/boom_ws/install/vision_interfaces/include/vision_interfaces/vision_interfaces
[0.202s] -- Up-to-date: /home/new-sentry/Desktop/boom_ws/install/vision_interfaces/include/vision_interfaces/vision_interfaces/msg
[0.202s] -- Up-to-date: /home/new-sentry/Desktop/boom_ws/install/vision_interfaces/include/vision_interfaces/vision_interfaces/msg/detail
[0.202s] -- Up-to-date: /home/new-sentry/Desktop/boom_ws/install/vision_interfaces/include/vision_interfaces/vision_interfaces/msg/detail/uart__rosidl_typesupport_fastrtps_c.h
[0.202s] -- Up-to-date: /home/new-sentry/Desktop/boom_ws/install/vision_interfaces/include/vision_interfaces/vision_interfaces/msg/detail/uartf__rosidl_typesupport_fastrtps_c.h
[0.202s] -- Up-to-date: /home/new-sentry/Desktop/boom_ws/install/vision_interfaces/include/vision_interfaces/vision_interfaces/msg/rosidl_typesupport_fastrtps_c__visibility_control.h
[0.202s] -- Up-to-date: /home/new-sentry/Desktop/boom_ws/install/vision_interfaces/lib/libvision_interfaces__rosidl_typesupport_fastrtps_c.so
[0.202s] -- Up-to-date: /home/new-sentry/Desktop/boom_ws/install/vision_interfaces/include/vision_interfaces/vision_interfaces
[0.202s] -- Up-to-date: /home/new-sentry/Desktop/boom_ws/install/vision_interfaces/include/vision_interfaces/vision_interfaces/msg
[0.202s] -- Up-to-date: /home/new-sentry/Desktop/boom_ws/install/vision_interfaces/include/vision_interfaces/vision_interfaces/msg/detail
[0.202s] -- Up-to-date: /home/new-sentry/Desktop/boom_ws/install/vision_interfaces/include/vision_interfaces/vision_interfaces/msg/detail/uart__type_support.hpp
[0.202s] -- Up-to-date: /home/new-sentry/Desktop/boom_ws/install/vision_interfaces/include/vision_interfaces/vision_interfaces/msg/detail/uart__builder.hpp
[0.202s] -- Up-to-date: /home/new-sentry/Desktop/boom_ws/install/vision_interfaces/include/vision_interfaces/vision_interfaces/msg/detail/uartf__type_support.hpp
[0.202s] -- Up-to-date: /home/new-sentry/Desktop/boom_ws/install/vision_interfaces/include/vision_interfaces/vision_interfaces/msg/detail/uartf__struct.hpp
[0.202s] -- Up-to-date: /home/new-sentry/Desktop/boom_ws/install/vision_interfaces/include/vision_interfaces/vision_interfaces/msg/detail/uart__traits.hpp
[0.202s] -- Up-to-date: /home/new-sentry/Desktop/boom_ws/install/vision_interfaces/include/vision_interfaces/vision_interfaces/msg/detail/uart__struct.hpp
[0.203s] -- Up-to-date: /home/new-sentry/Desktop/boom_ws/install/vision_interfaces/include/vision_interfaces/vision_interfaces/msg/detail/uartf__builder.hpp
[0.203s] -- Up-to-date: /home/new-sentry/Desktop/boom_ws/install/vision_interfaces/include/vision_interfaces/vision_interfaces/msg/detail/uartf__traits.hpp
[0.203s] -- Up-to-date: /home/new-sentry/Desktop/boom_ws/install/vision_interfaces/include/vision_interfaces/vision_interfaces/msg/uartf.hpp
[0.203s] -- Up-to-date: /home/new-sentry/Desktop/boom_ws/install/vision_interfaces/include/vision_interfaces/vision_interfaces/msg/uart.hpp
[0.203s] -- Up-to-date: /home/new-sentry/Desktop/boom_ws/install/vision_interfaces/include/vision_interfaces/vision_interfaces/msg/rosidl_generator_cpp__visibility_control.hpp
[0.203s] -- Up-to-date: /home/new-sentry/Desktop/boom_ws/install/vision_interfaces/include/vision_interfaces/vision_interfaces
[0.203s] -- Up-to-date: /home/new-sentry/Desktop/boom_ws/install/vision_interfaces/include/vision_interfaces/vision_interfaces/msg
[0.203s] -- Up-to-date: /home/new-sentry/Desktop/boom_ws/install/vision_interfaces/include/vision_interfaces/vision_interfaces/msg/detail
[0.203s] -- Up-to-date: /home/new-sentry/Desktop/boom_ws/install/vision_interfaces/include/vision_interfaces/vision_interfaces/msg/detail/uartf__rosidl_typesupport_fastrtps_cpp.hpp
[0.203s] -- Up-to-date: /home/new-sentry/Desktop/boom_ws/install/vision_interfaces/include/vision_interfaces/vision_interfaces/msg/detail/dds_fastrtps
[0.203s] -- Up-to-date: /home/new-sentry/Desktop/boom_ws/install/vision_interfaces/include/vision_interfaces/vision_interfaces/msg/detail/uart__rosidl_typesupport_fastrtps_cpp.hpp
[0.203s] -- Up-to-date: /home/new-sentry/Desktop/boom_ws/install/vision_interfaces/include/vision_interfaces/vision_interfaces/msg/rosidl_typesupport_fastrtps_cpp__visibility_control.h
[0.203s] -- Up-to-date: /home/new-sentry/Desktop/boom_ws/install/vision_interfaces/lib/libvision_interfaces__rosidl_typesupport_fastrtps_cpp.so
[0.203s] -- Up-to-date: /home/new-sentry/Desktop/boom_ws/install/vision_interfaces/include/vision_interfaces/vision_interfaces
[0.203s] -- Up-to-date: /home/new-sentry/Desktop/boom_ws/install/vision_interfaces/include/vision_interfaces/vision_interfaces/msg
[0.203s] -- Up-to-date: /home/new-sentry/Desktop/boom_ws/install/vision_interfaces/include/vision_interfaces/vision_interfaces/msg/detail
[0.203s] -- Up-to-date: /home/new-sentry/Desktop/boom_ws/install/vision_interfaces/include/vision_interfaces/vision_interfaces/msg/detail/uart__rosidl_typesupport_introspection_c.h
[0.203s] -- Up-to-date: /home/new-sentry/Desktop/boom_ws/install/vision_interfaces/include/vision_interfaces/vision_interfaces/msg/detail/uartf__rosidl_typesupport_introspection_c.h
[0.203s] -- Up-to-date: /home/new-sentry/Desktop/boom_ws/install/vision_interfaces/include/vision_interfaces/vision_interfaces/msg/detail/uartf__type_support.c
[0.204s] -- Up-to-date: /home/new-sentry/Desktop/boom_ws/install/vision_interfaces/include/vision_interfaces/vision_interfaces/msg/detail/uart__type_support.c
[0.204s] -- Up-to-date: /home/new-sentry/Desktop/boom_ws/install/vision_interfaces/include/vision_interfaces/vision_interfaces/msg/rosidl_typesupport_introspection_c__visibility_control.h
[0.204s] -- Up-to-date: /home/new-sentry/Desktop/boom_ws/install/vision_interfaces/lib/libvision_interfaces__rosidl_typesupport_introspection_c.so
[0.204s] -- Up-to-date: /home/new-sentry/Desktop/boom_ws/install/vision_interfaces/lib/libvision_interfaces__rosidl_typesupport_c.so
[0.204s] -- Up-to-date: /home/new-sentry/Desktop/boom_ws/install/vision_interfaces/include/vision_interfaces/vision_interfaces
[0.204s] -- Up-to-date: /home/new-sentry/Desktop/boom_ws/install/vision_interfaces/include/vision_interfaces/vision_interfaces/msg
[0.204s] -- Up-to-date: /home/new-sentry/Desktop/boom_ws/install/vision_interfaces/include/vision_interfaces/vision_interfaces/msg/detail
[0.204s] -- Up-to-date: /home/new-sentry/Desktop/boom_ws/install/vision_interfaces/include/vision_interfaces/vision_interfaces/msg/detail/uartf__rosidl_typesupport_introspection_cpp.hpp
[0.204s] -- Up-to-date: /home/new-sentry/Desktop/boom_ws/install/vision_interfaces/include/vision_interfaces/vision_interfaces/msg/detail/uartf__type_support.cpp
[0.204s] -- Up-to-date: /home/new-sentry/Desktop/boom_ws/install/vision_interfaces/include/vision_interfaces/vision_interfaces/msg/detail/uart__rosidl_typesupport_introspection_cpp.hpp
[0.205s] -- Up-to-date: /home/new-sentry/Desktop/boom_ws/install/vision_interfaces/include/vision_interfaces/vision_interfaces/msg/detail/uart__type_support.cpp
[0.205s] -- Up-to-date: /home/new-sentry/Desktop/boom_ws/install/vision_interfaces/lib/libvision_interfaces__rosidl_typesupport_introspection_cpp.so
[0.205s] -- Up-to-date: /home/new-sentry/Desktop/boom_ws/install/vision_interfaces/lib/libvision_interfaces__rosidl_typesupport_cpp.so
[0.205s] -- Up-to-date: /home/new-sentry/Desktop/boom_ws/install/vision_interfaces/share/vision_interfaces/environment/pythonpath.sh
[0.205s] -- Up-to-date: /home/new-sentry/Desktop/boom_ws/install/vision_interfaces/share/vision_interfaces/environment/pythonpath.dsv
[0.205s] -- Up-to-date: /home/new-sentry/Desktop/boom_ws/install/vision_interfaces/local/lib/python3.10/dist-packages/vision_interfaces-0.0.0-py3.10.egg-info
[0.205s] -- Installing: /home/new-sentry/Desktop/boom_ws/install/vision_interfaces/local/lib/python3.10/dist-packages/vision_interfaces-0.0.0-py3.10.egg-info/top_level.txt
[0.205s] -- Installing: /home/new-sentry/Desktop/boom_ws/install/vision_interfaces/local/lib/python3.10/dist-packages/vision_interfaces-0.0.0-py3.10.egg-info/SOURCES.txt
[0.205s] -- Installing: /home/new-sentry/Desktop/boom_ws/install/vision_interfaces/local/lib/python3.10/dist-packages/vision_interfaces-0.0.0-py3.10.egg-info/PKG-INFO
[0.205s] -- Installing: /home/new-sentry/Desktop/boom_ws/install/vision_interfaces/local/lib/python3.10/dist-packages/vision_interfaces-0.0.0-py3.10.egg-info/dependency_links.txt
[0.205s] -- Up-to-date: /home/new-sentry/Desktop/boom_ws/install/vision_interfaces/local/lib/python3.10/dist-packages/vision_interfaces
[0.205s] -- Up-to-date: /home/new-sentry/Desktop/boom_ws/install/vision_interfaces/local/lib/python3.10/dist-packages/vision_interfaces/vision_interfaces_s__rosidl_typesupport_c.cpython-310-x86_64-linux-gnu.so
[0.205s] -- Up-to-date: /home/new-sentry/Desktop/boom_ws/install/vision_interfaces/local/lib/python3.10/dist-packages/vision_interfaces/__init__.py
[0.205s] -- Up-to-date: /home/new-sentry/Desktop/boom_ws/install/vision_interfaces/local/lib/python3.10/dist-packages/vision_interfaces/vision_interfaces_s__rosidl_typesupport_fastrtps_c.cpython-310-x86_64-linux-gnu.so
[0.205s] -- Up-to-date: /home/new-sentry/Desktop/boom_ws/install/vision_interfaces/local/lib/python3.10/dist-packages/vision_interfaces/vision_interfaces_s__rosidl_typesupport_introspection_c.cpython-310-x86_64-linux-gnu.so
[0.205s] -- Up-to-date: /home/new-sentry/Desktop/boom_ws/install/vision_interfaces/local/lib/python3.10/dist-packages/vision_interfaces/_vision_interfaces_s.ep.rosidl_typesupport_c.c
[0.205s] -- Up-to-date: /home/new-sentry/Desktop/boom_ws/install/vision_interfaces/local/lib/python3.10/dist-packages/vision_interfaces/msg
[0.205s] -- Up-to-date: /home/new-sentry/Desktop/boom_ws/install/vision_interfaces/local/lib/python3.10/dist-packages/vision_interfaces/msg/__init__.py
[0.205s] -- Up-to-date: /home/new-sentry/Desktop/boom_ws/install/vision_interfaces/local/lib/python3.10/dist-packages/vision_interfaces/msg/_uartf.py
[0.206s] -- Up-to-date: /home/new-sentry/Desktop/boom_ws/install/vision_interfaces/local/lib/python3.10/dist-packages/vision_interfaces/msg/_uartf_s.c
[0.206s] -- Up-to-date: /home/new-sentry/Desktop/boom_ws/install/vision_interfaces/local/lib/python3.10/dist-packages/vision_interfaces/msg/_uart_s.c
[0.206s] -- Up-to-date: /home/new-sentry/Desktop/boom_ws/install/vision_interfaces/local/lib/python3.10/dist-packages/vision_interfaces/msg/_uart.py
[0.206s] -- Up-to-date: /home/new-sentry/Desktop/boom_ws/install/vision_interfaces/local/lib/python3.10/dist-packages/vision_interfaces/libvision_interfaces__rosidl_generator_py.so
[0.206s] -- Up-to-date: /home/new-sentry/Desktop/boom_ws/install/vision_interfaces/local/lib/python3.10/dist-packages/vision_interfaces/_vision_interfaces_s.ep.rosidl_typesupport_fastrtps_c.c
[0.206s] -- Up-to-date: /home/new-sentry/Desktop/boom_ws/install/vision_interfaces/local/lib/python3.10/dist-packages/vision_interfaces/_vision_interfaces_s.ep.rosidl_typesupport_introspection_c.c
[0.227s] Listing '/home/new-sentry/Desktop/boom_ws/install/vision_interfaces/local/lib/python3.10/dist-packages/vision_interfaces'...
[0.227s] Listing '/home/new-sentry/Desktop/boom_ws/install/vision_interfaces/local/lib/python3.10/dist-packages/vision_interfaces/msg'...
[0.231s] -- Up-to-date: /home/new-sentry/Desktop/boom_ws/install/vision_interfaces/local/lib/python3.10/dist-packages/vision_interfaces/vision_interfaces_s__rosidl_typesupport_fastrtps_c.cpython-310-x86_64-linux-gnu.so
[0.231s] -- Up-to-date: /home/new-sentry/Desktop/boom_ws/install/vision_interfaces/local/lib/python3.10/dist-packages/vision_interfaces/vision_interfaces_s__rosidl_typesupport_introspection_c.cpython-310-x86_64-linux-gnu.so
[0.231s] -- Up-to-date: /home/new-sentry/Desktop/boom_ws/install/vision_interfaces/local/lib/python3.10/dist-packages/vision_interfaces/vision_interfaces_s__rosidl_typesupport_c.cpython-310-x86_64-linux-gnu.so
[0.231s] -- Up-to-date: /home/new-sentry/Desktop/boom_ws/install/vision_interfaces/lib/libvision_interfaces__rosidl_generator_py.so
[0.232s] -- Up-to-date: /home/new-sentry/Desktop/boom_ws/install/vision_interfaces/share/vision_interfaces/msg/Uart.idl
[0.232s] -- Up-to-date: /home/new-sentry/Desktop/boom_ws/install/vision_interfaces/share/vision_interfaces/msg/Uartf.idl
[0.232s] -- Up-to-date: /home/new-sentry/Desktop/boom_ws/install/vision_interfaces/share/vision_interfaces/msg/Uart.msg
[0.232s] -- Up-to-date: /home/new-sentry/Desktop/boom_ws/install/vision_interfaces/share/vision_interfaces/msg/Uartf.msg
[0.232s] -- Up-to-date: /home/new-sentry/Desktop/boom_ws/install/vision_interfaces/share/ament_index/resource_index/package_run_dependencies/vision_interfaces
[0.232s] -- Up-to-date: /home/new-sentry/Desktop/boom_ws/install/vision_interfaces/share/ament_index/resource_index/parent_prefix_path/vision_interfaces
[0.232s] -- Up-to-date: /home/new-sentry/Desktop/boom_ws/install/vision_interfaces/share/vision_interfaces/environment/ament_prefix_path.sh
[0.232s] -- Up-to-date: /home/new-sentry/Desktop/boom_ws/install/vision_interfaces/share/vision_interfaces/environment/ament_prefix_path.dsv
[0.233s] -- Up-to-date: /home/new-sentry/Desktop/boom_ws/install/vision_interfaces/share/vision_interfaces/environment/path.sh
[0.233s] -- Up-to-date: /home/new-sentry/Desktop/boom_ws/install/vision_interfaces/share/vision_interfaces/environment/path.dsv
[0.233s] -- Up-to-date: /home/new-sentry/Desktop/boom_ws/install/vision_interfaces/share/vision_interfaces/local_setup.bash
[0.233s] -- Up-to-date: /home/new-sentry/Desktop/boom_ws/install/vision_interfaces/share/vision_interfaces/local_setup.sh
[0.233s] -- Up-to-date: /home/new-sentry/Desktop/boom_ws/install/vision_interfaces/share/vision_interfaces/local_setup.zsh
[0.233s] -- Up-to-date: /home/new-sentry/Desktop/boom_ws/install/vision_interfaces/share/vision_interfaces/local_setup.dsv
[0.233s] -- Installing: /home/new-sentry/Desktop/boom_ws/install/vision_interfaces/share/vision_interfaces/package.dsv
[0.233s] -- Up-to-date: /home/new-sentry/Desktop/boom_ws/install/vision_interfaces/share/ament_index/resource_index/packages/vision_interfaces
[0.233s] -- Up-to-date: /home/new-sentry/Desktop/boom_ws/install/vision_interfaces/share/vision_interfaces/cmake/export_vision_interfaces__rosidl_generator_cExport.cmake
[0.234s] -- Up-to-date: /home/new-sentry/Desktop/boom_ws/install/vision_interfaces/share/vision_interfaces/cmake/export_vision_interfaces__rosidl_generator_cExport-noconfig.cmake
[0.234s] -- Up-to-date: /home/new-sentry/Desktop/boom_ws/install/vision_interfaces/share/vision_interfaces/cmake/export_vision_interfaces__rosidl_typesupport_fastrtps_cExport.cmake
[0.234s] -- Up-to-date: /home/new-sentry/Desktop/boom_ws/install/vision_interfaces/share/vision_interfaces/cmake/export_vision_interfaces__rosidl_typesupport_fastrtps_cExport-noconfig.cmake
[0.234s] -- Up-to-date: /home/new-sentry/Desktop/boom_ws/install/vision_interfaces/share/vision_interfaces/cmake/export_vision_interfaces__rosidl_generator_cppExport.cmake
[0.234s] -- Up-to-date: /home/new-sentry/Desktop/boom_ws/install/vision_interfaces/share/vision_interfaces/cmake/export_vision_interfaces__rosidl_typesupport_fastrtps_cppExport.cmake
[0.234s] -- Up-to-date: /home/new-sentry/Desktop/boom_ws/install/vision_interfaces/share/vision_interfaces/cmake/export_vision_interfaces__rosidl_typesupport_fastrtps_cppExport-noconfig.cmake
[0.234s] -- Up-to-date: /home/new-sentry/Desktop/boom_ws/install/vision_interfaces/share/vision_interfaces/cmake/vision_interfaces__rosidl_typesupport_introspection_cExport.cmake
[0.234s] -- Up-to-date: /home/new-sentry/Desktop/boom_ws/install/vision_interfaces/share/vision_interfaces/cmake/vision_interfaces__rosidl_typesupport_introspection_cExport-noconfig.cmake
[0.235s] -- Up-to-date: /home/new-sentry/Desktop/boom_ws/install/vision_interfaces/share/vision_interfaces/cmake/vision_interfaces__rosidl_typesupport_cExport.cmake
[0.235s] -- Up-to-date: /home/new-sentry/Desktop/boom_ws/install/vision_interfaces/share/vision_interfaces/cmake/vision_interfaces__rosidl_typesupport_cExport-noconfig.cmake
[0.235s] -- Up-to-date: /home/new-sentry/Desktop/boom_ws/install/vision_interfaces/share/vision_interfaces/cmake/vision_interfaces__rosidl_typesupport_introspection_cppExport.cmake
[0.235s] -- Up-to-date: /home/new-sentry/Desktop/boom_ws/install/vision_interfaces/share/vision_interfaces/cmake/vision_interfaces__rosidl_typesupport_introspection_cppExport-noconfig.cmake
[0.235s] -- Up-to-date: /home/new-sentry/Desktop/boom_ws/install/vision_interfaces/share/vision_interfaces/cmake/vision_interfaces__rosidl_typesupport_cppExport.cmake
[0.235s] -- Up-to-date: /home/new-sentry/Desktop/boom_ws/install/vision_interfaces/share/vision_interfaces/cmake/vision_interfaces__rosidl_typesupport_cppExport-noconfig.cmake
[0.235s] -- Up-to-date: /home/new-sentry/Desktop/boom_ws/install/vision_interfaces/share/vision_interfaces/cmake/export_vision_interfaces__rosidl_generator_pyExport.cmake
[0.235s] -- Up-to-date: /home/new-sentry/Desktop/boom_ws/install/vision_interfaces/share/vision_interfaces/cmake/export_vision_interfaces__rosidl_generator_pyExport-noconfig.cmake
[0.235s] -- Up-to-date: /home/new-sentry/Desktop/boom_ws/install/vision_interfaces/share/vision_interfaces/cmake/rosidl_cmake-extras.cmake
[0.236s] -- Up-to-date: /home/new-sentry/Desktop/boom_ws/install/vision_interfaces/share/vision_interfaces/cmake/ament_cmake_export_dependencies-extras.cmake
[0.236s] -- Up-to-date: /home/new-sentry/Desktop/boom_ws/install/vision_interfaces/share/vision_interfaces/cmake/ament_cmake_export_include_directories-extras.cmake
[0.236s] -- Up-to-date: /home/new-sentry/Desktop/boom_ws/install/vision_interfaces/share/vision_interfaces/cmake/ament_cmake_export_libraries-extras.cmake
[0.236s] -- Up-to-date: /home/new-sentry/Desktop/boom_ws/install/vision_interfaces/share/vision_interfaces/cmake/ament_cmake_export_targets-extras.cmake
[0.236s] -- Up-to-date: /home/new-sentry/Desktop/boom_ws/install/vision_interfaces/share/vision_interfaces/cmake/rosidl_cmake_export_typesupport_targets-extras.cmake
[0.236s] -- Up-to-date: /home/new-sentry/Desktop/boom_ws/install/vision_interfaces/share/vision_interfaces/cmake/rosidl_cmake_export_typesupport_libraries-extras.cmake
[0.236s] -- Up-to-date: /home/new-sentry/Desktop/boom_ws/install/vision_interfaces/share/vision_interfaces/cmake/vision_interfacesConfig.cmake
[0.236s] -- Up-to-date: /home/new-sentry/Desktop/boom_ws/install/vision_interfaces/share/vision_interfaces/cmake/vision_interfacesConfig-version.cmake
[0.236s] -- Up-to-date: /home/new-sentry/Desktop/boom_ws/install/vision_interfaces/share/vision_interfaces/package.xml
[0.239s] Invoked command in '/home/new-sentry/Desktop/boom_ws/build/vision_interfaces' returned '0': CMAKE_PREFIX_PATH=${CMAKE_PREFIX_PATH}:/opt/ros/humble /usr/local/bin/cmake --install /home/new-sentry/Desktop/boom_ws/build/vision_interfaces
