[0.014s] Invoking command in '/home/qiqi/æ¡Œé¢/boom_ws/build/display': CMAKE_PREFIX_PATH=/opt/ros/humble /usr/bin/cmake --build /home/qiqi/æ¡Œé¢/boom_ws/build/display -- -j8 -l8
[0.053s] [35m[1mConsolidate compiler generated dependencies of target display[0m
[0.073s] [100%] Built target display
[0.084s] Invoked command in '/home/qiqi/æ¡Œé¢/boom_ws/build/display' returned '0': CMAKE_PREFIX_PATH=/opt/ros/humble /usr/bin/cmake --build /home/qiqi/æ¡Œé¢/boom_ws/build/display -- -j8 -l8
[0.095s] Invoking command in '/home/qiqi/æ¡Œé¢/boom_ws/build/display': CMAKE_PREFIX_PATH=/opt/ros/humble /usr/bin/cmake --install /home/qiqi/æ¡Œé¢/boom_ws/build/display
[0.104s] -- Install configuration: ""
[0.105s] -- Installing: /home/qiqi/æ¡Œé¢/boom_ws/install/display/lib/display/display
[0.105s] -- Set runtime path of "/home/qiqi/æ¡Œé¢/boom_ws/install/display/lib/display/display" to ""
[0.105s] -- Installing: /home/qiqi/æ¡Œé¢/boom_ws/install/display/share/ament_index/resource_index/package_run_dependencies/display
[0.105s] -- Installing: /home/qiqi/æ¡Œé¢/boom_ws/install/display/share/ament_index/resource_index/parent_prefix_path/display
[0.106s] -- Installing: /home/qiqi/æ¡Œé¢/boom_ws/install/display/share/display/environment/ament_prefix_path.sh
[0.106s] -- Installing: /home/qiqi/æ¡Œé¢/boom_ws/install/display/share/display/environment/ament_prefix_path.dsv
[0.106s] -- Installing: /home/qiqi/æ¡Œé¢/boom_ws/install/display/share/display/environment/path.sh
[0.107s] -- Installing: /home/qiqi/æ¡Œé¢/boom_ws/install/display/share/display/environment/path.dsv
[0.107s] -- Installing: /home/qiqi/æ¡Œé¢/boom_ws/install/display/share/display/local_setup.bash
[0.107s] -- Installing: /home/qiqi/æ¡Œé¢/boom_ws/install/display/share/display/local_setup.sh
[0.107s] -- Installing: /home/qiqi/æ¡Œé¢/boom_ws/install/display/share/display/local_setup.zsh
[0.108s] -- Installing: /home/qiqi/æ¡Œé¢/boom_ws/install/display/share/display/local_setup.dsv
[0.108s] -- Installing: /home/qiqi/æ¡Œé¢/boom_ws/install/display/share/display/package.dsv
[0.108s] -- Installing: /home/qiqi/æ¡Œé¢/boom_ws/install/display/share/ament_index/resource_index/packages/display
[0.108s] -- Installing: /home/qiqi/æ¡Œé¢/boom_ws/install/display/share/display/cmake/displayConfig.cmake
[0.108s] -- Installing: /home/qiqi/æ¡Œé¢/boom_ws/install/display/share/display/cmake/displayConfig-version.cmake
[0.108s] -- Installing: /home/qiqi/æ¡Œé¢/boom_ws/install/display/share/display/package.xml
[0.110s] Invoked command in '/home/qiqi/æ¡Œé¢/boom_ws/build/display' returned '0': CMAKE_PREFIX_PATH=/opt/ros/humble /usr/bin/cmake --install /home/qiqi/æ¡Œé¢/boom_ws/build/display
