[0.008s] Invoking command in '/home/new-sentry/Desktop/boom_ws/build/hik_camera_ros2_driver': CMAKE_PREFIX_PATH=${CMAKE_PREFIX_PATH}:/opt/ros/humble /usr/local/bin/cmake --build /home/new-sentry/Desktop/boom_ws/build/hik_camera_ros2_driver -- -j16 -l16
[0.034s] [ 50%] Built target hik_camera_ros2_driver_node
[0.046s] [ 75%] [32mBuilding CXX object CMakeFiles/hik_camera_ros2_driver.dir/src/hik_camera_node.cpp.o[0m
[1.510s] [100%] [32m[1mLinking CXX shared library libhik_camera_ros2_driver.so[0m
[1.587s] [100%] Built target hik_camera_ros2_driver
[1.592s] Invoked command in '/home/new-sentry/Desktop/boom_ws/build/hik_camera_ros2_driver' returned '0': CMAKE_PREFIX_PATH=${CMAKE_PREFIX_PATH}:/opt/ros/humble /usr/local/bin/cmake --build /home/new-sentry/Desktop/boom_ws/build/hik_camera_ros2_driver -- -j16 -l16
[1.592s] Invoking command in '/home/new-sentry/Desktop/boom_ws/build/hik_camera_ros2_driver': CMAKE_PREFIX_PATH=${CMAKE_PREFIX_PATH}:/opt/ros/humble /usr/local/bin/cmake --install /home/new-sentry/Desktop/boom_ws/build/hik_camera_ros2_driver
[1.596s] -- Install configuration: ""
[1.596s] -- Up-to-date: /home/new-sentry/Desktop/boom_ws/install/hik_camera_ros2_driver/lib
[1.596s] -- Up-to-date: /home/new-sentry/Desktop/boom_ws/install/hik_camera_ros2_driver/lib/libMvCameraControl.so
[1.596s] -- Up-to-date: /home/new-sentry/Desktop/boom_ws/install/hik_camera_ros2_driver/lib/libMvUsb3vTL.so
[1.596s] -- Up-to-date: /home/new-sentry/Desktop/boom_ws/install/hik_camera_ros2_driver/lib/libMVRender.so
[1.596s] -- Up-to-date: /home/new-sentry/Desktop/boom_ws/install/hik_camera_ros2_driver/lib/libMediaProcess.so
[1.596s] -- Up-to-date: /home/new-sentry/Desktop/boom_ws/install/hik_camera_ros2_driver/lib/libFormatConversion.so
[1.597s] -- Up-to-date: /home/new-sentry/Desktop/boom_ws/install/hik_camera_ros2_driver/lib/hik_camera_ros2_driver/hik_camera_ros2_driver_node
[1.597s] -- Up-to-date: /home/new-sentry/Desktop/boom_ws/install/hik_camera_ros2_driver/share/hik_camera_ros2_driver/environment/library_path.sh
[1.597s] -- Up-to-date: /home/new-sentry/Desktop/boom_ws/install/hik_camera_ros2_driver/share/hik_camera_ros2_driver/environment/library_path.dsv
[1.597s] -- Installing: /home/new-sentry/Desktop/boom_ws/install/hik_camera_ros2_driver/lib/libhik_camera_ros2_driver.so
[1.599s] -- Set non-toolchain portion of runtime path of "/home/new-sentry/Desktop/boom_ws/install/hik_camera_ros2_driver/lib/libhik_camera_ros2_driver.so" to ""
[1.599s] -- Up-to-date: /home/new-sentry/Desktop/boom_ws/install/hik_camera_ros2_driver/share/hik_camera_ros2_driver/launch
[1.599s] -- Up-to-date: /home/new-sentry/Desktop/boom_ws/install/hik_camera_ros2_driver/share/hik_camera_ros2_driver/launch/hik_camera_launch.py
[1.599s] -- Up-to-date: /home/new-sentry/Desktop/boom_ws/install/hik_camera_ros2_driver/share/hik_camera_ros2_driver/config
[1.599s] -- Installing: /home/new-sentry/Desktop/boom_ws/install/hik_camera_ros2_driver/share/hik_camera_ros2_driver/config/new_params.yaml
[1.599s] -- Up-to-date: /home/new-sentry/Desktop/boom_ws/install/hik_camera_ros2_driver/share/hik_camera_ros2_driver/config/camera_params.yaml
[1.599s] -- Up-to-date: /home/new-sentry/Desktop/boom_ws/install/hik_camera_ros2_driver/share/hik_camera_ros2_driver/config/camera_info.yaml
[1.599s] -- Up-to-date: /home/new-sentry/Desktop/boom_ws/install/hik_camera_ros2_driver/share/ament_index/resource_index/package_run_dependencies/hik_camera_ros2_driver
[1.599s] -- Up-to-date: /home/new-sentry/Desktop/boom_ws/install/hik_camera_ros2_driver/share/ament_index/resource_index/parent_prefix_path/hik_camera_ros2_driver
[1.599s] -- Up-to-date: /home/new-sentry/Desktop/boom_ws/install/hik_camera_ros2_driver/share/hik_camera_ros2_driver/environment/ament_prefix_path.sh
[1.600s] -- Up-to-date: /home/new-sentry/Desktop/boom_ws/install/hik_camera_ros2_driver/share/hik_camera_ros2_driver/environment/ament_prefix_path.dsv
[1.600s] -- Up-to-date: /home/new-sentry/Desktop/boom_ws/install/hik_camera_ros2_driver/share/hik_camera_ros2_driver/environment/path.sh
[1.600s] -- Up-to-date: /home/new-sentry/Desktop/boom_ws/install/hik_camera_ros2_driver/share/hik_camera_ros2_driver/environment/path.dsv
[1.600s] -- Up-to-date: /home/new-sentry/Desktop/boom_ws/install/hik_camera_ros2_driver/share/hik_camera_ros2_driver/local_setup.bash
[1.600s] -- Up-to-date: /home/new-sentry/Desktop/boom_ws/install/hik_camera_ros2_driver/share/hik_camera_ros2_driver/local_setup.sh
[1.600s] -- Up-to-date: /home/new-sentry/Desktop/boom_ws/install/hik_camera_ros2_driver/share/hik_camera_ros2_driver/local_setup.zsh
[1.600s] -- Up-to-date: /home/new-sentry/Desktop/boom_ws/install/hik_camera_ros2_driver/share/hik_camera_ros2_driver/local_setup.dsv
[1.600s] -- Installing: /home/new-sentry/Desktop/boom_ws/install/hik_camera_ros2_driver/share/hik_camera_ros2_driver/package.dsv
[1.600s] -- Up-to-date: /home/new-sentry/Desktop/boom_ws/install/hik_camera_ros2_driver/share/ament_index/resource_index/packages/hik_camera_ros2_driver
[1.601s] -- Up-to-date: /home/new-sentry/Desktop/boom_ws/install/hik_camera_ros2_driver/share/ament_index/resource_index/rclcpp_components/hik_camera_ros2_driver
[1.601s] -- Up-to-date: /home/new-sentry/Desktop/boom_ws/install/hik_camera_ros2_driver/share/hik_camera_ros2_driver/cmake/ament_cmake_export_dependencies-extras.cmake
[1.601s] -- Up-to-date: /home/new-sentry/Desktop/boom_ws/install/hik_camera_ros2_driver/share/hik_camera_ros2_driver/cmake/ament_cmake_export_libraries-extras.cmake
[1.601s] -- Up-to-date: /home/new-sentry/Desktop/boom_ws/install/hik_camera_ros2_driver/share/hik_camera_ros2_driver/cmake/hik_camera_ros2_driverConfig.cmake
[1.601s] -- Up-to-date: /home/new-sentry/Desktop/boom_ws/install/hik_camera_ros2_driver/share/hik_camera_ros2_driver/cmake/hik_camera_ros2_driverConfig-version.cmake
[1.601s] -- Up-to-date: /home/new-sentry/Desktop/boom_ws/install/hik_camera_ros2_driver/share/hik_camera_ros2_driver/package.xml
[1.602s] Invoked command in '/home/new-sentry/Desktop/boom_ws/build/hik_camera_ros2_driver' returned '0': CMAKE_PREFIX_PATH=${CMAKE_PREFIX_PATH}:/opt/ros/humble /usr/local/bin/cmake --install /home/new-sentry/Desktop/boom_ws/build/hik_camera_ros2_driver
