[0.081s] DEBUG:colcon:Command line arguments: ['/usr/bin/colcon', 'build']
[0.081s] DEBUG:colcon:Parsed command line arguments: Namespace(log_base=None, log_level=None, verb_name='build', build_base='build', install_base='install', merge_install=False, symlink_install=False, test_result_base=None, continue_on_error=False, executor='parallel', parallel_workers=16, event_handlers=None, ignore_user_meta=False, metas=['./colcon.meta'], base_paths=['.'], packages_ignore=None, packages_ignore_regex=None, paths=None, packages_up_to=None, packages_up_to_regex=None, packages_above=None, packages_above_and_dependencies=None, packages_above_depth=None, packages_select_by_dep=None, packages_skip_by_dep=None, packages_skip_up_to=None, packages_select_build_failed=False, packages_skip_build_finished=False, packages_select_test_failures=False, packages_skip_test_passed=False, packages_select=None, packages_skip=None, packages_select_regex=None, packages_skip_regex=None, packages_start=None, packages_end=None, allow_overriding=[], cmake_args=None, cmake_target=None, cmake_target_skip_unavailable=False, cmake_clean_cache=False, cmake_clean_first=False, cmake_force_configure=False, ament_cmake_args=None, catkin_cmake_args=None, catkin_skip_building_tests=False, verb_parser=<colcon_defaults.argument_parser.defaults.DefaultArgumentsDecorator object at 0x7a96ca723b20>, verb_extension=<colcon_core.verb.build.BuildVerb object at 0x7a96ca7235e0>, main=<bound method BuildVerb.main of <colcon_core.verb.build.BuildVerb object at 0x7a96ca7235e0>>)
[0.215s] Level 1:colcon.colcon_core.package_discovery:discover_packages(colcon_meta) check parameters
[0.215s] Level 1:colcon.colcon_core.package_discovery:discover_packages(recursive) check parameters
[0.215s] Level 1:colcon.colcon_core.package_discovery:discover_packages(ignore) check parameters
[0.215s] Level 1:colcon.colcon_core.package_discovery:discover_packages(path) check parameters
[0.215s] Level 1:colcon.colcon_core.package_discovery:discover_packages(colcon_meta) discover
[0.215s] Level 1:colcon.colcon_core.package_discovery:discover_packages(recursive) discover
[0.215s] INFO:colcon.colcon_core.package_discovery:Crawling recursively for packages in '/home/new-sentry/Desktop/boom_ws'
[0.215s] Level 1:colcon.colcon_core.package_identification:_identify(.) by extensions ['ignore', 'ignore_ament_install']
[0.215s] Level 1:colcon.colcon_core.package_identification:_identify(.) by extension 'ignore'
[0.215s] Level 1:colcon.colcon_core.package_identification:_identify(.) by extension 'ignore_ament_install'
[0.215s] Level 1:colcon.colcon_core.package_identification:_identify(.) by extensions ['colcon_pkg']
[0.215s] Level 1:colcon.colcon_core.package_identification:_identify(.) by extension 'colcon_pkg'
[0.216s] Level 1:colcon.colcon_core.package_identification:_identify(.) by extensions ['colcon_meta']
[0.216s] Level 1:colcon.colcon_core.package_identification:_identify(.) by extension 'colcon_meta'
[0.216s] Level 1:colcon.colcon_core.package_identification:_identify(.) by extensions ['ros']
[0.216s] Level 1:colcon.colcon_core.package_identification:_identify(.) by extension 'ros'
[0.224s] Level 1:colcon.colcon_core.package_identification:_identify(.) by extensions ['cmake', 'python']
[0.224s] Level 1:colcon.colcon_core.package_identification:_identify(.) by extension 'cmake'
[0.224s] Level 1:colcon.colcon_core.package_identification:_identify(.) by extension 'python'
[0.224s] Level 1:colcon.colcon_core.package_identification:_identify(.) by extensions ['python_setup_py']
[0.224s] Level 1:colcon.colcon_core.package_identification:_identify(.) by extension 'python_setup_py'
[0.224s] Level 1:colcon.colcon_core.package_identification:_identify(build) by extensions ['ignore', 'ignore_ament_install']
[0.224s] Level 1:colcon.colcon_core.package_identification:_identify(build) by extension 'ignore'
[0.224s] Level 1:colcon.colcon_core.package_identification:_identify(build) ignored
[0.224s] Level 1:colcon.colcon_core.package_identification:_identify(config) by extensions ['ignore', 'ignore_ament_install']
[0.224s] Level 1:colcon.colcon_core.package_identification:_identify(config) by extension 'ignore'
[0.224s] Level 1:colcon.colcon_core.package_identification:_identify(config) by extension 'ignore_ament_install'
[0.224s] Level 1:colcon.colcon_core.package_identification:_identify(config) by extensions ['colcon_pkg']
[0.224s] Level 1:colcon.colcon_core.package_identification:_identify(config) by extension 'colcon_pkg'
[0.224s] Level 1:colcon.colcon_core.package_identification:_identify(config) by extensions ['colcon_meta']
[0.224s] Level 1:colcon.colcon_core.package_identification:_identify(config) by extension 'colcon_meta'
[0.224s] Level 1:colcon.colcon_core.package_identification:_identify(config) by extensions ['ros']
[0.224s] Level 1:colcon.colcon_core.package_identification:_identify(config) by extension 'ros'
[0.224s] Level 1:colcon.colcon_core.package_identification:_identify(config) by extensions ['cmake', 'python']
[0.224s] Level 1:colcon.colcon_core.package_identification:_identify(config) by extension 'cmake'
[0.224s] Level 1:colcon.colcon_core.package_identification:_identify(config) by extension 'python'
[0.224s] Level 1:colcon.colcon_core.package_identification:_identify(config) by extensions ['python_setup_py']
[0.224s] Level 1:colcon.colcon_core.package_identification:_identify(config) by extension 'python_setup_py'
[0.224s] Level 1:colcon.colcon_core.package_identification:_identify(install) by extensions ['ignore', 'ignore_ament_install']
[0.224s] Level 1:colcon.colcon_core.package_identification:_identify(install) by extension 'ignore'
[0.224s] Level 1:colcon.colcon_core.package_identification:_identify(install) ignored
[0.224s] Level 1:colcon.colcon_core.package_identification:_identify(launch) by extensions ['ignore', 'ignore_ament_install']
[0.224s] Level 1:colcon.colcon_core.package_identification:_identify(launch) by extension 'ignore'
[0.224s] Level 1:colcon.colcon_core.package_identification:_identify(launch) by extension 'ignore_ament_install'
[0.224s] Level 1:colcon.colcon_core.package_identification:_identify(launch) by extensions ['colcon_pkg']
[0.224s] Level 1:colcon.colcon_core.package_identification:_identify(launch) by extension 'colcon_pkg'
[0.224s] Level 1:colcon.colcon_core.package_identification:_identify(launch) by extensions ['colcon_meta']
[0.224s] Level 1:colcon.colcon_core.package_identification:_identify(launch) by extension 'colcon_meta'
[0.224s] Level 1:colcon.colcon_core.package_identification:_identify(launch) by extensions ['ros']
[0.224s] Level 1:colcon.colcon_core.package_identification:_identify(launch) by extension 'ros'
[0.224s] Level 1:colcon.colcon_core.package_identification:_identify(launch) by extensions ['cmake', 'python']
[0.224s] Level 1:colcon.colcon_core.package_identification:_identify(launch) by extension 'cmake'
[0.224s] Level 1:colcon.colcon_core.package_identification:_identify(launch) by extension 'python'
[0.224s] Level 1:colcon.colcon_core.package_identification:_identify(launch) by extensions ['python_setup_py']
[0.224s] Level 1:colcon.colcon_core.package_identification:_identify(launch) by extension 'python_setup_py'
[0.225s] Level 1:colcon.colcon_core.package_identification:_identify(launch/__pycache__) by extensions ['ignore', 'ignore_ament_install']
[0.225s] Level 1:colcon.colcon_core.package_identification:_identify(launch/__pycache__) by extension 'ignore'
[0.225s] Level 1:colcon.colcon_core.package_identification:_identify(launch/__pycache__) by extension 'ignore_ament_install'
[0.225s] Level 1:colcon.colcon_core.package_identification:_identify(launch/__pycache__) by extensions ['colcon_pkg']
[0.225s] Level 1:colcon.colcon_core.package_identification:_identify(launch/__pycache__) by extension 'colcon_pkg'
[0.225s] Level 1:colcon.colcon_core.package_identification:_identify(launch/__pycache__) by extensions ['colcon_meta']
[0.225s] Level 1:colcon.colcon_core.package_identification:_identify(launch/__pycache__) by extension 'colcon_meta'
[0.225s] Level 1:colcon.colcon_core.package_identification:_identify(launch/__pycache__) by extensions ['ros']
[0.225s] Level 1:colcon.colcon_core.package_identification:_identify(launch/__pycache__) by extension 'ros'
[0.225s] Level 1:colcon.colcon_core.package_identification:_identify(launch/__pycache__) by extensions ['cmake', 'python']
[0.225s] Level 1:colcon.colcon_core.package_identification:_identify(launch/__pycache__) by extension 'cmake'
[0.225s] Level 1:colcon.colcon_core.package_identification:_identify(launch/__pycache__) by extension 'python'
[0.225s] Level 1:colcon.colcon_core.package_identification:_identify(launch/__pycache__) by extensions ['python_setup_py']
[0.225s] Level 1:colcon.colcon_core.package_identification:_identify(launch/__pycache__) by extension 'python_setup_py'
[0.225s] Level 1:colcon.colcon_core.package_identification:_identify(log) by extensions ['ignore', 'ignore_ament_install']
[0.225s] Level 1:colcon.colcon_core.package_identification:_identify(log) by extension 'ignore'
[0.225s] Level 1:colcon.colcon_core.package_identification:_identify(log) ignored
[0.225s] Level 1:colcon.colcon_core.package_identification:_identify(py) by extensions ['ignore', 'ignore_ament_install']
[0.225s] Level 1:colcon.colcon_core.package_identification:_identify(py) by extension 'ignore'
[0.225s] Level 1:colcon.colcon_core.package_identification:_identify(py) by extension 'ignore_ament_install'
[0.225s] Level 1:colcon.colcon_core.package_identification:_identify(py) by extensions ['colcon_pkg']
[0.225s] Level 1:colcon.colcon_core.package_identification:_identify(py) by extension 'colcon_pkg'
[0.225s] Level 1:colcon.colcon_core.package_identification:_identify(py) by extensions ['colcon_meta']
[0.225s] Level 1:colcon.colcon_core.package_identification:_identify(py) by extension 'colcon_meta'
[0.225s] Level 1:colcon.colcon_core.package_identification:_identify(py) by extensions ['ros']
[0.225s] Level 1:colcon.colcon_core.package_identification:_identify(py) by extension 'ros'
[0.225s] Level 1:colcon.colcon_core.package_identification:_identify(py) by extensions ['cmake', 'python']
[0.225s] Level 1:colcon.colcon_core.package_identification:_identify(py) by extension 'cmake'
[0.225s] Level 1:colcon.colcon_core.package_identification:_identify(py) by extension 'python'
[0.225s] Level 1:colcon.colcon_core.package_identification:_identify(py) by extensions ['python_setup_py']
[0.225s] Level 1:colcon.colcon_core.package_identification:_identify(py) by extension 'python_setup_py'
[0.225s] Level 1:colcon.colcon_core.package_identification:_identify(py/__pycache__) by extensions ['ignore', 'ignore_ament_install']
[0.225s] Level 1:colcon.colcon_core.package_identification:_identify(py/__pycache__) by extension 'ignore'
[0.225s] Level 1:colcon.colcon_core.package_identification:_identify(py/__pycache__) by extension 'ignore_ament_install'
[0.225s] Level 1:colcon.colcon_core.package_identification:_identify(py/__pycache__) by extensions ['colcon_pkg']
[0.225s] Level 1:colcon.colcon_core.package_identification:_identify(py/__pycache__) by extension 'colcon_pkg'
[0.225s] Level 1:colcon.colcon_core.package_identification:_identify(py/__pycache__) by extensions ['colcon_meta']
[0.225s] Level 1:colcon.colcon_core.package_identification:_identify(py/__pycache__) by extension 'colcon_meta'
[0.225s] Level 1:colcon.colcon_core.package_identification:_identify(py/__pycache__) by extensions ['ros']
[0.225s] Level 1:colcon.colcon_core.package_identification:_identify(py/__pycache__) by extension 'ros'
[0.226s] Level 1:colcon.colcon_core.package_identification:_identify(py/__pycache__) by extensions ['cmake', 'python']
[0.226s] Level 1:colcon.colcon_core.package_identification:_identify(py/__pycache__) by extension 'cmake'
[0.226s] Level 1:colcon.colcon_core.package_identification:_identify(py/__pycache__) by extension 'python'
[0.226s] Level 1:colcon.colcon_core.package_identification:_identify(py/__pycache__) by extensions ['python_setup_py']
[0.226s] Level 1:colcon.colcon_core.package_identification:_identify(py/__pycache__) by extension 'python_setup_py'
[0.226s] Level 1:colcon.colcon_core.package_identification:_identify(py/pta) by extensions ['ignore', 'ignore_ament_install']
[0.226s] Level 1:colcon.colcon_core.package_identification:_identify(py/pta) by extension 'ignore'
[0.226s] Level 1:colcon.colcon_core.package_identification:_identify(py/pta) by extension 'ignore_ament_install'
[0.226s] Level 1:colcon.colcon_core.package_identification:_identify(py/pta) by extensions ['colcon_pkg']
[0.226s] Level 1:colcon.colcon_core.package_identification:_identify(py/pta) by extension 'colcon_pkg'
[0.226s] Level 1:colcon.colcon_core.package_identification:_identify(py/pta) by extensions ['colcon_meta']
[0.226s] Level 1:colcon.colcon_core.package_identification:_identify(py/pta) by extension 'colcon_meta'
[0.226s] Level 1:colcon.colcon_core.package_identification:_identify(py/pta) by extensions ['ros']
[0.226s] Level 1:colcon.colcon_core.package_identification:_identify(py/pta) by extension 'ros'
[0.226s] Level 1:colcon.colcon_core.package_identification:_identify(py/pta) by extensions ['cmake', 'python']
[0.226s] Level 1:colcon.colcon_core.package_identification:_identify(py/pta) by extension 'cmake'
[0.226s] Level 1:colcon.colcon_core.package_identification:_identify(py/pta) by extension 'python'
[0.226s] Level 1:colcon.colcon_core.package_identification:_identify(py/pta) by extensions ['python_setup_py']
[0.226s] Level 1:colcon.colcon_core.package_identification:_identify(py/pta) by extension 'python_setup_py'
[0.226s] Level 1:colcon.colcon_core.package_identification:_identify(py/pta/pta2) by extensions ['ignore', 'ignore_ament_install']
[0.226s] Level 1:colcon.colcon_core.package_identification:_identify(py/pta/pta2) by extension 'ignore'
[0.226s] Level 1:colcon.colcon_core.package_identification:_identify(py/pta/pta2) by extension 'ignore_ament_install'
[0.226s] Level 1:colcon.colcon_core.package_identification:_identify(py/pta/pta2) by extensions ['colcon_pkg']
[0.226s] Level 1:colcon.colcon_core.package_identification:_identify(py/pta/pta2) by extension 'colcon_pkg'
[0.226s] Level 1:colcon.colcon_core.package_identification:_identify(py/pta/pta2) by extensions ['colcon_meta']
[0.226s] Level 1:colcon.colcon_core.package_identification:_identify(py/pta/pta2) by extension 'colcon_meta'
[0.226s] Level 1:colcon.colcon_core.package_identification:_identify(py/pta/pta2) by extensions ['ros']
[0.226s] Level 1:colcon.colcon_core.package_identification:_identify(py/pta/pta2) by extension 'ros'
[0.226s] Level 1:colcon.colcon_core.package_identification:_identify(py/pta/pta2) by extensions ['cmake', 'python']
[0.226s] Level 1:colcon.colcon_core.package_identification:_identify(py/pta/pta2) by extension 'cmake'
[0.226s] Level 1:colcon.colcon_core.package_identification:_identify(py/pta/pta2) by extension 'python'
[0.226s] Level 1:colcon.colcon_core.package_identification:_identify(py/pta/pta2) by extensions ['python_setup_py']
[0.226s] Level 1:colcon.colcon_core.package_identification:_identify(py/pta/pta2) by extension 'python_setup_py'
[0.226s] Level 1:colcon.colcon_core.package_identification:_identify(py/test) by extensions ['ignore', 'ignore_ament_install']
[0.226s] Level 1:colcon.colcon_core.package_identification:_identify(py/test) by extension 'ignore'
[0.226s] Level 1:colcon.colcon_core.package_identification:_identify(py/test) by extension 'ignore_ament_install'
[0.226s] Level 1:colcon.colcon_core.package_identification:_identify(py/test) by extensions ['colcon_pkg']
[0.226s] Level 1:colcon.colcon_core.package_identification:_identify(py/test) by extension 'colcon_pkg'
[0.226s] Level 1:colcon.colcon_core.package_identification:_identify(py/test) by extensions ['colcon_meta']
[0.226s] Level 1:colcon.colcon_core.package_identification:_identify(py/test) by extension 'colcon_meta'
[0.226s] Level 1:colcon.colcon_core.package_identification:_identify(py/test) by extensions ['ros']
[0.226s] Level 1:colcon.colcon_core.package_identification:_identify(py/test) by extension 'ros'
[0.226s] Level 1:colcon.colcon_core.package_identification:_identify(py/test) by extensions ['cmake', 'python']
[0.226s] Level 1:colcon.colcon_core.package_identification:_identify(py/test) by extension 'cmake'
[0.226s] Level 1:colcon.colcon_core.package_identification:_identify(py/test) by extension 'python'
[0.226s] Level 1:colcon.colcon_core.package_identification:_identify(py/test) by extensions ['python_setup_py']
[0.226s] Level 1:colcon.colcon_core.package_identification:_identify(py/test) by extension 'python_setup_py'
[0.226s] Level 1:colcon.colcon_core.package_identification:_identify(src) by extensions ['ignore', 'ignore_ament_install']
[0.227s] Level 1:colcon.colcon_core.package_identification:_identify(src) by extension 'ignore'
[0.227s] Level 1:colcon.colcon_core.package_identification:_identify(src) by extension 'ignore_ament_install'
[0.227s] Level 1:colcon.colcon_core.package_identification:_identify(src) by extensions ['colcon_pkg']
[0.227s] Level 1:colcon.colcon_core.package_identification:_identify(src) by extension 'colcon_pkg'
[0.227s] Level 1:colcon.colcon_core.package_identification:_identify(src) by extensions ['colcon_meta']
[0.227s] Level 1:colcon.colcon_core.package_identification:_identify(src) by extension 'colcon_meta'
[0.227s] Level 1:colcon.colcon_core.package_identification:_identify(src) by extensions ['ros']
[0.227s] Level 1:colcon.colcon_core.package_identification:_identify(src) by extension 'ros'
[0.227s] Level 1:colcon.colcon_core.package_identification:_identify(src) by extensions ['cmake', 'python']
[0.227s] Level 1:colcon.colcon_core.package_identification:_identify(src) by extension 'cmake'
[0.227s] Level 1:colcon.colcon_core.package_identification:_identify(src) by extension 'python'
[0.227s] Level 1:colcon.colcon_core.package_identification:_identify(src) by extensions ['python_setup_py']
[0.227s] Level 1:colcon.colcon_core.package_identification:_identify(src) by extension 'python_setup_py'
[0.227s] Level 1:colcon.colcon_core.package_identification:_identify(src/display) by extensions ['ignore', 'ignore_ament_install']
[0.227s] Level 1:colcon.colcon_core.package_identification:_identify(src/display) by extension 'ignore'
[0.227s] Level 1:colcon.colcon_core.package_identification:_identify(src/display) by extension 'ignore_ament_install'
[0.227s] Level 1:colcon.colcon_core.package_identification:_identify(src/display) by extensions ['colcon_pkg']
[0.227s] Level 1:colcon.colcon_core.package_identification:_identify(src/display) by extension 'colcon_pkg'
[0.227s] Level 1:colcon.colcon_core.package_identification:_identify(src/display) by extensions ['colcon_meta']
[0.227s] Level 1:colcon.colcon_core.package_identification:_identify(src/display) by extension 'colcon_meta'
[0.227s] Level 1:colcon.colcon_core.package_identification:_identify(src/display) by extensions ['ros']
[0.227s] Level 1:colcon.colcon_core.package_identification:_identify(src/display) by extension 'ros'
[0.230s] DEBUG:colcon.colcon_core.package_identification:Package 'src/display' with type 'ros.ament_cmake' and name 'display'
[0.230s] Level 1:colcon.colcon_core.package_identification:_identify(src/hik_camera_ros2_driver) by extensions ['ignore', 'ignore_ament_install']
[0.230s] Level 1:colcon.colcon_core.package_identification:_identify(src/hik_camera_ros2_driver) by extension 'ignore'
[0.230s] Level 1:colcon.colcon_core.package_identification:_identify(src/hik_camera_ros2_driver) by extension 'ignore_ament_install'
[0.230s] Level 1:colcon.colcon_core.package_identification:_identify(src/hik_camera_ros2_driver) by extensions ['colcon_pkg']
[0.230s] Level 1:colcon.colcon_core.package_identification:_identify(src/hik_camera_ros2_driver) by extension 'colcon_pkg'
[0.230s] Level 1:colcon.colcon_core.package_identification:_identify(src/hik_camera_ros2_driver) by extensions ['colcon_meta']
[0.230s] Level 1:colcon.colcon_core.package_identification:_identify(src/hik_camera_ros2_driver) by extension 'colcon_meta'
[0.230s] Level 1:colcon.colcon_core.package_identification:_identify(src/hik_camera_ros2_driver) by extensions ['ros']
[0.230s] Level 1:colcon.colcon_core.package_identification:_identify(src/hik_camera_ros2_driver) by extension 'ros'
[0.231s] DEBUG:colcon.colcon_core.package_identification:Package 'src/hik_camera_ros2_driver' with type 'ros.ament_cmake' and name 'hik_camera_ros2_driver'
[0.231s] Level 1:colcon.colcon_core.package_identification:_identify(src/resolving) by extensions ['ignore', 'ignore_ament_install']
[0.231s] Level 1:colcon.colcon_core.package_identification:_identify(src/resolving) by extension 'ignore'
[0.231s] Level 1:colcon.colcon_core.package_identification:_identify(src/resolving) by extension 'ignore_ament_install'
[0.231s] Level 1:colcon.colcon_core.package_identification:_identify(src/resolving) by extensions ['colcon_pkg']
[0.231s] Level 1:colcon.colcon_core.package_identification:_identify(src/resolving) by extension 'colcon_pkg'
[0.231s] Level 1:colcon.colcon_core.package_identification:_identify(src/resolving) by extensions ['colcon_meta']
[0.231s] Level 1:colcon.colcon_core.package_identification:_identify(src/resolving) by extension 'colcon_meta'
[0.231s] Level 1:colcon.colcon_core.package_identification:_identify(src/resolving) by extensions ['ros']
[0.231s] Level 1:colcon.colcon_core.package_identification:_identify(src/resolving) by extension 'ros'
[0.232s] DEBUG:colcon.colcon_core.package_identification:Package 'src/resolving' with type 'ros.ament_cmake' and name 'resolve'
[0.232s] Level 1:colcon.colcon_core.package_identification:_identify(src/serial) by extensions ['ignore', 'ignore_ament_install']
[0.232s] Level 1:colcon.colcon_core.package_identification:_identify(src/serial) by extension 'ignore'
[0.232s] Level 1:colcon.colcon_core.package_identification:_identify(src/serial) by extension 'ignore_ament_install'
[0.232s] Level 1:colcon.colcon_core.package_identification:_identify(src/serial) by extensions ['colcon_pkg']
[0.232s] Level 1:colcon.colcon_core.package_identification:_identify(src/serial) by extension 'colcon_pkg'
[0.232s] Level 1:colcon.colcon_core.package_identification:_identify(src/serial) by extensions ['colcon_meta']
[0.232s] Level 1:colcon.colcon_core.package_identification:_identify(src/serial) by extension 'colcon_meta'
[0.232s] Level 1:colcon.colcon_core.package_identification:_identify(src/serial) by extensions ['ros']
[0.232s] Level 1:colcon.colcon_core.package_identification:_identify(src/serial) by extension 'ros'
[0.233s] DEBUG:colcon.colcon_core.package_identification:Package 'src/serial' with type 'ros.ament_cmake' and name 'serial'
[0.233s] Level 1:colcon.colcon_core.package_identification:_identify(src/vision_interfaces) by extensions ['ignore', 'ignore_ament_install']
[0.233s] Level 1:colcon.colcon_core.package_identification:_identify(src/vision_interfaces) by extension 'ignore'
[0.233s] Level 1:colcon.colcon_core.package_identification:_identify(src/vision_interfaces) by extension 'ignore_ament_install'
[0.233s] Level 1:colcon.colcon_core.package_identification:_identify(src/vision_interfaces) by extensions ['colcon_pkg']
[0.233s] Level 1:colcon.colcon_core.package_identification:_identify(src/vision_interfaces) by extension 'colcon_pkg'
[0.233s] Level 1:colcon.colcon_core.package_identification:_identify(src/vision_interfaces) by extensions ['colcon_meta']
[0.233s] Level 1:colcon.colcon_core.package_identification:_identify(src/vision_interfaces) by extension 'colcon_meta'
[0.233s] Level 1:colcon.colcon_core.package_identification:_identify(src/vision_interfaces) by extensions ['ros']
[0.233s] Level 1:colcon.colcon_core.package_identification:_identify(src/vision_interfaces) by extension 'ros'
[0.234s] DEBUG:colcon.colcon_core.package_identification:Package 'src/vision_interfaces' with type 'ros.ament_cmake' and name 'vision_interfaces'
[0.234s] Level 1:colcon.colcon_core.package_identification:_identify(video) by extensions ['ignore', 'ignore_ament_install']
[0.234s] Level 1:colcon.colcon_core.package_identification:_identify(video) by extension 'ignore'
[0.234s] Level 1:colcon.colcon_core.package_identification:_identify(video) by extension 'ignore_ament_install'
[0.234s] Level 1:colcon.colcon_core.package_identification:_identify(video) by extensions ['colcon_pkg']
[0.234s] Level 1:colcon.colcon_core.package_identification:_identify(video) by extension 'colcon_pkg'
[0.234s] Level 1:colcon.colcon_core.package_identification:_identify(video) by extensions ['colcon_meta']
[0.234s] Level 1:colcon.colcon_core.package_identification:_identify(video) by extension 'colcon_meta'
[0.234s] Level 1:colcon.colcon_core.package_identification:_identify(video) by extensions ['ros']
[0.234s] Level 1:colcon.colcon_core.package_identification:_identify(video) by extension 'ros'
[0.234s] Level 1:colcon.colcon_core.package_identification:_identify(video) by extensions ['cmake', 'python']
[0.234s] Level 1:colcon.colcon_core.package_identification:_identify(video) by extension 'cmake'
[0.234s] Level 1:colcon.colcon_core.package_identification:_identify(video) by extension 'python'
[0.234s] Level 1:colcon.colcon_core.package_identification:_identify(video) by extensions ['python_setup_py']
[0.234s] Level 1:colcon.colcon_core.package_identification:_identify(video) by extension 'python_setup_py'
[0.234s] Level 1:colcon.colcon_core.package_discovery:discover_packages(recursive) using defaults
[0.234s] Level 1:colcon.colcon_core.package_discovery:discover_packages(ignore) discover
[0.234s] Level 1:colcon.colcon_core.package_discovery:discover_packages(ignore) using defaults
[0.234s] Level 1:colcon.colcon_core.package_discovery:discover_packages(path) discover
[0.234s] Level 1:colcon.colcon_core.package_discovery:discover_packages(path) using defaults
[0.259s] Level 1:colcon.colcon_core.package_discovery:discover_packages(prefix_path) check parameters
[0.259s] Level 1:colcon.colcon_core.package_discovery:discover_packages(prefix_path) discover
[0.261s] DEBUG:colcon.colcon_installed_package_information.package_discovery:Found 5 installed packages in /home/new-sentry/Desktop/boom_ws/install
[0.262s] DEBUG:colcon.colcon_installed_package_information.package_discovery:Found 333 installed packages in /opt/ros/humble
[0.263s] Level 1:colcon.colcon_core.package_discovery:discover_packages(prefix_path) using defaults
[0.284s] Level 5:colcon.colcon_core.verb:set package 'display' build argument 'cmake_args' from command line to 'None'
[0.284s] Level 5:colcon.colcon_core.verb:set package 'display' build argument 'cmake_target' from command line to 'None'
[0.284s] Level 5:colcon.colcon_core.verb:set package 'display' build argument 'cmake_target_skip_unavailable' from command line to 'False'
[0.284s] Level 5:colcon.colcon_core.verb:set package 'display' build argument 'cmake_clean_cache' from command line to 'False'
[0.284s] Level 5:colcon.colcon_core.verb:set package 'display' build argument 'cmake_clean_first' from command line to 'False'
[0.284s] Level 5:colcon.colcon_core.verb:set package 'display' build argument 'cmake_force_configure' from command line to 'False'
[0.284s] Level 5:colcon.colcon_core.verb:set package 'display' build argument 'ament_cmake_args' from command line to 'None'
[0.284s] Level 5:colcon.colcon_core.verb:set package 'display' build argument 'catkin_cmake_args' from command line to 'None'
[0.284s] Level 5:colcon.colcon_core.verb:set package 'display' build argument 'catkin_skip_building_tests' from command line to 'False'
[0.284s] DEBUG:colcon.colcon_core.verb:Building package 'display' with the following arguments: {'ament_cmake_args': None, 'build_base': '/home/new-sentry/Desktop/boom_ws/build/display', 'catkin_cmake_args': None, 'catkin_skip_building_tests': False, 'cmake_args': None, 'cmake_clean_cache': False, 'cmake_clean_first': False, 'cmake_force_configure': False, 'cmake_target': None, 'cmake_target_skip_unavailable': False, 'install_base': '/home/new-sentry/Desktop/boom_ws/install/display', 'merge_install': False, 'path': '/home/new-sentry/Desktop/boom_ws/src/display', 'symlink_install': False, 'test_result_base': None}
[0.284s] Level 5:colcon.colcon_core.verb:set package 'hik_camera_ros2_driver' build argument 'cmake_args' from command line to 'None'
[0.284s] Level 5:colcon.colcon_core.verb:set package 'hik_camera_ros2_driver' build argument 'cmake_target' from command line to 'None'
[0.284s] Level 5:colcon.colcon_core.verb:set package 'hik_camera_ros2_driver' build argument 'cmake_target_skip_unavailable' from command line to 'False'
[0.284s] Level 5:colcon.colcon_core.verb:set package 'hik_camera_ros2_driver' build argument 'cmake_clean_cache' from command line to 'False'
[0.284s] Level 5:colcon.colcon_core.verb:set package 'hik_camera_ros2_driver' build argument 'cmake_clean_first' from command line to 'False'
[0.284s] Level 5:colcon.colcon_core.verb:set package 'hik_camera_ros2_driver' build argument 'cmake_force_configure' from command line to 'False'
[0.284s] Level 5:colcon.colcon_core.verb:set package 'hik_camera_ros2_driver' build argument 'ament_cmake_args' from command line to 'None'
[0.284s] Level 5:colcon.colcon_core.verb:set package 'hik_camera_ros2_driver' build argument 'catkin_cmake_args' from command line to 'None'
[0.284s] Level 5:colcon.colcon_core.verb:set package 'hik_camera_ros2_driver' build argument 'catkin_skip_building_tests' from command line to 'False'
[0.284s] DEBUG:colcon.colcon_core.verb:Building package 'hik_camera_ros2_driver' with the following arguments: {'ament_cmake_args': None, 'build_base': '/home/new-sentry/Desktop/boom_ws/build/hik_camera_ros2_driver', 'catkin_cmake_args': None, 'catkin_skip_building_tests': False, 'cmake_args': None, 'cmake_clean_cache': False, 'cmake_clean_first': False, 'cmake_force_configure': False, 'cmake_target': None, 'cmake_target_skip_unavailable': False, 'install_base': '/home/new-sentry/Desktop/boom_ws/install/hik_camera_ros2_driver', 'merge_install': False, 'path': '/home/new-sentry/Desktop/boom_ws/src/hik_camera_ros2_driver', 'symlink_install': False, 'test_result_base': None}
[0.284s] Level 5:colcon.colcon_core.verb:set package 'vision_interfaces' build argument 'cmake_args' from command line to 'None'
[0.285s] Level 5:colcon.colcon_core.verb:set package 'vision_interfaces' build argument 'cmake_target' from command line to 'None'
[0.285s] Level 5:colcon.colcon_core.verb:set package 'vision_interfaces' build argument 'cmake_target_skip_unavailable' from command line to 'False'
[0.285s] Level 5:colcon.colcon_core.verb:set package 'vision_interfaces' build argument 'cmake_clean_cache' from command line to 'False'
[0.285s] Level 5:colcon.colcon_core.verb:set package 'vision_interfaces' build argument 'cmake_clean_first' from command line to 'False'
[0.285s] Level 5:colcon.colcon_core.verb:set package 'vision_interfaces' build argument 'cmake_force_configure' from command line to 'False'
[0.285s] Level 5:colcon.colcon_core.verb:set package 'vision_interfaces' build argument 'ament_cmake_args' from command line to 'None'
[0.285s] Level 5:colcon.colcon_core.verb:set package 'vision_interfaces' build argument 'catkin_cmake_args' from command line to 'None'
[0.285s] Level 5:colcon.colcon_core.verb:set package 'vision_interfaces' build argument 'catkin_skip_building_tests' from command line to 'False'
[0.285s] DEBUG:colcon.colcon_core.verb:Building package 'vision_interfaces' with the following arguments: {'ament_cmake_args': None, 'build_base': '/home/new-sentry/Desktop/boom_ws/build/vision_interfaces', 'catkin_cmake_args': None, 'catkin_skip_building_tests': False, 'cmake_args': None, 'cmake_clean_cache': False, 'cmake_clean_first': False, 'cmake_force_configure': False, 'cmake_target': None, 'cmake_target_skip_unavailable': False, 'install_base': '/home/new-sentry/Desktop/boom_ws/install/vision_interfaces', 'merge_install': False, 'path': '/home/new-sentry/Desktop/boom_ws/src/vision_interfaces', 'symlink_install': False, 'test_result_base': None}
[0.285s] Level 5:colcon.colcon_core.verb:set package 'resolve' build argument 'cmake_args' from command line to 'None'
[0.285s] Level 5:colcon.colcon_core.verb:set package 'resolve' build argument 'cmake_target' from command line to 'None'
[0.285s] Level 5:colcon.colcon_core.verb:set package 'resolve' build argument 'cmake_target_skip_unavailable' from command line to 'False'
[0.285s] Level 5:colcon.colcon_core.verb:set package 'resolve' build argument 'cmake_clean_cache' from command line to 'False'
[0.285s] Level 5:colcon.colcon_core.verb:set package 'resolve' build argument 'cmake_clean_first' from command line to 'False'
[0.285s] Level 5:colcon.colcon_core.verb:set package 'resolve' build argument 'cmake_force_configure' from command line to 'False'
[0.285s] Level 5:colcon.colcon_core.verb:set package 'resolve' build argument 'ament_cmake_args' from command line to 'None'
[0.285s] Level 5:colcon.colcon_core.verb:set package 'resolve' build argument 'catkin_cmake_args' from command line to 'None'
[0.285s] Level 5:colcon.colcon_core.verb:set package 'resolve' build argument 'catkin_skip_building_tests' from command line to 'False'
[0.285s] DEBUG:colcon.colcon_core.verb:Building package 'resolve' with the following arguments: {'ament_cmake_args': None, 'build_base': '/home/new-sentry/Desktop/boom_ws/build/resolve', 'catkin_cmake_args': None, 'catkin_skip_building_tests': False, 'cmake_args': None, 'cmake_clean_cache': False, 'cmake_clean_first': False, 'cmake_force_configure': False, 'cmake_target': None, 'cmake_target_skip_unavailable': False, 'install_base': '/home/new-sentry/Desktop/boom_ws/install/resolve', 'merge_install': False, 'path': '/home/new-sentry/Desktop/boom_ws/src/resolving', 'symlink_install': False, 'test_result_base': None}
[0.285s] Level 5:colcon.colcon_core.verb:set package 'serial' build argument 'cmake_args' from command line to 'None'
[0.285s] Level 5:colcon.colcon_core.verb:set package 'serial' build argument 'cmake_target' from command line to 'None'
[0.285s] Level 5:colcon.colcon_core.verb:set package 'serial' build argument 'cmake_target_skip_unavailable' from command line to 'False'
[0.285s] Level 5:colcon.colcon_core.verb:set package 'serial' build argument 'cmake_clean_cache' from command line to 'False'
[0.285s] Level 5:colcon.colcon_core.verb:set package 'serial' build argument 'cmake_clean_first' from command line to 'False'
[0.285s] Level 5:colcon.colcon_core.verb:set package 'serial' build argument 'cmake_force_configure' from command line to 'False'
[0.285s] Level 5:colcon.colcon_core.verb:set package 'serial' build argument 'ament_cmake_args' from command line to 'None'
[0.285s] Level 5:colcon.colcon_core.verb:set package 'serial' build argument 'catkin_cmake_args' from command line to 'None'
[0.285s] Level 5:colcon.colcon_core.verb:set package 'serial' build argument 'catkin_skip_building_tests' from command line to 'False'
[0.285s] DEBUG:colcon.colcon_core.verb:Building package 'serial' with the following arguments: {'ament_cmake_args': None, 'build_base': '/home/new-sentry/Desktop/boom_ws/build/serial', 'catkin_cmake_args': None, 'catkin_skip_building_tests': False, 'cmake_args': None, 'cmake_clean_cache': False, 'cmake_clean_first': False, 'cmake_force_configure': False, 'cmake_target': None, 'cmake_target_skip_unavailable': False, 'install_base': '/home/new-sentry/Desktop/boom_ws/install/serial', 'merge_install': False, 'path': '/home/new-sentry/Desktop/boom_ws/src/serial', 'symlink_install': False, 'test_result_base': None}
[0.285s] INFO:colcon.colcon_core.executor:Executing jobs using 'parallel' executor
[0.286s] DEBUG:colcon.colcon_parallel_executor.executor.parallel:run_until_complete
[0.286s] INFO:colcon.colcon_ros.task.ament_cmake.build:Building ROS package in '/home/new-sentry/Desktop/boom_ws/src/vision_interfaces' with build type 'ament_cmake'
[0.286s] INFO:colcon.colcon_cmake.task.cmake.build:Building CMake package in '/home/new-sentry/Desktop/boom_ws/src/vision_interfaces'
[0.426s] INFO:colcon.colcon_core.plugin_system:Skipping extension 'colcon_core.shell.bat': Not used on non-Windows systems
[0.426s] INFO:colcon.colcon_core.shell:Skip shell extension 'powershell' for command environment: Not usable outside of PowerShell
[0.426s] DEBUG:colcon.colcon_core.shell:Skip shell extension 'dsv' for command environment
[0.430s] INFO:colcon.colcon_ros.task.ament_cmake.build:Building ROS package in '/home/new-sentry/Desktop/boom_ws/src/display' with build type 'ament_cmake'
[0.431s] INFO:colcon.colcon_cmake.task.cmake.build:Building CMake package in '/home/new-sentry/Desktop/boom_ws/src/display'
[0.431s] INFO:colcon.colcon_core.shell:Skip shell extension 'powershell' for command environment: Not usable outside of PowerShell
[0.431s] DEBUG:colcon.colcon_core.shell:Skip shell extension 'dsv' for command environment
[0.433s] INFO:colcon.colcon_ros.task.ament_cmake.build:Building ROS package in '/home/new-sentry/Desktop/boom_ws/src/hik_camera_ros2_driver' with build type 'ament_cmake'
[0.433s] INFO:colcon.colcon_cmake.task.cmake.build:Building CMake package in '/home/new-sentry/Desktop/boom_ws/src/hik_camera_ros2_driver'
[0.434s] INFO:colcon.colcon_core.shell:Skip shell extension 'powershell' for command environment: Not usable outside of PowerShell
[0.434s] DEBUG:colcon.colcon_core.shell:Skip shell extension 'dsv' for command environment
[0.438s] DEBUG:colcon.colcon_core.event_handler.log_command:Invoking command in '/home/new-sentry/Desktop/boom_ws/build/vision_interfaces': CMAKE_PREFIX_PATH=${CMAKE_PREFIX_PATH}:/opt/ros/humble /usr/local/bin/cmake --build /home/new-sentry/Desktop/boom_ws/build/vision_interfaces -- -j16 -l16
[0.440s] DEBUG:colcon.colcon_core.event_handler.log_command:Invoking command in '/home/new-sentry/Desktop/boom_ws/build/display': CMAKE_PREFIX_PATH=${CMAKE_PREFIX_PATH}:/opt/ros/humble /usr/local/bin/cmake --build /home/new-sentry/Desktop/boom_ws/build/display -- -j16 -l16
[0.442s] DEBUG:colcon.colcon_core.event_handler.log_command:Invoking command in '/home/new-sentry/Desktop/boom_ws/build/hik_camera_ros2_driver': CMAKE_PREFIX_PATH=${CMAKE_PREFIX_PATH}:/opt/ros/humble /usr/local/bin/cmake --build /home/new-sentry/Desktop/boom_ws/build/hik_camera_ros2_driver -- -j16 -l16
[0.492s] DEBUG:colcon.colcon_core.event_handler.log_command:Invoked command in '/home/new-sentry/Desktop/boom_ws/build/hik_camera_ros2_driver' returned '0': CMAKE_PREFIX_PATH=${CMAKE_PREFIX_PATH}:/opt/ros/humble /usr/local/bin/cmake --build /home/new-sentry/Desktop/boom_ws/build/hik_camera_ros2_driver -- -j16 -l16
[0.499s] DEBUG:colcon.colcon_core.event_handler.log_command:Invoking command in '/home/new-sentry/Desktop/boom_ws/build/hik_camera_ros2_driver': CMAKE_PREFIX_PATH=${CMAKE_PREFIX_PATH}:/opt/ros/humble /usr/local/bin/cmake --install /home/new-sentry/Desktop/boom_ws/build/hik_camera_ros2_driver
[0.501s] DEBUG:colcon.colcon_core.event_handler.log_command:Invoked command in '/home/new-sentry/Desktop/boom_ws/build/display' returned '0': CMAKE_PREFIX_PATH=${CMAKE_PREFIX_PATH}:/opt/ros/humble /usr/local/bin/cmake --build /home/new-sentry/Desktop/boom_ws/build/display -- -j16 -l16
[0.503s] DEBUG:colcon.colcon_core.event_handler.log_command:Invoking command in '/home/new-sentry/Desktop/boom_ws/build/display': CMAKE_PREFIX_PATH=${CMAKE_PREFIX_PATH}:/opt/ros/humble /usr/local/bin/cmake --install /home/new-sentry/Desktop/boom_ws/build/display
[0.508s] Level 1:colcon.colcon_core.environment:create_environment_scripts_only(hik_camera_ros2_driver)
[0.509s] DEBUG:colcon.colcon_core.event_handler.log_command:Invoked command in '/home/new-sentry/Desktop/boom_ws/build/hik_camera_ros2_driver' returned '0': CMAKE_PREFIX_PATH=${CMAKE_PREFIX_PATH}:/opt/ros/humble /usr/local/bin/cmake --install /home/new-sentry/Desktop/boom_ws/build/hik_camera_ros2_driver
[0.515s] Level 1:colcon.colcon_core.environment:checking '/home/new-sentry/Desktop/boom_ws/install/hik_camera_ros2_driver' for CMake module files
[0.516s] Level 1:colcon.colcon_core.environment:checking '/home/new-sentry/Desktop/boom_ws/install/hik_camera_ros2_driver' for CMake config files
[0.516s] Level 1:colcon.colcon_core.shell:create_environment_hook('hik_camera_ros2_driver', 'cmake_prefix_path')
[0.516s] INFO:colcon.colcon_core.shell:Creating environment hook '/home/new-sentry/Desktop/boom_ws/install/hik_camera_ros2_driver/share/hik_camera_ros2_driver/hook/cmake_prefix_path.ps1'
[0.517s] INFO:colcon.colcon_core.shell:Creating environment descriptor '/home/new-sentry/Desktop/boom_ws/install/hik_camera_ros2_driver/share/hik_camera_ros2_driver/hook/cmake_prefix_path.dsv'
[0.518s] INFO:colcon.colcon_core.shell:Creating environment hook '/home/new-sentry/Desktop/boom_ws/install/hik_camera_ros2_driver/share/hik_camera_ros2_driver/hook/cmake_prefix_path.sh'
[0.518s] Level 1:colcon.colcon_core.environment:checking '/home/new-sentry/Desktop/boom_ws/install/hik_camera_ros2_driver/lib'
[0.518s] Level 1:colcon.colcon_core.shell:create_environment_hook('hik_camera_ros2_driver', 'ld_library_path_lib')
[0.519s] INFO:colcon.colcon_core.shell:Creating environment hook '/home/new-sentry/Desktop/boom_ws/install/hik_camera_ros2_driver/share/hik_camera_ros2_driver/hook/ld_library_path_lib.ps1'
[0.519s] INFO:colcon.colcon_core.shell:Creating environment descriptor '/home/new-sentry/Desktop/boom_ws/install/hik_camera_ros2_driver/share/hik_camera_ros2_driver/hook/ld_library_path_lib.dsv'
[0.519s] INFO:colcon.colcon_core.shell:Creating environment hook '/home/new-sentry/Desktop/boom_ws/install/hik_camera_ros2_driver/share/hik_camera_ros2_driver/hook/ld_library_path_lib.sh'
[0.519s] Level 1:colcon.colcon_core.environment:checking '/home/new-sentry/Desktop/boom_ws/install/hik_camera_ros2_driver/bin'
[0.519s] Level 1:colcon.colcon_core.environment:checking '/home/new-sentry/Desktop/boom_ws/install/hik_camera_ros2_driver/lib/pkgconfig/hik_camera_ros2_driver.pc'
[0.520s] Level 1:colcon.colcon_core.environment:checking '/home/new-sentry/Desktop/boom_ws/install/hik_camera_ros2_driver/lib/python3.10/site-packages'
[0.520s] Level 1:colcon.colcon_core.environment:checking '/home/new-sentry/Desktop/boom_ws/install/hik_camera_ros2_driver/bin'
[0.520s] INFO:colcon.colcon_core.shell:Creating package script '/home/new-sentry/Desktop/boom_ws/install/hik_camera_ros2_driver/share/hik_camera_ros2_driver/package.ps1'
[0.521s] INFO:colcon.colcon_core.shell:Creating package descriptor '/home/new-sentry/Desktop/boom_ws/install/hik_camera_ros2_driver/share/hik_camera_ros2_driver/package.dsv'
[0.522s] INFO:colcon.colcon_core.shell:Creating package script '/home/new-sentry/Desktop/boom_ws/install/hik_camera_ros2_driver/share/hik_camera_ros2_driver/package.sh'
[0.523s] INFO:colcon.colcon_core.shell:Creating package script '/home/new-sentry/Desktop/boom_ws/install/hik_camera_ros2_driver/share/hik_camera_ros2_driver/package.bash'
[0.523s] INFO:colcon.colcon_core.shell:Creating package script '/home/new-sentry/Desktop/boom_ws/install/hik_camera_ros2_driver/share/hik_camera_ros2_driver/package.zsh'
[0.524s] Level 1:colcon.colcon_core.environment:create_file_with_runtime_dependencies(/home/new-sentry/Desktop/boom_ws/install/hik_camera_ros2_driver/share/colcon-core/packages/hik_camera_ros2_driver)
[0.525s] Level 1:colcon.colcon_core.environment:create_environment_scripts_only(hik_camera_ros2_driver)
[0.525s] Level 1:colcon.colcon_core.environment:checking '/home/new-sentry/Desktop/boom_ws/install/hik_camera_ros2_driver' for CMake module files
[0.526s] Level 1:colcon.colcon_core.environment:checking '/home/new-sentry/Desktop/boom_ws/install/hik_camera_ros2_driver' for CMake config files
[0.526s] Level 1:colcon.colcon_core.shell:create_environment_hook('hik_camera_ros2_driver', 'cmake_prefix_path')
[0.526s] INFO:colcon.colcon_core.shell:Creating environment hook '/home/new-sentry/Desktop/boom_ws/install/hik_camera_ros2_driver/share/hik_camera_ros2_driver/hook/cmake_prefix_path.ps1'
[0.527s] INFO:colcon.colcon_core.shell:Creating environment descriptor '/home/new-sentry/Desktop/boom_ws/install/hik_camera_ros2_driver/share/hik_camera_ros2_driver/hook/cmake_prefix_path.dsv'
[0.527s] INFO:colcon.colcon_core.shell:Creating environment hook '/home/new-sentry/Desktop/boom_ws/install/hik_camera_ros2_driver/share/hik_camera_ros2_driver/hook/cmake_prefix_path.sh'
[0.527s] Level 1:colcon.colcon_core.environment:checking '/home/new-sentry/Desktop/boom_ws/install/hik_camera_ros2_driver/lib'
[0.528s] Level 1:colcon.colcon_core.shell:create_environment_hook('hik_camera_ros2_driver', 'ld_library_path_lib')
[0.528s] INFO:colcon.colcon_core.shell:Creating environment hook '/home/new-sentry/Desktop/boom_ws/install/hik_camera_ros2_driver/share/hik_camera_ros2_driver/hook/ld_library_path_lib.ps1'
[0.529s] INFO:colcon.colcon_core.shell:Creating environment descriptor '/home/new-sentry/Desktop/boom_ws/install/hik_camera_ros2_driver/share/hik_camera_ros2_driver/hook/ld_library_path_lib.dsv'
[0.529s] INFO:colcon.colcon_core.shell:Creating environment hook '/home/new-sentry/Desktop/boom_ws/install/hik_camera_ros2_driver/share/hik_camera_ros2_driver/hook/ld_library_path_lib.sh'
[0.530s] Level 1:colcon.colcon_core.environment:checking '/home/new-sentry/Desktop/boom_ws/install/hik_camera_ros2_driver/bin'
[0.530s] Level 1:colcon.colcon_core.environment:checking '/home/new-sentry/Desktop/boom_ws/install/hik_camera_ros2_driver/lib/pkgconfig/hik_camera_ros2_driver.pc'
[0.530s] Level 1:colcon.colcon_core.environment:checking '/home/new-sentry/Desktop/boom_ws/install/hik_camera_ros2_driver/lib/python3.10/site-packages'
[0.530s] Level 1:colcon.colcon_core.environment:checking '/home/new-sentry/Desktop/boom_ws/install/hik_camera_ros2_driver/bin'
[0.530s] INFO:colcon.colcon_core.shell:Creating package script '/home/new-sentry/Desktop/boom_ws/install/hik_camera_ros2_driver/share/hik_camera_ros2_driver/package.ps1'
[0.531s] INFO:colcon.colcon_core.shell:Creating package descriptor '/home/new-sentry/Desktop/boom_ws/install/hik_camera_ros2_driver/share/hik_camera_ros2_driver/package.dsv'
[0.531s] INFO:colcon.colcon_core.shell:Creating package script '/home/new-sentry/Desktop/boom_ws/install/hik_camera_ros2_driver/share/hik_camera_ros2_driver/package.sh'
[0.531s] INFO:colcon.colcon_core.shell:Creating package script '/home/new-sentry/Desktop/boom_ws/install/hik_camera_ros2_driver/share/hik_camera_ros2_driver/package.bash'
[0.532s] INFO:colcon.colcon_core.shell:Creating package script '/home/new-sentry/Desktop/boom_ws/install/hik_camera_ros2_driver/share/hik_camera_ros2_driver/package.zsh'
[0.532s] Level 1:colcon.colcon_core.environment:create_file_with_runtime_dependencies(/home/new-sentry/Desktop/boom_ws/install/hik_camera_ros2_driver/share/colcon-core/packages/hik_camera_ros2_driver)
[0.533s] Level 1:colcon.colcon_core.environment:create_environment_scripts_only(display)
[0.533s] Level 1:colcon.colcon_core.environment:checking '/home/new-sentry/Desktop/boom_ws/install/display' for CMake module files
[0.534s] DEBUG:colcon.colcon_core.event_handler.log_command:Invoked command in '/home/new-sentry/Desktop/boom_ws/build/display' returned '0': CMAKE_PREFIX_PATH=${CMAKE_PREFIX_PATH}:/opt/ros/humble /usr/local/bin/cmake --install /home/new-sentry/Desktop/boom_ws/build/display
[0.534s] Level 1:colcon.colcon_core.environment:checking '/home/new-sentry/Desktop/boom_ws/install/display' for CMake config files
[0.534s] Level 1:colcon.colcon_core.shell:create_environment_hook('display', 'cmake_prefix_path')
[0.534s] INFO:colcon.colcon_core.shell:Creating environment hook '/home/new-sentry/Desktop/boom_ws/install/display/share/display/hook/cmake_prefix_path.ps1'
[0.534s] INFO:colcon.colcon_core.shell:Creating environment descriptor '/home/new-sentry/Desktop/boom_ws/install/display/share/display/hook/cmake_prefix_path.dsv'
[0.534s] INFO:colcon.colcon_core.shell:Creating environment hook '/home/new-sentry/Desktop/boom_ws/install/display/share/display/hook/cmake_prefix_path.sh'
[0.535s] Level 1:colcon.colcon_core.environment:checking '/home/new-sentry/Desktop/boom_ws/install/display/lib'
[0.535s] Level 1:colcon.colcon_core.environment:checking '/home/new-sentry/Desktop/boom_ws/install/display/bin'
[0.535s] Level 1:colcon.colcon_core.environment:checking '/home/new-sentry/Desktop/boom_ws/install/display/lib/pkgconfig/display.pc'
[0.535s] Level 1:colcon.colcon_core.environment:checking '/home/new-sentry/Desktop/boom_ws/install/display/lib/python3.10/site-packages'
[0.535s] Level 1:colcon.colcon_core.environment:checking '/home/new-sentry/Desktop/boom_ws/install/display/bin'
[0.535s] INFO:colcon.colcon_core.shell:Creating package script '/home/new-sentry/Desktop/boom_ws/install/display/share/display/package.ps1'
[0.536s] INFO:colcon.colcon_core.shell:Creating package descriptor '/home/new-sentry/Desktop/boom_ws/install/display/share/display/package.dsv'
[0.536s] INFO:colcon.colcon_core.shell:Creating package script '/home/new-sentry/Desktop/boom_ws/install/display/share/display/package.sh'
[0.536s] INFO:colcon.colcon_core.shell:Creating package script '/home/new-sentry/Desktop/boom_ws/install/display/share/display/package.bash'
[0.537s] INFO:colcon.colcon_core.shell:Creating package script '/home/new-sentry/Desktop/boom_ws/install/display/share/display/package.zsh'
[0.537s] Level 1:colcon.colcon_core.environment:create_file_with_runtime_dependencies(/home/new-sentry/Desktop/boom_ws/install/display/share/colcon-core/packages/display)
[0.537s] Level 1:colcon.colcon_core.environment:create_environment_scripts_only(display)
[0.537s] Level 1:colcon.colcon_core.environment:checking '/home/new-sentry/Desktop/boom_ws/install/display' for CMake module files
[0.538s] Level 1:colcon.colcon_core.environment:checking '/home/new-sentry/Desktop/boom_ws/install/display' for CMake config files
[0.538s] Level 1:colcon.colcon_core.shell:create_environment_hook('display', 'cmake_prefix_path')
[0.538s] INFO:colcon.colcon_core.shell:Creating environment hook '/home/new-sentry/Desktop/boom_ws/install/display/share/display/hook/cmake_prefix_path.ps1'
[0.538s] INFO:colcon.colcon_core.shell:Creating environment descriptor '/home/new-sentry/Desktop/boom_ws/install/display/share/display/hook/cmake_prefix_path.dsv'
[0.538s] INFO:colcon.colcon_core.shell:Creating environment hook '/home/new-sentry/Desktop/boom_ws/install/display/share/display/hook/cmake_prefix_path.sh'
[0.539s] Level 1:colcon.colcon_core.environment:checking '/home/new-sentry/Desktop/boom_ws/install/display/lib'
[0.539s] Level 1:colcon.colcon_core.environment:checking '/home/new-sentry/Desktop/boom_ws/install/display/bin'
[0.539s] Level 1:colcon.colcon_core.environment:checking '/home/new-sentry/Desktop/boom_ws/install/display/lib/pkgconfig/display.pc'
[0.539s] Level 1:colcon.colcon_core.environment:checking '/home/new-sentry/Desktop/boom_ws/install/display/lib/python3.10/site-packages'
[0.539s] Level 1:colcon.colcon_core.environment:checking '/home/new-sentry/Desktop/boom_ws/install/display/bin'
[0.539s] INFO:colcon.colcon_core.shell:Creating package script '/home/new-sentry/Desktop/boom_ws/install/display/share/display/package.ps1'
[0.539s] INFO:colcon.colcon_core.shell:Creating package descriptor '/home/new-sentry/Desktop/boom_ws/install/display/share/display/package.dsv'
[0.540s] INFO:colcon.colcon_core.shell:Creating package script '/home/new-sentry/Desktop/boom_ws/install/display/share/display/package.sh'
[0.540s] INFO:colcon.colcon_core.shell:Creating package script '/home/new-sentry/Desktop/boom_ws/install/display/share/display/package.bash'
[0.541s] INFO:colcon.colcon_core.shell:Creating package script '/home/new-sentry/Desktop/boom_ws/install/display/share/display/package.zsh'
[0.541s] Level 1:colcon.colcon_core.environment:create_file_with_runtime_dependencies(/home/new-sentry/Desktop/boom_ws/install/display/share/colcon-core/packages/display)
[0.664s] DEBUG:colcon.colcon_core.event_handler.log_command:Invoked command in '/home/new-sentry/Desktop/boom_ws/build/vision_interfaces' returned '0': CMAKE_PREFIX_PATH=${CMAKE_PREFIX_PATH}:/opt/ros/humble /usr/local/bin/cmake --build /home/new-sentry/Desktop/boom_ws/build/vision_interfaces -- -j16 -l16
[0.666s] DEBUG:colcon.colcon_core.event_handler.log_command:Invoking command in '/home/new-sentry/Desktop/boom_ws/build/vision_interfaces': CMAKE_PREFIX_PATH=${CMAKE_PREFIX_PATH}:/opt/ros/humble /usr/local/bin/cmake --install /home/new-sentry/Desktop/boom_ws/build/vision_interfaces
[0.711s] Level 1:colcon.colcon_core.environment:create_environment_scripts_only(vision_interfaces)
[0.711s] Level 1:colcon.colcon_core.environment:checking '/home/new-sentry/Desktop/boom_ws/install/vision_interfaces' for CMake module files
[0.712s] DEBUG:colcon.colcon_core.event_handler.log_command:Invoked command in '/home/new-sentry/Desktop/boom_ws/build/vision_interfaces' returned '0': CMAKE_PREFIX_PATH=${CMAKE_PREFIX_PATH}:/opt/ros/humble /usr/local/bin/cmake --install /home/new-sentry/Desktop/boom_ws/build/vision_interfaces
[0.712s] Level 1:colcon.colcon_core.environment:checking '/home/new-sentry/Desktop/boom_ws/install/vision_interfaces' for CMake config files
[0.712s] Level 1:colcon.colcon_core.shell:create_environment_hook('vision_interfaces', 'cmake_prefix_path')
[0.712s] INFO:colcon.colcon_core.shell:Creating environment hook '/home/new-sentry/Desktop/boom_ws/install/vision_interfaces/share/vision_interfaces/hook/cmake_prefix_path.ps1'
[0.713s] INFO:colcon.colcon_core.shell:Creating environment descriptor '/home/new-sentry/Desktop/boom_ws/install/vision_interfaces/share/vision_interfaces/hook/cmake_prefix_path.dsv'
[0.713s] INFO:colcon.colcon_core.shell:Creating environment hook '/home/new-sentry/Desktop/boom_ws/install/vision_interfaces/share/vision_interfaces/hook/cmake_prefix_path.sh'
[0.714s] Level 1:colcon.colcon_core.environment:checking '/home/new-sentry/Desktop/boom_ws/install/vision_interfaces/lib'
[0.714s] Level 1:colcon.colcon_core.shell:create_environment_hook('vision_interfaces', 'ld_library_path_lib')
[0.714s] INFO:colcon.colcon_core.shell:Creating environment hook '/home/new-sentry/Desktop/boom_ws/install/vision_interfaces/share/vision_interfaces/hook/ld_library_path_lib.ps1'
[0.714s] INFO:colcon.colcon_core.shell:Creating environment descriptor '/home/new-sentry/Desktop/boom_ws/install/vision_interfaces/share/vision_interfaces/hook/ld_library_path_lib.dsv'
[0.714s] INFO:colcon.colcon_core.shell:Creating environment hook '/home/new-sentry/Desktop/boom_ws/install/vision_interfaces/share/vision_interfaces/hook/ld_library_path_lib.sh'
[0.715s] Level 1:colcon.colcon_core.environment:checking '/home/new-sentry/Desktop/boom_ws/install/vision_interfaces/bin'
[0.715s] Level 1:colcon.colcon_core.environment:checking '/home/new-sentry/Desktop/boom_ws/install/vision_interfaces/lib/pkgconfig/vision_interfaces.pc'
[0.715s] Level 1:colcon.colcon_core.environment:checking '/home/new-sentry/Desktop/boom_ws/install/vision_interfaces/lib/python3.10/site-packages'
[0.715s] Level 1:colcon.colcon_core.environment:checking '/home/new-sentry/Desktop/boom_ws/install/vision_interfaces/bin'
[0.715s] INFO:colcon.colcon_core.shell:Creating package script '/home/new-sentry/Desktop/boom_ws/install/vision_interfaces/share/vision_interfaces/package.ps1'
[0.716s] INFO:colcon.colcon_core.shell:Creating package descriptor '/home/new-sentry/Desktop/boom_ws/install/vision_interfaces/share/vision_interfaces/package.dsv'
[0.716s] INFO:colcon.colcon_core.shell:Creating package script '/home/new-sentry/Desktop/boom_ws/install/vision_interfaces/share/vision_interfaces/package.sh'
[0.716s] INFO:colcon.colcon_core.shell:Creating package script '/home/new-sentry/Desktop/boom_ws/install/vision_interfaces/share/vision_interfaces/package.bash'
[0.716s] INFO:colcon.colcon_core.shell:Creating package script '/home/new-sentry/Desktop/boom_ws/install/vision_interfaces/share/vision_interfaces/package.zsh'
[0.716s] Level 1:colcon.colcon_core.environment:create_file_with_runtime_dependencies(/home/new-sentry/Desktop/boom_ws/install/vision_interfaces/share/colcon-core/packages/vision_interfaces)
[0.717s] Level 1:colcon.colcon_core.environment:create_environment_scripts_only(vision_interfaces)
[0.717s] Level 1:colcon.colcon_core.environment:checking '/home/new-sentry/Desktop/boom_ws/install/vision_interfaces' for CMake module files
[0.717s] Level 1:colcon.colcon_core.environment:checking '/home/new-sentry/Desktop/boom_ws/install/vision_interfaces' for CMake config files
[0.717s] Level 1:colcon.colcon_core.shell:create_environment_hook('vision_interfaces', 'cmake_prefix_path')
[0.717s] INFO:colcon.colcon_core.shell:Creating environment hook '/home/new-sentry/Desktop/boom_ws/install/vision_interfaces/share/vision_interfaces/hook/cmake_prefix_path.ps1'
[0.718s] INFO:colcon.colcon_core.shell:Creating environment descriptor '/home/new-sentry/Desktop/boom_ws/install/vision_interfaces/share/vision_interfaces/hook/cmake_prefix_path.dsv'
[0.718s] INFO:colcon.colcon_core.shell:Creating environment hook '/home/new-sentry/Desktop/boom_ws/install/vision_interfaces/share/vision_interfaces/hook/cmake_prefix_path.sh'
[0.718s] Level 1:colcon.colcon_core.environment:checking '/home/new-sentry/Desktop/boom_ws/install/vision_interfaces/lib'
[0.718s] Level 1:colcon.colcon_core.shell:create_environment_hook('vision_interfaces', 'ld_library_path_lib')
[0.718s] INFO:colcon.colcon_core.shell:Creating environment hook '/home/new-sentry/Desktop/boom_ws/install/vision_interfaces/share/vision_interfaces/hook/ld_library_path_lib.ps1'
[0.718s] INFO:colcon.colcon_core.shell:Creating environment descriptor '/home/new-sentry/Desktop/boom_ws/install/vision_interfaces/share/vision_interfaces/hook/ld_library_path_lib.dsv'
[0.719s] INFO:colcon.colcon_core.shell:Creating environment hook '/home/new-sentry/Desktop/boom_ws/install/vision_interfaces/share/vision_interfaces/hook/ld_library_path_lib.sh'
[0.719s] Level 1:colcon.colcon_core.environment:checking '/home/new-sentry/Desktop/boom_ws/install/vision_interfaces/bin'
[0.719s] Level 1:colcon.colcon_core.environment:checking '/home/new-sentry/Desktop/boom_ws/install/vision_interfaces/lib/pkgconfig/vision_interfaces.pc'
[0.719s] Level 1:colcon.colcon_core.environment:checking '/home/new-sentry/Desktop/boom_ws/install/vision_interfaces/lib/python3.10/site-packages'
[0.719s] Level 1:colcon.colcon_core.environment:checking '/home/new-sentry/Desktop/boom_ws/install/vision_interfaces/bin'
[0.719s] INFO:colcon.colcon_core.shell:Creating package script '/home/new-sentry/Desktop/boom_ws/install/vision_interfaces/share/vision_interfaces/package.ps1'
[0.720s] INFO:colcon.colcon_core.shell:Creating package descriptor '/home/new-sentry/Desktop/boom_ws/install/vision_interfaces/share/vision_interfaces/package.dsv'
[0.720s] INFO:colcon.colcon_core.shell:Creating package script '/home/new-sentry/Desktop/boom_ws/install/vision_interfaces/share/vision_interfaces/package.sh'
[0.720s] INFO:colcon.colcon_core.shell:Creating package script '/home/new-sentry/Desktop/boom_ws/install/vision_interfaces/share/vision_interfaces/package.bash'
[0.720s] INFO:colcon.colcon_core.shell:Creating package script '/home/new-sentry/Desktop/boom_ws/install/vision_interfaces/share/vision_interfaces/package.zsh'
[0.720s] Level 1:colcon.colcon_core.environment:create_file_with_runtime_dependencies(/home/new-sentry/Desktop/boom_ws/install/vision_interfaces/share/colcon-core/packages/vision_interfaces)
[0.721s] INFO:colcon.colcon_ros.task.ament_cmake.build:Building ROS package in '/home/new-sentry/Desktop/boom_ws/src/resolving' with build type 'ament_cmake'
[0.721s] INFO:colcon.colcon_cmake.task.cmake.build:Building CMake package in '/home/new-sentry/Desktop/boom_ws/src/resolving'
[0.721s] INFO:colcon.colcon_core.shell:Skip shell extension 'powershell' for command environment: Not usable outside of PowerShell
[0.721s] DEBUG:colcon.colcon_core.shell:Skip shell extension 'dsv' for command environment
[0.723s] INFO:colcon.colcon_ros.task.ament_cmake.build:Building ROS package in '/home/new-sentry/Desktop/boom_ws/src/serial' with build type 'ament_cmake'
[0.723s] INFO:colcon.colcon_cmake.task.cmake.build:Building CMake package in '/home/new-sentry/Desktop/boom_ws/src/serial'
[0.723s] INFO:colcon.colcon_core.shell:Skip shell extension 'powershell' for command environment: Not usable outside of PowerShell
[0.723s] DEBUG:colcon.colcon_core.shell:Skip shell extension 'dsv' for command environment
[0.729s] DEBUG:colcon.colcon_core.event_handler.log_command:Invoking command in '/home/new-sentry/Desktop/boom_ws/build/resolve': CMAKE_PREFIX_PATH=/home/new-sentry/Desktop/boom_ws/install/vision_interfaces:/home/new-sentry/Desktop/boom_ws/install/serial:/home/new-sentry/Desktop/boom_ws/install/resolve:/home/new-sentry/Desktop/boom_ws/install/hik_camera_ros2_driver:/home/new-sentry/Desktop/boom_ws/install/display:/opt/ros/humble LD_LIBRARY_PATH=/home/new-sentry/Desktop/boom_ws/install/vision_interfaces/lib:/home/new-sentry/Desktop/boom_ws/install/hik_camera_ros2_driver/lib:/opt/MVS/lib/64:/opt/MVS/lib/32:/opt/ros/humble/opt/rviz_ogre_vendor/lib:/opt/ros/humble/lib/x86_64-linux-gnu:/opt/ros/humble/lib:/opt/MVS/lib/64:/opt/MVS/lib/32:/opt/MVS/lib/64:/opt/MVS/lib/32 /usr/local/bin/cmake --build /home/new-sentry/Desktop/boom_ws/build/resolve -- -j16 -l16
[0.731s] DEBUG:colcon.colcon_core.event_handler.log_command:Invoking command in '/home/new-sentry/Desktop/boom_ws/build/serial': CMAKE_PREFIX_PATH=/home/new-sentry/Desktop/boom_ws/install/vision_interfaces:/home/new-sentry/Desktop/boom_ws/install/serial:/home/new-sentry/Desktop/boom_ws/install/resolve:/home/new-sentry/Desktop/boom_ws/install/hik_camera_ros2_driver:/home/new-sentry/Desktop/boom_ws/install/display:/opt/ros/humble LD_LIBRARY_PATH=/home/new-sentry/Desktop/boom_ws/install/vision_interfaces/lib:/home/new-sentry/Desktop/boom_ws/install/hik_camera_ros2_driver/lib:/opt/MVS/lib/64:/opt/MVS/lib/32:/opt/ros/humble/opt/rviz_ogre_vendor/lib:/opt/ros/humble/lib/x86_64-linux-gnu:/opt/ros/humble/lib:/opt/MVS/lib/64:/opt/MVS/lib/32:/opt/MVS/lib/64:/opt/MVS/lib/32 /usr/local/bin/cmake --build /home/new-sentry/Desktop/boom_ws/build/serial -- -j16 -l16
[0.771s] DEBUG:colcon.colcon_core.event_handler.log_command:Invoked command in '/home/new-sentry/Desktop/boom_ws/build/serial' returned '0': CMAKE_PREFIX_PATH=/home/new-sentry/Desktop/boom_ws/install/vision_interfaces:/home/new-sentry/Desktop/boom_ws/install/serial:/home/new-sentry/Desktop/boom_ws/install/resolve:/home/new-sentry/Desktop/boom_ws/install/hik_camera_ros2_driver:/home/new-sentry/Desktop/boom_ws/install/display:/opt/ros/humble LD_LIBRARY_PATH=/home/new-sentry/Desktop/boom_ws/install/vision_interfaces/lib:/home/new-sentry/Desktop/boom_ws/install/hik_camera_ros2_driver/lib:/opt/MVS/lib/64:/opt/MVS/lib/32:/opt/ros/humble/opt/rviz_ogre_vendor/lib:/opt/ros/humble/lib/x86_64-linux-gnu:/opt/ros/humble/lib:/opt/MVS/lib/64:/opt/MVS/lib/32:/opt/MVS/lib/64:/opt/MVS/lib/32 /usr/local/bin/cmake --build /home/new-sentry/Desktop/boom_ws/build/serial -- -j16 -l16
[0.772s] DEBUG:colcon.colcon_core.event_handler.log_command:Invoking command in '/home/new-sentry/Desktop/boom_ws/build/serial': CMAKE_PREFIX_PATH=/home/new-sentry/Desktop/boom_ws/install/vision_interfaces:/home/new-sentry/Desktop/boom_ws/install/serial:/home/new-sentry/Desktop/boom_ws/install/resolve:/home/new-sentry/Desktop/boom_ws/install/hik_camera_ros2_driver:/home/new-sentry/Desktop/boom_ws/install/display:/opt/ros/humble LD_LIBRARY_PATH=/home/new-sentry/Desktop/boom_ws/install/vision_interfaces/lib:/home/new-sentry/Desktop/boom_ws/install/hik_camera_ros2_driver/lib:/opt/MVS/lib/64:/opt/MVS/lib/32:/opt/ros/humble/opt/rviz_ogre_vendor/lib:/opt/ros/humble/lib/x86_64-linux-gnu:/opt/ros/humble/lib:/opt/MVS/lib/64:/opt/MVS/lib/32:/opt/MVS/lib/64:/opt/MVS/lib/32 /usr/local/bin/cmake --install /home/new-sentry/Desktop/boom_ws/build/serial
[0.782s] Level 1:colcon.colcon_core.environment:create_environment_scripts_only(serial)
[0.782s] Level 1:colcon.colcon_core.environment:checking '/home/new-sentry/Desktop/boom_ws/install/serial' for CMake module files
[0.782s] DEBUG:colcon.colcon_core.event_handler.log_command:Invoked command in '/home/new-sentry/Desktop/boom_ws/build/serial' returned '0': CMAKE_PREFIX_PATH=/home/new-sentry/Desktop/boom_ws/install/vision_interfaces:/home/new-sentry/Desktop/boom_ws/install/serial:/home/new-sentry/Desktop/boom_ws/install/resolve:/home/new-sentry/Desktop/boom_ws/install/hik_camera_ros2_driver:/home/new-sentry/Desktop/boom_ws/install/display:/opt/ros/humble LD_LIBRARY_PATH=/home/new-sentry/Desktop/boom_ws/install/vision_interfaces/lib:/home/new-sentry/Desktop/boom_ws/install/hik_camera_ros2_driver/lib:/opt/MVS/lib/64:/opt/MVS/lib/32:/opt/ros/humble/opt/rviz_ogre_vendor/lib:/opt/ros/humble/lib/x86_64-linux-gnu:/opt/ros/humble/lib:/opt/MVS/lib/64:/opt/MVS/lib/32:/opt/MVS/lib/64:/opt/MVS/lib/32 /usr/local/bin/cmake --install /home/new-sentry/Desktop/boom_ws/build/serial
[0.782s] Level 1:colcon.colcon_core.environment:checking '/home/new-sentry/Desktop/boom_ws/install/serial' for CMake config files
[0.783s] Level 1:colcon.colcon_core.shell:create_environment_hook('serial', 'cmake_prefix_path')
[0.783s] INFO:colcon.colcon_core.shell:Creating environment hook '/home/new-sentry/Desktop/boom_ws/install/serial/share/serial/hook/cmake_prefix_path.ps1'
[0.783s] INFO:colcon.colcon_core.shell:Creating environment descriptor '/home/new-sentry/Desktop/boom_ws/install/serial/share/serial/hook/cmake_prefix_path.dsv'
[0.783s] INFO:colcon.colcon_core.shell:Creating environment hook '/home/new-sentry/Desktop/boom_ws/install/serial/share/serial/hook/cmake_prefix_path.sh'
[0.783s] Level 1:colcon.colcon_core.environment:checking '/home/new-sentry/Desktop/boom_ws/install/serial/lib'
[0.784s] Level 1:colcon.colcon_core.environment:checking '/home/new-sentry/Desktop/boom_ws/install/serial/bin'
[0.784s] Level 1:colcon.colcon_core.environment:checking '/home/new-sentry/Desktop/boom_ws/install/serial/lib/pkgconfig/serial.pc'
[0.784s] Level 1:colcon.colcon_core.environment:checking '/home/new-sentry/Desktop/boom_ws/install/serial/lib/python3.10/site-packages'
[0.784s] Level 1:colcon.colcon_core.environment:checking '/home/new-sentry/Desktop/boom_ws/install/serial/bin'
[0.784s] INFO:colcon.colcon_core.shell:Creating package script '/home/new-sentry/Desktop/boom_ws/install/serial/share/serial/package.ps1'
[0.784s] INFO:colcon.colcon_core.shell:Creating package descriptor '/home/new-sentry/Desktop/boom_ws/install/serial/share/serial/package.dsv'
[0.784s] INFO:colcon.colcon_core.shell:Creating package script '/home/new-sentry/Desktop/boom_ws/install/serial/share/serial/package.sh'
[0.785s] INFO:colcon.colcon_core.shell:Creating package script '/home/new-sentry/Desktop/boom_ws/install/serial/share/serial/package.bash'
[0.785s] INFO:colcon.colcon_core.shell:Creating package script '/home/new-sentry/Desktop/boom_ws/install/serial/share/serial/package.zsh'
[0.785s] Level 1:colcon.colcon_core.environment:create_file_with_runtime_dependencies(/home/new-sentry/Desktop/boom_ws/install/serial/share/colcon-core/packages/serial)
[0.785s] Level 1:colcon.colcon_core.environment:create_environment_scripts_only(serial)
[0.785s] Level 1:colcon.colcon_core.environment:checking '/home/new-sentry/Desktop/boom_ws/install/serial' for CMake module files
[0.786s] Level 1:colcon.colcon_core.environment:checking '/home/new-sentry/Desktop/boom_ws/install/serial' for CMake config files
[0.786s] Level 1:colcon.colcon_core.shell:create_environment_hook('serial', 'cmake_prefix_path')
[0.786s] INFO:colcon.colcon_core.shell:Creating environment hook '/home/new-sentry/Desktop/boom_ws/install/serial/share/serial/hook/cmake_prefix_path.ps1'
[0.786s] INFO:colcon.colcon_core.shell:Creating environment descriptor '/home/new-sentry/Desktop/boom_ws/install/serial/share/serial/hook/cmake_prefix_path.dsv'
[0.786s] INFO:colcon.colcon_core.shell:Creating environment hook '/home/new-sentry/Desktop/boom_ws/install/serial/share/serial/hook/cmake_prefix_path.sh'
[0.786s] Level 1:colcon.colcon_core.environment:checking '/home/new-sentry/Desktop/boom_ws/install/serial/lib'
[0.786s] Level 1:colcon.colcon_core.environment:checking '/home/new-sentry/Desktop/boom_ws/install/serial/bin'
[0.786s] Level 1:colcon.colcon_core.environment:checking '/home/new-sentry/Desktop/boom_ws/install/serial/lib/pkgconfig/serial.pc'
[0.787s] Level 1:colcon.colcon_core.environment:checking '/home/new-sentry/Desktop/boom_ws/install/serial/lib/python3.10/site-packages'
[0.787s] Level 1:colcon.colcon_core.environment:checking '/home/new-sentry/Desktop/boom_ws/install/serial/bin'
[0.787s] INFO:colcon.colcon_core.shell:Creating package script '/home/new-sentry/Desktop/boom_ws/install/serial/share/serial/package.ps1'
[0.787s] INFO:colcon.colcon_core.shell:Creating package descriptor '/home/new-sentry/Desktop/boom_ws/install/serial/share/serial/package.dsv'
[0.787s] INFO:colcon.colcon_core.shell:Creating package script '/home/new-sentry/Desktop/boom_ws/install/serial/share/serial/package.sh'
[0.787s] INFO:colcon.colcon_core.shell:Creating package script '/home/new-sentry/Desktop/boom_ws/install/serial/share/serial/package.bash'
[0.788s] INFO:colcon.colcon_core.shell:Creating package script '/home/new-sentry/Desktop/boom_ws/install/serial/share/serial/package.zsh'
[0.788s] Level 1:colcon.colcon_core.environment:create_file_with_runtime_dependencies(/home/new-sentry/Desktop/boom_ws/install/serial/share/colcon-core/packages/serial)
[5.139s] DEBUG:colcon.colcon_core.event_handler.log_command:Invoked command in '/home/new-sentry/Desktop/boom_ws/build/resolve' returned '0': CMAKE_PREFIX_PATH=/home/new-sentry/Desktop/boom_ws/install/vision_interfaces:/home/new-sentry/Desktop/boom_ws/install/serial:/home/new-sentry/Desktop/boom_ws/install/resolve:/home/new-sentry/Desktop/boom_ws/install/hik_camera_ros2_driver:/home/new-sentry/Desktop/boom_ws/install/display:/opt/ros/humble LD_LIBRARY_PATH=/home/new-sentry/Desktop/boom_ws/install/vision_interfaces/lib:/home/new-sentry/Desktop/boom_ws/install/hik_camera_ros2_driver/lib:/opt/MVS/lib/64:/opt/MVS/lib/32:/opt/ros/humble/opt/rviz_ogre_vendor/lib:/opt/ros/humble/lib/x86_64-linux-gnu:/opt/ros/humble/lib:/opt/MVS/lib/64:/opt/MVS/lib/32:/opt/MVS/lib/64:/opt/MVS/lib/32 /usr/local/bin/cmake --build /home/new-sentry/Desktop/boom_ws/build/resolve -- -j16 -l16
[5.140s] DEBUG:colcon.colcon_core.event_handler.log_command:Invoking command in '/home/new-sentry/Desktop/boom_ws/build/resolve': CMAKE_PREFIX_PATH=/home/new-sentry/Desktop/boom_ws/install/vision_interfaces:/home/new-sentry/Desktop/boom_ws/install/serial:/home/new-sentry/Desktop/boom_ws/install/resolve:/home/new-sentry/Desktop/boom_ws/install/hik_camera_ros2_driver:/home/new-sentry/Desktop/boom_ws/install/display:/opt/ros/humble LD_LIBRARY_PATH=/home/new-sentry/Desktop/boom_ws/install/vision_interfaces/lib:/home/new-sentry/Desktop/boom_ws/install/hik_camera_ros2_driver/lib:/opt/MVS/lib/64:/opt/MVS/lib/32:/opt/ros/humble/opt/rviz_ogre_vendor/lib:/opt/ros/humble/lib/x86_64-linux-gnu:/opt/ros/humble/lib:/opt/MVS/lib/64:/opt/MVS/lib/32:/opt/MVS/lib/64:/opt/MVS/lib/32 /usr/local/bin/cmake --install /home/new-sentry/Desktop/boom_ws/build/resolve
[5.146s] Level 1:colcon.colcon_core.environment:create_environment_scripts_only(resolve)
[5.147s] Level 1:colcon.colcon_core.environment:checking '/home/new-sentry/Desktop/boom_ws/install/resolve' for CMake module files
[5.147s] DEBUG:colcon.colcon_core.event_handler.log_command:Invoked command in '/home/new-sentry/Desktop/boom_ws/build/resolve' returned '0': CMAKE_PREFIX_PATH=/home/new-sentry/Desktop/boom_ws/install/vision_interfaces:/home/new-sentry/Desktop/boom_ws/install/serial:/home/new-sentry/Desktop/boom_ws/install/resolve:/home/new-sentry/Desktop/boom_ws/install/hik_camera_ros2_driver:/home/new-sentry/Desktop/boom_ws/install/display:/opt/ros/humble LD_LIBRARY_PATH=/home/new-sentry/Desktop/boom_ws/install/vision_interfaces/lib:/home/new-sentry/Desktop/boom_ws/install/hik_camera_ros2_driver/lib:/opt/MVS/lib/64:/opt/MVS/lib/32:/opt/ros/humble/opt/rviz_ogre_vendor/lib:/opt/ros/humble/lib/x86_64-linux-gnu:/opt/ros/humble/lib:/opt/MVS/lib/64:/opt/MVS/lib/32:/opt/MVS/lib/64:/opt/MVS/lib/32 /usr/local/bin/cmake --install /home/new-sentry/Desktop/boom_ws/build/resolve
[5.147s] Level 1:colcon.colcon_core.environment:checking '/home/new-sentry/Desktop/boom_ws/install/resolve' for CMake config files
[5.147s] Level 1:colcon.colcon_core.shell:create_environment_hook('resolve', 'cmake_prefix_path')
[5.148s] INFO:colcon.colcon_core.shell:Creating environment hook '/home/new-sentry/Desktop/boom_ws/install/resolve/share/resolve/hook/cmake_prefix_path.ps1'
[5.148s] INFO:colcon.colcon_core.shell:Creating environment descriptor '/home/new-sentry/Desktop/boom_ws/install/resolve/share/resolve/hook/cmake_prefix_path.dsv'
[5.149s] INFO:colcon.colcon_core.shell:Creating environment hook '/home/new-sentry/Desktop/boom_ws/install/resolve/share/resolve/hook/cmake_prefix_path.sh'
[5.149s] Level 1:colcon.colcon_core.environment:checking '/home/new-sentry/Desktop/boom_ws/install/resolve/lib'
[5.149s] Level 1:colcon.colcon_core.environment:checking '/home/new-sentry/Desktop/boom_ws/install/resolve/bin'
[5.149s] Level 1:colcon.colcon_core.environment:checking '/home/new-sentry/Desktop/boom_ws/install/resolve/lib/pkgconfig/resolve.pc'
[5.149s] Level 1:colcon.colcon_core.environment:checking '/home/new-sentry/Desktop/boom_ws/install/resolve/lib/python3.10/site-packages'
[5.149s] Level 1:colcon.colcon_core.environment:checking '/home/new-sentry/Desktop/boom_ws/install/resolve/bin'
[5.150s] INFO:colcon.colcon_core.shell:Creating package script '/home/new-sentry/Desktop/boom_ws/install/resolve/share/resolve/package.ps1'
[5.150s] INFO:colcon.colcon_core.shell:Creating package descriptor '/home/new-sentry/Desktop/boom_ws/install/resolve/share/resolve/package.dsv'
[5.150s] INFO:colcon.colcon_core.shell:Creating package script '/home/new-sentry/Desktop/boom_ws/install/resolve/share/resolve/package.sh'
[5.150s] INFO:colcon.colcon_core.shell:Creating package script '/home/new-sentry/Desktop/boom_ws/install/resolve/share/resolve/package.bash'
[5.150s] INFO:colcon.colcon_core.shell:Creating package script '/home/new-sentry/Desktop/boom_ws/install/resolve/share/resolve/package.zsh'
[5.151s] Level 1:colcon.colcon_core.environment:create_file_with_runtime_dependencies(/home/new-sentry/Desktop/boom_ws/install/resolve/share/colcon-core/packages/resolve)
[5.151s] Level 1:colcon.colcon_core.environment:create_environment_scripts_only(resolve)
[5.151s] Level 1:colcon.colcon_core.environment:checking '/home/new-sentry/Desktop/boom_ws/install/resolve' for CMake module files
[5.151s] Level 1:colcon.colcon_core.environment:checking '/home/new-sentry/Desktop/boom_ws/install/resolve' for CMake config files
[5.151s] Level 1:colcon.colcon_core.shell:create_environment_hook('resolve', 'cmake_prefix_path')
[5.151s] INFO:colcon.colcon_core.shell:Creating environment hook '/home/new-sentry/Desktop/boom_ws/install/resolve/share/resolve/hook/cmake_prefix_path.ps1'
[5.152s] INFO:colcon.colcon_core.shell:Creating environment descriptor '/home/new-sentry/Desktop/boom_ws/install/resolve/share/resolve/hook/cmake_prefix_path.dsv'
[5.152s] INFO:colcon.colcon_core.shell:Creating environment hook '/home/new-sentry/Desktop/boom_ws/install/resolve/share/resolve/hook/cmake_prefix_path.sh'
[5.152s] Level 1:colcon.colcon_core.environment:checking '/home/new-sentry/Desktop/boom_ws/install/resolve/lib'
[5.152s] Level 1:colcon.colcon_core.environment:checking '/home/new-sentry/Desktop/boom_ws/install/resolve/bin'
[5.152s] Level 1:colcon.colcon_core.environment:checking '/home/new-sentry/Desktop/boom_ws/install/resolve/lib/pkgconfig/resolve.pc'
[5.152s] Level 1:colcon.colcon_core.environment:checking '/home/new-sentry/Desktop/boom_ws/install/resolve/lib/python3.10/site-packages'
[5.152s] Level 1:colcon.colcon_core.environment:checking '/home/new-sentry/Desktop/boom_ws/install/resolve/bin'
[5.153s] INFO:colcon.colcon_core.shell:Creating package script '/home/new-sentry/Desktop/boom_ws/install/resolve/share/resolve/package.ps1'
[5.153s] INFO:colcon.colcon_core.shell:Creating package descriptor '/home/new-sentry/Desktop/boom_ws/install/resolve/share/resolve/package.dsv'
[5.153s] INFO:colcon.colcon_core.shell:Creating package script '/home/new-sentry/Desktop/boom_ws/install/resolve/share/resolve/package.sh'
[5.154s] INFO:colcon.colcon_core.shell:Creating package script '/home/new-sentry/Desktop/boom_ws/install/resolve/share/resolve/package.bash'
[5.154s] INFO:colcon.colcon_core.shell:Creating package script '/home/new-sentry/Desktop/boom_ws/install/resolve/share/resolve/package.zsh'
[5.154s] Level 1:colcon.colcon_core.environment:create_file_with_runtime_dependencies(/home/new-sentry/Desktop/boom_ws/install/resolve/share/colcon-core/packages/resolve)
[5.154s] DEBUG:colcon.colcon_parallel_executor.executor.parallel:closing loop
[5.154s] DEBUG:colcon.colcon_parallel_executor.executor.parallel:loop closed
[5.154s] DEBUG:colcon.colcon_parallel_executor.executor.parallel:run_until_complete finished with '0'
[5.155s] DEBUG:colcon.colcon_core.event_reactor:joining thread
[5.159s] INFO:colcon.colcon_core.plugin_system:Skipping extension 'colcon_notification.desktop_notification.terminal_notifier': Not used on non-Darwin systems
[5.159s] INFO:colcon.colcon_core.plugin_system:Skipping extension 'colcon_notification.desktop_notification.win32': Not used on non-Windows systems
[5.159s] INFO:colcon.colcon_notification.desktop_notification:Sending desktop notification using 'notify2'
[5.170s] DEBUG:colcon.colcon_core.event_reactor:joined thread
[5.170s] INFO:colcon.colcon_core.shell:Creating prefix script '/home/new-sentry/Desktop/boom_ws/install/local_setup.ps1'
[5.171s] INFO:colcon.colcon_core.shell:Creating prefix util module '/home/new-sentry/Desktop/boom_ws/install/_local_setup_util_ps1.py'
[5.172s] INFO:colcon.colcon_core.shell:Creating prefix chain script '/home/new-sentry/Desktop/boom_ws/install/setup.ps1'
[5.173s] INFO:colcon.colcon_core.shell:Creating prefix script '/home/new-sentry/Desktop/boom_ws/install/local_setup.sh'
[5.174s] INFO:colcon.colcon_core.shell:Creating prefix util module '/home/new-sentry/Desktop/boom_ws/install/_local_setup_util_sh.py'
[5.174s] INFO:colcon.colcon_core.shell:Creating prefix chain script '/home/new-sentry/Desktop/boom_ws/install/setup.sh'
[5.175s] INFO:colcon.colcon_core.shell:Creating prefix script '/home/new-sentry/Desktop/boom_ws/install/local_setup.bash'
[5.175s] INFO:colcon.colcon_core.shell:Creating prefix chain script '/home/new-sentry/Desktop/boom_ws/install/setup.bash'
[5.176s] INFO:colcon.colcon_core.shell:Creating prefix script '/home/new-sentry/Desktop/boom_ws/install/local_setup.zsh'
[5.177s] INFO:colcon.colcon_core.shell:Creating prefix chain script '/home/new-sentry/Desktop/boom_ws/install/setup.zsh'
