[0.007s] Invoking command in '/home/qiqi/Desktop/boom_ws/build/display': CMAKE_PREFIX_PATH=/opt/ros/humble /usr/bin/cmake /home/qiqi/Desktop/boom_ws/src/display -DCMAKE_INSTALL_PREFIX=/home/qiqi/Desktop/boom_ws/install/display
[0.083s] -- The C compiler identification is GNU 11.4.0
[0.146s] -- The CXX compiler identification is GNU 11.4.0
[0.154s] -- Detecting C compiler ABI info
[0.222s] -- Detecting C compiler ABI info - done
[0.230s] -- Check for working C compiler: /usr/bin/cc - skipped
[0.230s] -- Detecting C compile features
[0.230s] -- Detecting C compile features - done
[0.235s] -- Detecting CXX compiler ABI info
[0.324s] -- Detecting CXX compiler ABI info - done
[0.333s] -- Check for working CXX compiler: /usr/bin/c++ - skipped
[0.333s] -- Detecting CXX compile features
[0.334s] -- Detecting CXX compile features - done
[0.337s] -- Found ament_cmake: 1.3.11 (/opt/ros/humble/share/ament_cmake/cmake)
[0.516s] -- Found Python3: /usr/bin/python3 (found version "3.10.12") found components: Interpreter 
[0.636s] -- Found OpenCV: /usr (found version "4.5.4") 
[0.638s] -- Found rclcpp: 16.0.12 (/opt/ros/humble/share/rclcpp/cmake)
[0.701s] -- Found rosidl_generator_c: 3.1.6 (/opt/ros/humble/share/rosidl_generator_c/cmake)
[0.705s] -- Found rosidl_adapter: 3.1.6 (/opt/ros/humble/share/rosidl_adapter/cmake)
[0.713s] -- Found rosidl_generator_cpp: 3.1.6 (/opt/ros/humble/share/rosidl_generator_cpp/cmake)
[0.726s] -- Using all available rosidl_typesupport_c: rosidl_typesupport_fastrtps_c;rosidl_typesupport_introspection_c
[0.742s] -- Using all available rosidl_typesupport_cpp: rosidl_typesupport_fastrtps_cpp;rosidl_typesupport_introspection_cpp
[0.783s] -- Found rmw_implementation_cmake: 6.1.2 (/opt/ros/humble/share/rmw_implementation_cmake/cmake)
[0.785s] -- Found rmw_fastrtps_cpp: 6.2.7 (/opt/ros/humble/share/rmw_fastrtps_cpp/cmake)
[0.860s] -- Found OpenSSL: /usr/lib/x86_64-linux-gnu/libcrypto.so (found version "3.0.2")  
[0.885s] -- Found FastRTPS: /opt/ros/humble/include  
[0.923s] -- Using RMW implementation 'rmw_fastrtps_cpp' as default
[0.933s] -- Looking for pthread.h
[1.012s] -- Looking for pthread.h - found
[1.012s] -- Performing Test CMAKE_HAVE_LIBC_PTHREAD
[1.094s] -- Performing Test CMAKE_HAVE_LIBC_PTHREAD - Success
[1.096s] -- Found Threads: TRUE  
[1.207s] -- Found image_transport: 3.1.11 (/opt/ros/humble/share/image_transport/cmake)
[1.308s] -- Found cv_bridge: 3.2.1 (/opt/ros/humble/share/cv_bridge/cmake)
[1.313s] -- Found ament_lint_auto: 0.12.12 (/opt/ros/humble/share/ament_lint_auto/cmake)
[1.408s] -- Added test 'cppcheck' to perform static code analysis on C / C++ code
[1.409s] -- Configured cppcheck include dirs: 
[1.409s] -- Configured cppcheck exclude dirs and/or files: 
[1.411s] -- Added test 'lint_cmake' to check CMake code style
[1.412s] -- Added test 'uncrustify' to check C / C++ code style
[1.412s] -- Configured uncrustify additional arguments: 
[1.412s] -- Added test 'xmllint' to check XML markup files
[1.413s] -- Configuring done
[1.430s] -- Generating done
[1.436s] -- Build files have been written to: /home/qiqi/Desktop/boom_ws/build/display
[1.447s] Invoked command in '/home/qiqi/Desktop/boom_ws/build/display' returned '0': CMAKE_PREFIX_PATH=/opt/ros/humble /usr/bin/cmake /home/qiqi/Desktop/boom_ws/src/display -DCMAKE_INSTALL_PREFIX=/home/qiqi/Desktop/boom_ws/install/display
[1.450s] Invoking command in '/home/qiqi/Desktop/boom_ws/build/display': CMAKE_PREFIX_PATH=/opt/ros/humble /usr/bin/cmake --build /home/qiqi/Desktop/boom_ws/build/display -- -j8 -l8
[1.507s] [ 50%] [32mBuilding CXX object CMakeFiles/display.dir/src/display_node.cpp.o[0m
[8.878s] [100%] [32m[1mLinking CXX executable display[0m
[9.318s] [100%] Built target display
[9.329s] Invoked command in '/home/qiqi/Desktop/boom_ws/build/display' returned '0': CMAKE_PREFIX_PATH=/opt/ros/humble /usr/bin/cmake --build /home/qiqi/Desktop/boom_ws/build/display -- -j8 -l8
[9.331s] Invoking command in '/home/qiqi/Desktop/boom_ws/build/display': CMAKE_PREFIX_PATH=/opt/ros/humble /usr/bin/cmake --install /home/qiqi/Desktop/boom_ws/build/display
[9.338s] -- Install configuration: ""
[9.339s] -- Installing: /home/qiqi/Desktop/boom_ws/install/display/lib/display/display
[9.339s] -- Set runtime path of "/home/qiqi/Desktop/boom_ws/install/display/lib/display/display" to ""
[9.339s] -- Installing: /home/qiqi/Desktop/boom_ws/install/display/share/ament_index/resource_index/package_run_dependencies/display
[9.339s] -- Installing: /home/qiqi/Desktop/boom_ws/install/display/share/ament_index/resource_index/parent_prefix_path/display
[9.339s] -- Installing: /home/qiqi/Desktop/boom_ws/install/display/share/display/environment/ament_prefix_path.sh
[9.339s] -- Installing: /home/qiqi/Desktop/boom_ws/install/display/share/display/environment/ament_prefix_path.dsv
[9.340s] -- Installing: /home/qiqi/Desktop/boom_ws/install/display/share/display/environment/path.sh
[9.340s] -- Installing: /home/qiqi/Desktop/boom_ws/install/display/share/display/environment/path.dsv
[9.340s] -- Installing: /home/qiqi/Desktop/boom_ws/install/display/share/display/local_setup.bash
[9.340s] -- Installing: /home/qiqi/Desktop/boom_ws/install/display/share/display/local_setup.sh
[9.340s] -- Installing: /home/qiqi/Desktop/boom_ws/install/display/share/display/local_setup.zsh
[9.340s] -- Installing: /home/qiqi/Desktop/boom_ws/install/display/share/display/local_setup.dsv
[9.340s] -- Installing: /home/qiqi/Desktop/boom_ws/install/display/share/display/package.dsv
[9.340s] -- Installing: /home/qiqi/Desktop/boom_ws/install/display/share/ament_index/resource_index/packages/display
[9.340s] -- Installing: /home/qiqi/Desktop/boom_ws/install/display/share/display/cmake/displayConfig.cmake
[9.341s] -- Installing: /home/qiqi/Desktop/boom_ws/install/display/share/display/cmake/displayConfig-version.cmake
[9.341s] -- Installing: /home/qiqi/Desktop/boom_ws/install/display/share/display/package.xml
[9.343s] Invoked command in '/home/qiqi/Desktop/boom_ws/build/display' returned '0': CMAKE_PREFIX_PATH=/opt/ros/humble /usr/bin/cmake --install /home/qiqi/Desktop/boom_ws/build/display
