[0.063s] DEBUG:colcon:Command line arguments: ['/usr/bin/colcon', 'build', '--packages-select', 'resolve']
[0.063s] DEBUG:colcon:Parsed command line arguments: Namespace(log_base=None, log_level=None, verb_name='build', build_base='build', install_base='install', merge_install=False, symlink_install=False, test_result_base=None, continue_on_error=False, executor='parallel', parallel_workers=20, event_handlers=None, ignore_user_meta=False, metas=['./colcon.meta'], base_paths=['.'], packages_ignore=None, packages_ignore_regex=None, paths=None, packages_up_to=None, packages_up_to_regex=None, packages_above=None, packages_above_and_dependencies=None, packages_above_depth=None, packages_select_by_dep=None, packages_skip_by_dep=None, packages_skip_up_to=None, packages_select_build_failed=False, packages_skip_build_finished=False, packages_select_test_failures=False, packages_skip_test_passed=False, packages_select=['resolve'], packages_skip=None, packages_select_regex=None, packages_skip_regex=None, packages_start=None, packages_end=None, allow_overriding=[], cmake_args=None, cmake_target=None, cmake_target_skip_unavailable=False, cmake_clean_cache=False, cmake_clean_first=False, cmake_force_configure=False, ament_cmake_args=None, catkin_cmake_args=None, catkin_skip_building_tests=False, verb_parser=<colcon_defaults.argument_parser.defaults.DefaultArgumentsDecorator object at 0x74fff1e3bd30>, verb_extension=<colcon_core.verb.build.BuildVerb object at 0x74fff1e3ad10>, main=<bound method BuildVerb.main of <colcon_core.verb.build.BuildVerb object at 0x74fff1e3ad10>>)
[0.159s] Level 1:colcon.colcon_core.package_discovery:discover_packages(colcon_meta) check parameters
[0.159s] Level 1:colcon.colcon_core.package_discovery:discover_packages(recursive) check parameters
[0.159s] Level 1:colcon.colcon_core.package_discovery:discover_packages(ignore) check parameters
[0.159s] Level 1:colcon.colcon_core.package_discovery:discover_packages(path) check parameters
[0.159s] Level 1:colcon.colcon_core.package_discovery:discover_packages(colcon_meta) discover
[0.159s] Level 1:colcon.colcon_core.package_discovery:discover_packages(recursive) discover
[0.159s] INFO:colcon.colcon_core.package_discovery:Crawling recursively for packages in '/home/xyq/Desktop/boom_ws'
[0.159s] Level 1:colcon.colcon_core.package_identification:_identify(.) by extensions ['ignore', 'ignore_ament_install']
[0.159s] Level 1:colcon.colcon_core.package_identification:_identify(.) by extension 'ignore'
[0.160s] Level 1:colcon.colcon_core.package_identification:_identify(.) by extension 'ignore_ament_install'
[0.160s] Level 1:colcon.colcon_core.package_identification:_identify(.) by extensions ['colcon_pkg']
[0.160s] Level 1:colcon.colcon_core.package_identification:_identify(.) by extension 'colcon_pkg'
[0.160s] Level 1:colcon.colcon_core.package_identification:_identify(.) by extensions ['colcon_meta']
[0.160s] Level 1:colcon.colcon_core.package_identification:_identify(.) by extension 'colcon_meta'
[0.160s] Level 1:colcon.colcon_core.package_identification:_identify(.) by extensions ['ros']
[0.160s] Level 1:colcon.colcon_core.package_identification:_identify(.) by extension 'ros'
[0.167s] Level 1:colcon.colcon_core.package_identification:_identify(.) by extensions ['cmake', 'python']
[0.167s] Level 1:colcon.colcon_core.package_identification:_identify(.) by extension 'cmake'
[0.167s] Level 1:colcon.colcon_core.package_identification:_identify(.) by extension 'python'
[0.167s] Level 1:colcon.colcon_core.package_identification:_identify(.) by extensions ['python_setup_py']
[0.167s] Level 1:colcon.colcon_core.package_identification:_identify(.) by extension 'python_setup_py'
[0.167s] Level 1:colcon.colcon_core.package_identification:_identify(build) by extensions ['ignore', 'ignore_ament_install']
[0.167s] Level 1:colcon.colcon_core.package_identification:_identify(build) by extension 'ignore'
[0.167s] Level 1:colcon.colcon_core.package_identification:_identify(build) ignored
[0.167s] Level 1:colcon.colcon_core.package_identification:_identify(config) by extensions ['ignore', 'ignore_ament_install']
[0.167s] Level 1:colcon.colcon_core.package_identification:_identify(config) by extension 'ignore'
[0.167s] Level 1:colcon.colcon_core.package_identification:_identify(config) by extension 'ignore_ament_install'
[0.168s] Level 1:colcon.colcon_core.package_identification:_identify(config) by extensions ['colcon_pkg']
[0.168s] Level 1:colcon.colcon_core.package_identification:_identify(config) by extension 'colcon_pkg'
[0.168s] Level 1:colcon.colcon_core.package_identification:_identify(config) by extensions ['colcon_meta']
[0.168s] Level 1:colcon.colcon_core.package_identification:_identify(config) by extension 'colcon_meta'
[0.168s] Level 1:colcon.colcon_core.package_identification:_identify(config) by extensions ['ros']
[0.168s] Level 1:colcon.colcon_core.package_identification:_identify(config) by extension 'ros'
[0.168s] Level 1:colcon.colcon_core.package_identification:_identify(config) by extensions ['cmake', 'python']
[0.168s] Level 1:colcon.colcon_core.package_identification:_identify(config) by extension 'cmake'
[0.168s] Level 1:colcon.colcon_core.package_identification:_identify(config) by extension 'python'
[0.168s] Level 1:colcon.colcon_core.package_identification:_identify(config) by extensions ['python_setup_py']
[0.168s] Level 1:colcon.colcon_core.package_identification:_identify(config) by extension 'python_setup_py'
[0.168s] Level 1:colcon.colcon_core.package_identification:_identify(install) by extensions ['ignore', 'ignore_ament_install']
[0.168s] Level 1:colcon.colcon_core.package_identification:_identify(install) by extension 'ignore'
[0.168s] Level 1:colcon.colcon_core.package_identification:_identify(install) ignored
[0.168s] Level 1:colcon.colcon_core.package_identification:_identify(log) by extensions ['ignore', 'ignore_ament_install']
[0.168s] Level 1:colcon.colcon_core.package_identification:_identify(log) by extension 'ignore'
[0.168s] Level 1:colcon.colcon_core.package_identification:_identify(log) ignored
[0.168s] Level 1:colcon.colcon_core.package_identification:_identify(src) by extensions ['ignore', 'ignore_ament_install']
[0.168s] Level 1:colcon.colcon_core.package_identification:_identify(src) by extension 'ignore'
[0.168s] Level 1:colcon.colcon_core.package_identification:_identify(src) by extension 'ignore_ament_install'
[0.168s] Level 1:colcon.colcon_core.package_identification:_identify(src) by extensions ['colcon_pkg']
[0.168s] Level 1:colcon.colcon_core.package_identification:_identify(src) by extension 'colcon_pkg'
[0.168s] Level 1:colcon.colcon_core.package_identification:_identify(src) by extensions ['colcon_meta']
[0.168s] Level 1:colcon.colcon_core.package_identification:_identify(src) by extension 'colcon_meta'
[0.168s] Level 1:colcon.colcon_core.package_identification:_identify(src) by extensions ['ros']
[0.168s] Level 1:colcon.colcon_core.package_identification:_identify(src) by extension 'ros'
[0.168s] Level 1:colcon.colcon_core.package_identification:_identify(src) by extensions ['cmake', 'python']
[0.168s] Level 1:colcon.colcon_core.package_identification:_identify(src) by extension 'cmake'
[0.168s] Level 1:colcon.colcon_core.package_identification:_identify(src) by extension 'python'
[0.168s] Level 1:colcon.colcon_core.package_identification:_identify(src) by extensions ['python_setup_py']
[0.168s] Level 1:colcon.colcon_core.package_identification:_identify(src) by extension 'python_setup_py'
[0.168s] Level 1:colcon.colcon_core.package_identification:_identify(src/display) by extensions ['ignore', 'ignore_ament_install']
[0.168s] Level 1:colcon.colcon_core.package_identification:_identify(src/display) by extension 'ignore'
[0.168s] Level 1:colcon.colcon_core.package_identification:_identify(src/display) by extension 'ignore_ament_install'
[0.168s] Level 1:colcon.colcon_core.package_identification:_identify(src/display) by extensions ['colcon_pkg']
[0.169s] Level 1:colcon.colcon_core.package_identification:_identify(src/display) by extension 'colcon_pkg'
[0.169s] Level 1:colcon.colcon_core.package_identification:_identify(src/display) by extensions ['colcon_meta']
[0.169s] Level 1:colcon.colcon_core.package_identification:_identify(src/display) by extension 'colcon_meta'
[0.169s] Level 1:colcon.colcon_core.package_identification:_identify(src/display) by extensions ['ros']
[0.169s] Level 1:colcon.colcon_core.package_identification:_identify(src/display) by extension 'ros'
[0.170s] DEBUG:colcon.colcon_core.package_identification:Package 'src/display' with type 'ros.ament_cmake' and name 'display'
[0.171s] Level 1:colcon.colcon_core.package_identification:_identify(src/hik_camera_ros2_driver) by extensions ['ignore', 'ignore_ament_install']
[0.171s] Level 1:colcon.colcon_core.package_identification:_identify(src/hik_camera_ros2_driver) by extension 'ignore'
[0.171s] Level 1:colcon.colcon_core.package_identification:_identify(src/hik_camera_ros2_driver) by extension 'ignore_ament_install'
[0.171s] Level 1:colcon.colcon_core.package_identification:_identify(src/hik_camera_ros2_driver) by extensions ['colcon_pkg']
[0.171s] Level 1:colcon.colcon_core.package_identification:_identify(src/hik_camera_ros2_driver) by extension 'colcon_pkg'
[0.171s] Level 1:colcon.colcon_core.package_identification:_identify(src/hik_camera_ros2_driver) by extensions ['colcon_meta']
[0.171s] Level 1:colcon.colcon_core.package_identification:_identify(src/hik_camera_ros2_driver) by extension 'colcon_meta'
[0.171s] Level 1:colcon.colcon_core.package_identification:_identify(src/hik_camera_ros2_driver) by extensions ['ros']
[0.171s] Level 1:colcon.colcon_core.package_identification:_identify(src/hik_camera_ros2_driver) by extension 'ros'
[0.171s] DEBUG:colcon.colcon_core.package_identification:Package 'src/hik_camera_ros2_driver' with type 'ros.ament_cmake' and name 'hik_camera_ros2_driver'
[0.171s] Level 1:colcon.colcon_core.package_identification:_identify(src/resolving) by extensions ['ignore', 'ignore_ament_install']
[0.171s] Level 1:colcon.colcon_core.package_identification:_identify(src/resolving) by extension 'ignore'
[0.172s] Level 1:colcon.colcon_core.package_identification:_identify(src/resolving) by extension 'ignore_ament_install'
[0.172s] Level 1:colcon.colcon_core.package_identification:_identify(src/resolving) by extensions ['colcon_pkg']
[0.172s] Level 1:colcon.colcon_core.package_identification:_identify(src/resolving) by extension 'colcon_pkg'
[0.172s] Level 1:colcon.colcon_core.package_identification:_identify(src/resolving) by extensions ['colcon_meta']
[0.172s] Level 1:colcon.colcon_core.package_identification:_identify(src/resolving) by extension 'colcon_meta'
[0.172s] Level 1:colcon.colcon_core.package_identification:_identify(src/resolving) by extensions ['ros']
[0.172s] Level 1:colcon.colcon_core.package_identification:_identify(src/resolving) by extension 'ros'
[0.172s] DEBUG:colcon.colcon_core.package_identification:Package 'src/resolving' with type 'ros.ament_cmake' and name 'resolve'
[0.172s] Level 1:colcon.colcon_core.package_identification:_identify(src/serial) by extensions ['ignore', 'ignore_ament_install']
[0.172s] Level 1:colcon.colcon_core.package_identification:_identify(src/serial) by extension 'ignore'
[0.172s] Level 1:colcon.colcon_core.package_identification:_identify(src/serial) by extension 'ignore_ament_install'
[0.173s] Level 1:colcon.colcon_core.package_identification:_identify(src/serial) by extensions ['colcon_pkg']
[0.173s] Level 1:colcon.colcon_core.package_identification:_identify(src/serial) by extension 'colcon_pkg'
[0.173s] Level 1:colcon.colcon_core.package_identification:_identify(src/serial) by extensions ['colcon_meta']
[0.173s] Level 1:colcon.colcon_core.package_identification:_identify(src/serial) by extension 'colcon_meta'
[0.173s] Level 1:colcon.colcon_core.package_identification:_identify(src/serial) by extensions ['ros']
[0.173s] Level 1:colcon.colcon_core.package_identification:_identify(src/serial) by extension 'ros'
[0.173s] DEBUG:colcon.colcon_core.package_identification:Package 'src/serial' with type 'ros.ament_cmake' and name 'serial'
[0.173s] Level 1:colcon.colcon_core.package_identification:_identify(src/vision_interfaces) by extensions ['ignore', 'ignore_ament_install']
[0.173s] Level 1:colcon.colcon_core.package_identification:_identify(src/vision_interfaces) by extension 'ignore'
[0.174s] Level 1:colcon.colcon_core.package_identification:_identify(src/vision_interfaces) by extension 'ignore_ament_install'
[0.174s] Level 1:colcon.colcon_core.package_identification:_identify(src/vision_interfaces) by extensions ['colcon_pkg']
[0.174s] Level 1:colcon.colcon_core.package_identification:_identify(src/vision_interfaces) by extension 'colcon_pkg'
[0.174s] Level 1:colcon.colcon_core.package_identification:_identify(src/vision_interfaces) by extensions ['colcon_meta']
[0.174s] Level 1:colcon.colcon_core.package_identification:_identify(src/vision_interfaces) by extension 'colcon_meta'
[0.174s] Level 1:colcon.colcon_core.package_identification:_identify(src/vision_interfaces) by extensions ['ros']
[0.174s] Level 1:colcon.colcon_core.package_identification:_identify(src/vision_interfaces) by extension 'ros'
[0.174s] DEBUG:colcon.colcon_core.package_identification:Package 'src/vision_interfaces' with type 'ros.ament_cmake' and name 'vision_interfaces'
[0.174s] Level 1:colcon.colcon_core.package_discovery:discover_packages(recursive) using defaults
[0.174s] Level 1:colcon.colcon_core.package_discovery:discover_packages(ignore) discover
[0.174s] Level 1:colcon.colcon_core.package_discovery:discover_packages(ignore) using defaults
[0.174s] Level 1:colcon.colcon_core.package_discovery:discover_packages(path) discover
[0.174s] Level 1:colcon.colcon_core.package_discovery:discover_packages(path) using defaults
[0.193s] INFO:colcon.colcon_core.package_selection:Skipping not selected package 'display' in 'src/display'
[0.193s] INFO:colcon.colcon_core.package_selection:Skipping not selected package 'hik_camera_ros2_driver' in 'src/hik_camera_ros2_driver'
[0.193s] INFO:colcon.colcon_core.package_selection:Skipping not selected package 'vision_interfaces' in 'src/vision_interfaces'
[0.193s] INFO:colcon.colcon_core.package_selection:Skipping not selected package 'serial' in 'src/serial'
[0.193s] Level 1:colcon.colcon_core.package_discovery:discover_packages(prefix_path) check parameters
[0.193s] Level 1:colcon.colcon_core.package_discovery:discover_packages(prefix_path) discover
[0.194s] DEBUG:colcon.colcon_installed_package_information.package_discovery:Found 5 installed packages in /home/xyq/Desktop/boom_ws/install
[0.195s] DEBUG:colcon.colcon_installed_package_information.package_discovery:Found 309 installed packages in /opt/ros/humble
[0.196s] Level 1:colcon.colcon_core.package_discovery:discover_packages(prefix_path) using defaults
[0.219s] Level 5:colcon.colcon_core.verb:set package 'resolve' build argument 'cmake_args' from command line to 'None'
[0.219s] Level 5:colcon.colcon_core.verb:set package 'resolve' build argument 'cmake_target' from command line to 'None'
[0.219s] Level 5:colcon.colcon_core.verb:set package 'resolve' build argument 'cmake_target_skip_unavailable' from command line to 'False'
[0.219s] Level 5:colcon.colcon_core.verb:set package 'resolve' build argument 'cmake_clean_cache' from command line to 'False'
[0.219s] Level 5:colcon.colcon_core.verb:set package 'resolve' build argument 'cmake_clean_first' from command line to 'False'
[0.219s] Level 5:colcon.colcon_core.verb:set package 'resolve' build argument 'cmake_force_configure' from command line to 'False'
[0.219s] Level 5:colcon.colcon_core.verb:set package 'resolve' build argument 'ament_cmake_args' from command line to 'None'
[0.219s] Level 5:colcon.colcon_core.verb:set package 'resolve' build argument 'catkin_cmake_args' from command line to 'None'
[0.219s] Level 5:colcon.colcon_core.verb:set package 'resolve' build argument 'catkin_skip_building_tests' from command line to 'False'
[0.219s] DEBUG:colcon.colcon_core.verb:Building package 'resolve' with the following arguments: {'ament_cmake_args': None, 'build_base': '/home/xyq/Desktop/boom_ws/build/resolve', 'catkin_cmake_args': None, 'catkin_skip_building_tests': False, 'cmake_args': None, 'cmake_clean_cache': False, 'cmake_clean_first': False, 'cmake_force_configure': False, 'cmake_target': None, 'cmake_target_skip_unavailable': False, 'install_base': '/home/xyq/Desktop/boom_ws/install/resolve', 'merge_install': False, 'path': '/home/xyq/Desktop/boom_ws/src/resolving', 'symlink_install': False, 'test_result_base': None}
[0.219s] INFO:colcon.colcon_core.executor:Executing jobs using 'parallel' executor
[0.220s] DEBUG:colcon.colcon_parallel_executor.executor.parallel:run_until_complete
[0.220s] INFO:colcon.colcon_ros.task.ament_cmake.build:Building ROS package in '/home/xyq/Desktop/boom_ws/src/resolving' with build type 'ament_cmake'
[0.220s] INFO:colcon.colcon_cmake.task.cmake.build:Building CMake package in '/home/xyq/Desktop/boom_ws/src/resolving'
[0.221s] INFO:colcon.colcon_core.plugin_system:Skipping extension 'colcon_core.shell.bat': Not used on non-Windows systems
[0.221s] INFO:colcon.colcon_core.shell:Skip shell extension 'powershell' for command environment: Not usable outside of PowerShell
[0.221s] DEBUG:colcon.colcon_core.shell:Skip shell extension 'dsv' for command environment
[0.231s] DEBUG:colcon.colcon_core.event_handler.log_command:Invoking command in '/home/xyq/Desktop/boom_ws/build/resolve': CMAKE_PREFIX_PATH=/home/xyq/Desktop/boom_ws/install/vision_interfaces:/home/xyq/Desktop/boom_ws/install/serial:/home/xyq/Desktop/boom_ws/install/resolve:/home/xyq/Desktop/boom_ws/install/hik_camera_ros2_driver:/home/xyq/Desktop/boom_ws/install/display:/opt/ros/humble LD_LIBRARY_PATH=/home/xyq/Desktop/boom_ws/install/vision_interfaces/lib:/home/xyq/env/TensorRT-10.5.0.18.Linux.x86_64-gnu.cuda-12.6/TensorRT-10.5.0.18/lib/nvonnxparser:/home/xyq/env/TensorRT-10.5.0.18.Linux.x86_64-gnu.cuda-12.6/TensorRT-10.5.0.18/lib:/home/xyq/Desktop/boom_ws/install/hik_camera_ros2_driver/lib:/opt/MVS/lib/64:/opt/MVS/lib/32:/opt/MVS/lib/64:/opt/MVS/lib/32:/home/xyq/env/TensorRT-10.5.0.18.Linux.x86_64-gnu.cuda-12.6/TensorRT-10.5.0.18/lib/nvonnxparser:/home/xyq/env/TensorRT-10.5.0.18.Linux.x86_64-gnu.cuda-12.6/TensorRT-10.5.0.18/lib:/opt/ros/humble/opt/rviz_ogre_vendor/lib:/opt/ros/humble/lib/x86_64-linux-gnu:/opt/ros/humble/lib:/opt/MVS/lib/64:/opt/MVS/lib/32:/tmp/.mount_cursorJLXbVl/usr/lib:/opt/MVS/lib/64:/opt/MVS/lib/32:/opt/MVS/lib/64:/opt/MVS/lib/32 /usr/bin/cmake --build /home/xyq/Desktop/boom_ws/build/resolve -- -j20 -l20
[4.266s] DEBUG:colcon.colcon_core.event_handler.log_command:Invoked command in '/home/xyq/Desktop/boom_ws/build/resolve' returned '0': CMAKE_PREFIX_PATH=/home/xyq/Desktop/boom_ws/install/vision_interfaces:/home/xyq/Desktop/boom_ws/install/serial:/home/xyq/Desktop/boom_ws/install/resolve:/home/xyq/Desktop/boom_ws/install/hik_camera_ros2_driver:/home/xyq/Desktop/boom_ws/install/display:/opt/ros/humble LD_LIBRARY_PATH=/home/xyq/Desktop/boom_ws/install/vision_interfaces/lib:/home/xyq/env/TensorRT-10.5.0.18.Linux.x86_64-gnu.cuda-12.6/TensorRT-10.5.0.18/lib/nvonnxparser:/home/xyq/env/TensorRT-10.5.0.18.Linux.x86_64-gnu.cuda-12.6/TensorRT-10.5.0.18/lib:/home/xyq/Desktop/boom_ws/install/hik_camera_ros2_driver/lib:/opt/MVS/lib/64:/opt/MVS/lib/32:/opt/MVS/lib/64:/opt/MVS/lib/32:/home/xyq/env/TensorRT-10.5.0.18.Linux.x86_64-gnu.cuda-12.6/TensorRT-10.5.0.18/lib/nvonnxparser:/home/xyq/env/TensorRT-10.5.0.18.Linux.x86_64-gnu.cuda-12.6/TensorRT-10.5.0.18/lib:/opt/ros/humble/opt/rviz_ogre_vendor/lib:/opt/ros/humble/lib/x86_64-linux-gnu:/opt/ros/humble/lib:/opt/MVS/lib/64:/opt/MVS/lib/32:/tmp/.mount_cursorJLXbVl/usr/lib:/opt/MVS/lib/64:/opt/MVS/lib/32:/opt/MVS/lib/64:/opt/MVS/lib/32 /usr/bin/cmake --build /home/xyq/Desktop/boom_ws/build/resolve -- -j20 -l20
[4.292s] DEBUG:colcon.colcon_core.event_handler.log_command:Invoking command in '/home/xyq/Desktop/boom_ws/build/resolve': CMAKE_PREFIX_PATH=/home/xyq/Desktop/boom_ws/install/vision_interfaces:/home/xyq/Desktop/boom_ws/install/serial:/home/xyq/Desktop/boom_ws/install/resolve:/home/xyq/Desktop/boom_ws/install/hik_camera_ros2_driver:/home/xyq/Desktop/boom_ws/install/display:/opt/ros/humble LD_LIBRARY_PATH=/home/xyq/Desktop/boom_ws/install/vision_interfaces/lib:/home/xyq/env/TensorRT-10.5.0.18.Linux.x86_64-gnu.cuda-12.6/TensorRT-10.5.0.18/lib/nvonnxparser:/home/xyq/env/TensorRT-10.5.0.18.Linux.x86_64-gnu.cuda-12.6/TensorRT-10.5.0.18/lib:/home/xyq/Desktop/boom_ws/install/hik_camera_ros2_driver/lib:/opt/MVS/lib/64:/opt/MVS/lib/32:/opt/MVS/lib/64:/opt/MVS/lib/32:/home/xyq/env/TensorRT-10.5.0.18.Linux.x86_64-gnu.cuda-12.6/TensorRT-10.5.0.18/lib/nvonnxparser:/home/xyq/env/TensorRT-10.5.0.18.Linux.x86_64-gnu.cuda-12.6/TensorRT-10.5.0.18/lib:/opt/ros/humble/opt/rviz_ogre_vendor/lib:/opt/ros/humble/lib/x86_64-linux-gnu:/opt/ros/humble/lib:/opt/MVS/lib/64:/opt/MVS/lib/32:/tmp/.mount_cursorJLXbVl/usr/lib:/opt/MVS/lib/64:/opt/MVS/lib/32:/opt/MVS/lib/64:/opt/MVS/lib/32 /usr/bin/cmake --install /home/xyq/Desktop/boom_ws/build/resolve
[4.311s] Level 1:colcon.colcon_core.environment:create_environment_scripts_only(resolve)
[4.313s] DEBUG:colcon.colcon_core.event_handler.log_command:Invoked command in '/home/xyq/Desktop/boom_ws/build/resolve' returned '0': CMAKE_PREFIX_PATH=/home/xyq/Desktop/boom_ws/install/vision_interfaces:/home/xyq/Desktop/boom_ws/install/serial:/home/xyq/Desktop/boom_ws/install/resolve:/home/xyq/Desktop/boom_ws/install/hik_camera_ros2_driver:/home/xyq/Desktop/boom_ws/install/display:/opt/ros/humble LD_LIBRARY_PATH=/home/xyq/Desktop/boom_ws/install/vision_interfaces/lib:/home/xyq/env/TensorRT-10.5.0.18.Linux.x86_64-gnu.cuda-12.6/TensorRT-10.5.0.18/lib/nvonnxparser:/home/xyq/env/TensorRT-10.5.0.18.Linux.x86_64-gnu.cuda-12.6/TensorRT-10.5.0.18/lib:/home/xyq/Desktop/boom_ws/install/hik_camera_ros2_driver/lib:/opt/MVS/lib/64:/opt/MVS/lib/32:/opt/MVS/lib/64:/opt/MVS/lib/32:/home/xyq/env/TensorRT-10.5.0.18.Linux.x86_64-gnu.cuda-12.6/TensorRT-10.5.0.18/lib/nvonnxparser:/home/xyq/env/TensorRT-10.5.0.18.Linux.x86_64-gnu.cuda-12.6/TensorRT-10.5.0.18/lib:/opt/ros/humble/opt/rviz_ogre_vendor/lib:/opt/ros/humble/lib/x86_64-linux-gnu:/opt/ros/humble/lib:/opt/MVS/lib/64:/opt/MVS/lib/32:/tmp/.mount_cursorJLXbVl/usr/lib:/opt/MVS/lib/64:/opt/MVS/lib/32:/opt/MVS/lib/64:/opt/MVS/lib/32 /usr/bin/cmake --install /home/xyq/Desktop/boom_ws/build/resolve
[4.316s] Level 1:colcon.colcon_core.environment:checking '/home/xyq/Desktop/boom_ws/install/resolve' for CMake module files
[4.317s] Level 1:colcon.colcon_core.environment:checking '/home/xyq/Desktop/boom_ws/install/resolve' for CMake config files
[4.318s] Level 1:colcon.colcon_core.shell:create_environment_hook('resolve', 'cmake_prefix_path')
[4.318s] INFO:colcon.colcon_core.shell:Creating environment hook '/home/xyq/Desktop/boom_ws/install/resolve/share/resolve/hook/cmake_prefix_path.ps1'
[4.319s] INFO:colcon.colcon_core.shell:Creating environment descriptor '/home/xyq/Desktop/boom_ws/install/resolve/share/resolve/hook/cmake_prefix_path.dsv'
[4.320s] INFO:colcon.colcon_core.shell:Creating environment hook '/home/xyq/Desktop/boom_ws/install/resolve/share/resolve/hook/cmake_prefix_path.sh'
[4.321s] Level 1:colcon.colcon_core.environment:checking '/home/xyq/Desktop/boom_ws/install/resolve/lib'
[4.322s] Level 1:colcon.colcon_core.environment:checking '/home/xyq/Desktop/boom_ws/install/resolve/bin'
[4.322s] Level 1:colcon.colcon_core.environment:checking '/home/xyq/Desktop/boom_ws/install/resolve/lib/pkgconfig/resolve.pc'
[4.322s] Level 1:colcon.colcon_core.environment:checking '/home/xyq/Desktop/boom_ws/install/resolve/lib/python3.10/site-packages'
[4.322s] Level 1:colcon.colcon_core.environment:checking '/home/xyq/Desktop/boom_ws/install/resolve/bin'
[4.323s] INFO:colcon.colcon_core.shell:Creating package script '/home/xyq/Desktop/boom_ws/install/resolve/share/resolve/package.ps1'
[4.324s] INFO:colcon.colcon_core.shell:Creating package descriptor '/home/xyq/Desktop/boom_ws/install/resolve/share/resolve/package.dsv'
[4.324s] INFO:colcon.colcon_core.shell:Creating package script '/home/xyq/Desktop/boom_ws/install/resolve/share/resolve/package.sh'
[4.325s] INFO:colcon.colcon_core.shell:Creating package script '/home/xyq/Desktop/boom_ws/install/resolve/share/resolve/package.bash'
[4.325s] INFO:colcon.colcon_core.shell:Creating package script '/home/xyq/Desktop/boom_ws/install/resolve/share/resolve/package.zsh'
[4.326s] Level 1:colcon.colcon_core.environment:create_file_with_runtime_dependencies(/home/xyq/Desktop/boom_ws/install/resolve/share/colcon-core/packages/resolve)
[4.326s] Level 1:colcon.colcon_core.environment:create_environment_scripts_only(resolve)
[4.327s] Level 1:colcon.colcon_core.environment:checking '/home/xyq/Desktop/boom_ws/install/resolve' for CMake module files
[4.327s] Level 1:colcon.colcon_core.environment:checking '/home/xyq/Desktop/boom_ws/install/resolve' for CMake config files
[4.327s] Level 1:colcon.colcon_core.shell:create_environment_hook('resolve', 'cmake_prefix_path')
[4.327s] INFO:colcon.colcon_core.shell:Creating environment hook '/home/xyq/Desktop/boom_ws/install/resolve/share/resolve/hook/cmake_prefix_path.ps1'
[4.327s] INFO:colcon.colcon_core.shell:Creating environment descriptor '/home/xyq/Desktop/boom_ws/install/resolve/share/resolve/hook/cmake_prefix_path.dsv'
[4.328s] INFO:colcon.colcon_core.shell:Creating environment hook '/home/xyq/Desktop/boom_ws/install/resolve/share/resolve/hook/cmake_prefix_path.sh'
[4.328s] Level 1:colcon.colcon_core.environment:checking '/home/xyq/Desktop/boom_ws/install/resolve/lib'
[4.328s] Level 1:colcon.colcon_core.environment:checking '/home/xyq/Desktop/boom_ws/install/resolve/bin'
[4.328s] Level 1:colcon.colcon_core.environment:checking '/home/xyq/Desktop/boom_ws/install/resolve/lib/pkgconfig/resolve.pc'
[4.328s] Level 1:colcon.colcon_core.environment:checking '/home/xyq/Desktop/boom_ws/install/resolve/lib/python3.10/site-packages'
[4.328s] Level 1:colcon.colcon_core.environment:checking '/home/xyq/Desktop/boom_ws/install/resolve/bin'
[4.329s] INFO:colcon.colcon_core.shell:Creating package script '/home/xyq/Desktop/boom_ws/install/resolve/share/resolve/package.ps1'
[4.329s] INFO:colcon.colcon_core.shell:Creating package descriptor '/home/xyq/Desktop/boom_ws/install/resolve/share/resolve/package.dsv'
[4.329s] INFO:colcon.colcon_core.shell:Creating package script '/home/xyq/Desktop/boom_ws/install/resolve/share/resolve/package.sh'
[4.329s] INFO:colcon.colcon_core.shell:Creating package script '/home/xyq/Desktop/boom_ws/install/resolve/share/resolve/package.bash'
[4.330s] INFO:colcon.colcon_core.shell:Creating package script '/home/xyq/Desktop/boom_ws/install/resolve/share/resolve/package.zsh'
[4.330s] Level 1:colcon.colcon_core.environment:create_file_with_runtime_dependencies(/home/xyq/Desktop/boom_ws/install/resolve/share/colcon-core/packages/resolve)
[4.330s] DEBUG:colcon.colcon_parallel_executor.executor.parallel:closing loop
[4.330s] DEBUG:colcon.colcon_parallel_executor.executor.parallel:loop closed
[4.330s] DEBUG:colcon.colcon_parallel_executor.executor.parallel:run_until_complete finished with '0'
[4.330s] DEBUG:colcon.colcon_core.event_reactor:joining thread
[4.334s] INFO:colcon.colcon_core.plugin_system:Skipping extension 'colcon_notification.desktop_notification.terminal_notifier': Not used on non-Darwin systems
[4.334s] INFO:colcon.colcon_core.plugin_system:Skipping extension 'colcon_notification.desktop_notification.win32': Not used on non-Windows systems
[4.334s] INFO:colcon.colcon_notification.desktop_notification:Sending desktop notification using 'notify2'
[4.344s] DEBUG:colcon.colcon_core.event_reactor:joined thread
[4.344s] INFO:colcon.colcon_core.shell:Creating prefix script '/home/xyq/Desktop/boom_ws/install/local_setup.ps1'
[4.345s] INFO:colcon.colcon_core.shell:Creating prefix util module '/home/xyq/Desktop/boom_ws/install/_local_setup_util_ps1.py'
[4.347s] INFO:colcon.colcon_core.shell:Creating prefix chain script '/home/xyq/Desktop/boom_ws/install/setup.ps1'
[4.349s] INFO:colcon.colcon_core.shell:Creating prefix script '/home/xyq/Desktop/boom_ws/install/local_setup.sh'
[4.350s] INFO:colcon.colcon_core.shell:Creating prefix util module '/home/xyq/Desktop/boom_ws/install/_local_setup_util_sh.py'
[4.351s] INFO:colcon.colcon_core.shell:Creating prefix chain script '/home/xyq/Desktop/boom_ws/install/setup.sh'
[4.353s] INFO:colcon.colcon_core.shell:Creating prefix script '/home/xyq/Desktop/boom_ws/install/local_setup.bash'
[4.354s] INFO:colcon.colcon_core.shell:Creating prefix chain script '/home/xyq/Desktop/boom_ws/install/setup.bash'
[4.356s] INFO:colcon.colcon_core.shell:Creating prefix script '/home/xyq/Desktop/boom_ws/install/local_setup.zsh'
[4.357s] INFO:colcon.colcon_core.shell:Creating prefix chain script '/home/xyq/Desktop/boom_ws/install/setup.zsh'
