[0.621s] DEBUG:colcon:Command line arguments: ['/usr/bin/colcon', 'build', '--packages-select', 'resolve']
[0.622s] DEBUG:colcon:Parsed command line arguments: Namespace(log_base=None, log_level=None, verb_name='build', build_base='build', install_base='install', merge_install=False, symlink_install=False, test_result_base=None, continue_on_error=False, executor='parallel', parallel_workers=8, event_handlers=None, ignore_user_meta=False, metas=['./colcon.meta'], base_paths=['.'], packages_ignore=None, packages_ignore_regex=None, paths=None, packages_up_to=None, packages_up_to_regex=None, packages_above=None, packages_above_and_dependencies=None, packages_above_depth=None, packages_select_by_dep=None, packages_skip_by_dep=None, packages_skip_up_to=None, packages_select_build_failed=False, packages_skip_build_finished=False, packages_select_test_failures=False, packages_skip_test_passed=False, packages_select=['resolve'], packages_skip=None, packages_select_regex=None, packages_skip_regex=None, packages_start=None, packages_end=None, allow_overriding=[], cmake_args=None, cmake_target=None, cmake_target_skip_unavailable=False, cmake_clean_cache=False, cmake_clean_first=False, cmake_force_configure=False, ament_cmake_args=None, catkin_cmake_args=None, catkin_skip_building_tests=False, verb_parser=<colcon_defaults.argument_parser.defaults.DefaultArgumentsDecorator object at 0x7d7783537460>, verb_extension=<colcon_core.verb.build.BuildVerb object at 0x7d778367c910>, main=<bound method BuildVerb.main of <colcon_core.verb.build.BuildVerb object at 0x7d778367c910>>)
[1.243s] Level 1:colcon.colcon_core.package_discovery:discover_packages(colcon_meta) check parameters
[1.244s] Level 1:colcon.colcon_core.package_discovery:discover_packages(recursive) check parameters
[1.244s] Level 1:colcon.colcon_core.package_discovery:discover_packages(ignore) check parameters
[1.244s] Level 1:colcon.colcon_core.package_discovery:discover_packages(path) check parameters
[1.244s] Level 1:colcon.colcon_core.package_discovery:discover_packages(colcon_meta) discover
[1.245s] Level 1:colcon.colcon_core.package_discovery:discover_packages(recursive) discover
[1.245s] INFO:colcon.colcon_core.package_discovery:Crawling recursively for packages in '/home/qiqi/Desktop/boom_ws'
[1.245s] Level 1:colcon.colcon_core.package_identification:_identify(.) by extensions ['ignore', 'ignore_ament_install']
[1.246s] Level 1:colcon.colcon_core.package_identification:_identify(.) by extension 'ignore'
[1.246s] Level 1:colcon.colcon_core.package_identification:_identify(.) by extension 'ignore_ament_install'
[1.246s] Level 1:colcon.colcon_core.package_identification:_identify(.) by extensions ['colcon_pkg']
[1.246s] Level 1:colcon.colcon_core.package_identification:_identify(.) by extension 'colcon_pkg'
[1.246s] Level 1:colcon.colcon_core.package_identification:_identify(.) by extensions ['colcon_meta']
[1.246s] Level 1:colcon.colcon_core.package_identification:_identify(.) by extension 'colcon_meta'
[1.246s] Level 1:colcon.colcon_core.package_identification:_identify(.) by extensions ['ros']
[1.247s] Level 1:colcon.colcon_core.package_identification:_identify(.) by extension 'ros'
[1.289s] Level 1:colcon.colcon_core.package_identification:_identify(.) by extensions ['cmake', 'python']
[1.289s] Level 1:colcon.colcon_core.package_identification:_identify(.) by extension 'cmake'
[1.289s] Level 1:colcon.colcon_core.package_identification:_identify(.) by extension 'python'
[1.289s] Level 1:colcon.colcon_core.package_identification:_identify(.) by extensions ['python_setup_py']
[1.289s] Level 1:colcon.colcon_core.package_identification:_identify(.) by extension 'python_setup_py'
[1.290s] Level 1:colcon.colcon_core.package_identification:_identify(build) by extensions ['ignore', 'ignore_ament_install']
[1.290s] Level 1:colcon.colcon_core.package_identification:_identify(build) by extension 'ignore'
[1.291s] Level 1:colcon.colcon_core.package_identification:_identify(build) ignored
[1.291s] Level 1:colcon.colcon_core.package_identification:_identify(config) by extensions ['ignore', 'ignore_ament_install']
[1.292s] Level 1:colcon.colcon_core.package_identification:_identify(config) by extension 'ignore'
[1.292s] Level 1:colcon.colcon_core.package_identification:_identify(config) by extension 'ignore_ament_install'
[1.292s] Level 1:colcon.colcon_core.package_identification:_identify(config) by extensions ['colcon_pkg']
[1.292s] Level 1:colcon.colcon_core.package_identification:_identify(config) by extension 'colcon_pkg'
[1.292s] Level 1:colcon.colcon_core.package_identification:_identify(config) by extensions ['colcon_meta']
[1.293s] Level 1:colcon.colcon_core.package_identification:_identify(config) by extension 'colcon_meta'
[1.293s] Level 1:colcon.colcon_core.package_identification:_identify(config) by extensions ['ros']
[1.293s] Level 1:colcon.colcon_core.package_identification:_identify(config) by extension 'ros'
[1.293s] Level 1:colcon.colcon_core.package_identification:_identify(config) by extensions ['cmake', 'python']
[1.293s] Level 1:colcon.colcon_core.package_identification:_identify(config) by extension 'cmake'
[1.293s] Level 1:colcon.colcon_core.package_identification:_identify(config) by extension 'python'
[1.293s] Level 1:colcon.colcon_core.package_identification:_identify(config) by extensions ['python_setup_py']
[1.294s] Level 1:colcon.colcon_core.package_identification:_identify(config) by extension 'python_setup_py'
[1.294s] Level 1:colcon.colcon_core.package_identification:_identify(install) by extensions ['ignore', 'ignore_ament_install']
[1.294s] Level 1:colcon.colcon_core.package_identification:_identify(install) by extension 'ignore'
[1.294s] Level 1:colcon.colcon_core.package_identification:_identify(install) ignored
[1.295s] Level 1:colcon.colcon_core.package_identification:_identify(launch) by extensions ['ignore', 'ignore_ament_install']
[1.295s] Level 1:colcon.colcon_core.package_identification:_identify(launch) by extension 'ignore'
[1.295s] Level 1:colcon.colcon_core.package_identification:_identify(launch) by extension 'ignore_ament_install'
[1.295s] Level 1:colcon.colcon_core.package_identification:_identify(launch) by extensions ['colcon_pkg']
[1.295s] Level 1:colcon.colcon_core.package_identification:_identify(launch) by extension 'colcon_pkg'
[1.296s] Level 1:colcon.colcon_core.package_identification:_identify(launch) by extensions ['colcon_meta']
[1.296s] Level 1:colcon.colcon_core.package_identification:_identify(launch) by extension 'colcon_meta'
[1.296s] Level 1:colcon.colcon_core.package_identification:_identify(launch) by extensions ['ros']
[1.296s] Level 1:colcon.colcon_core.package_identification:_identify(launch) by extension 'ros'
[1.296s] Level 1:colcon.colcon_core.package_identification:_identify(launch) by extensions ['cmake', 'python']
[1.296s] Level 1:colcon.colcon_core.package_identification:_identify(launch) by extension 'cmake'
[1.296s] Level 1:colcon.colcon_core.package_identification:_identify(launch) by extension 'python'
[1.297s] Level 1:colcon.colcon_core.package_identification:_identify(launch) by extensions ['python_setup_py']
[1.297s] Level 1:colcon.colcon_core.package_identification:_identify(launch) by extension 'python_setup_py'
[1.297s] Level 1:colcon.colcon_core.package_identification:_identify(launch/__pycache__) by extensions ['ignore', 'ignore_ament_install']
[1.297s] Level 1:colcon.colcon_core.package_identification:_identify(launch/__pycache__) by extension 'ignore'
[1.297s] Level 1:colcon.colcon_core.package_identification:_identify(launch/__pycache__) by extension 'ignore_ament_install'
[1.298s] Level 1:colcon.colcon_core.package_identification:_identify(launch/__pycache__) by extensions ['colcon_pkg']
[1.298s] Level 1:colcon.colcon_core.package_identification:_identify(launch/__pycache__) by extension 'colcon_pkg'
[1.298s] Level 1:colcon.colcon_core.package_identification:_identify(launch/__pycache__) by extensions ['colcon_meta']
[1.298s] Level 1:colcon.colcon_core.package_identification:_identify(launch/__pycache__) by extension 'colcon_meta'
[1.298s] Level 1:colcon.colcon_core.package_identification:_identify(launch/__pycache__) by extensions ['ros']
[1.298s] Level 1:colcon.colcon_core.package_identification:_identify(launch/__pycache__) by extension 'ros'
[1.298s] Level 1:colcon.colcon_core.package_identification:_identify(launch/__pycache__) by extensions ['cmake', 'python']
[1.299s] Level 1:colcon.colcon_core.package_identification:_identify(launch/__pycache__) by extension 'cmake'
[1.299s] Level 1:colcon.colcon_core.package_identification:_identify(launch/__pycache__) by extension 'python'
[1.299s] Level 1:colcon.colcon_core.package_identification:_identify(launch/__pycache__) by extensions ['python_setup_py']
[1.299s] Level 1:colcon.colcon_core.package_identification:_identify(launch/__pycache__) by extension 'python_setup_py'
[1.300s] Level 1:colcon.colcon_core.package_identification:_identify(log) by extensions ['ignore', 'ignore_ament_install']
[1.300s] Level 1:colcon.colcon_core.package_identification:_identify(log) by extension 'ignore'
[1.301s] Level 1:colcon.colcon_core.package_identification:_identify(log) ignored
[1.301s] Level 1:colcon.colcon_core.package_identification:_identify(py) by extensions ['ignore', 'ignore_ament_install']
[1.301s] Level 1:colcon.colcon_core.package_identification:_identify(py) by extension 'ignore'
[1.302s] Level 1:colcon.colcon_core.package_identification:_identify(py) by extension 'ignore_ament_install'
[1.302s] Level 1:colcon.colcon_core.package_identification:_identify(py) by extensions ['colcon_pkg']
[1.302s] Level 1:colcon.colcon_core.package_identification:_identify(py) by extension 'colcon_pkg'
[1.302s] Level 1:colcon.colcon_core.package_identification:_identify(py) by extensions ['colcon_meta']
[1.302s] Level 1:colcon.colcon_core.package_identification:_identify(py) by extension 'colcon_meta'
[1.302s] Level 1:colcon.colcon_core.package_identification:_identify(py) by extensions ['ros']
[1.303s] Level 1:colcon.colcon_core.package_identification:_identify(py) by extension 'ros'
[1.303s] Level 1:colcon.colcon_core.package_identification:_identify(py) by extensions ['cmake', 'python']
[1.303s] Level 1:colcon.colcon_core.package_identification:_identify(py) by extension 'cmake'
[1.303s] Level 1:colcon.colcon_core.package_identification:_identify(py) by extension 'python'
[1.303s] Level 1:colcon.colcon_core.package_identification:_identify(py) by extensions ['python_setup_py']
[1.303s] Level 1:colcon.colcon_core.package_identification:_identify(py) by extension 'python_setup_py'
[1.304s] Level 1:colcon.colcon_core.package_identification:_identify(py/__pycache__) by extensions ['ignore', 'ignore_ament_install']
[1.304s] Level 1:colcon.colcon_core.package_identification:_identify(py/__pycache__) by extension 'ignore'
[1.304s] Level 1:colcon.colcon_core.package_identification:_identify(py/__pycache__) by extension 'ignore_ament_install'
[1.304s] Level 1:colcon.colcon_core.package_identification:_identify(py/__pycache__) by extensions ['colcon_pkg']
[1.305s] Level 1:colcon.colcon_core.package_identification:_identify(py/__pycache__) by extension 'colcon_pkg'
[1.305s] Level 1:colcon.colcon_core.package_identification:_identify(py/__pycache__) by extensions ['colcon_meta']
[1.305s] Level 1:colcon.colcon_core.package_identification:_identify(py/__pycache__) by extension 'colcon_meta'
[1.305s] Level 1:colcon.colcon_core.package_identification:_identify(py/__pycache__) by extensions ['ros']
[1.305s] Level 1:colcon.colcon_core.package_identification:_identify(py/__pycache__) by extension 'ros'
[1.305s] Level 1:colcon.colcon_core.package_identification:_identify(py/__pycache__) by extensions ['cmake', 'python']
[1.305s] Level 1:colcon.colcon_core.package_identification:_identify(py/__pycache__) by extension 'cmake'
[1.306s] Level 1:colcon.colcon_core.package_identification:_identify(py/__pycache__) by extension 'python'
[1.306s] Level 1:colcon.colcon_core.package_identification:_identify(py/__pycache__) by extensions ['python_setup_py']
[1.306s] Level 1:colcon.colcon_core.package_identification:_identify(py/__pycache__) by extension 'python_setup_py'
[1.306s] Level 1:colcon.colcon_core.package_identification:_identify(py/pta) by extensions ['ignore', 'ignore_ament_install']
[1.307s] Level 1:colcon.colcon_core.package_identification:_identify(py/pta) by extension 'ignore'
[1.307s] Level 1:colcon.colcon_core.package_identification:_identify(py/pta) by extension 'ignore_ament_install'
[1.307s] Level 1:colcon.colcon_core.package_identification:_identify(py/pta) by extensions ['colcon_pkg']
[1.307s] Level 1:colcon.colcon_core.package_identification:_identify(py/pta) by extension 'colcon_pkg'
[1.307s] Level 1:colcon.colcon_core.package_identification:_identify(py/pta) by extensions ['colcon_meta']
[1.308s] Level 1:colcon.colcon_core.package_identification:_identify(py/pta) by extension 'colcon_meta'
[1.308s] Level 1:colcon.colcon_core.package_identification:_identify(py/pta) by extensions ['ros']
[1.308s] Level 1:colcon.colcon_core.package_identification:_identify(py/pta) by extension 'ros'
[1.308s] Level 1:colcon.colcon_core.package_identification:_identify(py/pta) by extensions ['cmake', 'python']
[1.309s] Level 1:colcon.colcon_core.package_identification:_identify(py/pta) by extension 'cmake'
[1.309s] Level 1:colcon.colcon_core.package_identification:_identify(py/pta) by extension 'python'
[1.309s] Level 1:colcon.colcon_core.package_identification:_identify(py/pta) by extensions ['python_setup_py']
[1.309s] Level 1:colcon.colcon_core.package_identification:_identify(py/pta) by extension 'python_setup_py'
[1.309s] Level 1:colcon.colcon_core.package_identification:_identify(py/pta/pta2) by extensions ['ignore', 'ignore_ament_install']
[1.310s] Level 1:colcon.colcon_core.package_identification:_identify(py/pta/pta2) by extension 'ignore'
[1.310s] Level 1:colcon.colcon_core.package_identification:_identify(py/pta/pta2) by extension 'ignore_ament_install'
[1.310s] Level 1:colcon.colcon_core.package_identification:_identify(py/pta/pta2) by extensions ['colcon_pkg']
[1.310s] Level 1:colcon.colcon_core.package_identification:_identify(py/pta/pta2) by extension 'colcon_pkg'
[1.311s] Level 1:colcon.colcon_core.package_identification:_identify(py/pta/pta2) by extensions ['colcon_meta']
[1.311s] Level 1:colcon.colcon_core.package_identification:_identify(py/pta/pta2) by extension 'colcon_meta'
[1.311s] Level 1:colcon.colcon_core.package_identification:_identify(py/pta/pta2) by extensions ['ros']
[1.311s] Level 1:colcon.colcon_core.package_identification:_identify(py/pta/pta2) by extension 'ros'
[1.311s] Level 1:colcon.colcon_core.package_identification:_identify(py/pta/pta2) by extensions ['cmake', 'python']
[1.311s] Level 1:colcon.colcon_core.package_identification:_identify(py/pta/pta2) by extension 'cmake'
[1.311s] Level 1:colcon.colcon_core.package_identification:_identify(py/pta/pta2) by extension 'python'
[1.312s] Level 1:colcon.colcon_core.package_identification:_identify(py/pta/pta2) by extensions ['python_setup_py']
[1.312s] Level 1:colcon.colcon_core.package_identification:_identify(py/pta/pta2) by extension 'python_setup_py'
[1.312s] Level 1:colcon.colcon_core.package_identification:_identify(py/test) by extensions ['ignore', 'ignore_ament_install']
[1.313s] Level 1:colcon.colcon_core.package_identification:_identify(py/test) by extension 'ignore'
[1.313s] Level 1:colcon.colcon_core.package_identification:_identify(py/test) by extension 'ignore_ament_install'
[1.313s] Level 1:colcon.colcon_core.package_identification:_identify(py/test) by extensions ['colcon_pkg']
[1.313s] Level 1:colcon.colcon_core.package_identification:_identify(py/test) by extension 'colcon_pkg'
[1.314s] Level 1:colcon.colcon_core.package_identification:_identify(py/test) by extensions ['colcon_meta']
[1.314s] Level 1:colcon.colcon_core.package_identification:_identify(py/test) by extension 'colcon_meta'
[1.314s] Level 1:colcon.colcon_core.package_identification:_identify(py/test) by extensions ['ros']
[1.314s] Level 1:colcon.colcon_core.package_identification:_identify(py/test) by extension 'ros'
[1.314s] Level 1:colcon.colcon_core.package_identification:_identify(py/test) by extensions ['cmake', 'python']
[1.314s] Level 1:colcon.colcon_core.package_identification:_identify(py/test) by extension 'cmake'
[1.315s] Level 1:colcon.colcon_core.package_identification:_identify(py/test) by extension 'python'
[1.315s] Level 1:colcon.colcon_core.package_identification:_identify(py/test) by extensions ['python_setup_py']
[1.315s] Level 1:colcon.colcon_core.package_identification:_identify(py/test) by extension 'python_setup_py'
[1.315s] Level 1:colcon.colcon_core.package_identification:_identify(src) by extensions ['ignore', 'ignore_ament_install']
[1.316s] Level 1:colcon.colcon_core.package_identification:_identify(src) by extension 'ignore'
[1.316s] Level 1:colcon.colcon_core.package_identification:_identify(src) by extension 'ignore_ament_install'
[1.316s] Level 1:colcon.colcon_core.package_identification:_identify(src) by extensions ['colcon_pkg']
[1.316s] Level 1:colcon.colcon_core.package_identification:_identify(src) by extension 'colcon_pkg'
[1.316s] Level 1:colcon.colcon_core.package_identification:_identify(src) by extensions ['colcon_meta']
[1.316s] Level 1:colcon.colcon_core.package_identification:_identify(src) by extension 'colcon_meta'
[1.316s] Level 1:colcon.colcon_core.package_identification:_identify(src) by extensions ['ros']
[1.316s] Level 1:colcon.colcon_core.package_identification:_identify(src) by extension 'ros'
[1.317s] Level 1:colcon.colcon_core.package_identification:_identify(src) by extensions ['cmake', 'python']
[1.317s] Level 1:colcon.colcon_core.package_identification:_identify(src) by extension 'cmake'
[1.317s] Level 1:colcon.colcon_core.package_identification:_identify(src) by extension 'python'
[1.317s] Level 1:colcon.colcon_core.package_identification:_identify(src) by extensions ['python_setup_py']
[1.317s] Level 1:colcon.colcon_core.package_identification:_identify(src) by extension 'python_setup_py'
[1.318s] Level 1:colcon.colcon_core.package_identification:_identify(src/display) by extensions ['ignore', 'ignore_ament_install']
[1.318s] Level 1:colcon.colcon_core.package_identification:_identify(src/display) by extension 'ignore'
[1.318s] Level 1:colcon.colcon_core.package_identification:_identify(src/display) by extension 'ignore_ament_install'
[1.318s] Level 1:colcon.colcon_core.package_identification:_identify(src/display) by extensions ['colcon_pkg']
[1.318s] Level 1:colcon.colcon_core.package_identification:_identify(src/display) by extension 'colcon_pkg'
[1.318s] Level 1:colcon.colcon_core.package_identification:_identify(src/display) by extensions ['colcon_meta']
[1.319s] Level 1:colcon.colcon_core.package_identification:_identify(src/display) by extension 'colcon_meta'
[1.319s] Level 1:colcon.colcon_core.package_identification:_identify(src/display) by extensions ['ros']
[1.319s] Level 1:colcon.colcon_core.package_identification:_identify(src/display) by extension 'ros'
[1.334s] DEBUG:colcon.colcon_core.package_identification:Package 'src/display' with type 'ros.ament_cmake' and name 'display'
[1.335s] Level 1:colcon.colcon_core.package_identification:_identify(src/hik_camera_ros2_driver) by extensions ['ignore', 'ignore_ament_install']
[1.335s] Level 1:colcon.colcon_core.package_identification:_identify(src/hik_camera_ros2_driver) by extension 'ignore'
[1.336s] Level 1:colcon.colcon_core.package_identification:_identify(src/hik_camera_ros2_driver) by extension 'ignore_ament_install'
[1.336s] Level 1:colcon.colcon_core.package_identification:_identify(src/hik_camera_ros2_driver) by extensions ['colcon_pkg']
[1.336s] Level 1:colcon.colcon_core.package_identification:_identify(src/hik_camera_ros2_driver) by extension 'colcon_pkg'
[1.336s] Level 1:colcon.colcon_core.package_identification:_identify(src/hik_camera_ros2_driver) by extensions ['colcon_meta']
[1.336s] Level 1:colcon.colcon_core.package_identification:_identify(src/hik_camera_ros2_driver) by extension 'colcon_meta'
[1.336s] Level 1:colcon.colcon_core.package_identification:_identify(src/hik_camera_ros2_driver) by extensions ['ros']
[1.336s] Level 1:colcon.colcon_core.package_identification:_identify(src/hik_camera_ros2_driver) by extension 'ros'
[1.340s] DEBUG:colcon.colcon_core.package_identification:Package 'src/hik_camera_ros2_driver' with type 'ros.ament_cmake' and name 'hik_camera_ros2_driver'
[1.341s] Level 1:colcon.colcon_core.package_identification:_identify(src/resolving) by extensions ['ignore', 'ignore_ament_install']
[1.341s] Level 1:colcon.colcon_core.package_identification:_identify(src/resolving) by extension 'ignore'
[1.341s] Level 1:colcon.colcon_core.package_identification:_identify(src/resolving) by extension 'ignore_ament_install'
[1.341s] Level 1:colcon.colcon_core.package_identification:_identify(src/resolving) by extensions ['colcon_pkg']
[1.342s] Level 1:colcon.colcon_core.package_identification:_identify(src/resolving) by extension 'colcon_pkg'
[1.342s] Level 1:colcon.colcon_core.package_identification:_identify(src/resolving) by extensions ['colcon_meta']
[1.342s] Level 1:colcon.colcon_core.package_identification:_identify(src/resolving) by extension 'colcon_meta'
[1.342s] Level 1:colcon.colcon_core.package_identification:_identify(src/resolving) by extensions ['ros']
[1.342s] Level 1:colcon.colcon_core.package_identification:_identify(src/resolving) by extension 'ros'
[1.347s] DEBUG:colcon.colcon_core.package_identification:Package 'src/resolving' with type 'ros.ament_cmake' and name 'resolve'
[1.348s] Level 1:colcon.colcon_core.package_identification:_identify(src/serial) by extensions ['ignore', 'ignore_ament_install']
[1.348s] Level 1:colcon.colcon_core.package_identification:_identify(src/serial) by extension 'ignore'
[1.349s] Level 1:colcon.colcon_core.package_identification:_identify(src/serial) by extension 'ignore_ament_install'
[1.349s] Level 1:colcon.colcon_core.package_identification:_identify(src/serial) by extensions ['colcon_pkg']
[1.349s] Level 1:colcon.colcon_core.package_identification:_identify(src/serial) by extension 'colcon_pkg'
[1.349s] Level 1:colcon.colcon_core.package_identification:_identify(src/serial) by extensions ['colcon_meta']
[1.349s] Level 1:colcon.colcon_core.package_identification:_identify(src/serial) by extension 'colcon_meta'
[1.349s] Level 1:colcon.colcon_core.package_identification:_identify(src/serial) by extensions ['ros']
[1.349s] Level 1:colcon.colcon_core.package_identification:_identify(src/serial) by extension 'ros'
[1.354s] DEBUG:colcon.colcon_core.package_identification:Package 'src/serial' with type 'ros.ament_cmake' and name 'serial'
[1.354s] Level 1:colcon.colcon_core.package_identification:_identify(src/vision_interfaces) by extensions ['ignore', 'ignore_ament_install']
[1.354s] Level 1:colcon.colcon_core.package_identification:_identify(src/vision_interfaces) by extension 'ignore'
[1.355s] Level 1:colcon.colcon_core.package_identification:_identify(src/vision_interfaces) by extension 'ignore_ament_install'
[1.355s] Level 1:colcon.colcon_core.package_identification:_identify(src/vision_interfaces) by extensions ['colcon_pkg']
[1.355s] Level 1:colcon.colcon_core.package_identification:_identify(src/vision_interfaces) by extension 'colcon_pkg'
[1.355s] Level 1:colcon.colcon_core.package_identification:_identify(src/vision_interfaces) by extensions ['colcon_meta']
[1.355s] Level 1:colcon.colcon_core.package_identification:_identify(src/vision_interfaces) by extension 'colcon_meta'
[1.355s] Level 1:colcon.colcon_core.package_identification:_identify(src/vision_interfaces) by extensions ['ros']
[1.355s] Level 1:colcon.colcon_core.package_identification:_identify(src/vision_interfaces) by extension 'ros'
[1.358s] DEBUG:colcon.colcon_core.package_identification:Package 'src/vision_interfaces' with type 'ros.ament_cmake' and name 'vision_interfaces'
[1.358s] Level 1:colcon.colcon_core.package_discovery:discover_packages(recursive) using defaults
[1.358s] Level 1:colcon.colcon_core.package_discovery:discover_packages(ignore) discover
[1.358s] Level 1:colcon.colcon_core.package_discovery:discover_packages(ignore) using defaults
[1.358s] Level 1:colcon.colcon_core.package_discovery:discover_packages(path) discover
[1.358s] Level 1:colcon.colcon_core.package_discovery:discover_packages(path) using defaults
[1.453s] INFO:colcon.colcon_core.package_selection:Skipping not selected package 'display' in 'src/display'
[1.454s] INFO:colcon.colcon_core.package_selection:Skipping not selected package 'hik_camera_ros2_driver' in 'src/hik_camera_ros2_driver'
[1.454s] INFO:colcon.colcon_core.package_selection:Skipping not selected package 'vision_interfaces' in 'src/vision_interfaces'
[1.454s] INFO:colcon.colcon_core.package_selection:Skipping not selected package 'serial' in 'src/serial'
[1.456s] Level 1:colcon.colcon_core.package_discovery:discover_packages(prefix_path) check parameters
[1.456s] Level 1:colcon.colcon_core.package_discovery:discover_packages(prefix_path) discover
[1.465s] DEBUG:colcon.colcon_installed_package_information.package_discovery:Found 5 installed packages in /home/qiqi/Desktop/boom_ws/install
[1.472s] DEBUG:colcon.colcon_installed_package_information.package_discovery:Found 276 installed packages in /opt/ros/humble
[1.508s] Level 1:colcon.colcon_core.package_discovery:discover_packages(prefix_path) using defaults
[1.647s] Level 5:colcon.colcon_core.verb:set package 'resolve' build argument 'cmake_args' from command line to 'None'
[1.648s] Level 5:colcon.colcon_core.verb:set package 'resolve' build argument 'cmake_target' from command line to 'None'
[1.648s] Level 5:colcon.colcon_core.verb:set package 'resolve' build argument 'cmake_target_skip_unavailable' from command line to 'False'
[1.648s] Level 5:colcon.colcon_core.verb:set package 'resolve' build argument 'cmake_clean_cache' from command line to 'False'
[1.648s] Level 5:colcon.colcon_core.verb:set package 'resolve' build argument 'cmake_clean_first' from command line to 'False'
[1.648s] Level 5:colcon.colcon_core.verb:set package 'resolve' build argument 'cmake_force_configure' from command line to 'False'
[1.648s] Level 5:colcon.colcon_core.verb:set package 'resolve' build argument 'ament_cmake_args' from command line to 'None'
[1.648s] Level 5:colcon.colcon_core.verb:set package 'resolve' build argument 'catkin_cmake_args' from command line to 'None'
[1.649s] Level 5:colcon.colcon_core.verb:set package 'resolve' build argument 'catkin_skip_building_tests' from command line to 'False'
[1.649s] DEBUG:colcon.colcon_core.verb:Building package 'resolve' with the following arguments: {'ament_cmake_args': None, 'build_base': '/home/qiqi/Desktop/boom_ws/build/resolve', 'catkin_cmake_args': None, 'catkin_skip_building_tests': False, 'cmake_args': None, 'cmake_clean_cache': False, 'cmake_clean_first': False, 'cmake_force_configure': False, 'cmake_target': None, 'cmake_target_skip_unavailable': False, 'install_base': '/home/qiqi/Desktop/boom_ws/install/resolve', 'merge_install': False, 'path': '/home/qiqi/Desktop/boom_ws/src/resolving', 'symlink_install': False, 'test_result_base': None}
[1.650s] INFO:colcon.colcon_core.executor:Executing jobs using 'parallel' executor
[1.654s] DEBUG:colcon.colcon_parallel_executor.executor.parallel:run_until_complete
[1.655s] INFO:colcon.colcon_ros.task.ament_cmake.build:Building ROS package in '/home/qiqi/Desktop/boom_ws/src/resolving' with build type 'ament_cmake'
[1.656s] INFO:colcon.colcon_cmake.task.cmake.build:Building CMake package in '/home/qiqi/Desktop/boom_ws/src/resolving'
[1.671s] INFO:colcon.colcon_core.plugin_system:Skipping extension 'colcon_core.shell.bat': Not used on non-Windows systems
[1.671s] INFO:colcon.colcon_core.shell:Skip shell extension 'powershell' for command environment: Not usable outside of PowerShell
[1.672s] DEBUG:colcon.colcon_core.shell:Skip shell extension 'dsv' for command environment
[1.742s] DEBUG:colcon.colcon_core.event_handler.log_command:Invoking command in '/home/qiqi/Desktop/boom_ws/build/resolve': CMAKE_PREFIX_PATH=/home/qiqi/Desktop/boom_ws/install/vision_interfaces:/home/qiqi/Desktop/boom_ws/install/serial:/home/qiqi/Desktop/boom_ws/install/resolve:/home/qiqi/Desktop/boom_ws/install/hik_camera_ros2_driver:/home/qiqi/Desktop/boom_ws/install/display:/opt/ros/humble LD_LIBRARY_PATH=/home/qiqi/Desktop/boom_ws/install/vision_interfaces/lib:/usr/local/lib:/opt/MVS/lib/64:/opt/MVS/lib/32:/opt/MVS/lib/64:/opt/MVS/lib/32:/usr/local/lib:/home/qiqi/Desktop/boom_ws/install/hik_camera_ros2_driver/lib:/opt/MVS/lib/64:/opt/MVS/lib/32:/opt/ros/humble/opt/rviz_ogre_vendor/lib:/opt/ros/humble/lib/x86_64-linux-gnu:/opt/ros/humble/lib:/opt/MVS/lib/64:/opt/MVS/lib/32:/opt/MVS/lib/64:/opt/MVS/lib/32:/opt/MVS/lib/64:/opt/MVS/lib/32:/opt/MVS/lib/64:/opt/MVS/lib/32:/opt/MVS/lib/64:/opt/MVS/lib/32 /usr/bin/cmake --build /home/qiqi/Desktop/boom_ws/build/resolve -- -j8 -l8
[144.022s] DEBUG:colcon.colcon_core.event_handler.log_command:Invoked command in '/home/qiqi/Desktop/boom_ws/build/resolve' returned '0': CMAKE_PREFIX_PATH=/home/qiqi/Desktop/boom_ws/install/vision_interfaces:/home/qiqi/Desktop/boom_ws/install/serial:/home/qiqi/Desktop/boom_ws/install/resolve:/home/qiqi/Desktop/boom_ws/install/hik_camera_ros2_driver:/home/qiqi/Desktop/boom_ws/install/display:/opt/ros/humble LD_LIBRARY_PATH=/home/qiqi/Desktop/boom_ws/install/vision_interfaces/lib:/usr/local/lib:/opt/MVS/lib/64:/opt/MVS/lib/32:/opt/MVS/lib/64:/opt/MVS/lib/32:/usr/local/lib:/home/qiqi/Desktop/boom_ws/install/hik_camera_ros2_driver/lib:/opt/MVS/lib/64:/opt/MVS/lib/32:/opt/ros/humble/opt/rviz_ogre_vendor/lib:/opt/ros/humble/lib/x86_64-linux-gnu:/opt/ros/humble/lib:/opt/MVS/lib/64:/opt/MVS/lib/32:/opt/MVS/lib/64:/opt/MVS/lib/32:/opt/MVS/lib/64:/opt/MVS/lib/32:/opt/MVS/lib/64:/opt/MVS/lib/32:/opt/MVS/lib/64:/opt/MVS/lib/32 /usr/bin/cmake --build /home/qiqi/Desktop/boom_ws/build/resolve -- -j8 -l8
[144.298s] DEBUG:colcon.colcon_core.event_handler.log_command:Invoking command in '/home/qiqi/Desktop/boom_ws/build/resolve': CMAKE_PREFIX_PATH=/home/qiqi/Desktop/boom_ws/install/vision_interfaces:/home/qiqi/Desktop/boom_ws/install/serial:/home/qiqi/Desktop/boom_ws/install/resolve:/home/qiqi/Desktop/boom_ws/install/hik_camera_ros2_driver:/home/qiqi/Desktop/boom_ws/install/display:/opt/ros/humble LD_LIBRARY_PATH=/home/qiqi/Desktop/boom_ws/install/vision_interfaces/lib:/usr/local/lib:/opt/MVS/lib/64:/opt/MVS/lib/32:/opt/MVS/lib/64:/opt/MVS/lib/32:/usr/local/lib:/home/qiqi/Desktop/boom_ws/install/hik_camera_ros2_driver/lib:/opt/MVS/lib/64:/opt/MVS/lib/32:/opt/ros/humble/opt/rviz_ogre_vendor/lib:/opt/ros/humble/lib/x86_64-linux-gnu:/opt/ros/humble/lib:/opt/MVS/lib/64:/opt/MVS/lib/32:/opt/MVS/lib/64:/opt/MVS/lib/32:/opt/MVS/lib/64:/opt/MVS/lib/32:/opt/MVS/lib/64:/opt/MVS/lib/32:/opt/MVS/lib/64:/opt/MVS/lib/32 /usr/bin/cmake --install /home/qiqi/Desktop/boom_ws/build/resolve
[144.521s] Level 1:colcon.colcon_core.environment:create_environment_scripts_only(resolve)
[144.542s] DEBUG:colcon.colcon_core.event_handler.log_command:Invoked command in '/home/qiqi/Desktop/boom_ws/build/resolve' returned '0': CMAKE_PREFIX_PATH=/home/qiqi/Desktop/boom_ws/install/vision_interfaces:/home/qiqi/Desktop/boom_ws/install/serial:/home/qiqi/Desktop/boom_ws/install/resolve:/home/qiqi/Desktop/boom_ws/install/hik_camera_ros2_driver:/home/qiqi/Desktop/boom_ws/install/display:/opt/ros/humble LD_LIBRARY_PATH=/home/qiqi/Desktop/boom_ws/install/vision_interfaces/lib:/usr/local/lib:/opt/MVS/lib/64:/opt/MVS/lib/32:/opt/MVS/lib/64:/opt/MVS/lib/32:/usr/local/lib:/home/qiqi/Desktop/boom_ws/install/hik_camera_ros2_driver/lib:/opt/MVS/lib/64:/opt/MVS/lib/32:/opt/ros/humble/opt/rviz_ogre_vendor/lib:/opt/ros/humble/lib/x86_64-linux-gnu:/opt/ros/humble/lib:/opt/MVS/lib/64:/opt/MVS/lib/32:/opt/MVS/lib/64:/opt/MVS/lib/32:/opt/MVS/lib/64:/opt/MVS/lib/32:/opt/MVS/lib/64:/opt/MVS/lib/32:/opt/MVS/lib/64:/opt/MVS/lib/32 /usr/bin/cmake --install /home/qiqi/Desktop/boom_ws/build/resolve
[144.617s] Level 1:colcon.colcon_core.environment:checking '/home/qiqi/Desktop/boom_ws/install/resolve' for CMake module files
[144.630s] Level 1:colcon.colcon_core.environment:checking '/home/qiqi/Desktop/boom_ws/install/resolve' for CMake config files
[144.634s] Level 1:colcon.colcon_core.shell:create_environment_hook('resolve', 'cmake_prefix_path')
[144.640s] INFO:colcon.colcon_core.shell:Creating environment hook '/home/qiqi/Desktop/boom_ws/install/resolve/share/resolve/hook/cmake_prefix_path.ps1'
[144.661s] INFO:colcon.colcon_core.shell:Creating environment descriptor '/home/qiqi/Desktop/boom_ws/install/resolve/share/resolve/hook/cmake_prefix_path.dsv'
[144.672s] INFO:colcon.colcon_core.shell:Creating environment hook '/home/qiqi/Desktop/boom_ws/install/resolve/share/resolve/hook/cmake_prefix_path.sh'
[144.692s] Level 1:colcon.colcon_core.environment:checking '/home/qiqi/Desktop/boom_ws/install/resolve/lib'
[144.697s] Level 1:colcon.colcon_core.environment:checking '/home/qiqi/Desktop/boom_ws/install/resolve/bin'
[144.699s] Level 1:colcon.colcon_core.environment:checking '/home/qiqi/Desktop/boom_ws/install/resolve/lib/pkgconfig/resolve.pc'
[144.704s] Level 1:colcon.colcon_core.environment:checking '/home/qiqi/Desktop/boom_ws/install/resolve/lib/python3.10/site-packages'
[144.710s] Level 1:colcon.colcon_core.environment:checking '/home/qiqi/Desktop/boom_ws/install/resolve/bin'
[144.718s] INFO:colcon.colcon_core.shell:Creating package script '/home/qiqi/Desktop/boom_ws/install/resolve/share/resolve/package.ps1'
[144.739s] INFO:colcon.colcon_core.shell:Creating package descriptor '/home/qiqi/Desktop/boom_ws/install/resolve/share/resolve/package.dsv'
[144.754s] INFO:colcon.colcon_core.shell:Creating package script '/home/qiqi/Desktop/boom_ws/install/resolve/share/resolve/package.sh'
[144.800s] INFO:colcon.colcon_core.shell:Creating package script '/home/qiqi/Desktop/boom_ws/install/resolve/share/resolve/package.bash'
[144.845s] INFO:colcon.colcon_core.shell:Creating package script '/home/qiqi/Desktop/boom_ws/install/resolve/share/resolve/package.zsh'
[144.886s] Level 1:colcon.colcon_core.environment:create_file_with_runtime_dependencies(/home/qiqi/Desktop/boom_ws/install/resolve/share/colcon-core/packages/resolve)
[144.905s] Level 1:colcon.colcon_core.environment:create_environment_scripts_only(resolve)
[144.916s] Level 1:colcon.colcon_core.environment:checking '/home/qiqi/Desktop/boom_ws/install/resolve' for CMake module files
[144.936s] Level 1:colcon.colcon_core.environment:checking '/home/qiqi/Desktop/boom_ws/install/resolve' for CMake config files
[144.940s] Level 1:colcon.colcon_core.shell:create_environment_hook('resolve', 'cmake_prefix_path')
[144.948s] INFO:colcon.colcon_core.shell:Creating environment hook '/home/qiqi/Desktop/boom_ws/install/resolve/share/resolve/hook/cmake_prefix_path.ps1'
[144.960s] INFO:colcon.colcon_core.shell:Creating environment descriptor '/home/qiqi/Desktop/boom_ws/install/resolve/share/resolve/hook/cmake_prefix_path.dsv'
[144.971s] INFO:colcon.colcon_core.shell:Creating environment hook '/home/qiqi/Desktop/boom_ws/install/resolve/share/resolve/hook/cmake_prefix_path.sh'
[144.994s] Level 1:colcon.colcon_core.environment:checking '/home/qiqi/Desktop/boom_ws/install/resolve/lib'
[144.997s] Level 1:colcon.colcon_core.environment:checking '/home/qiqi/Desktop/boom_ws/install/resolve/bin'
[144.998s] Level 1:colcon.colcon_core.environment:checking '/home/qiqi/Desktop/boom_ws/install/resolve/lib/pkgconfig/resolve.pc'
[145.004s] Level 1:colcon.colcon_core.environment:checking '/home/qiqi/Desktop/boom_ws/install/resolve/lib/python3.10/site-packages'
[145.009s] Level 1:colcon.colcon_core.environment:checking '/home/qiqi/Desktop/boom_ws/install/resolve/bin'
[145.017s] INFO:colcon.colcon_core.shell:Creating package script '/home/qiqi/Desktop/boom_ws/install/resolve/share/resolve/package.ps1'
[145.029s] INFO:colcon.colcon_core.shell:Creating package descriptor '/home/qiqi/Desktop/boom_ws/install/resolve/share/resolve/package.dsv'
[145.040s] INFO:colcon.colcon_core.shell:Creating package script '/home/qiqi/Desktop/boom_ws/install/resolve/share/resolve/package.sh'
[145.050s] INFO:colcon.colcon_core.shell:Creating package script '/home/qiqi/Desktop/boom_ws/install/resolve/share/resolve/package.bash'
[145.061s] INFO:colcon.colcon_core.shell:Creating package script '/home/qiqi/Desktop/boom_ws/install/resolve/share/resolve/package.zsh'
[145.070s] Level 1:colcon.colcon_core.environment:create_file_with_runtime_dependencies(/home/qiqi/Desktop/boom_ws/install/resolve/share/colcon-core/packages/resolve)
[145.076s] DEBUG:colcon.colcon_parallel_executor.executor.parallel:closing loop
[145.082s] DEBUG:colcon.colcon_parallel_executor.executor.parallel:loop closed
[145.086s] DEBUG:colcon.colcon_parallel_executor.executor.parallel:run_until_complete finished with '0'
[145.089s] DEBUG:colcon.colcon_core.event_reactor:joining thread
[145.235s] INFO:colcon.colcon_core.plugin_system:Skipping extension 'colcon_notification.desktop_notification.terminal_notifier': Not used on non-Darwin systems
[145.238s] INFO:colcon.colcon_core.plugin_system:Skipping extension 'colcon_notification.desktop_notification.win32': Not used on non-Windows systems
[145.239s] INFO:colcon.colcon_notification.desktop_notification:Sending desktop notification using 'notify2'
[145.803s] DEBUG:colcon.colcon_core.event_reactor:joined thread
[145.811s] INFO:colcon.colcon_core.shell:Creating prefix script '/home/qiqi/Desktop/boom_ws/install/local_setup.ps1'
[145.835s] INFO:colcon.colcon_core.shell:Creating prefix util module '/home/qiqi/Desktop/boom_ws/install/_local_setup_util_ps1.py'
[145.878s] INFO:colcon.colcon_core.shell:Creating prefix chain script '/home/qiqi/Desktop/boom_ws/install/setup.ps1'
[145.911s] INFO:colcon.colcon_core.shell:Creating prefix script '/home/qiqi/Desktop/boom_ws/install/local_setup.sh'
[145.927s] INFO:colcon.colcon_core.shell:Creating prefix util module '/home/qiqi/Desktop/boom_ws/install/_local_setup_util_sh.py'
[145.942s] INFO:colcon.colcon_core.shell:Creating prefix chain script '/home/qiqi/Desktop/boom_ws/install/setup.sh'
[145.985s] INFO:colcon.colcon_core.shell:Creating prefix script '/home/qiqi/Desktop/boom_ws/install/local_setup.bash'
[146.012s] INFO:colcon.colcon_core.shell:Creating prefix chain script '/home/qiqi/Desktop/boom_ws/install/setup.bash'
[146.047s] INFO:colcon.colcon_core.shell:Creating prefix script '/home/qiqi/Desktop/boom_ws/install/local_setup.zsh'
[146.063s] INFO:colcon.colcon_core.shell:Creating prefix chain script '/home/qiqi/Desktop/boom_ws/install/setup.zsh'
