[0.007s] Invoking command in '/home/new-sentry/Desktop/boom_ws/build/vision_interfaces': CMAKE_PREFIX_PATH=/opt/ros/humble /usr/local/bin/cmake /home/new-sentry/Desktop/boom_ws/src/vision_interfaces -DCMAKE_INSTALL_PREFIX=/home/new-sentry/Desktop/boom_ws/install/vision_interfaces
[0.013s] [0mCMake Deprecation Warning at CMakeLists.txt:1 (cmake_minimum_required):
[0.013s]   Compatibility with CMake < 3.10 will be removed from a future version of
[0.013s]   CMake.
[0.013s] 
[0.013s]   Update the VERSION argument <min> value.  Or, use the <min>...<max> syntax
[0.013s]   to tell CMake that the project requires at least <min> but has been updated
[0.013s]   to work with policies introduced by <max> or earlier.
[0.013s] 
[0.013s] [0m
[0.079s] -- The C compiler identification is GNU 11.4.0
[0.130s] -- The CXX compiler identification is GNU 11.4.0
[0.146s] -- Detecting C compiler ABI info
[0.196s] -- Detecting C compiler ABI info - done
[0.238s] -- Check for working C compiler: /usr/bin/cc - skipped
[0.239s] -- Detecting C compile features
[0.240s] -- Detecting C compile features - done
[0.255s] -- Detecting CXX compiler ABI info
[0.307s] -- Detecting CXX compiler ABI info - done
[0.351s] -- Check for working CXX compiler: /usr/bin/c++ - skipped
[0.351s] -- Detecting CXX compile features
[0.353s] -- Detecting CXX compile features - done
[0.360s] -- Found ament_cmake: 1.3.11 (/opt/ros/humble/share/ament_cmake/cmake)
[0.452s] -- Found Python3: /usr/bin/python3 (found version "3.10.12") found components: Interpreter
[0.516s] -- Found rclcpp: 16.0.12 (/opt/ros/humble/share/rclcpp/cmake)
[0.583s] -- Found rosidl_generator_c: 3.1.6 (/opt/ros/humble/share/rosidl_generator_c/cmake)
[0.593s] -- Found rosidl_adapter: 3.1.6 (/opt/ros/humble/share/rosidl_adapter/cmake)
[0.610s] -- Found rosidl_generator_cpp: 3.1.6 (/opt/ros/humble/share/rosidl_generator_cpp/cmake)
[0.640s] -- Using all available rosidl_typesupport_c: rosidl_typesupport_fastrtps_c;rosidl_typesupport_introspection_c
[0.679s] -- Using all available rosidl_typesupport_cpp: rosidl_typesupport_fastrtps_cpp;rosidl_typesupport_introspection_cpp
[0.778s] -- Found rmw_implementation_cmake: 6.1.2 (/opt/ros/humble/share/rmw_implementation_cmake/cmake)
[0.782s] -- Found rmw_fastrtps_cpp: 6.2.7 (/opt/ros/humble/share/rmw_fastrtps_cpp/cmake)
[0.892s] -- Found OpenSSL: /usr/lib/x86_64-linux-gnu/libcrypto.so (found version "3.0.2")
[0.928s] -- Found FastRTPS: /opt/ros/humble/include
[0.982s] -- Using RMW implementation 'rmw_fastrtps_cpp' as default
[0.995s] -- Performing Test CMAKE_HAVE_LIBC_PTHREAD
[1.052s] -- Performing Test CMAKE_HAVE_LIBC_PTHREAD - Success
[1.055s] -- Found Threads: TRUE
[1.197s] -- Found geometry_msgs: 4.8.0 (/opt/ros/humble/share/geometry_msgs/cmake)
[1.236s] -- Found rosidl_default_generators: 1.2.0 (/opt/ros/humble/share/rosidl_default_generators/cmake)
[1.531s] -- Found ament_cmake_ros: 0.10.0 (/opt/ros/humble/share/ament_cmake_ros/cmake)
[2.076s] -- Using all available rosidl_typesupport_c: rosidl_typesupport_fastrtps_c;rosidl_typesupport_introspection_c
[2.278s] -- Using all available rosidl_typesupport_cpp: rosidl_typesupport_fastrtps_cpp;rosidl_typesupport_introspection_cpp
[2.283s] [33mCMake Warning (dev) at /opt/ros/humble/share/rosidl_generator_py/cmake/rosidl_generator_py_generate_interfaces.cmake:20 (find_package):
[2.283s]   Policy CMP0148 is not set: The FindPythonInterp and FindPythonLibs modules
[2.283s]   are removed.  Run "cmake --help-policy CMP0148" for policy details.  Use
[2.284s]   the cmake_policy command to set the policy and suppress this warning.
[2.284s] 
[2.284s] Call Stack (most recent call first):
[2.284s]   /opt/ros/humble/share/ament_cmake_core/cmake/core/ament_execute_extensions.cmake:48 (include)
[2.284s]   /opt/ros/humble/share/rosidl_cmake/cmake/rosidl_generate_interfaces.cmake:286 (ament_execute_extensions)
[2.284s]   CMakeLists.txt:20 (rosidl_generate_interfaces)
[2.284s] This warning is for project developers.  Use -Wno-dev to suppress it.
[2.284s] [0m
[2.303s] -- Found PythonInterp: /usr/bin/python3 (found suitable version "3.10.12", minimum required is "3.6")
[2.305s] -- Found python_cmake_module: 0.10.0 (/opt/ros/humble/share/python_cmake_module/cmake)
[2.306s] [33mCMake Warning (dev) at /opt/ros/humble/share/python_cmake_module/cmake/Modules/FindPythonExtra.cmake:52 (find_package):
[2.306s]   Policy CMP0148 is not set: The FindPythonInterp and FindPythonLibs modules
[2.306s]   are removed.  Run "cmake --help-policy CMP0148" for policy details.  Use
[2.306s]   the cmake_policy command to set the policy and suppress this warning.
[2.306s] 
[2.306s] Call Stack (most recent call first):
[2.306s]   /opt/ros/humble/share/rosidl_generator_py/cmake/rosidl_generator_py_generate_interfaces.cmake:23 (find_package)
[2.306s]   /opt/ros/humble/share/ament_cmake_core/cmake/core/ament_execute_extensions.cmake:48 (include)
[2.306s]   /opt/ros/humble/share/rosidl_cmake/cmake/rosidl_generate_interfaces.cmake:286 (ament_execute_extensions)
[2.306s]   CMakeLists.txt:20 (rosidl_generate_interfaces)
[2.306s] This warning is for project developers.  Use -Wno-dev to suppress it.
[2.306s] [0m
[2.322s] [33mCMake Warning (dev) at /opt/ros/humble/share/python_cmake_module/cmake/Modules/FindPythonExtra.cmake:140 (find_package):
[2.322s]   Policy CMP0148 is not set: The FindPythonInterp and FindPythonLibs modules
[2.322s]   are removed.  Run "cmake --help-policy CMP0148" for policy details.  Use
[2.322s]   the cmake_policy command to set the policy and suppress this warning.
[2.322s] 
[2.322s] Call Stack (most recent call first):
[2.322s]   /opt/ros/humble/share/rosidl_generator_py/cmake/rosidl_generator_py_generate_interfaces.cmake:23 (find_package)
[2.322s]   /opt/ros/humble/share/ament_cmake_core/cmake/core/ament_execute_extensions.cmake:48 (include)
[2.322s]   /opt/ros/humble/share/rosidl_cmake/cmake/rosidl_generate_interfaces.cmake:286 (ament_execute_extensions)
[2.322s]   CMakeLists.txt:20 (rosidl_generate_interfaces)
[2.322s] This warning is for project developers.  Use -Wno-dev to suppress it.
[2.322s] [0m
[2.332s] -- Found PythonLibs: /usr/lib/x86_64-linux-gnu/libpython3.10.so (found suitable version "3.10.12", minimum required is "3.5")
[2.333s] -- Using PYTHON_EXECUTABLE: /usr/bin/python3
[2.333s] -- Using PYTHON_INCLUDE_DIRS: /usr/include/python3.10
[2.333s] -- Using PYTHON_LIBRARIES: /usr/lib/x86_64-linux-gnu/libpython3.10.so
[2.347s] -- Found PythonExtra: .so
[2.395s] -- Found ament_lint_auto: 0.12.12 (/opt/ros/humble/share/ament_lint_auto/cmake)
[2.420s] -- Added test 'lint_cmake' to check CMake code style
[2.422s] -- Added test 'xmllint' to check XML markup files
[2.428s] -- Configuring done (2.4s)
[2.479s] -- Generating done (0.1s)
[2.495s] -- Build files have been written to: /home/new-sentry/Desktop/boom_ws/build/vision_interfaces
[2.507s] Invoked command in '/home/new-sentry/Desktop/boom_ws/build/vision_interfaces' returned '0': CMAKE_PREFIX_PATH=/opt/ros/humble /usr/local/bin/cmake /home/new-sentry/Desktop/boom_ws/src/vision_interfaces -DCMAKE_INSTALL_PREFIX=/home/new-sentry/Desktop/boom_ws/install/vision_interfaces
[2.508s] Invoking command in '/home/new-sentry/Desktop/boom_ws/build/vision_interfaces': CMAKE_PREFIX_PATH=/opt/ros/humble /usr/local/bin/cmake --build /home/new-sentry/Desktop/boom_ws/build/vision_interfaces -- -j16 -l16
[2.532s] [  2%] [34m[1mGenerating C code for ROS interfaces[0m
[2.537s] [  5%] [34m[1mGenerating C++ code for ROS interfaces[0m
[2.541s] [  5%] Built target ament_cmake_python_copy_vision_interfaces
[2.707s] [  5%] Built target vision_interfaces__cpp
[2.711s] [  7%] [34m[1mGenerating C++ type support for eProsima Fast-RTPS[0m
[2.711s] [ 10%] [34m[1mGenerating C++ introspection for ROS interfaces[0m
[2.712s] [ 12%] [34m[1mGenerating C++ type support dispatch for ROS interfaces[0m
[2.712s] running egg_info
[2.713s] creating vision_interfaces.egg-info
[2.714s] writing vision_interfaces.egg-info/PKG-INFO
[2.714s] writing dependency_links to vision_interfaces.egg-info/dependency_links.txt
[2.714s] writing top-level names to vision_interfaces.egg-info/top_level.txt
[2.716s] writing manifest file 'vision_interfaces.egg-info/SOURCES.txt'
[2.717s] reading manifest file 'vision_interfaces.egg-info/SOURCES.txt'
[2.717s] [ 17%] [32mBuilding C object CMakeFiles/vision_interfaces__rosidl_generator_c.dir/rosidl_generator_c/vision_interfaces/msg/detail/uartf__functions.c.o[0m
[2.717s] [ 17%] [32mBuilding C object CMakeFiles/vision_interfaces__rosidl_generator_c.dir/rosidl_generator_c/vision_interfaces/msg/detail/uart__functions.c.o[0m
[2.717s] writing manifest file 'vision_interfaces.egg-info/SOURCES.txt'
[2.753s] [ 20%] Built target ament_cmake_python_build_vision_interfaces_egg
[2.753s] [ 20%] [32m[1mLinking C shared library libvision_interfaces__rosidl_generator_c.so[0m
[2.774s] [ 20%] Built target vision_interfaces__rosidl_generator_c
[2.779s] [ 23%] [34m[1mGenerating C introspection for ROS interfaces[0m
[2.780s] [ 28%] [34m[1mGenerating C type support for eProsima Fast-RTPS[0m
[2.780s] [ 28%] [34m[1mGenerating C type support dispatch for ROS interfaces[0m
[2.876s] [ 30%] [32mBuilding CXX object CMakeFiles/vision_interfaces__rosidl_typesupport_cpp.dir/rosidl_typesupport_cpp/vision_interfaces/msg/uart__type_support.cpp.o[0m
[2.876s] [ 33%] [32mBuilding CXX object CMakeFiles/vision_interfaces__rosidl_typesupport_cpp.dir/rosidl_typesupport_cpp/vision_interfaces/msg/uartf__type_support.cpp.o[0m
[2.889s] [ 38%] [32mBuilding CXX object CMakeFiles/vision_interfaces__rosidl_typesupport_fastrtps_cpp.dir/rosidl_typesupport_fastrtps_cpp/vision_interfaces/msg/detail/dds_fastrtps/uartf__type_support.cpp.o[0m
[2.889s] [ 38%] [32mBuilding CXX object CMakeFiles/vision_interfaces__rosidl_typesupport_fastrtps_cpp.dir/rosidl_typesupport_fastrtps_cpp/vision_interfaces/msg/detail/dds_fastrtps/uart__type_support.cpp.o[0m
[2.950s] [ 43%] [32mBuilding CXX object CMakeFiles/vision_interfaces__rosidl_typesupport_c.dir/rosidl_typesupport_c/vision_interfaces/msg/uartf__type_support.cpp.o[0m
[2.950s] [ 43%] [32mBuilding CXX object CMakeFiles/vision_interfaces__rosidl_typesupport_c.dir/rosidl_typesupport_c/vision_interfaces/msg/uart__type_support.cpp.o[0m
[2.971s] [ 48%] [32mBuilding CXX object CMakeFiles/vision_interfaces__rosidl_typesupport_introspection_cpp.dir/rosidl_typesupport_introspection_cpp/vision_interfaces/msg/detail/uartf__type_support.cpp.o[0m
[2.971s] [ 48%] [32mBuilding CXX object CMakeFiles/vision_interfaces__rosidl_typesupport_introspection_cpp.dir/rosidl_typesupport_introspection_cpp/vision_interfaces/msg/detail/uart__type_support.cpp.o[0m
[2.976s] [ 51%] [32m[1mLinking CXX shared library libvision_interfaces__rosidl_typesupport_c.so[0m
[3.014s] [ 56%] [32mBuilding C object CMakeFiles/vision_interfaces__rosidl_typesupport_introspection_c.dir/rosidl_typesupport_introspection_c/vision_interfaces/msg/detail/uart__type_support.c.o[0m
[3.015s] [ 56%] [32mBuilding C object CMakeFiles/vision_interfaces__rosidl_typesupport_introspection_c.dir/rosidl_typesupport_introspection_c/vision_interfaces/msg/detail/uartf__type_support.c.o[0m
[3.017s] [ 56%] Built target vision_interfaces__rosidl_typesupport_c
[3.045s] [ 58%] [32m[1mLinking C shared library libvision_interfaces__rosidl_typesupport_introspection_c.so[0m
[3.064s] [ 64%] [32mBuilding CXX object CMakeFiles/vision_interfaces__rosidl_typesupport_fastrtps_c.dir/rosidl_typesupport_fastrtps_c/vision_interfaces/msg/detail/uart__type_support_c.cpp.o[0m
[3.064s] [ 64%] [32mBuilding CXX object CMakeFiles/vision_interfaces__rosidl_typesupport_fastrtps_c.dir/rosidl_typesupport_fastrtps_c/vision_interfaces/msg/detail/uartf__type_support_c.cpp.o[0m
[3.064s] [ 64%] Built target vision_interfaces__rosidl_typesupport_introspection_c
[3.073s] [ 66%] [32m[1mLinking CXX shared library libvision_interfaces__rosidl_typesupport_cpp.so[0m
[3.097s] [ 66%] Built target vision_interfaces__rosidl_typesupport_cpp
[3.209s] [ 69%] [32m[1mLinking CXX shared library libvision_interfaces__rosidl_typesupport_fastrtps_cpp.so[0m
[3.261s] [ 69%] Built target vision_interfaces__rosidl_typesupport_fastrtps_cpp
[3.326s] [ 71%] [32m[1mLinking CXX shared library libvision_interfaces__rosidl_typesupport_introspection_cpp.so[0m
[3.336s] [ 74%] [32m[1mLinking CXX shared library libvision_interfaces__rosidl_typesupport_fastrtps_c.so[0m
[3.367s] [ 74%] Built target vision_interfaces__rosidl_typesupport_introspection_cpp
[3.383s] [ 74%] Built target vision_interfaces__rosidl_typesupport_fastrtps_c
[3.391s] [ 74%] Built target vision_interfaces
[3.400s] [ 76%] [34m[1mGenerating Python code for ROS interfaces[0m
[3.584s] [ 76%] Built target vision_interfaces__py
[3.594s] [ 82%] [32mBuilding C object CMakeFiles/vision_interfaces__rosidl_generator_py.dir/rosidl_generator_py/vision_interfaces/msg/_uart_s.c.o[0m
[3.594s] [ 82%] [32mBuilding C object CMakeFiles/vision_interfaces__rosidl_generator_py.dir/rosidl_generator_py/vision_interfaces/msg/_uartf_s.c.o[0m
[3.662s] [ 84%] [32m[1mLinking C shared library rosidl_generator_py/vision_interfaces/libvision_interfaces__rosidl_generator_py.so[0m
[3.683s] [ 84%] Built target vision_interfaces__rosidl_generator_py
[3.691s] [ 87%] [32mBuilding C object CMakeFiles/vision_interfaces__rosidl_typesupport_fastrtps_c__pyext.dir/rosidl_generator_py/vision_interfaces/_vision_interfaces_s.ep.rosidl_typesupport_fastrtps_c.c.o[0m
[3.692s] [ 89%] [32mBuilding C object CMakeFiles/vision_interfaces__rosidl_typesupport_c__pyext.dir/rosidl_generator_py/vision_interfaces/_vision_interfaces_s.ep.rosidl_typesupport_c.c.o[0m
[3.693s] [ 92%] [32mBuilding C object CMakeFiles/vision_interfaces__rosidl_typesupport_introspection_c__pyext.dir/rosidl_generator_py/vision_interfaces/_vision_interfaces_s.ep.rosidl_typesupport_introspection_c.c.o[0m
[3.741s] [ 94%] [32m[1mLinking C shared library rosidl_generator_py/vision_interfaces/vision_interfaces_s__rosidl_typesupport_fastrtps_c.cpython-310-x86_64-linux-gnu.so[0m
[3.743s] [ 97%] [32m[1mLinking C shared library rosidl_generator_py/vision_interfaces/vision_interfaces_s__rosidl_typesupport_c.cpython-310-x86_64-linux-gnu.so[0m
[3.743s] [100%] [32m[1mLinking C shared library rosidl_generator_py/vision_interfaces/vision_interfaces_s__rosidl_typesupport_introspection_c.cpython-310-x86_64-linux-gnu.so[0m
[3.758s] [100%] Built target vision_interfaces__rosidl_typesupport_c__pyext
[3.761s] [100%] Built target vision_interfaces__rosidl_typesupport_fastrtps_c__pyext
[3.762s] [100%] Built target vision_interfaces__rosidl_typesupport_introspection_c__pyext
[3.767s] Invoked command in '/home/new-sentry/Desktop/boom_ws/build/vision_interfaces' returned '0': CMAKE_PREFIX_PATH=/opt/ros/humble /usr/local/bin/cmake --build /home/new-sentry/Desktop/boom_ws/build/vision_interfaces -- -j16 -l16
[3.768s] Invoking command in '/home/new-sentry/Desktop/boom_ws/build/vision_interfaces': CMAKE_PREFIX_PATH=/opt/ros/humble /usr/local/bin/cmake --install /home/new-sentry/Desktop/boom_ws/build/vision_interfaces
[3.772s] -- Install configuration: ""
[3.772s] -- Installing: /home/new-sentry/Desktop/boom_ws/install/vision_interfaces/share/ament_index/resource_index/rosidl_interfaces/vision_interfaces
[3.772s] -- Installing: /home/new-sentry/Desktop/boom_ws/install/vision_interfaces/include/vision_interfaces/vision_interfaces
[3.772s] -- Installing: /home/new-sentry/Desktop/boom_ws/install/vision_interfaces/include/vision_interfaces/vision_interfaces/msg
[3.772s] -- Installing: /home/new-sentry/Desktop/boom_ws/install/vision_interfaces/include/vision_interfaces/vision_interfaces/msg/detail
[3.772s] -- Installing: /home/new-sentry/Desktop/boom_ws/install/vision_interfaces/include/vision_interfaces/vision_interfaces/msg/detail/uart__functions.h
[3.772s] -- Installing: /home/new-sentry/Desktop/boom_ws/install/vision_interfaces/include/vision_interfaces/vision_interfaces/msg/detail/uart__struct.h
[3.772s] -- Installing: /home/new-sentry/Desktop/boom_ws/install/vision_interfaces/include/vision_interfaces/vision_interfaces/msg/detail/uart__functions.c
[3.772s] -- Installing: /home/new-sentry/Desktop/boom_ws/install/vision_interfaces/include/vision_interfaces/vision_interfaces/msg/detail/uartf__functions.h
[3.772s] -- Installing: /home/new-sentry/Desktop/boom_ws/install/vision_interfaces/include/vision_interfaces/vision_interfaces/msg/detail/uartf__struct.h
[3.772s] -- Installing: /home/new-sentry/Desktop/boom_ws/install/vision_interfaces/include/vision_interfaces/vision_interfaces/msg/detail/uartf__functions.c
[3.772s] -- Installing: /home/new-sentry/Desktop/boom_ws/install/vision_interfaces/include/vision_interfaces/vision_interfaces/msg/detail/uartf__type_support.h
[3.772s] -- Installing: /home/new-sentry/Desktop/boom_ws/install/vision_interfaces/include/vision_interfaces/vision_interfaces/msg/detail/uart__type_support.h
[3.773s] -- Installing: /home/new-sentry/Desktop/boom_ws/install/vision_interfaces/include/vision_interfaces/vision_interfaces/msg/uart.h
[3.773s] -- Installing: /home/new-sentry/Desktop/boom_ws/install/vision_interfaces/include/vision_interfaces/vision_interfaces/msg/uartf.h
[3.773s] -- Installing: /home/new-sentry/Desktop/boom_ws/install/vision_interfaces/include/vision_interfaces/vision_interfaces/msg/rosidl_generator_c__visibility_control.h
[3.773s] -- Installing: /home/new-sentry/Desktop/boom_ws/install/vision_interfaces/share/vision_interfaces/environment/library_path.sh
[3.773s] -- Installing: /home/new-sentry/Desktop/boom_ws/install/vision_interfaces/share/vision_interfaces/environment/library_path.dsv
[3.773s] -- Installing: /home/new-sentry/Desktop/boom_ws/install/vision_interfaces/lib/libvision_interfaces__rosidl_generator_c.so
[3.773s] -- Set non-toolchain portion of runtime path of "/home/new-sentry/Desktop/boom_ws/install/vision_interfaces/lib/libvision_interfaces__rosidl_generator_c.so" to ""
[3.773s] -- Up-to-date: /home/new-sentry/Desktop/boom_ws/install/vision_interfaces/include/vision_interfaces/vision_interfaces
[3.773s] -- Up-to-date: /home/new-sentry/Desktop/boom_ws/install/vision_interfaces/include/vision_interfaces/vision_interfaces/msg
[3.773s] -- Up-to-date: /home/new-sentry/Desktop/boom_ws/install/vision_interfaces/include/vision_interfaces/vision_interfaces/msg/detail
[3.773s] -- Installing: /home/new-sentry/Desktop/boom_ws/install/vision_interfaces/include/vision_interfaces/vision_interfaces/msg/detail/uart__rosidl_typesupport_fastrtps_c.h
[3.773s] -- Installing: /home/new-sentry/Desktop/boom_ws/install/vision_interfaces/include/vision_interfaces/vision_interfaces/msg/detail/uartf__rosidl_typesupport_fastrtps_c.h
[3.773s] -- Installing: /home/new-sentry/Desktop/boom_ws/install/vision_interfaces/include/vision_interfaces/vision_interfaces/msg/rosidl_typesupport_fastrtps_c__visibility_control.h
[3.774s] -- Installing: /home/new-sentry/Desktop/boom_ws/install/vision_interfaces/lib/libvision_interfaces__rosidl_typesupport_fastrtps_c.so
[3.774s] -- Set non-toolchain portion of runtime path of "/home/new-sentry/Desktop/boom_ws/install/vision_interfaces/lib/libvision_interfaces__rosidl_typesupport_fastrtps_c.so" to ""
[3.774s] -- Up-to-date: /home/new-sentry/Desktop/boom_ws/install/vision_interfaces/include/vision_interfaces/vision_interfaces
[3.774s] -- Up-to-date: /home/new-sentry/Desktop/boom_ws/install/vision_interfaces/include/vision_interfaces/vision_interfaces/msg
[3.774s] -- Up-to-date: /home/new-sentry/Desktop/boom_ws/install/vision_interfaces/include/vision_interfaces/vision_interfaces/msg/detail
[3.774s] -- Installing: /home/new-sentry/Desktop/boom_ws/install/vision_interfaces/include/vision_interfaces/vision_interfaces/msg/detail/uart__type_support.hpp
[3.774s] -- Installing: /home/new-sentry/Desktop/boom_ws/install/vision_interfaces/include/vision_interfaces/vision_interfaces/msg/detail/uart__builder.hpp
[3.774s] -- Installing: /home/new-sentry/Desktop/boom_ws/install/vision_interfaces/include/vision_interfaces/vision_interfaces/msg/detail/uartf__type_support.hpp
[3.774s] -- Installing: /home/new-sentry/Desktop/boom_ws/install/vision_interfaces/include/vision_interfaces/vision_interfaces/msg/detail/uartf__struct.hpp
[3.774s] -- Installing: /home/new-sentry/Desktop/boom_ws/install/vision_interfaces/include/vision_interfaces/vision_interfaces/msg/detail/uart__traits.hpp
[3.774s] -- Installing: /home/new-sentry/Desktop/boom_ws/install/vision_interfaces/include/vision_interfaces/vision_interfaces/msg/detail/uart__struct.hpp
[3.774s] -- Installing: /home/new-sentry/Desktop/boom_ws/install/vision_interfaces/include/vision_interfaces/vision_interfaces/msg/detail/uartf__builder.hpp
[3.774s] -- Installing: /home/new-sentry/Desktop/boom_ws/install/vision_interfaces/include/vision_interfaces/vision_interfaces/msg/detail/uartf__traits.hpp
[3.774s] -- Installing: /home/new-sentry/Desktop/boom_ws/install/vision_interfaces/include/vision_interfaces/vision_interfaces/msg/uartf.hpp
[3.774s] -- Installing: /home/new-sentry/Desktop/boom_ws/install/vision_interfaces/include/vision_interfaces/vision_interfaces/msg/uart.hpp
[3.774s] -- Installing: /home/new-sentry/Desktop/boom_ws/install/vision_interfaces/include/vision_interfaces/vision_interfaces/msg/rosidl_generator_cpp__visibility_control.hpp
[3.774s] -- Up-to-date: /home/new-sentry/Desktop/boom_ws/install/vision_interfaces/include/vision_interfaces/vision_interfaces
[3.774s] -- Up-to-date: /home/new-sentry/Desktop/boom_ws/install/vision_interfaces/include/vision_interfaces/vision_interfaces/msg
[3.774s] -- Up-to-date: /home/new-sentry/Desktop/boom_ws/install/vision_interfaces/include/vision_interfaces/vision_interfaces/msg/detail
[3.774s] -- Installing: /home/new-sentry/Desktop/boom_ws/install/vision_interfaces/include/vision_interfaces/vision_interfaces/msg/detail/uartf__rosidl_typesupport_fastrtps_cpp.hpp
[3.774s] -- Installing: /home/new-sentry/Desktop/boom_ws/install/vision_interfaces/include/vision_interfaces/vision_interfaces/msg/detail/dds_fastrtps
[3.774s] -- Installing: /home/new-sentry/Desktop/boom_ws/install/vision_interfaces/include/vision_interfaces/vision_interfaces/msg/detail/uart__rosidl_typesupport_fastrtps_cpp.hpp
[3.774s] -- Installing: /home/new-sentry/Desktop/boom_ws/install/vision_interfaces/include/vision_interfaces/vision_interfaces/msg/rosidl_typesupport_fastrtps_cpp__visibility_control.h
[3.775s] -- Installing: /home/new-sentry/Desktop/boom_ws/install/vision_interfaces/lib/libvision_interfaces__rosidl_typesupport_fastrtps_cpp.so
[3.775s] -- Set non-toolchain portion of runtime path of "/home/new-sentry/Desktop/boom_ws/install/vision_interfaces/lib/libvision_interfaces__rosidl_typesupport_fastrtps_cpp.so" to ""
[3.775s] -- Up-to-date: /home/new-sentry/Desktop/boom_ws/install/vision_interfaces/include/vision_interfaces/vision_interfaces
[3.775s] -- Up-to-date: /home/new-sentry/Desktop/boom_ws/install/vision_interfaces/include/vision_interfaces/vision_interfaces/msg
[3.775s] -- Up-to-date: /home/new-sentry/Desktop/boom_ws/install/vision_interfaces/include/vision_interfaces/vision_interfaces/msg/detail
[3.775s] -- Installing: /home/new-sentry/Desktop/boom_ws/install/vision_interfaces/include/vision_interfaces/vision_interfaces/msg/detail/uart__rosidl_typesupport_introspection_c.h
[3.775s] -- Installing: /home/new-sentry/Desktop/boom_ws/install/vision_interfaces/include/vision_interfaces/vision_interfaces/msg/detail/uartf__rosidl_typesupport_introspection_c.h
[3.775s] -- Installing: /home/new-sentry/Desktop/boom_ws/install/vision_interfaces/include/vision_interfaces/vision_interfaces/msg/detail/uartf__type_support.c
[3.775s] -- Installing: /home/new-sentry/Desktop/boom_ws/install/vision_interfaces/include/vision_interfaces/vision_interfaces/msg/detail/uart__type_support.c
[3.775s] -- Installing: /home/new-sentry/Desktop/boom_ws/install/vision_interfaces/include/vision_interfaces/vision_interfaces/msg/rosidl_typesupport_introspection_c__visibility_control.h
[3.775s] -- Installing: /home/new-sentry/Desktop/boom_ws/install/vision_interfaces/lib/libvision_interfaces__rosidl_typesupport_introspection_c.so
[3.775s] -- Set non-toolchain portion of runtime path of "/home/new-sentry/Desktop/boom_ws/install/vision_interfaces/lib/libvision_interfaces__rosidl_typesupport_introspection_c.so" to ""
[3.776s] -- Installing: /home/new-sentry/Desktop/boom_ws/install/vision_interfaces/lib/libvision_interfaces__rosidl_typesupport_c.so
[3.776s] -- Set non-toolchain portion of runtime path of "/home/new-sentry/Desktop/boom_ws/install/vision_interfaces/lib/libvision_interfaces__rosidl_typesupport_c.so" to ""
[3.776s] -- Up-to-date: /home/new-sentry/Desktop/boom_ws/install/vision_interfaces/include/vision_interfaces/vision_interfaces
[3.776s] -- Up-to-date: /home/new-sentry/Desktop/boom_ws/install/vision_interfaces/include/vision_interfaces/vision_interfaces/msg
[3.776s] -- Up-to-date: /home/new-sentry/Desktop/boom_ws/install/vision_interfaces/include/vision_interfaces/vision_interfaces/msg/detail
[3.776s] -- Installing: /home/new-sentry/Desktop/boom_ws/install/vision_interfaces/include/vision_interfaces/vision_interfaces/msg/detail/uartf__rosidl_typesupport_introspection_cpp.hpp
[3.776s] -- Installing: /home/new-sentry/Desktop/boom_ws/install/vision_interfaces/include/vision_interfaces/vision_interfaces/msg/detail/uartf__type_support.cpp
[3.776s] -- Installing: /home/new-sentry/Desktop/boom_ws/install/vision_interfaces/include/vision_interfaces/vision_interfaces/msg/detail/uart__rosidl_typesupport_introspection_cpp.hpp
[3.776s] -- Installing: /home/new-sentry/Desktop/boom_ws/install/vision_interfaces/include/vision_interfaces/vision_interfaces/msg/detail/uart__type_support.cpp
[3.776s] -- Installing: /home/new-sentry/Desktop/boom_ws/install/vision_interfaces/lib/libvision_interfaces__rosidl_typesupport_introspection_cpp.so
[3.776s] -- Set non-toolchain portion of runtime path of "/home/new-sentry/Desktop/boom_ws/install/vision_interfaces/lib/libvision_interfaces__rosidl_typesupport_introspection_cpp.so" to ""
[3.776s] -- Installing: /home/new-sentry/Desktop/boom_ws/install/vision_interfaces/lib/libvision_interfaces__rosidl_typesupport_cpp.so
[3.776s] -- Set non-toolchain portion of runtime path of "/home/new-sentry/Desktop/boom_ws/install/vision_interfaces/lib/libvision_interfaces__rosidl_typesupport_cpp.so" to ""
[3.777s] -- Installing: /home/new-sentry/Desktop/boom_ws/install/vision_interfaces/share/vision_interfaces/environment/pythonpath.sh
[3.777s] -- Installing: /home/new-sentry/Desktop/boom_ws/install/vision_interfaces/share/vision_interfaces/environment/pythonpath.dsv
[3.777s] -- Installing: /home/new-sentry/Desktop/boom_ws/install/vision_interfaces/local/lib/python3.10/dist-packages/vision_interfaces-0.0.0-py3.10.egg-info
[3.777s] -- Installing: /home/new-sentry/Desktop/boom_ws/install/vision_interfaces/local/lib/python3.10/dist-packages/vision_interfaces-0.0.0-py3.10.egg-info/top_level.txt
[3.777s] -- Installing: /home/new-sentry/Desktop/boom_ws/install/vision_interfaces/local/lib/python3.10/dist-packages/vision_interfaces-0.0.0-py3.10.egg-info/SOURCES.txt
[3.777s] -- Installing: /home/new-sentry/Desktop/boom_ws/install/vision_interfaces/local/lib/python3.10/dist-packages/vision_interfaces-0.0.0-py3.10.egg-info/PKG-INFO
[3.777s] -- Installing: /home/new-sentry/Desktop/boom_ws/install/vision_interfaces/local/lib/python3.10/dist-packages/vision_interfaces-0.0.0-py3.10.egg-info/dependency_links.txt
[3.777s] -- Installing: /home/new-sentry/Desktop/boom_ws/install/vision_interfaces/local/lib/python3.10/dist-packages/vision_interfaces
[3.777s] -- Installing: /home/new-sentry/Desktop/boom_ws/install/vision_interfaces/local/lib/python3.10/dist-packages/vision_interfaces/vision_interfaces_s__rosidl_typesupport_c.cpython-310-x86_64-linux-gnu.so
[3.777s] -- Installing: /home/new-sentry/Desktop/boom_ws/install/vision_interfaces/local/lib/python3.10/dist-packages/vision_interfaces/__init__.py
[3.777s] -- Installing: /home/new-sentry/Desktop/boom_ws/install/vision_interfaces/local/lib/python3.10/dist-packages/vision_interfaces/vision_interfaces_s__rosidl_typesupport_fastrtps_c.cpython-310-x86_64-linux-gnu.so
[3.778s] -- Installing: /home/new-sentry/Desktop/boom_ws/install/vision_interfaces/local/lib/python3.10/dist-packages/vision_interfaces/vision_interfaces_s__rosidl_typesupport_introspection_c.cpython-310-x86_64-linux-gnu.so
[3.778s] -- Installing: /home/new-sentry/Desktop/boom_ws/install/vision_interfaces/local/lib/python3.10/dist-packages/vision_interfaces/_vision_interfaces_s.ep.rosidl_typesupport_c.c
[3.778s] -- Installing: /home/new-sentry/Desktop/boom_ws/install/vision_interfaces/local/lib/python3.10/dist-packages/vision_interfaces/msg
[3.778s] -- Installing: /home/new-sentry/Desktop/boom_ws/install/vision_interfaces/local/lib/python3.10/dist-packages/vision_interfaces/msg/__init__.py
[3.778s] -- Installing: /home/new-sentry/Desktop/boom_ws/install/vision_interfaces/local/lib/python3.10/dist-packages/vision_interfaces/msg/_uartf.py
[3.778s] -- Installing: /home/new-sentry/Desktop/boom_ws/install/vision_interfaces/local/lib/python3.10/dist-packages/vision_interfaces/msg/_uartf_s.c
[3.778s] -- Installing: /home/new-sentry/Desktop/boom_ws/install/vision_interfaces/local/lib/python3.10/dist-packages/vision_interfaces/msg/_uart_s.c
[3.778s] -- Installing: /home/new-sentry/Desktop/boom_ws/install/vision_interfaces/local/lib/python3.10/dist-packages/vision_interfaces/msg/_uart.py
[3.778s] -- Installing: /home/new-sentry/Desktop/boom_ws/install/vision_interfaces/local/lib/python3.10/dist-packages/vision_interfaces/libvision_interfaces__rosidl_generator_py.so
[3.778s] -- Installing: /home/new-sentry/Desktop/boom_ws/install/vision_interfaces/local/lib/python3.10/dist-packages/vision_interfaces/_vision_interfaces_s.ep.rosidl_typesupport_fastrtps_c.c
[3.778s] -- Installing: /home/new-sentry/Desktop/boom_ws/install/vision_interfaces/local/lib/python3.10/dist-packages/vision_interfaces/_vision_interfaces_s.ep.rosidl_typesupport_introspection_c.c
[3.797s] Listing '/home/new-sentry/Desktop/boom_ws/install/vision_interfaces/local/lib/python3.10/dist-packages/vision_interfaces'...
[3.797s] Compiling '/home/new-sentry/Desktop/boom_ws/install/vision_interfaces/local/lib/python3.10/dist-packages/vision_interfaces/__init__.py'...
[3.797s] Listing '/home/new-sentry/Desktop/boom_ws/install/vision_interfaces/local/lib/python3.10/dist-packages/vision_interfaces/msg'...
[3.797s] Compiling '/home/new-sentry/Desktop/boom_ws/install/vision_interfaces/local/lib/python3.10/dist-packages/vision_interfaces/msg/__init__.py'...
[3.797s] Compiling '/home/new-sentry/Desktop/boom_ws/install/vision_interfaces/local/lib/python3.10/dist-packages/vision_interfaces/msg/_uart.py'...
[3.797s] Compiling '/home/new-sentry/Desktop/boom_ws/install/vision_interfaces/local/lib/python3.10/dist-packages/vision_interfaces/msg/_uartf.py'...
[3.799s] -- Installing: /home/new-sentry/Desktop/boom_ws/install/vision_interfaces/local/lib/python3.10/dist-packages/vision_interfaces/vision_interfaces_s__rosidl_typesupport_fastrtps_c.cpython-310-x86_64-linux-gnu.so
[3.800s] -- Set non-toolchain portion of runtime path of "/home/new-sentry/Desktop/boom_ws/install/vision_interfaces/local/lib/python3.10/dist-packages/vision_interfaces/vision_interfaces_s__rosidl_typesupport_fastrtps_c.cpython-310-x86_64-linux-gnu.so" to ""
[3.800s] -- Installing: /home/new-sentry/Desktop/boom_ws/install/vision_interfaces/local/lib/python3.10/dist-packages/vision_interfaces/vision_interfaces_s__rosidl_typesupport_introspection_c.cpython-310-x86_64-linux-gnu.so
[3.800s] -- Set non-toolchain portion of runtime path of "/home/new-sentry/Desktop/boom_ws/install/vision_interfaces/local/lib/python3.10/dist-packages/vision_interfaces/vision_interfaces_s__rosidl_typesupport_introspection_c.cpython-310-x86_64-linux-gnu.so" to ""
[3.800s] -- Installing: /home/new-sentry/Desktop/boom_ws/install/vision_interfaces/local/lib/python3.10/dist-packages/vision_interfaces/vision_interfaces_s__rosidl_typesupport_c.cpython-310-x86_64-linux-gnu.so
[3.800s] -- Set non-toolchain portion of runtime path of "/home/new-sentry/Desktop/boom_ws/install/vision_interfaces/local/lib/python3.10/dist-packages/vision_interfaces/vision_interfaces_s__rosidl_typesupport_c.cpython-310-x86_64-linux-gnu.so" to ""
[3.801s] -- Installing: /home/new-sentry/Desktop/boom_ws/install/vision_interfaces/lib/libvision_interfaces__rosidl_generator_py.so
[3.801s] -- Set non-toolchain portion of runtime path of "/home/new-sentry/Desktop/boom_ws/install/vision_interfaces/lib/libvision_interfaces__rosidl_generator_py.so" to ""
[3.801s] -- Installing: /home/new-sentry/Desktop/boom_ws/install/vision_interfaces/share/vision_interfaces/msg/Uart.idl
[3.801s] -- Installing: /home/new-sentry/Desktop/boom_ws/install/vision_interfaces/share/vision_interfaces/msg/Uartf.idl
[3.801s] -- Installing: /home/new-sentry/Desktop/boom_ws/install/vision_interfaces/share/vision_interfaces/msg/Uart.msg
[3.801s] -- Installing: /home/new-sentry/Desktop/boom_ws/install/vision_interfaces/share/vision_interfaces/msg/Uartf.msg
[3.801s] -- Installing: /home/new-sentry/Desktop/boom_ws/install/vision_interfaces/share/ament_index/resource_index/package_run_dependencies/vision_interfaces
[3.801s] -- Installing: /home/new-sentry/Desktop/boom_ws/install/vision_interfaces/share/ament_index/resource_index/parent_prefix_path/vision_interfaces
[3.801s] -- Installing: /home/new-sentry/Desktop/boom_ws/install/vision_interfaces/share/vision_interfaces/environment/ament_prefix_path.sh
[3.801s] -- Installing: /home/new-sentry/Desktop/boom_ws/install/vision_interfaces/share/vision_interfaces/environment/ament_prefix_path.dsv
[3.802s] -- Installing: /home/new-sentry/Desktop/boom_ws/install/vision_interfaces/share/vision_interfaces/environment/path.sh
[3.802s] -- Installing: /home/new-sentry/Desktop/boom_ws/install/vision_interfaces/share/vision_interfaces/environment/path.dsv
[3.802s] -- Installing: /home/new-sentry/Desktop/boom_ws/install/vision_interfaces/share/vision_interfaces/local_setup.bash
[3.802s] -- Installing: /home/new-sentry/Desktop/boom_ws/install/vision_interfaces/share/vision_interfaces/local_setup.sh
[3.802s] -- Installing: /home/new-sentry/Desktop/boom_ws/install/vision_interfaces/share/vision_interfaces/local_setup.zsh
[3.802s] -- Installing: /home/new-sentry/Desktop/boom_ws/install/vision_interfaces/share/vision_interfaces/local_setup.dsv
[3.802s] -- Installing: /home/new-sentry/Desktop/boom_ws/install/vision_interfaces/share/vision_interfaces/package.dsv
[3.802s] -- Installing: /home/new-sentry/Desktop/boom_ws/install/vision_interfaces/share/ament_index/resource_index/packages/vision_interfaces
[3.802s] -- Installing: /home/new-sentry/Desktop/boom_ws/install/vision_interfaces/share/vision_interfaces/cmake/export_vision_interfaces__rosidl_generator_cExport.cmake
[3.802s] -- Installing: /home/new-sentry/Desktop/boom_ws/install/vision_interfaces/share/vision_interfaces/cmake/export_vision_interfaces__rosidl_generator_cExport-noconfig.cmake
[3.802s] -- Installing: /home/new-sentry/Desktop/boom_ws/install/vision_interfaces/share/vision_interfaces/cmake/export_vision_interfaces__rosidl_typesupport_fastrtps_cExport.cmake
[3.802s] -- Installing: /home/new-sentry/Desktop/boom_ws/install/vision_interfaces/share/vision_interfaces/cmake/export_vision_interfaces__rosidl_typesupport_fastrtps_cExport-noconfig.cmake
[3.803s] -- Installing: /home/new-sentry/Desktop/boom_ws/install/vision_interfaces/share/vision_interfaces/cmake/export_vision_interfaces__rosidl_generator_cppExport.cmake
[3.803s] -- Installing: /home/new-sentry/Desktop/boom_ws/install/vision_interfaces/share/vision_interfaces/cmake/export_vision_interfaces__rosidl_typesupport_fastrtps_cppExport.cmake
[3.803s] -- Installing: /home/new-sentry/Desktop/boom_ws/install/vision_interfaces/share/vision_interfaces/cmake/export_vision_interfaces__rosidl_typesupport_fastrtps_cppExport-noconfig.cmake
[3.803s] -- Installing: /home/new-sentry/Desktop/boom_ws/install/vision_interfaces/share/vision_interfaces/cmake/vision_interfaces__rosidl_typesupport_introspection_cExport.cmake
[3.803s] -- Installing: /home/new-sentry/Desktop/boom_ws/install/vision_interfaces/share/vision_interfaces/cmake/vision_interfaces__rosidl_typesupport_introspection_cExport-noconfig.cmake
[3.803s] -- Installing: /home/new-sentry/Desktop/boom_ws/install/vision_interfaces/share/vision_interfaces/cmake/vision_interfaces__rosidl_typesupport_cExport.cmake
[3.803s] -- Installing: /home/new-sentry/Desktop/boom_ws/install/vision_interfaces/share/vision_interfaces/cmake/vision_interfaces__rosidl_typesupport_cExport-noconfig.cmake
[3.803s] -- Installing: /home/new-sentry/Desktop/boom_ws/install/vision_interfaces/share/vision_interfaces/cmake/vision_interfaces__rosidl_typesupport_introspection_cppExport.cmake
[3.803s] -- Installing: /home/new-sentry/Desktop/boom_ws/install/vision_interfaces/share/vision_interfaces/cmake/vision_interfaces__rosidl_typesupport_introspection_cppExport-noconfig.cmake
[3.803s] -- Installing: /home/new-sentry/Desktop/boom_ws/install/vision_interfaces/share/vision_interfaces/cmake/vision_interfaces__rosidl_typesupport_cppExport.cmake
[3.803s] -- Installing: /home/new-sentry/Desktop/boom_ws/install/vision_interfaces/share/vision_interfaces/cmake/vision_interfaces__rosidl_typesupport_cppExport-noconfig.cmake
[3.803s] -- Installing: /home/new-sentry/Desktop/boom_ws/install/vision_interfaces/share/vision_interfaces/cmake/export_vision_interfaces__rosidl_generator_pyExport.cmake
[3.804s] -- Installing: /home/new-sentry/Desktop/boom_ws/install/vision_interfaces/share/vision_interfaces/cmake/export_vision_interfaces__rosidl_generator_pyExport-noconfig.cmake
[3.804s] -- Installing: /home/new-sentry/Desktop/boom_ws/install/vision_interfaces/share/vision_interfaces/cmake/rosidl_cmake-extras.cmake
[3.804s] -- Installing: /home/new-sentry/Desktop/boom_ws/install/vision_interfaces/share/vision_interfaces/cmake/ament_cmake_export_dependencies-extras.cmake
[3.804s] -- Installing: /home/new-sentry/Desktop/boom_ws/install/vision_interfaces/share/vision_interfaces/cmake/ament_cmake_export_include_directories-extras.cmake
[3.804s] -- Installing: /home/new-sentry/Desktop/boom_ws/install/vision_interfaces/share/vision_interfaces/cmake/ament_cmake_export_libraries-extras.cmake
[3.804s] -- Installing: /home/new-sentry/Desktop/boom_ws/install/vision_interfaces/share/vision_interfaces/cmake/ament_cmake_export_targets-extras.cmake
[3.804s] -- Installing: /home/new-sentry/Desktop/boom_ws/install/vision_interfaces/share/vision_interfaces/cmake/rosidl_cmake_export_typesupport_targets-extras.cmake
[3.804s] -- Installing: /home/new-sentry/Desktop/boom_ws/install/vision_interfaces/share/vision_interfaces/cmake/rosidl_cmake_export_typesupport_libraries-extras.cmake
[3.804s] -- Installing: /home/new-sentry/Desktop/boom_ws/install/vision_interfaces/share/vision_interfaces/cmake/vision_interfacesConfig.cmake
[3.804s] -- Installing: /home/new-sentry/Desktop/boom_ws/install/vision_interfaces/share/vision_interfaces/cmake/vision_interfacesConfig-version.cmake
[3.804s] -- Installing: /home/new-sentry/Desktop/boom_ws/install/vision_interfaces/share/vision_interfaces/package.xml
[3.806s] Invoked command in '/home/new-sentry/Desktop/boom_ws/build/vision_interfaces' returned '0': CMAKE_PREFIX_PATH=/opt/ros/humble /usr/local/bin/cmake --install /home/new-sentry/Desktop/boom_ws/build/vision_interfaces
