[ 50%] [32mBuilding CXX object CMakeFiles/resolve.dir/src/resolve_node.cpp.o[0m
[01m[K/home/xyq/Desktop/boom_ws/src/resolving/src/resolve_node.cpp:[m[K In function ‘[01m[Kint main(int, char**)[m[K’:
[01m[K/home/xyq/Desktop/boom_ws/src/resolving/src/resolve_node.cpp:169:14:[m[K [01;35m[Kwarning: [m[Kunused parameter ‘[01m[Kargc[m[K’ [[01;35m[K]8;;https://gcc.gnu.org/onlinedocs/gcc/Warning-Options.html#index-Wunused-parameter-Wunused-parameter]8;;[m[K]
  169 | int main([01;35m[Kint argc[m[K, char ** argv) {
      |          [01;35m[K~~~~^~~~[m[K
[01m[K/home/xyq/Desktop/boom_ws/src/resolving/src/resolve_node.cpp:169:28:[m[K [01;35m[Kwarning: [m[Kunused parameter ‘[01m[Kargv[m[K’ [[01;35m[K]8;;https://gcc.gnu.org/onlinedocs/gcc/Warning-Options.html#index-Wunused-parameter-Wunused-parameter]8;;[m[K]
  169 | int main(int argc, [01;35m[Kchar ** argv[m[K) {
      |                    [01;35m[K~~~~~~~~^~~~[m[K
[100%] [32m[1mLinking CXX executable resolve[0m
[100%] Built target resolve
-- Install configuration: ""
-- Installing: /home/xyq/Desktop/boom_ws/install/resolve/lib/resolve/resolve
-- Set runtime path of "/home/xyq/Desktop/boom_ws/install/resolve/lib/resolve/resolve" to ""
-- Up-to-date: /home/xyq/Desktop/boom_ws/install/resolve/share/ament_index/resource_index/package_run_dependencies/resolve
-- Up-to-date: /home/xyq/Desktop/boom_ws/install/resolve/share/ament_index/resource_index/parent_prefix_path/resolve
-- Up-to-date: /home/xyq/Desktop/boom_ws/install/resolve/share/resolve/environment/ament_prefix_path.sh
-- Up-to-date: /home/xyq/Desktop/boom_ws/install/resolve/share/resolve/environment/ament_prefix_path.dsv
-- Up-to-date: /home/xyq/Desktop/boom_ws/install/resolve/share/resolve/environment/path.sh
-- Up-to-date: /home/xyq/Desktop/boom_ws/install/resolve/share/resolve/environment/path.dsv
-- Up-to-date: /home/xyq/Desktop/boom_ws/install/resolve/share/resolve/local_setup.bash
-- Up-to-date: /home/xyq/Desktop/boom_ws/install/resolve/share/resolve/local_setup.sh
-- Up-to-date: /home/xyq/Desktop/boom_ws/install/resolve/share/resolve/local_setup.zsh
-- Up-to-date: /home/xyq/Desktop/boom_ws/install/resolve/share/resolve/local_setup.dsv
-- Installing: /home/xyq/Desktop/boom_ws/install/resolve/share/resolve/package.dsv
-- Up-to-date: /home/xyq/Desktop/boom_ws/install/resolve/share/ament_index/resource_index/packages/resolve
-- Up-to-date: /home/xyq/Desktop/boom_ws/install/resolve/share/resolve/cmake/resolveConfig.cmake
-- Up-to-date: /home/xyq/Desktop/boom_ws/install/resolve/share/resolve/cmake/resolveConfig-version.cmake
-- Up-to-date: /home/xyq/Desktop/boom_ws/install/resolve/share/resolve/package.xml
