[0.010s] Invoking command in '/home/qiqi/Desktop/boom_ws/build/vision_interfaces': CMAKE_PREFIX_PATH=/opt/ros/humble /usr/bin/cmake /home/qiqi/Desktop/boom_ws/src/vision_interfaces -DCMAKE_INSTALL_PREFIX=/home/qiqi/Desktop/boom_ws/install/vision_interfaces
[0.087s] -- The C compiler identification is GNU 11.4.0
[0.151s] -- The CXX compiler identification is GNU 11.4.0
[0.159s] -- Detecting C compiler ABI info
[0.221s] -- Detecting C compiler ABI info - done
[0.231s] -- Check for working C compiler: /usr/bin/cc - skipped
[0.231s] -- Detecting C compile features
[0.232s] -- Detecting C compile features - done
[0.236s] -- Detecting CXX compiler ABI info
[0.330s] -- Detecting CXX compiler ABI info - done
[0.344s] -- Check for working CXX compiler: /usr/bin/c++ - skipped
[0.344s] -- Detecting CXX compile features
[0.344s] -- Detecting CXX compile features - done
[0.346s] -- Found ament_cmake: 1.3.11 (/opt/ros/humble/share/ament_cmake/cmake)
[0.522s] -- Found Python3: /usr/bin/python3 (found version "3.10.12") found components: Interpreter 
[0.627s] -- Found rclcpp: 16.0.12 (/opt/ros/humble/share/rclcpp/cmake)
[0.683s] -- Found rosidl_generator_c: 3.1.6 (/opt/ros/humble/share/rosidl_generator_c/cmake)
[0.689s] -- Found rosidl_adapter: 3.1.6 (/opt/ros/humble/share/rosidl_adapter/cmake)
[0.698s] -- Found rosidl_generator_cpp: 3.1.6 (/opt/ros/humble/share/rosidl_generator_cpp/cmake)
[0.713s] -- Using all available rosidl_typesupport_c: rosidl_typesupport_fastrtps_c;rosidl_typesupport_introspection_c
[0.731s] -- Using all available rosidl_typesupport_cpp: rosidl_typesupport_fastrtps_cpp;rosidl_typesupport_introspection_cpp
[0.778s] -- Found rmw_implementation_cmake: 6.1.2 (/opt/ros/humble/share/rmw_implementation_cmake/cmake)
[0.781s] -- Found rmw_fastrtps_cpp: 6.2.7 (/opt/ros/humble/share/rmw_fastrtps_cpp/cmake)
[0.868s] -- Found OpenSSL: /usr/lib/x86_64-linux-gnu/libcrypto.so (found version "3.0.2")  
[0.896s] -- Found FastRTPS: /opt/ros/humble/include  
[0.946s] -- Using RMW implementation 'rmw_fastrtps_cpp' as default
[0.956s] -- Looking for pthread.h
[1.033s] -- Looking for pthread.h - found
[1.034s] -- Performing Test CMAKE_HAVE_LIBC_PTHREAD
[1.117s] -- Performing Test CMAKE_HAVE_LIBC_PTHREAD - Success
[1.118s] -- Found Threads: TRUE  
[1.216s] -- Found geometry_msgs: 4.8.0 (/opt/ros/humble/share/geometry_msgs/cmake)
[1.246s] -- Found rosidl_default_generators: 1.2.0 (/opt/ros/humble/share/rosidl_default_generators/cmake)
[1.593s] -- Found ament_cmake_ros: 0.10.0 (/opt/ros/humble/share/ament_cmake_ros/cmake)
[2.049s] -- Using all available rosidl_typesupport_c: rosidl_typesupport_fastrtps_c;rosidl_typesupport_introspection_c
[2.214s] -- Using all available rosidl_typesupport_cpp: rosidl_typesupport_fastrtps_cpp;rosidl_typesupport_introspection_cpp
[2.247s] -- Found PythonInterp: /usr/bin/python3 (found suitable version "3.10.12", minimum required is "3.6") 
[2.249s] -- Found python_cmake_module: 0.10.0 (/opt/ros/humble/share/python_cmake_module/cmake)
[2.281s] -- Found PythonLibs: /usr/lib/x86_64-linux-gnu/libpython3.10.so (found suitable version "3.10.12", minimum required is "3.5") 
[2.281s] -- Using PYTHON_EXECUTABLE: /usr/bin/python3
[2.281s] -- Using PYTHON_INCLUDE_DIRS: /usr/include/python3.10
[2.281s] -- Using PYTHON_LIBRARIES: /usr/lib/x86_64-linux-gnu/libpython3.10.so
[2.307s] -- Found PythonExtra: .so  
[2.349s] -- Found ament_lint_auto: 0.12.12 (/opt/ros/humble/share/ament_lint_auto/cmake)
[2.369s] -- Added test 'lint_cmake' to check CMake code style
[2.371s] -- Added test 'xmllint' to check XML markup files
[2.376s] -- Configuring done
[2.422s] -- Generating done
[2.444s] -- Build files have been written to: /home/qiqi/Desktop/boom_ws/build/vision_interfaces
[2.461s] Invoked command in '/home/qiqi/Desktop/boom_ws/build/vision_interfaces' returned '0': CMAKE_PREFIX_PATH=/opt/ros/humble /usr/bin/cmake /home/qiqi/Desktop/boom_ws/src/vision_interfaces -DCMAKE_INSTALL_PREFIX=/home/qiqi/Desktop/boom_ws/install/vision_interfaces
[2.463s] Invoking command in '/home/qiqi/Desktop/boom_ws/build/vision_interfaces': CMAKE_PREFIX_PATH=/opt/ros/humble /usr/bin/cmake --build /home/qiqi/Desktop/boom_ws/build/vision_interfaces -- -j8 -l8
[2.522s] [  2%] [34m[1mGenerating C code for ROS interfaces[0m
[2.543s] [  5%] [34m[1mGenerating C++ code for ROS interfaces[0m
[2.560s] [  5%] Built target ament_cmake_python_copy_vision_interfaces
[3.126s] running egg_info
[3.128s] creating vision_interfaces.egg-info
[3.128s] writing vision_interfaces.egg-info/PKG-INFO
[3.129s] writing dependency_links to vision_interfaces.egg-info/dependency_links.txt
[3.129s] writing top-level names to vision_interfaces.egg-info/top_level.txt
[3.129s] writing manifest file 'vision_interfaces.egg-info/SOURCES.txt'
[3.136s] reading manifest file 'vision_interfaces.egg-info/SOURCES.txt'
[3.136s] writing manifest file 'vision_interfaces.egg-info/SOURCES.txt'
[3.187s] [  5%] Built target ament_cmake_python_build_vision_interfaces_egg
[3.292s] [  7%] [32mBuilding C object CMakeFiles/vision_interfaces__rosidl_generator_c.dir/rosidl_generator_c/vision_interfaces/msg/detail/uartf__functions.c.o[0m
[3.301s] [ 10%] [32mBuilding C object CMakeFiles/vision_interfaces__rosidl_generator_c.dir/rosidl_generator_c/vision_interfaces/msg/detail/uart__functions.c.o[0m
[3.344s] [ 10%] Built target vision_interfaces__cpp
[3.369s] [ 12%] [34m[1mGenerating C++ type support for eProsima Fast-RTPS[0m
[3.371s] [ 15%] [34m[1mGenerating C++ type support dispatch for ROS interfaces[0m
[3.371s] [ 17%] [34m[1mGenerating C++ introspection for ROS interfaces[0m
[3.425s] [ 20%] [32m[1mLinking C shared library libvision_interfaces__rosidl_generator_c.so[0m
[3.513s] [ 20%] Built target vision_interfaces__rosidl_generator_c
[3.536s] [ 23%] [34m[1mGenerating C introspection for ROS interfaces[0m
[3.537s] [ 25%] [34m[1mGenerating C type support dispatch for ROS interfaces[0m
[3.547s] [ 28%] [34m[1mGenerating C type support for eProsima Fast-RTPS[0m
[4.169s] [ 30%] [32mBuilding CXX object CMakeFiles/vision_interfaces__rosidl_typesupport_introspection_cpp.dir/rosidl_typesupport_introspection_cpp/vision_interfaces/msg/detail/uart__type_support.cpp.o[0m
[4.180s] [ 33%] [32mBuilding CXX object CMakeFiles/vision_interfaces__rosidl_typesupport_introspection_cpp.dir/rosidl_typesupport_introspection_cpp/vision_interfaces/msg/detail/uartf__type_support.cpp.o[0m
[4.205s] [ 35%] [32mBuilding CXX object CMakeFiles/vision_interfaces__rosidl_typesupport_cpp.dir/rosidl_typesupport_cpp/vision_interfaces/msg/uart__type_support.cpp.o[0m
[4.216s] [ 38%] [32mBuilding CXX object CMakeFiles/vision_interfaces__rosidl_typesupport_cpp.dir/rosidl_typesupport_cpp/vision_interfaces/msg/uartf__type_support.cpp.o[0m
[4.355s] [ 41%] [32mBuilding CXX object CMakeFiles/vision_interfaces__rosidl_typesupport_fastrtps_cpp.dir/rosidl_typesupport_fastrtps_cpp/vision_interfaces/msg/detail/dds_fastrtps/uart__type_support.cpp.o[0m
[4.431s] [ 43%] [32mBuilding CXX object CMakeFiles/vision_interfaces__rosidl_typesupport_c.dir/rosidl_typesupport_c/vision_interfaces/msg/uart__type_support.cpp.o[0m
[4.441s] [ 46%] [32mBuilding C object CMakeFiles/vision_interfaces__rosidl_typesupport_introspection_c.dir/rosidl_typesupport_introspection_c/vision_interfaces/msg/detail/uart__type_support.c.o[0m
[4.585s] [ 48%] [32mBuilding CXX object CMakeFiles/vision_interfaces__rosidl_typesupport_c.dir/rosidl_typesupport_c/vision_interfaces/msg/uartf__type_support.cpp.o[0m
[4.610s] [ 51%] [32mBuilding C object CMakeFiles/vision_interfaces__rosidl_typesupport_introspection_c.dir/rosidl_typesupport_introspection_c/vision_interfaces/msg/detail/uartf__type_support.c.o[0m
[4.678s] [ 53%] [32mBuilding CXX object CMakeFiles/vision_interfaces__rosidl_typesupport_fastrtps_c.dir/rosidl_typesupport_fastrtps_c/vision_interfaces/msg/detail/uart__type_support_c.cpp.o[0m
[4.716s] [ 56%] [32m[1mLinking CXX shared library libvision_interfaces__rosidl_typesupport_c.so[0m
[4.728s] [ 58%] [32m[1mLinking C shared library libvision_interfaces__rosidl_typesupport_introspection_c.so[0m
[4.845s] [ 58%] Built target vision_interfaces__rosidl_typesupport_introspection_c
[4.891s] [ 61%] [32mBuilding CXX object CMakeFiles/vision_interfaces__rosidl_typesupport_fastrtps_c.dir/rosidl_typesupport_fastrtps_c/vision_interfaces/msg/detail/uartf__type_support_c.cpp.o[0m
[4.903s] [ 61%] Built target vision_interfaces__rosidl_typesupport_c
[4.941s] [ 64%] [32mBuilding CXX object CMakeFiles/vision_interfaces__rosidl_typesupport_fastrtps_cpp.dir/rosidl_typesupport_fastrtps_cpp/vision_interfaces/msg/detail/dds_fastrtps/uartf__type_support.cpp.o[0m
[5.067s] [ 66%] [32m[1mLinking CXX shared library libvision_interfaces__rosidl_typesupport_cpp.so[0m
[5.270s] [ 66%] Built target vision_interfaces__rosidl_typesupport_cpp
[5.490s] [ 69%] [32m[1mLinking CXX shared library libvision_interfaces__rosidl_typesupport_introspection_cpp.so[0m
[5.619s] [ 69%] Built target vision_interfaces__rosidl_typesupport_introspection_cpp
[5.634s] [ 71%] [32m[1mLinking CXX shared library libvision_interfaces__rosidl_typesupport_fastrtps_c.so[0m
[5.747s] [ 71%] Built target vision_interfaces__rosidl_typesupport_fastrtps_c
[5.794s] [ 74%] [32m[1mLinking CXX shared library libvision_interfaces__rosidl_typesupport_fastrtps_cpp.so[0m
[5.890s] [ 74%] Built target vision_interfaces__rosidl_typesupport_fastrtps_cpp
[5.916s] [ 74%] Built target vision_interfaces
[5.943s] [ 76%] [34m[1mGenerating Python code for ROS interfaces[0m
[6.532s] [ 76%] Built target vision_interfaces__py
[6.557s] [ 82%] [32mBuilding C object CMakeFiles/vision_interfaces__rosidl_generator_py.dir/rosidl_generator_py/vision_interfaces/msg/_uartf_s.c.o[0m
[6.557s] [ 82%] [32mBuilding C object CMakeFiles/vision_interfaces__rosidl_generator_py.dir/rosidl_generator_py/vision_interfaces/msg/_uart_s.c.o[0m
[6.722s] [ 84%] [32m[1mLinking C shared library rosidl_generator_py/vision_interfaces/libvision_interfaces__rosidl_generator_py.so[0m
[6.769s] [ 84%] Built target vision_interfaces__rosidl_generator_py
[6.795s] [ 87%] [32mBuilding C object CMakeFiles/vision_interfaces__rosidl_typesupport_c__pyext.dir/rosidl_generator_py/vision_interfaces/_vision_interfaces_s.ep.rosidl_typesupport_c.c.o[0m
[6.797s] [ 89%] [32mBuilding C object CMakeFiles/vision_interfaces__rosidl_typesupport_fastrtps_c__pyext.dir/rosidl_generator_py/vision_interfaces/_vision_interfaces_s.ep.rosidl_typesupport_fastrtps_c.c.o[0m
[6.803s] [ 92%] [32mBuilding C object CMakeFiles/vision_interfaces__rosidl_typesupport_introspection_c__pyext.dir/rosidl_generator_py/vision_interfaces/_vision_interfaces_s.ep.rosidl_typesupport_introspection_c.c.o[0m
[6.938s] [ 94%] [32m[1mLinking C shared library rosidl_generator_py/vision_interfaces/vision_interfaces_s__rosidl_typesupport_c.cpython-310-x86_64-linux-gnu.so[0m
[6.943s] [ 97%] [32m[1mLinking C shared library rosidl_generator_py/vision_interfaces/vision_interfaces_s__rosidl_typesupport_fastrtps_c.cpython-310-x86_64-linux-gnu.so[0m
[6.984s] [ 97%] Built target vision_interfaces__rosidl_typesupport_c__pyext
[6.990s] [ 97%] Built target vision_interfaces__rosidl_typesupport_fastrtps_c__pyext
[7.017s] [100%] [32m[1mLinking C shared library rosidl_generator_py/vision_interfaces/vision_interfaces_s__rosidl_typesupport_introspection_c.cpython-310-x86_64-linux-gnu.so[0m
[7.065s] [100%] Built target vision_interfaces__rosidl_typesupport_introspection_c__pyext
[7.079s] Invoked command in '/home/qiqi/Desktop/boom_ws/build/vision_interfaces' returned '0': CMAKE_PREFIX_PATH=/opt/ros/humble /usr/bin/cmake --build /home/qiqi/Desktop/boom_ws/build/vision_interfaces -- -j8 -l8
[7.091s] Invoking command in '/home/qiqi/Desktop/boom_ws/build/vision_interfaces': CMAKE_PREFIX_PATH=/opt/ros/humble /usr/bin/cmake --install /home/qiqi/Desktop/boom_ws/build/vision_interfaces
[7.101s] -- Install configuration: ""
[7.101s] -- Installing: /home/qiqi/Desktop/boom_ws/install/vision_interfaces/share/ament_index/resource_index/rosidl_interfaces/vision_interfaces
[7.102s] -- Installing: /home/qiqi/Desktop/boom_ws/install/vision_interfaces/include/vision_interfaces/vision_interfaces
[7.102s] -- Installing: /home/qiqi/Desktop/boom_ws/install/vision_interfaces/include/vision_interfaces/vision_interfaces/msg
[7.102s] -- Installing: /home/qiqi/Desktop/boom_ws/install/vision_interfaces/include/vision_interfaces/vision_interfaces/msg/detail
[7.102s] -- Installing: /home/qiqi/Desktop/boom_ws/install/vision_interfaces/include/vision_interfaces/vision_interfaces/msg/detail/uartf__struct.h
[7.102s] -- Installing: /home/qiqi/Desktop/boom_ws/install/vision_interfaces/include/vision_interfaces/vision_interfaces/msg/detail/uartf__functions.c
[7.102s] -- Installing: /home/qiqi/Desktop/boom_ws/install/vision_interfaces/include/vision_interfaces/vision_interfaces/msg/detail/uartf__type_support.h
[7.103s] -- Installing: /home/qiqi/Desktop/boom_ws/install/vision_interfaces/include/vision_interfaces/vision_interfaces/msg/detail/uart__type_support.h
[7.103s] -- Installing: /home/qiqi/Desktop/boom_ws/install/vision_interfaces/include/vision_interfaces/vision_interfaces/msg/detail/uart__struct.h
[7.103s] -- Installing: /home/qiqi/Desktop/boom_ws/install/vision_interfaces/include/vision_interfaces/vision_interfaces/msg/detail/uart__functions.h
[7.103s] -- Installing: /home/qiqi/Desktop/boom_ws/install/vision_interfaces/include/vision_interfaces/vision_interfaces/msg/detail/uartf__functions.h
[7.103s] -- Installing: /home/qiqi/Desktop/boom_ws/install/vision_interfaces/include/vision_interfaces/vision_interfaces/msg/detail/uart__functions.c
[7.103s] -- Installing: /home/qiqi/Desktop/boom_ws/install/vision_interfaces/include/vision_interfaces/vision_interfaces/msg/uartf.h
[7.103s] -- Installing: /home/qiqi/Desktop/boom_ws/install/vision_interfaces/include/vision_interfaces/vision_interfaces/msg/uart.h
[7.104s] -- Installing: /home/qiqi/Desktop/boom_ws/install/vision_interfaces/include/vision_interfaces/vision_interfaces/msg/rosidl_generator_c__visibility_control.h
[7.104s] -- Installing: /home/qiqi/Desktop/boom_ws/install/vision_interfaces/share/vision_interfaces/environment/library_path.sh
[7.104s] -- Installing: /home/qiqi/Desktop/boom_ws/install/vision_interfaces/share/vision_interfaces/environment/library_path.dsv
[7.104s] -- Installing: /home/qiqi/Desktop/boom_ws/install/vision_interfaces/lib/libvision_interfaces__rosidl_generator_c.so
[7.104s] -- Set runtime path of "/home/qiqi/Desktop/boom_ws/install/vision_interfaces/lib/libvision_interfaces__rosidl_generator_c.so" to ""
[7.104s] -- Up-to-date: /home/qiqi/Desktop/boom_ws/install/vision_interfaces/include/vision_interfaces/vision_interfaces
[7.104s] -- Up-to-date: /home/qiqi/Desktop/boom_ws/install/vision_interfaces/include/vision_interfaces/vision_interfaces/msg
[7.105s] -- Up-to-date: /home/qiqi/Desktop/boom_ws/install/vision_interfaces/include/vision_interfaces/vision_interfaces/msg/detail
[7.105s] -- Installing: /home/qiqi/Desktop/boom_ws/install/vision_interfaces/include/vision_interfaces/vision_interfaces/msg/detail/uartf__rosidl_typesupport_fastrtps_c.h
[7.105s] -- Installing: /home/qiqi/Desktop/boom_ws/install/vision_interfaces/include/vision_interfaces/vision_interfaces/msg/detail/uart__rosidl_typesupport_fastrtps_c.h
[7.105s] -- Installing: /home/qiqi/Desktop/boom_ws/install/vision_interfaces/include/vision_interfaces/vision_interfaces/msg/rosidl_typesupport_fastrtps_c__visibility_control.h
[7.105s] -- Installing: /home/qiqi/Desktop/boom_ws/install/vision_interfaces/lib/libvision_interfaces__rosidl_typesupport_fastrtps_c.so
[7.105s] -- Set runtime path of "/home/qiqi/Desktop/boom_ws/install/vision_interfaces/lib/libvision_interfaces__rosidl_typesupport_fastrtps_c.so" to ""
[7.106s] -- Up-to-date: /home/qiqi/Desktop/boom_ws/install/vision_interfaces/include/vision_interfaces/vision_interfaces
[7.106s] -- Up-to-date: /home/qiqi/Desktop/boom_ws/install/vision_interfaces/include/vision_interfaces/vision_interfaces/msg
[7.106s] -- Up-to-date: /home/qiqi/Desktop/boom_ws/install/vision_interfaces/include/vision_interfaces/vision_interfaces/msg/detail
[7.106s] -- Installing: /home/qiqi/Desktop/boom_ws/install/vision_interfaces/include/vision_interfaces/vision_interfaces/msg/detail/uartf__builder.hpp
[7.106s] -- Installing: /home/qiqi/Desktop/boom_ws/install/vision_interfaces/include/vision_interfaces/vision_interfaces/msg/detail/uart__struct.hpp
[7.106s] -- Installing: /home/qiqi/Desktop/boom_ws/install/vision_interfaces/include/vision_interfaces/vision_interfaces/msg/detail/uart__type_support.hpp
[7.107s] -- Installing: /home/qiqi/Desktop/boom_ws/install/vision_interfaces/include/vision_interfaces/vision_interfaces/msg/detail/uart__traits.hpp
[7.107s] -- Installing: /home/qiqi/Desktop/boom_ws/install/vision_interfaces/include/vision_interfaces/vision_interfaces/msg/detail/uartf__traits.hpp
[7.107s] -- Installing: /home/qiqi/Desktop/boom_ws/install/vision_interfaces/include/vision_interfaces/vision_interfaces/msg/detail/uart__builder.hpp
[7.107s] -- Installing: /home/qiqi/Desktop/boom_ws/install/vision_interfaces/include/vision_interfaces/vision_interfaces/msg/detail/uartf__type_support.hpp
[7.107s] -- Installing: /home/qiqi/Desktop/boom_ws/install/vision_interfaces/include/vision_interfaces/vision_interfaces/msg/detail/uartf__struct.hpp
[7.107s] -- Installing: /home/qiqi/Desktop/boom_ws/install/vision_interfaces/include/vision_interfaces/vision_interfaces/msg/uart.hpp
[7.107s] -- Installing: /home/qiqi/Desktop/boom_ws/install/vision_interfaces/include/vision_interfaces/vision_interfaces/msg/rosidl_generator_cpp__visibility_control.hpp
[7.107s] -- Installing: /home/qiqi/Desktop/boom_ws/install/vision_interfaces/include/vision_interfaces/vision_interfaces/msg/uartf.hpp
[7.108s] -- Up-to-date: /home/qiqi/Desktop/boom_ws/install/vision_interfaces/include/vision_interfaces/vision_interfaces
[7.108s] -- Up-to-date: /home/qiqi/Desktop/boom_ws/install/vision_interfaces/include/vision_interfaces/vision_interfaces/msg
[7.108s] -- Up-to-date: /home/qiqi/Desktop/boom_ws/install/vision_interfaces/include/vision_interfaces/vision_interfaces/msg/detail
[7.108s] -- Installing: /home/qiqi/Desktop/boom_ws/install/vision_interfaces/include/vision_interfaces/vision_interfaces/msg/detail/uartf__rosidl_typesupport_fastrtps_cpp.hpp
[7.108s] -- Installing: /home/qiqi/Desktop/boom_ws/install/vision_interfaces/include/vision_interfaces/vision_interfaces/msg/detail/uart__rosidl_typesupport_fastrtps_cpp.hpp
[7.108s] -- Installing: /home/qiqi/Desktop/boom_ws/install/vision_interfaces/include/vision_interfaces/vision_interfaces/msg/detail/dds_fastrtps
[7.108s] -- Installing: /home/qiqi/Desktop/boom_ws/install/vision_interfaces/include/vision_interfaces/vision_interfaces/msg/rosidl_typesupport_fastrtps_cpp__visibility_control.h
[7.109s] -- Installing: /home/qiqi/Desktop/boom_ws/install/vision_interfaces/lib/libvision_interfaces__rosidl_typesupport_fastrtps_cpp.so
[7.109s] -- Set runtime path of "/home/qiqi/Desktop/boom_ws/install/vision_interfaces/lib/libvision_interfaces__rosidl_typesupport_fastrtps_cpp.so" to ""
[7.109s] -- Up-to-date: /home/qiqi/Desktop/boom_ws/install/vision_interfaces/include/vision_interfaces/vision_interfaces
[7.109s] -- Up-to-date: /home/qiqi/Desktop/boom_ws/install/vision_interfaces/include/vision_interfaces/vision_interfaces/msg
[7.109s] -- Up-to-date: /home/qiqi/Desktop/boom_ws/install/vision_interfaces/include/vision_interfaces/vision_interfaces/msg/detail
[7.109s] -- Installing: /home/qiqi/Desktop/boom_ws/install/vision_interfaces/include/vision_interfaces/vision_interfaces/msg/detail/uart__rosidl_typesupport_introspection_c.h
[7.109s] -- Installing: /home/qiqi/Desktop/boom_ws/install/vision_interfaces/include/vision_interfaces/vision_interfaces/msg/detail/uartf__type_support.c
[7.110s] -- Installing: /home/qiqi/Desktop/boom_ws/install/vision_interfaces/include/vision_interfaces/vision_interfaces/msg/detail/uartf__rosidl_typesupport_introspection_c.h
[7.110s] -- Installing: /home/qiqi/Desktop/boom_ws/install/vision_interfaces/include/vision_interfaces/vision_interfaces/msg/detail/uart__type_support.c
[7.110s] -- Installing: /home/qiqi/Desktop/boom_ws/install/vision_interfaces/include/vision_interfaces/vision_interfaces/msg/rosidl_typesupport_introspection_c__visibility_control.h
[7.110s] -- Installing: /home/qiqi/Desktop/boom_ws/install/vision_interfaces/lib/libvision_interfaces__rosidl_typesupport_introspection_c.so
[7.110s] -- Set runtime path of "/home/qiqi/Desktop/boom_ws/install/vision_interfaces/lib/libvision_interfaces__rosidl_typesupport_introspection_c.so" to ""
[7.110s] -- Installing: /home/qiqi/Desktop/boom_ws/install/vision_interfaces/lib/libvision_interfaces__rosidl_typesupport_c.so
[7.110s] -- Set runtime path of "/home/qiqi/Desktop/boom_ws/install/vision_interfaces/lib/libvision_interfaces__rosidl_typesupport_c.so" to ""
[7.110s] -- Up-to-date: /home/qiqi/Desktop/boom_ws/install/vision_interfaces/include/vision_interfaces/vision_interfaces
[7.111s] -- Up-to-date: /home/qiqi/Desktop/boom_ws/install/vision_interfaces/include/vision_interfaces/vision_interfaces/msg
[7.111s] -- Up-to-date: /home/qiqi/Desktop/boom_ws/install/vision_interfaces/include/vision_interfaces/vision_interfaces/msg/detail
[7.111s] -- Installing: /home/qiqi/Desktop/boom_ws/install/vision_interfaces/include/vision_interfaces/vision_interfaces/msg/detail/uartf__type_support.cpp
[7.111s] -- Installing: /home/qiqi/Desktop/boom_ws/install/vision_interfaces/include/vision_interfaces/vision_interfaces/msg/detail/uart__type_support.cpp
[7.111s] -- Installing: /home/qiqi/Desktop/boom_ws/install/vision_interfaces/include/vision_interfaces/vision_interfaces/msg/detail/uart__rosidl_typesupport_introspection_cpp.hpp
[7.111s] -- Installing: /home/qiqi/Desktop/boom_ws/install/vision_interfaces/include/vision_interfaces/vision_interfaces/msg/detail/uartf__rosidl_typesupport_introspection_cpp.hpp
[7.111s] -- Installing: /home/qiqi/Desktop/boom_ws/install/vision_interfaces/lib/libvision_interfaces__rosidl_typesupport_introspection_cpp.so
[7.112s] -- Set runtime path of "/home/qiqi/Desktop/boom_ws/install/vision_interfaces/lib/libvision_interfaces__rosidl_typesupport_introspection_cpp.so" to ""
[7.112s] -- Installing: /home/qiqi/Desktop/boom_ws/install/vision_interfaces/lib/libvision_interfaces__rosidl_typesupport_cpp.so
[7.112s] -- Set runtime path of "/home/qiqi/Desktop/boom_ws/install/vision_interfaces/lib/libvision_interfaces__rosidl_typesupport_cpp.so" to ""
[7.112s] -- Installing: /home/qiqi/Desktop/boom_ws/install/vision_interfaces/share/vision_interfaces/environment/pythonpath.sh
[7.112s] -- Installing: /home/qiqi/Desktop/boom_ws/install/vision_interfaces/share/vision_interfaces/environment/pythonpath.dsv
[7.112s] -- Installing: /home/qiqi/Desktop/boom_ws/install/vision_interfaces/local/lib/python3.10/dist-packages/vision_interfaces-0.0.0-py3.10.egg-info
[7.113s] -- Installing: /home/qiqi/Desktop/boom_ws/install/vision_interfaces/local/lib/python3.10/dist-packages/vision_interfaces-0.0.0-py3.10.egg-info/PKG-INFO
[7.113s] -- Installing: /home/qiqi/Desktop/boom_ws/install/vision_interfaces/local/lib/python3.10/dist-packages/vision_interfaces-0.0.0-py3.10.egg-info/top_level.txt
[7.113s] -- Installing: /home/qiqi/Desktop/boom_ws/install/vision_interfaces/local/lib/python3.10/dist-packages/vision_interfaces-0.0.0-py3.10.egg-info/SOURCES.txt
[7.113s] -- Installing: /home/qiqi/Desktop/boom_ws/install/vision_interfaces/local/lib/python3.10/dist-packages/vision_interfaces-0.0.0-py3.10.egg-info/dependency_links.txt
[7.113s] -- Installing: /home/qiqi/Desktop/boom_ws/install/vision_interfaces/local/lib/python3.10/dist-packages/vision_interfaces
[7.113s] -- Installing: /home/qiqi/Desktop/boom_ws/install/vision_interfaces/local/lib/python3.10/dist-packages/vision_interfaces/_vision_interfaces_s.ep.rosidl_typesupport_c.c
[7.114s] -- Installing: /home/qiqi/Desktop/boom_ws/install/vision_interfaces/local/lib/python3.10/dist-packages/vision_interfaces/vision_interfaces_s__rosidl_typesupport_fastrtps_c.cpython-310-x86_64-linux-gnu.so
[7.114s] -- Installing: /home/qiqi/Desktop/boom_ws/install/vision_interfaces/local/lib/python3.10/dist-packages/vision_interfaces/_vision_interfaces_s.ep.rosidl_typesupport_fastrtps_c.c
[7.114s] -- Installing: /home/qiqi/Desktop/boom_ws/install/vision_interfaces/local/lib/python3.10/dist-packages/vision_interfaces/vision_interfaces_s__rosidl_typesupport_c.cpython-310-x86_64-linux-gnu.so
[7.114s] -- Installing: /home/qiqi/Desktop/boom_ws/install/vision_interfaces/local/lib/python3.10/dist-packages/vision_interfaces/_vision_interfaces_s.ep.rosidl_typesupport_introspection_c.c
[7.114s] -- Installing: /home/qiqi/Desktop/boom_ws/install/vision_interfaces/local/lib/python3.10/dist-packages/vision_interfaces/libvision_interfaces__rosidl_generator_py.so
[7.114s] -- Installing: /home/qiqi/Desktop/boom_ws/install/vision_interfaces/local/lib/python3.10/dist-packages/vision_interfaces/msg
[7.114s] -- Installing: /home/qiqi/Desktop/boom_ws/install/vision_interfaces/local/lib/python3.10/dist-packages/vision_interfaces/msg/_uartf_s.c
[7.114s] -- Installing: /home/qiqi/Desktop/boom_ws/install/vision_interfaces/local/lib/python3.10/dist-packages/vision_interfaces/msg/_uart.py
[7.115s] -- Installing: /home/qiqi/Desktop/boom_ws/install/vision_interfaces/local/lib/python3.10/dist-packages/vision_interfaces/msg/_uartf.py
[7.115s] -- Installing: /home/qiqi/Desktop/boom_ws/install/vision_interfaces/local/lib/python3.10/dist-packages/vision_interfaces/msg/_uart_s.c
[7.115s] -- Installing: /home/qiqi/Desktop/boom_ws/install/vision_interfaces/local/lib/python3.10/dist-packages/vision_interfaces/msg/__init__.py
[7.115s] -- Installing: /home/qiqi/Desktop/boom_ws/install/vision_interfaces/local/lib/python3.10/dist-packages/vision_interfaces/__init__.py
[7.115s] -- Installing: /home/qiqi/Desktop/boom_ws/install/vision_interfaces/local/lib/python3.10/dist-packages/vision_interfaces/vision_interfaces_s__rosidl_typesupport_introspection_c.cpython-310-x86_64-linux-gnu.so
[7.158s] Listing '/home/qiqi/Desktop/boom_ws/install/vision_interfaces/local/lib/python3.10/dist-packages/vision_interfaces'...
[7.158s] Compiling '/home/qiqi/Desktop/boom_ws/install/vision_interfaces/local/lib/python3.10/dist-packages/vision_interfaces/__init__.py'...
[7.158s] Listing '/home/qiqi/Desktop/boom_ws/install/vision_interfaces/local/lib/python3.10/dist-packages/vision_interfaces/msg'...
[7.158s] Compiling '/home/qiqi/Desktop/boom_ws/install/vision_interfaces/local/lib/python3.10/dist-packages/vision_interfaces/msg/__init__.py'...
[7.158s] Compiling '/home/qiqi/Desktop/boom_ws/install/vision_interfaces/local/lib/python3.10/dist-packages/vision_interfaces/msg/_uart.py'...
[7.158s] Compiling '/home/qiqi/Desktop/boom_ws/install/vision_interfaces/local/lib/python3.10/dist-packages/vision_interfaces/msg/_uartf.py'...
[7.165s] -- Installing: /home/qiqi/Desktop/boom_ws/install/vision_interfaces/local/lib/python3.10/dist-packages/vision_interfaces/vision_interfaces_s__rosidl_typesupport_fastrtps_c.cpython-310-x86_64-linux-gnu.so
[7.165s] -- Set runtime path of "/home/qiqi/Desktop/boom_ws/install/vision_interfaces/local/lib/python3.10/dist-packages/vision_interfaces/vision_interfaces_s__rosidl_typesupport_fastrtps_c.cpython-310-x86_64-linux-gnu.so" to ""
[7.165s] -- Installing: /home/qiqi/Desktop/boom_ws/install/vision_interfaces/local/lib/python3.10/dist-packages/vision_interfaces/vision_interfaces_s__rosidl_typesupport_introspection_c.cpython-310-x86_64-linux-gnu.so
[7.166s] -- Set runtime path of "/home/qiqi/Desktop/boom_ws/install/vision_interfaces/local/lib/python3.10/dist-packages/vision_interfaces/vision_interfaces_s__rosidl_typesupport_introspection_c.cpython-310-x86_64-linux-gnu.so" to ""
[7.166s] -- Installing: /home/qiqi/Desktop/boom_ws/install/vision_interfaces/local/lib/python3.10/dist-packages/vision_interfaces/vision_interfaces_s__rosidl_typesupport_c.cpython-310-x86_64-linux-gnu.so
[7.166s] -- Set runtime path of "/home/qiqi/Desktop/boom_ws/install/vision_interfaces/local/lib/python3.10/dist-packages/vision_interfaces/vision_interfaces_s__rosidl_typesupport_c.cpython-310-x86_64-linux-gnu.so" to ""
[7.167s] -- Installing: /home/qiqi/Desktop/boom_ws/install/vision_interfaces/lib/libvision_interfaces__rosidl_generator_py.so
[7.167s] -- Set runtime path of "/home/qiqi/Desktop/boom_ws/install/vision_interfaces/lib/libvision_interfaces__rosidl_generator_py.so" to ""
[7.167s] -- Installing: /home/qiqi/Desktop/boom_ws/install/vision_interfaces/share/vision_interfaces/msg/Uart.idl
[7.167s] -- Installing: /home/qiqi/Desktop/boom_ws/install/vision_interfaces/share/vision_interfaces/msg/Uartf.idl
[7.168s] -- Installing: /home/qiqi/Desktop/boom_ws/install/vision_interfaces/share/vision_interfaces/msg/Uart.msg
[7.168s] -- Installing: /home/qiqi/Desktop/boom_ws/install/vision_interfaces/share/vision_interfaces/msg/Uartf.msg
[7.168s] -- Installing: /home/qiqi/Desktop/boom_ws/install/vision_interfaces/share/ament_index/resource_index/package_run_dependencies/vision_interfaces
[7.168s] -- Installing: /home/qiqi/Desktop/boom_ws/install/vision_interfaces/share/ament_index/resource_index/parent_prefix_path/vision_interfaces
[7.168s] -- Installing: /home/qiqi/Desktop/boom_ws/install/vision_interfaces/share/vision_interfaces/environment/ament_prefix_path.sh
[7.169s] -- Installing: /home/qiqi/Desktop/boom_ws/install/vision_interfaces/share/vision_interfaces/environment/ament_prefix_path.dsv
[7.169s] -- Installing: /home/qiqi/Desktop/boom_ws/install/vision_interfaces/share/vision_interfaces/environment/path.sh
[7.169s] -- Installing: /home/qiqi/Desktop/boom_ws/install/vision_interfaces/share/vision_interfaces/environment/path.dsv
[7.169s] -- Installing: /home/qiqi/Desktop/boom_ws/install/vision_interfaces/share/vision_interfaces/local_setup.bash
[7.169s] -- Installing: /home/qiqi/Desktop/boom_ws/install/vision_interfaces/share/vision_interfaces/local_setup.sh
[7.169s] -- Installing: /home/qiqi/Desktop/boom_ws/install/vision_interfaces/share/vision_interfaces/local_setup.zsh
[7.170s] -- Installing: /home/qiqi/Desktop/boom_ws/install/vision_interfaces/share/vision_interfaces/local_setup.dsv
[7.170s] -- Installing: /home/qiqi/Desktop/boom_ws/install/vision_interfaces/share/vision_interfaces/package.dsv
[7.170s] -- Installing: /home/qiqi/Desktop/boom_ws/install/vision_interfaces/share/ament_index/resource_index/packages/vision_interfaces
[7.170s] -- Installing: /home/qiqi/Desktop/boom_ws/install/vision_interfaces/share/vision_interfaces/cmake/export_vision_interfaces__rosidl_generator_cExport.cmake
[7.171s] -- Installing: /home/qiqi/Desktop/boom_ws/install/vision_interfaces/share/vision_interfaces/cmake/export_vision_interfaces__rosidl_generator_cExport-noconfig.cmake
[7.171s] -- Installing: /home/qiqi/Desktop/boom_ws/install/vision_interfaces/share/vision_interfaces/cmake/export_vision_interfaces__rosidl_typesupport_fastrtps_cExport.cmake
[7.171s] -- Installing: /home/qiqi/Desktop/boom_ws/install/vision_interfaces/share/vision_interfaces/cmake/export_vision_interfaces__rosidl_typesupport_fastrtps_cExport-noconfig.cmake
[7.171s] -- Installing: /home/qiqi/Desktop/boom_ws/install/vision_interfaces/share/vision_interfaces/cmake/export_vision_interfaces__rosidl_generator_cppExport.cmake
[7.172s] -- Installing: /home/qiqi/Desktop/boom_ws/install/vision_interfaces/share/vision_interfaces/cmake/export_vision_interfaces__rosidl_typesupport_fastrtps_cppExport.cmake
[7.172s] -- Installing: /home/qiqi/Desktop/boom_ws/install/vision_interfaces/share/vision_interfaces/cmake/export_vision_interfaces__rosidl_typesupport_fastrtps_cppExport-noconfig.cmake
[7.172s] -- Installing: /home/qiqi/Desktop/boom_ws/install/vision_interfaces/share/vision_interfaces/cmake/vision_interfaces__rosidl_typesupport_introspection_cExport.cmake
[7.173s] -- Installing: /home/qiqi/Desktop/boom_ws/install/vision_interfaces/share/vision_interfaces/cmake/vision_interfaces__rosidl_typesupport_introspection_cExport-noconfig.cmake
[7.173s] -- Installing: /home/qiqi/Desktop/boom_ws/install/vision_interfaces/share/vision_interfaces/cmake/vision_interfaces__rosidl_typesupport_cExport.cmake
[7.173s] -- Installing: /home/qiqi/Desktop/boom_ws/install/vision_interfaces/share/vision_interfaces/cmake/vision_interfaces__rosidl_typesupport_cExport-noconfig.cmake
[7.173s] -- Installing: /home/qiqi/Desktop/boom_ws/install/vision_interfaces/share/vision_interfaces/cmake/vision_interfaces__rosidl_typesupport_introspection_cppExport.cmake
[7.173s] -- Installing: /home/qiqi/Desktop/boom_ws/install/vision_interfaces/share/vision_interfaces/cmake/vision_interfaces__rosidl_typesupport_introspection_cppExport-noconfig.cmake
[7.173s] -- Installing: /home/qiqi/Desktop/boom_ws/install/vision_interfaces/share/vision_interfaces/cmake/vision_interfaces__rosidl_typesupport_cppExport.cmake
[7.174s] -- Installing: /home/qiqi/Desktop/boom_ws/install/vision_interfaces/share/vision_interfaces/cmake/vision_interfaces__rosidl_typesupport_cppExport-noconfig.cmake
[7.174s] -- Installing: /home/qiqi/Desktop/boom_ws/install/vision_interfaces/share/vision_interfaces/cmake/export_vision_interfaces__rosidl_generator_pyExport.cmake
[7.174s] -- Installing: /home/qiqi/Desktop/boom_ws/install/vision_interfaces/share/vision_interfaces/cmake/export_vision_interfaces__rosidl_generator_pyExport-noconfig.cmake
[7.174s] -- Installing: /home/qiqi/Desktop/boom_ws/install/vision_interfaces/share/vision_interfaces/cmake/rosidl_cmake-extras.cmake
[7.174s] -- Installing: /home/qiqi/Desktop/boom_ws/install/vision_interfaces/share/vision_interfaces/cmake/ament_cmake_export_dependencies-extras.cmake
[7.174s] -- Installing: /home/qiqi/Desktop/boom_ws/install/vision_interfaces/share/vision_interfaces/cmake/ament_cmake_export_include_directories-extras.cmake
[7.175s] -- Installing: /home/qiqi/Desktop/boom_ws/install/vision_interfaces/share/vision_interfaces/cmake/ament_cmake_export_libraries-extras.cmake
[7.175s] -- Installing: /home/qiqi/Desktop/boom_ws/install/vision_interfaces/share/vision_interfaces/cmake/ament_cmake_export_targets-extras.cmake
[7.175s] -- Installing: /home/qiqi/Desktop/boom_ws/install/vision_interfaces/share/vision_interfaces/cmake/rosidl_cmake_export_typesupport_targets-extras.cmake
[7.175s] -- Installing: /home/qiqi/Desktop/boom_ws/install/vision_interfaces/share/vision_interfaces/cmake/rosidl_cmake_export_typesupport_libraries-extras.cmake
[7.175s] -- Installing: /home/qiqi/Desktop/boom_ws/install/vision_interfaces/share/vision_interfaces/cmake/vision_interfacesConfig.cmake
[7.175s] -- Installing: /home/qiqi/Desktop/boom_ws/install/vision_interfaces/share/vision_interfaces/cmake/vision_interfacesConfig-version.cmake
[7.175s] -- Installing: /home/qiqi/Desktop/boom_ws/install/vision_interfaces/share/vision_interfaces/package.xml
[7.178s] Invoked command in '/home/qiqi/Desktop/boom_ws/build/vision_interfaces' returned '0': CMAKE_PREFIX_PATH=/opt/ros/humble /usr/bin/cmake --install /home/qiqi/Desktop/boom_ws/build/vision_interfaces
