[0.015s] Invoking command in '/home/qiqi/Desktop/boom_ws/build/serial': AMENT_PREFIX_PATH=/home/qiqi/Desktop/boom_ws/install/vision_interfaces:${AMENT_PREFIX_PATH} CMAKE_PREFIX_PATH=/home/qiqi/Desktop/boom_ws/install/vision_interfaces:/opt/ros/humble LD_LIBRARY_PATH=/home/qiqi/Desktop/boom_ws/install/vision_interfaces/lib:/usr/local/lib:/opt/MVS/lib/64:/opt/MVS/lib/32:/opt/ros/humble/opt/rviz_ogre_vendor/lib:/opt/ros/humble/lib/x86_64-linux-gnu:/opt/ros/humble/lib:/opt/MVS/lib/64:/opt/MVS/lib/32:/opt/MVS/lib/64:/opt/MVS/lib/32 PYTHONPATH=/home/qiqi/Desktop/boom_ws/install/vision_interfaces/local/lib/python3.10/dist-packages:${PYTHONPATH} /usr/bin/cmake /home/qiqi/Desktop/boom_ws/src/serial -DCMAKE_INSTALL_PREFIX=/home/qiqi/Desktop/boom_ws/install/serial
[0.112s] -- The C compiler identification is GNU 11.4.0
[0.207s] -- The CXX compiler identification is GNU 11.4.0
[0.220s] -- Detecting C compiler ABI info
[0.331s] -- Detecting C compiler ABI info - done
[0.344s] -- Check for working C compiler: /usr/bin/cc - skipped
[0.344s] -- Detecting C compile features
[0.344s] -- Detecting C compile features - done
[0.347s] -- Detecting CXX compiler ABI info
[0.464s] -- Detecting CXX compiler ABI info - done
[0.481s] -- Check for working CXX compiler: /usr/bin/c++ - skipped
[0.482s] -- Detecting CXX compile features
[0.483s] -- Detecting CXX compile features - done
[0.486s] -- Found ament_cmake: 1.3.11 (/opt/ros/humble/share/ament_cmake/cmake)
[0.682s] -- Found Python3: /usr/bin/python3 (found version "3.10.12") found components: Interpreter 
[0.787s] -- Found OpenCV: /usr (found version "4.5.4") 
[0.789s] -- Found serial: 1.2.1 (/usr/local/share/serial/cmake)
[0.795s] -- Found rclcpp: 16.0.12 (/opt/ros/humble/share/rclcpp/cmake)
[0.830s] -- Found rosidl_generator_c: 3.1.6 (/opt/ros/humble/share/rosidl_generator_c/cmake)
[0.834s] -- Found rosidl_adapter: 3.1.6 (/opt/ros/humble/share/rosidl_adapter/cmake)
[0.843s] -- Found rosidl_generator_cpp: 3.1.6 (/opt/ros/humble/share/rosidl_generator_cpp/cmake)
[0.856s] -- Using all available rosidl_typesupport_c: rosidl_typesupport_fastrtps_c;rosidl_typesupport_introspection_c
[0.874s] -- Using all available rosidl_typesupport_cpp: rosidl_typesupport_fastrtps_cpp;rosidl_typesupport_introspection_cpp
[0.922s] -- Found rmw_implementation_cmake: 6.1.2 (/opt/ros/humble/share/rmw_implementation_cmake/cmake)
[0.924s] -- Found rmw_fastrtps_cpp: 6.2.7 (/opt/ros/humble/share/rmw_fastrtps_cpp/cmake)
[1.005s] -- Found OpenSSL: /usr/lib/x86_64-linux-gnu/libcrypto.so (found version "3.0.2")  
[1.028s] -- Found FastRTPS: /opt/ros/humble/include  
[1.070s] -- Using RMW implementation 'rmw_fastrtps_cpp' as default
[1.079s] -- Looking for pthread.h
[1.164s] -- Looking for pthread.h - found
[1.164s] -- Performing Test CMAKE_HAVE_LIBC_PTHREAD
[1.262s] -- Performing Test CMAKE_HAVE_LIBC_PTHREAD - Success
[1.264s] -- Found Threads: TRUE  
[1.338s] -- Found image_transport: 3.1.11 (/opt/ros/humble/share/image_transport/cmake)
[1.426s] -- Found cv_bridge: 3.2.1 (/opt/ros/humble/share/cv_bridge/cmake)
[1.429s] -- Found vision_interfaces: 0.0.0 (/home/qiqi/Desktop/boom_ws/install/vision_interfaces/share/vision_interfaces/cmake)
[1.448s] -- Found ament_lint_auto: 0.12.12 (/opt/ros/humble/share/ament_lint_auto/cmake)
[1.537s] -- Added test 'cppcheck' to perform static code analysis on C / C++ code
[1.538s] -- Configured cppcheck include dirs: 
[1.538s] -- Configured cppcheck exclude dirs and/or files: 
[1.538s] -- Added test 'lint_cmake' to check CMake code style
[1.539s] -- Added test 'uncrustify' to check C / C++ code style
[1.539s] -- Configured uncrustify additional arguments: 
[1.540s] -- Added test 'xmllint' to check XML markup files
[1.541s] -- Configuring done
[1.559s] -- Generating done
[1.565s] -- Build files have been written to: /home/qiqi/Desktop/boom_ws/build/serial
[1.576s] Invoked command in '/home/qiqi/Desktop/boom_ws/build/serial' returned '0': AMENT_PREFIX_PATH=/home/qiqi/Desktop/boom_ws/install/vision_interfaces:${AMENT_PREFIX_PATH} CMAKE_PREFIX_PATH=/home/qiqi/Desktop/boom_ws/install/vision_interfaces:/opt/ros/humble LD_LIBRARY_PATH=/home/qiqi/Desktop/boom_ws/install/vision_interfaces/lib:/usr/local/lib:/opt/MVS/lib/64:/opt/MVS/lib/32:/opt/ros/humble/opt/rviz_ogre_vendor/lib:/opt/ros/humble/lib/x86_64-linux-gnu:/opt/ros/humble/lib:/opt/MVS/lib/64:/opt/MVS/lib/32:/opt/MVS/lib/64:/opt/MVS/lib/32 PYTHONPATH=/home/qiqi/Desktop/boom_ws/install/vision_interfaces/local/lib/python3.10/dist-packages:${PYTHONPATH} /usr/bin/cmake /home/qiqi/Desktop/boom_ws/src/serial -DCMAKE_INSTALL_PREFIX=/home/qiqi/Desktop/boom_ws/install/serial
[1.578s] Invoking command in '/home/qiqi/Desktop/boom_ws/build/serial': AMENT_PREFIX_PATH=/home/qiqi/Desktop/boom_ws/install/vision_interfaces:${AMENT_PREFIX_PATH} CMAKE_PREFIX_PATH=/home/qiqi/Desktop/boom_ws/install/vision_interfaces:/opt/ros/humble LD_LIBRARY_PATH=/home/qiqi/Desktop/boom_ws/install/vision_interfaces/lib:/usr/local/lib:/opt/MVS/lib/64:/opt/MVS/lib/32:/opt/ros/humble/opt/rviz_ogre_vendor/lib:/opt/ros/humble/lib/x86_64-linux-gnu:/opt/ros/humble/lib:/opt/MVS/lib/64:/opt/MVS/lib/32:/opt/MVS/lib/64:/opt/MVS/lib/32 PYTHONPATH=/home/qiqi/Desktop/boom_ws/install/vision_interfaces/local/lib/python3.10/dist-packages:${PYTHONPATH} /usr/bin/cmake --build /home/qiqi/Desktop/boom_ws/build/serial -- -j8 -l8
[1.633s] [ 50%] [32mBuilding CXX object CMakeFiles/serial.dir/src/serial.cpp.o[0m
[5.348s] [01m[K/home/qiqi/Desktop/boom_ws/src/serial/src/serial.cpp:[m[K In constructor ‘[01m[KSerialNode::SerialNode(const char*)[m[K’:
[5.349s] [01m[K/home/qiqi/Desktop/boom_ws/src/serial/src/serial.cpp:36:32:[m[K [01;35m[Kwarning: [m[Kunused parameter ‘[01m[Kname[m[K’ [[01;35m[K]8;;https://gcc.gnu.org/onlinedocs/gcc/Warning-Options.html#index-Wunused-parameter-Wunused-parameter]8;;[m[K]
[5.349s]    36 |         SerialNode([01;35m[Kconst char* name[m[K): Node("serial_port_node") {
[5.349s]       |                    [01;35m[K~~~~~~~~~~~~^~~~[m[K
[5.353s] [01m[K/home/qiqi/Desktop/boom_ws/src/serial/src/serial.cpp:[m[K In member function ‘[01m[Kvoid SerialNode::callback(vision_interfaces::msg::Uartf_<std::allocator<void> >::SharedPtr)[m[K’:
[5.353s] [01m[K/home/qiqi/Desktop/boom_ws/src/serial/src/serial.cpp:103:35:[m[K [01;35m[Kwarning: [m[Kcomparison of integer expressions of different signedness: ‘[01m[Kint[m[K’ and ‘[01m[Klong unsigned int[m[K’ [[01;35m[K]8;;https://gcc.gnu.org/onlinedocs/gcc/Warning-Options.html#index-Wsign-compare-Wsign-compare]8;;[m[K]
[5.353s]   103 |                 for (int i = 0; [01;35m[Ki < sizeof(Package) - 1[m[K; i ++) {
[5.353s]       |                                 [01;35m[K~~^~~~~~~~~~~~~~~~~~~~~[m[K
[11.463s] [100%] [32m[1mLinking CXX executable serial[0m
[11.891s] [100%] Built target serial
[11.899s] Invoked command in '/home/qiqi/Desktop/boom_ws/build/serial' returned '0': AMENT_PREFIX_PATH=/home/qiqi/Desktop/boom_ws/install/vision_interfaces:${AMENT_PREFIX_PATH} CMAKE_PREFIX_PATH=/home/qiqi/Desktop/boom_ws/install/vision_interfaces:/opt/ros/humble LD_LIBRARY_PATH=/home/qiqi/Desktop/boom_ws/install/vision_interfaces/lib:/usr/local/lib:/opt/MVS/lib/64:/opt/MVS/lib/32:/opt/ros/humble/opt/rviz_ogre_vendor/lib:/opt/ros/humble/lib/x86_64-linux-gnu:/opt/ros/humble/lib:/opt/MVS/lib/64:/opt/MVS/lib/32:/opt/MVS/lib/64:/opt/MVS/lib/32 PYTHONPATH=/home/qiqi/Desktop/boom_ws/install/vision_interfaces/local/lib/python3.10/dist-packages:${PYTHONPATH} /usr/bin/cmake --build /home/qiqi/Desktop/boom_ws/build/serial -- -j8 -l8
[11.901s] Invoking command in '/home/qiqi/Desktop/boom_ws/build/serial': AMENT_PREFIX_PATH=/home/qiqi/Desktop/boom_ws/install/vision_interfaces:${AMENT_PREFIX_PATH} CMAKE_PREFIX_PATH=/home/qiqi/Desktop/boom_ws/install/vision_interfaces:/opt/ros/humble LD_LIBRARY_PATH=/home/qiqi/Desktop/boom_ws/install/vision_interfaces/lib:/usr/local/lib:/opt/MVS/lib/64:/opt/MVS/lib/32:/opt/ros/humble/opt/rviz_ogre_vendor/lib:/opt/ros/humble/lib/x86_64-linux-gnu:/opt/ros/humble/lib:/opt/MVS/lib/64:/opt/MVS/lib/32:/opt/MVS/lib/64:/opt/MVS/lib/32 PYTHONPATH=/home/qiqi/Desktop/boom_ws/install/vision_interfaces/local/lib/python3.10/dist-packages:${PYTHONPATH} /usr/bin/cmake --install /home/qiqi/Desktop/boom_ws/build/serial
[11.906s] -- Install configuration: ""
[11.906s] -- Installing: /home/qiqi/Desktop/boom_ws/install/serial/lib/serial/serial
[11.908s] -- Set runtime path of "/home/qiqi/Desktop/boom_ws/install/serial/lib/serial/serial" to ""
[11.908s] -- Installing: /home/qiqi/Desktop/boom_ws/install/serial/share/ament_index/resource_index/package_run_dependencies/serial
[11.908s] -- Installing: /home/qiqi/Desktop/boom_ws/install/serial/share/ament_index/resource_index/parent_prefix_path/serial
[11.908s] -- Installing: /home/qiqi/Desktop/boom_ws/install/serial/share/serial/environment/ament_prefix_path.sh
[11.908s] -- Installing: /home/qiqi/Desktop/boom_ws/install/serial/share/serial/environment/ament_prefix_path.dsv
[11.908s] -- Installing: /home/qiqi/Desktop/boom_ws/install/serial/share/serial/environment/path.sh
[11.908s] -- Installing: /home/qiqi/Desktop/boom_ws/install/serial/share/serial/environment/path.dsv
[11.908s] -- Installing: /home/qiqi/Desktop/boom_ws/install/serial/share/serial/local_setup.bash
[11.909s] -- Installing: /home/qiqi/Desktop/boom_ws/install/serial/share/serial/local_setup.sh
[11.909s] -- Installing: /home/qiqi/Desktop/boom_ws/install/serial/share/serial/local_setup.zsh
[11.909s] -- Installing: /home/qiqi/Desktop/boom_ws/install/serial/share/serial/local_setup.dsv
[11.909s] -- Installing: /home/qiqi/Desktop/boom_ws/install/serial/share/serial/package.dsv
[11.909s] -- Installing: /home/qiqi/Desktop/boom_ws/install/serial/share/ament_index/resource_index/packages/serial
[11.909s] -- Installing: /home/qiqi/Desktop/boom_ws/install/serial/share/serial/cmake/serialConfig.cmake
[11.909s] -- Installing: /home/qiqi/Desktop/boom_ws/install/serial/share/serial/cmake/serialConfig-version.cmake
[11.909s] -- Installing: /home/qiqi/Desktop/boom_ws/install/serial/share/serial/package.xml
[11.911s] Invoked command in '/home/qiqi/Desktop/boom_ws/build/serial' returned '0': AMENT_PREFIX_PATH=/home/qiqi/Desktop/boom_ws/install/vision_interfaces:${AMENT_PREFIX_PATH} CMAKE_PREFIX_PATH=/home/qiqi/Desktop/boom_ws/install/vision_interfaces:/opt/ros/humble LD_LIBRARY_PATH=/home/qiqi/Desktop/boom_ws/install/vision_interfaces/lib:/usr/local/lib:/opt/MVS/lib/64:/opt/MVS/lib/32:/opt/ros/humble/opt/rviz_ogre_vendor/lib:/opt/ros/humble/lib/x86_64-linux-gnu:/opt/ros/humble/lib:/opt/MVS/lib/64:/opt/MVS/lib/32:/opt/MVS/lib/64:/opt/MVS/lib/32 PYTHONPATH=/home/qiqi/Desktop/boom_ws/install/vision_interfaces/local/lib/python3.10/dist-packages:${PYTHONPATH} /usr/bin/cmake --install /home/qiqi/Desktop/boom_ws/build/serial
