[0.006s] Invoking command in '/home/new-sentry/Desktop/boom_ws/build/display': CMAKE_PREFIX_PATH=/opt/ros/humble /usr/local/bin/cmake /home/new-sentry/Desktop/boom_ws/src/display -DCMAKE_INSTALL_PREFIX=/home/new-sentry/Desktop/boom_ws/install/display
[0.010s] [0mCMake Deprecation Warning at CMakeLists.txt:1 (cmake_minimum_required):
[0.010s]   Compatibility with CMake < 3.10 will be removed from a future version of
[0.010s]   CMake.
[0.010s] 
[0.010s]   Update the VERSION argument <min> value.  Or, use the <min>...<max> syntax
[0.010s]   to tell CMake that the project requires at least <min> but has been updated
[0.010s]   to work with policies introduced by <max> or earlier.
[0.010s] 
[0.010s] [0m
[0.053s] -- The C compiler identification is GNU 11.4.0
[0.105s] -- The CXX compiler identification is GNU 11.4.0
[0.120s] -- Detecting C compiler ABI info
[0.168s] -- Detecting C compiler ABI info - done
[0.210s] -- Check for working C compiler: /usr/bin/cc - skipped
[0.211s] -- Detecting C compile features
[0.212s] -- Detecting C compile features - done
[0.227s] -- Detecting CXX compiler ABI info
[0.283s] -- Detecting CXX compiler ABI info - done
[0.326s] -- Check for working CXX compiler: /usr/bin/c++ - skipped
[0.326s] -- Detecting CXX compile features
[0.328s] -- Detecting CXX compile features - done
[0.336s] -- Found ament_cmake: 1.3.11 (/opt/ros/humble/share/ament_cmake/cmake)
[0.435s] -- Found Python3: /usr/bin/python3 (found version "3.10.12") found components: Interpreter
[0.528s] -- Found OpenCV: /usr (found version "4.5.4")
[0.529s] -- Found rclcpp: 16.0.12 (/opt/ros/humble/share/rclcpp/cmake)
[0.595s] -- Found rosidl_generator_c: 3.1.6 (/opt/ros/humble/share/rosidl_generator_c/cmake)
[0.605s] -- Found rosidl_adapter: 3.1.6 (/opt/ros/humble/share/rosidl_adapter/cmake)
[0.623s] -- Found rosidl_generator_cpp: 3.1.6 (/opt/ros/humble/share/rosidl_generator_cpp/cmake)
[0.654s] -- Using all available rosidl_typesupport_c: rosidl_typesupport_fastrtps_c;rosidl_typesupport_introspection_c
[0.693s] -- Using all available rosidl_typesupport_cpp: rosidl_typesupport_fastrtps_cpp;rosidl_typesupport_introspection_cpp
[0.798s] -- Found rmw_implementation_cmake: 6.1.2 (/opt/ros/humble/share/rmw_implementation_cmake/cmake)
[0.803s] -- Found rmw_fastrtps_cpp: 6.2.7 (/opt/ros/humble/share/rmw_fastrtps_cpp/cmake)
[0.917s] -- Found OpenSSL: /usr/lib/x86_64-linux-gnu/libcrypto.so (found version "3.0.2")
[0.956s] -- Found FastRTPS: /opt/ros/humble/include
[1.011s] -- Using RMW implementation 'rmw_fastrtps_cpp' as default
[1.025s] -- Performing Test CMAKE_HAVE_LIBC_PTHREAD
[1.085s] -- Performing Test CMAKE_HAVE_LIBC_PTHREAD - Success
[1.087s] -- Found Threads: TRUE
[1.237s] -- Found image_transport: 3.1.11 (/opt/ros/humble/share/image_transport/cmake)
[1.376s] -- Found cv_bridge: 3.2.1 (/opt/ros/humble/share/cv_bridge/cmake)
[1.386s] -- Found ament_lint_auto: 0.12.12 (/opt/ros/humble/share/ament_lint_auto/cmake)
[1.449s] -- Added test 'cppcheck' to perform static code analysis on C / C++ code
[1.454s] -- Configured cppcheck include dirs: 
[1.454s] -- Configured cppcheck exclude dirs and/or files: 
[1.455s] -- Added test 'lint_cmake' to check CMake code style
[1.457s] -- Added test 'uncrustify' to check C / C++ code style
[1.457s] -- Configured uncrustify additional arguments: 
[1.458s] -- Added test 'xmllint' to check XML markup files
[1.460s] -- Configuring done (1.5s)
[1.490s] -- Generating done (0.0s)
[1.495s] -- Build files have been written to: /home/new-sentry/Desktop/boom_ws/build/display
[1.505s] Invoked command in '/home/new-sentry/Desktop/boom_ws/build/display' returned '0': CMAKE_PREFIX_PATH=/opt/ros/humble /usr/local/bin/cmake /home/new-sentry/Desktop/boom_ws/src/display -DCMAKE_INSTALL_PREFIX=/home/new-sentry/Desktop/boom_ws/install/display
[1.506s] Invoking command in '/home/new-sentry/Desktop/boom_ws/build/display': CMAKE_PREFIX_PATH=/opt/ros/humble /usr/local/bin/cmake --build /home/new-sentry/Desktop/boom_ws/build/display -- -j16 -l16
[1.535s] [ 50%] [32mBuilding CXX object CMakeFiles/display.dir/src/display_node.cpp.o[0m
[4.364s] [100%] [32m[1mLinking CXX executable display[0m
[4.657s] [100%] Built target display
[4.662s] Invoked command in '/home/new-sentry/Desktop/boom_ws/build/display' returned '0': CMAKE_PREFIX_PATH=/opt/ros/humble /usr/local/bin/cmake --build /home/new-sentry/Desktop/boom_ws/build/display -- -j16 -l16
[4.663s] Invoking command in '/home/new-sentry/Desktop/boom_ws/build/display': CMAKE_PREFIX_PATH=/opt/ros/humble /usr/local/bin/cmake --install /home/new-sentry/Desktop/boom_ws/build/display
[4.666s] -- Install configuration: ""
[4.666s] -- Installing: /home/new-sentry/Desktop/boom_ws/install/display/lib/display/display
[4.667s] -- Set non-toolchain portion of runtime path of "/home/new-sentry/Desktop/boom_ws/install/display/lib/display/display" to ""
[4.667s] -- Installing: /home/new-sentry/Desktop/boom_ws/install/display/share/ament_index/resource_index/package_run_dependencies/display
[4.667s] -- Installing: /home/new-sentry/Desktop/boom_ws/install/display/share/ament_index/resource_index/parent_prefix_path/display
[4.668s] -- Installing: /home/new-sentry/Desktop/boom_ws/install/display/share/display/environment/ament_prefix_path.sh
[4.668s] -- Installing: /home/new-sentry/Desktop/boom_ws/install/display/share/display/environment/ament_prefix_path.dsv
[4.668s] -- Installing: /home/new-sentry/Desktop/boom_ws/install/display/share/display/environment/path.sh
[4.668s] -- Installing: /home/new-sentry/Desktop/boom_ws/install/display/share/display/environment/path.dsv
[4.668s] -- Installing: /home/new-sentry/Desktop/boom_ws/install/display/share/display/local_setup.bash
[4.668s] -- Installing: /home/new-sentry/Desktop/boom_ws/install/display/share/display/local_setup.sh
[4.669s] -- Installing: /home/new-sentry/Desktop/boom_ws/install/display/share/display/local_setup.zsh
[4.669s] -- Installing: /home/new-sentry/Desktop/boom_ws/install/display/share/display/local_setup.dsv
[4.669s] -- Installing: /home/new-sentry/Desktop/boom_ws/install/display/share/display/package.dsv
[4.669s] -- Installing: /home/new-sentry/Desktop/boom_ws/install/display/share/ament_index/resource_index/packages/display
[4.669s] -- Installing: /home/new-sentry/Desktop/boom_ws/install/display/share/display/cmake/displayConfig.cmake
[4.669s] -- Installing: /home/new-sentry/Desktop/boom_ws/install/display/share/display/cmake/displayConfig-version.cmake
[4.670s] -- Installing: /home/new-sentry/Desktop/boom_ws/install/display/share/display/package.xml
[4.671s] Invoked command in '/home/new-sentry/Desktop/boom_ws/build/display' returned '0': CMAKE_PREFIX_PATH=/opt/ros/humble /usr/local/bin/cmake --install /home/new-sentry/Desktop/boom_ws/build/display
