[0.010s] Invoking command in '/home/xyq/Desktop/boom_ws/build/display': CMAKE_PREFIX_PATH=${CMAKE_PREFIX_PATH}:/opt/ros/humble /usr/bin/cmake /home/xyq/Desktop/boom_ws/src/display -DCMAKE_INSTALL_PREFIX=/home/xyq/Desktop/boom_ws/install/display
[0.063s] -- The C compiler identification is GNU 11.4.0
[0.105s] -- The CXX compiler identification is GNU 11.4.0
[0.112s] -- Detecting C compiler ABI info
[0.179s] -- Detecting C compiler ABI info - done
[0.184s] -- Check for working C compiler: /usr/bin/cc - skipped
[0.184s] -- Detecting C compile features
[0.185s] -- Detecting C compile features - done
[0.187s] -- Detecting CXX compiler ABI info
[0.260s] -- Detecting CXX compiler ABI info - done
[0.265s] -- Check for working CXX compiler: /usr/bin/c++ - skipped
[0.265s] -- Detecting CXX compile features
[0.266s] -- Detecting CXX compile features - done
[0.267s] -- Found ament_cmake: 1.3.11 (/opt/ros/humble/share/ament_cmake/cmake)
[0.380s] -- Found Python3: /usr/bin/python3 (found version "3.10.12") found components: Interpreter 
[0.450s] -- Found OpenCV: /usr (found version "4.5.4") 
[0.451s] -- Found rclcpp: 16.0.11 (/opt/ros/humble/share/rclcpp/cmake)
[0.478s] -- Found rosidl_generator_c: 3.1.6 (/opt/ros/humble/share/rosidl_generator_c/cmake)
[0.481s] -- Found rosidl_adapter: 3.1.6 (/opt/ros/humble/share/rosidl_adapter/cmake)
[0.487s] -- Found rosidl_generator_cpp: 3.1.6 (/opt/ros/humble/share/rosidl_generator_cpp/cmake)
[0.494s] -- Using all available rosidl_typesupport_c: rosidl_typesupport_fastrtps_c;rosidl_typesupport_introspection_c
[0.505s] -- Using all available rosidl_typesupport_cpp: rosidl_typesupport_fastrtps_cpp;rosidl_typesupport_introspection_cpp
[0.534s] -- Found rmw_implementation_cmake: 6.1.2 (/opt/ros/humble/share/rmw_implementation_cmake/cmake)
[0.535s] -- Found rmw_fastrtps_cpp: 6.2.7 (/opt/ros/humble/share/rmw_fastrtps_cpp/cmake)
[0.615s] -- Found OpenSSL: /usr/lib/x86_64-linux-gnu/libcrypto.so (found version "3.0.2")  
[0.639s] -- Found FastRTPS: /opt/ros/humble/include  
[0.676s] -- Using RMW implementation 'rmw_fastrtps_cpp' as default
[0.682s] -- Looking for pthread.h
[0.751s] -- Looking for pthread.h - found
[0.751s] -- Performing Test CMAKE_HAVE_LIBC_PTHREAD
[0.823s] -- Performing Test CMAKE_HAVE_LIBC_PTHREAD - Success
[0.824s] -- Found Threads: TRUE  
[0.857s] -- Found image_transport: 3.1.10 (/opt/ros/humble/share/image_transport/cmake)
[0.902s] -- Found cv_bridge: 3.2.1 (/opt/ros/humble/share/cv_bridge/cmake)
[0.905s] -- Found ament_lint_auto: 0.12.11 (/opt/ros/humble/share/ament_lint_auto/cmake)
[0.971s] -- Added test 'cppcheck' to perform static code analysis on C / C++ code
[0.972s] -- Configured cppcheck include dirs: 
[0.972s] -- Configured cppcheck exclude dirs and/or files: 
[0.972s] -- Added test 'lint_cmake' to check CMake code style
[0.972s] -- Added test 'uncrustify' to check C / C++ code style
[0.973s] -- Configured uncrustify additional arguments: 
[0.973s] -- Added test 'xmllint' to check XML markup files
[0.974s] -- Configuring done
[0.984s] -- Generating done
[0.988s] -- Build files have been written to: /home/xyq/Desktop/boom_ws/build/display
[1.003s] Invoked command in '/home/xyq/Desktop/boom_ws/build/display' returned '0': CMAKE_PREFIX_PATH=${CMAKE_PREFIX_PATH}:/opt/ros/humble /usr/bin/cmake /home/xyq/Desktop/boom_ws/src/display -DCMAKE_INSTALL_PREFIX=/home/xyq/Desktop/boom_ws/install/display
[1.006s] Invoking command in '/home/xyq/Desktop/boom_ws/build/display': CMAKE_PREFIX_PATH=${CMAKE_PREFIX_PATH}:/opt/ros/humble /usr/bin/cmake --build /home/xyq/Desktop/boom_ws/build/display -- -j20 -l20
[1.071s] [ 50%] [32mBuilding CXX object CMakeFiles/display.dir/src/display_node.cpp.o[0m
[4.203s] [100%] [32m[1mLinking CXX executable display[0m
[4.574s] [100%] Built target display
[4.586s] Invoked command in '/home/xyq/Desktop/boom_ws/build/display' returned '0': CMAKE_PREFIX_PATH=${CMAKE_PREFIX_PATH}:/opt/ros/humble /usr/bin/cmake --build /home/xyq/Desktop/boom_ws/build/display -- -j20 -l20
[4.587s] Invoking command in '/home/xyq/Desktop/boom_ws/build/display': CMAKE_PREFIX_PATH=${CMAKE_PREFIX_PATH}:/opt/ros/humble /usr/bin/cmake --install /home/xyq/Desktop/boom_ws/build/display
[4.598s] -- Install configuration: ""
[4.598s] -- Installing: /home/xyq/Desktop/boom_ws/install/display/lib/display/display
[4.598s] -- Set runtime path of "/home/xyq/Desktop/boom_ws/install/display/lib/display/display" to ""
[4.599s] -- Installing: /home/xyq/Desktop/boom_ws/install/display/share/ament_index/resource_index/package_run_dependencies/display
[4.599s] -- Installing: /home/xyq/Desktop/boom_ws/install/display/share/ament_index/resource_index/parent_prefix_path/display
[4.599s] -- Installing: /home/xyq/Desktop/boom_ws/install/display/share/display/environment/ament_prefix_path.sh
[4.599s] -- Installing: /home/xyq/Desktop/boom_ws/install/display/share/display/environment/ament_prefix_path.dsv
[4.599s] -- Installing: /home/xyq/Desktop/boom_ws/install/display/share/display/environment/path.sh
[4.600s] -- Installing: /home/xyq/Desktop/boom_ws/install/display/share/display/environment/path.dsv
[4.600s] -- Installing: /home/xyq/Desktop/boom_ws/install/display/share/display/local_setup.bash
[4.600s] -- Installing: /home/xyq/Desktop/boom_ws/install/display/share/display/local_setup.sh
[4.600s] -- Installing: /home/xyq/Desktop/boom_ws/install/display/share/display/local_setup.zsh
[4.600s] -- Installing: /home/xyq/Desktop/boom_ws/install/display/share/display/local_setup.dsv
[4.600s] -- Installing: /home/xyq/Desktop/boom_ws/install/display/share/display/package.dsv
[4.600s] -- Installing: /home/xyq/Desktop/boom_ws/install/display/share/ament_index/resource_index/packages/display
[4.601s] -- Installing: /home/xyq/Desktop/boom_ws/install/display/share/display/cmake/displayConfig.cmake
[4.601s] -- Installing: /home/xyq/Desktop/boom_ws/install/display/share/display/cmake/displayConfig-version.cmake
[4.601s] -- Installing: /home/xyq/Desktop/boom_ws/install/display/share/display/package.xml
[4.602s] Invoked command in '/home/xyq/Desktop/boom_ws/build/display' returned '0': CMAKE_PREFIX_PATH=${CMAKE_PREFIX_PATH}:/opt/ros/humble /usr/bin/cmake --install /home/xyq/Desktop/boom_ws/build/display
