[0.289s] DEBUG:colcon:Command line arguments: ['/usr/bin/colcon', 'build']
[0.289s] DEBUG:colcon:Parsed command line arguments: Namespace(log_base=None, log_level=None, verb_name='build', build_base='build', install_base='install', merge_install=False, symlink_install=False, test_result_base=None, continue_on_error=False, executor='parallel', parallel_workers=8, event_handlers=None, ignore_user_meta=False, metas=['./colcon.meta'], base_paths=['.'], packages_ignore=None, packages_ignore_regex=None, paths=None, packages_up_to=None, packages_up_to_regex=None, packages_above=None, packages_above_and_dependencies=None, packages_above_depth=None, packages_select_by_dep=None, packages_skip_by_dep=None, packages_skip_up_to=None, packages_select_build_failed=False, packages_skip_build_finished=False, packages_select_test_failures=False, packages_skip_test_passed=False, packages_select=None, packages_skip=None, packages_select_regex=None, packages_skip_regex=None, packages_start=None, packages_end=None, allow_overriding=[], cmake_args=None, cmake_target=None, cmake_target_skip_unavailable=False, cmake_clean_cache=False, cmake_clean_first=False, cmake_force_configure=False, ament_cmake_args=None, catkin_cmake_args=None, catkin_skip_building_tests=False, verb_parser=<colcon_defaults.argument_parser.defaults.DefaultArgumentsDecorator object at 0x733bf32331f0>, verb_extension=<colcon_core.verb.build.BuildVerb object at 0x733bf33806a0>, main=<bound method BuildVerb.main of <colcon_core.verb.build.BuildVerb object at 0x733bf33806a0>>)
[0.725s] Level 1:colcon.colcon_core.package_discovery:discover_packages(colcon_meta) check parameters
[0.725s] Level 1:colcon.colcon_core.package_discovery:discover_packages(recursive) check parameters
[0.725s] Level 1:colcon.colcon_core.package_discovery:discover_packages(ignore) check parameters
[0.725s] Level 1:colcon.colcon_core.package_discovery:discover_packages(path) check parameters
[0.725s] Level 1:colcon.colcon_core.package_discovery:discover_packages(colcon_meta) discover
[0.725s] Level 1:colcon.colcon_core.package_discovery:discover_packages(recursive) discover
[0.725s] INFO:colcon.colcon_core.package_discovery:Crawling recursively for packages in '/home/qiqi/Desktop/boom_ws'
[0.726s] Level 1:colcon.colcon_core.package_identification:_identify(.) by extensions ['ignore', 'ignore_ament_install']
[0.726s] Level 1:colcon.colcon_core.package_identification:_identify(.) by extension 'ignore'
[0.726s] Level 1:colcon.colcon_core.package_identification:_identify(.) by extension 'ignore_ament_install'
[0.726s] Level 1:colcon.colcon_core.package_identification:_identify(.) by extensions ['colcon_pkg']
[0.726s] Level 1:colcon.colcon_core.package_identification:_identify(.) by extension 'colcon_pkg'
[0.726s] Level 1:colcon.colcon_core.package_identification:_identify(.) by extensions ['colcon_meta']
[0.726s] Level 1:colcon.colcon_core.package_identification:_identify(.) by extension 'colcon_meta'
[0.726s] Level 1:colcon.colcon_core.package_identification:_identify(.) by extensions ['ros']
[0.726s] Level 1:colcon.colcon_core.package_identification:_identify(.) by extension 'ros'
[0.750s] Level 1:colcon.colcon_core.package_identification:_identify(.) by extensions ['cmake', 'python']
[0.750s] Level 1:colcon.colcon_core.package_identification:_identify(.) by extension 'cmake'
[0.750s] Level 1:colcon.colcon_core.package_identification:_identify(.) by extension 'python'
[0.750s] Level 1:colcon.colcon_core.package_identification:_identify(.) by extensions ['python_setup_py']
[0.750s] Level 1:colcon.colcon_core.package_identification:_identify(.) by extension 'python_setup_py'
[0.751s] Level 1:colcon.colcon_core.package_identification:_identify(build) by extensions ['ignore', 'ignore_ament_install']
[0.751s] Level 1:colcon.colcon_core.package_identification:_identify(build) by extension 'ignore'
[0.751s] Level 1:colcon.colcon_core.package_identification:_identify(build) ignored
[0.751s] Level 1:colcon.colcon_core.package_identification:_identify(config) by extensions ['ignore', 'ignore_ament_install']
[0.751s] Level 1:colcon.colcon_core.package_identification:_identify(config) by extension 'ignore'
[0.752s] Level 1:colcon.colcon_core.package_identification:_identify(config) by extension 'ignore_ament_install'
[0.752s] Level 1:colcon.colcon_core.package_identification:_identify(config) by extensions ['colcon_pkg']
[0.752s] Level 1:colcon.colcon_core.package_identification:_identify(config) by extension 'colcon_pkg'
[0.752s] Level 1:colcon.colcon_core.package_identification:_identify(config) by extensions ['colcon_meta']
[0.752s] Level 1:colcon.colcon_core.package_identification:_identify(config) by extension 'colcon_meta'
[0.752s] Level 1:colcon.colcon_core.package_identification:_identify(config) by extensions ['ros']
[0.752s] Level 1:colcon.colcon_core.package_identification:_identify(config) by extension 'ros'
[0.753s] Level 1:colcon.colcon_core.package_identification:_identify(config) by extensions ['cmake', 'python']
[0.753s] Level 1:colcon.colcon_core.package_identification:_identify(config) by extension 'cmake'
[0.753s] Level 1:colcon.colcon_core.package_identification:_identify(config) by extension 'python'
[0.753s] Level 1:colcon.colcon_core.package_identification:_identify(config) by extensions ['python_setup_py']
[0.753s] Level 1:colcon.colcon_core.package_identification:_identify(config) by extension 'python_setup_py'
[0.753s] Level 1:colcon.colcon_core.package_identification:_identify(install) by extensions ['ignore', 'ignore_ament_install']
[0.753s] Level 1:colcon.colcon_core.package_identification:_identify(install) by extension 'ignore'
[0.753s] Level 1:colcon.colcon_core.package_identification:_identify(install) ignored
[0.753s] Level 1:colcon.colcon_core.package_identification:_identify(launch) by extensions ['ignore', 'ignore_ament_install']
[0.754s] Level 1:colcon.colcon_core.package_identification:_identify(launch) by extension 'ignore'
[0.754s] Level 1:colcon.colcon_core.package_identification:_identify(launch) by extension 'ignore_ament_install'
[0.754s] Level 1:colcon.colcon_core.package_identification:_identify(launch) by extensions ['colcon_pkg']
[0.754s] Level 1:colcon.colcon_core.package_identification:_identify(launch) by extension 'colcon_pkg'
[0.754s] Level 1:colcon.colcon_core.package_identification:_identify(launch) by extensions ['colcon_meta']
[0.754s] Level 1:colcon.colcon_core.package_identification:_identify(launch) by extension 'colcon_meta'
[0.754s] Level 1:colcon.colcon_core.package_identification:_identify(launch) by extensions ['ros']
[0.754s] Level 1:colcon.colcon_core.package_identification:_identify(launch) by extension 'ros'
[0.754s] Level 1:colcon.colcon_core.package_identification:_identify(launch) by extensions ['cmake', 'python']
[0.754s] Level 1:colcon.colcon_core.package_identification:_identify(launch) by extension 'cmake'
[0.754s] Level 1:colcon.colcon_core.package_identification:_identify(launch) by extension 'python'
[0.755s] Level 1:colcon.colcon_core.package_identification:_identify(launch) by extensions ['python_setup_py']
[0.755s] Level 1:colcon.colcon_core.package_identification:_identify(launch) by extension 'python_setup_py'
[0.755s] Level 1:colcon.colcon_core.package_identification:_identify(launch/__pycache__) by extensions ['ignore', 'ignore_ament_install']
[0.755s] Level 1:colcon.colcon_core.package_identification:_identify(launch/__pycache__) by extension 'ignore'
[0.755s] Level 1:colcon.colcon_core.package_identification:_identify(launch/__pycache__) by extension 'ignore_ament_install'
[0.755s] Level 1:colcon.colcon_core.package_identification:_identify(launch/__pycache__) by extensions ['colcon_pkg']
[0.755s] Level 1:colcon.colcon_core.package_identification:_identify(launch/__pycache__) by extension 'colcon_pkg'
[0.755s] Level 1:colcon.colcon_core.package_identification:_identify(launch/__pycache__) by extensions ['colcon_meta']
[0.755s] Level 1:colcon.colcon_core.package_identification:_identify(launch/__pycache__) by extension 'colcon_meta'
[0.755s] Level 1:colcon.colcon_core.package_identification:_identify(launch/__pycache__) by extensions ['ros']
[0.755s] Level 1:colcon.colcon_core.package_identification:_identify(launch/__pycache__) by extension 'ros'
[0.756s] Level 1:colcon.colcon_core.package_identification:_identify(launch/__pycache__) by extensions ['cmake', 'python']
[0.756s] Level 1:colcon.colcon_core.package_identification:_identify(launch/__pycache__) by extension 'cmake'
[0.756s] Level 1:colcon.colcon_core.package_identification:_identify(launch/__pycache__) by extension 'python'
[0.756s] Level 1:colcon.colcon_core.package_identification:_identify(launch/__pycache__) by extensions ['python_setup_py']
[0.756s] Level 1:colcon.colcon_core.package_identification:_identify(launch/__pycache__) by extension 'python_setup_py'
[0.756s] Level 1:colcon.colcon_core.package_identification:_identify(log) by extensions ['ignore', 'ignore_ament_install']
[0.756s] Level 1:colcon.colcon_core.package_identification:_identify(log) by extension 'ignore'
[0.756s] Level 1:colcon.colcon_core.package_identification:_identify(log) ignored
[0.756s] Level 1:colcon.colcon_core.package_identification:_identify(py) by extensions ['ignore', 'ignore_ament_install']
[0.756s] Level 1:colcon.colcon_core.package_identification:_identify(py) by extension 'ignore'
[0.757s] Level 1:colcon.colcon_core.package_identification:_identify(py) by extension 'ignore_ament_install'
[0.757s] Level 1:colcon.colcon_core.package_identification:_identify(py) by extensions ['colcon_pkg']
[0.757s] Level 1:colcon.colcon_core.package_identification:_identify(py) by extension 'colcon_pkg'
[0.757s] Level 1:colcon.colcon_core.package_identification:_identify(py) by extensions ['colcon_meta']
[0.757s] Level 1:colcon.colcon_core.package_identification:_identify(py) by extension 'colcon_meta'
[0.757s] Level 1:colcon.colcon_core.package_identification:_identify(py) by extensions ['ros']
[0.757s] Level 1:colcon.colcon_core.package_identification:_identify(py) by extension 'ros'
[0.757s] Level 1:colcon.colcon_core.package_identification:_identify(py) by extensions ['cmake', 'python']
[0.757s] Level 1:colcon.colcon_core.package_identification:_identify(py) by extension 'cmake'
[0.757s] Level 1:colcon.colcon_core.package_identification:_identify(py) by extension 'python'
[0.757s] Level 1:colcon.colcon_core.package_identification:_identify(py) by extensions ['python_setup_py']
[0.757s] Level 1:colcon.colcon_core.package_identification:_identify(py) by extension 'python_setup_py'
[0.757s] Level 1:colcon.colcon_core.package_identification:_identify(py/__pycache__) by extensions ['ignore', 'ignore_ament_install']
[0.757s] Level 1:colcon.colcon_core.package_identification:_identify(py/__pycache__) by extension 'ignore'
[0.758s] Level 1:colcon.colcon_core.package_identification:_identify(py/__pycache__) by extension 'ignore_ament_install'
[0.758s] Level 1:colcon.colcon_core.package_identification:_identify(py/__pycache__) by extensions ['colcon_pkg']
[0.758s] Level 1:colcon.colcon_core.package_identification:_identify(py/__pycache__) by extension 'colcon_pkg'
[0.758s] Level 1:colcon.colcon_core.package_identification:_identify(py/__pycache__) by extensions ['colcon_meta']
[0.758s] Level 1:colcon.colcon_core.package_identification:_identify(py/__pycache__) by extension 'colcon_meta'
[0.758s] Level 1:colcon.colcon_core.package_identification:_identify(py/__pycache__) by extensions ['ros']
[0.758s] Level 1:colcon.colcon_core.package_identification:_identify(py/__pycache__) by extension 'ros'
[0.758s] Level 1:colcon.colcon_core.package_identification:_identify(py/__pycache__) by extensions ['cmake', 'python']
[0.758s] Level 1:colcon.colcon_core.package_identification:_identify(py/__pycache__) by extension 'cmake'
[0.758s] Level 1:colcon.colcon_core.package_identification:_identify(py/__pycache__) by extension 'python'
[0.758s] Level 1:colcon.colcon_core.package_identification:_identify(py/__pycache__) by extensions ['python_setup_py']
[0.758s] Level 1:colcon.colcon_core.package_identification:_identify(py/__pycache__) by extension 'python_setup_py'
[0.758s] Level 1:colcon.colcon_core.package_identification:_identify(py/pta) by extensions ['ignore', 'ignore_ament_install']
[0.759s] Level 1:colcon.colcon_core.package_identification:_identify(py/pta) by extension 'ignore'
[0.759s] Level 1:colcon.colcon_core.package_identification:_identify(py/pta) by extension 'ignore_ament_install'
[0.759s] Level 1:colcon.colcon_core.package_identification:_identify(py/pta) by extensions ['colcon_pkg']
[0.759s] Level 1:colcon.colcon_core.package_identification:_identify(py/pta) by extension 'colcon_pkg'
[0.759s] Level 1:colcon.colcon_core.package_identification:_identify(py/pta) by extensions ['colcon_meta']
[0.759s] Level 1:colcon.colcon_core.package_identification:_identify(py/pta) by extension 'colcon_meta'
[0.759s] Level 1:colcon.colcon_core.package_identification:_identify(py/pta) by extensions ['ros']
[0.759s] Level 1:colcon.colcon_core.package_identification:_identify(py/pta) by extension 'ros'
[0.759s] Level 1:colcon.colcon_core.package_identification:_identify(py/pta) by extensions ['cmake', 'python']
[0.759s] Level 1:colcon.colcon_core.package_identification:_identify(py/pta) by extension 'cmake'
[0.759s] Level 1:colcon.colcon_core.package_identification:_identify(py/pta) by extension 'python'
[0.759s] Level 1:colcon.colcon_core.package_identification:_identify(py/pta) by extensions ['python_setup_py']
[0.759s] Level 1:colcon.colcon_core.package_identification:_identify(py/pta) by extension 'python_setup_py'
[0.760s] Level 1:colcon.colcon_core.package_identification:_identify(py/pta/pta2) by extensions ['ignore', 'ignore_ament_install']
[0.760s] Level 1:colcon.colcon_core.package_identification:_identify(py/pta/pta2) by extension 'ignore'
[0.760s] Level 1:colcon.colcon_core.package_identification:_identify(py/pta/pta2) by extension 'ignore_ament_install'
[0.760s] Level 1:colcon.colcon_core.package_identification:_identify(py/pta/pta2) by extensions ['colcon_pkg']
[0.760s] Level 1:colcon.colcon_core.package_identification:_identify(py/pta/pta2) by extension 'colcon_pkg'
[0.760s] Level 1:colcon.colcon_core.package_identification:_identify(py/pta/pta2) by extensions ['colcon_meta']
[0.760s] Level 1:colcon.colcon_core.package_identification:_identify(py/pta/pta2) by extension 'colcon_meta'
[0.760s] Level 1:colcon.colcon_core.package_identification:_identify(py/pta/pta2) by extensions ['ros']
[0.760s] Level 1:colcon.colcon_core.package_identification:_identify(py/pta/pta2) by extension 'ros'
[0.760s] Level 1:colcon.colcon_core.package_identification:_identify(py/pta/pta2) by extensions ['cmake', 'python']
[0.760s] Level 1:colcon.colcon_core.package_identification:_identify(py/pta/pta2) by extension 'cmake'
[0.760s] Level 1:colcon.colcon_core.package_identification:_identify(py/pta/pta2) by extension 'python'
[0.760s] Level 1:colcon.colcon_core.package_identification:_identify(py/pta/pta2) by extensions ['python_setup_py']
[0.760s] Level 1:colcon.colcon_core.package_identification:_identify(py/pta/pta2) by extension 'python_setup_py'
[0.761s] Level 1:colcon.colcon_core.package_identification:_identify(py/test) by extensions ['ignore', 'ignore_ament_install']
[0.761s] Level 1:colcon.colcon_core.package_identification:_identify(py/test) by extension 'ignore'
[0.761s] Level 1:colcon.colcon_core.package_identification:_identify(py/test) by extension 'ignore_ament_install'
[0.761s] Level 1:colcon.colcon_core.package_identification:_identify(py/test) by extensions ['colcon_pkg']
[0.761s] Level 1:colcon.colcon_core.package_identification:_identify(py/test) by extension 'colcon_pkg'
[0.761s] Level 1:colcon.colcon_core.package_identification:_identify(py/test) by extensions ['colcon_meta']
[0.761s] Level 1:colcon.colcon_core.package_identification:_identify(py/test) by extension 'colcon_meta'
[0.761s] Level 1:colcon.colcon_core.package_identification:_identify(py/test) by extensions ['ros']
[0.761s] Level 1:colcon.colcon_core.package_identification:_identify(py/test) by extension 'ros'
[0.761s] Level 1:colcon.colcon_core.package_identification:_identify(py/test) by extensions ['cmake', 'python']
[0.761s] Level 1:colcon.colcon_core.package_identification:_identify(py/test) by extension 'cmake'
[0.761s] Level 1:colcon.colcon_core.package_identification:_identify(py/test) by extension 'python'
[0.761s] Level 1:colcon.colcon_core.package_identification:_identify(py/test) by extensions ['python_setup_py']
[0.761s] Level 1:colcon.colcon_core.package_identification:_identify(py/test) by extension 'python_setup_py'
[0.762s] Level 1:colcon.colcon_core.package_identification:_identify(src) by extensions ['ignore', 'ignore_ament_install']
[0.762s] Level 1:colcon.colcon_core.package_identification:_identify(src) by extension 'ignore'
[0.762s] Level 1:colcon.colcon_core.package_identification:_identify(src) by extension 'ignore_ament_install'
[0.762s] Level 1:colcon.colcon_core.package_identification:_identify(src) by extensions ['colcon_pkg']
[0.762s] Level 1:colcon.colcon_core.package_identification:_identify(src) by extension 'colcon_pkg'
[0.762s] Level 1:colcon.colcon_core.package_identification:_identify(src) by extensions ['colcon_meta']
[0.762s] Level 1:colcon.colcon_core.package_identification:_identify(src) by extension 'colcon_meta'
[0.762s] Level 1:colcon.colcon_core.package_identification:_identify(src) by extensions ['ros']
[0.762s] Level 1:colcon.colcon_core.package_identification:_identify(src) by extension 'ros'
[0.762s] Level 1:colcon.colcon_core.package_identification:_identify(src) by extensions ['cmake', 'python']
[0.762s] Level 1:colcon.colcon_core.package_identification:_identify(src) by extension 'cmake'
[0.762s] Level 1:colcon.colcon_core.package_identification:_identify(src) by extension 'python'
[0.762s] Level 1:colcon.colcon_core.package_identification:_identify(src) by extensions ['python_setup_py']
[0.762s] Level 1:colcon.colcon_core.package_identification:_identify(src) by extension 'python_setup_py'
[0.763s] Level 1:colcon.colcon_core.package_identification:_identify(src/display) by extensions ['ignore', 'ignore_ament_install']
[0.763s] Level 1:colcon.colcon_core.package_identification:_identify(src/display) by extension 'ignore'
[0.763s] Level 1:colcon.colcon_core.package_identification:_identify(src/display) by extension 'ignore_ament_install'
[0.763s] Level 1:colcon.colcon_core.package_identification:_identify(src/display) by extensions ['colcon_pkg']
[0.763s] Level 1:colcon.colcon_core.package_identification:_identify(src/display) by extension 'colcon_pkg'
[0.763s] Level 1:colcon.colcon_core.package_identification:_identify(src/display) by extensions ['colcon_meta']
[0.763s] Level 1:colcon.colcon_core.package_identification:_identify(src/display) by extension 'colcon_meta'
[0.763s] Level 1:colcon.colcon_core.package_identification:_identify(src/display) by extensions ['ros']
[0.763s] Level 1:colcon.colcon_core.package_identification:_identify(src/display) by extension 'ros'
[0.770s] DEBUG:colcon.colcon_core.package_identification:Package 'src/display' with type 'ros.ament_cmake' and name 'display'
[0.771s] Level 1:colcon.colcon_core.package_identification:_identify(src/hik_camera_ros2_driver) by extensions ['ignore', 'ignore_ament_install']
[0.771s] Level 1:colcon.colcon_core.package_identification:_identify(src/hik_camera_ros2_driver) by extension 'ignore'
[0.771s] Level 1:colcon.colcon_core.package_identification:_identify(src/hik_camera_ros2_driver) by extension 'ignore_ament_install'
[0.771s] Level 1:colcon.colcon_core.package_identification:_identify(src/hik_camera_ros2_driver) by extensions ['colcon_pkg']
[0.771s] Level 1:colcon.colcon_core.package_identification:_identify(src/hik_camera_ros2_driver) by extension 'colcon_pkg'
[0.772s] Level 1:colcon.colcon_core.package_identification:_identify(src/hik_camera_ros2_driver) by extensions ['colcon_meta']
[0.772s] Level 1:colcon.colcon_core.package_identification:_identify(src/hik_camera_ros2_driver) by extension 'colcon_meta'
[0.772s] Level 1:colcon.colcon_core.package_identification:_identify(src/hik_camera_ros2_driver) by extensions ['ros']
[0.772s] Level 1:colcon.colcon_core.package_identification:_identify(src/hik_camera_ros2_driver) by extension 'ros'
[0.773s] DEBUG:colcon.colcon_core.package_identification:Package 'src/hik_camera_ros2_driver' with type 'ros.ament_cmake' and name 'hik_camera_ros2_driver'
[0.774s] Level 1:colcon.colcon_core.package_identification:_identify(src/resolving) by extensions ['ignore', 'ignore_ament_install']
[0.774s] Level 1:colcon.colcon_core.package_identification:_identify(src/resolving) by extension 'ignore'
[0.774s] Level 1:colcon.colcon_core.package_identification:_identify(src/resolving) by extension 'ignore_ament_install'
[0.774s] Level 1:colcon.colcon_core.package_identification:_identify(src/resolving) by extensions ['colcon_pkg']
[0.774s] Level 1:colcon.colcon_core.package_identification:_identify(src/resolving) by extension 'colcon_pkg'
[0.774s] Level 1:colcon.colcon_core.package_identification:_identify(src/resolving) by extensions ['colcon_meta']
[0.774s] Level 1:colcon.colcon_core.package_identification:_identify(src/resolving) by extension 'colcon_meta'
[0.774s] Level 1:colcon.colcon_core.package_identification:_identify(src/resolving) by extensions ['ros']
[0.774s] Level 1:colcon.colcon_core.package_identification:_identify(src/resolving) by extension 'ros'
[0.776s] DEBUG:colcon.colcon_core.package_identification:Package 'src/resolving' with type 'ros.ament_cmake' and name 'resolve'
[0.776s] Level 1:colcon.colcon_core.package_identification:_identify(src/serial) by extensions ['ignore', 'ignore_ament_install']
[0.776s] Level 1:colcon.colcon_core.package_identification:_identify(src/serial) by extension 'ignore'
[0.776s] Level 1:colcon.colcon_core.package_identification:_identify(src/serial) by extension 'ignore_ament_install'
[0.777s] Level 1:colcon.colcon_core.package_identification:_identify(src/serial) by extensions ['colcon_pkg']
[0.777s] Level 1:colcon.colcon_core.package_identification:_identify(src/serial) by extension 'colcon_pkg'
[0.777s] Level 1:colcon.colcon_core.package_identification:_identify(src/serial) by extensions ['colcon_meta']
[0.777s] Level 1:colcon.colcon_core.package_identification:_identify(src/serial) by extension 'colcon_meta'
[0.777s] Level 1:colcon.colcon_core.package_identification:_identify(src/serial) by extensions ['ros']
[0.777s] Level 1:colcon.colcon_core.package_identification:_identify(src/serial) by extension 'ros'
[0.779s] DEBUG:colcon.colcon_core.package_identification:Package 'src/serial' with type 'ros.ament_cmake' and name 'serial'
[0.779s] Level 1:colcon.colcon_core.package_identification:_identify(src/vision_interfaces) by extensions ['ignore', 'ignore_ament_install']
[0.779s] Level 1:colcon.colcon_core.package_identification:_identify(src/vision_interfaces) by extension 'ignore'
[0.779s] Level 1:colcon.colcon_core.package_identification:_identify(src/vision_interfaces) by extension 'ignore_ament_install'
[0.779s] Level 1:colcon.colcon_core.package_identification:_identify(src/vision_interfaces) by extensions ['colcon_pkg']
[0.779s] Level 1:colcon.colcon_core.package_identification:_identify(src/vision_interfaces) by extension 'colcon_pkg'
[0.780s] Level 1:colcon.colcon_core.package_identification:_identify(src/vision_interfaces) by extensions ['colcon_meta']
[0.780s] Level 1:colcon.colcon_core.package_identification:_identify(src/vision_interfaces) by extension 'colcon_meta'
[0.780s] Level 1:colcon.colcon_core.package_identification:_identify(src/vision_interfaces) by extensions ['ros']
[0.780s] Level 1:colcon.colcon_core.package_identification:_identify(src/vision_interfaces) by extension 'ros'
[0.781s] DEBUG:colcon.colcon_core.package_identification:Package 'src/vision_interfaces' with type 'ros.ament_cmake' and name 'vision_interfaces'
[0.781s] Level 1:colcon.colcon_core.package_discovery:discover_packages(recursive) using defaults
[0.781s] Level 1:colcon.colcon_core.package_discovery:discover_packages(ignore) discover
[0.781s] Level 1:colcon.colcon_core.package_discovery:discover_packages(ignore) using defaults
[0.781s] Level 1:colcon.colcon_core.package_discovery:discover_packages(path) discover
[0.781s] Level 1:colcon.colcon_core.package_discovery:discover_packages(path) using defaults
[0.824s] Level 1:colcon.colcon_core.package_discovery:discover_packages(prefix_path) check parameters
[0.824s] Level 1:colcon.colcon_core.package_discovery:discover_packages(prefix_path) discover
[0.829s] DEBUG:colcon.colcon_installed_package_information.package_discovery:Found 5 installed packages in /home/qiqi/Desktop/boom_ws/install
[0.831s] DEBUG:colcon.colcon_installed_package_information.package_discovery:Found 276 installed packages in /opt/ros/humble
[0.848s] Level 1:colcon.colcon_core.package_discovery:discover_packages(prefix_path) using defaults
[0.921s] Level 5:colcon.colcon_core.verb:set package 'display' build argument 'cmake_args' from command line to 'None'
[0.921s] Level 5:colcon.colcon_core.verb:set package 'display' build argument 'cmake_target' from command line to 'None'
[0.921s] Level 5:colcon.colcon_core.verb:set package 'display' build argument 'cmake_target_skip_unavailable' from command line to 'False'
[0.921s] Level 5:colcon.colcon_core.verb:set package 'display' build argument 'cmake_clean_cache' from command line to 'False'
[0.921s] Level 5:colcon.colcon_core.verb:set package 'display' build argument 'cmake_clean_first' from command line to 'False'
[0.921s] Level 5:colcon.colcon_core.verb:set package 'display' build argument 'cmake_force_configure' from command line to 'False'
[0.921s] Level 5:colcon.colcon_core.verb:set package 'display' build argument 'ament_cmake_args' from command line to 'None'
[0.921s] Level 5:colcon.colcon_core.verb:set package 'display' build argument 'catkin_cmake_args' from command line to 'None'
[0.921s] Level 5:colcon.colcon_core.verb:set package 'display' build argument 'catkin_skip_building_tests' from command line to 'False'
[0.921s] DEBUG:colcon.colcon_core.verb:Building package 'display' with the following arguments: {'ament_cmake_args': None, 'build_base': '/home/qiqi/Desktop/boom_ws/build/display', 'catkin_cmake_args': None, 'catkin_skip_building_tests': False, 'cmake_args': None, 'cmake_clean_cache': False, 'cmake_clean_first': False, 'cmake_force_configure': False, 'cmake_target': None, 'cmake_target_skip_unavailable': False, 'install_base': '/home/qiqi/Desktop/boom_ws/install/display', 'merge_install': False, 'path': '/home/qiqi/Desktop/boom_ws/src/display', 'symlink_install': False, 'test_result_base': None}
[0.922s] Level 5:colcon.colcon_core.verb:set package 'hik_camera_ros2_driver' build argument 'cmake_args' from command line to 'None'
[0.922s] Level 5:colcon.colcon_core.verb:set package 'hik_camera_ros2_driver' build argument 'cmake_target' from command line to 'None'
[0.922s] Level 5:colcon.colcon_core.verb:set package 'hik_camera_ros2_driver' build argument 'cmake_target_skip_unavailable' from command line to 'False'
[0.922s] Level 5:colcon.colcon_core.verb:set package 'hik_camera_ros2_driver' build argument 'cmake_clean_cache' from command line to 'False'
[0.922s] Level 5:colcon.colcon_core.verb:set package 'hik_camera_ros2_driver' build argument 'cmake_clean_first' from command line to 'False'
[0.922s] Level 5:colcon.colcon_core.verb:set package 'hik_camera_ros2_driver' build argument 'cmake_force_configure' from command line to 'False'
[0.922s] Level 5:colcon.colcon_core.verb:set package 'hik_camera_ros2_driver' build argument 'ament_cmake_args' from command line to 'None'
[0.922s] Level 5:colcon.colcon_core.verb:set package 'hik_camera_ros2_driver' build argument 'catkin_cmake_args' from command line to 'None'
[0.922s] Level 5:colcon.colcon_core.verb:set package 'hik_camera_ros2_driver' build argument 'catkin_skip_building_tests' from command line to 'False'
[0.922s] DEBUG:colcon.colcon_core.verb:Building package 'hik_camera_ros2_driver' with the following arguments: {'ament_cmake_args': None, 'build_base': '/home/qiqi/Desktop/boom_ws/build/hik_camera_ros2_driver', 'catkin_cmake_args': None, 'catkin_skip_building_tests': False, 'cmake_args': None, 'cmake_clean_cache': False, 'cmake_clean_first': False, 'cmake_force_configure': False, 'cmake_target': None, 'cmake_target_skip_unavailable': False, 'install_base': '/home/qiqi/Desktop/boom_ws/install/hik_camera_ros2_driver', 'merge_install': False, 'path': '/home/qiqi/Desktop/boom_ws/src/hik_camera_ros2_driver', 'symlink_install': False, 'test_result_base': None}
[0.923s] Level 5:colcon.colcon_core.verb:set package 'vision_interfaces' build argument 'cmake_args' from command line to 'None'
[0.923s] Level 5:colcon.colcon_core.verb:set package 'vision_interfaces' build argument 'cmake_target' from command line to 'None'
[0.923s] Level 5:colcon.colcon_core.verb:set package 'vision_interfaces' build argument 'cmake_target_skip_unavailable' from command line to 'False'
[0.923s] Level 5:colcon.colcon_core.verb:set package 'vision_interfaces' build argument 'cmake_clean_cache' from command line to 'False'
[0.923s] Level 5:colcon.colcon_core.verb:set package 'vision_interfaces' build argument 'cmake_clean_first' from command line to 'False'
[0.923s] Level 5:colcon.colcon_core.verb:set package 'vision_interfaces' build argument 'cmake_force_configure' from command line to 'False'
[0.923s] Level 5:colcon.colcon_core.verb:set package 'vision_interfaces' build argument 'ament_cmake_args' from command line to 'None'
[0.923s] Level 5:colcon.colcon_core.verb:set package 'vision_interfaces' build argument 'catkin_cmake_args' from command line to 'None'
[0.923s] Level 5:colcon.colcon_core.verb:set package 'vision_interfaces' build argument 'catkin_skip_building_tests' from command line to 'False'
[0.923s] DEBUG:colcon.colcon_core.verb:Building package 'vision_interfaces' with the following arguments: {'ament_cmake_args': None, 'build_base': '/home/qiqi/Desktop/boom_ws/build/vision_interfaces', 'catkin_cmake_args': None, 'catkin_skip_building_tests': False, 'cmake_args': None, 'cmake_clean_cache': False, 'cmake_clean_first': False, 'cmake_force_configure': False, 'cmake_target': None, 'cmake_target_skip_unavailable': False, 'install_base': '/home/qiqi/Desktop/boom_ws/install/vision_interfaces', 'merge_install': False, 'path': '/home/qiqi/Desktop/boom_ws/src/vision_interfaces', 'symlink_install': False, 'test_result_base': None}
[0.924s] Level 5:colcon.colcon_core.verb:set package 'resolve' build argument 'cmake_args' from command line to 'None'
[0.924s] Level 5:colcon.colcon_core.verb:set package 'resolve' build argument 'cmake_target' from command line to 'None'
[0.924s] Level 5:colcon.colcon_core.verb:set package 'resolve' build argument 'cmake_target_skip_unavailable' from command line to 'False'
[0.924s] Level 5:colcon.colcon_core.verb:set package 'resolve' build argument 'cmake_clean_cache' from command line to 'False'
[0.924s] Level 5:colcon.colcon_core.verb:set package 'resolve' build argument 'cmake_clean_first' from command line to 'False'
[0.924s] Level 5:colcon.colcon_core.verb:set package 'resolve' build argument 'cmake_force_configure' from command line to 'False'
[0.924s] Level 5:colcon.colcon_core.verb:set package 'resolve' build argument 'ament_cmake_args' from command line to 'None'
[0.924s] Level 5:colcon.colcon_core.verb:set package 'resolve' build argument 'catkin_cmake_args' from command line to 'None'
[0.925s] Level 5:colcon.colcon_core.verb:set package 'resolve' build argument 'catkin_skip_building_tests' from command line to 'False'
[0.925s] DEBUG:colcon.colcon_core.verb:Building package 'resolve' with the following arguments: {'ament_cmake_args': None, 'build_base': '/home/qiqi/Desktop/boom_ws/build/resolve', 'catkin_cmake_args': None, 'catkin_skip_building_tests': False, 'cmake_args': None, 'cmake_clean_cache': False, 'cmake_clean_first': False, 'cmake_force_configure': False, 'cmake_target': None, 'cmake_target_skip_unavailable': False, 'install_base': '/home/qiqi/Desktop/boom_ws/install/resolve', 'merge_install': False, 'path': '/home/qiqi/Desktop/boom_ws/src/resolving', 'symlink_install': False, 'test_result_base': None}
[0.925s] Level 5:colcon.colcon_core.verb:set package 'serial' build argument 'cmake_args' from command line to 'None'
[0.926s] Level 5:colcon.colcon_core.verb:set package 'serial' build argument 'cmake_target' from command line to 'None'
[0.926s] Level 5:colcon.colcon_core.verb:set package 'serial' build argument 'cmake_target_skip_unavailable' from command line to 'False'
[0.926s] Level 5:colcon.colcon_core.verb:set package 'serial' build argument 'cmake_clean_cache' from command line to 'False'
[0.926s] Level 5:colcon.colcon_core.verb:set package 'serial' build argument 'cmake_clean_first' from command line to 'False'
[0.926s] Level 5:colcon.colcon_core.verb:set package 'serial' build argument 'cmake_force_configure' from command line to 'False'
[0.926s] Level 5:colcon.colcon_core.verb:set package 'serial' build argument 'ament_cmake_args' from command line to 'None'
[0.926s] Level 5:colcon.colcon_core.verb:set package 'serial' build argument 'catkin_cmake_args' from command line to 'None'
[0.926s] Level 5:colcon.colcon_core.verb:set package 'serial' build argument 'catkin_skip_building_tests' from command line to 'False'
[0.926s] DEBUG:colcon.colcon_core.verb:Building package 'serial' with the following arguments: {'ament_cmake_args': None, 'build_base': '/home/qiqi/Desktop/boom_ws/build/serial', 'catkin_cmake_args': None, 'catkin_skip_building_tests': False, 'cmake_args': None, 'cmake_clean_cache': False, 'cmake_clean_first': False, 'cmake_force_configure': False, 'cmake_target': None, 'cmake_target_skip_unavailable': False, 'install_base': '/home/qiqi/Desktop/boom_ws/install/serial', 'merge_install': False, 'path': '/home/qiqi/Desktop/boom_ws/src/serial', 'symlink_install': False, 'test_result_base': None}
[0.926s] INFO:colcon.colcon_core.executor:Executing jobs using 'parallel' executor
[0.928s] DEBUG:colcon.colcon_parallel_executor.executor.parallel:run_until_complete
[0.929s] INFO:colcon.colcon_ros.task.ament_cmake.build:Building ROS package in '/home/qiqi/Desktop/boom_ws/src/vision_interfaces' with build type 'ament_cmake'
[0.930s] INFO:colcon.colcon_cmake.task.cmake.build:Building CMake package in '/home/qiqi/Desktop/boom_ws/src/vision_interfaces'
[0.938s] INFO:colcon.colcon_core.plugin_system:Skipping extension 'colcon_core.shell.bat': Not used on non-Windows systems
[0.939s] INFO:colcon.colcon_core.shell:Skip shell extension 'powershell' for command environment: Not usable outside of PowerShell
[0.939s] DEBUG:colcon.colcon_core.shell:Skip shell extension 'dsv' for command environment
[0.947s] INFO:colcon.colcon_ros.task.ament_cmake.build:Building ROS package in '/home/qiqi/Desktop/boom_ws/src/display' with build type 'ament_cmake'
[0.947s] INFO:colcon.colcon_cmake.task.cmake.build:Building CMake package in '/home/qiqi/Desktop/boom_ws/src/display'
[0.948s] INFO:colcon.colcon_core.shell:Skip shell extension 'powershell' for command environment: Not usable outside of PowerShell
[0.948s] DEBUG:colcon.colcon_core.shell:Skip shell extension 'dsv' for command environment
[0.955s] INFO:colcon.colcon_ros.task.ament_cmake.build:Building ROS package in '/home/qiqi/Desktop/boom_ws/src/hik_camera_ros2_driver' with build type 'ament_cmake'
[0.956s] INFO:colcon.colcon_cmake.task.cmake.build:Building CMake package in '/home/qiqi/Desktop/boom_ws/src/hik_camera_ros2_driver'
[0.956s] INFO:colcon.colcon_core.shell:Skip shell extension 'powershell' for command environment: Not usable outside of PowerShell
[0.956s] DEBUG:colcon.colcon_core.shell:Skip shell extension 'dsv' for command environment
[0.972s] DEBUG:colcon.colcon_core.event_handler.log_command:Invoking command in '/home/qiqi/Desktop/boom_ws/build/vision_interfaces': CMAKE_PREFIX_PATH=${CMAKE_PREFIX_PATH}:/opt/ros/humble /usr/bin/cmake --build /home/qiqi/Desktop/boom_ws/build/vision_interfaces -- -j8 -l8
[0.981s] DEBUG:colcon.colcon_core.event_handler.log_command:Invoking command in '/home/qiqi/Desktop/boom_ws/build/display': CMAKE_PREFIX_PATH=${CMAKE_PREFIX_PATH}:/opt/ros/humble /usr/bin/cmake --build /home/qiqi/Desktop/boom_ws/build/display -- -j8 -l8
[0.990s] DEBUG:colcon.colcon_core.event_handler.log_command:Invoking command in '/home/qiqi/Desktop/boom_ws/build/hik_camera_ros2_driver': CMAKE_PREFIX_PATH=${CMAKE_PREFIX_PATH}:/opt/ros/humble /usr/bin/cmake --build /home/qiqi/Desktop/boom_ws/build/hik_camera_ros2_driver -- -j8 -l8
[1.278s] DEBUG:colcon.colcon_core.event_handler.log_command:Invoked command in '/home/qiqi/Desktop/boom_ws/build/hik_camera_ros2_driver' returned '0': CMAKE_PREFIX_PATH=${CMAKE_PREFIX_PATH}:/opt/ros/humble /usr/bin/cmake --build /home/qiqi/Desktop/boom_ws/build/hik_camera_ros2_driver -- -j8 -l8
[1.311s] DEBUG:colcon.colcon_core.event_handler.log_command:Invoking command in '/home/qiqi/Desktop/boom_ws/build/hik_camera_ros2_driver': CMAKE_PREFIX_PATH=${CMAKE_PREFIX_PATH}:/opt/ros/humble /usr/bin/cmake --install /home/qiqi/Desktop/boom_ws/build/hik_camera_ros2_driver
[1.315s] DEBUG:colcon.colcon_core.event_handler.log_command:Invoked command in '/home/qiqi/Desktop/boom_ws/build/display' returned '0': CMAKE_PREFIX_PATH=${CMAKE_PREFIX_PATH}:/opt/ros/humble /usr/bin/cmake --build /home/qiqi/Desktop/boom_ws/build/display -- -j8 -l8
[1.329s] DEBUG:colcon.colcon_core.event_handler.log_command:Invoking command in '/home/qiqi/Desktop/boom_ws/build/display': CMAKE_PREFIX_PATH=${CMAKE_PREFIX_PATH}:/opt/ros/humble /usr/bin/cmake --install /home/qiqi/Desktop/boom_ws/build/display
[1.360s] Level 1:colcon.colcon_core.environment:create_environment_scripts_only(hik_camera_ros2_driver)
[1.364s] DEBUG:colcon.colcon_core.event_handler.log_command:Invoked command in '/home/qiqi/Desktop/boom_ws/build/hik_camera_ros2_driver' returned '0': CMAKE_PREFIX_PATH=${CMAKE_PREFIX_PATH}:/opt/ros/humble /usr/bin/cmake --install /home/qiqi/Desktop/boom_ws/build/hik_camera_ros2_driver
[1.380s] Level 1:colcon.colcon_core.environment:checking '/home/qiqi/Desktop/boom_ws/install/hik_camera_ros2_driver' for CMake module files
[1.382s] Level 1:colcon.colcon_core.environment:checking '/home/qiqi/Desktop/boom_ws/install/hik_camera_ros2_driver' for CMake config files
[1.383s] Level 1:colcon.colcon_core.shell:create_environment_hook('hik_camera_ros2_driver', 'cmake_prefix_path')
[1.383s] INFO:colcon.colcon_core.shell:Creating environment hook '/home/qiqi/Desktop/boom_ws/install/hik_camera_ros2_driver/share/hik_camera_ros2_driver/hook/cmake_prefix_path.ps1'
[1.386s] INFO:colcon.colcon_core.shell:Creating environment descriptor '/home/qiqi/Desktop/boom_ws/install/hik_camera_ros2_driver/share/hik_camera_ros2_driver/hook/cmake_prefix_path.dsv'
[1.387s] INFO:colcon.colcon_core.shell:Creating environment hook '/home/qiqi/Desktop/boom_ws/install/hik_camera_ros2_driver/share/hik_camera_ros2_driver/hook/cmake_prefix_path.sh'
[1.390s] Level 1:colcon.colcon_core.environment:checking '/home/qiqi/Desktop/boom_ws/install/hik_camera_ros2_driver/lib'
[1.390s] Level 1:colcon.colcon_core.shell:create_environment_hook('hik_camera_ros2_driver', 'ld_library_path_lib')
[1.390s] INFO:colcon.colcon_core.shell:Creating environment hook '/home/qiqi/Desktop/boom_ws/install/hik_camera_ros2_driver/share/hik_camera_ros2_driver/hook/ld_library_path_lib.ps1'
[1.391s] INFO:colcon.colcon_core.shell:Creating environment descriptor '/home/qiqi/Desktop/boom_ws/install/hik_camera_ros2_driver/share/hik_camera_ros2_driver/hook/ld_library_path_lib.dsv'
[1.392s] INFO:colcon.colcon_core.shell:Creating environment hook '/home/qiqi/Desktop/boom_ws/install/hik_camera_ros2_driver/share/hik_camera_ros2_driver/hook/ld_library_path_lib.sh'
[1.394s] Level 1:colcon.colcon_core.environment:checking '/home/qiqi/Desktop/boom_ws/install/hik_camera_ros2_driver/bin'
[1.394s] Level 1:colcon.colcon_core.environment:checking '/home/qiqi/Desktop/boom_ws/install/hik_camera_ros2_driver/lib/pkgconfig/hik_camera_ros2_driver.pc'
[1.395s] Level 1:colcon.colcon_core.environment:checking '/home/qiqi/Desktop/boom_ws/install/hik_camera_ros2_driver/lib/python3.10/site-packages'
[1.395s] Level 1:colcon.colcon_core.environment:checking '/home/qiqi/Desktop/boom_ws/install/hik_camera_ros2_driver/bin'
[1.396s] INFO:colcon.colcon_core.shell:Creating package script '/home/qiqi/Desktop/boom_ws/install/hik_camera_ros2_driver/share/hik_camera_ros2_driver/package.ps1'
[1.399s] INFO:colcon.colcon_core.shell:Creating package descriptor '/home/qiqi/Desktop/boom_ws/install/hik_camera_ros2_driver/share/hik_camera_ros2_driver/package.dsv'
[1.401s] INFO:colcon.colcon_core.shell:Creating package script '/home/qiqi/Desktop/boom_ws/install/hik_camera_ros2_driver/share/hik_camera_ros2_driver/package.sh'
[1.403s] INFO:colcon.colcon_core.shell:Creating package script '/home/qiqi/Desktop/boom_ws/install/hik_camera_ros2_driver/share/hik_camera_ros2_driver/package.bash'
[1.407s] INFO:colcon.colcon_core.shell:Creating package script '/home/qiqi/Desktop/boom_ws/install/hik_camera_ros2_driver/share/hik_camera_ros2_driver/package.zsh'
[1.410s] Level 1:colcon.colcon_core.environment:create_file_with_runtime_dependencies(/home/qiqi/Desktop/boom_ws/install/hik_camera_ros2_driver/share/colcon-core/packages/hik_camera_ros2_driver)
[1.413s] Level 1:colcon.colcon_core.environment:create_environment_scripts_only(hik_camera_ros2_driver)
[1.414s] Level 1:colcon.colcon_core.environment:checking '/home/qiqi/Desktop/boom_ws/install/hik_camera_ros2_driver' for CMake module files
[1.416s] Level 1:colcon.colcon_core.environment:checking '/home/qiqi/Desktop/boom_ws/install/hik_camera_ros2_driver' for CMake config files
[1.417s] Level 1:colcon.colcon_core.shell:create_environment_hook('hik_camera_ros2_driver', 'cmake_prefix_path')
[1.417s] INFO:colcon.colcon_core.shell:Creating environment hook '/home/qiqi/Desktop/boom_ws/install/hik_camera_ros2_driver/share/hik_camera_ros2_driver/hook/cmake_prefix_path.ps1'
[1.419s] INFO:colcon.colcon_core.shell:Creating environment descriptor '/home/qiqi/Desktop/boom_ws/install/hik_camera_ros2_driver/share/hik_camera_ros2_driver/hook/cmake_prefix_path.dsv'
[1.420s] INFO:colcon.colcon_core.shell:Creating environment hook '/home/qiqi/Desktop/boom_ws/install/hik_camera_ros2_driver/share/hik_camera_ros2_driver/hook/cmake_prefix_path.sh'
[1.421s] Level 1:colcon.colcon_core.environment:checking '/home/qiqi/Desktop/boom_ws/install/hik_camera_ros2_driver/lib'
[1.422s] Level 1:colcon.colcon_core.shell:create_environment_hook('hik_camera_ros2_driver', 'ld_library_path_lib')
[1.422s] INFO:colcon.colcon_core.shell:Creating environment hook '/home/qiqi/Desktop/boom_ws/install/hik_camera_ros2_driver/share/hik_camera_ros2_driver/hook/ld_library_path_lib.ps1'
[1.423s] INFO:colcon.colcon_core.shell:Creating environment descriptor '/home/qiqi/Desktop/boom_ws/install/hik_camera_ros2_driver/share/hik_camera_ros2_driver/hook/ld_library_path_lib.dsv'
[1.424s] INFO:colcon.colcon_core.shell:Creating environment hook '/home/qiqi/Desktop/boom_ws/install/hik_camera_ros2_driver/share/hik_camera_ros2_driver/hook/ld_library_path_lib.sh'
[1.425s] Level 1:colcon.colcon_core.environment:checking '/home/qiqi/Desktop/boom_ws/install/hik_camera_ros2_driver/bin'
[1.425s] Level 1:colcon.colcon_core.environment:checking '/home/qiqi/Desktop/boom_ws/install/hik_camera_ros2_driver/lib/pkgconfig/hik_camera_ros2_driver.pc'
[1.426s] Level 1:colcon.colcon_core.environment:checking '/home/qiqi/Desktop/boom_ws/install/hik_camera_ros2_driver/lib/python3.10/site-packages'
[1.426s] Level 1:colcon.colcon_core.environment:checking '/home/qiqi/Desktop/boom_ws/install/hik_camera_ros2_driver/bin'
[1.427s] INFO:colcon.colcon_core.shell:Creating package script '/home/qiqi/Desktop/boom_ws/install/hik_camera_ros2_driver/share/hik_camera_ros2_driver/package.ps1'
[1.429s] INFO:colcon.colcon_core.shell:Creating package descriptor '/home/qiqi/Desktop/boom_ws/install/hik_camera_ros2_driver/share/hik_camera_ros2_driver/package.dsv'
[1.431s] INFO:colcon.colcon_core.shell:Creating package script '/home/qiqi/Desktop/boom_ws/install/hik_camera_ros2_driver/share/hik_camera_ros2_driver/package.sh'
[1.433s] INFO:colcon.colcon_core.shell:Creating package script '/home/qiqi/Desktop/boom_ws/install/hik_camera_ros2_driver/share/hik_camera_ros2_driver/package.bash'
[1.434s] INFO:colcon.colcon_core.shell:Creating package script '/home/qiqi/Desktop/boom_ws/install/hik_camera_ros2_driver/share/hik_camera_ros2_driver/package.zsh'
[1.436s] Level 1:colcon.colcon_core.environment:create_file_with_runtime_dependencies(/home/qiqi/Desktop/boom_ws/install/hik_camera_ros2_driver/share/colcon-core/packages/hik_camera_ros2_driver)
[1.438s] Level 1:colcon.colcon_core.environment:create_environment_scripts_only(display)
[1.439s] Level 1:colcon.colcon_core.environment:checking '/home/qiqi/Desktop/boom_ws/install/display' for CMake module files
[1.443s] DEBUG:colcon.colcon_core.event_handler.log_command:Invoked command in '/home/qiqi/Desktop/boom_ws/build/display' returned '0': CMAKE_PREFIX_PATH=${CMAKE_PREFIX_PATH}:/opt/ros/humble /usr/bin/cmake --install /home/qiqi/Desktop/boom_ws/build/display
[1.444s] Level 1:colcon.colcon_core.environment:checking '/home/qiqi/Desktop/boom_ws/install/display' for CMake config files
[1.445s] Level 1:colcon.colcon_core.shell:create_environment_hook('display', 'cmake_prefix_path')
[1.446s] INFO:colcon.colcon_core.shell:Creating environment hook '/home/qiqi/Desktop/boom_ws/install/display/share/display/hook/cmake_prefix_path.ps1'
[1.448s] INFO:colcon.colcon_core.shell:Creating environment descriptor '/home/qiqi/Desktop/boom_ws/install/display/share/display/hook/cmake_prefix_path.dsv'
[1.449s] INFO:colcon.colcon_core.shell:Creating environment hook '/home/qiqi/Desktop/boom_ws/install/display/share/display/hook/cmake_prefix_path.sh'
[1.451s] Level 1:colcon.colcon_core.environment:checking '/home/qiqi/Desktop/boom_ws/install/display/lib'
[1.451s] Level 1:colcon.colcon_core.environment:checking '/home/qiqi/Desktop/boom_ws/install/display/bin'
[1.451s] Level 1:colcon.colcon_core.environment:checking '/home/qiqi/Desktop/boom_ws/install/display/lib/pkgconfig/display.pc'
[1.452s] Level 1:colcon.colcon_core.environment:checking '/home/qiqi/Desktop/boom_ws/install/display/lib/python3.10/site-packages'
[1.453s] Level 1:colcon.colcon_core.environment:checking '/home/qiqi/Desktop/boom_ws/install/display/bin'
[1.453s] INFO:colcon.colcon_core.shell:Creating package script '/home/qiqi/Desktop/boom_ws/install/display/share/display/package.ps1'
[1.455s] INFO:colcon.colcon_core.shell:Creating package descriptor '/home/qiqi/Desktop/boom_ws/install/display/share/display/package.dsv'
[1.456s] INFO:colcon.colcon_core.shell:Creating package script '/home/qiqi/Desktop/boom_ws/install/display/share/display/package.sh'
[1.458s] INFO:colcon.colcon_core.shell:Creating package script '/home/qiqi/Desktop/boom_ws/install/display/share/display/package.bash'
[1.459s] INFO:colcon.colcon_core.shell:Creating package script '/home/qiqi/Desktop/boom_ws/install/display/share/display/package.zsh'
[1.460s] Level 1:colcon.colcon_core.environment:create_file_with_runtime_dependencies(/home/qiqi/Desktop/boom_ws/install/display/share/colcon-core/packages/display)
[1.462s] Level 1:colcon.colcon_core.environment:create_environment_scripts_only(display)
[1.462s] Level 1:colcon.colcon_core.environment:checking '/home/qiqi/Desktop/boom_ws/install/display' for CMake module files
[1.464s] Level 1:colcon.colcon_core.environment:checking '/home/qiqi/Desktop/boom_ws/install/display' for CMake config files
[1.465s] Level 1:colcon.colcon_core.shell:create_environment_hook('display', 'cmake_prefix_path')
[1.466s] INFO:colcon.colcon_core.shell:Creating environment hook '/home/qiqi/Desktop/boom_ws/install/display/share/display/hook/cmake_prefix_path.ps1'
[1.467s] INFO:colcon.colcon_core.shell:Creating environment descriptor '/home/qiqi/Desktop/boom_ws/install/display/share/display/hook/cmake_prefix_path.dsv'
[1.469s] INFO:colcon.colcon_core.shell:Creating environment hook '/home/qiqi/Desktop/boom_ws/install/display/share/display/hook/cmake_prefix_path.sh'
[1.470s] Level 1:colcon.colcon_core.environment:checking '/home/qiqi/Desktop/boom_ws/install/display/lib'
[1.471s] Level 1:colcon.colcon_core.environment:checking '/home/qiqi/Desktop/boom_ws/install/display/bin'
[1.471s] Level 1:colcon.colcon_core.environment:checking '/home/qiqi/Desktop/boom_ws/install/display/lib/pkgconfig/display.pc'
[1.472s] Level 1:colcon.colcon_core.environment:checking '/home/qiqi/Desktop/boom_ws/install/display/lib/python3.10/site-packages'
[1.472s] Level 1:colcon.colcon_core.environment:checking '/home/qiqi/Desktop/boom_ws/install/display/bin'
[1.473s] INFO:colcon.colcon_core.shell:Creating package script '/home/qiqi/Desktop/boom_ws/install/display/share/display/package.ps1'
[1.475s] INFO:colcon.colcon_core.shell:Creating package descriptor '/home/qiqi/Desktop/boom_ws/install/display/share/display/package.dsv'
[1.476s] INFO:colcon.colcon_core.shell:Creating package script '/home/qiqi/Desktop/boom_ws/install/display/share/display/package.sh'
[1.478s] INFO:colcon.colcon_core.shell:Creating package script '/home/qiqi/Desktop/boom_ws/install/display/share/display/package.bash'
[1.479s] INFO:colcon.colcon_core.shell:Creating package script '/home/qiqi/Desktop/boom_ws/install/display/share/display/package.zsh'
[1.481s] Level 1:colcon.colcon_core.environment:create_file_with_runtime_dependencies(/home/qiqi/Desktop/boom_ws/install/display/share/colcon-core/packages/display)
[1.964s] DEBUG:colcon.colcon_core.event_handler.log_command:Invoked command in '/home/qiqi/Desktop/boom_ws/build/vision_interfaces' returned '0': CMAKE_PREFIX_PATH=${CMAKE_PREFIX_PATH}:/opt/ros/humble /usr/bin/cmake --build /home/qiqi/Desktop/boom_ws/build/vision_interfaces -- -j8 -l8
[1.968s] DEBUG:colcon.colcon_core.event_handler.log_command:Invoking command in '/home/qiqi/Desktop/boom_ws/build/vision_interfaces': CMAKE_PREFIX_PATH=${CMAKE_PREFIX_PATH}:/opt/ros/humble /usr/bin/cmake --install /home/qiqi/Desktop/boom_ws/build/vision_interfaces
[2.088s] Level 1:colcon.colcon_core.environment:create_environment_scripts_only(vision_interfaces)
[2.089s] Level 1:colcon.colcon_core.environment:checking '/home/qiqi/Desktop/boom_ws/install/vision_interfaces' for CMake module files
[2.090s] DEBUG:colcon.colcon_core.event_handler.log_command:Invoked command in '/home/qiqi/Desktop/boom_ws/build/vision_interfaces' returned '0': CMAKE_PREFIX_PATH=${CMAKE_PREFIX_PATH}:/opt/ros/humble /usr/bin/cmake --install /home/qiqi/Desktop/boom_ws/build/vision_interfaces
[2.092s] Level 1:colcon.colcon_core.environment:checking '/home/qiqi/Desktop/boom_ws/install/vision_interfaces' for CMake config files
[2.093s] Level 1:colcon.colcon_core.shell:create_environment_hook('vision_interfaces', 'cmake_prefix_path')
[2.093s] INFO:colcon.colcon_core.shell:Creating environment hook '/home/qiqi/Desktop/boom_ws/install/vision_interfaces/share/vision_interfaces/hook/cmake_prefix_path.ps1'
[2.094s] INFO:colcon.colcon_core.shell:Creating environment descriptor '/home/qiqi/Desktop/boom_ws/install/vision_interfaces/share/vision_interfaces/hook/cmake_prefix_path.dsv'
[2.095s] INFO:colcon.colcon_core.shell:Creating environment hook '/home/qiqi/Desktop/boom_ws/install/vision_interfaces/share/vision_interfaces/hook/cmake_prefix_path.sh'
[2.097s] Level 1:colcon.colcon_core.environment:checking '/home/qiqi/Desktop/boom_ws/install/vision_interfaces/lib'
[2.097s] Level 1:colcon.colcon_core.shell:create_environment_hook('vision_interfaces', 'ld_library_path_lib')
[2.098s] INFO:colcon.colcon_core.shell:Creating environment hook '/home/qiqi/Desktop/boom_ws/install/vision_interfaces/share/vision_interfaces/hook/ld_library_path_lib.ps1'
[2.099s] INFO:colcon.colcon_core.shell:Creating environment descriptor '/home/qiqi/Desktop/boom_ws/install/vision_interfaces/share/vision_interfaces/hook/ld_library_path_lib.dsv'
[2.100s] INFO:colcon.colcon_core.shell:Creating environment hook '/home/qiqi/Desktop/boom_ws/install/vision_interfaces/share/vision_interfaces/hook/ld_library_path_lib.sh'
[2.101s] Level 1:colcon.colcon_core.environment:checking '/home/qiqi/Desktop/boom_ws/install/vision_interfaces/bin'
[2.101s] Level 1:colcon.colcon_core.environment:checking '/home/qiqi/Desktop/boom_ws/install/vision_interfaces/lib/pkgconfig/vision_interfaces.pc'
[2.102s] Level 1:colcon.colcon_core.environment:checking '/home/qiqi/Desktop/boom_ws/install/vision_interfaces/lib/python3.10/site-packages'
[2.103s] Level 1:colcon.colcon_core.environment:checking '/home/qiqi/Desktop/boom_ws/install/vision_interfaces/bin'
[2.104s] INFO:colcon.colcon_core.shell:Creating package script '/home/qiqi/Desktop/boom_ws/install/vision_interfaces/share/vision_interfaces/package.ps1'
[2.105s] INFO:colcon.colcon_core.shell:Creating package descriptor '/home/qiqi/Desktop/boom_ws/install/vision_interfaces/share/vision_interfaces/package.dsv'
[2.106s] INFO:colcon.colcon_core.shell:Creating package script '/home/qiqi/Desktop/boom_ws/install/vision_interfaces/share/vision_interfaces/package.sh'
[2.107s] INFO:colcon.colcon_core.shell:Creating package script '/home/qiqi/Desktop/boom_ws/install/vision_interfaces/share/vision_interfaces/package.bash'
[2.108s] INFO:colcon.colcon_core.shell:Creating package script '/home/qiqi/Desktop/boom_ws/install/vision_interfaces/share/vision_interfaces/package.zsh'
[2.109s] Level 1:colcon.colcon_core.environment:create_file_with_runtime_dependencies(/home/qiqi/Desktop/boom_ws/install/vision_interfaces/share/colcon-core/packages/vision_interfaces)
[2.110s] Level 1:colcon.colcon_core.environment:create_environment_scripts_only(vision_interfaces)
[2.111s] Level 1:colcon.colcon_core.environment:checking '/home/qiqi/Desktop/boom_ws/install/vision_interfaces' for CMake module files
[2.112s] Level 1:colcon.colcon_core.environment:checking '/home/qiqi/Desktop/boom_ws/install/vision_interfaces' for CMake config files
[2.113s] Level 1:colcon.colcon_core.shell:create_environment_hook('vision_interfaces', 'cmake_prefix_path')
[2.114s] INFO:colcon.colcon_core.shell:Creating environment hook '/home/qiqi/Desktop/boom_ws/install/vision_interfaces/share/vision_interfaces/hook/cmake_prefix_path.ps1'
[2.115s] INFO:colcon.colcon_core.shell:Creating environment descriptor '/home/qiqi/Desktop/boom_ws/install/vision_interfaces/share/vision_interfaces/hook/cmake_prefix_path.dsv'
[2.116s] INFO:colcon.colcon_core.shell:Creating environment hook '/home/qiqi/Desktop/boom_ws/install/vision_interfaces/share/vision_interfaces/hook/cmake_prefix_path.sh'
[2.117s] Level 1:colcon.colcon_core.environment:checking '/home/qiqi/Desktop/boom_ws/install/vision_interfaces/lib'
[2.117s] Level 1:colcon.colcon_core.shell:create_environment_hook('vision_interfaces', 'ld_library_path_lib')
[2.118s] INFO:colcon.colcon_core.shell:Creating environment hook '/home/qiqi/Desktop/boom_ws/install/vision_interfaces/share/vision_interfaces/hook/ld_library_path_lib.ps1'
[2.119s] INFO:colcon.colcon_core.shell:Creating environment descriptor '/home/qiqi/Desktop/boom_ws/install/vision_interfaces/share/vision_interfaces/hook/ld_library_path_lib.dsv'
[2.120s] INFO:colcon.colcon_core.shell:Creating environment hook '/home/qiqi/Desktop/boom_ws/install/vision_interfaces/share/vision_interfaces/hook/ld_library_path_lib.sh'
[2.121s] Level 1:colcon.colcon_core.environment:checking '/home/qiqi/Desktop/boom_ws/install/vision_interfaces/bin'
[2.121s] Level 1:colcon.colcon_core.environment:checking '/home/qiqi/Desktop/boom_ws/install/vision_interfaces/lib/pkgconfig/vision_interfaces.pc'
[2.122s] Level 1:colcon.colcon_core.environment:checking '/home/qiqi/Desktop/boom_ws/install/vision_interfaces/lib/python3.10/site-packages'
[2.123s] Level 1:colcon.colcon_core.environment:checking '/home/qiqi/Desktop/boom_ws/install/vision_interfaces/bin'
[2.124s] INFO:colcon.colcon_core.shell:Creating package script '/home/qiqi/Desktop/boom_ws/install/vision_interfaces/share/vision_interfaces/package.ps1'
[2.125s] INFO:colcon.colcon_core.shell:Creating package descriptor '/home/qiqi/Desktop/boom_ws/install/vision_interfaces/share/vision_interfaces/package.dsv'
[2.126s] INFO:colcon.colcon_core.shell:Creating package script '/home/qiqi/Desktop/boom_ws/install/vision_interfaces/share/vision_interfaces/package.sh'
[2.127s] INFO:colcon.colcon_core.shell:Creating package script '/home/qiqi/Desktop/boom_ws/install/vision_interfaces/share/vision_interfaces/package.bash'
[2.128s] INFO:colcon.colcon_core.shell:Creating package script '/home/qiqi/Desktop/boom_ws/install/vision_interfaces/share/vision_interfaces/package.zsh'
[2.129s] Level 1:colcon.colcon_core.environment:create_file_with_runtime_dependencies(/home/qiqi/Desktop/boom_ws/install/vision_interfaces/share/colcon-core/packages/vision_interfaces)
[2.129s] INFO:colcon.colcon_ros.task.ament_cmake.build:Building ROS package in '/home/qiqi/Desktop/boom_ws/src/resolving' with build type 'ament_cmake'
[2.130s] INFO:colcon.colcon_cmake.task.cmake.build:Building CMake package in '/home/qiqi/Desktop/boom_ws/src/resolving'
[2.130s] INFO:colcon.colcon_core.shell:Skip shell extension 'powershell' for command environment: Not usable outside of PowerShell
[2.130s] DEBUG:colcon.colcon_core.shell:Skip shell extension 'dsv' for command environment
[2.136s] INFO:colcon.colcon_ros.task.ament_cmake.build:Building ROS package in '/home/qiqi/Desktop/boom_ws/src/serial' with build type 'ament_cmake'
[2.137s] INFO:colcon.colcon_cmake.task.cmake.build:Building CMake package in '/home/qiqi/Desktop/boom_ws/src/serial'
[2.137s] INFO:colcon.colcon_core.shell:Skip shell extension 'powershell' for command environment: Not usable outside of PowerShell
[2.137s] DEBUG:colcon.colcon_core.shell:Skip shell extension 'dsv' for command environment
[2.154s] DEBUG:colcon.colcon_core.event_handler.log_command:Invoking command in '/home/qiqi/Desktop/boom_ws/build/resolve': CMAKE_PREFIX_PATH=/home/qiqi/Desktop/boom_ws/install/vision_interfaces:/home/qiqi/Desktop/boom_ws/install/serial:/home/qiqi/Desktop/boom_ws/install/resolve:/home/qiqi/Desktop/boom_ws/install/hik_camera_ros2_driver:/home/qiqi/Desktop/boom_ws/install/display:/opt/ros/humble LD_LIBRARY_PATH=/home/qiqi/Desktop/boom_ws/install/vision_interfaces/lib:/usr/local/lib:/home/qiqi/Desktop/boom_ws/install/hik_camera_ros2_driver/lib:/opt/MVS/lib/64:/opt/MVS/lib/32:/opt/ros/humble/opt/rviz_ogre_vendor/lib:/opt/ros/humble/lib/x86_64-linux-gnu:/opt/ros/humble/lib:/opt/MVS/lib/64:/opt/MVS/lib/32:/opt/MVS/lib/64:/opt/MVS/lib/32 /usr/bin/cmake --build /home/qiqi/Desktop/boom_ws/build/resolve -- -j8 -l8
[2.162s] DEBUG:colcon.colcon_core.event_handler.log_command:Invoking command in '/home/qiqi/Desktop/boom_ws/build/serial': CMAKE_PREFIX_PATH=/home/qiqi/Desktop/boom_ws/install/vision_interfaces:/home/qiqi/Desktop/boom_ws/install/serial:/home/qiqi/Desktop/boom_ws/install/resolve:/home/qiqi/Desktop/boom_ws/install/hik_camera_ros2_driver:/home/qiqi/Desktop/boom_ws/install/display:/opt/ros/humble LD_LIBRARY_PATH=/home/qiqi/Desktop/boom_ws/install/vision_interfaces/lib:/usr/local/lib:/home/qiqi/Desktop/boom_ws/install/hik_camera_ros2_driver/lib:/opt/MVS/lib/64:/opt/MVS/lib/32:/opt/ros/humble/opt/rviz_ogre_vendor/lib:/opt/ros/humble/lib/x86_64-linux-gnu:/opt/ros/humble/lib:/opt/MVS/lib/64:/opt/MVS/lib/32:/opt/MVS/lib/64:/opt/MVS/lib/32 /usr/bin/cmake --build /home/qiqi/Desktop/boom_ws/build/serial -- -j8 -l8
[2.338s] DEBUG:colcon.colcon_core.event_handler.log_command:Invoked command in '/home/qiqi/Desktop/boom_ws/build/serial' returned '0': CMAKE_PREFIX_PATH=/home/qiqi/Desktop/boom_ws/install/vision_interfaces:/home/qiqi/Desktop/boom_ws/install/serial:/home/qiqi/Desktop/boom_ws/install/resolve:/home/qiqi/Desktop/boom_ws/install/hik_camera_ros2_driver:/home/qiqi/Desktop/boom_ws/install/display:/opt/ros/humble LD_LIBRARY_PATH=/home/qiqi/Desktop/boom_ws/install/vision_interfaces/lib:/usr/local/lib:/home/qiqi/Desktop/boom_ws/install/hik_camera_ros2_driver/lib:/opt/MVS/lib/64:/opt/MVS/lib/32:/opt/ros/humble/opt/rviz_ogre_vendor/lib:/opt/ros/humble/lib/x86_64-linux-gnu:/opt/ros/humble/lib:/opt/MVS/lib/64:/opt/MVS/lib/32:/opt/MVS/lib/64:/opt/MVS/lib/32 /usr/bin/cmake --build /home/qiqi/Desktop/boom_ws/build/serial -- -j8 -l8
[2.344s] DEBUG:colcon.colcon_core.event_handler.log_command:Invoking command in '/home/qiqi/Desktop/boom_ws/build/serial': CMAKE_PREFIX_PATH=/home/qiqi/Desktop/boom_ws/install/vision_interfaces:/home/qiqi/Desktop/boom_ws/install/serial:/home/qiqi/Desktop/boom_ws/install/resolve:/home/qiqi/Desktop/boom_ws/install/hik_camera_ros2_driver:/home/qiqi/Desktop/boom_ws/install/display:/opt/ros/humble LD_LIBRARY_PATH=/home/qiqi/Desktop/boom_ws/install/vision_interfaces/lib:/usr/local/lib:/home/qiqi/Desktop/boom_ws/install/hik_camera_ros2_driver/lib:/opt/MVS/lib/64:/opt/MVS/lib/32:/opt/ros/humble/opt/rviz_ogre_vendor/lib:/opt/ros/humble/lib/x86_64-linux-gnu:/opt/ros/humble/lib:/opt/MVS/lib/64:/opt/MVS/lib/32:/opt/MVS/lib/64:/opt/MVS/lib/32 /usr/bin/cmake --install /home/qiqi/Desktop/boom_ws/build/serial
[2.364s] Level 1:colcon.colcon_core.environment:create_environment_scripts_only(serial)
[2.365s] Level 1:colcon.colcon_core.environment:checking '/home/qiqi/Desktop/boom_ws/install/serial' for CMake module files
[2.366s] DEBUG:colcon.colcon_core.event_handler.log_command:Invoked command in '/home/qiqi/Desktop/boom_ws/build/serial' returned '0': CMAKE_PREFIX_PATH=/home/qiqi/Desktop/boom_ws/install/vision_interfaces:/home/qiqi/Desktop/boom_ws/install/serial:/home/qiqi/Desktop/boom_ws/install/resolve:/home/qiqi/Desktop/boom_ws/install/hik_camera_ros2_driver:/home/qiqi/Desktop/boom_ws/install/display:/opt/ros/humble LD_LIBRARY_PATH=/home/qiqi/Desktop/boom_ws/install/vision_interfaces/lib:/usr/local/lib:/home/qiqi/Desktop/boom_ws/install/hik_camera_ros2_driver/lib:/opt/MVS/lib/64:/opt/MVS/lib/32:/opt/ros/humble/opt/rviz_ogre_vendor/lib:/opt/ros/humble/lib/x86_64-linux-gnu:/opt/ros/humble/lib:/opt/MVS/lib/64:/opt/MVS/lib/32:/opt/MVS/lib/64:/opt/MVS/lib/32 /usr/bin/cmake --install /home/qiqi/Desktop/boom_ws/build/serial
[2.367s] Level 1:colcon.colcon_core.environment:checking '/home/qiqi/Desktop/boom_ws/install/serial' for CMake config files
[2.368s] Level 1:colcon.colcon_core.shell:create_environment_hook('serial', 'cmake_prefix_path')
[2.369s] INFO:colcon.colcon_core.shell:Creating environment hook '/home/qiqi/Desktop/boom_ws/install/serial/share/serial/hook/cmake_prefix_path.ps1'
[2.370s] INFO:colcon.colcon_core.shell:Creating environment descriptor '/home/qiqi/Desktop/boom_ws/install/serial/share/serial/hook/cmake_prefix_path.dsv'
[2.371s] INFO:colcon.colcon_core.shell:Creating environment hook '/home/qiqi/Desktop/boom_ws/install/serial/share/serial/hook/cmake_prefix_path.sh'
[2.373s] Level 1:colcon.colcon_core.environment:checking '/home/qiqi/Desktop/boom_ws/install/serial/lib'
[2.373s] Level 1:colcon.colcon_core.environment:checking '/home/qiqi/Desktop/boom_ws/install/serial/bin'
[2.373s] Level 1:colcon.colcon_core.environment:checking '/home/qiqi/Desktop/boom_ws/install/serial/lib/pkgconfig/serial.pc'
[2.374s] Level 1:colcon.colcon_core.environment:checking '/home/qiqi/Desktop/boom_ws/install/serial/lib/python3.10/site-packages'
[2.374s] Level 1:colcon.colcon_core.environment:checking '/home/qiqi/Desktop/boom_ws/install/serial/bin'
[2.375s] INFO:colcon.colcon_core.shell:Creating package script '/home/qiqi/Desktop/boom_ws/install/serial/share/serial/package.ps1'
[2.376s] INFO:colcon.colcon_core.shell:Creating package descriptor '/home/qiqi/Desktop/boom_ws/install/serial/share/serial/package.dsv'
[2.377s] INFO:colcon.colcon_core.shell:Creating package script '/home/qiqi/Desktop/boom_ws/install/serial/share/serial/package.sh'
[2.378s] INFO:colcon.colcon_core.shell:Creating package script '/home/qiqi/Desktop/boom_ws/install/serial/share/serial/package.bash'
[2.379s] INFO:colcon.colcon_core.shell:Creating package script '/home/qiqi/Desktop/boom_ws/install/serial/share/serial/package.zsh'
[2.379s] Level 1:colcon.colcon_core.environment:create_file_with_runtime_dependencies(/home/qiqi/Desktop/boom_ws/install/serial/share/colcon-core/packages/serial)
[2.381s] Level 1:colcon.colcon_core.environment:create_environment_scripts_only(serial)
[2.381s] Level 1:colcon.colcon_core.environment:checking '/home/qiqi/Desktop/boom_ws/install/serial' for CMake module files
[2.382s] Level 1:colcon.colcon_core.environment:checking '/home/qiqi/Desktop/boom_ws/install/serial' for CMake config files
[2.382s] Level 1:colcon.colcon_core.shell:create_environment_hook('serial', 'cmake_prefix_path')
[2.383s] INFO:colcon.colcon_core.shell:Creating environment hook '/home/qiqi/Desktop/boom_ws/install/serial/share/serial/hook/cmake_prefix_path.ps1'
[2.384s] INFO:colcon.colcon_core.shell:Creating environment descriptor '/home/qiqi/Desktop/boom_ws/install/serial/share/serial/hook/cmake_prefix_path.dsv'
[2.384s] INFO:colcon.colcon_core.shell:Creating environment hook '/home/qiqi/Desktop/boom_ws/install/serial/share/serial/hook/cmake_prefix_path.sh'
[2.385s] Level 1:colcon.colcon_core.environment:checking '/home/qiqi/Desktop/boom_ws/install/serial/lib'
[2.386s] Level 1:colcon.colcon_core.environment:checking '/home/qiqi/Desktop/boom_ws/install/serial/bin'
[2.386s] Level 1:colcon.colcon_core.environment:checking '/home/qiqi/Desktop/boom_ws/install/serial/lib/pkgconfig/serial.pc'
[2.386s] Level 1:colcon.colcon_core.environment:checking '/home/qiqi/Desktop/boom_ws/install/serial/lib/python3.10/site-packages'
[2.387s] Level 1:colcon.colcon_core.environment:checking '/home/qiqi/Desktop/boom_ws/install/serial/bin'
[2.388s] INFO:colcon.colcon_core.shell:Creating package script '/home/qiqi/Desktop/boom_ws/install/serial/share/serial/package.ps1'
[2.389s] INFO:colcon.colcon_core.shell:Creating package descriptor '/home/qiqi/Desktop/boom_ws/install/serial/share/serial/package.dsv'
[2.390s] INFO:colcon.colcon_core.shell:Creating package script '/home/qiqi/Desktop/boom_ws/install/serial/share/serial/package.sh'
[2.390s] INFO:colcon.colcon_core.shell:Creating package script '/home/qiqi/Desktop/boom_ws/install/serial/share/serial/package.bash'
[2.391s] INFO:colcon.colcon_core.shell:Creating package script '/home/qiqi/Desktop/boom_ws/install/serial/share/serial/package.zsh'
[2.392s] Level 1:colcon.colcon_core.environment:create_file_with_runtime_dependencies(/home/qiqi/Desktop/boom_ws/install/serial/share/colcon-core/packages/serial)
[15.560s] DEBUG:colcon.colcon_core.event_handler.log_command:Invoked command in '/home/qiqi/Desktop/boom_ws/build/resolve' returned '0': CMAKE_PREFIX_PATH=/home/qiqi/Desktop/boom_ws/install/vision_interfaces:/home/qiqi/Desktop/boom_ws/install/serial:/home/qiqi/Desktop/boom_ws/install/resolve:/home/qiqi/Desktop/boom_ws/install/hik_camera_ros2_driver:/home/qiqi/Desktop/boom_ws/install/display:/opt/ros/humble LD_LIBRARY_PATH=/home/qiqi/Desktop/boom_ws/install/vision_interfaces/lib:/usr/local/lib:/home/qiqi/Desktop/boom_ws/install/hik_camera_ros2_driver/lib:/opt/MVS/lib/64:/opt/MVS/lib/32:/opt/ros/humble/opt/rviz_ogre_vendor/lib:/opt/ros/humble/lib/x86_64-linux-gnu:/opt/ros/humble/lib:/opt/MVS/lib/64:/opt/MVS/lib/32:/opt/MVS/lib/64:/opt/MVS/lib/32 /usr/bin/cmake --build /home/qiqi/Desktop/boom_ws/build/resolve -- -j8 -l8
[15.564s] DEBUG:colcon.colcon_core.event_handler.log_command:Invoking command in '/home/qiqi/Desktop/boom_ws/build/resolve': CMAKE_PREFIX_PATH=/home/qiqi/Desktop/boom_ws/install/vision_interfaces:/home/qiqi/Desktop/boom_ws/install/serial:/home/qiqi/Desktop/boom_ws/install/resolve:/home/qiqi/Desktop/boom_ws/install/hik_camera_ros2_driver:/home/qiqi/Desktop/boom_ws/install/display:/opt/ros/humble LD_LIBRARY_PATH=/home/qiqi/Desktop/boom_ws/install/vision_interfaces/lib:/usr/local/lib:/home/qiqi/Desktop/boom_ws/install/hik_camera_ros2_driver/lib:/opt/MVS/lib/64:/opt/MVS/lib/32:/opt/ros/humble/opt/rviz_ogre_vendor/lib:/opt/ros/humble/lib/x86_64-linux-gnu:/opt/ros/humble/lib:/opt/MVS/lib/64:/opt/MVS/lib/32:/opt/MVS/lib/64:/opt/MVS/lib/32 /usr/bin/cmake --install /home/qiqi/Desktop/boom_ws/build/resolve
[15.581s] Level 1:colcon.colcon_core.environment:create_environment_scripts_only(resolve)
[15.582s] Level 1:colcon.colcon_core.environment:checking '/home/qiqi/Desktop/boom_ws/install/resolve' for CMake module files
[15.583s] DEBUG:colcon.colcon_core.event_handler.log_command:Invoked command in '/home/qiqi/Desktop/boom_ws/build/resolve' returned '0': CMAKE_PREFIX_PATH=/home/qiqi/Desktop/boom_ws/install/vision_interfaces:/home/qiqi/Desktop/boom_ws/install/serial:/home/qiqi/Desktop/boom_ws/install/resolve:/home/qiqi/Desktop/boom_ws/install/hik_camera_ros2_driver:/home/qiqi/Desktop/boom_ws/install/display:/opt/ros/humble LD_LIBRARY_PATH=/home/qiqi/Desktop/boom_ws/install/vision_interfaces/lib:/usr/local/lib:/home/qiqi/Desktop/boom_ws/install/hik_camera_ros2_driver/lib:/opt/MVS/lib/64:/opt/MVS/lib/32:/opt/ros/humble/opt/rviz_ogre_vendor/lib:/opt/ros/humble/lib/x86_64-linux-gnu:/opt/ros/humble/lib:/opt/MVS/lib/64:/opt/MVS/lib/32:/opt/MVS/lib/64:/opt/MVS/lib/32 /usr/bin/cmake --install /home/qiqi/Desktop/boom_ws/build/resolve
[15.583s] Level 1:colcon.colcon_core.environment:checking '/home/qiqi/Desktop/boom_ws/install/resolve' for CMake config files
[15.583s] Level 1:colcon.colcon_core.shell:create_environment_hook('resolve', 'cmake_prefix_path')
[15.584s] INFO:colcon.colcon_core.shell:Creating environment hook '/home/qiqi/Desktop/boom_ws/install/resolve/share/resolve/hook/cmake_prefix_path.ps1'
[15.585s] INFO:colcon.colcon_core.shell:Creating environment descriptor '/home/qiqi/Desktop/boom_ws/install/resolve/share/resolve/hook/cmake_prefix_path.dsv'
[15.585s] INFO:colcon.colcon_core.shell:Creating environment hook '/home/qiqi/Desktop/boom_ws/install/resolve/share/resolve/hook/cmake_prefix_path.sh'
[15.586s] Level 1:colcon.colcon_core.environment:checking '/home/qiqi/Desktop/boom_ws/install/resolve/lib'
[15.586s] Level 1:colcon.colcon_core.environment:checking '/home/qiqi/Desktop/boom_ws/install/resolve/bin'
[15.587s] Level 1:colcon.colcon_core.environment:checking '/home/qiqi/Desktop/boom_ws/install/resolve/lib/pkgconfig/resolve.pc'
[15.587s] Level 1:colcon.colcon_core.environment:checking '/home/qiqi/Desktop/boom_ws/install/resolve/lib/python3.10/site-packages'
[15.587s] Level 1:colcon.colcon_core.environment:checking '/home/qiqi/Desktop/boom_ws/install/resolve/bin'
[15.588s] INFO:colcon.colcon_core.shell:Creating package script '/home/qiqi/Desktop/boom_ws/install/resolve/share/resolve/package.ps1'
[15.588s] INFO:colcon.colcon_core.shell:Creating package descriptor '/home/qiqi/Desktop/boom_ws/install/resolve/share/resolve/package.dsv'
[15.589s] INFO:colcon.colcon_core.shell:Creating package script '/home/qiqi/Desktop/boom_ws/install/resolve/share/resolve/package.sh'
[15.589s] INFO:colcon.colcon_core.shell:Creating package script '/home/qiqi/Desktop/boom_ws/install/resolve/share/resolve/package.bash'
[15.590s] INFO:colcon.colcon_core.shell:Creating package script '/home/qiqi/Desktop/boom_ws/install/resolve/share/resolve/package.zsh'
[15.590s] Level 1:colcon.colcon_core.environment:create_file_with_runtime_dependencies(/home/qiqi/Desktop/boom_ws/install/resolve/share/colcon-core/packages/resolve)
[15.591s] Level 1:colcon.colcon_core.environment:create_environment_scripts_only(resolve)
[15.591s] Level 1:colcon.colcon_core.environment:checking '/home/qiqi/Desktop/boom_ws/install/resolve' for CMake module files
[15.592s] Level 1:colcon.colcon_core.environment:checking '/home/qiqi/Desktop/boom_ws/install/resolve' for CMake config files
[15.592s] Level 1:colcon.colcon_core.shell:create_environment_hook('resolve', 'cmake_prefix_path')
[15.593s] INFO:colcon.colcon_core.shell:Creating environment hook '/home/qiqi/Desktop/boom_ws/install/resolve/share/resolve/hook/cmake_prefix_path.ps1'
[15.593s] INFO:colcon.colcon_core.shell:Creating environment descriptor '/home/qiqi/Desktop/boom_ws/install/resolve/share/resolve/hook/cmake_prefix_path.dsv'
[15.594s] INFO:colcon.colcon_core.shell:Creating environment hook '/home/qiqi/Desktop/boom_ws/install/resolve/share/resolve/hook/cmake_prefix_path.sh'
[15.595s] Level 1:colcon.colcon_core.environment:checking '/home/qiqi/Desktop/boom_ws/install/resolve/lib'
[15.595s] Level 1:colcon.colcon_core.environment:checking '/home/qiqi/Desktop/boom_ws/install/resolve/bin'
[15.595s] Level 1:colcon.colcon_core.environment:checking '/home/qiqi/Desktop/boom_ws/install/resolve/lib/pkgconfig/resolve.pc'
[15.596s] Level 1:colcon.colcon_core.environment:checking '/home/qiqi/Desktop/boom_ws/install/resolve/lib/python3.10/site-packages'
[15.596s] Level 1:colcon.colcon_core.environment:checking '/home/qiqi/Desktop/boom_ws/install/resolve/bin'
[15.597s] INFO:colcon.colcon_core.shell:Creating package script '/home/qiqi/Desktop/boom_ws/install/resolve/share/resolve/package.ps1'
[15.598s] INFO:colcon.colcon_core.shell:Creating package descriptor '/home/qiqi/Desktop/boom_ws/install/resolve/share/resolve/package.dsv'
[15.599s] INFO:colcon.colcon_core.shell:Creating package script '/home/qiqi/Desktop/boom_ws/install/resolve/share/resolve/package.sh'
[15.599s] INFO:colcon.colcon_core.shell:Creating package script '/home/qiqi/Desktop/boom_ws/install/resolve/share/resolve/package.bash'
[15.600s] INFO:colcon.colcon_core.shell:Creating package script '/home/qiqi/Desktop/boom_ws/install/resolve/share/resolve/package.zsh'
[15.601s] Level 1:colcon.colcon_core.environment:create_file_with_runtime_dependencies(/home/qiqi/Desktop/boom_ws/install/resolve/share/colcon-core/packages/resolve)
[15.601s] DEBUG:colcon.colcon_parallel_executor.executor.parallel:closing loop
[15.601s] DEBUG:colcon.colcon_parallel_executor.executor.parallel:loop closed
[15.602s] DEBUG:colcon.colcon_parallel_executor.executor.parallel:run_until_complete finished with '0'
[15.602s] DEBUG:colcon.colcon_core.event_reactor:joining thread
[15.614s] INFO:colcon.colcon_core.plugin_system:Skipping extension 'colcon_notification.desktop_notification.terminal_notifier': Not used on non-Darwin systems
[15.614s] INFO:colcon.colcon_core.plugin_system:Skipping extension 'colcon_notification.desktop_notification.win32': Not used on non-Windows systems
[15.614s] INFO:colcon.colcon_notification.desktop_notification:Sending desktop notification using 'notify2'
[15.669s] DEBUG:colcon.colcon_core.event_reactor:joined thread
[15.669s] INFO:colcon.colcon_core.shell:Creating prefix script '/home/qiqi/Desktop/boom_ws/install/local_setup.ps1'
[15.672s] INFO:colcon.colcon_core.shell:Creating prefix util module '/home/qiqi/Desktop/boom_ws/install/_local_setup_util_ps1.py'
[15.675s] INFO:colcon.colcon_core.shell:Creating prefix chain script '/home/qiqi/Desktop/boom_ws/install/setup.ps1'
[15.677s] INFO:colcon.colcon_core.shell:Creating prefix script '/home/qiqi/Desktop/boom_ws/install/local_setup.sh'
[15.678s] INFO:colcon.colcon_core.shell:Creating prefix util module '/home/qiqi/Desktop/boom_ws/install/_local_setup_util_sh.py'
[15.679s] INFO:colcon.colcon_core.shell:Creating prefix chain script '/home/qiqi/Desktop/boom_ws/install/setup.sh'
[15.682s] INFO:colcon.colcon_core.shell:Creating prefix script '/home/qiqi/Desktop/boom_ws/install/local_setup.bash'
[15.683s] INFO:colcon.colcon_core.shell:Creating prefix chain script '/home/qiqi/Desktop/boom_ws/install/setup.bash'
[15.685s] INFO:colcon.colcon_core.shell:Creating prefix script '/home/qiqi/Desktop/boom_ws/install/local_setup.zsh'
[15.686s] INFO:colcon.colcon_core.shell:Creating prefix chain script '/home/qiqi/Desktop/boom_ws/install/setup.zsh'
