-- Found ament_cmake: 1.3.11 (/opt/ros/humble/share/ament_cmake/cmake)
-- Found serial: 1.2.1 (/usr/local/share/serial/cmake)
-- Found rclcpp: 16.0.12 (/opt/ros/humble/share/rclcpp/cmake)
-- Found rosidl_generator_c: 3.1.6 (/opt/ros/humble/share/rosidl_generator_c/cmake)
-- Found rosidl_adapter: 3.1.6 (/opt/ros/humble/share/rosidl_adapter/cmake)
-- Found rosidl_generator_cpp: 3.1.6 (/opt/ros/humble/share/rosidl_generator_cpp/cmake)
-- Using all available rosidl_typesupport_c: rosidl_typesupport_fastrtps_c;rosidl_typesupport_introspection_c
-- Using all available rosidl_typesupport_cpp: rosidl_typesupport_fastrtps_cpp;rosidl_typesupport_introspection_cpp
-- Found rmw_implementation_cmake: 6.1.2 (/opt/ros/humble/share/rmw_implementation_cmake/cmake)
-- Found rmw_fastrtps_cpp: 6.2.7 (/opt/ros/humble/share/rmw_fastrtps_cpp/cmake)
-- Using RMW implementation 'rmw_fastrtps_cpp' as default
-- Found image_transport: 3.1.11 (/opt/ros/humble/share/image_transport/cmake)
-- Found cv_bridge: 3.2.1 (/opt/ros/humble/share/cv_bridge/cmake)
-- Found vision_interfaces: 0.0.0 (/home/xyq/Desktop/boom_ws/install/vision_interfaces/share/vision_interfaces/cmake)
-- Found ament_lint_auto: 0.12.12 (/opt/ros/humble/share/ament_lint_auto/cmake)
-- Configuring done
-- Generating done
-- Build files have been written to: /home/xyq/Desktop/boom_ws/build/serial
[35m[1mConsolidate compiler generated dependencies of target serial[0m
[ 50%] [32mBuilding CXX object CMakeFiles/serial.dir/src/serial.cpp.o[0m
[100%] [32m[1mLinking CXX executable serial[0m
[100%] Built target serial
-- Install configuration: ""
-- Installing: /home/xyq/Desktop/boom_ws/install/serial/lib/serial/serial
-- Set runtime path of "/home/xyq/Desktop/boom_ws/install/serial/lib/serial/serial" to ""
-- Up-to-date: /home/xyq/Desktop/boom_ws/install/serial/share/ament_index/resource_index/package_run_dependencies/serial
-- Up-to-date: /home/xyq/Desktop/boom_ws/install/serial/share/ament_index/resource_index/parent_prefix_path/serial
-- Up-to-date: /home/xyq/Desktop/boom_ws/install/serial/share/serial/environment/ament_prefix_path.sh
-- Installing: /home/xyq/Desktop/boom_ws/install/serial/share/serial/environment/ament_prefix_path.dsv
-- Up-to-date: /home/xyq/Desktop/boom_ws/install/serial/share/serial/environment/path.sh
-- Installing: /home/xyq/Desktop/boom_ws/install/serial/share/serial/environment/path.dsv
-- Up-to-date: /home/xyq/Desktop/boom_ws/install/serial/share/serial/local_setup.bash
-- Up-to-date: /home/xyq/Desktop/boom_ws/install/serial/share/serial/local_setup.sh
-- Up-to-date: /home/xyq/Desktop/boom_ws/install/serial/share/serial/local_setup.zsh
-- Installing: /home/xyq/Desktop/boom_ws/install/serial/share/serial/local_setup.dsv
-- Installing: /home/xyq/Desktop/boom_ws/install/serial/share/serial/package.dsv
-- Up-to-date: /home/xyq/Desktop/boom_ws/install/serial/share/ament_index/resource_index/packages/serial
-- Up-to-date: /home/xyq/Desktop/boom_ws/install/serial/share/serial/cmake/serialConfig.cmake
-- Up-to-date: /home/xyq/Desktop/boom_ws/install/serial/share/serial/cmake/serialConfig-version.cmake
-- Up-to-date: /home/xyq/Desktop/boom_ws/install/serial/share/serial/package.xml
