[0.012s] Invoking command in '/home/xyq/Desktop/boom_ws/build/resolve': CMAKE_PREFIX_PATH=/home/xyq/Desktop/boom_ws/install/vision_interfaces:/home/xyq/Desktop/boom_ws/install/serial:/home/xyq/Desktop/boom_ws/install/resolve:/home/xyq/Desktop/boom_ws/install/hik_camera_ros2_driver:/home/xyq/Desktop/boom_ws/install/display:/opt/ros/humble LD_LIBRARY_PATH=/home/xyq/Desktop/boom_ws/install/vision_interfaces/lib:/home/xyq/env/TensorRT-10.5.0.18.Linux.x86_64-gnu.cuda-12.6/TensorRT-10.5.0.18/lib/nvonnxparser:/home/xyq/env/TensorRT-10.5.0.18.Linux.x86_64-gnu.cuda-12.6/TensorRT-10.5.0.18/lib:/home/xyq/Desktop/boom_ws/install/hik_camera_ros2_driver/lib:/opt/MVS/lib/64:/opt/MVS/lib/32:/opt/MVS/lib/64:/opt/MVS/lib/32:/home/xyq/env/TensorRT-10.5.0.18.Linux.x86_64-gnu.cuda-12.6/TensorRT-10.5.0.18/lib/nvonnxparser:/home/xyq/env/TensorRT-10.5.0.18.Linux.x86_64-gnu.cuda-12.6/TensorRT-10.5.0.18/lib:/opt/ros/humble/opt/rviz_ogre_vendor/lib:/opt/ros/humble/lib/x86_64-linux-gnu:/opt/ros/humble/lib:/opt/MVS/lib/64:/opt/MVS/lib/32:/tmp/.mount_cursorJLXbVl/usr/lib:/opt/MVS/lib/64:/opt/MVS/lib/32:/opt/MVS/lib/64:/opt/MVS/lib/32 /usr/bin/cmake --build /home/xyq/Desktop/boom_ws/build/resolve -- -j20 -l20
[0.069s] [35m[1mConsolidate compiler generated dependencies of target resolve[0m
[0.088s] [ 50%] [32mBuilding CXX object CMakeFiles/resolve.dir/src/resolve_node.cpp.o[0m
[2.488s] [01m[K/home/xyq/Desktop/boom_ws/src/resolving/src/resolve_node.cpp:[m[K In member function ‘[01m[Kvoid Resolve::Send(std::string, std::string)[m[K’:
[2.488s] [01m[K/home/xyq/Desktop/boom_ws/src/resolving/src/resolve_node.cpp:55:26:[m[K [01;35m[Kwarning: [m[Kunused parameter ‘[01m[Kcenter_x[m[K’ [[01;35m[K]8;;https://gcc.gnu.org/onlinedocs/gcc/Warning-Options.html#index-Wunused-parameter-Wunused-parameter]8;;[m[K]
[2.488s]    55 |         void Send([01;35m[Kstring center_x[m[K, string center_y) {
[2.488s]       |                   [01;35m[K~~~~~~~^~~~~~~~[m[K
[2.489s] [01m[K/home/xyq/Desktop/boom_ws/src/resolving/src/resolve_node.cpp:55:43:[m[K [01;35m[Kwarning: [m[Kunused parameter ‘[01m[Kcenter_y[m[K’ [[01;35m[K]8;;https://gcc.gnu.org/onlinedocs/gcc/Warning-Options.html#index-Wunused-parameter-Wunused-parameter]8;;[m[K]
[2.489s]    55 | d(string center_x, [01;35m[Kstring center_y[m[K) {
[2.489s]       |                    [01;35m[K~~~~~~~^~~~~~~~[m[K
[2.489s] 
[2.932s] In file included from [01m[K/usr/include/x86_64-linux-gnu/c++/11/bits/c++allocator.h:33[m[K,
[2.932s]                  from [01m[K/usr/include/c++/11/bits/allocator.h:46[m[K,
[2.932s]                  from [01m[K/usr/include/c++/11/memory:64[m[K,
[2.932s]                  from [01m[K/opt/ros/humble/include/image_transport/image_transport/loader_fwds.hpp:32[m[K,
[2.932s]                  from [01m[K/home/xyq/Desktop/boom_ws/src/resolving/src/resolve_node.cpp:1[m[K:
[2.932s] /usr/include/c++/11/ext/new_allocator.h: In instantiation of ‘[01m[Kvoid __gnu_cxx::new_allocator<_Tp>::construct(_Up*, _Args&& ...) [with _Up = rclcpp::GuardCondition; _Args = {std::shared_ptr<rclcpp::node_interfaces::NodeBaseInterface>}; _Tp = rclcpp::GuardCondition][m[K’:
[2.932s] [01m[K/usr/include/c++/11/bits/alloc_traits.h:516:17:[m[K   required from ‘[01m[Kstatic void std::allocator_traits<std::allocator<_Tp1> >::construct(std::allocator_traits<std::allocator<_Tp1> >::allocator_type&, _Up*, _Args&& ...) [with _Up = rclcpp::GuardCondition; _Args = {std::shared_ptr<rclcpp::node_interfaces::NodeBaseInterface>}; _Tp = rclcpp::GuardCondition; std::allocator_traits<std::allocator<_Tp1> >::allocator_type = std::allocator<rclcpp::GuardCondition>][m[K’
[2.932s] [01m[K/usr/include/c++/11/bits/shared_ptr_base.h:519:39:[m[K   required from ‘[01m[Kstd::_Sp_counted_ptr_inplace<_Tp, _Alloc, _Lp>::_Sp_counted_ptr_inplace(_Alloc, _Args&& ...) [with _Args = {std::shared_ptr<rclcpp::node_interfaces::NodeBaseInterface>}; _Tp = rclcpp::GuardCondition; _Alloc = std::allocator<rclcpp::GuardCondition>; __gnu_cxx::_Lock_policy _Lp = __gnu_cxx::_S_atomic][m[K’
[2.932s] [01m[K/usr/include/c++/11/bits/shared_ptr_base.h:650:16:[m[K   required from ‘[01m[Kstd::__shared_count<_Lp>::__shared_count(_Tp*&, std::_Sp_alloc_shared_tag<_Alloc>, _Args&& ...) [with _Tp = rclcpp::GuardCondition; _Alloc = std::allocator<rclcpp::GuardCondition>; _Args = {std::shared_ptr<rclcpp::node_interfaces::NodeBaseInterface>}; __gnu_cxx::_Lock_policy _Lp = __gnu_cxx::_S_atomic][m[K’
[2.932s] [01m[K/usr/include/c++/11/bits/shared_ptr_base.h:1342:14:[m[K   required from ‘[01m[Kstd::__shared_ptr<_Tp, _Lp>::__shared_ptr(std::_Sp_alloc_shared_tag<_Tp>, _Args&& ...) [with _Alloc = std::allocator<rclcpp::GuardCondition>; _Args = {std::shared_ptr<rclcpp::node_interfaces::NodeBaseInterface>}; _Tp = rclcpp::GuardCondition; __gnu_cxx::_Lock_policy _Lp = __gnu_cxx::_S_atomic][m[K’
[2.932s] [01m[K/usr/include/c++/11/bits/shared_ptr.h:409:59:[m[K   required from ‘[01m[Kstd::shared_ptr<_Tp>::shared_ptr(std::_Sp_alloc_shared_tag<_Tp>, _Args&& ...) [with _Alloc = std::allocator<rclcpp::GuardCondition>; _Args = {std::shared_ptr<rclcpp::node_interfaces::NodeBaseInterface>}; _Tp = rclcpp::GuardCondition][m[K’
[2.932s] [01m[K/usr/include/c++/11/bits/shared_ptr.h:862:14:[m[K   required from ‘[01m[Kstd::shared_ptr<_Tp> std::allocate_shared(const _Alloc&, _Args&& ...) [with _Tp = rclcpp::GuardCondition; _Alloc = std::allocator<rclcpp::GuardCondition>; _Args = {std::shared_ptr<rclcpp::node_interfaces::NodeBaseInterface>}][m[K’
[2.932s] [01m[K/usr/include/c++/11/bits/shared_ptr.h:878:39:[m[K   required from ‘[01m[Kstd::shared_ptr<_Tp> std::make_shared(_Args&& ...) [with _Tp = rclcpp::GuardCondition; _Args = {std::shared_ptr<rclcpp::node_interfaces::NodeBaseInterface>}][m[K’
[2.932s] [01m[K/home/xyq/Desktop/boom_ws/src/resolving/src/resolve_node.cpp:173:72:[m[K   required from here
[2.932s] [01m[K/usr/include/c++/11/ext/new_allocator.h:162:11:[m[K [01;31m[Kerror: [m[Kno matching function for call to ‘[01m[Krclcpp::GuardCondition::GuardCondition(std::shared_ptr<rclcpp::node_interfaces::NodeBaseInterface>)[m[K’
[2.932s]   162 |         { [01;31m[K::new((void *)__p) _Up(std::forward<_Args>(__args)...)[m[K; }
[2.932s]       |           [01;31m[K^~~~~~~~~~~~~~~~~~~~~~~~~~~~~~~~~~~~~~~~~~~~~~~~~~~~~~[m[K
[2.932s] In file included from [01m[K/opt/ros/humble/include/rclcpp/rclcpp/callback_group.hpp:26[m[K,
[2.932s]                  from [01m[K/opt/ros/humble/include/rclcpp/rclcpp/node.hpp:40[m[K,
[2.932s]                  from [01m[K/opt/ros/humble/include/image_transport/image_transport/subscriber.hpp:36[m[K,
[2.932s]                  from [01m[K/home/xyq/Desktop/boom_ws/src/resolving/src/resolve_node.cpp:2[m[K:
[2.933s] [01m[K/opt/ros/humble/include/rclcpp/rclcpp/guard_condition.hpp:50:12:[m[K [01;36m[Knote: [m[Kcandidate: ‘[01m[Krclcpp::GuardCondition::GuardCondition(rclcpp::Context::SharedPtr, rcl_guard_condition_options_t)[m[K’
[2.933s]    50 |   explicit [01;36m[KGuardCondition[m[K(
[2.933s]       |            [01;36m[K^~~~~~~~~~~~~~[m[K
[2.933s] [01m[K/opt/ros/humble/include/rclcpp/rclcpp/guard_condition.hpp:51:32:[m[K [01;36m[Knote: [m[K  no known conversion for argument 1 from ‘[01m[Kshared_ptr<[01;32m[Krclcpp::node_interfaces::NodeBaseInterface[m[K>[m[K’ to ‘[01m[Kshared_ptr<[01;32m[Krclcpp::Context[m[K>[m[K’
[2.933s]    51 |  [01;36m[Krclcpp::Context::SharedPtr context =[m[K
[2.933s]       |  [01;36m[K~~~~~~~~~~~~~~~~~~~~~~~~~~~^~~~~~~~~[m[K
[2.933s] 
[2.933s]    52 | [01;36m[K rclcpp::contexts::get_global_default_context()[m[K,
[2.933s]       |  [01;36m[K~~~~~~~~~~~~~~~~~~~~~~~~~~~~~~~~~~~~~~~~~~~~~~[m[K
[2.933s] 
[3.204s] gmake[2]: *** [CMakeFiles/resolve.dir/build.make:76：CMakeFiles/resolve.dir/src/resolve_node.cpp.o] 错误 1
[3.204s] gmake[1]: *** [CMakeFiles/Makefile2:137：CMakeFiles/resolve.dir/all] 错误 2
[3.204s] gmake: *** [Makefile:146：all] 错误 2
[3.206s] Invoked command in '/home/xyq/Desktop/boom_ws/build/resolve' returned '2': CMAKE_PREFIX_PATH=/home/xyq/Desktop/boom_ws/install/vision_interfaces:/home/xyq/Desktop/boom_ws/install/serial:/home/xyq/Desktop/boom_ws/install/resolve:/home/xyq/Desktop/boom_ws/install/hik_camera_ros2_driver:/home/xyq/Desktop/boom_ws/install/display:/opt/ros/humble LD_LIBRARY_PATH=/home/xyq/Desktop/boom_ws/install/vision_interfaces/lib:/home/xyq/env/TensorRT-10.5.0.18.Linux.x86_64-gnu.cuda-12.6/TensorRT-10.5.0.18/lib/nvonnxparser:/home/xyq/env/TensorRT-10.5.0.18.Linux.x86_64-gnu.cuda-12.6/TensorRT-10.5.0.18/lib:/home/xyq/Desktop/boom_ws/install/hik_camera_ros2_driver/lib:/opt/MVS/lib/64:/opt/MVS/lib/32:/opt/MVS/lib/64:/opt/MVS/lib/32:/home/xyq/env/TensorRT-10.5.0.18.Linux.x86_64-gnu.cuda-12.6/TensorRT-10.5.0.18/lib/nvonnxparser:/home/xyq/env/TensorRT-10.5.0.18.Linux.x86_64-gnu.cuda-12.6/TensorRT-10.5.0.18/lib:/opt/ros/humble/opt/rviz_ogre_vendor/lib:/opt/ros/humble/lib/x86_64-linux-gnu:/opt/ros/humble/lib:/opt/MVS/lib/64:/opt/MVS/lib/32:/tmp/.mount_cursorJLXbVl/usr/lib:/opt/MVS/lib/64:/opt/MVS/lib/32:/opt/MVS/lib/64:/opt/MVS/lib/32 /usr/bin/cmake --build /home/xyq/Desktop/boom_ws/build/resolve -- -j20 -l20
