[0.010s] Invoking command in '/home/qiqi/桌面/boom_ws/build/hik_camera_ros2_driver': CMAKE_PREFIX_PATH=/opt/ros/humble /usr/bin/cmake /home/qiqi/桌面/boom_ws/src/hik_camera_ros2_driver -DCMAKE_INSTALL_PREFIX=/home/qiqi/桌面/boom_ws/install/hik_camera_ros2_driver
[0.086s] -- The C compiler identification is GNU 11.4.0
[0.151s] -- The CXX compiler identification is GNU 11.4.0
[0.162s] -- Detecting C compiler ABI info
[0.223s] -- Detecting C compiler ABI info - done
[0.230s] -- Check for working C compiler: /usr/bin/cc - skipped
[0.231s] -- Detecting C compile features
[0.231s] -- Detecting C compile features - done
[0.234s] -- Detecting CXX compiler ABI info
[0.318s] -- Detecting CXX compiler ABI info - done
[0.330s] -- Check for working CXX compiler: /usr/bin/c++ - skipped
[0.330s] -- Detecting CXX compile features
[0.331s] -- Detecting CXX compile features - done
[0.334s] -- Found ament_cmake_auto: 1.3.11 (/opt/ros/humble/share/ament_cmake_auto/cmake)
[0.508s] -- Found Python3: /usr/bin/python3 (found version "3.10.12") found components: Interpreter 
[0.732s] -- Found rosidl_generator_c: 3.1.6 (/opt/ros/humble/share/rosidl_generator_c/cmake)
[0.736s] -- Found rosidl_adapter: 3.1.6 (/opt/ros/humble/share/rosidl_adapter/cmake)
[0.744s] -- Found rosidl_generator_cpp: 3.1.6 (/opt/ros/humble/share/rosidl_generator_cpp/cmake)
[0.755s] -- Using all available rosidl_typesupport_c: rosidl_typesupport_fastrtps_c;rosidl_typesupport_introspection_c
[0.770s] -- Using all available rosidl_typesupport_cpp: rosidl_typesupport_fastrtps_cpp;rosidl_typesupport_introspection_cpp
[0.809s] -- Found rmw_implementation_cmake: 6.1.2 (/opt/ros/humble/share/rmw_implementation_cmake/cmake)
[0.811s] -- Found rmw_fastrtps_cpp: 6.2.7 (/opt/ros/humble/share/rmw_fastrtps_cpp/cmake)
[0.887s] -- Found OpenSSL: /usr/lib/x86_64-linux-gnu/libcrypto.so (found version "3.0.2")  
[0.923s] -- Found FastRTPS: /opt/ros/humble/include  
[0.963s] -- Using RMW implementation 'rmw_fastrtps_cpp' as default
[0.970s] -- Looking for pthread.h
[1.044s] -- Looking for pthread.h - found
[1.044s] -- Performing Test CMAKE_HAVE_LIBC_PTHREAD
[1.124s] -- Performing Test CMAKE_HAVE_LIBC_PTHREAD - Success
[1.125s] -- Found Threads: TRUE  
[1.331s] -- Found ament_lint_auto: 0.12.12 (/opt/ros/humble/share/ament_lint_auto/cmake)
[1.357s] -- Added test 'cppcheck' to perform static code analysis on C / C++ code
[1.358s] -- Configured cppcheck include dirs: /home/qiqi/桌面/boom_ws/src/hik_camera_ros2_driver/hikSDK/include
[1.358s] -- Configured cppcheck exclude dirs and/or files: 
[1.359s] -- Added test 'lint_cmake' to check CMake code style
[1.360s] -- Added test 'pep257' to check Python code against some of the docstring style conventions in PEP 257
[1.361s] -- Added test 'xmllint' to check XML markup files
[1.363s] -- Configuring done
[1.378s] -- Generating done
[1.385s] -- Build files have been written to: /home/qiqi/桌面/boom_ws/build/hik_camera_ros2_driver
[1.394s] Invoked command in '/home/qiqi/桌面/boom_ws/build/hik_camera_ros2_driver' returned '0': CMAKE_PREFIX_PATH=/opt/ros/humble /usr/bin/cmake /home/qiqi/桌面/boom_ws/src/hik_camera_ros2_driver -DCMAKE_INSTALL_PREFIX=/home/qiqi/桌面/boom_ws/install/hik_camera_ros2_driver
[1.396s] Invoking command in '/home/qiqi/桌面/boom_ws/build/hik_camera_ros2_driver': CMAKE_PREFIX_PATH=/opt/ros/humble /usr/bin/cmake --build /home/qiqi/桌面/boom_ws/build/hik_camera_ros2_driver -- -j8 -l8
[1.456s] [ 25%] [32mBuilding CXX object CMakeFiles/hik_camera_ros2_driver_node.dir/rclcpp_components/node_main_hik_camera_ros2_driver_node.cpp.o[0m
[1.459s] [ 50%] [32mBuilding CXX object CMakeFiles/hik_camera_ros2_driver.dir/src/hik_camera_node.cpp.o[0m
[4.402s] [ 75%] [32m[1mLinking CXX shared library libhik_camera_ros2_driver.so[0m
[4.621s] [ 75%] Built target hik_camera_ros2_driver
[5.168s] [100%] [32m[1mLinking CXX executable hik_camera_ros2_driver_node[0m
[5.281s] [100%] Built target hik_camera_ros2_driver_node
