[0.042s] Invoking command in '/home/qiqi/Desktop/boom_ws/build/vision_interfaces': CMAKE_PREFIX_PATH=${CMAKE_PREFIX_PATH}:/opt/ros/humble /usr/bin/cmake --build /home/qiqi/Desktop/boom_ws/build/vision_interfaces -- -j8 -l8
[0.224s] [  2%] Built target vision_interfaces__cpp
[0.244s] [ 12%] Built target vision_interfaces__rosidl_generator_c
[0.276s] [ 12%] Built target ament_cmake_python_copy_vision_interfaces
[0.311s] [ 23%] Built target vision_interfaces__rosidl_typesupport_cpp
[0.332s] [ 33%] Built target vision_interfaces__rosidl_typesupport_fastrtps_cpp
[0.341s] [ 43%] Built target vision_interfaces__rosidl_typesupport_introspection_cpp
[0.368s] [ 53%] Built target vision_interfaces__rosidl_typesupport_c
[0.372s] [ 64%] Built target vision_interfaces__rosidl_typesupport_introspection_c
[0.375s] [ 74%] Built target vision_interfaces__rosidl_typesupport_fastrtps_c
[0.437s] [ 74%] Built target vision_interfaces
[0.501s] [ 76%] Built target vision_interfaces__py
[0.576s] [ 84%] Built target vision_interfaces__rosidl_generator_py
[0.647s] [ 89%] Built target vision_interfaces__rosidl_typesupport_fastrtps_c__pyext
[0.650s] [100%] Built target vision_interfaces__rosidl_typesupport_introspection_c__pyext
[0.650s] [100%] Built target vision_interfaces__rosidl_typesupport_c__pyext
[0.939s] running egg_info
[0.941s] writing vision_interfaces.egg-info/PKG-INFO
[0.942s] writing dependency_links to vision_interfaces.egg-info/dependency_links.txt
[0.942s] writing top-level names to vision_interfaces.egg-info/top_level.txt
[0.949s] reading manifest file 'vision_interfaces.egg-info/SOURCES.txt'
[0.951s] writing manifest file 'vision_interfaces.egg-info/SOURCES.txt'
[1.010s] [100%] Built target ament_cmake_python_build_vision_interfaces_egg
[1.034s] Invoked command in '/home/qiqi/Desktop/boom_ws/build/vision_interfaces' returned '0': CMAKE_PREFIX_PATH=${CMAKE_PREFIX_PATH}:/opt/ros/humble /usr/bin/cmake --build /home/qiqi/Desktop/boom_ws/build/vision_interfaces -- -j8 -l8
[1.039s] Invoking command in '/home/qiqi/Desktop/boom_ws/build/vision_interfaces': CMAKE_PREFIX_PATH=${CMAKE_PREFIX_PATH}:/opt/ros/humble /usr/bin/cmake --install /home/qiqi/Desktop/boom_ws/build/vision_interfaces
[1.058s] -- Install configuration: ""
[1.058s] -- Up-to-date: /home/qiqi/Desktop/boom_ws/install/vision_interfaces/share/ament_index/resource_index/rosidl_interfaces/vision_interfaces
[1.058s] -- Up-to-date: /home/qiqi/Desktop/boom_ws/install/vision_interfaces/include/vision_interfaces/vision_interfaces
[1.059s] -- Up-to-date: /home/qiqi/Desktop/boom_ws/install/vision_interfaces/include/vision_interfaces/vision_interfaces/msg
[1.059s] -- Up-to-date: /home/qiqi/Desktop/boom_ws/install/vision_interfaces/include/vision_interfaces/vision_interfaces/msg/detail
[1.059s] -- Up-to-date: /home/qiqi/Desktop/boom_ws/install/vision_interfaces/include/vision_interfaces/vision_interfaces/msg/detail/uartf__struct.h
[1.060s] -- Up-to-date: /home/qiqi/Desktop/boom_ws/install/vision_interfaces/include/vision_interfaces/vision_interfaces/msg/detail/uartf__functions.c
[1.060s] -- Up-to-date: /home/qiqi/Desktop/boom_ws/install/vision_interfaces/include/vision_interfaces/vision_interfaces/msg/detail/uartf__type_support.h
[1.060s] -- Up-to-date: /home/qiqi/Desktop/boom_ws/install/vision_interfaces/include/vision_interfaces/vision_interfaces/msg/detail/uart__type_support.h
[1.061s] -- Up-to-date: /home/qiqi/Desktop/boom_ws/install/vision_interfaces/include/vision_interfaces/vision_interfaces/msg/detail/uart__struct.h
[1.061s] -- Up-to-date: /home/qiqi/Desktop/boom_ws/install/vision_interfaces/include/vision_interfaces/vision_interfaces/msg/detail/uart__functions.h
[1.061s] -- Up-to-date: /home/qiqi/Desktop/boom_ws/install/vision_interfaces/include/vision_interfaces/vision_interfaces/msg/detail/uartf__functions.h
[1.062s] -- Up-to-date: /home/qiqi/Desktop/boom_ws/install/vision_interfaces/include/vision_interfaces/vision_interfaces/msg/detail/uart__functions.c
[1.062s] -- Up-to-date: /home/qiqi/Desktop/boom_ws/install/vision_interfaces/include/vision_interfaces/vision_interfaces/msg/uartf.h
[1.062s] -- Up-to-date: /home/qiqi/Desktop/boom_ws/install/vision_interfaces/include/vision_interfaces/vision_interfaces/msg/uart.h
[1.062s] -- Up-to-date: /home/qiqi/Desktop/boom_ws/install/vision_interfaces/include/vision_interfaces/vision_interfaces/msg/rosidl_generator_c__visibility_control.h
[1.062s] -- Up-to-date: /home/qiqi/Desktop/boom_ws/install/vision_interfaces/share/vision_interfaces/environment/library_path.sh
[1.062s] -- Up-to-date: /home/qiqi/Desktop/boom_ws/install/vision_interfaces/share/vision_interfaces/environment/library_path.dsv
[1.062s] -- Up-to-date: /home/qiqi/Desktop/boom_ws/install/vision_interfaces/lib/libvision_interfaces__rosidl_generator_c.so
[1.063s] -- Up-to-date: /home/qiqi/Desktop/boom_ws/install/vision_interfaces/include/vision_interfaces/vision_interfaces
[1.063s] -- Up-to-date: /home/qiqi/Desktop/boom_ws/install/vision_interfaces/include/vision_interfaces/vision_interfaces/msg
[1.063s] -- Up-to-date: /home/qiqi/Desktop/boom_ws/install/vision_interfaces/include/vision_interfaces/vision_interfaces/msg/detail
[1.063s] -- Up-to-date: /home/qiqi/Desktop/boom_ws/install/vision_interfaces/include/vision_interfaces/vision_interfaces/msg/detail/uartf__rosidl_typesupport_fastrtps_c.h
[1.063s] -- Up-to-date: /home/qiqi/Desktop/boom_ws/install/vision_interfaces/include/vision_interfaces/vision_interfaces/msg/detail/uart__rosidl_typesupport_fastrtps_c.h
[1.063s] -- Up-to-date: /home/qiqi/Desktop/boom_ws/install/vision_interfaces/include/vision_interfaces/vision_interfaces/msg/rosidl_typesupport_fastrtps_c__visibility_control.h
[1.064s] -- Up-to-date: /home/qiqi/Desktop/boom_ws/install/vision_interfaces/lib/libvision_interfaces__rosidl_typesupport_fastrtps_c.so
[1.064s] -- Up-to-date: /home/qiqi/Desktop/boom_ws/install/vision_interfaces/include/vision_interfaces/vision_interfaces
[1.064s] -- Up-to-date: /home/qiqi/Desktop/boom_ws/install/vision_interfaces/include/vision_interfaces/vision_interfaces/msg
[1.065s] -- Up-to-date: /home/qiqi/Desktop/boom_ws/install/vision_interfaces/include/vision_interfaces/vision_interfaces/msg/detail
[1.065s] -- Up-to-date: /home/qiqi/Desktop/boom_ws/install/vision_interfaces/include/vision_interfaces/vision_interfaces/msg/detail/uartf__builder.hpp
[1.065s] -- Up-to-date: /home/qiqi/Desktop/boom_ws/install/vision_interfaces/include/vision_interfaces/vision_interfaces/msg/detail/uart__struct.hpp
[1.065s] -- Up-to-date: /home/qiqi/Desktop/boom_ws/install/vision_interfaces/include/vision_interfaces/vision_interfaces/msg/detail/uart__type_support.hpp
[1.065s] -- Up-to-date: /home/qiqi/Desktop/boom_ws/install/vision_interfaces/include/vision_interfaces/vision_interfaces/msg/detail/uart__traits.hpp
[1.065s] -- Up-to-date: /home/qiqi/Desktop/boom_ws/install/vision_interfaces/include/vision_interfaces/vision_interfaces/msg/detail/uartf__traits.hpp
[1.066s] -- Up-to-date: /home/qiqi/Desktop/boom_ws/install/vision_interfaces/include/vision_interfaces/vision_interfaces/msg/detail/uart__builder.hpp
[1.066s] -- Up-to-date: /home/qiqi/Desktop/boom_ws/install/vision_interfaces/include/vision_interfaces/vision_interfaces/msg/detail/uartf__type_support.hpp
[1.066s] -- Up-to-date: /home/qiqi/Desktop/boom_ws/install/vision_interfaces/include/vision_interfaces/vision_interfaces/msg/detail/uartf__struct.hpp
[1.066s] -- Up-to-date: /home/qiqi/Desktop/boom_ws/install/vision_interfaces/include/vision_interfaces/vision_interfaces/msg/uart.hpp
[1.066s] -- Up-to-date: /home/qiqi/Desktop/boom_ws/install/vision_interfaces/include/vision_interfaces/vision_interfaces/msg/rosidl_generator_cpp__visibility_control.hpp
[1.067s] -- Up-to-date: /home/qiqi/Desktop/boom_ws/install/vision_interfaces/include/vision_interfaces/vision_interfaces/msg/uartf.hpp
[1.067s] -- Up-to-date: /home/qiqi/Desktop/boom_ws/install/vision_interfaces/include/vision_interfaces/vision_interfaces
[1.067s] -- Up-to-date: /home/qiqi/Desktop/boom_ws/install/vision_interfaces/include/vision_interfaces/vision_interfaces/msg
[1.067s] -- Up-to-date: /home/qiqi/Desktop/boom_ws/install/vision_interfaces/include/vision_interfaces/vision_interfaces/msg/detail
[1.067s] -- Up-to-date: /home/qiqi/Desktop/boom_ws/install/vision_interfaces/include/vision_interfaces/vision_interfaces/msg/detail/uartf__rosidl_typesupport_fastrtps_cpp.hpp
[1.067s] -- Up-to-date: /home/qiqi/Desktop/boom_ws/install/vision_interfaces/include/vision_interfaces/vision_interfaces/msg/detail/uart__rosidl_typesupport_fastrtps_cpp.hpp
[1.068s] -- Up-to-date: /home/qiqi/Desktop/boom_ws/install/vision_interfaces/include/vision_interfaces/vision_interfaces/msg/detail/dds_fastrtps
[1.068s] -- Up-to-date: /home/qiqi/Desktop/boom_ws/install/vision_interfaces/include/vision_interfaces/vision_interfaces/msg/rosidl_typesupport_fastrtps_cpp__visibility_control.h
[1.068s] -- Up-to-date: /home/qiqi/Desktop/boom_ws/install/vision_interfaces/lib/libvision_interfaces__rosidl_typesupport_fastrtps_cpp.so
[1.068s] -- Up-to-date: /home/qiqi/Desktop/boom_ws/install/vision_interfaces/include/vision_interfaces/vision_interfaces
[1.068s] -- Up-to-date: /home/qiqi/Desktop/boom_ws/install/vision_interfaces/include/vision_interfaces/vision_interfaces/msg
[1.069s] -- Up-to-date: /home/qiqi/Desktop/boom_ws/install/vision_interfaces/include/vision_interfaces/vision_interfaces/msg/detail
[1.069s] -- Up-to-date: /home/qiqi/Desktop/boom_ws/install/vision_interfaces/include/vision_interfaces/vision_interfaces/msg/detail/uart__rosidl_typesupport_introspection_c.h
[1.069s] -- Up-to-date: /home/qiqi/Desktop/boom_ws/install/vision_interfaces/include/vision_interfaces/vision_interfaces/msg/detail/uartf__type_support.c
[1.069s] -- Up-to-date: /home/qiqi/Desktop/boom_ws/install/vision_interfaces/include/vision_interfaces/vision_interfaces/msg/detail/uartf__rosidl_typesupport_introspection_c.h
[1.069s] -- Up-to-date: /home/qiqi/Desktop/boom_ws/install/vision_interfaces/include/vision_interfaces/vision_interfaces/msg/detail/uart__type_support.c
[1.069s] -- Up-to-date: /home/qiqi/Desktop/boom_ws/install/vision_interfaces/include/vision_interfaces/vision_interfaces/msg/rosidl_typesupport_introspection_c__visibility_control.h
[1.069s] -- Up-to-date: /home/qiqi/Desktop/boom_ws/install/vision_interfaces/lib/libvision_interfaces__rosidl_typesupport_introspection_c.so
[1.070s] -- Up-to-date: /home/qiqi/Desktop/boom_ws/install/vision_interfaces/lib/libvision_interfaces__rosidl_typesupport_c.so
[1.070s] -- Up-to-date: /home/qiqi/Desktop/boom_ws/install/vision_interfaces/include/vision_interfaces/vision_interfaces
[1.070s] -- Up-to-date: /home/qiqi/Desktop/boom_ws/install/vision_interfaces/include/vision_interfaces/vision_interfaces/msg
[1.070s] -- Up-to-date: /home/qiqi/Desktop/boom_ws/install/vision_interfaces/include/vision_interfaces/vision_interfaces/msg/detail
[1.070s] -- Up-to-date: /home/qiqi/Desktop/boom_ws/install/vision_interfaces/include/vision_interfaces/vision_interfaces/msg/detail/uartf__type_support.cpp
[1.070s] -- Up-to-date: /home/qiqi/Desktop/boom_ws/install/vision_interfaces/include/vision_interfaces/vision_interfaces/msg/detail/uart__type_support.cpp
[1.070s] -- Up-to-date: /home/qiqi/Desktop/boom_ws/install/vision_interfaces/include/vision_interfaces/vision_interfaces/msg/detail/uart__rosidl_typesupport_introspection_cpp.hpp
[1.070s] -- Up-to-date: /home/qiqi/Desktop/boom_ws/install/vision_interfaces/include/vision_interfaces/vision_interfaces/msg/detail/uartf__rosidl_typesupport_introspection_cpp.hpp
[1.070s] -- Up-to-date: /home/qiqi/Desktop/boom_ws/install/vision_interfaces/lib/libvision_interfaces__rosidl_typesupport_introspection_cpp.so
[1.071s] -- Up-to-date: /home/qiqi/Desktop/boom_ws/install/vision_interfaces/lib/libvision_interfaces__rosidl_typesupport_cpp.so
[1.071s] -- Up-to-date: /home/qiqi/Desktop/boom_ws/install/vision_interfaces/share/vision_interfaces/environment/pythonpath.sh
[1.071s] -- Up-to-date: /home/qiqi/Desktop/boom_ws/install/vision_interfaces/share/vision_interfaces/environment/pythonpath.dsv
[1.071s] -- Up-to-date: /home/qiqi/Desktop/boom_ws/install/vision_interfaces/local/lib/python3.10/dist-packages/vision_interfaces-0.0.0-py3.10.egg-info
[1.071s] -- Installing: /home/qiqi/Desktop/boom_ws/install/vision_interfaces/local/lib/python3.10/dist-packages/vision_interfaces-0.0.0-py3.10.egg-info/PKG-INFO
[1.071s] -- Installing: /home/qiqi/Desktop/boom_ws/install/vision_interfaces/local/lib/python3.10/dist-packages/vision_interfaces-0.0.0-py3.10.egg-info/top_level.txt
[1.071s] -- Installing: /home/qiqi/Desktop/boom_ws/install/vision_interfaces/local/lib/python3.10/dist-packages/vision_interfaces-0.0.0-py3.10.egg-info/SOURCES.txt
[1.072s] -- Installing: /home/qiqi/Desktop/boom_ws/install/vision_interfaces/local/lib/python3.10/dist-packages/vision_interfaces-0.0.0-py3.10.egg-info/dependency_links.txt
[1.072s] -- Up-to-date: /home/qiqi/Desktop/boom_ws/install/vision_interfaces/local/lib/python3.10/dist-packages/vision_interfaces
[1.072s] -- Up-to-date: /home/qiqi/Desktop/boom_ws/install/vision_interfaces/local/lib/python3.10/dist-packages/vision_interfaces/_vision_interfaces_s.ep.rosidl_typesupport_c.c
[1.072s] -- Up-to-date: /home/qiqi/Desktop/boom_ws/install/vision_interfaces/local/lib/python3.10/dist-packages/vision_interfaces/vision_interfaces_s__rosidl_typesupport_fastrtps_c.cpython-310-x86_64-linux-gnu.so
[1.072s] -- Up-to-date: /home/qiqi/Desktop/boom_ws/install/vision_interfaces/local/lib/python3.10/dist-packages/vision_interfaces/_vision_interfaces_s.ep.rosidl_typesupport_fastrtps_c.c
[1.072s] -- Up-to-date: /home/qiqi/Desktop/boom_ws/install/vision_interfaces/local/lib/python3.10/dist-packages/vision_interfaces/vision_interfaces_s__rosidl_typesupport_c.cpython-310-x86_64-linux-gnu.so
[1.073s] -- Up-to-date: /home/qiqi/Desktop/boom_ws/install/vision_interfaces/local/lib/python3.10/dist-packages/vision_interfaces/_vision_interfaces_s.ep.rosidl_typesupport_introspection_c.c
[1.073s] -- Up-to-date: /home/qiqi/Desktop/boom_ws/install/vision_interfaces/local/lib/python3.10/dist-packages/vision_interfaces/libvision_interfaces__rosidl_generator_py.so
[1.073s] -- Up-to-date: /home/qiqi/Desktop/boom_ws/install/vision_interfaces/local/lib/python3.10/dist-packages/vision_interfaces/msg
[1.073s] -- Up-to-date: /home/qiqi/Desktop/boom_ws/install/vision_interfaces/local/lib/python3.10/dist-packages/vision_interfaces/msg/_uartf_s.c
[1.073s] -- Up-to-date: /home/qiqi/Desktop/boom_ws/install/vision_interfaces/local/lib/python3.10/dist-packages/vision_interfaces/msg/_uart.py
[1.073s] -- Up-to-date: /home/qiqi/Desktop/boom_ws/install/vision_interfaces/local/lib/python3.10/dist-packages/vision_interfaces/msg/_uartf.py
[1.073s] -- Up-to-date: /home/qiqi/Desktop/boom_ws/install/vision_interfaces/local/lib/python3.10/dist-packages/vision_interfaces/msg/_uart_s.c
[1.074s] -- Up-to-date: /home/qiqi/Desktop/boom_ws/install/vision_interfaces/local/lib/python3.10/dist-packages/vision_interfaces/msg/__init__.py
[1.074s] -- Up-to-date: /home/qiqi/Desktop/boom_ws/install/vision_interfaces/local/lib/python3.10/dist-packages/vision_interfaces/__init__.py
[1.074s] -- Up-to-date: /home/qiqi/Desktop/boom_ws/install/vision_interfaces/local/lib/python3.10/dist-packages/vision_interfaces/vision_interfaces_s__rosidl_typesupport_introspection_c.cpython-310-x86_64-linux-gnu.so
[1.137s] Listing '/home/qiqi/Desktop/boom_ws/install/vision_interfaces/local/lib/python3.10/dist-packages/vision_interfaces'...
[1.137s] Listing '/home/qiqi/Desktop/boom_ws/install/vision_interfaces/local/lib/python3.10/dist-packages/vision_interfaces/msg'...
[1.146s] -- Up-to-date: /home/qiqi/Desktop/boom_ws/install/vision_interfaces/local/lib/python3.10/dist-packages/vision_interfaces/vision_interfaces_s__rosidl_typesupport_fastrtps_c.cpython-310-x86_64-linux-gnu.so
[1.147s] -- Up-to-date: /home/qiqi/Desktop/boom_ws/install/vision_interfaces/local/lib/python3.10/dist-packages/vision_interfaces/vision_interfaces_s__rosidl_typesupport_introspection_c.cpython-310-x86_64-linux-gnu.so
[1.148s] -- Up-to-date: /home/qiqi/Desktop/boom_ws/install/vision_interfaces/local/lib/python3.10/dist-packages/vision_interfaces/vision_interfaces_s__rosidl_typesupport_c.cpython-310-x86_64-linux-gnu.so
[1.148s] -- Up-to-date: /home/qiqi/Desktop/boom_ws/install/vision_interfaces/lib/libvision_interfaces__rosidl_generator_py.so
[1.149s] -- Up-to-date: /home/qiqi/Desktop/boom_ws/install/vision_interfaces/share/vision_interfaces/msg/Uart.idl
[1.149s] -- Up-to-date: /home/qiqi/Desktop/boom_ws/install/vision_interfaces/share/vision_interfaces/msg/Uartf.idl
[1.149s] -- Up-to-date: /home/qiqi/Desktop/boom_ws/install/vision_interfaces/share/vision_interfaces/msg/Uart.msg
[1.149s] -- Up-to-date: /home/qiqi/Desktop/boom_ws/install/vision_interfaces/share/vision_interfaces/msg/Uartf.msg
[1.150s] -- Up-to-date: /home/qiqi/Desktop/boom_ws/install/vision_interfaces/share/ament_index/resource_index/package_run_dependencies/vision_interfaces
[1.150s] -- Up-to-date: /home/qiqi/Desktop/boom_ws/install/vision_interfaces/share/ament_index/resource_index/parent_prefix_path/vision_interfaces
[1.150s] -- Up-to-date: /home/qiqi/Desktop/boom_ws/install/vision_interfaces/share/vision_interfaces/environment/ament_prefix_path.sh
[1.150s] -- Up-to-date: /home/qiqi/Desktop/boom_ws/install/vision_interfaces/share/vision_interfaces/environment/ament_prefix_path.dsv
[1.150s] -- Up-to-date: /home/qiqi/Desktop/boom_ws/install/vision_interfaces/share/vision_interfaces/environment/path.sh
[1.150s] -- Up-to-date: /home/qiqi/Desktop/boom_ws/install/vision_interfaces/share/vision_interfaces/environment/path.dsv
[1.150s] -- Up-to-date: /home/qiqi/Desktop/boom_ws/install/vision_interfaces/share/vision_interfaces/local_setup.bash
[1.150s] -- Up-to-date: /home/qiqi/Desktop/boom_ws/install/vision_interfaces/share/vision_interfaces/local_setup.sh
[1.151s] -- Up-to-date: /home/qiqi/Desktop/boom_ws/install/vision_interfaces/share/vision_interfaces/local_setup.zsh
[1.151s] -- Up-to-date: /home/qiqi/Desktop/boom_ws/install/vision_interfaces/share/vision_interfaces/local_setup.dsv
[1.151s] -- Installing: /home/qiqi/Desktop/boom_ws/install/vision_interfaces/share/vision_interfaces/package.dsv
[1.151s] -- Up-to-date: /home/qiqi/Desktop/boom_ws/install/vision_interfaces/share/ament_index/resource_index/packages/vision_interfaces
[1.151s] -- Up-to-date: /home/qiqi/Desktop/boom_ws/install/vision_interfaces/share/vision_interfaces/cmake/export_vision_interfaces__rosidl_generator_cExport.cmake
[1.151s] -- Up-to-date: /home/qiqi/Desktop/boom_ws/install/vision_interfaces/share/vision_interfaces/cmake/export_vision_interfaces__rosidl_generator_cExport-noconfig.cmake
[1.152s] -- Up-to-date: /home/qiqi/Desktop/boom_ws/install/vision_interfaces/share/vision_interfaces/cmake/export_vision_interfaces__rosidl_typesupport_fastrtps_cExport.cmake
[1.152s] -- Up-to-date: /home/qiqi/Desktop/boom_ws/install/vision_interfaces/share/vision_interfaces/cmake/export_vision_interfaces__rosidl_typesupport_fastrtps_cExport-noconfig.cmake
[1.152s] -- Up-to-date: /home/qiqi/Desktop/boom_ws/install/vision_interfaces/share/vision_interfaces/cmake/export_vision_interfaces__rosidl_generator_cppExport.cmake
[1.152s] -- Up-to-date: /home/qiqi/Desktop/boom_ws/install/vision_interfaces/share/vision_interfaces/cmake/export_vision_interfaces__rosidl_typesupport_fastrtps_cppExport.cmake
[1.153s] -- Up-to-date: /home/qiqi/Desktop/boom_ws/install/vision_interfaces/share/vision_interfaces/cmake/export_vision_interfaces__rosidl_typesupport_fastrtps_cppExport-noconfig.cmake
[1.153s] -- Up-to-date: /home/qiqi/Desktop/boom_ws/install/vision_interfaces/share/vision_interfaces/cmake/vision_interfaces__rosidl_typesupport_introspection_cExport.cmake
[1.153s] -- Up-to-date: /home/qiqi/Desktop/boom_ws/install/vision_interfaces/share/vision_interfaces/cmake/vision_interfaces__rosidl_typesupport_introspection_cExport-noconfig.cmake
[1.153s] -- Up-to-date: /home/qiqi/Desktop/boom_ws/install/vision_interfaces/share/vision_interfaces/cmake/vision_interfaces__rosidl_typesupport_cExport.cmake
[1.154s] -- Up-to-date: /home/qiqi/Desktop/boom_ws/install/vision_interfaces/share/vision_interfaces/cmake/vision_interfaces__rosidl_typesupport_cExport-noconfig.cmake
[1.154s] -- Up-to-date: /home/qiqi/Desktop/boom_ws/install/vision_interfaces/share/vision_interfaces/cmake/vision_interfaces__rosidl_typesupport_introspection_cppExport.cmake
[1.154s] -- Up-to-date: /home/qiqi/Desktop/boom_ws/install/vision_interfaces/share/vision_interfaces/cmake/vision_interfaces__rosidl_typesupport_introspection_cppExport-noconfig.cmake
[1.154s] -- Up-to-date: /home/qiqi/Desktop/boom_ws/install/vision_interfaces/share/vision_interfaces/cmake/vision_interfaces__rosidl_typesupport_cppExport.cmake
[1.155s] -- Up-to-date: /home/qiqi/Desktop/boom_ws/install/vision_interfaces/share/vision_interfaces/cmake/vision_interfaces__rosidl_typesupport_cppExport-noconfig.cmake
[1.155s] -- Up-to-date: /home/qiqi/Desktop/boom_ws/install/vision_interfaces/share/vision_interfaces/cmake/export_vision_interfaces__rosidl_generator_pyExport.cmake
[1.155s] -- Up-to-date: /home/qiqi/Desktop/boom_ws/install/vision_interfaces/share/vision_interfaces/cmake/export_vision_interfaces__rosidl_generator_pyExport-noconfig.cmake
[1.155s] -- Up-to-date: /home/qiqi/Desktop/boom_ws/install/vision_interfaces/share/vision_interfaces/cmake/rosidl_cmake-extras.cmake
[1.155s] -- Up-to-date: /home/qiqi/Desktop/boom_ws/install/vision_interfaces/share/vision_interfaces/cmake/ament_cmake_export_dependencies-extras.cmake
[1.156s] -- Up-to-date: /home/qiqi/Desktop/boom_ws/install/vision_interfaces/share/vision_interfaces/cmake/ament_cmake_export_include_directories-extras.cmake
[1.156s] -- Up-to-date: /home/qiqi/Desktop/boom_ws/install/vision_interfaces/share/vision_interfaces/cmake/ament_cmake_export_libraries-extras.cmake
[1.156s] -- Up-to-date: /home/qiqi/Desktop/boom_ws/install/vision_interfaces/share/vision_interfaces/cmake/ament_cmake_export_targets-extras.cmake
[1.156s] -- Up-to-date: /home/qiqi/Desktop/boom_ws/install/vision_interfaces/share/vision_interfaces/cmake/rosidl_cmake_export_typesupport_targets-extras.cmake
[1.156s] -- Up-to-date: /home/qiqi/Desktop/boom_ws/install/vision_interfaces/share/vision_interfaces/cmake/rosidl_cmake_export_typesupport_libraries-extras.cmake
[1.156s] -- Up-to-date: /home/qiqi/Desktop/boom_ws/install/vision_interfaces/share/vision_interfaces/cmake/vision_interfacesConfig.cmake
[1.157s] -- Up-to-date: /home/qiqi/Desktop/boom_ws/install/vision_interfaces/share/vision_interfaces/cmake/vision_interfacesConfig-version.cmake
[1.157s] -- Up-to-date: /home/qiqi/Desktop/boom_ws/install/vision_interfaces/share/vision_interfaces/package.xml
[1.160s] Invoked command in '/home/qiqi/Desktop/boom_ws/build/vision_interfaces' returned '0': CMAKE_PREFIX_PATH=${CMAKE_PREFIX_PATH}:/opt/ros/humble /usr/bin/cmake --install /home/qiqi/Desktop/boom_ws/build/vision_interfaces
