[0.083s] DEBUG:colcon:Command line arguments: ['/usr/bin/colcon', 'build', '--symlink-install', '--cmake-args', '-DCMAKE_BUILD_TYPE=Release']
[0.083s] DEBUG:colcon:Parsed command line arguments: Namespace(log_base=None, log_level=None, verb_name='build', build_base='build', install_base='install', merge_install=False, symlink_install=True, test_result_base=None, continue_on_error=False, executor='parallel', parallel_workers=16, event_handlers=None, ignore_user_meta=False, metas=['./colcon.meta'], base_paths=['.'], packages_ignore=None, packages_ignore_regex=None, paths=None, packages_up_to=None, packages_up_to_regex=None, packages_above=None, packages_above_and_dependencies=None, packages_above_depth=None, packages_select_by_dep=None, packages_skip_by_dep=None, packages_skip_up_to=None, packages_select_build_failed=False, packages_skip_build_finished=False, packages_select_test_failures=False, packages_skip_test_passed=False, packages_select=None, packages_skip=None, packages_select_regex=None, packages_skip_regex=None, packages_start=None, packages_end=None, allow_overriding=[], cmake_args=['-DCMAKE_BUILD_TYPE=Release'], cmake_target=None, cmake_target_skip_unavailable=False, cmake_clean_cache=False, cmake_clean_first=False, cmake_force_configure=False, ament_cmake_args=None, catkin_cmake_args=None, catkin_skip_building_tests=False, verb_parser=<colcon_defaults.argument_parser.defaults.DefaultArgumentsDecorator object at 0x71c9723278b0>, verb_extension=<colcon_core.verb.build.BuildVerb object at 0x71c972327370>, main=<bound method BuildVerb.main of <colcon_core.verb.build.BuildVerb object at 0x71c972327370>>)
[0.209s] Level 1:colcon.colcon_core.package_discovery:discover_packages(colcon_meta) check parameters
[0.209s] Level 1:colcon.colcon_core.package_discovery:discover_packages(recursive) check parameters
[0.209s] Level 1:colcon.colcon_core.package_discovery:discover_packages(ignore) check parameters
[0.209s] Level 1:colcon.colcon_core.package_discovery:discover_packages(path) check parameters
[0.209s] Level 1:colcon.colcon_core.package_discovery:discover_packages(colcon_meta) discover
[0.209s] Level 1:colcon.colcon_core.package_discovery:discover_packages(recursive) discover
[0.209s] INFO:colcon.colcon_core.package_discovery:Crawling recursively for packages in '/home/new-sentry/Downloads/boom_ws'
[0.209s] Level 1:colcon.colcon_core.package_identification:_identify(.) by extensions ['ignore', 'ignore_ament_install']
[0.209s] Level 1:colcon.colcon_core.package_identification:_identify(.) by extension 'ignore'
[0.209s] Level 1:colcon.colcon_core.package_identification:_identify(.) by extension 'ignore_ament_install'
[0.209s] Level 1:colcon.colcon_core.package_identification:_identify(.) by extensions ['colcon_pkg']
[0.209s] Level 1:colcon.colcon_core.package_identification:_identify(.) by extension 'colcon_pkg'
[0.209s] Level 1:colcon.colcon_core.package_identification:_identify(.) by extensions ['colcon_meta']
[0.209s] Level 1:colcon.colcon_core.package_identification:_identify(.) by extension 'colcon_meta'
[0.209s] Level 1:colcon.colcon_core.package_identification:_identify(.) by extensions ['ros']
[0.209s] Level 1:colcon.colcon_core.package_identification:_identify(.) by extension 'ros'
[0.215s] Level 1:colcon.colcon_core.package_identification:_identify(.) by extensions ['cmake', 'python']
[0.215s] Level 1:colcon.colcon_core.package_identification:_identify(.) by extension 'cmake'
[0.215s] Level 1:colcon.colcon_core.package_identification:_identify(.) by extension 'python'
[0.215s] Level 1:colcon.colcon_core.package_identification:_identify(.) by extensions ['python_setup_py']
[0.215s] Level 1:colcon.colcon_core.package_identification:_identify(.) by extension 'python_setup_py'
[0.215s] Level 1:colcon.colcon_core.package_identification:_identify(build) by extensions ['ignore', 'ignore_ament_install']
[0.215s] Level 1:colcon.colcon_core.package_identification:_identify(build) by extension 'ignore'
[0.215s] Level 1:colcon.colcon_core.package_identification:_identify(build) ignored
[0.215s] Level 1:colcon.colcon_core.package_identification:_identify(config) by extensions ['ignore', 'ignore_ament_install']
[0.215s] Level 1:colcon.colcon_core.package_identification:_identify(config) by extension 'ignore'
[0.215s] Level 1:colcon.colcon_core.package_identification:_identify(config) by extension 'ignore_ament_install'
[0.215s] Level 1:colcon.colcon_core.package_identification:_identify(config) by extensions ['colcon_pkg']
[0.215s] Level 1:colcon.colcon_core.package_identification:_identify(config) by extension 'colcon_pkg'
[0.215s] Level 1:colcon.colcon_core.package_identification:_identify(config) by extensions ['colcon_meta']
[0.215s] Level 1:colcon.colcon_core.package_identification:_identify(config) by extension 'colcon_meta'
[0.215s] Level 1:colcon.colcon_core.package_identification:_identify(config) by extensions ['ros']
[0.215s] Level 1:colcon.colcon_core.package_identification:_identify(config) by extension 'ros'
[0.215s] Level 1:colcon.colcon_core.package_identification:_identify(config) by extensions ['cmake', 'python']
[0.215s] Level 1:colcon.colcon_core.package_identification:_identify(config) by extension 'cmake'
[0.215s] Level 1:colcon.colcon_core.package_identification:_identify(config) by extension 'python'
[0.215s] Level 1:colcon.colcon_core.package_identification:_identify(config) by extensions ['python_setup_py']
[0.215s] Level 1:colcon.colcon_core.package_identification:_identify(config) by extension 'python_setup_py'
[0.215s] Level 1:colcon.colcon_core.package_identification:_identify(install) by extensions ['ignore', 'ignore_ament_install']
[0.215s] Level 1:colcon.colcon_core.package_identification:_identify(install) by extension 'ignore'
[0.215s] Level 1:colcon.colcon_core.package_identification:_identify(install) ignored
[0.215s] Level 1:colcon.colcon_core.package_identification:_identify(launch) by extensions ['ignore', 'ignore_ament_install']
[0.215s] Level 1:colcon.colcon_core.package_identification:_identify(launch) by extension 'ignore'
[0.215s] Level 1:colcon.colcon_core.package_identification:_identify(launch) by extension 'ignore_ament_install'
[0.216s] Level 1:colcon.colcon_core.package_identification:_identify(launch) by extensions ['colcon_pkg']
[0.216s] Level 1:colcon.colcon_core.package_identification:_identify(launch) by extension 'colcon_pkg'
[0.216s] Level 1:colcon.colcon_core.package_identification:_identify(launch) by extensions ['colcon_meta']
[0.216s] Level 1:colcon.colcon_core.package_identification:_identify(launch) by extension 'colcon_meta'
[0.216s] Level 1:colcon.colcon_core.package_identification:_identify(launch) by extensions ['ros']
[0.216s] Level 1:colcon.colcon_core.package_identification:_identify(launch) by extension 'ros'
[0.216s] Level 1:colcon.colcon_core.package_identification:_identify(launch) by extensions ['cmake', 'python']
[0.216s] Level 1:colcon.colcon_core.package_identification:_identify(launch) by extension 'cmake'
[0.216s] Level 1:colcon.colcon_core.package_identification:_identify(launch) by extension 'python'
[0.216s] Level 1:colcon.colcon_core.package_identification:_identify(launch) by extensions ['python_setup_py']
[0.216s] Level 1:colcon.colcon_core.package_identification:_identify(launch) by extension 'python_setup_py'
[0.216s] Level 1:colcon.colcon_core.package_identification:_identify(launch/__pycache__) by extensions ['ignore', 'ignore_ament_install']
[0.216s] Level 1:colcon.colcon_core.package_identification:_identify(launch/__pycache__) by extension 'ignore'
[0.216s] Level 1:colcon.colcon_core.package_identification:_identify(launch/__pycache__) by extension 'ignore_ament_install'
[0.216s] Level 1:colcon.colcon_core.package_identification:_identify(launch/__pycache__) by extensions ['colcon_pkg']
[0.216s] Level 1:colcon.colcon_core.package_identification:_identify(launch/__pycache__) by extension 'colcon_pkg'
[0.216s] Level 1:colcon.colcon_core.package_identification:_identify(launch/__pycache__) by extensions ['colcon_meta']
[0.216s] Level 1:colcon.colcon_core.package_identification:_identify(launch/__pycache__) by extension 'colcon_meta'
[0.216s] Level 1:colcon.colcon_core.package_identification:_identify(launch/__pycache__) by extensions ['ros']
[0.216s] Level 1:colcon.colcon_core.package_identification:_identify(launch/__pycache__) by extension 'ros'
[0.216s] Level 1:colcon.colcon_core.package_identification:_identify(launch/__pycache__) by extensions ['cmake', 'python']
[0.216s] Level 1:colcon.colcon_core.package_identification:_identify(launch/__pycache__) by extension 'cmake'
[0.216s] Level 1:colcon.colcon_core.package_identification:_identify(launch/__pycache__) by extension 'python'
[0.216s] Level 1:colcon.colcon_core.package_identification:_identify(launch/__pycache__) by extensions ['python_setup_py']
[0.216s] Level 1:colcon.colcon_core.package_identification:_identify(launch/__pycache__) by extension 'python_setup_py'
[0.216s] Level 1:colcon.colcon_core.package_identification:_identify(log) by extensions ['ignore', 'ignore_ament_install']
[0.216s] Level 1:colcon.colcon_core.package_identification:_identify(log) by extension 'ignore'
[0.216s] Level 1:colcon.colcon_core.package_identification:_identify(log) ignored
[0.216s] Level 1:colcon.colcon_core.package_identification:_identify(py) by extensions ['ignore', 'ignore_ament_install']
[0.216s] Level 1:colcon.colcon_core.package_identification:_identify(py) by extension 'ignore'
[0.216s] Level 1:colcon.colcon_core.package_identification:_identify(py) by extension 'ignore_ament_install'
[0.216s] Level 1:colcon.colcon_core.package_identification:_identify(py) by extensions ['colcon_pkg']
[0.216s] Level 1:colcon.colcon_core.package_identification:_identify(py) by extension 'colcon_pkg'
[0.216s] Level 1:colcon.colcon_core.package_identification:_identify(py) by extensions ['colcon_meta']
[0.216s] Level 1:colcon.colcon_core.package_identification:_identify(py) by extension 'colcon_meta'
[0.216s] Level 1:colcon.colcon_core.package_identification:_identify(py) by extensions ['ros']
[0.216s] Level 1:colcon.colcon_core.package_identification:_identify(py) by extension 'ros'
[0.216s] Level 1:colcon.colcon_core.package_identification:_identify(py) by extensions ['cmake', 'python']
[0.216s] Level 1:colcon.colcon_core.package_identification:_identify(py) by extension 'cmake'
[0.216s] Level 1:colcon.colcon_core.package_identification:_identify(py) by extension 'python'
[0.216s] Level 1:colcon.colcon_core.package_identification:_identify(py) by extensions ['python_setup_py']
[0.216s] Level 1:colcon.colcon_core.package_identification:_identify(py) by extension 'python_setup_py'
[0.216s] Level 1:colcon.colcon_core.package_identification:_identify(py/__pycache__) by extensions ['ignore', 'ignore_ament_install']
[0.216s] Level 1:colcon.colcon_core.package_identification:_identify(py/__pycache__) by extension 'ignore'
[0.216s] Level 1:colcon.colcon_core.package_identification:_identify(py/__pycache__) by extension 'ignore_ament_install'
[0.217s] Level 1:colcon.colcon_core.package_identification:_identify(py/__pycache__) by extensions ['colcon_pkg']
[0.217s] Level 1:colcon.colcon_core.package_identification:_identify(py/__pycache__) by extension 'colcon_pkg'
[0.217s] Level 1:colcon.colcon_core.package_identification:_identify(py/__pycache__) by extensions ['colcon_meta']
[0.217s] Level 1:colcon.colcon_core.package_identification:_identify(py/__pycache__) by extension 'colcon_meta'
[0.217s] Level 1:colcon.colcon_core.package_identification:_identify(py/__pycache__) by extensions ['ros']
[0.217s] Level 1:colcon.colcon_core.package_identification:_identify(py/__pycache__) by extension 'ros'
[0.217s] Level 1:colcon.colcon_core.package_identification:_identify(py/__pycache__) by extensions ['cmake', 'python']
[0.217s] Level 1:colcon.colcon_core.package_identification:_identify(py/__pycache__) by extension 'cmake'
[0.217s] Level 1:colcon.colcon_core.package_identification:_identify(py/__pycache__) by extension 'python'
[0.217s] Level 1:colcon.colcon_core.package_identification:_identify(py/__pycache__) by extensions ['python_setup_py']
[0.217s] Level 1:colcon.colcon_core.package_identification:_identify(py/__pycache__) by extension 'python_setup_py'
[0.217s] Level 1:colcon.colcon_core.package_identification:_identify(py/pta) by extensions ['ignore', 'ignore_ament_install']
[0.217s] Level 1:colcon.colcon_core.package_identification:_identify(py/pta) by extension 'ignore'
[0.217s] Level 1:colcon.colcon_core.package_identification:_identify(py/pta) by extension 'ignore_ament_install'
[0.217s] Level 1:colcon.colcon_core.package_identification:_identify(py/pta) by extensions ['colcon_pkg']
[0.217s] Level 1:colcon.colcon_core.package_identification:_identify(py/pta) by extension 'colcon_pkg'
[0.217s] Level 1:colcon.colcon_core.package_identification:_identify(py/pta) by extensions ['colcon_meta']
[0.217s] Level 1:colcon.colcon_core.package_identification:_identify(py/pta) by extension 'colcon_meta'
[0.217s] Level 1:colcon.colcon_core.package_identification:_identify(py/pta) by extensions ['ros']
[0.217s] Level 1:colcon.colcon_core.package_identification:_identify(py/pta) by extension 'ros'
[0.217s] Level 1:colcon.colcon_core.package_identification:_identify(py/pta) by extensions ['cmake', 'python']
[0.217s] Level 1:colcon.colcon_core.package_identification:_identify(py/pta) by extension 'cmake'
[0.217s] Level 1:colcon.colcon_core.package_identification:_identify(py/pta) by extension 'python'
[0.217s] Level 1:colcon.colcon_core.package_identification:_identify(py/pta) by extensions ['python_setup_py']
[0.217s] Level 1:colcon.colcon_core.package_identification:_identify(py/pta) by extension 'python_setup_py'
[0.217s] Level 1:colcon.colcon_core.package_identification:_identify(py/pta/pta2) by extensions ['ignore', 'ignore_ament_install']
[0.217s] Level 1:colcon.colcon_core.package_identification:_identify(py/pta/pta2) by extension 'ignore'
[0.217s] Level 1:colcon.colcon_core.package_identification:_identify(py/pta/pta2) by extension 'ignore_ament_install'
[0.217s] Level 1:colcon.colcon_core.package_identification:_identify(py/pta/pta2) by extensions ['colcon_pkg']
[0.217s] Level 1:colcon.colcon_core.package_identification:_identify(py/pta/pta2) by extension 'colcon_pkg'
[0.217s] Level 1:colcon.colcon_core.package_identification:_identify(py/pta/pta2) by extensions ['colcon_meta']
[0.217s] Level 1:colcon.colcon_core.package_identification:_identify(py/pta/pta2) by extension 'colcon_meta'
[0.217s] Level 1:colcon.colcon_core.package_identification:_identify(py/pta/pta2) by extensions ['ros']
[0.217s] Level 1:colcon.colcon_core.package_identification:_identify(py/pta/pta2) by extension 'ros'
[0.217s] Level 1:colcon.colcon_core.package_identification:_identify(py/pta/pta2) by extensions ['cmake', 'python']
[0.217s] Level 1:colcon.colcon_core.package_identification:_identify(py/pta/pta2) by extension 'cmake'
[0.217s] Level 1:colcon.colcon_core.package_identification:_identify(py/pta/pta2) by extension 'python'
[0.217s] Level 1:colcon.colcon_core.package_identification:_identify(py/pta/pta2) by extensions ['python_setup_py']
[0.217s] Level 1:colcon.colcon_core.package_identification:_identify(py/pta/pta2) by extension 'python_setup_py'
[0.217s] Level 1:colcon.colcon_core.package_identification:_identify(py/test) by extensions ['ignore', 'ignore_ament_install']
[0.217s] Level 1:colcon.colcon_core.package_identification:_identify(py/test) by extension 'ignore'
[0.217s] Level 1:colcon.colcon_core.package_identification:_identify(py/test) by extension 'ignore_ament_install'
[0.217s] Level 1:colcon.colcon_core.package_identification:_identify(py/test) by extensions ['colcon_pkg']
[0.217s] Level 1:colcon.colcon_core.package_identification:_identify(py/test) by extension 'colcon_pkg'
[0.217s] Level 1:colcon.colcon_core.package_identification:_identify(py/test) by extensions ['colcon_meta']
[0.217s] Level 1:colcon.colcon_core.package_identification:_identify(py/test) by extension 'colcon_meta'
[0.217s] Level 1:colcon.colcon_core.package_identification:_identify(py/test) by extensions ['ros']
[0.217s] Level 1:colcon.colcon_core.package_identification:_identify(py/test) by extension 'ros'
[0.217s] Level 1:colcon.colcon_core.package_identification:_identify(py/test) by extensions ['cmake', 'python']
[0.217s] Level 1:colcon.colcon_core.package_identification:_identify(py/test) by extension 'cmake'
[0.217s] Level 1:colcon.colcon_core.package_identification:_identify(py/test) by extension 'python'
[0.217s] Level 1:colcon.colcon_core.package_identification:_identify(py/test) by extensions ['python_setup_py']
[0.217s] Level 1:colcon.colcon_core.package_identification:_identify(py/test) by extension 'python_setup_py'
[0.218s] Level 1:colcon.colcon_core.package_identification:_identify(src) by extensions ['ignore', 'ignore_ament_install']
[0.218s] Level 1:colcon.colcon_core.package_identification:_identify(src) by extension 'ignore'
[0.218s] Level 1:colcon.colcon_core.package_identification:_identify(src) by extension 'ignore_ament_install'
[0.218s] Level 1:colcon.colcon_core.package_identification:_identify(src) by extensions ['colcon_pkg']
[0.218s] Level 1:colcon.colcon_core.package_identification:_identify(src) by extension 'colcon_pkg'
[0.218s] Level 1:colcon.colcon_core.package_identification:_identify(src) by extensions ['colcon_meta']
[0.218s] Level 1:colcon.colcon_core.package_identification:_identify(src) by extension 'colcon_meta'
[0.218s] Level 1:colcon.colcon_core.package_identification:_identify(src) by extensions ['ros']
[0.218s] Level 1:colcon.colcon_core.package_identification:_identify(src) by extension 'ros'
[0.218s] Level 1:colcon.colcon_core.package_identification:_identify(src) by extensions ['cmake', 'python']
[0.218s] Level 1:colcon.colcon_core.package_identification:_identify(src) by extension 'cmake'
[0.218s] Level 1:colcon.colcon_core.package_identification:_identify(src) by extension 'python'
[0.218s] Level 1:colcon.colcon_core.package_identification:_identify(src) by extensions ['python_setup_py']
[0.218s] Level 1:colcon.colcon_core.package_identification:_identify(src) by extension 'python_setup_py'
[0.218s] Level 1:colcon.colcon_core.package_identification:_identify(src/display) by extensions ['ignore', 'ignore_ament_install']
[0.218s] Level 1:colcon.colcon_core.package_identification:_identify(src/display) by extension 'ignore'
[0.218s] Level 1:colcon.colcon_core.package_identification:_identify(src/display) by extension 'ignore_ament_install'
[0.218s] Level 1:colcon.colcon_core.package_identification:_identify(src/display) by extensions ['colcon_pkg']
[0.218s] Level 1:colcon.colcon_core.package_identification:_identify(src/display) by extension 'colcon_pkg'
[0.218s] Level 1:colcon.colcon_core.package_identification:_identify(src/display) by extensions ['colcon_meta']
[0.218s] Level 1:colcon.colcon_core.package_identification:_identify(src/display) by extension 'colcon_meta'
[0.218s] Level 1:colcon.colcon_core.package_identification:_identify(src/display) by extensions ['ros']
[0.218s] Level 1:colcon.colcon_core.package_identification:_identify(src/display) by extension 'ros'
[0.219s] DEBUG:colcon.colcon_core.package_identification:Package 'src/display' with type 'ros.ament_cmake' and name 'display'
[0.220s] Level 1:colcon.colcon_core.package_identification:_identify(src/hik_camera_ros2_driver) by extensions ['ignore', 'ignore_ament_install']
[0.220s] Level 1:colcon.colcon_core.package_identification:_identify(src/hik_camera_ros2_driver) by extension 'ignore'
[0.220s] Level 1:colcon.colcon_core.package_identification:_identify(src/hik_camera_ros2_driver) by extension 'ignore_ament_install'
[0.220s] Level 1:colcon.colcon_core.package_identification:_identify(src/hik_camera_ros2_driver) by extensions ['colcon_pkg']
[0.220s] Level 1:colcon.colcon_core.package_identification:_identify(src/hik_camera_ros2_driver) by extension 'colcon_pkg'
[0.220s] Level 1:colcon.colcon_core.package_identification:_identify(src/hik_camera_ros2_driver) by extensions ['colcon_meta']
[0.220s] Level 1:colcon.colcon_core.package_identification:_identify(src/hik_camera_ros2_driver) by extension 'colcon_meta'
[0.220s] Level 1:colcon.colcon_core.package_identification:_identify(src/hik_camera_ros2_driver) by extensions ['ros']
[0.220s] Level 1:colcon.colcon_core.package_identification:_identify(src/hik_camera_ros2_driver) by extension 'ros'
[0.220s] DEBUG:colcon.colcon_core.package_identification:Package 'src/hik_camera_ros2_driver' with type 'ros.ament_cmake' and name 'hik_camera_ros2_driver'
[0.220s] Level 1:colcon.colcon_core.package_identification:_identify(src/resolving) by extensions ['ignore', 'ignore_ament_install']
[0.220s] Level 1:colcon.colcon_core.package_identification:_identify(src/resolving) by extension 'ignore'
[0.220s] Level 1:colcon.colcon_core.package_identification:_identify(src/resolving) by extension 'ignore_ament_install'
[0.220s] Level 1:colcon.colcon_core.package_identification:_identify(src/resolving) by extensions ['colcon_pkg']
[0.220s] Level 1:colcon.colcon_core.package_identification:_identify(src/resolving) by extension 'colcon_pkg'
[0.220s] Level 1:colcon.colcon_core.package_identification:_identify(src/resolving) by extensions ['colcon_meta']
[0.220s] Level 1:colcon.colcon_core.package_identification:_identify(src/resolving) by extension 'colcon_meta'
[0.220s] Level 1:colcon.colcon_core.package_identification:_identify(src/resolving) by extensions ['ros']
[0.220s] Level 1:colcon.colcon_core.package_identification:_identify(src/resolving) by extension 'ros'
[0.221s] DEBUG:colcon.colcon_core.package_identification:Package 'src/resolving' with type 'ros.ament_cmake' and name 'resolve'
[0.221s] Level 1:colcon.colcon_core.package_identification:_identify(src/serial) by extensions ['ignore', 'ignore_ament_install']
[0.221s] Level 1:colcon.colcon_core.package_identification:_identify(src/serial) by extension 'ignore'
[0.221s] Level 1:colcon.colcon_core.package_identification:_identify(src/serial) by extension 'ignore_ament_install'
[0.221s] Level 1:colcon.colcon_core.package_identification:_identify(src/serial) by extensions ['colcon_pkg']
[0.221s] Level 1:colcon.colcon_core.package_identification:_identify(src/serial) by extension 'colcon_pkg'
[0.221s] Level 1:colcon.colcon_core.package_identification:_identify(src/serial) by extensions ['colcon_meta']
[0.221s] Level 1:colcon.colcon_core.package_identification:_identify(src/serial) by extension 'colcon_meta'
[0.221s] Level 1:colcon.colcon_core.package_identification:_identify(src/serial) by extensions ['ros']
[0.221s] Level 1:colcon.colcon_core.package_identification:_identify(src/serial) by extension 'ros'
[0.222s] DEBUG:colcon.colcon_core.package_identification:Package 'src/serial' with type 'ros.ament_cmake' and name 'serial'
[0.222s] Level 1:colcon.colcon_core.package_identification:_identify(src/vision_interfaces) by extensions ['ignore', 'ignore_ament_install']
[0.222s] Level 1:colcon.colcon_core.package_identification:_identify(src/vision_interfaces) by extension 'ignore'
[0.222s] Level 1:colcon.colcon_core.package_identification:_identify(src/vision_interfaces) by extension 'ignore_ament_install'
[0.222s] Level 1:colcon.colcon_core.package_identification:_identify(src/vision_interfaces) by extensions ['colcon_pkg']
[0.222s] Level 1:colcon.colcon_core.package_identification:_identify(src/vision_interfaces) by extension 'colcon_pkg'
[0.222s] Level 1:colcon.colcon_core.package_identification:_identify(src/vision_interfaces) by extensions ['colcon_meta']
[0.222s] Level 1:colcon.colcon_core.package_identification:_identify(src/vision_interfaces) by extension 'colcon_meta'
[0.222s] Level 1:colcon.colcon_core.package_identification:_identify(src/vision_interfaces) by extensions ['ros']
[0.222s] Level 1:colcon.colcon_core.package_identification:_identify(src/vision_interfaces) by extension 'ros'
[0.222s] DEBUG:colcon.colcon_core.package_identification:Package 'src/vision_interfaces' with type 'ros.ament_cmake' and name 'vision_interfaces'
[0.222s] Level 1:colcon.colcon_core.package_discovery:discover_packages(recursive) using defaults
[0.222s] Level 1:colcon.colcon_core.package_discovery:discover_packages(ignore) discover
[0.222s] Level 1:colcon.colcon_core.package_discovery:discover_packages(ignore) using defaults
[0.222s] Level 1:colcon.colcon_core.package_discovery:discover_packages(path) discover
[0.222s] Level 1:colcon.colcon_core.package_discovery:discover_packages(path) using defaults
[0.244s] Level 1:colcon.colcon_core.package_discovery:discover_packages(prefix_path) check parameters
[0.244s] Level 1:colcon.colcon_core.package_discovery:discover_packages(prefix_path) discover
[0.246s] DEBUG:colcon.colcon_installed_package_information.package_discovery:Found 333 installed packages in /opt/ros/humble
[0.247s] Level 1:colcon.colcon_core.package_discovery:discover_packages(prefix_path) using defaults
[0.267s] Level 5:colcon.colcon_core.verb:set package 'display' build argument 'cmake_args' from command line to '['-DCMAKE_BUILD_TYPE=Release']'
[0.267s] Level 5:colcon.colcon_core.verb:set package 'display' build argument 'cmake_target' from command line to 'None'
[0.267s] Level 5:colcon.colcon_core.verb:set package 'display' build argument 'cmake_target_skip_unavailable' from command line to 'False'
[0.267s] Level 5:colcon.colcon_core.verb:set package 'display' build argument 'cmake_clean_cache' from command line to 'False'
[0.267s] Level 5:colcon.colcon_core.verb:set package 'display' build argument 'cmake_clean_first' from command line to 'False'
[0.267s] Level 5:colcon.colcon_core.verb:set package 'display' build argument 'cmake_force_configure' from command line to 'False'
[0.267s] Level 5:colcon.colcon_core.verb:set package 'display' build argument 'ament_cmake_args' from command line to 'None'
[0.267s] Level 5:colcon.colcon_core.verb:set package 'display' build argument 'catkin_cmake_args' from command line to 'None'
[0.267s] Level 5:colcon.colcon_core.verb:set package 'display' build argument 'catkin_skip_building_tests' from command line to 'False'
[0.267s] DEBUG:colcon.colcon_core.verb:Building package 'display' with the following arguments: {'ament_cmake_args': None, 'build_base': '/home/new-sentry/Downloads/boom_ws/build/display', 'catkin_cmake_args': None, 'catkin_skip_building_tests': False, 'cmake_args': ['-DCMAKE_BUILD_TYPE=Release'], 'cmake_clean_cache': False, 'cmake_clean_first': False, 'cmake_force_configure': False, 'cmake_target': None, 'cmake_target_skip_unavailable': False, 'install_base': '/home/new-sentry/Downloads/boom_ws/install/display', 'merge_install': False, 'path': '/home/new-sentry/Downloads/boom_ws/src/display', 'symlink_install': True, 'test_result_base': None}
[0.267s] Level 5:colcon.colcon_core.verb:set package 'hik_camera_ros2_driver' build argument 'cmake_args' from command line to '['-DCMAKE_BUILD_TYPE=Release']'
[0.267s] Level 5:colcon.colcon_core.verb:set package 'hik_camera_ros2_driver' build argument 'cmake_target' from command line to 'None'
[0.267s] Level 5:colcon.colcon_core.verb:set package 'hik_camera_ros2_driver' build argument 'cmake_target_skip_unavailable' from command line to 'False'
[0.267s] Level 5:colcon.colcon_core.verb:set package 'hik_camera_ros2_driver' build argument 'cmake_clean_cache' from command line to 'False'
[0.267s] Level 5:colcon.colcon_core.verb:set package 'hik_camera_ros2_driver' build argument 'cmake_clean_first' from command line to 'False'
[0.267s] Level 5:colcon.colcon_core.verb:set package 'hik_camera_ros2_driver' build argument 'cmake_force_configure' from command line to 'False'
[0.267s] Level 5:colcon.colcon_core.verb:set package 'hik_camera_ros2_driver' build argument 'ament_cmake_args' from command line to 'None'
[0.267s] Level 5:colcon.colcon_core.verb:set package 'hik_camera_ros2_driver' build argument 'catkin_cmake_args' from command line to 'None'
[0.267s] Level 5:colcon.colcon_core.verb:set package 'hik_camera_ros2_driver' build argument 'catkin_skip_building_tests' from command line to 'False'
[0.267s] DEBUG:colcon.colcon_core.verb:Building package 'hik_camera_ros2_driver' with the following arguments: {'ament_cmake_args': None, 'build_base': '/home/new-sentry/Downloads/boom_ws/build/hik_camera_ros2_driver', 'catkin_cmake_args': None, 'catkin_skip_building_tests': False, 'cmake_args': ['-DCMAKE_BUILD_TYPE=Release'], 'cmake_clean_cache': False, 'cmake_clean_first': False, 'cmake_force_configure': False, 'cmake_target': None, 'cmake_target_skip_unavailable': False, 'install_base': '/home/new-sentry/Downloads/boom_ws/install/hik_camera_ros2_driver', 'merge_install': False, 'path': '/home/new-sentry/Downloads/boom_ws/src/hik_camera_ros2_driver', 'symlink_install': True, 'test_result_base': None}
[0.268s] Level 5:colcon.colcon_core.verb:set package 'vision_interfaces' build argument 'cmake_args' from command line to '['-DCMAKE_BUILD_TYPE=Release']'
[0.268s] Level 5:colcon.colcon_core.verb:set package 'vision_interfaces' build argument 'cmake_target' from command line to 'None'
[0.268s] Level 5:colcon.colcon_core.verb:set package 'vision_interfaces' build argument 'cmake_target_skip_unavailable' from command line to 'False'
[0.268s] Level 5:colcon.colcon_core.verb:set package 'vision_interfaces' build argument 'cmake_clean_cache' from command line to 'False'
[0.268s] Level 5:colcon.colcon_core.verb:set package 'vision_interfaces' build argument 'cmake_clean_first' from command line to 'False'
[0.268s] Level 5:colcon.colcon_core.verb:set package 'vision_interfaces' build argument 'cmake_force_configure' from command line to 'False'
[0.268s] Level 5:colcon.colcon_core.verb:set package 'vision_interfaces' build argument 'ament_cmake_args' from command line to 'None'
[0.268s] Level 5:colcon.colcon_core.verb:set package 'vision_interfaces' build argument 'catkin_cmake_args' from command line to 'None'
[0.268s] Level 5:colcon.colcon_core.verb:set package 'vision_interfaces' build argument 'catkin_skip_building_tests' from command line to 'False'
[0.268s] DEBUG:colcon.colcon_core.verb:Building package 'vision_interfaces' with the following arguments: {'ament_cmake_args': None, 'build_base': '/home/new-sentry/Downloads/boom_ws/build/vision_interfaces', 'catkin_cmake_args': None, 'catkin_skip_building_tests': False, 'cmake_args': ['-DCMAKE_BUILD_TYPE=Release'], 'cmake_clean_cache': False, 'cmake_clean_first': False, 'cmake_force_configure': False, 'cmake_target': None, 'cmake_target_skip_unavailable': False, 'install_base': '/home/new-sentry/Downloads/boom_ws/install/vision_interfaces', 'merge_install': False, 'path': '/home/new-sentry/Downloads/boom_ws/src/vision_interfaces', 'symlink_install': True, 'test_result_base': None}
[0.268s] Level 5:colcon.colcon_core.verb:set package 'resolve' build argument 'cmake_args' from command line to '['-DCMAKE_BUILD_TYPE=Release']'
[0.268s] Level 5:colcon.colcon_core.verb:set package 'resolve' build argument 'cmake_target' from command line to 'None'
[0.268s] Level 5:colcon.colcon_core.verb:set package 'resolve' build argument 'cmake_target_skip_unavailable' from command line to 'False'
[0.268s] Level 5:colcon.colcon_core.verb:set package 'resolve' build argument 'cmake_clean_cache' from command line to 'False'
[0.268s] Level 5:colcon.colcon_core.verb:set package 'resolve' build argument 'cmake_clean_first' from command line to 'False'
[0.268s] Level 5:colcon.colcon_core.verb:set package 'resolve' build argument 'cmake_force_configure' from command line to 'False'
[0.268s] Level 5:colcon.colcon_core.verb:set package 'resolve' build argument 'ament_cmake_args' from command line to 'None'
[0.268s] Level 5:colcon.colcon_core.verb:set package 'resolve' build argument 'catkin_cmake_args' from command line to 'None'
[0.268s] Level 5:colcon.colcon_core.verb:set package 'resolve' build argument 'catkin_skip_building_tests' from command line to 'False'
[0.268s] DEBUG:colcon.colcon_core.verb:Building package 'resolve' with the following arguments: {'ament_cmake_args': None, 'build_base': '/home/new-sentry/Downloads/boom_ws/build/resolve', 'catkin_cmake_args': None, 'catkin_skip_building_tests': False, 'cmake_args': ['-DCMAKE_BUILD_TYPE=Release'], 'cmake_clean_cache': False, 'cmake_clean_first': False, 'cmake_force_configure': False, 'cmake_target': None, 'cmake_target_skip_unavailable': False, 'install_base': '/home/new-sentry/Downloads/boom_ws/install/resolve', 'merge_install': False, 'path': '/home/new-sentry/Downloads/boom_ws/src/resolving', 'symlink_install': True, 'test_result_base': None}
[0.268s] Level 5:colcon.colcon_core.verb:set package 'serial' build argument 'cmake_args' from command line to '['-DCMAKE_BUILD_TYPE=Release']'
[0.268s] Level 5:colcon.colcon_core.verb:set package 'serial' build argument 'cmake_target' from command line to 'None'
[0.268s] Level 5:colcon.colcon_core.verb:set package 'serial' build argument 'cmake_target_skip_unavailable' from command line to 'False'
[0.268s] Level 5:colcon.colcon_core.verb:set package 'serial' build argument 'cmake_clean_cache' from command line to 'False'
[0.268s] Level 5:colcon.colcon_core.verb:set package 'serial' build argument 'cmake_clean_first' from command line to 'False'
[0.268s] Level 5:colcon.colcon_core.verb:set package 'serial' build argument 'cmake_force_configure' from command line to 'False'
[0.268s] Level 5:colcon.colcon_core.verb:set package 'serial' build argument 'ament_cmake_args' from command line to 'None'
[0.268s] Level 5:colcon.colcon_core.verb:set package 'serial' build argument 'catkin_cmake_args' from command line to 'None'
[0.268s] Level 5:colcon.colcon_core.verb:set package 'serial' build argument 'catkin_skip_building_tests' from command line to 'False'
[0.268s] DEBUG:colcon.colcon_core.verb:Building package 'serial' with the following arguments: {'ament_cmake_args': None, 'build_base': '/home/new-sentry/Downloads/boom_ws/build/serial', 'catkin_cmake_args': None, 'catkin_skip_building_tests': False, 'cmake_args': ['-DCMAKE_BUILD_TYPE=Release'], 'cmake_clean_cache': False, 'cmake_clean_first': False, 'cmake_force_configure': False, 'cmake_target': None, 'cmake_target_skip_unavailable': False, 'install_base': '/home/new-sentry/Downloads/boom_ws/install/serial', 'merge_install': False, 'path': '/home/new-sentry/Downloads/boom_ws/src/serial', 'symlink_install': True, 'test_result_base': None}
[0.268s] INFO:colcon.colcon_core.executor:Executing jobs using 'parallel' executor
[0.269s] DEBUG:colcon.colcon_parallel_executor.executor.parallel:run_until_complete
[0.269s] INFO:colcon.colcon_ros.task.ament_cmake.build:Building ROS package in '/home/new-sentry/Downloads/boom_ws/src/vision_interfaces' with build type 'ament_cmake'
[0.269s] INFO:colcon.colcon_cmake.task.cmake.build:Building CMake package in '/home/new-sentry/Downloads/boom_ws/src/vision_interfaces'
[0.271s] INFO:colcon.colcon_core.plugin_system:Skipping extension 'colcon_core.shell.bat': Not used on non-Windows systems
[0.272s] INFO:colcon.colcon_core.shell:Skip shell extension 'powershell' for command environment: Not usable outside of PowerShell
[0.272s] DEBUG:colcon.colcon_core.shell:Skip shell extension 'dsv' for command environment
[0.273s] INFO:colcon.colcon_ros.task.ament_cmake.build:Building ROS package in '/home/new-sentry/Downloads/boom_ws/src/display' with build type 'ament_cmake'
[0.273s] INFO:colcon.colcon_cmake.task.cmake.build:Building CMake package in '/home/new-sentry/Downloads/boom_ws/src/display'
[0.273s] INFO:colcon.colcon_core.shell:Skip shell extension 'powershell' for command environment: Not usable outside of PowerShell
[0.273s] DEBUG:colcon.colcon_core.shell:Skip shell extension 'dsv' for command environment
[0.275s] INFO:colcon.colcon_ros.task.ament_cmake.build:Building ROS package in '/home/new-sentry/Downloads/boom_ws/src/hik_camera_ros2_driver' with build type 'ament_cmake'
[0.275s] INFO:colcon.colcon_cmake.task.cmake.build:Building CMake package in '/home/new-sentry/Downloads/boom_ws/src/hik_camera_ros2_driver'
[0.275s] INFO:colcon.colcon_core.shell:Skip shell extension 'powershell' for command environment: Not usable outside of PowerShell
[0.275s] DEBUG:colcon.colcon_core.shell:Skip shell extension 'dsv' for command environment
[0.278s] DEBUG:colcon.colcon_core.event_handler.log_command:Invoking command in '/home/new-sentry/Downloads/boom_ws/build/vision_interfaces': CMAKE_PREFIX_PATH=/opt/ros/humble /usr/local/bin/cmake /home/new-sentry/Downloads/boom_ws/src/vision_interfaces -DCMAKE_BUILD_TYPE=Release -DAMENT_CMAKE_SYMLINK_INSTALL=1 -DCMAKE_INSTALL_PREFIX=/home/new-sentry/Downloads/boom_ws/install/vision_interfaces
[0.280s] DEBUG:colcon.colcon_core.event_handler.log_command:Invoking command in '/home/new-sentry/Downloads/boom_ws/build/display': CMAKE_PREFIX_PATH=/opt/ros/humble /usr/local/bin/cmake /home/new-sentry/Downloads/boom_ws/src/display -DCMAKE_BUILD_TYPE=Release -DAMENT_CMAKE_SYMLINK_INSTALL=1 -DCMAKE_INSTALL_PREFIX=/home/new-sentry/Downloads/boom_ws/install/display
[0.282s] DEBUG:colcon.colcon_core.event_handler.log_command:Invoking command in '/home/new-sentry/Downloads/boom_ws/build/hik_camera_ros2_driver': CMAKE_PREFIX_PATH=/opt/ros/humble /usr/local/bin/cmake /home/new-sentry/Downloads/boom_ws/src/hik_camera_ros2_driver -DCMAKE_BUILD_TYPE=Release -DAMENT_CMAKE_SYMLINK_INSTALL=1 -DCMAKE_INSTALL_PREFIX=/home/new-sentry/Downloads/boom_ws/install/hik_camera_ros2_driver
[1.847s] DEBUG:colcon.colcon_core.event_handler.log_command:Invoked command in '/home/new-sentry/Downloads/boom_ws/build/display' returned '0': CMAKE_PREFIX_PATH=/opt/ros/humble /usr/local/bin/cmake /home/new-sentry/Downloads/boom_ws/src/display -DCMAKE_BUILD_TYPE=Release -DAMENT_CMAKE_SYMLINK_INSTALL=1 -DCMAKE_INSTALL_PREFIX=/home/new-sentry/Downloads/boom_ws/install/display
[1.848s] DEBUG:colcon.colcon_core.event_handler.log_command:Invoking command in '/home/new-sentry/Downloads/boom_ws/build/display': CMAKE_PREFIX_PATH=/opt/ros/humble /usr/local/bin/cmake --build /home/new-sentry/Downloads/boom_ws/build/display -- -j16 -l16
[1.901s] DEBUG:colcon.colcon_core.event_handler.log_command:Invoked command in '/home/new-sentry/Downloads/boom_ws/build/hik_camera_ros2_driver' returned '0': CMAKE_PREFIX_PATH=/opt/ros/humble /usr/local/bin/cmake /home/new-sentry/Downloads/boom_ws/src/hik_camera_ros2_driver -DCMAKE_BUILD_TYPE=Release -DAMENT_CMAKE_SYMLINK_INSTALL=1 -DCMAKE_INSTALL_PREFIX=/home/new-sentry/Downloads/boom_ws/install/hik_camera_ros2_driver
[1.902s] DEBUG:colcon.colcon_core.event_handler.log_command:Invoking command in '/home/new-sentry/Downloads/boom_ws/build/hik_camera_ros2_driver': CMAKE_PREFIX_PATH=/opt/ros/humble /usr/local/bin/cmake --build /home/new-sentry/Downloads/boom_ws/build/hik_camera_ros2_driver -- -j16 -l16
[2.904s] DEBUG:colcon.colcon_core.event_handler.log_command:Invoked command in '/home/new-sentry/Downloads/boom_ws/build/vision_interfaces' returned '0': CMAKE_PREFIX_PATH=/opt/ros/humble /usr/local/bin/cmake /home/new-sentry/Downloads/boom_ws/src/vision_interfaces -DCMAKE_BUILD_TYPE=Release -DAMENT_CMAKE_SYMLINK_INSTALL=1 -DCMAKE_INSTALL_PREFIX=/home/new-sentry/Downloads/boom_ws/install/vision_interfaces
[2.905s] DEBUG:colcon.colcon_core.event_handler.log_command:Invoking command in '/home/new-sentry/Downloads/boom_ws/build/vision_interfaces': CMAKE_PREFIX_PATH=/opt/ros/humble /usr/local/bin/cmake --build /home/new-sentry/Downloads/boom_ws/build/vision_interfaces -- -j16 -l16
[4.177s] DEBUG:colcon.colcon_core.event_handler.log_command:Invoked command in '/home/new-sentry/Downloads/boom_ws/build/hik_camera_ros2_driver' returned '0': CMAKE_PREFIX_PATH=/opt/ros/humble /usr/local/bin/cmake --build /home/new-sentry/Downloads/boom_ws/build/hik_camera_ros2_driver -- -j16 -l16
[4.183s] DEBUG:colcon.colcon_core.event_handler.log_command:Invoking command in '/home/new-sentry/Downloads/boom_ws/build/hik_camera_ros2_driver': CMAKE_PREFIX_PATH=/opt/ros/humble /usr/local/bin/cmake --install /home/new-sentry/Downloads/boom_ws/build/hik_camera_ros2_driver
[4.215s] DEBUG:colcon.colcon_core.event_handler.log_command:Invoked command in '/home/new-sentry/Downloads/boom_ws/build/vision_interfaces' returned '0': CMAKE_PREFIX_PATH=/opt/ros/humble /usr/local/bin/cmake --build /home/new-sentry/Downloads/boom_ws/build/vision_interfaces -- -j16 -l16
[4.216s] DEBUG:colcon.colcon_core.event_handler.log_command:Invoking command in '/home/new-sentry/Downloads/boom_ws/build/vision_interfaces': CMAKE_PREFIX_PATH=/opt/ros/humble /usr/local/bin/cmake --install /home/new-sentry/Downloads/boom_ws/build/vision_interfaces
[4.284s] Level 1:colcon.colcon_core.environment:create_environment_scripts_only(hik_camera_ros2_driver)
[4.285s] DEBUG:colcon.colcon_core.event_handler.log_command:Invoked command in '/home/new-sentry/Downloads/boom_ws/build/hik_camera_ros2_driver' returned '0': CMAKE_PREFIX_PATH=/opt/ros/humble /usr/local/bin/cmake --install /home/new-sentry/Downloads/boom_ws/build/hik_camera_ros2_driver
[4.288s] Level 1:colcon.colcon_core.environment:checking '/home/new-sentry/Downloads/boom_ws/install/hik_camera_ros2_driver' for CMake module files
[4.288s] Level 1:colcon.colcon_core.environment:checking '/home/new-sentry/Downloads/boom_ws/install/hik_camera_ros2_driver' for CMake config files
[4.288s] Level 1:colcon.colcon_core.shell:create_environment_hook('hik_camera_ros2_driver', 'cmake_prefix_path')
[4.288s] INFO:colcon.colcon_core.shell:Creating environment hook '/home/new-sentry/Downloads/boom_ws/install/hik_camera_ros2_driver/share/hik_camera_ros2_driver/hook/cmake_prefix_path.ps1'
[4.289s] INFO:colcon.colcon_core.shell:Creating environment descriptor '/home/new-sentry/Downloads/boom_ws/install/hik_camera_ros2_driver/share/hik_camera_ros2_driver/hook/cmake_prefix_path.dsv'
[4.289s] INFO:colcon.colcon_core.shell:Creating environment hook '/home/new-sentry/Downloads/boom_ws/install/hik_camera_ros2_driver/share/hik_camera_ros2_driver/hook/cmake_prefix_path.sh'
[4.289s] Level 1:colcon.colcon_core.environment:checking '/home/new-sentry/Downloads/boom_ws/install/hik_camera_ros2_driver/lib'
[4.289s] Level 1:colcon.colcon_core.shell:create_environment_hook('hik_camera_ros2_driver', 'ld_library_path_lib')
[4.290s] INFO:colcon.colcon_core.shell:Creating environment hook '/home/new-sentry/Downloads/boom_ws/install/hik_camera_ros2_driver/share/hik_camera_ros2_driver/hook/ld_library_path_lib.ps1'
[4.290s] INFO:colcon.colcon_core.shell:Creating environment descriptor '/home/new-sentry/Downloads/boom_ws/install/hik_camera_ros2_driver/share/hik_camera_ros2_driver/hook/ld_library_path_lib.dsv'
[4.290s] INFO:colcon.colcon_core.shell:Creating environment hook '/home/new-sentry/Downloads/boom_ws/install/hik_camera_ros2_driver/share/hik_camera_ros2_driver/hook/ld_library_path_lib.sh'
[4.290s] Level 1:colcon.colcon_core.environment:checking '/home/new-sentry/Downloads/boom_ws/install/hik_camera_ros2_driver/bin'
[4.290s] Level 1:colcon.colcon_core.environment:checking '/home/new-sentry/Downloads/boom_ws/install/hik_camera_ros2_driver/lib/pkgconfig/hik_camera_ros2_driver.pc'
[4.290s] Level 1:colcon.colcon_core.environment:checking '/home/new-sentry/Downloads/boom_ws/install/hik_camera_ros2_driver/lib/python3.10/site-packages'
[4.291s] Level 1:colcon.colcon_core.environment:checking '/home/new-sentry/Downloads/boom_ws/install/hik_camera_ros2_driver/bin'
[4.291s] INFO:colcon.colcon_core.shell:Creating package script '/home/new-sentry/Downloads/boom_ws/install/hik_camera_ros2_driver/share/hik_camera_ros2_driver/package.ps1'
[4.291s] INFO:colcon.colcon_core.shell:Creating package descriptor '/home/new-sentry/Downloads/boom_ws/install/hik_camera_ros2_driver/share/hik_camera_ros2_driver/package.dsv'
[4.291s] INFO:colcon.colcon_core.shell:Creating package script '/home/new-sentry/Downloads/boom_ws/install/hik_camera_ros2_driver/share/hik_camera_ros2_driver/package.sh'
[4.292s] INFO:colcon.colcon_core.shell:Creating package script '/home/new-sentry/Downloads/boom_ws/install/hik_camera_ros2_driver/share/hik_camera_ros2_driver/package.bash'
[4.292s] INFO:colcon.colcon_core.shell:Creating package script '/home/new-sentry/Downloads/boom_ws/install/hik_camera_ros2_driver/share/hik_camera_ros2_driver/package.zsh'
[4.293s] Level 1:colcon.colcon_core.environment:create_file_with_runtime_dependencies(/home/new-sentry/Downloads/boom_ws/install/hik_camera_ros2_driver/share/colcon-core/packages/hik_camera_ros2_driver)
[4.293s] Level 1:colcon.colcon_core.environment:create_environment_scripts_only(hik_camera_ros2_driver)
[4.293s] Level 1:colcon.colcon_core.environment:checking '/home/new-sentry/Downloads/boom_ws/install/hik_camera_ros2_driver' for CMake module files
[4.293s] Level 1:colcon.colcon_core.environment:checking '/home/new-sentry/Downloads/boom_ws/install/hik_camera_ros2_driver' for CMake config files
[4.294s] Level 1:colcon.colcon_core.shell:create_environment_hook('hik_camera_ros2_driver', 'cmake_prefix_path')
[4.294s] INFO:colcon.colcon_core.shell:Creating environment hook '/home/new-sentry/Downloads/boom_ws/install/hik_camera_ros2_driver/share/hik_camera_ros2_driver/hook/cmake_prefix_path.ps1'
[4.294s] INFO:colcon.colcon_core.shell:Creating environment descriptor '/home/new-sentry/Downloads/boom_ws/install/hik_camera_ros2_driver/share/hik_camera_ros2_driver/hook/cmake_prefix_path.dsv'
[4.294s] INFO:colcon.colcon_core.shell:Creating environment hook '/home/new-sentry/Downloads/boom_ws/install/hik_camera_ros2_driver/share/hik_camera_ros2_driver/hook/cmake_prefix_path.sh'
[4.294s] Level 1:colcon.colcon_core.environment:checking '/home/new-sentry/Downloads/boom_ws/install/hik_camera_ros2_driver/lib'
[4.294s] Level 1:colcon.colcon_core.shell:create_environment_hook('hik_camera_ros2_driver', 'ld_library_path_lib')
[4.294s] INFO:colcon.colcon_core.shell:Creating environment hook '/home/new-sentry/Downloads/boom_ws/install/hik_camera_ros2_driver/share/hik_camera_ros2_driver/hook/ld_library_path_lib.ps1'
[4.295s] INFO:colcon.colcon_core.shell:Creating environment descriptor '/home/new-sentry/Downloads/boom_ws/install/hik_camera_ros2_driver/share/hik_camera_ros2_driver/hook/ld_library_path_lib.dsv'
[4.295s] INFO:colcon.colcon_core.shell:Creating environment hook '/home/new-sentry/Downloads/boom_ws/install/hik_camera_ros2_driver/share/hik_camera_ros2_driver/hook/ld_library_path_lib.sh'
[4.295s] Level 1:colcon.colcon_core.environment:checking '/home/new-sentry/Downloads/boom_ws/install/hik_camera_ros2_driver/bin'
[4.295s] Level 1:colcon.colcon_core.environment:checking '/home/new-sentry/Downloads/boom_ws/install/hik_camera_ros2_driver/lib/pkgconfig/hik_camera_ros2_driver.pc'
[4.295s] Level 1:colcon.colcon_core.environment:checking '/home/new-sentry/Downloads/boom_ws/install/hik_camera_ros2_driver/lib/python3.10/site-packages'
[4.295s] Level 1:colcon.colcon_core.environment:checking '/home/new-sentry/Downloads/boom_ws/install/hik_camera_ros2_driver/bin'
[4.295s] INFO:colcon.colcon_core.shell:Creating package script '/home/new-sentry/Downloads/boom_ws/install/hik_camera_ros2_driver/share/hik_camera_ros2_driver/package.ps1'
[4.296s] INFO:colcon.colcon_core.shell:Creating package descriptor '/home/new-sentry/Downloads/boom_ws/install/hik_camera_ros2_driver/share/hik_camera_ros2_driver/package.dsv'
[4.296s] INFO:colcon.colcon_core.shell:Creating package script '/home/new-sentry/Downloads/boom_ws/install/hik_camera_ros2_driver/share/hik_camera_ros2_driver/package.sh'
[4.296s] INFO:colcon.colcon_core.shell:Creating package script '/home/new-sentry/Downloads/boom_ws/install/hik_camera_ros2_driver/share/hik_camera_ros2_driver/package.bash'
[4.296s] INFO:colcon.colcon_core.shell:Creating package script '/home/new-sentry/Downloads/boom_ws/install/hik_camera_ros2_driver/share/hik_camera_ros2_driver/package.zsh'
[4.296s] Level 1:colcon.colcon_core.environment:create_file_with_runtime_dependencies(/home/new-sentry/Downloads/boom_ws/install/hik_camera_ros2_driver/share/colcon-core/packages/hik_camera_ros2_driver)
[4.502s] Level 1:colcon.colcon_core.environment:create_environment_scripts_only(vision_interfaces)
[4.503s] Level 1:colcon.colcon_core.environment:checking '/home/new-sentry/Downloads/boom_ws/install/vision_interfaces' for CMake module files
[4.503s] DEBUG:colcon.colcon_core.event_handler.log_command:Invoked command in '/home/new-sentry/Downloads/boom_ws/build/vision_interfaces' returned '0': CMAKE_PREFIX_PATH=/opt/ros/humble /usr/local/bin/cmake --install /home/new-sentry/Downloads/boom_ws/build/vision_interfaces
[4.503s] Level 1:colcon.colcon_core.environment:checking '/home/new-sentry/Downloads/boom_ws/install/vision_interfaces' for CMake config files
[4.504s] Level 1:colcon.colcon_core.shell:create_environment_hook('vision_interfaces', 'cmake_prefix_path')
[4.504s] INFO:colcon.colcon_core.shell:Creating environment hook '/home/new-sentry/Downloads/boom_ws/install/vision_interfaces/share/vision_interfaces/hook/cmake_prefix_path.ps1'
[4.504s] INFO:colcon.colcon_core.shell:Creating environment descriptor '/home/new-sentry/Downloads/boom_ws/install/vision_interfaces/share/vision_interfaces/hook/cmake_prefix_path.dsv'
[4.504s] INFO:colcon.colcon_core.shell:Creating environment hook '/home/new-sentry/Downloads/boom_ws/install/vision_interfaces/share/vision_interfaces/hook/cmake_prefix_path.sh'
[4.504s] Level 1:colcon.colcon_core.environment:checking '/home/new-sentry/Downloads/boom_ws/install/vision_interfaces/lib'
[4.504s] Level 1:colcon.colcon_core.shell:create_environment_hook('vision_interfaces', 'ld_library_path_lib')
[4.505s] INFO:colcon.colcon_core.shell:Creating environment hook '/home/new-sentry/Downloads/boom_ws/install/vision_interfaces/share/vision_interfaces/hook/ld_library_path_lib.ps1'
[4.505s] INFO:colcon.colcon_core.shell:Creating environment descriptor '/home/new-sentry/Downloads/boom_ws/install/vision_interfaces/share/vision_interfaces/hook/ld_library_path_lib.dsv'
[4.505s] INFO:colcon.colcon_core.shell:Creating environment hook '/home/new-sentry/Downloads/boom_ws/install/vision_interfaces/share/vision_interfaces/hook/ld_library_path_lib.sh'
[4.505s] Level 1:colcon.colcon_core.environment:checking '/home/new-sentry/Downloads/boom_ws/install/vision_interfaces/bin'
[4.505s] Level 1:colcon.colcon_core.environment:checking '/home/new-sentry/Downloads/boom_ws/install/vision_interfaces/lib/pkgconfig/vision_interfaces.pc'
[4.505s] Level 1:colcon.colcon_core.environment:checking '/home/new-sentry/Downloads/boom_ws/install/vision_interfaces/lib/python3.10/site-packages'
[4.505s] Level 1:colcon.colcon_core.environment:checking '/home/new-sentry/Downloads/boom_ws/install/vision_interfaces/bin'
[4.505s] INFO:colcon.colcon_core.shell:Creating package script '/home/new-sentry/Downloads/boom_ws/install/vision_interfaces/share/vision_interfaces/package.ps1'
[4.506s] INFO:colcon.colcon_core.shell:Creating package descriptor '/home/new-sentry/Downloads/boom_ws/install/vision_interfaces/share/vision_interfaces/package.dsv'
[4.506s] INFO:colcon.colcon_core.shell:Creating package script '/home/new-sentry/Downloads/boom_ws/install/vision_interfaces/share/vision_interfaces/package.sh'
[4.506s] INFO:colcon.colcon_core.shell:Creating package script '/home/new-sentry/Downloads/boom_ws/install/vision_interfaces/share/vision_interfaces/package.bash'
[4.506s] INFO:colcon.colcon_core.shell:Creating package script '/home/new-sentry/Downloads/boom_ws/install/vision_interfaces/share/vision_interfaces/package.zsh'
[4.506s] Level 1:colcon.colcon_core.environment:create_file_with_runtime_dependencies(/home/new-sentry/Downloads/boom_ws/install/vision_interfaces/share/colcon-core/packages/vision_interfaces)
[4.506s] Level 1:colcon.colcon_core.environment:create_environment_scripts_only(vision_interfaces)
[4.507s] Level 1:colcon.colcon_core.environment:checking '/home/new-sentry/Downloads/boom_ws/install/vision_interfaces' for CMake module files
[4.507s] Level 1:colcon.colcon_core.environment:checking '/home/new-sentry/Downloads/boom_ws/install/vision_interfaces' for CMake config files
[4.507s] Level 1:colcon.colcon_core.shell:create_environment_hook('vision_interfaces', 'cmake_prefix_path')
[4.507s] INFO:colcon.colcon_core.shell:Creating environment hook '/home/new-sentry/Downloads/boom_ws/install/vision_interfaces/share/vision_interfaces/hook/cmake_prefix_path.ps1'
[4.507s] INFO:colcon.colcon_core.shell:Creating environment descriptor '/home/new-sentry/Downloads/boom_ws/install/vision_interfaces/share/vision_interfaces/hook/cmake_prefix_path.dsv'
[4.508s] INFO:colcon.colcon_core.shell:Creating environment hook '/home/new-sentry/Downloads/boom_ws/install/vision_interfaces/share/vision_interfaces/hook/cmake_prefix_path.sh'
[4.508s] Level 1:colcon.colcon_core.environment:checking '/home/new-sentry/Downloads/boom_ws/install/vision_interfaces/lib'
[4.508s] Level 1:colcon.colcon_core.shell:create_environment_hook('vision_interfaces', 'ld_library_path_lib')
[4.508s] INFO:colcon.colcon_core.shell:Creating environment hook '/home/new-sentry/Downloads/boom_ws/install/vision_interfaces/share/vision_interfaces/hook/ld_library_path_lib.ps1'
[4.508s] INFO:colcon.colcon_core.shell:Creating environment descriptor '/home/new-sentry/Downloads/boom_ws/install/vision_interfaces/share/vision_interfaces/hook/ld_library_path_lib.dsv'
[4.508s] INFO:colcon.colcon_core.shell:Creating environment hook '/home/new-sentry/Downloads/boom_ws/install/vision_interfaces/share/vision_interfaces/hook/ld_library_path_lib.sh'
[4.508s] Level 1:colcon.colcon_core.environment:checking '/home/new-sentry/Downloads/boom_ws/install/vision_interfaces/bin'
[4.508s] Level 1:colcon.colcon_core.environment:checking '/home/new-sentry/Downloads/boom_ws/install/vision_interfaces/lib/pkgconfig/vision_interfaces.pc'
[4.509s] Level 1:colcon.colcon_core.environment:checking '/home/new-sentry/Downloads/boom_ws/install/vision_interfaces/lib/python3.10/site-packages'
[4.509s] Level 1:colcon.colcon_core.environment:checking '/home/new-sentry/Downloads/boom_ws/install/vision_interfaces/bin'
[4.509s] INFO:colcon.colcon_core.shell:Creating package script '/home/new-sentry/Downloads/boom_ws/install/vision_interfaces/share/vision_interfaces/package.ps1'
[4.509s] INFO:colcon.colcon_core.shell:Creating package descriptor '/home/new-sentry/Downloads/boom_ws/install/vision_interfaces/share/vision_interfaces/package.dsv'
[4.509s] INFO:colcon.colcon_core.shell:Creating package script '/home/new-sentry/Downloads/boom_ws/install/vision_interfaces/share/vision_interfaces/package.sh'
[4.509s] INFO:colcon.colcon_core.shell:Creating package script '/home/new-sentry/Downloads/boom_ws/install/vision_interfaces/share/vision_interfaces/package.bash'
[4.510s] INFO:colcon.colcon_core.shell:Creating package script '/home/new-sentry/Downloads/boom_ws/install/vision_interfaces/share/vision_interfaces/package.zsh'
[4.510s] Level 1:colcon.colcon_core.environment:create_file_with_runtime_dependencies(/home/new-sentry/Downloads/boom_ws/install/vision_interfaces/share/colcon-core/packages/vision_interfaces)
[4.510s] INFO:colcon.colcon_ros.task.ament_cmake.build:Building ROS package in '/home/new-sentry/Downloads/boom_ws/src/resolving' with build type 'ament_cmake'
[4.510s] INFO:colcon.colcon_cmake.task.cmake.build:Building CMake package in '/home/new-sentry/Downloads/boom_ws/src/resolving'
[4.510s] INFO:colcon.colcon_core.shell:Skip shell extension 'powershell' for command environment: Not usable outside of PowerShell
[4.510s] DEBUG:colcon.colcon_core.shell:Skip shell extension 'dsv' for command environment
[4.512s] INFO:colcon.colcon_ros.task.ament_cmake.build:Building ROS package in '/home/new-sentry/Downloads/boom_ws/src/serial' with build type 'ament_cmake'
[4.512s] INFO:colcon.colcon_cmake.task.cmake.build:Building CMake package in '/home/new-sentry/Downloads/boom_ws/src/serial'
[4.512s] INFO:colcon.colcon_core.shell:Skip shell extension 'powershell' for command environment: Not usable outside of PowerShell
[4.512s] DEBUG:colcon.colcon_core.shell:Skip shell extension 'dsv' for command environment
[4.517s] DEBUG:colcon.colcon_core.event_handler.log_command:Invoking command in '/home/new-sentry/Downloads/boom_ws/build/resolve': AMENT_PREFIX_PATH=/home/new-sentry/Downloads/boom_ws/install/vision_interfaces:${AMENT_PREFIX_PATH} CMAKE_PREFIX_PATH=/home/new-sentry/Downloads/boom_ws/install/vision_interfaces:/opt/ros/humble LD_LIBRARY_PATH=/home/new-sentry/Downloads/boom_ws/install/vision_interfaces/lib:/opt/MVS/lib/64:/opt/MVS/lib/32:/opt/ros/humble/opt/rviz_ogre_vendor/lib:/opt/ros/humble/lib/x86_64-linux-gnu:/opt/ros/humble/lib:/opt/MVS/lib/64:/opt/MVS/lib/32:/opt/MVS/lib/64:/opt/MVS/lib/32:/opt/MVS/lib/64:/opt/MVS/lib/32:/opt/MVS/lib/64:/opt/MVS/lib/32 PYTHONPATH=/home/new-sentry/Downloads/boom_ws/install/vision_interfaces/local/lib/python3.10/dist-packages:${PYTHONPATH} /usr/local/bin/cmake /home/new-sentry/Downloads/boom_ws/src/resolving -DCMAKE_BUILD_TYPE=Release -DAMENT_CMAKE_SYMLINK_INSTALL=1 -DCMAKE_INSTALL_PREFIX=/home/new-sentry/Downloads/boom_ws/install/resolve
[4.519s] DEBUG:colcon.colcon_core.event_handler.log_command:Invoking command in '/home/new-sentry/Downloads/boom_ws/build/serial': AMENT_PREFIX_PATH=/home/new-sentry/Downloads/boom_ws/install/vision_interfaces:${AMENT_PREFIX_PATH} CMAKE_PREFIX_PATH=/home/new-sentry/Downloads/boom_ws/install/vision_interfaces:/opt/ros/humble LD_LIBRARY_PATH=/home/new-sentry/Downloads/boom_ws/install/vision_interfaces/lib:/opt/MVS/lib/64:/opt/MVS/lib/32:/opt/ros/humble/opt/rviz_ogre_vendor/lib:/opt/ros/humble/lib/x86_64-linux-gnu:/opt/ros/humble/lib:/opt/MVS/lib/64:/opt/MVS/lib/32:/opt/MVS/lib/64:/opt/MVS/lib/32:/opt/MVS/lib/64:/opt/MVS/lib/32:/opt/MVS/lib/64:/opt/MVS/lib/32 PYTHONPATH=/home/new-sentry/Downloads/boom_ws/install/vision_interfaces/local/lib/python3.10/dist-packages:${PYTHONPATH} /usr/local/bin/cmake /home/new-sentry/Downloads/boom_ws/src/serial -DCMAKE_BUILD_TYPE=Release -DAMENT_CMAKE_SYMLINK_INSTALL=1 -DCMAKE_INSTALL_PREFIX=/home/new-sentry/Downloads/boom_ws/install/serial
[5.137s] DEBUG:colcon.colcon_core.event_handler.log_command:Invoked command in '/home/new-sentry/Downloads/boom_ws/build/display' returned '0': CMAKE_PREFIX_PATH=/opt/ros/humble /usr/local/bin/cmake --build /home/new-sentry/Downloads/boom_ws/build/display -- -j16 -l16
[5.138s] DEBUG:colcon.colcon_core.event_handler.log_command:Invoking command in '/home/new-sentry/Downloads/boom_ws/build/display': CMAKE_PREFIX_PATH=/opt/ros/humble /usr/local/bin/cmake --install /home/new-sentry/Downloads/boom_ws/build/display
[5.200s] Level 1:colcon.colcon_core.environment:create_environment_scripts_only(display)
[5.200s] Level 1:colcon.colcon_core.environment:checking '/home/new-sentry/Downloads/boom_ws/install/display' for CMake module files
[5.201s] DEBUG:colcon.colcon_core.event_handler.log_command:Invoked command in '/home/new-sentry/Downloads/boom_ws/build/display' returned '0': CMAKE_PREFIX_PATH=/opt/ros/humble /usr/local/bin/cmake --install /home/new-sentry/Downloads/boom_ws/build/display
[5.201s] Level 1:colcon.colcon_core.environment:checking '/home/new-sentry/Downloads/boom_ws/install/display' for CMake config files
[5.201s] Level 1:colcon.colcon_core.shell:create_environment_hook('display', 'cmake_prefix_path')
[5.201s] INFO:colcon.colcon_core.shell:Creating environment hook '/home/new-sentry/Downloads/boom_ws/install/display/share/display/hook/cmake_prefix_path.ps1'
[5.201s] INFO:colcon.colcon_core.shell:Creating environment descriptor '/home/new-sentry/Downloads/boom_ws/install/display/share/display/hook/cmake_prefix_path.dsv'
[5.201s] INFO:colcon.colcon_core.shell:Creating environment hook '/home/new-sentry/Downloads/boom_ws/install/display/share/display/hook/cmake_prefix_path.sh'
[5.202s] Level 1:colcon.colcon_core.environment:checking '/home/new-sentry/Downloads/boom_ws/install/display/lib'
[5.202s] Level 1:colcon.colcon_core.environment:checking '/home/new-sentry/Downloads/boom_ws/install/display/bin'
[5.202s] Level 1:colcon.colcon_core.environment:checking '/home/new-sentry/Downloads/boom_ws/install/display/lib/pkgconfig/display.pc'
[5.202s] Level 1:colcon.colcon_core.environment:checking '/home/new-sentry/Downloads/boom_ws/install/display/lib/python3.10/site-packages'
[5.202s] Level 1:colcon.colcon_core.environment:checking '/home/new-sentry/Downloads/boom_ws/install/display/bin'
[5.202s] INFO:colcon.colcon_core.shell:Creating package script '/home/new-sentry/Downloads/boom_ws/install/display/share/display/package.ps1'
[5.202s] INFO:colcon.colcon_core.shell:Creating package descriptor '/home/new-sentry/Downloads/boom_ws/install/display/share/display/package.dsv'
[5.203s] INFO:colcon.colcon_core.shell:Creating package script '/home/new-sentry/Downloads/boom_ws/install/display/share/display/package.sh'
[5.203s] INFO:colcon.colcon_core.shell:Creating package script '/home/new-sentry/Downloads/boom_ws/install/display/share/display/package.bash'
[5.203s] INFO:colcon.colcon_core.shell:Creating package script '/home/new-sentry/Downloads/boom_ws/install/display/share/display/package.zsh'
[5.203s] Level 1:colcon.colcon_core.environment:create_file_with_runtime_dependencies(/home/new-sentry/Downloads/boom_ws/install/display/share/colcon-core/packages/display)
[5.203s] Level 1:colcon.colcon_core.environment:create_environment_scripts_only(display)
[5.204s] Level 1:colcon.colcon_core.environment:checking '/home/new-sentry/Downloads/boom_ws/install/display' for CMake module files
[5.204s] Level 1:colcon.colcon_core.environment:checking '/home/new-sentry/Downloads/boom_ws/install/display' for CMake config files
[5.204s] Level 1:colcon.colcon_core.shell:create_environment_hook('display', 'cmake_prefix_path')
[5.204s] INFO:colcon.colcon_core.shell:Creating environment hook '/home/new-sentry/Downloads/boom_ws/install/display/share/display/hook/cmake_prefix_path.ps1'
[5.204s] INFO:colcon.colcon_core.shell:Creating environment descriptor '/home/new-sentry/Downloads/boom_ws/install/display/share/display/hook/cmake_prefix_path.dsv'
[5.204s] INFO:colcon.colcon_core.shell:Creating environment hook '/home/new-sentry/Downloads/boom_ws/install/display/share/display/hook/cmake_prefix_path.sh'
[5.205s] Level 1:colcon.colcon_core.environment:checking '/home/new-sentry/Downloads/boom_ws/install/display/lib'
[5.205s] Level 1:colcon.colcon_core.environment:checking '/home/new-sentry/Downloads/boom_ws/install/display/bin'
[5.205s] Level 1:colcon.colcon_core.environment:checking '/home/new-sentry/Downloads/boom_ws/install/display/lib/pkgconfig/display.pc'
[5.205s] Level 1:colcon.colcon_core.environment:checking '/home/new-sentry/Downloads/boom_ws/install/display/lib/python3.10/site-packages'
[5.205s] Level 1:colcon.colcon_core.environment:checking '/home/new-sentry/Downloads/boom_ws/install/display/bin'
[5.205s] INFO:colcon.colcon_core.shell:Creating package script '/home/new-sentry/Downloads/boom_ws/install/display/share/display/package.ps1'
[5.205s] INFO:colcon.colcon_core.shell:Creating package descriptor '/home/new-sentry/Downloads/boom_ws/install/display/share/display/package.dsv'
[5.205s] INFO:colcon.colcon_core.shell:Creating package script '/home/new-sentry/Downloads/boom_ws/install/display/share/display/package.sh'
[5.205s] INFO:colcon.colcon_core.shell:Creating package script '/home/new-sentry/Downloads/boom_ws/install/display/share/display/package.bash'
[5.206s] INFO:colcon.colcon_core.shell:Creating package script '/home/new-sentry/Downloads/boom_ws/install/display/share/display/package.zsh'
[5.206s] Level 1:colcon.colcon_core.environment:create_file_with_runtime_dependencies(/home/new-sentry/Downloads/boom_ws/install/display/share/colcon-core/packages/display)
[5.983s] DEBUG:colcon.colcon_core.event_handler.log_command:Invoked command in '/home/new-sentry/Downloads/boom_ws/build/resolve' returned '0': AMENT_PREFIX_PATH=/home/new-sentry/Downloads/boom_ws/install/vision_interfaces:${AMENT_PREFIX_PATH} CMAKE_PREFIX_PATH=/home/new-sentry/Downloads/boom_ws/install/vision_interfaces:/opt/ros/humble LD_LIBRARY_PATH=/home/new-sentry/Downloads/boom_ws/install/vision_interfaces/lib:/opt/MVS/lib/64:/opt/MVS/lib/32:/opt/ros/humble/opt/rviz_ogre_vendor/lib:/opt/ros/humble/lib/x86_64-linux-gnu:/opt/ros/humble/lib:/opt/MVS/lib/64:/opt/MVS/lib/32:/opt/MVS/lib/64:/opt/MVS/lib/32:/opt/MVS/lib/64:/opt/MVS/lib/32:/opt/MVS/lib/64:/opt/MVS/lib/32 PYTHONPATH=/home/new-sentry/Downloads/boom_ws/install/vision_interfaces/local/lib/python3.10/dist-packages:${PYTHONPATH} /usr/local/bin/cmake /home/new-sentry/Downloads/boom_ws/src/resolving -DCMAKE_BUILD_TYPE=Release -DAMENT_CMAKE_SYMLINK_INSTALL=1 -DCMAKE_INSTALL_PREFIX=/home/new-sentry/Downloads/boom_ws/install/resolve
[5.984s] DEBUG:colcon.colcon_core.event_handler.log_command:Invoking command in '/home/new-sentry/Downloads/boom_ws/build/resolve': AMENT_PREFIX_PATH=/home/new-sentry/Downloads/boom_ws/install/vision_interfaces:${AMENT_PREFIX_PATH} CMAKE_PREFIX_PATH=/home/new-sentry/Downloads/boom_ws/install/vision_interfaces:/opt/ros/humble LD_LIBRARY_PATH=/home/new-sentry/Downloads/boom_ws/install/vision_interfaces/lib:/opt/MVS/lib/64:/opt/MVS/lib/32:/opt/ros/humble/opt/rviz_ogre_vendor/lib:/opt/ros/humble/lib/x86_64-linux-gnu:/opt/ros/humble/lib:/opt/MVS/lib/64:/opt/MVS/lib/32:/opt/MVS/lib/64:/opt/MVS/lib/32:/opt/MVS/lib/64:/opt/MVS/lib/32:/opt/MVS/lib/64:/opt/MVS/lib/32 PYTHONPATH=/home/new-sentry/Downloads/boom_ws/install/vision_interfaces/local/lib/python3.10/dist-packages:${PYTHONPATH} /usr/local/bin/cmake --build /home/new-sentry/Downloads/boom_ws/build/resolve -- -j16 -l16
[5.985s] DEBUG:colcon.colcon_core.event_handler.log_command:Invoked command in '/home/new-sentry/Downloads/boom_ws/build/serial' returned '0': AMENT_PREFIX_PATH=/home/new-sentry/Downloads/boom_ws/install/vision_interfaces:${AMENT_PREFIX_PATH} CMAKE_PREFIX_PATH=/home/new-sentry/Downloads/boom_ws/install/vision_interfaces:/opt/ros/humble LD_LIBRARY_PATH=/home/new-sentry/Downloads/boom_ws/install/vision_interfaces/lib:/opt/MVS/lib/64:/opt/MVS/lib/32:/opt/ros/humble/opt/rviz_ogre_vendor/lib:/opt/ros/humble/lib/x86_64-linux-gnu:/opt/ros/humble/lib:/opt/MVS/lib/64:/opt/MVS/lib/32:/opt/MVS/lib/64:/opt/MVS/lib/32:/opt/MVS/lib/64:/opt/MVS/lib/32:/opt/MVS/lib/64:/opt/MVS/lib/32 PYTHONPATH=/home/new-sentry/Downloads/boom_ws/install/vision_interfaces/local/lib/python3.10/dist-packages:${PYTHONPATH} /usr/local/bin/cmake /home/new-sentry/Downloads/boom_ws/src/serial -DCMAKE_BUILD_TYPE=Release -DAMENT_CMAKE_SYMLINK_INSTALL=1 -DCMAKE_INSTALL_PREFIX=/home/new-sentry/Downloads/boom_ws/install/serial
[5.986s] DEBUG:colcon.colcon_core.event_handler.log_command:Invoking command in '/home/new-sentry/Downloads/boom_ws/build/serial': AMENT_PREFIX_PATH=/home/new-sentry/Downloads/boom_ws/install/vision_interfaces:${AMENT_PREFIX_PATH} CMAKE_PREFIX_PATH=/home/new-sentry/Downloads/boom_ws/install/vision_interfaces:/opt/ros/humble LD_LIBRARY_PATH=/home/new-sentry/Downloads/boom_ws/install/vision_interfaces/lib:/opt/MVS/lib/64:/opt/MVS/lib/32:/opt/ros/humble/opt/rviz_ogre_vendor/lib:/opt/ros/humble/lib/x86_64-linux-gnu:/opt/ros/humble/lib:/opt/MVS/lib/64:/opt/MVS/lib/32:/opt/MVS/lib/64:/opt/MVS/lib/32:/opt/MVS/lib/64:/opt/MVS/lib/32:/opt/MVS/lib/64:/opt/MVS/lib/32 PYTHONPATH=/home/new-sentry/Downloads/boom_ws/install/vision_interfaces/local/lib/python3.10/dist-packages:${PYTHONPATH} /usr/local/bin/cmake --build /home/new-sentry/Downloads/boom_ws/build/serial -- -j16 -l16
[10.246s] DEBUG:colcon.colcon_core.event_handler.log_command:Invoked command in '/home/new-sentry/Downloads/boom_ws/build/resolve' returned '0': AMENT_PREFIX_PATH=/home/new-sentry/Downloads/boom_ws/install/vision_interfaces:${AMENT_PREFIX_PATH} CMAKE_PREFIX_PATH=/home/new-sentry/Downloads/boom_ws/install/vision_interfaces:/opt/ros/humble LD_LIBRARY_PATH=/home/new-sentry/Downloads/boom_ws/install/vision_interfaces/lib:/opt/MVS/lib/64:/opt/MVS/lib/32:/opt/ros/humble/opt/rviz_ogre_vendor/lib:/opt/ros/humble/lib/x86_64-linux-gnu:/opt/ros/humble/lib:/opt/MVS/lib/64:/opt/MVS/lib/32:/opt/MVS/lib/64:/opt/MVS/lib/32:/opt/MVS/lib/64:/opt/MVS/lib/32:/opt/MVS/lib/64:/opt/MVS/lib/32 PYTHONPATH=/home/new-sentry/Downloads/boom_ws/install/vision_interfaces/local/lib/python3.10/dist-packages:${PYTHONPATH} /usr/local/bin/cmake --build /home/new-sentry/Downloads/boom_ws/build/resolve -- -j16 -l16
[10.247s] DEBUG:colcon.colcon_core.event_handler.log_command:Invoking command in '/home/new-sentry/Downloads/boom_ws/build/resolve': AMENT_PREFIX_PATH=/home/new-sentry/Downloads/boom_ws/install/vision_interfaces:${AMENT_PREFIX_PATH} CMAKE_PREFIX_PATH=/home/new-sentry/Downloads/boom_ws/install/vision_interfaces:/opt/ros/humble LD_LIBRARY_PATH=/home/new-sentry/Downloads/boom_ws/install/vision_interfaces/lib:/opt/MVS/lib/64:/opt/MVS/lib/32:/opt/ros/humble/opt/rviz_ogre_vendor/lib:/opt/ros/humble/lib/x86_64-linux-gnu:/opt/ros/humble/lib:/opt/MVS/lib/64:/opt/MVS/lib/32:/opt/MVS/lib/64:/opt/MVS/lib/32:/opt/MVS/lib/64:/opt/MVS/lib/32:/opt/MVS/lib/64:/opt/MVS/lib/32 PYTHONPATH=/home/new-sentry/Downloads/boom_ws/install/vision_interfaces/local/lib/python3.10/dist-packages:${PYTHONPATH} /usr/local/bin/cmake --install /home/new-sentry/Downloads/boom_ws/build/resolve
[10.307s] Level 1:colcon.colcon_core.environment:create_environment_scripts_only(resolve)
[10.308s] Level 1:colcon.colcon_core.environment:checking '/home/new-sentry/Downloads/boom_ws/install/resolve' for CMake module files
[10.308s] DEBUG:colcon.colcon_core.event_handler.log_command:Invoked command in '/home/new-sentry/Downloads/boom_ws/build/resolve' returned '0': AMENT_PREFIX_PATH=/home/new-sentry/Downloads/boom_ws/install/vision_interfaces:${AMENT_PREFIX_PATH} CMAKE_PREFIX_PATH=/home/new-sentry/Downloads/boom_ws/install/vision_interfaces:/opt/ros/humble LD_LIBRARY_PATH=/home/new-sentry/Downloads/boom_ws/install/vision_interfaces/lib:/opt/MVS/lib/64:/opt/MVS/lib/32:/opt/ros/humble/opt/rviz_ogre_vendor/lib:/opt/ros/humble/lib/x86_64-linux-gnu:/opt/ros/humble/lib:/opt/MVS/lib/64:/opt/MVS/lib/32:/opt/MVS/lib/64:/opt/MVS/lib/32:/opt/MVS/lib/64:/opt/MVS/lib/32:/opt/MVS/lib/64:/opt/MVS/lib/32 PYTHONPATH=/home/new-sentry/Downloads/boom_ws/install/vision_interfaces/local/lib/python3.10/dist-packages:${PYTHONPATH} /usr/local/bin/cmake --install /home/new-sentry/Downloads/boom_ws/build/resolve
[10.308s] Level 1:colcon.colcon_core.environment:checking '/home/new-sentry/Downloads/boom_ws/install/resolve' for CMake config files
[10.308s] Level 1:colcon.colcon_core.shell:create_environment_hook('resolve', 'cmake_prefix_path')
[10.308s] INFO:colcon.colcon_core.shell:Creating environment hook '/home/new-sentry/Downloads/boom_ws/install/resolve/share/resolve/hook/cmake_prefix_path.ps1'
[10.309s] INFO:colcon.colcon_core.shell:Creating environment descriptor '/home/new-sentry/Downloads/boom_ws/install/resolve/share/resolve/hook/cmake_prefix_path.dsv'
[10.309s] INFO:colcon.colcon_core.shell:Creating environment hook '/home/new-sentry/Downloads/boom_ws/install/resolve/share/resolve/hook/cmake_prefix_path.sh'
[10.309s] Level 1:colcon.colcon_core.environment:checking '/home/new-sentry/Downloads/boom_ws/install/resolve/lib'
[10.309s] Level 1:colcon.colcon_core.environment:checking '/home/new-sentry/Downloads/boom_ws/install/resolve/bin'
[10.309s] Level 1:colcon.colcon_core.environment:checking '/home/new-sentry/Downloads/boom_ws/install/resolve/lib/pkgconfig/resolve.pc'
[10.309s] Level 1:colcon.colcon_core.environment:checking '/home/new-sentry/Downloads/boom_ws/install/resolve/lib/python3.10/site-packages'
[10.309s] Level 1:colcon.colcon_core.environment:checking '/home/new-sentry/Downloads/boom_ws/install/resolve/bin'
[10.310s] INFO:colcon.colcon_core.shell:Creating package script '/home/new-sentry/Downloads/boom_ws/install/resolve/share/resolve/package.ps1'
[10.310s] INFO:colcon.colcon_core.shell:Creating package descriptor '/home/new-sentry/Downloads/boom_ws/install/resolve/share/resolve/package.dsv'
[10.310s] INFO:colcon.colcon_core.shell:Creating package script '/home/new-sentry/Downloads/boom_ws/install/resolve/share/resolve/package.sh'
[10.310s] INFO:colcon.colcon_core.shell:Creating package script '/home/new-sentry/Downloads/boom_ws/install/resolve/share/resolve/package.bash'
[10.310s] INFO:colcon.colcon_core.shell:Creating package script '/home/new-sentry/Downloads/boom_ws/install/resolve/share/resolve/package.zsh'
[10.310s] Level 1:colcon.colcon_core.environment:create_file_with_runtime_dependencies(/home/new-sentry/Downloads/boom_ws/install/resolve/share/colcon-core/packages/resolve)
[10.311s] Level 1:colcon.colcon_core.environment:create_environment_scripts_only(resolve)
[10.311s] Level 1:colcon.colcon_core.environment:checking '/home/new-sentry/Downloads/boom_ws/install/resolve' for CMake module files
[10.311s] Level 1:colcon.colcon_core.environment:checking '/home/new-sentry/Downloads/boom_ws/install/resolve' for CMake config files
[10.311s] Level 1:colcon.colcon_core.shell:create_environment_hook('resolve', 'cmake_prefix_path')
[10.311s] INFO:colcon.colcon_core.shell:Creating environment hook '/home/new-sentry/Downloads/boom_ws/install/resolve/share/resolve/hook/cmake_prefix_path.ps1'
[10.311s] INFO:colcon.colcon_core.shell:Creating environment descriptor '/home/new-sentry/Downloads/boom_ws/install/resolve/share/resolve/hook/cmake_prefix_path.dsv'
[10.311s] INFO:colcon.colcon_core.shell:Creating environment hook '/home/new-sentry/Downloads/boom_ws/install/resolve/share/resolve/hook/cmake_prefix_path.sh'
[10.312s] Level 1:colcon.colcon_core.environment:checking '/home/new-sentry/Downloads/boom_ws/install/resolve/lib'
[10.312s] Level 1:colcon.colcon_core.environment:checking '/home/new-sentry/Downloads/boom_ws/install/resolve/bin'
[10.312s] Level 1:colcon.colcon_core.environment:checking '/home/new-sentry/Downloads/boom_ws/install/resolve/lib/pkgconfig/resolve.pc'
[10.312s] Level 1:colcon.colcon_core.environment:checking '/home/new-sentry/Downloads/boom_ws/install/resolve/lib/python3.10/site-packages'
[10.312s] Level 1:colcon.colcon_core.environment:checking '/home/new-sentry/Downloads/boom_ws/install/resolve/bin'
[10.312s] INFO:colcon.colcon_core.shell:Creating package script '/home/new-sentry/Downloads/boom_ws/install/resolve/share/resolve/package.ps1'
[10.312s] INFO:colcon.colcon_core.shell:Creating package descriptor '/home/new-sentry/Downloads/boom_ws/install/resolve/share/resolve/package.dsv'
[10.312s] INFO:colcon.colcon_core.shell:Creating package script '/home/new-sentry/Downloads/boom_ws/install/resolve/share/resolve/package.sh'
[10.313s] INFO:colcon.colcon_core.shell:Creating package script '/home/new-sentry/Downloads/boom_ws/install/resolve/share/resolve/package.bash'
[10.313s] INFO:colcon.colcon_core.shell:Creating package script '/home/new-sentry/Downloads/boom_ws/install/resolve/share/resolve/package.zsh'
[10.313s] Level 1:colcon.colcon_core.environment:create_file_with_runtime_dependencies(/home/new-sentry/Downloads/boom_ws/install/resolve/share/colcon-core/packages/resolve)
[12.100s] DEBUG:colcon.colcon_core.event_handler.log_command:Invoked command in '/home/new-sentry/Downloads/boom_ws/build/serial' returned '0': AMENT_PREFIX_PATH=/home/new-sentry/Downloads/boom_ws/install/vision_interfaces:${AMENT_PREFIX_PATH} CMAKE_PREFIX_PATH=/home/new-sentry/Downloads/boom_ws/install/vision_interfaces:/opt/ros/humble LD_LIBRARY_PATH=/home/new-sentry/Downloads/boom_ws/install/vision_interfaces/lib:/opt/MVS/lib/64:/opt/MVS/lib/32:/opt/ros/humble/opt/rviz_ogre_vendor/lib:/opt/ros/humble/lib/x86_64-linux-gnu:/opt/ros/humble/lib:/opt/MVS/lib/64:/opt/MVS/lib/32:/opt/MVS/lib/64:/opt/MVS/lib/32:/opt/MVS/lib/64:/opt/MVS/lib/32:/opt/MVS/lib/64:/opt/MVS/lib/32 PYTHONPATH=/home/new-sentry/Downloads/boom_ws/install/vision_interfaces/local/lib/python3.10/dist-packages:${PYTHONPATH} /usr/local/bin/cmake --build /home/new-sentry/Downloads/boom_ws/build/serial -- -j16 -l16
[12.101s] DEBUG:colcon.colcon_core.event_handler.log_command:Invoking command in '/home/new-sentry/Downloads/boom_ws/build/serial': AMENT_PREFIX_PATH=/home/new-sentry/Downloads/boom_ws/install/vision_interfaces:${AMENT_PREFIX_PATH} CMAKE_PREFIX_PATH=/home/new-sentry/Downloads/boom_ws/install/vision_interfaces:/opt/ros/humble LD_LIBRARY_PATH=/home/new-sentry/Downloads/boom_ws/install/vision_interfaces/lib:/opt/MVS/lib/64:/opt/MVS/lib/32:/opt/ros/humble/opt/rviz_ogre_vendor/lib:/opt/ros/humble/lib/x86_64-linux-gnu:/opt/ros/humble/lib:/opt/MVS/lib/64:/opt/MVS/lib/32:/opt/MVS/lib/64:/opt/MVS/lib/32:/opt/MVS/lib/64:/opt/MVS/lib/32:/opt/MVS/lib/64:/opt/MVS/lib/32 PYTHONPATH=/home/new-sentry/Downloads/boom_ws/install/vision_interfaces/local/lib/python3.10/dist-packages:${PYTHONPATH} /usr/local/bin/cmake --install /home/new-sentry/Downloads/boom_ws/build/serial
[12.161s] Level 1:colcon.colcon_core.environment:create_environment_scripts_only(serial)
[12.161s] DEBUG:colcon.colcon_core.event_handler.log_command:Invoked command in '/home/new-sentry/Downloads/boom_ws/build/serial' returned '0': AMENT_PREFIX_PATH=/home/new-sentry/Downloads/boom_ws/install/vision_interfaces:${AMENT_PREFIX_PATH} CMAKE_PREFIX_PATH=/home/new-sentry/Downloads/boom_ws/install/vision_interfaces:/opt/ros/humble LD_LIBRARY_PATH=/home/new-sentry/Downloads/boom_ws/install/vision_interfaces/lib:/opt/MVS/lib/64:/opt/MVS/lib/32:/opt/ros/humble/opt/rviz_ogre_vendor/lib:/opt/ros/humble/lib/x86_64-linux-gnu:/opt/ros/humble/lib:/opt/MVS/lib/64:/opt/MVS/lib/32:/opt/MVS/lib/64:/opt/MVS/lib/32:/opt/MVS/lib/64:/opt/MVS/lib/32:/opt/MVS/lib/64:/opt/MVS/lib/32 PYTHONPATH=/home/new-sentry/Downloads/boom_ws/install/vision_interfaces/local/lib/python3.10/dist-packages:${PYTHONPATH} /usr/local/bin/cmake --install /home/new-sentry/Downloads/boom_ws/build/serial
[12.161s] Level 1:colcon.colcon_core.environment:checking '/home/new-sentry/Downloads/boom_ws/install/serial' for CMake module files
[12.162s] Level 1:colcon.colcon_core.environment:checking '/home/new-sentry/Downloads/boom_ws/install/serial' for CMake config files
[12.162s] Level 1:colcon.colcon_core.shell:create_environment_hook('serial', 'cmake_prefix_path')
[12.162s] INFO:colcon.colcon_core.shell:Creating environment hook '/home/new-sentry/Downloads/boom_ws/install/serial/share/serial/hook/cmake_prefix_path.ps1'
[12.162s] INFO:colcon.colcon_core.shell:Creating environment descriptor '/home/new-sentry/Downloads/boom_ws/install/serial/share/serial/hook/cmake_prefix_path.dsv'
[12.162s] INFO:colcon.colcon_core.shell:Creating environment hook '/home/new-sentry/Downloads/boom_ws/install/serial/share/serial/hook/cmake_prefix_path.sh'
[12.163s] Level 1:colcon.colcon_core.environment:checking '/home/new-sentry/Downloads/boom_ws/install/serial/lib'
[12.163s] Level 1:colcon.colcon_core.environment:checking '/home/new-sentry/Downloads/boom_ws/install/serial/bin'
[12.163s] Level 1:colcon.colcon_core.environment:checking '/home/new-sentry/Downloads/boom_ws/install/serial/lib/pkgconfig/serial.pc'
[12.163s] Level 1:colcon.colcon_core.environment:checking '/home/new-sentry/Downloads/boom_ws/install/serial/lib/python3.10/site-packages'
[12.163s] Level 1:colcon.colcon_core.environment:checking '/home/new-sentry/Downloads/boom_ws/install/serial/bin'
[12.163s] INFO:colcon.colcon_core.shell:Creating package script '/home/new-sentry/Downloads/boom_ws/install/serial/share/serial/package.ps1'
[12.163s] INFO:colcon.colcon_core.shell:Creating package descriptor '/home/new-sentry/Downloads/boom_ws/install/serial/share/serial/package.dsv'
[12.163s] INFO:colcon.colcon_core.shell:Creating package script '/home/new-sentry/Downloads/boom_ws/install/serial/share/serial/package.sh'
[12.164s] INFO:colcon.colcon_core.shell:Creating package script '/home/new-sentry/Downloads/boom_ws/install/serial/share/serial/package.bash'
[12.164s] INFO:colcon.colcon_core.shell:Creating package script '/home/new-sentry/Downloads/boom_ws/install/serial/share/serial/package.zsh'
[12.164s] Level 1:colcon.colcon_core.environment:create_file_with_runtime_dependencies(/home/new-sentry/Downloads/boom_ws/install/serial/share/colcon-core/packages/serial)
[12.164s] Level 1:colcon.colcon_core.environment:create_environment_scripts_only(serial)
[12.164s] Level 1:colcon.colcon_core.environment:checking '/home/new-sentry/Downloads/boom_ws/install/serial' for CMake module files
[12.164s] Level 1:colcon.colcon_core.environment:checking '/home/new-sentry/Downloads/boom_ws/install/serial' for CMake config files
[12.164s] Level 1:colcon.colcon_core.shell:create_environment_hook('serial', 'cmake_prefix_path')
[12.165s] INFO:colcon.colcon_core.shell:Creating environment hook '/home/new-sentry/Downloads/boom_ws/install/serial/share/serial/hook/cmake_prefix_path.ps1'
[12.165s] INFO:colcon.colcon_core.shell:Creating environment descriptor '/home/new-sentry/Downloads/boom_ws/install/serial/share/serial/hook/cmake_prefix_path.dsv'
[12.165s] INFO:colcon.colcon_core.shell:Creating environment hook '/home/new-sentry/Downloads/boom_ws/install/serial/share/serial/hook/cmake_prefix_path.sh'
[12.165s] Level 1:colcon.colcon_core.environment:checking '/home/new-sentry/Downloads/boom_ws/install/serial/lib'
[12.165s] Level 1:colcon.colcon_core.environment:checking '/home/new-sentry/Downloads/boom_ws/install/serial/bin'
[12.165s] Level 1:colcon.colcon_core.environment:checking '/home/new-sentry/Downloads/boom_ws/install/serial/lib/pkgconfig/serial.pc'
[12.165s] Level 1:colcon.colcon_core.environment:checking '/home/new-sentry/Downloads/boom_ws/install/serial/lib/python3.10/site-packages'
[12.165s] Level 1:colcon.colcon_core.environment:checking '/home/new-sentry/Downloads/boom_ws/install/serial/bin'
[12.166s] INFO:colcon.colcon_core.shell:Creating package script '/home/new-sentry/Downloads/boom_ws/install/serial/share/serial/package.ps1'
[12.166s] INFO:colcon.colcon_core.shell:Creating package descriptor '/home/new-sentry/Downloads/boom_ws/install/serial/share/serial/package.dsv'
[12.166s] INFO:colcon.colcon_core.shell:Creating package script '/home/new-sentry/Downloads/boom_ws/install/serial/share/serial/package.sh'
[12.166s] INFO:colcon.colcon_core.shell:Creating package script '/home/new-sentry/Downloads/boom_ws/install/serial/share/serial/package.bash'
[12.166s] INFO:colcon.colcon_core.shell:Creating package script '/home/new-sentry/Downloads/boom_ws/install/serial/share/serial/package.zsh'
[12.166s] Level 1:colcon.colcon_core.environment:create_file_with_runtime_dependencies(/home/new-sentry/Downloads/boom_ws/install/serial/share/colcon-core/packages/serial)
[12.167s] DEBUG:colcon.colcon_parallel_executor.executor.parallel:closing loop
[12.167s] DEBUG:colcon.colcon_parallel_executor.executor.parallel:loop closed
[12.167s] DEBUG:colcon.colcon_parallel_executor.executor.parallel:run_until_complete finished with '0'
[12.167s] DEBUG:colcon.colcon_core.event_reactor:joining thread
[12.170s] INFO:colcon.colcon_core.plugin_system:Skipping extension 'colcon_notification.desktop_notification.terminal_notifier': Not used on non-Darwin systems
[12.170s] INFO:colcon.colcon_core.plugin_system:Skipping extension 'colcon_notification.desktop_notification.win32': Not used on non-Windows systems
[12.170s] INFO:colcon.colcon_notification.desktop_notification:Sending desktop notification using 'notify2'
[12.180s] DEBUG:colcon.colcon_core.event_reactor:joined thread
[12.180s] INFO:colcon.colcon_core.shell:Creating prefix script '/home/new-sentry/Downloads/boom_ws/install/local_setup.ps1'
[12.181s] INFO:colcon.colcon_core.shell:Creating prefix util module '/home/new-sentry/Downloads/boom_ws/install/_local_setup_util_ps1.py'
[12.182s] INFO:colcon.colcon_core.shell:Creating prefix chain script '/home/new-sentry/Downloads/boom_ws/install/setup.ps1'
[12.182s] INFO:colcon.colcon_core.shell:Creating prefix script '/home/new-sentry/Downloads/boom_ws/install/local_setup.sh'
[12.183s] INFO:colcon.colcon_core.shell:Creating prefix util module '/home/new-sentry/Downloads/boom_ws/install/_local_setup_util_sh.py'
[12.183s] INFO:colcon.colcon_core.shell:Creating prefix chain script '/home/new-sentry/Downloads/boom_ws/install/setup.sh'
[12.184s] INFO:colcon.colcon_core.shell:Creating prefix script '/home/new-sentry/Downloads/boom_ws/install/local_setup.bash'
[12.184s] INFO:colcon.colcon_core.shell:Creating prefix chain script '/home/new-sentry/Downloads/boom_ws/install/setup.bash'
[12.184s] INFO:colcon.colcon_core.shell:Creating prefix script '/home/new-sentry/Downloads/boom_ws/install/local_setup.zsh'
[12.185s] INFO:colcon.colcon_core.shell:Creating prefix chain script '/home/new-sentry/Downloads/boom_ws/install/setup.zsh'
