[0.022s] Invoking command in '/home/new-sentry/Desktop/boom_ws/build/vision_interfaces': CMAKE_PREFIX_PATH=${CMAKE_PREFIX_PATH}:/opt/ros/humble /usr/local/bin/cmake --build /home/new-sentry/Desktop/boom_ws/build/vision_interfaces -- -j16 -l16
[0.068s] [  2%] Built target vision_interfaces__cpp
[0.074s] [ 12%] Built target vision_interfaces__rosidl_generator_c
[0.081s] [ 12%] Built target ament_cmake_python_copy_vision_interfaces
[0.089s] [ 23%] Built target vision_interfaces__rosidl_typesupport_fastrtps_cpp
[0.090s] [ 33%] Built target vision_interfaces__rosidl_typesupport_introspection_cpp
[0.090s] [ 43%] Built target vision_interfaces__rosidl_typesupport_cpp
[0.093s] [ 53%] Built target vision_interfaces__rosidl_typesupport_introspection_c
[0.097s] [ 74%] Built target vision_interfaces__rosidl_typesupport_c
[0.097s] [ 74%] Built target vision_interfaces__rosidl_typesupport_fastrtps_c
[0.117s] [ 74%] Built target vision_interfaces
[0.137s] [ 76%] Built target vision_interfaces__py
[0.164s] [ 84%] Built target vision_interfaces__rosidl_generator_py
[0.187s] [100%] Built target vision_interfaces__rosidl_typesupport_fastrtps_c__pyext
[0.187s] [100%] Built target vision_interfaces__rosidl_typesupport_introspection_c__pyext
[0.187s] [100%] Built target vision_interfaces__rosidl_typesupport_c__pyext
[0.340s] running egg_info
[0.343s] writing vision_interfaces.egg-info/PKG-INFO
[0.343s] writing dependency_links to vision_interfaces.egg-info/dependency_links.txt
[0.343s] writing top-level names to vision_interfaces.egg-info/top_level.txt
[0.346s] reading manifest file 'vision_interfaces.egg-info/SOURCES.txt'
[0.347s] writing manifest file 'vision_interfaces.egg-info/SOURCES.txt'
[0.425s] [100%] Built target ament_cmake_python_build_vision_interfaces_egg
[0.441s] Invoked command in '/home/new-sentry/Desktop/boom_ws/build/vision_interfaces' returned '0': CMAKE_PREFIX_PATH=${CMAKE_PREFIX_PATH}:/opt/ros/humble /usr/local/bin/cmake --build /home/new-sentry/Desktop/boom_ws/build/vision_interfaces -- -j16 -l16
[0.443s] Invoking command in '/home/new-sentry/Desktop/boom_ws/build/vision_interfaces': CMAKE_PREFIX_PATH=${CMAKE_PREFIX_PATH}:/opt/ros/humble /usr/local/bin/cmake --install /home/new-sentry/Desktop/boom_ws/build/vision_interfaces
[0.452s] -- Install configuration: ""
[0.452s] -- Up-to-date: /home/new-sentry/Desktop/boom_ws/install/vision_interfaces/share/ament_index/resource_index/rosidl_interfaces/vision_interfaces
[0.452s] -- Up-to-date: /home/new-sentry/Desktop/boom_ws/install/vision_interfaces/include/vision_interfaces/vision_interfaces
[0.453s] -- Up-to-date: /home/new-sentry/Desktop/boom_ws/install/vision_interfaces/include/vision_interfaces/vision_interfaces/msg
[0.453s] -- Up-to-date: /home/new-sentry/Desktop/boom_ws/install/vision_interfaces/include/vision_interfaces/vision_interfaces/msg/detail
[0.453s] -- Up-to-date: /home/new-sentry/Desktop/boom_ws/install/vision_interfaces/include/vision_interfaces/vision_interfaces/msg/detail/uart__functions.h
[0.453s] -- Up-to-date: /home/new-sentry/Desktop/boom_ws/install/vision_interfaces/include/vision_interfaces/vision_interfaces/msg/detail/uart__struct.h
[0.453s] -- Up-to-date: /home/new-sentry/Desktop/boom_ws/install/vision_interfaces/include/vision_interfaces/vision_interfaces/msg/detail/uart__functions.c
[0.453s] -- Up-to-date: /home/new-sentry/Desktop/boom_ws/install/vision_interfaces/include/vision_interfaces/vision_interfaces/msg/detail/uartf__functions.h
[0.453s] -- Up-to-date: /home/new-sentry/Desktop/boom_ws/install/vision_interfaces/include/vision_interfaces/vision_interfaces/msg/detail/uartf__struct.h
[0.453s] -- Up-to-date: /home/new-sentry/Desktop/boom_ws/install/vision_interfaces/include/vision_interfaces/vision_interfaces/msg/detail/uartf__functions.c
[0.453s] -- Up-to-date: /home/new-sentry/Desktop/boom_ws/install/vision_interfaces/include/vision_interfaces/vision_interfaces/msg/detail/uartf__type_support.h
[0.453s] -- Up-to-date: /home/new-sentry/Desktop/boom_ws/install/vision_interfaces/include/vision_interfaces/vision_interfaces/msg/detail/uart__type_support.h
[0.454s] -- Up-to-date: /home/new-sentry/Desktop/boom_ws/install/vision_interfaces/include/vision_interfaces/vision_interfaces/msg/uart.h
[0.454s] -- Up-to-date: /home/new-sentry/Desktop/boom_ws/install/vision_interfaces/include/vision_interfaces/vision_interfaces/msg/uartf.h
[0.454s] -- Up-to-date: /home/new-sentry/Desktop/boom_ws/install/vision_interfaces/include/vision_interfaces/vision_interfaces/msg/rosidl_generator_c__visibility_control.h
[0.454s] -- Up-to-date: /home/new-sentry/Desktop/boom_ws/install/vision_interfaces/share/vision_interfaces/environment/library_path.sh
[0.454s] -- Up-to-date: /home/new-sentry/Desktop/boom_ws/install/vision_interfaces/share/vision_interfaces/environment/library_path.dsv
[0.454s] -- Up-to-date: /home/new-sentry/Desktop/boom_ws/install/vision_interfaces/lib/libvision_interfaces__rosidl_generator_c.so
[0.454s] -- Up-to-date: /home/new-sentry/Desktop/boom_ws/install/vision_interfaces/include/vision_interfaces/vision_interfaces
[0.454s] -- Up-to-date: /home/new-sentry/Desktop/boom_ws/install/vision_interfaces/include/vision_interfaces/vision_interfaces/msg
[0.454s] -- Up-to-date: /home/new-sentry/Desktop/boom_ws/install/vision_interfaces/include/vision_interfaces/vision_interfaces/msg/detail
[0.455s] -- Up-to-date: /home/new-sentry/Desktop/boom_ws/install/vision_interfaces/include/vision_interfaces/vision_interfaces/msg/detail/uart__rosidl_typesupport_fastrtps_c.h
[0.455s] -- Up-to-date: /home/new-sentry/Desktop/boom_ws/install/vision_interfaces/include/vision_interfaces/vision_interfaces/msg/detail/uartf__rosidl_typesupport_fastrtps_c.h
[0.455s] -- Up-to-date: /home/new-sentry/Desktop/boom_ws/install/vision_interfaces/include/vision_interfaces/vision_interfaces/msg/rosidl_typesupport_fastrtps_c__visibility_control.h
[0.455s] -- Up-to-date: /home/new-sentry/Desktop/boom_ws/install/vision_interfaces/lib/libvision_interfaces__rosidl_typesupport_fastrtps_c.so
[0.455s] -- Up-to-date: /home/new-sentry/Desktop/boom_ws/install/vision_interfaces/include/vision_interfaces/vision_interfaces
[0.455s] -- Up-to-date: /home/new-sentry/Desktop/boom_ws/install/vision_interfaces/include/vision_interfaces/vision_interfaces/msg
[0.455s] -- Up-to-date: /home/new-sentry/Desktop/boom_ws/install/vision_interfaces/include/vision_interfaces/vision_interfaces/msg/detail
[0.455s] -- Up-to-date: /home/new-sentry/Desktop/boom_ws/install/vision_interfaces/include/vision_interfaces/vision_interfaces/msg/detail/uart__type_support.hpp
[0.455s] -- Up-to-date: /home/new-sentry/Desktop/boom_ws/install/vision_interfaces/include/vision_interfaces/vision_interfaces/msg/detail/uart__builder.hpp
[0.455s] -- Up-to-date: /home/new-sentry/Desktop/boom_ws/install/vision_interfaces/include/vision_interfaces/vision_interfaces/msg/detail/uartf__type_support.hpp
[0.456s] -- Up-to-date: /home/new-sentry/Desktop/boom_ws/install/vision_interfaces/include/vision_interfaces/vision_interfaces/msg/detail/uartf__struct.hpp
[0.456s] -- Up-to-date: /home/new-sentry/Desktop/boom_ws/install/vision_interfaces/include/vision_interfaces/vision_interfaces/msg/detail/uart__traits.hpp
[0.456s] -- Up-to-date: /home/new-sentry/Desktop/boom_ws/install/vision_interfaces/include/vision_interfaces/vision_interfaces/msg/detail/uart__struct.hpp
[0.456s] -- Up-to-date: /home/new-sentry/Desktop/boom_ws/install/vision_interfaces/include/vision_interfaces/vision_interfaces/msg/detail/uartf__builder.hpp
[0.456s] -- Up-to-date: /home/new-sentry/Desktop/boom_ws/install/vision_interfaces/include/vision_interfaces/vision_interfaces/msg/detail/uartf__traits.hpp
[0.456s] -- Up-to-date: /home/new-sentry/Desktop/boom_ws/install/vision_interfaces/include/vision_interfaces/vision_interfaces/msg/uartf.hpp
[0.456s] -- Up-to-date: /home/new-sentry/Desktop/boom_ws/install/vision_interfaces/include/vision_interfaces/vision_interfaces/msg/uart.hpp
[0.456s] -- Up-to-date: /home/new-sentry/Desktop/boom_ws/install/vision_interfaces/include/vision_interfaces/vision_interfaces/msg/rosidl_generator_cpp__visibility_control.hpp
[0.456s] -- Up-to-date: /home/new-sentry/Desktop/boom_ws/install/vision_interfaces/include/vision_interfaces/vision_interfaces
[0.456s] -- Up-to-date: /home/new-sentry/Desktop/boom_ws/install/vision_interfaces/include/vision_interfaces/vision_interfaces/msg
[0.456s] -- Up-to-date: /home/new-sentry/Desktop/boom_ws/install/vision_interfaces/include/vision_interfaces/vision_interfaces/msg/detail
[0.456s] -- Up-to-date: /home/new-sentry/Desktop/boom_ws/install/vision_interfaces/include/vision_interfaces/vision_interfaces/msg/detail/uartf__rosidl_typesupport_fastrtps_cpp.hpp
[0.456s] -- Up-to-date: /home/new-sentry/Desktop/boom_ws/install/vision_interfaces/include/vision_interfaces/vision_interfaces/msg/detail/dds_fastrtps
[0.456s] -- Up-to-date: /home/new-sentry/Desktop/boom_ws/install/vision_interfaces/include/vision_interfaces/vision_interfaces/msg/detail/uart__rosidl_typesupport_fastrtps_cpp.hpp
[0.456s] -- Up-to-date: /home/new-sentry/Desktop/boom_ws/install/vision_interfaces/include/vision_interfaces/vision_interfaces/msg/rosidl_typesupport_fastrtps_cpp__visibility_control.h
[0.456s] -- Up-to-date: /home/new-sentry/Desktop/boom_ws/install/vision_interfaces/lib/libvision_interfaces__rosidl_typesupport_fastrtps_cpp.so
[0.456s] -- Up-to-date: /home/new-sentry/Desktop/boom_ws/install/vision_interfaces/include/vision_interfaces/vision_interfaces
[0.456s] -- Up-to-date: /home/new-sentry/Desktop/boom_ws/install/vision_interfaces/include/vision_interfaces/vision_interfaces/msg
[0.456s] -- Up-to-date: /home/new-sentry/Desktop/boom_ws/install/vision_interfaces/include/vision_interfaces/vision_interfaces/msg/detail
[0.456s] -- Up-to-date: /home/new-sentry/Desktop/boom_ws/install/vision_interfaces/include/vision_interfaces/vision_interfaces/msg/detail/uart__rosidl_typesupport_introspection_c.h
[0.456s] -- Up-to-date: /home/new-sentry/Desktop/boom_ws/install/vision_interfaces/include/vision_interfaces/vision_interfaces/msg/detail/uartf__rosidl_typesupport_introspection_c.h
[0.456s] -- Up-to-date: /home/new-sentry/Desktop/boom_ws/install/vision_interfaces/include/vision_interfaces/vision_interfaces/msg/detail/uartf__type_support.c
[0.456s] -- Up-to-date: /home/new-sentry/Desktop/boom_ws/install/vision_interfaces/include/vision_interfaces/vision_interfaces/msg/detail/uart__type_support.c
[0.456s] -- Up-to-date: /home/new-sentry/Desktop/boom_ws/install/vision_interfaces/include/vision_interfaces/vision_interfaces/msg/rosidl_typesupport_introspection_c__visibility_control.h
[0.457s] -- Up-to-date: /home/new-sentry/Desktop/boom_ws/install/vision_interfaces/lib/libvision_interfaces__rosidl_typesupport_introspection_c.so
[0.457s] -- Up-to-date: /home/new-sentry/Desktop/boom_ws/install/vision_interfaces/lib/libvision_interfaces__rosidl_typesupport_c.so
[0.457s] -- Up-to-date: /home/new-sentry/Desktop/boom_ws/install/vision_interfaces/include/vision_interfaces/vision_interfaces
[0.457s] -- Up-to-date: /home/new-sentry/Desktop/boom_ws/install/vision_interfaces/include/vision_interfaces/vision_interfaces/msg
[0.457s] -- Up-to-date: /home/new-sentry/Desktop/boom_ws/install/vision_interfaces/include/vision_interfaces/vision_interfaces/msg/detail
[0.457s] -- Up-to-date: /home/new-sentry/Desktop/boom_ws/install/vision_interfaces/include/vision_interfaces/vision_interfaces/msg/detail/uartf__rosidl_typesupport_introspection_cpp.hpp
[0.457s] -- Up-to-date: /home/new-sentry/Desktop/boom_ws/install/vision_interfaces/include/vision_interfaces/vision_interfaces/msg/detail/uartf__type_support.cpp
[0.457s] -- Up-to-date: /home/new-sentry/Desktop/boom_ws/install/vision_interfaces/include/vision_interfaces/vision_interfaces/msg/detail/uart__rosidl_typesupport_introspection_cpp.hpp
[0.457s] -- Up-to-date: /home/new-sentry/Desktop/boom_ws/install/vision_interfaces/include/vision_interfaces/vision_interfaces/msg/detail/uart__type_support.cpp
[0.457s] -- Up-to-date: /home/new-sentry/Desktop/boom_ws/install/vision_interfaces/lib/libvision_interfaces__rosidl_typesupport_introspection_cpp.so
[0.457s] -- Up-to-date: /home/new-sentry/Desktop/boom_ws/install/vision_interfaces/lib/libvision_interfaces__rosidl_typesupport_cpp.so
[0.457s] -- Up-to-date: /home/new-sentry/Desktop/boom_ws/install/vision_interfaces/share/vision_interfaces/environment/pythonpath.sh
[0.458s] -- Up-to-date: /home/new-sentry/Desktop/boom_ws/install/vision_interfaces/share/vision_interfaces/environment/pythonpath.dsv
[0.458s] -- Up-to-date: /home/new-sentry/Desktop/boom_ws/install/vision_interfaces/local/lib/python3.10/dist-packages/vision_interfaces-0.0.0-py3.10.egg-info
[0.458s] -- Installing: /home/new-sentry/Desktop/boom_ws/install/vision_interfaces/local/lib/python3.10/dist-packages/vision_interfaces-0.0.0-py3.10.egg-info/top_level.txt
[0.458s] -- Installing: /home/new-sentry/Desktop/boom_ws/install/vision_interfaces/local/lib/python3.10/dist-packages/vision_interfaces-0.0.0-py3.10.egg-info/SOURCES.txt
[0.458s] -- Installing: /home/new-sentry/Desktop/boom_ws/install/vision_interfaces/local/lib/python3.10/dist-packages/vision_interfaces-0.0.0-py3.10.egg-info/PKG-INFO
[0.459s] -- Installing: /home/new-sentry/Desktop/boom_ws/install/vision_interfaces/local/lib/python3.10/dist-packages/vision_interfaces-0.0.0-py3.10.egg-info/dependency_links.txt
[0.459s] -- Up-to-date: /home/new-sentry/Desktop/boom_ws/install/vision_interfaces/local/lib/python3.10/dist-packages/vision_interfaces
[0.460s] -- Up-to-date: /home/new-sentry/Desktop/boom_ws/install/vision_interfaces/local/lib/python3.10/dist-packages/vision_interfaces/vision_interfaces_s__rosidl_typesupport_c.cpython-310-x86_64-linux-gnu.so
[0.460s] -- Up-to-date: /home/new-sentry/Desktop/boom_ws/install/vision_interfaces/local/lib/python3.10/dist-packages/vision_interfaces/__init__.py
[0.460s] -- Up-to-date: /home/new-sentry/Desktop/boom_ws/install/vision_interfaces/local/lib/python3.10/dist-packages/vision_interfaces/vision_interfaces_s__rosidl_typesupport_fastrtps_c.cpython-310-x86_64-linux-gnu.so
[0.460s] -- Up-to-date: /home/new-sentry/Desktop/boom_ws/install/vision_interfaces/local/lib/python3.10/dist-packages/vision_interfaces/vision_interfaces_s__rosidl_typesupport_introspection_c.cpython-310-x86_64-linux-gnu.so
[0.460s] -- Up-to-date: /home/new-sentry/Desktop/boom_ws/install/vision_interfaces/local/lib/python3.10/dist-packages/vision_interfaces/_vision_interfaces_s.ep.rosidl_typesupport_c.c
[0.460s] -- Up-to-date: /home/new-sentry/Desktop/boom_ws/install/vision_interfaces/local/lib/python3.10/dist-packages/vision_interfaces/msg
[0.460s] -- Up-to-date: /home/new-sentry/Desktop/boom_ws/install/vision_interfaces/local/lib/python3.10/dist-packages/vision_interfaces/msg/__init__.py
[0.460s] -- Up-to-date: /home/new-sentry/Desktop/boom_ws/install/vision_interfaces/local/lib/python3.10/dist-packages/vision_interfaces/msg/_uartf.py
[0.460s] -- Up-to-date: /home/new-sentry/Desktop/boom_ws/install/vision_interfaces/local/lib/python3.10/dist-packages/vision_interfaces/msg/_uartf_s.c
[0.460s] -- Up-to-date: /home/new-sentry/Desktop/boom_ws/install/vision_interfaces/local/lib/python3.10/dist-packages/vision_interfaces/msg/_uart_s.c
[0.460s] -- Up-to-date: /home/new-sentry/Desktop/boom_ws/install/vision_interfaces/local/lib/python3.10/dist-packages/vision_interfaces/msg/_uart.py
[0.460s] -- Up-to-date: /home/new-sentry/Desktop/boom_ws/install/vision_interfaces/local/lib/python3.10/dist-packages/vision_interfaces/libvision_interfaces__rosidl_generator_py.so
[0.460s] -- Up-to-date: /home/new-sentry/Desktop/boom_ws/install/vision_interfaces/local/lib/python3.10/dist-packages/vision_interfaces/_vision_interfaces_s.ep.rosidl_typesupport_fastrtps_c.c
[0.460s] -- Up-to-date: /home/new-sentry/Desktop/boom_ws/install/vision_interfaces/local/lib/python3.10/dist-packages/vision_interfaces/_vision_interfaces_s.ep.rosidl_typesupport_introspection_c.c
[0.493s] Listing '/home/new-sentry/Desktop/boom_ws/install/vision_interfaces/local/lib/python3.10/dist-packages/vision_interfaces'...
[0.494s] Listing '/home/new-sentry/Desktop/boom_ws/install/vision_interfaces/local/lib/python3.10/dist-packages/vision_interfaces/msg'...
[0.500s] -- Up-to-date: /home/new-sentry/Desktop/boom_ws/install/vision_interfaces/local/lib/python3.10/dist-packages/vision_interfaces/vision_interfaces_s__rosidl_typesupport_fastrtps_c.cpython-310-x86_64-linux-gnu.so
[0.500s] -- Up-to-date: /home/new-sentry/Desktop/boom_ws/install/vision_interfaces/local/lib/python3.10/dist-packages/vision_interfaces/vision_interfaces_s__rosidl_typesupport_introspection_c.cpython-310-x86_64-linux-gnu.so
[0.501s] -- Up-to-date: /home/new-sentry/Desktop/boom_ws/install/vision_interfaces/local/lib/python3.10/dist-packages/vision_interfaces/vision_interfaces_s__rosidl_typesupport_c.cpython-310-x86_64-linux-gnu.so
[0.502s] -- Up-to-date: /home/new-sentry/Desktop/boom_ws/install/vision_interfaces/lib/libvision_interfaces__rosidl_generator_py.so
[0.502s] -- Up-to-date: /home/new-sentry/Desktop/boom_ws/install/vision_interfaces/share/vision_interfaces/msg/Uart.idl
[0.502s] -- Up-to-date: /home/new-sentry/Desktop/boom_ws/install/vision_interfaces/share/vision_interfaces/msg/Uartf.idl
[0.503s] -- Up-to-date: /home/new-sentry/Desktop/boom_ws/install/vision_interfaces/share/vision_interfaces/msg/Uart.msg
[0.503s] -- Up-to-date: /home/new-sentry/Desktop/boom_ws/install/vision_interfaces/share/vision_interfaces/msg/Uartf.msg
[0.503s] -- Up-to-date: /home/new-sentry/Desktop/boom_ws/install/vision_interfaces/share/ament_index/resource_index/package_run_dependencies/vision_interfaces
[0.503s] -- Up-to-date: /home/new-sentry/Desktop/boom_ws/install/vision_interfaces/share/ament_index/resource_index/parent_prefix_path/vision_interfaces
[0.503s] -- Up-to-date: /home/new-sentry/Desktop/boom_ws/install/vision_interfaces/share/vision_interfaces/environment/ament_prefix_path.sh
[0.504s] -- Up-to-date: /home/new-sentry/Desktop/boom_ws/install/vision_interfaces/share/vision_interfaces/environment/ament_prefix_path.dsv
[0.504s] -- Up-to-date: /home/new-sentry/Desktop/boom_ws/install/vision_interfaces/share/vision_interfaces/environment/path.sh
[0.504s] -- Up-to-date: /home/new-sentry/Desktop/boom_ws/install/vision_interfaces/share/vision_interfaces/environment/path.dsv
[0.504s] -- Up-to-date: /home/new-sentry/Desktop/boom_ws/install/vision_interfaces/share/vision_interfaces/local_setup.bash
[0.504s] -- Up-to-date: /home/new-sentry/Desktop/boom_ws/install/vision_interfaces/share/vision_interfaces/local_setup.sh
[0.504s] -- Up-to-date: /home/new-sentry/Desktop/boom_ws/install/vision_interfaces/share/vision_interfaces/local_setup.zsh
[0.504s] -- Up-to-date: /home/new-sentry/Desktop/boom_ws/install/vision_interfaces/share/vision_interfaces/local_setup.dsv
[0.505s] -- Installing: /home/new-sentry/Desktop/boom_ws/install/vision_interfaces/share/vision_interfaces/package.dsv
[0.505s] -- Up-to-date: /home/new-sentry/Desktop/boom_ws/install/vision_interfaces/share/ament_index/resource_index/packages/vision_interfaces
[0.505s] -- Up-to-date: /home/new-sentry/Desktop/boom_ws/install/vision_interfaces/share/vision_interfaces/cmake/export_vision_interfaces__rosidl_generator_cExport.cmake
[0.505s] -- Up-to-date: /home/new-sentry/Desktop/boom_ws/install/vision_interfaces/share/vision_interfaces/cmake/export_vision_interfaces__rosidl_generator_cExport-noconfig.cmake
[0.505s] -- Up-to-date: /home/new-sentry/Desktop/boom_ws/install/vision_interfaces/share/vision_interfaces/cmake/export_vision_interfaces__rosidl_typesupport_fastrtps_cExport.cmake
[0.505s] -- Up-to-date: /home/new-sentry/Desktop/boom_ws/install/vision_interfaces/share/vision_interfaces/cmake/export_vision_interfaces__rosidl_typesupport_fastrtps_cExport-noconfig.cmake
[0.505s] -- Up-to-date: /home/new-sentry/Desktop/boom_ws/install/vision_interfaces/share/vision_interfaces/cmake/export_vision_interfaces__rosidl_generator_cppExport.cmake
[0.506s] -- Up-to-date: /home/new-sentry/Desktop/boom_ws/install/vision_interfaces/share/vision_interfaces/cmake/export_vision_interfaces__rosidl_typesupport_fastrtps_cppExport.cmake
[0.506s] -- Up-to-date: /home/new-sentry/Desktop/boom_ws/install/vision_interfaces/share/vision_interfaces/cmake/export_vision_interfaces__rosidl_typesupport_fastrtps_cppExport-noconfig.cmake
[0.506s] -- Up-to-date: /home/new-sentry/Desktop/boom_ws/install/vision_interfaces/share/vision_interfaces/cmake/vision_interfaces__rosidl_typesupport_introspection_cExport.cmake
[0.506s] -- Up-to-date: /home/new-sentry/Desktop/boom_ws/install/vision_interfaces/share/vision_interfaces/cmake/vision_interfaces__rosidl_typesupport_introspection_cExport-noconfig.cmake
[0.506s] -- Up-to-date: /home/new-sentry/Desktop/boom_ws/install/vision_interfaces/share/vision_interfaces/cmake/vision_interfaces__rosidl_typesupport_cExport.cmake
[0.506s] -- Up-to-date: /home/new-sentry/Desktop/boom_ws/install/vision_interfaces/share/vision_interfaces/cmake/vision_interfaces__rosidl_typesupport_cExport-noconfig.cmake
[0.506s] -- Up-to-date: /home/new-sentry/Desktop/boom_ws/install/vision_interfaces/share/vision_interfaces/cmake/vision_interfaces__rosidl_typesupport_introspection_cppExport.cmake
[0.507s] -- Up-to-date: /home/new-sentry/Desktop/boom_ws/install/vision_interfaces/share/vision_interfaces/cmake/vision_interfaces__rosidl_typesupport_introspection_cppExport-noconfig.cmake
[0.507s] -- Up-to-date: /home/new-sentry/Desktop/boom_ws/install/vision_interfaces/share/vision_interfaces/cmake/vision_interfaces__rosidl_typesupport_cppExport.cmake
[0.507s] -- Up-to-date: /home/new-sentry/Desktop/boom_ws/install/vision_interfaces/share/vision_interfaces/cmake/vision_interfaces__rosidl_typesupport_cppExport-noconfig.cmake
[0.507s] -- Up-to-date: /home/new-sentry/Desktop/boom_ws/install/vision_interfaces/share/vision_interfaces/cmake/export_vision_interfaces__rosidl_generator_pyExport.cmake
[0.507s] -- Up-to-date: /home/new-sentry/Desktop/boom_ws/install/vision_interfaces/share/vision_interfaces/cmake/export_vision_interfaces__rosidl_generator_pyExport-noconfig.cmake
[0.507s] -- Up-to-date: /home/new-sentry/Desktop/boom_ws/install/vision_interfaces/share/vision_interfaces/cmake/rosidl_cmake-extras.cmake
[0.507s] -- Up-to-date: /home/new-sentry/Desktop/boom_ws/install/vision_interfaces/share/vision_interfaces/cmake/ament_cmake_export_dependencies-extras.cmake
[0.508s] -- Up-to-date: /home/new-sentry/Desktop/boom_ws/install/vision_interfaces/share/vision_interfaces/cmake/ament_cmake_export_include_directories-extras.cmake
[0.508s] -- Up-to-date: /home/new-sentry/Desktop/boom_ws/install/vision_interfaces/share/vision_interfaces/cmake/ament_cmake_export_libraries-extras.cmake
[0.508s] -- Up-to-date: /home/new-sentry/Desktop/boom_ws/install/vision_interfaces/share/vision_interfaces/cmake/ament_cmake_export_targets-extras.cmake
[0.508s] -- Up-to-date: /home/new-sentry/Desktop/boom_ws/install/vision_interfaces/share/vision_interfaces/cmake/rosidl_cmake_export_typesupport_targets-extras.cmake
[0.508s] -- Up-to-date: /home/new-sentry/Desktop/boom_ws/install/vision_interfaces/share/vision_interfaces/cmake/rosidl_cmake_export_typesupport_libraries-extras.cmake
[0.508s] -- Up-to-date: /home/new-sentry/Desktop/boom_ws/install/vision_interfaces/share/vision_interfaces/cmake/vision_interfacesConfig.cmake
[0.508s] -- Up-to-date: /home/new-sentry/Desktop/boom_ws/install/vision_interfaces/share/vision_interfaces/cmake/vision_interfacesConfig-version.cmake
[0.508s] -- Up-to-date: /home/new-sentry/Desktop/boom_ws/install/vision_interfaces/share/vision_interfaces/package.xml
[0.512s] Invoked command in '/home/new-sentry/Desktop/boom_ws/build/vision_interfaces' returned '0': CMAKE_PREFIX_PATH=${CMAKE_PREFIX_PATH}:/opt/ros/humble /usr/local/bin/cmake --install /home/new-sentry/Desktop/boom_ws/build/vision_interfaces
