[0.074s] DEBUG:colcon:Command line arguments: ['/usr/bin/colcon', 'build']
[0.074s] DEBUG:colcon:Parsed command line arguments: Namespace(log_base=None, log_level=None, verb_name='build', build_base='build', install_base='install', merge_install=False, symlink_install=False, test_result_base=None, continue_on_error=False, executor='parallel', parallel_workers=16, event_handlers=None, ignore_user_meta=False, metas=['./colcon.meta'], base_paths=['.'], packages_ignore=None, packages_ignore_regex=None, paths=None, packages_up_to=None, packages_up_to_regex=None, packages_above=None, packages_above_and_dependencies=None, packages_above_depth=None, packages_select_by_dep=None, packages_skip_by_dep=None, packages_skip_up_to=None, packages_select_build_failed=False, packages_skip_build_finished=False, packages_select_test_failures=False, packages_skip_test_passed=False, packages_select=None, packages_skip=None, packages_select_regex=None, packages_skip_regex=None, packages_start=None, packages_end=None, allow_overriding=[], cmake_args=None, cmake_target=None, cmake_target_skip_unavailable=False, cmake_clean_cache=False, cmake_clean_first=False, cmake_force_configure=False, ament_cmake_args=None, catkin_cmake_args=None, catkin_skip_building_tests=False, verb_parser=<colcon_defaults.argument_parser.defaults.DefaultArgumentsDecorator object at 0x745a4972fd90>, verb_extension=<colcon_core.verb.build.BuildVerb object at 0x745a4972f850>, main=<bound method BuildVerb.main of <colcon_core.verb.build.BuildVerb object at 0x745a4972f850>>)
[0.188s] Level 1:colcon.colcon_core.package_discovery:discover_packages(colcon_meta) check parameters
[0.189s] Level 1:colcon.colcon_core.package_discovery:discover_packages(recursive) check parameters
[0.189s] Level 1:colcon.colcon_core.package_discovery:discover_packages(ignore) check parameters
[0.189s] Level 1:colcon.colcon_core.package_discovery:discover_packages(path) check parameters
[0.189s] Level 1:colcon.colcon_core.package_discovery:discover_packages(colcon_meta) discover
[0.189s] Level 1:colcon.colcon_core.package_discovery:discover_packages(recursive) discover
[0.189s] INFO:colcon.colcon_core.package_discovery:Crawling recursively for packages in '/home/new-sentry/Desktop/boom_ws'
[0.189s] Level 1:colcon.colcon_core.package_identification:_identify(.) by extensions ['ignore', 'ignore_ament_install']
[0.189s] Level 1:colcon.colcon_core.package_identification:_identify(.) by extension 'ignore'
[0.189s] Level 1:colcon.colcon_core.package_identification:_identify(.) by extension 'ignore_ament_install'
[0.189s] Level 1:colcon.colcon_core.package_identification:_identify(.) by extensions ['colcon_pkg']
[0.189s] Level 1:colcon.colcon_core.package_identification:_identify(.) by extension 'colcon_pkg'
[0.189s] Level 1:colcon.colcon_core.package_identification:_identify(.) by extensions ['colcon_meta']
[0.189s] Level 1:colcon.colcon_core.package_identification:_identify(.) by extension 'colcon_meta'
[0.189s] Level 1:colcon.colcon_core.package_identification:_identify(.) by extensions ['ros']
[0.189s] Level 1:colcon.colcon_core.package_identification:_identify(.) by extension 'ros'
[0.202s] Level 1:colcon.colcon_core.package_identification:_identify(.) by extensions ['cmake', 'python']
[0.202s] Level 1:colcon.colcon_core.package_identification:_identify(.) by extension 'cmake'
[0.203s] Level 1:colcon.colcon_core.package_identification:_identify(.) by extension 'python'
[0.203s] Level 1:colcon.colcon_core.package_identification:_identify(.) by extensions ['python_setup_py']
[0.203s] Level 1:colcon.colcon_core.package_identification:_identify(.) by extension 'python_setup_py'
[0.203s] Level 1:colcon.colcon_core.package_identification:_identify(build) by extensions ['ignore', 'ignore_ament_install']
[0.203s] Level 1:colcon.colcon_core.package_identification:_identify(build) by extension 'ignore'
[0.203s] Level 1:colcon.colcon_core.package_identification:_identify(build) ignored
[0.204s] Level 1:colcon.colcon_core.package_identification:_identify(config) by extensions ['ignore', 'ignore_ament_install']
[0.204s] Level 1:colcon.colcon_core.package_identification:_identify(config) by extension 'ignore'
[0.204s] Level 1:colcon.colcon_core.package_identification:_identify(config) by extension 'ignore_ament_install'
[0.204s] Level 1:colcon.colcon_core.package_identification:_identify(config) by extensions ['colcon_pkg']
[0.204s] Level 1:colcon.colcon_core.package_identification:_identify(config) by extension 'colcon_pkg'
[0.204s] Level 1:colcon.colcon_core.package_identification:_identify(config) by extensions ['colcon_meta']
[0.204s] Level 1:colcon.colcon_core.package_identification:_identify(config) by extension 'colcon_meta'
[0.204s] Level 1:colcon.colcon_core.package_identification:_identify(config) by extensions ['ros']
[0.204s] Level 1:colcon.colcon_core.package_identification:_identify(config) by extension 'ros'
[0.204s] Level 1:colcon.colcon_core.package_identification:_identify(config) by extensions ['cmake', 'python']
[0.204s] Level 1:colcon.colcon_core.package_identification:_identify(config) by extension 'cmake'
[0.204s] Level 1:colcon.colcon_core.package_identification:_identify(config) by extension 'python'
[0.204s] Level 1:colcon.colcon_core.package_identification:_identify(config) by extensions ['python_setup_py']
[0.204s] Level 1:colcon.colcon_core.package_identification:_identify(config) by extension 'python_setup_py'
[0.204s] Level 1:colcon.colcon_core.package_identification:_identify(install) by extensions ['ignore', 'ignore_ament_install']
[0.204s] Level 1:colcon.colcon_core.package_identification:_identify(install) by extension 'ignore'
[0.204s] Level 1:colcon.colcon_core.package_identification:_identify(install) ignored
[0.204s] Level 1:colcon.colcon_core.package_identification:_identify(launch) by extensions ['ignore', 'ignore_ament_install']
[0.204s] Level 1:colcon.colcon_core.package_identification:_identify(launch) by extension 'ignore'
[0.204s] Level 1:colcon.colcon_core.package_identification:_identify(launch) by extension 'ignore_ament_install'
[0.204s] Level 1:colcon.colcon_core.package_identification:_identify(launch) by extensions ['colcon_pkg']
[0.204s] Level 1:colcon.colcon_core.package_identification:_identify(launch) by extension 'colcon_pkg'
[0.204s] Level 1:colcon.colcon_core.package_identification:_identify(launch) by extensions ['colcon_meta']
[0.204s] Level 1:colcon.colcon_core.package_identification:_identify(launch) by extension 'colcon_meta'
[0.204s] Level 1:colcon.colcon_core.package_identification:_identify(launch) by extensions ['ros']
[0.204s] Level 1:colcon.colcon_core.package_identification:_identify(launch) by extension 'ros'
[0.204s] Level 1:colcon.colcon_core.package_identification:_identify(launch) by extensions ['cmake', 'python']
[0.204s] Level 1:colcon.colcon_core.package_identification:_identify(launch) by extension 'cmake'
[0.204s] Level 1:colcon.colcon_core.package_identification:_identify(launch) by extension 'python'
[0.204s] Level 1:colcon.colcon_core.package_identification:_identify(launch) by extensions ['python_setup_py']
[0.204s] Level 1:colcon.colcon_core.package_identification:_identify(launch) by extension 'python_setup_py'
[0.204s] Level 1:colcon.colcon_core.package_identification:_identify(launch/__pycache__) by extensions ['ignore', 'ignore_ament_install']
[0.204s] Level 1:colcon.colcon_core.package_identification:_identify(launch/__pycache__) by extension 'ignore'
[0.205s] Level 1:colcon.colcon_core.package_identification:_identify(launch/__pycache__) by extension 'ignore_ament_install'
[0.205s] Level 1:colcon.colcon_core.package_identification:_identify(launch/__pycache__) by extensions ['colcon_pkg']
[0.205s] Level 1:colcon.colcon_core.package_identification:_identify(launch/__pycache__) by extension 'colcon_pkg'
[0.205s] Level 1:colcon.colcon_core.package_identification:_identify(launch/__pycache__) by extensions ['colcon_meta']
[0.205s] Level 1:colcon.colcon_core.package_identification:_identify(launch/__pycache__) by extension 'colcon_meta'
[0.205s] Level 1:colcon.colcon_core.package_identification:_identify(launch/__pycache__) by extensions ['ros']
[0.205s] Level 1:colcon.colcon_core.package_identification:_identify(launch/__pycache__) by extension 'ros'
[0.205s] Level 1:colcon.colcon_core.package_identification:_identify(launch/__pycache__) by extensions ['cmake', 'python']
[0.205s] Level 1:colcon.colcon_core.package_identification:_identify(launch/__pycache__) by extension 'cmake'
[0.205s] Level 1:colcon.colcon_core.package_identification:_identify(launch/__pycache__) by extension 'python'
[0.205s] Level 1:colcon.colcon_core.package_identification:_identify(launch/__pycache__) by extensions ['python_setup_py']
[0.205s] Level 1:colcon.colcon_core.package_identification:_identify(launch/__pycache__) by extension 'python_setup_py'
[0.205s] Level 1:colcon.colcon_core.package_identification:_identify(log) by extensions ['ignore', 'ignore_ament_install']
[0.205s] Level 1:colcon.colcon_core.package_identification:_identify(log) by extension 'ignore'
[0.205s] Level 1:colcon.colcon_core.package_identification:_identify(log) ignored
[0.205s] Level 1:colcon.colcon_core.package_identification:_identify(py) by extensions ['ignore', 'ignore_ament_install']
[0.205s] Level 1:colcon.colcon_core.package_identification:_identify(py) by extension 'ignore'
[0.205s] Level 1:colcon.colcon_core.package_identification:_identify(py) by extension 'ignore_ament_install'
[0.205s] Level 1:colcon.colcon_core.package_identification:_identify(py) by extensions ['colcon_pkg']
[0.205s] Level 1:colcon.colcon_core.package_identification:_identify(py) by extension 'colcon_pkg'
[0.205s] Level 1:colcon.colcon_core.package_identification:_identify(py) by extensions ['colcon_meta']
[0.205s] Level 1:colcon.colcon_core.package_identification:_identify(py) by extension 'colcon_meta'
[0.205s] Level 1:colcon.colcon_core.package_identification:_identify(py) by extensions ['ros']
[0.205s] Level 1:colcon.colcon_core.package_identification:_identify(py) by extension 'ros'
[0.205s] Level 1:colcon.colcon_core.package_identification:_identify(py) by extensions ['cmake', 'python']
[0.206s] Level 1:colcon.colcon_core.package_identification:_identify(py) by extension 'cmake'
[0.206s] Level 1:colcon.colcon_core.package_identification:_identify(py) by extension 'python'
[0.206s] Level 1:colcon.colcon_core.package_identification:_identify(py) by extensions ['python_setup_py']
[0.206s] Level 1:colcon.colcon_core.package_identification:_identify(py) by extension 'python_setup_py'
[0.206s] Level 1:colcon.colcon_core.package_identification:_identify(py/__pycache__) by extensions ['ignore', 'ignore_ament_install']
[0.206s] Level 1:colcon.colcon_core.package_identification:_identify(py/__pycache__) by extension 'ignore'
[0.206s] Level 1:colcon.colcon_core.package_identification:_identify(py/__pycache__) by extension 'ignore_ament_install'
[0.206s] Level 1:colcon.colcon_core.package_identification:_identify(py/__pycache__) by extensions ['colcon_pkg']
[0.206s] Level 1:colcon.colcon_core.package_identification:_identify(py/__pycache__) by extension 'colcon_pkg'
[0.206s] Level 1:colcon.colcon_core.package_identification:_identify(py/__pycache__) by extensions ['colcon_meta']
[0.206s] Level 1:colcon.colcon_core.package_identification:_identify(py/__pycache__) by extension 'colcon_meta'
[0.206s] Level 1:colcon.colcon_core.package_identification:_identify(py/__pycache__) by extensions ['ros']
[0.206s] Level 1:colcon.colcon_core.package_identification:_identify(py/__pycache__) by extension 'ros'
[0.206s] Level 1:colcon.colcon_core.package_identification:_identify(py/__pycache__) by extensions ['cmake', 'python']
[0.206s] Level 1:colcon.colcon_core.package_identification:_identify(py/__pycache__) by extension 'cmake'
[0.206s] Level 1:colcon.colcon_core.package_identification:_identify(py/__pycache__) by extension 'python'
[0.206s] Level 1:colcon.colcon_core.package_identification:_identify(py/__pycache__) by extensions ['python_setup_py']
[0.206s] Level 1:colcon.colcon_core.package_identification:_identify(py/__pycache__) by extension 'python_setup_py'
[0.206s] Level 1:colcon.colcon_core.package_identification:_identify(py/pta) by extensions ['ignore', 'ignore_ament_install']
[0.206s] Level 1:colcon.colcon_core.package_identification:_identify(py/pta) by extension 'ignore'
[0.206s] Level 1:colcon.colcon_core.package_identification:_identify(py/pta) by extension 'ignore_ament_install'
[0.206s] Level 1:colcon.colcon_core.package_identification:_identify(py/pta) by extensions ['colcon_pkg']
[0.206s] Level 1:colcon.colcon_core.package_identification:_identify(py/pta) by extension 'colcon_pkg'
[0.206s] Level 1:colcon.colcon_core.package_identification:_identify(py/pta) by extensions ['colcon_meta']
[0.206s] Level 1:colcon.colcon_core.package_identification:_identify(py/pta) by extension 'colcon_meta'
[0.206s] Level 1:colcon.colcon_core.package_identification:_identify(py/pta) by extensions ['ros']
[0.206s] Level 1:colcon.colcon_core.package_identification:_identify(py/pta) by extension 'ros'
[0.206s] Level 1:colcon.colcon_core.package_identification:_identify(py/pta) by extensions ['cmake', 'python']
[0.206s] Level 1:colcon.colcon_core.package_identification:_identify(py/pta) by extension 'cmake'
[0.206s] Level 1:colcon.colcon_core.package_identification:_identify(py/pta) by extension 'python'
[0.206s] Level 1:colcon.colcon_core.package_identification:_identify(py/pta) by extensions ['python_setup_py']
[0.206s] Level 1:colcon.colcon_core.package_identification:_identify(py/pta) by extension 'python_setup_py'
[0.206s] Level 1:colcon.colcon_core.package_identification:_identify(py/pta/pta2) by extensions ['ignore', 'ignore_ament_install']
[0.206s] Level 1:colcon.colcon_core.package_identification:_identify(py/pta/pta2) by extension 'ignore'
[0.206s] Level 1:colcon.colcon_core.package_identification:_identify(py/pta/pta2) by extension 'ignore_ament_install'
[0.207s] Level 1:colcon.colcon_core.package_identification:_identify(py/pta/pta2) by extensions ['colcon_pkg']
[0.207s] Level 1:colcon.colcon_core.package_identification:_identify(py/pta/pta2) by extension 'colcon_pkg'
[0.207s] Level 1:colcon.colcon_core.package_identification:_identify(py/pta/pta2) by extensions ['colcon_meta']
[0.207s] Level 1:colcon.colcon_core.package_identification:_identify(py/pta/pta2) by extension 'colcon_meta'
[0.207s] Level 1:colcon.colcon_core.package_identification:_identify(py/pta/pta2) by extensions ['ros']
[0.207s] Level 1:colcon.colcon_core.package_identification:_identify(py/pta/pta2) by extension 'ros'
[0.207s] Level 1:colcon.colcon_core.package_identification:_identify(py/pta/pta2) by extensions ['cmake', 'python']
[0.207s] Level 1:colcon.colcon_core.package_identification:_identify(py/pta/pta2) by extension 'cmake'
[0.207s] Level 1:colcon.colcon_core.package_identification:_identify(py/pta/pta2) by extension 'python'
[0.207s] Level 1:colcon.colcon_core.package_identification:_identify(py/pta/pta2) by extensions ['python_setup_py']
[0.207s] Level 1:colcon.colcon_core.package_identification:_identify(py/pta/pta2) by extension 'python_setup_py'
[0.207s] Level 1:colcon.colcon_core.package_identification:_identify(py/test) by extensions ['ignore', 'ignore_ament_install']
[0.207s] Level 1:colcon.colcon_core.package_identification:_identify(py/test) by extension 'ignore'
[0.207s] Level 1:colcon.colcon_core.package_identification:_identify(py/test) by extension 'ignore_ament_install'
[0.207s] Level 1:colcon.colcon_core.package_identification:_identify(py/test) by extensions ['colcon_pkg']
[0.207s] Level 1:colcon.colcon_core.package_identification:_identify(py/test) by extension 'colcon_pkg'
[0.207s] Level 1:colcon.colcon_core.package_identification:_identify(py/test) by extensions ['colcon_meta']
[0.207s] Level 1:colcon.colcon_core.package_identification:_identify(py/test) by extension 'colcon_meta'
[0.207s] Level 1:colcon.colcon_core.package_identification:_identify(py/test) by extensions ['ros']
[0.207s] Level 1:colcon.colcon_core.package_identification:_identify(py/test) by extension 'ros'
[0.207s] Level 1:colcon.colcon_core.package_identification:_identify(py/test) by extensions ['cmake', 'python']
[0.207s] Level 1:colcon.colcon_core.package_identification:_identify(py/test) by extension 'cmake'
[0.207s] Level 1:colcon.colcon_core.package_identification:_identify(py/test) by extension 'python'
[0.207s] Level 1:colcon.colcon_core.package_identification:_identify(py/test) by extensions ['python_setup_py']
[0.207s] Level 1:colcon.colcon_core.package_identification:_identify(py/test) by extension 'python_setup_py'
[0.207s] Level 1:colcon.colcon_core.package_identification:_identify(src) by extensions ['ignore', 'ignore_ament_install']
[0.207s] Level 1:colcon.colcon_core.package_identification:_identify(src) by extension 'ignore'
[0.207s] Level 1:colcon.colcon_core.package_identification:_identify(src) by extension 'ignore_ament_install'
[0.207s] Level 1:colcon.colcon_core.package_identification:_identify(src) by extensions ['colcon_pkg']
[0.207s] Level 1:colcon.colcon_core.package_identification:_identify(src) by extension 'colcon_pkg'
[0.207s] Level 1:colcon.colcon_core.package_identification:_identify(src) by extensions ['colcon_meta']
[0.207s] Level 1:colcon.colcon_core.package_identification:_identify(src) by extension 'colcon_meta'
[0.207s] Level 1:colcon.colcon_core.package_identification:_identify(src) by extensions ['ros']
[0.207s] Level 1:colcon.colcon_core.package_identification:_identify(src) by extension 'ros'
[0.207s] Level 1:colcon.colcon_core.package_identification:_identify(src) by extensions ['cmake', 'python']
[0.207s] Level 1:colcon.colcon_core.package_identification:_identify(src) by extension 'cmake'
[0.207s] Level 1:colcon.colcon_core.package_identification:_identify(src) by extension 'python'
[0.207s] Level 1:colcon.colcon_core.package_identification:_identify(src) by extensions ['python_setup_py']
[0.207s] Level 1:colcon.colcon_core.package_identification:_identify(src) by extension 'python_setup_py'
[0.207s] Level 1:colcon.colcon_core.package_identification:_identify(src/display) by extensions ['ignore', 'ignore_ament_install']
[0.207s] Level 1:colcon.colcon_core.package_identification:_identify(src/display) by extension 'ignore'
[0.207s] Level 1:colcon.colcon_core.package_identification:_identify(src/display) by extension 'ignore_ament_install'
[0.208s] Level 1:colcon.colcon_core.package_identification:_identify(src/display) by extensions ['colcon_pkg']
[0.208s] Level 1:colcon.colcon_core.package_identification:_identify(src/display) by extension 'colcon_pkg'
[0.208s] Level 1:colcon.colcon_core.package_identification:_identify(src/display) by extensions ['colcon_meta']
[0.208s] Level 1:colcon.colcon_core.package_identification:_identify(src/display) by extension 'colcon_meta'
[0.208s] Level 1:colcon.colcon_core.package_identification:_identify(src/display) by extensions ['ros']
[0.208s] Level 1:colcon.colcon_core.package_identification:_identify(src/display) by extension 'ros'
[0.211s] DEBUG:colcon.colcon_core.package_identification:Package 'src/display' with type 'ros.ament_cmake' and name 'display'
[0.211s] Level 1:colcon.colcon_core.package_identification:_identify(src/hik_camera_ros2_driver) by extensions ['ignore', 'ignore_ament_install']
[0.211s] Level 1:colcon.colcon_core.package_identification:_identify(src/hik_camera_ros2_driver) by extension 'ignore'
[0.211s] Level 1:colcon.colcon_core.package_identification:_identify(src/hik_camera_ros2_driver) by extension 'ignore_ament_install'
[0.211s] Level 1:colcon.colcon_core.package_identification:_identify(src/hik_camera_ros2_driver) by extensions ['colcon_pkg']
[0.211s] Level 1:colcon.colcon_core.package_identification:_identify(src/hik_camera_ros2_driver) by extension 'colcon_pkg'
[0.211s] Level 1:colcon.colcon_core.package_identification:_identify(src/hik_camera_ros2_driver) by extensions ['colcon_meta']
[0.211s] Level 1:colcon.colcon_core.package_identification:_identify(src/hik_camera_ros2_driver) by extension 'colcon_meta'
[0.211s] Level 1:colcon.colcon_core.package_identification:_identify(src/hik_camera_ros2_driver) by extensions ['ros']
[0.211s] Level 1:colcon.colcon_core.package_identification:_identify(src/hik_camera_ros2_driver) by extension 'ros'
[0.212s] DEBUG:colcon.colcon_core.package_identification:Package 'src/hik_camera_ros2_driver' with type 'ros.ament_cmake' and name 'hik_camera_ros2_driver'
[0.212s] Level 1:colcon.colcon_core.package_identification:_identify(src/resolving) by extensions ['ignore', 'ignore_ament_install']
[0.212s] Level 1:colcon.colcon_core.package_identification:_identify(src/resolving) by extension 'ignore'
[0.212s] Level 1:colcon.colcon_core.package_identification:_identify(src/resolving) by extension 'ignore_ament_install'
[0.212s] Level 1:colcon.colcon_core.package_identification:_identify(src/resolving) by extensions ['colcon_pkg']
[0.212s] Level 1:colcon.colcon_core.package_identification:_identify(src/resolving) by extension 'colcon_pkg'
[0.212s] Level 1:colcon.colcon_core.package_identification:_identify(src/resolving) by extensions ['colcon_meta']
[0.212s] Level 1:colcon.colcon_core.package_identification:_identify(src/resolving) by extension 'colcon_meta'
[0.212s] Level 1:colcon.colcon_core.package_identification:_identify(src/resolving) by extensions ['ros']
[0.212s] Level 1:colcon.colcon_core.package_identification:_identify(src/resolving) by extension 'ros'
[0.213s] DEBUG:colcon.colcon_core.package_identification:Package 'src/resolving' with type 'ros.ament_cmake' and name 'resolve'
[0.213s] Level 1:colcon.colcon_core.package_identification:_identify(src/serial) by extensions ['ignore', 'ignore_ament_install']
[0.213s] Level 1:colcon.colcon_core.package_identification:_identify(src/serial) by extension 'ignore'
[0.213s] Level 1:colcon.colcon_core.package_identification:_identify(src/serial) by extension 'ignore_ament_install'
[0.213s] Level 1:colcon.colcon_core.package_identification:_identify(src/serial) by extensions ['colcon_pkg']
[0.213s] Level 1:colcon.colcon_core.package_identification:_identify(src/serial) by extension 'colcon_pkg'
[0.213s] Level 1:colcon.colcon_core.package_identification:_identify(src/serial) by extensions ['colcon_meta']
[0.213s] Level 1:colcon.colcon_core.package_identification:_identify(src/serial) by extension 'colcon_meta'
[0.213s] Level 1:colcon.colcon_core.package_identification:_identify(src/serial) by extensions ['ros']
[0.213s] Level 1:colcon.colcon_core.package_identification:_identify(src/serial) by extension 'ros'
[0.214s] DEBUG:colcon.colcon_core.package_identification:Package 'src/serial' with type 'ros.ament_cmake' and name 'serial'
[0.214s] Level 1:colcon.colcon_core.package_identification:_identify(src/vision_interfaces) by extensions ['ignore', 'ignore_ament_install']
[0.214s] Level 1:colcon.colcon_core.package_identification:_identify(src/vision_interfaces) by extension 'ignore'
[0.214s] Level 1:colcon.colcon_core.package_identification:_identify(src/vision_interfaces) by extension 'ignore_ament_install'
[0.214s] Level 1:colcon.colcon_core.package_identification:_identify(src/vision_interfaces) by extensions ['colcon_pkg']
[0.214s] Level 1:colcon.colcon_core.package_identification:_identify(src/vision_interfaces) by extension 'colcon_pkg'
[0.214s] Level 1:colcon.colcon_core.package_identification:_identify(src/vision_interfaces) by extensions ['colcon_meta']
[0.214s] Level 1:colcon.colcon_core.package_identification:_identify(src/vision_interfaces) by extension 'colcon_meta'
[0.214s] Level 1:colcon.colcon_core.package_identification:_identify(src/vision_interfaces) by extensions ['ros']
[0.214s] Level 1:colcon.colcon_core.package_identification:_identify(src/vision_interfaces) by extension 'ros'
[0.215s] DEBUG:colcon.colcon_core.package_identification:Package 'src/vision_interfaces' with type 'ros.ament_cmake' and name 'vision_interfaces'
[0.215s] Level 1:colcon.colcon_core.package_discovery:discover_packages(recursive) using defaults
[0.215s] Level 1:colcon.colcon_core.package_discovery:discover_packages(ignore) discover
[0.215s] Level 1:colcon.colcon_core.package_discovery:discover_packages(ignore) using defaults
[0.215s] Level 1:colcon.colcon_core.package_discovery:discover_packages(path) discover
[0.215s] Level 1:colcon.colcon_core.package_discovery:discover_packages(path) using defaults
[0.252s] Level 1:colcon.colcon_core.package_discovery:discover_packages(prefix_path) check parameters
[0.252s] Level 1:colcon.colcon_core.package_discovery:discover_packages(prefix_path) discover
[0.254s] DEBUG:colcon.colcon_installed_package_information.package_discovery:Found 5 installed packages in /home/new-sentry/Desktop/boom_ws/install
[0.255s] DEBUG:colcon.colcon_installed_package_information.package_discovery:Found 333 installed packages in /opt/ros/humble
[0.255s] Level 1:colcon.colcon_core.package_discovery:discover_packages(prefix_path) using defaults
[0.284s] Level 5:colcon.colcon_core.verb:set package 'display' build argument 'cmake_args' from command line to 'None'
[0.284s] Level 5:colcon.colcon_core.verb:set package 'display' build argument 'cmake_target' from command line to 'None'
[0.284s] Level 5:colcon.colcon_core.verb:set package 'display' build argument 'cmake_target_skip_unavailable' from command line to 'False'
[0.284s] Level 5:colcon.colcon_core.verb:set package 'display' build argument 'cmake_clean_cache' from command line to 'False'
[0.284s] Level 5:colcon.colcon_core.verb:set package 'display' build argument 'cmake_clean_first' from command line to 'False'
[0.284s] Level 5:colcon.colcon_core.verb:set package 'display' build argument 'cmake_force_configure' from command line to 'False'
[0.284s] Level 5:colcon.colcon_core.verb:set package 'display' build argument 'ament_cmake_args' from command line to 'None'
[0.284s] Level 5:colcon.colcon_core.verb:set package 'display' build argument 'catkin_cmake_args' from command line to 'None'
[0.284s] Level 5:colcon.colcon_core.verb:set package 'display' build argument 'catkin_skip_building_tests' from command line to 'False'
[0.284s] DEBUG:colcon.colcon_core.verb:Building package 'display' with the following arguments: {'ament_cmake_args': None, 'build_base': '/home/new-sentry/Desktop/boom_ws/build/display', 'catkin_cmake_args': None, 'catkin_skip_building_tests': False, 'cmake_args': None, 'cmake_clean_cache': False, 'cmake_clean_first': False, 'cmake_force_configure': False, 'cmake_target': None, 'cmake_target_skip_unavailable': False, 'install_base': '/home/new-sentry/Desktop/boom_ws/install/display', 'merge_install': False, 'path': '/home/new-sentry/Desktop/boom_ws/src/display', 'symlink_install': False, 'test_result_base': None}
[0.285s] Level 5:colcon.colcon_core.verb:set package 'hik_camera_ros2_driver' build argument 'cmake_args' from command line to 'None'
[0.285s] Level 5:colcon.colcon_core.verb:set package 'hik_camera_ros2_driver' build argument 'cmake_target' from command line to 'None'
[0.285s] Level 5:colcon.colcon_core.verb:set package 'hik_camera_ros2_driver' build argument 'cmake_target_skip_unavailable' from command line to 'False'
[0.285s] Level 5:colcon.colcon_core.verb:set package 'hik_camera_ros2_driver' build argument 'cmake_clean_cache' from command line to 'False'
[0.285s] Level 5:colcon.colcon_core.verb:set package 'hik_camera_ros2_driver' build argument 'cmake_clean_first' from command line to 'False'
[0.285s] Level 5:colcon.colcon_core.verb:set package 'hik_camera_ros2_driver' build argument 'cmake_force_configure' from command line to 'False'
[0.285s] Level 5:colcon.colcon_core.verb:set package 'hik_camera_ros2_driver' build argument 'ament_cmake_args' from command line to 'None'
[0.285s] Level 5:colcon.colcon_core.verb:set package 'hik_camera_ros2_driver' build argument 'catkin_cmake_args' from command line to 'None'
[0.285s] Level 5:colcon.colcon_core.verb:set package 'hik_camera_ros2_driver' build argument 'catkin_skip_building_tests' from command line to 'False'
[0.285s] DEBUG:colcon.colcon_core.verb:Building package 'hik_camera_ros2_driver' with the following arguments: {'ament_cmake_args': None, 'build_base': '/home/new-sentry/Desktop/boom_ws/build/hik_camera_ros2_driver', 'catkin_cmake_args': None, 'catkin_skip_building_tests': False, 'cmake_args': None, 'cmake_clean_cache': False, 'cmake_clean_first': False, 'cmake_force_configure': False, 'cmake_target': None, 'cmake_target_skip_unavailable': False, 'install_base': '/home/new-sentry/Desktop/boom_ws/install/hik_camera_ros2_driver', 'merge_install': False, 'path': '/home/new-sentry/Desktop/boom_ws/src/hik_camera_ros2_driver', 'symlink_install': False, 'test_result_base': None}
[0.286s] Level 5:colcon.colcon_core.verb:set package 'vision_interfaces' build argument 'cmake_args' from command line to 'None'
[0.286s] Level 5:colcon.colcon_core.verb:set package 'vision_interfaces' build argument 'cmake_target' from command line to 'None'
[0.286s] Level 5:colcon.colcon_core.verb:set package 'vision_interfaces' build argument 'cmake_target_skip_unavailable' from command line to 'False'
[0.286s] Level 5:colcon.colcon_core.verb:set package 'vision_interfaces' build argument 'cmake_clean_cache' from command line to 'False'
[0.286s] Level 5:colcon.colcon_core.verb:set package 'vision_interfaces' build argument 'cmake_clean_first' from command line to 'False'
[0.286s] Level 5:colcon.colcon_core.verb:set package 'vision_interfaces' build argument 'cmake_force_configure' from command line to 'False'
[0.286s] Level 5:colcon.colcon_core.verb:set package 'vision_interfaces' build argument 'ament_cmake_args' from command line to 'None'
[0.286s] Level 5:colcon.colcon_core.verb:set package 'vision_interfaces' build argument 'catkin_cmake_args' from command line to 'None'
[0.286s] Level 5:colcon.colcon_core.verb:set package 'vision_interfaces' build argument 'catkin_skip_building_tests' from command line to 'False'
[0.286s] DEBUG:colcon.colcon_core.verb:Building package 'vision_interfaces' with the following arguments: {'ament_cmake_args': None, 'build_base': '/home/new-sentry/Desktop/boom_ws/build/vision_interfaces', 'catkin_cmake_args': None, 'catkin_skip_building_tests': False, 'cmake_args': None, 'cmake_clean_cache': False, 'cmake_clean_first': False, 'cmake_force_configure': False, 'cmake_target': None, 'cmake_target_skip_unavailable': False, 'install_base': '/home/new-sentry/Desktop/boom_ws/install/vision_interfaces', 'merge_install': False, 'path': '/home/new-sentry/Desktop/boom_ws/src/vision_interfaces', 'symlink_install': False, 'test_result_base': None}
[0.286s] Level 5:colcon.colcon_core.verb:set package 'resolve' build argument 'cmake_args' from command line to 'None'
[0.286s] Level 5:colcon.colcon_core.verb:set package 'resolve' build argument 'cmake_target' from command line to 'None'
[0.286s] Level 5:colcon.colcon_core.verb:set package 'resolve' build argument 'cmake_target_skip_unavailable' from command line to 'False'
[0.286s] Level 5:colcon.colcon_core.verb:set package 'resolve' build argument 'cmake_clean_cache' from command line to 'False'
[0.286s] Level 5:colcon.colcon_core.verb:set package 'resolve' build argument 'cmake_clean_first' from command line to 'False'
[0.286s] Level 5:colcon.colcon_core.verb:set package 'resolve' build argument 'cmake_force_configure' from command line to 'False'
[0.286s] Level 5:colcon.colcon_core.verb:set package 'resolve' build argument 'ament_cmake_args' from command line to 'None'
[0.286s] Level 5:colcon.colcon_core.verb:set package 'resolve' build argument 'catkin_cmake_args' from command line to 'None'
[0.286s] Level 5:colcon.colcon_core.verb:set package 'resolve' build argument 'catkin_skip_building_tests' from command line to 'False'
[0.286s] DEBUG:colcon.colcon_core.verb:Building package 'resolve' with the following arguments: {'ament_cmake_args': None, 'build_base': '/home/new-sentry/Desktop/boom_ws/build/resolve', 'catkin_cmake_args': None, 'catkin_skip_building_tests': False, 'cmake_args': None, 'cmake_clean_cache': False, 'cmake_clean_first': False, 'cmake_force_configure': False, 'cmake_target': None, 'cmake_target_skip_unavailable': False, 'install_base': '/home/new-sentry/Desktop/boom_ws/install/resolve', 'merge_install': False, 'path': '/home/new-sentry/Desktop/boom_ws/src/resolving', 'symlink_install': False, 'test_result_base': None}
[0.287s] Level 5:colcon.colcon_core.verb:set package 'serial' build argument 'cmake_args' from command line to 'None'
[0.287s] Level 5:colcon.colcon_core.verb:set package 'serial' build argument 'cmake_target' from command line to 'None'
[0.287s] Level 5:colcon.colcon_core.verb:set package 'serial' build argument 'cmake_target_skip_unavailable' from command line to 'False'
[0.287s] Level 5:colcon.colcon_core.verb:set package 'serial' build argument 'cmake_clean_cache' from command line to 'False'
[0.287s] Level 5:colcon.colcon_core.verb:set package 'serial' build argument 'cmake_clean_first' from command line to 'False'
[0.287s] Level 5:colcon.colcon_core.verb:set package 'serial' build argument 'cmake_force_configure' from command line to 'False'
[0.287s] Level 5:colcon.colcon_core.verb:set package 'serial' build argument 'ament_cmake_args' from command line to 'None'
[0.287s] Level 5:colcon.colcon_core.verb:set package 'serial' build argument 'catkin_cmake_args' from command line to 'None'
[0.287s] Level 5:colcon.colcon_core.verb:set package 'serial' build argument 'catkin_skip_building_tests' from command line to 'False'
[0.287s] DEBUG:colcon.colcon_core.verb:Building package 'serial' with the following arguments: {'ament_cmake_args': None, 'build_base': '/home/new-sentry/Desktop/boom_ws/build/serial', 'catkin_cmake_args': None, 'catkin_skip_building_tests': False, 'cmake_args': None, 'cmake_clean_cache': False, 'cmake_clean_first': False, 'cmake_force_configure': False, 'cmake_target': None, 'cmake_target_skip_unavailable': False, 'install_base': '/home/new-sentry/Desktop/boom_ws/install/serial', 'merge_install': False, 'path': '/home/new-sentry/Desktop/boom_ws/src/serial', 'symlink_install': False, 'test_result_base': None}
[0.287s] INFO:colcon.colcon_core.executor:Executing jobs using 'parallel' executor
[0.289s] DEBUG:colcon.colcon_parallel_executor.executor.parallel:run_until_complete
[0.289s] INFO:colcon.colcon_ros.task.ament_cmake.build:Building ROS package in '/home/new-sentry/Desktop/boom_ws/src/vision_interfaces' with build type 'ament_cmake'
[0.289s] INFO:colcon.colcon_cmake.task.cmake.build:Building CMake package in '/home/new-sentry/Desktop/boom_ws/src/vision_interfaces'
[0.292s] INFO:colcon.colcon_core.plugin_system:Skipping extension 'colcon_core.shell.bat': Not used on non-Windows systems
[0.292s] INFO:colcon.colcon_core.shell:Skip shell extension 'powershell' for command environment: Not usable outside of PowerShell
[0.292s] DEBUG:colcon.colcon_core.shell:Skip shell extension 'dsv' for command environment
[0.296s] INFO:colcon.colcon_ros.task.ament_cmake.build:Building ROS package in '/home/new-sentry/Desktop/boom_ws/src/display' with build type 'ament_cmake'
[0.296s] INFO:colcon.colcon_cmake.task.cmake.build:Building CMake package in '/home/new-sentry/Desktop/boom_ws/src/display'
[0.297s] INFO:colcon.colcon_core.shell:Skip shell extension 'powershell' for command environment: Not usable outside of PowerShell
[0.297s] DEBUG:colcon.colcon_core.shell:Skip shell extension 'dsv' for command environment
[0.299s] INFO:colcon.colcon_ros.task.ament_cmake.build:Building ROS package in '/home/new-sentry/Desktop/boom_ws/src/hik_camera_ros2_driver' with build type 'ament_cmake'
[0.299s] INFO:colcon.colcon_cmake.task.cmake.build:Building CMake package in '/home/new-sentry/Desktop/boom_ws/src/hik_camera_ros2_driver'
[0.299s] INFO:colcon.colcon_core.shell:Skip shell extension 'powershell' for command environment: Not usable outside of PowerShell
[0.299s] DEBUG:colcon.colcon_core.shell:Skip shell extension 'dsv' for command environment
[0.310s] DEBUG:colcon.colcon_core.event_handler.log_command:Invoking command in '/home/new-sentry/Desktop/boom_ws/build/vision_interfaces': CMAKE_PREFIX_PATH=${CMAKE_PREFIX_PATH}:/opt/ros/humble /usr/local/bin/cmake --build /home/new-sentry/Desktop/boom_ws/build/vision_interfaces -- -j16 -l16
[0.313s] DEBUG:colcon.colcon_core.event_handler.log_command:Invoking command in '/home/new-sentry/Desktop/boom_ws/build/display': CMAKE_PREFIX_PATH=${CMAKE_PREFIX_PATH}:/opt/ros/humble /usr/local/bin/cmake --build /home/new-sentry/Desktop/boom_ws/build/display -- -j16 -l16
[0.318s] DEBUG:colcon.colcon_core.event_handler.log_command:Invoking command in '/home/new-sentry/Desktop/boom_ws/build/hik_camera_ros2_driver': CMAKE_PREFIX_PATH=${CMAKE_PREFIX_PATH}:/opt/ros/humble /usr/local/bin/cmake --build /home/new-sentry/Desktop/boom_ws/build/hik_camera_ros2_driver -- -j16 -l16
[0.380s] DEBUG:colcon.colcon_core.event_handler.log_command:Invoked command in '/home/new-sentry/Desktop/boom_ws/build/hik_camera_ros2_driver' returned '0': CMAKE_PREFIX_PATH=${CMAKE_PREFIX_PATH}:/opt/ros/humble /usr/local/bin/cmake --build /home/new-sentry/Desktop/boom_ws/build/hik_camera_ros2_driver -- -j16 -l16
[0.389s] DEBUG:colcon.colcon_core.event_handler.log_command:Invoking command in '/home/new-sentry/Desktop/boom_ws/build/hik_camera_ros2_driver': CMAKE_PREFIX_PATH=${CMAKE_PREFIX_PATH}:/opt/ros/humble /usr/local/bin/cmake --install /home/new-sentry/Desktop/boom_ws/build/hik_camera_ros2_driver
[0.390s] DEBUG:colcon.colcon_core.event_handler.log_command:Invoked command in '/home/new-sentry/Desktop/boom_ws/build/display' returned '0': CMAKE_PREFIX_PATH=${CMAKE_PREFIX_PATH}:/opt/ros/humble /usr/local/bin/cmake --build /home/new-sentry/Desktop/boom_ws/build/display -- -j16 -l16
[0.392s] DEBUG:colcon.colcon_core.event_handler.log_command:Invoking command in '/home/new-sentry/Desktop/boom_ws/build/display': CMAKE_PREFIX_PATH=${CMAKE_PREFIX_PATH}:/opt/ros/humble /usr/local/bin/cmake --install /home/new-sentry/Desktop/boom_ws/build/display
[0.403s] Level 1:colcon.colcon_core.environment:create_environment_scripts_only(hik_camera_ros2_driver)
[0.406s] DEBUG:colcon.colcon_core.event_handler.log_command:Invoked command in '/home/new-sentry/Desktop/boom_ws/build/hik_camera_ros2_driver' returned '0': CMAKE_PREFIX_PATH=${CMAKE_PREFIX_PATH}:/opt/ros/humble /usr/local/bin/cmake --install /home/new-sentry/Desktop/boom_ws/build/hik_camera_ros2_driver
[0.409s] Level 1:colcon.colcon_core.environment:checking '/home/new-sentry/Desktop/boom_ws/install/hik_camera_ros2_driver' for CMake module files
[0.410s] Level 1:colcon.colcon_core.environment:checking '/home/new-sentry/Desktop/boom_ws/install/hik_camera_ros2_driver' for CMake config files
[0.410s] Level 1:colcon.colcon_core.shell:create_environment_hook('hik_camera_ros2_driver', 'cmake_prefix_path')
[0.410s] INFO:colcon.colcon_core.shell:Creating environment hook '/home/new-sentry/Desktop/boom_ws/install/hik_camera_ros2_driver/share/hik_camera_ros2_driver/hook/cmake_prefix_path.ps1'
[0.412s] INFO:colcon.colcon_core.shell:Creating environment descriptor '/home/new-sentry/Desktop/boom_ws/install/hik_camera_ros2_driver/share/hik_camera_ros2_driver/hook/cmake_prefix_path.dsv'
[0.412s] INFO:colcon.colcon_core.shell:Creating environment hook '/home/new-sentry/Desktop/boom_ws/install/hik_camera_ros2_driver/share/hik_camera_ros2_driver/hook/cmake_prefix_path.sh'
[0.413s] Level 1:colcon.colcon_core.environment:checking '/home/new-sentry/Desktop/boom_ws/install/hik_camera_ros2_driver/lib'
[0.413s] Level 1:colcon.colcon_core.shell:create_environment_hook('hik_camera_ros2_driver', 'ld_library_path_lib')
[0.414s] INFO:colcon.colcon_core.shell:Creating environment hook '/home/new-sentry/Desktop/boom_ws/install/hik_camera_ros2_driver/share/hik_camera_ros2_driver/hook/ld_library_path_lib.ps1'
[0.415s] INFO:colcon.colcon_core.shell:Creating environment descriptor '/home/new-sentry/Desktop/boom_ws/install/hik_camera_ros2_driver/share/hik_camera_ros2_driver/hook/ld_library_path_lib.dsv'
[0.415s] INFO:colcon.colcon_core.shell:Creating environment hook '/home/new-sentry/Desktop/boom_ws/install/hik_camera_ros2_driver/share/hik_camera_ros2_driver/hook/ld_library_path_lib.sh'
[0.415s] Level 1:colcon.colcon_core.environment:checking '/home/new-sentry/Desktop/boom_ws/install/hik_camera_ros2_driver/bin'
[0.416s] Level 1:colcon.colcon_core.environment:checking '/home/new-sentry/Desktop/boom_ws/install/hik_camera_ros2_driver/lib/pkgconfig/hik_camera_ros2_driver.pc'
[0.416s] Level 1:colcon.colcon_core.environment:checking '/home/new-sentry/Desktop/boom_ws/install/hik_camera_ros2_driver/lib/python3.10/site-packages'
[0.416s] Level 1:colcon.colcon_core.environment:checking '/home/new-sentry/Desktop/boom_ws/install/hik_camera_ros2_driver/bin'
[0.417s] INFO:colcon.colcon_core.shell:Creating package script '/home/new-sentry/Desktop/boom_ws/install/hik_camera_ros2_driver/share/hik_camera_ros2_driver/package.ps1'
[0.418s] INFO:colcon.colcon_core.shell:Creating package descriptor '/home/new-sentry/Desktop/boom_ws/install/hik_camera_ros2_driver/share/hik_camera_ros2_driver/package.dsv'
[0.419s] INFO:colcon.colcon_core.shell:Creating package script '/home/new-sentry/Desktop/boom_ws/install/hik_camera_ros2_driver/share/hik_camera_ros2_driver/package.sh'
[0.420s] INFO:colcon.colcon_core.shell:Creating package script '/home/new-sentry/Desktop/boom_ws/install/hik_camera_ros2_driver/share/hik_camera_ros2_driver/package.bash'
[0.421s] INFO:colcon.colcon_core.shell:Creating package script '/home/new-sentry/Desktop/boom_ws/install/hik_camera_ros2_driver/share/hik_camera_ros2_driver/package.zsh'
[0.422s] Level 1:colcon.colcon_core.environment:create_file_with_runtime_dependencies(/home/new-sentry/Desktop/boom_ws/install/hik_camera_ros2_driver/share/colcon-core/packages/hik_camera_ros2_driver)
[0.424s] Level 1:colcon.colcon_core.environment:create_environment_scripts_only(hik_camera_ros2_driver)
[0.424s] Level 1:colcon.colcon_core.environment:checking '/home/new-sentry/Desktop/boom_ws/install/hik_camera_ros2_driver' for CMake module files
[0.425s] Level 1:colcon.colcon_core.environment:checking '/home/new-sentry/Desktop/boom_ws/install/hik_camera_ros2_driver' for CMake config files
[0.425s] Level 1:colcon.colcon_core.shell:create_environment_hook('hik_camera_ros2_driver', 'cmake_prefix_path')
[0.426s] INFO:colcon.colcon_core.shell:Creating environment hook '/home/new-sentry/Desktop/boom_ws/install/hik_camera_ros2_driver/share/hik_camera_ros2_driver/hook/cmake_prefix_path.ps1'
[0.426s] INFO:colcon.colcon_core.shell:Creating environment descriptor '/home/new-sentry/Desktop/boom_ws/install/hik_camera_ros2_driver/share/hik_camera_ros2_driver/hook/cmake_prefix_path.dsv'
[0.427s] INFO:colcon.colcon_core.shell:Creating environment hook '/home/new-sentry/Desktop/boom_ws/install/hik_camera_ros2_driver/share/hik_camera_ros2_driver/hook/cmake_prefix_path.sh'
[0.428s] Level 1:colcon.colcon_core.environment:checking '/home/new-sentry/Desktop/boom_ws/install/hik_camera_ros2_driver/lib'
[0.428s] Level 1:colcon.colcon_core.shell:create_environment_hook('hik_camera_ros2_driver', 'ld_library_path_lib')
[0.428s] INFO:colcon.colcon_core.shell:Creating environment hook '/home/new-sentry/Desktop/boom_ws/install/hik_camera_ros2_driver/share/hik_camera_ros2_driver/hook/ld_library_path_lib.ps1'
[0.429s] INFO:colcon.colcon_core.shell:Creating environment descriptor '/home/new-sentry/Desktop/boom_ws/install/hik_camera_ros2_driver/share/hik_camera_ros2_driver/hook/ld_library_path_lib.dsv'
[0.430s] INFO:colcon.colcon_core.shell:Creating environment hook '/home/new-sentry/Desktop/boom_ws/install/hik_camera_ros2_driver/share/hik_camera_ros2_driver/hook/ld_library_path_lib.sh'
[0.430s] Level 1:colcon.colcon_core.environment:checking '/home/new-sentry/Desktop/boom_ws/install/hik_camera_ros2_driver/bin'
[0.430s] Level 1:colcon.colcon_core.environment:checking '/home/new-sentry/Desktop/boom_ws/install/hik_camera_ros2_driver/lib/pkgconfig/hik_camera_ros2_driver.pc'
[0.431s] Level 1:colcon.colcon_core.environment:checking '/home/new-sentry/Desktop/boom_ws/install/hik_camera_ros2_driver/lib/python3.10/site-packages'
[0.431s] Level 1:colcon.colcon_core.environment:checking '/home/new-sentry/Desktop/boom_ws/install/hik_camera_ros2_driver/bin'
[0.431s] INFO:colcon.colcon_core.shell:Creating package script '/home/new-sentry/Desktop/boom_ws/install/hik_camera_ros2_driver/share/hik_camera_ros2_driver/package.ps1'
[0.431s] INFO:colcon.colcon_core.shell:Creating package descriptor '/home/new-sentry/Desktop/boom_ws/install/hik_camera_ros2_driver/share/hik_camera_ros2_driver/package.dsv'
[0.432s] INFO:colcon.colcon_core.shell:Creating package script '/home/new-sentry/Desktop/boom_ws/install/hik_camera_ros2_driver/share/hik_camera_ros2_driver/package.sh'
[0.432s] INFO:colcon.colcon_core.shell:Creating package script '/home/new-sentry/Desktop/boom_ws/install/hik_camera_ros2_driver/share/hik_camera_ros2_driver/package.bash'
[0.432s] INFO:colcon.colcon_core.shell:Creating package script '/home/new-sentry/Desktop/boom_ws/install/hik_camera_ros2_driver/share/hik_camera_ros2_driver/package.zsh'
[0.433s] Level 1:colcon.colcon_core.environment:create_file_with_runtime_dependencies(/home/new-sentry/Desktop/boom_ws/install/hik_camera_ros2_driver/share/colcon-core/packages/hik_camera_ros2_driver)
[0.435s] Level 1:colcon.colcon_core.environment:create_environment_scripts_only(display)
[0.436s] Level 1:colcon.colcon_core.environment:checking '/home/new-sentry/Desktop/boom_ws/install/display' for CMake module files
[0.437s] DEBUG:colcon.colcon_core.event_handler.log_command:Invoked command in '/home/new-sentry/Desktop/boom_ws/build/display' returned '0': CMAKE_PREFIX_PATH=${CMAKE_PREFIX_PATH}:/opt/ros/humble /usr/local/bin/cmake --install /home/new-sentry/Desktop/boom_ws/build/display
[0.437s] Level 1:colcon.colcon_core.environment:checking '/home/new-sentry/Desktop/boom_ws/install/display' for CMake config files
[0.438s] Level 1:colcon.colcon_core.shell:create_environment_hook('display', 'cmake_prefix_path')
[0.438s] INFO:colcon.colcon_core.shell:Creating environment hook '/home/new-sentry/Desktop/boom_ws/install/display/share/display/hook/cmake_prefix_path.ps1'
[0.440s] INFO:colcon.colcon_core.shell:Creating environment descriptor '/home/new-sentry/Desktop/boom_ws/install/display/share/display/hook/cmake_prefix_path.dsv'
[0.440s] INFO:colcon.colcon_core.shell:Creating environment hook '/home/new-sentry/Desktop/boom_ws/install/display/share/display/hook/cmake_prefix_path.sh'
[0.441s] Level 1:colcon.colcon_core.environment:checking '/home/new-sentry/Desktop/boom_ws/install/display/lib'
[0.441s] Level 1:colcon.colcon_core.environment:checking '/home/new-sentry/Desktop/boom_ws/install/display/bin'
[0.441s] Level 1:colcon.colcon_core.environment:checking '/home/new-sentry/Desktop/boom_ws/install/display/lib/pkgconfig/display.pc'
[0.441s] Level 1:colcon.colcon_core.environment:checking '/home/new-sentry/Desktop/boom_ws/install/display/lib/python3.10/site-packages'
[0.442s] Level 1:colcon.colcon_core.environment:checking '/home/new-sentry/Desktop/boom_ws/install/display/bin'
[0.442s] INFO:colcon.colcon_core.shell:Creating package script '/home/new-sentry/Desktop/boom_ws/install/display/share/display/package.ps1'
[0.443s] INFO:colcon.colcon_core.shell:Creating package descriptor '/home/new-sentry/Desktop/boom_ws/install/display/share/display/package.dsv'
[0.444s] INFO:colcon.colcon_core.shell:Creating package script '/home/new-sentry/Desktop/boom_ws/install/display/share/display/package.sh'
[0.444s] INFO:colcon.colcon_core.shell:Creating package script '/home/new-sentry/Desktop/boom_ws/install/display/share/display/package.bash'
[0.444s] INFO:colcon.colcon_core.shell:Creating package script '/home/new-sentry/Desktop/boom_ws/install/display/share/display/package.zsh'
[0.445s] Level 1:colcon.colcon_core.environment:create_file_with_runtime_dependencies(/home/new-sentry/Desktop/boom_ws/install/display/share/colcon-core/packages/display)
[0.445s] Level 1:colcon.colcon_core.environment:create_environment_scripts_only(display)
[0.445s] Level 1:colcon.colcon_core.environment:checking '/home/new-sentry/Desktop/boom_ws/install/display' for CMake module files
[0.446s] Level 1:colcon.colcon_core.environment:checking '/home/new-sentry/Desktop/boom_ws/install/display' for CMake config files
[0.446s] Level 1:colcon.colcon_core.shell:create_environment_hook('display', 'cmake_prefix_path')
[0.446s] INFO:colcon.colcon_core.shell:Creating environment hook '/home/new-sentry/Desktop/boom_ws/install/display/share/display/hook/cmake_prefix_path.ps1'
[0.446s] INFO:colcon.colcon_core.shell:Creating environment descriptor '/home/new-sentry/Desktop/boom_ws/install/display/share/display/hook/cmake_prefix_path.dsv'
[0.446s] INFO:colcon.colcon_core.shell:Creating environment hook '/home/new-sentry/Desktop/boom_ws/install/display/share/display/hook/cmake_prefix_path.sh'
[0.447s] Level 1:colcon.colcon_core.environment:checking '/home/new-sentry/Desktop/boom_ws/install/display/lib'
[0.447s] Level 1:colcon.colcon_core.environment:checking '/home/new-sentry/Desktop/boom_ws/install/display/bin'
[0.447s] Level 1:colcon.colcon_core.environment:checking '/home/new-sentry/Desktop/boom_ws/install/display/lib/pkgconfig/display.pc'
[0.447s] Level 1:colcon.colcon_core.environment:checking '/home/new-sentry/Desktop/boom_ws/install/display/lib/python3.10/site-packages'
[0.447s] Level 1:colcon.colcon_core.environment:checking '/home/new-sentry/Desktop/boom_ws/install/display/bin'
[0.448s] INFO:colcon.colcon_core.shell:Creating package script '/home/new-sentry/Desktop/boom_ws/install/display/share/display/package.ps1'
[0.448s] INFO:colcon.colcon_core.shell:Creating package descriptor '/home/new-sentry/Desktop/boom_ws/install/display/share/display/package.dsv'
[0.449s] INFO:colcon.colcon_core.shell:Creating package script '/home/new-sentry/Desktop/boom_ws/install/display/share/display/package.sh'
[0.449s] INFO:colcon.colcon_core.shell:Creating package script '/home/new-sentry/Desktop/boom_ws/install/display/share/display/package.bash'
[0.449s] INFO:colcon.colcon_core.shell:Creating package script '/home/new-sentry/Desktop/boom_ws/install/display/share/display/package.zsh'
[0.450s] Level 1:colcon.colcon_core.environment:create_file_with_runtime_dependencies(/home/new-sentry/Desktop/boom_ws/install/display/share/colcon-core/packages/display)
[0.668s] DEBUG:colcon.colcon_core.event_handler.log_command:Invoked command in '/home/new-sentry/Desktop/boom_ws/build/vision_interfaces' returned '0': CMAKE_PREFIX_PATH=${CMAKE_PREFIX_PATH}:/opt/ros/humble /usr/local/bin/cmake --build /home/new-sentry/Desktop/boom_ws/build/vision_interfaces -- -j16 -l16
[0.672s] DEBUG:colcon.colcon_core.event_handler.log_command:Invoking command in '/home/new-sentry/Desktop/boom_ws/build/vision_interfaces': CMAKE_PREFIX_PATH=${CMAKE_PREFIX_PATH}:/opt/ros/humble /usr/local/bin/cmake --install /home/new-sentry/Desktop/boom_ws/build/vision_interfaces
[0.737s] Level 1:colcon.colcon_core.environment:create_environment_scripts_only(vision_interfaces)
[0.737s] Level 1:colcon.colcon_core.environment:checking '/home/new-sentry/Desktop/boom_ws/install/vision_interfaces' for CMake module files
[0.738s] DEBUG:colcon.colcon_core.event_handler.log_command:Invoked command in '/home/new-sentry/Desktop/boom_ws/build/vision_interfaces' returned '0': CMAKE_PREFIX_PATH=${CMAKE_PREFIX_PATH}:/opt/ros/humble /usr/local/bin/cmake --install /home/new-sentry/Desktop/boom_ws/build/vision_interfaces
[0.739s] Level 1:colcon.colcon_core.environment:checking '/home/new-sentry/Desktop/boom_ws/install/vision_interfaces' for CMake config files
[0.739s] Level 1:colcon.colcon_core.shell:create_environment_hook('vision_interfaces', 'cmake_prefix_path')
[0.740s] INFO:colcon.colcon_core.shell:Creating environment hook '/home/new-sentry/Desktop/boom_ws/install/vision_interfaces/share/vision_interfaces/hook/cmake_prefix_path.ps1'
[0.741s] INFO:colcon.colcon_core.shell:Creating environment descriptor '/home/new-sentry/Desktop/boom_ws/install/vision_interfaces/share/vision_interfaces/hook/cmake_prefix_path.dsv'
[0.742s] INFO:colcon.colcon_core.shell:Creating environment hook '/home/new-sentry/Desktop/boom_ws/install/vision_interfaces/share/vision_interfaces/hook/cmake_prefix_path.sh'
[0.743s] Level 1:colcon.colcon_core.environment:checking '/home/new-sentry/Desktop/boom_ws/install/vision_interfaces/lib'
[0.743s] Level 1:colcon.colcon_core.shell:create_environment_hook('vision_interfaces', 'ld_library_path_lib')
[0.743s] INFO:colcon.colcon_core.shell:Creating environment hook '/home/new-sentry/Desktop/boom_ws/install/vision_interfaces/share/vision_interfaces/hook/ld_library_path_lib.ps1'
[0.744s] INFO:colcon.colcon_core.shell:Creating environment descriptor '/home/new-sentry/Desktop/boom_ws/install/vision_interfaces/share/vision_interfaces/hook/ld_library_path_lib.dsv'
[0.744s] INFO:colcon.colcon_core.shell:Creating environment hook '/home/new-sentry/Desktop/boom_ws/install/vision_interfaces/share/vision_interfaces/hook/ld_library_path_lib.sh'
[0.744s] Level 1:colcon.colcon_core.environment:checking '/home/new-sentry/Desktop/boom_ws/install/vision_interfaces/bin'
[0.745s] Level 1:colcon.colcon_core.environment:checking '/home/new-sentry/Desktop/boom_ws/install/vision_interfaces/lib/pkgconfig/vision_interfaces.pc'
[0.745s] Level 1:colcon.colcon_core.environment:checking '/home/new-sentry/Desktop/boom_ws/install/vision_interfaces/lib/python3.10/site-packages'
[0.745s] Level 1:colcon.colcon_core.environment:checking '/home/new-sentry/Desktop/boom_ws/install/vision_interfaces/bin'
[0.746s] INFO:colcon.colcon_core.shell:Creating package script '/home/new-sentry/Desktop/boom_ws/install/vision_interfaces/share/vision_interfaces/package.ps1'
[0.746s] INFO:colcon.colcon_core.shell:Creating package descriptor '/home/new-sentry/Desktop/boom_ws/install/vision_interfaces/share/vision_interfaces/package.dsv'
[0.746s] INFO:colcon.colcon_core.shell:Creating package script '/home/new-sentry/Desktop/boom_ws/install/vision_interfaces/share/vision_interfaces/package.sh'
[0.747s] INFO:colcon.colcon_core.shell:Creating package script '/home/new-sentry/Desktop/boom_ws/install/vision_interfaces/share/vision_interfaces/package.bash'
[0.747s] INFO:colcon.colcon_core.shell:Creating package script '/home/new-sentry/Desktop/boom_ws/install/vision_interfaces/share/vision_interfaces/package.zsh'
[0.747s] Level 1:colcon.colcon_core.environment:create_file_with_runtime_dependencies(/home/new-sentry/Desktop/boom_ws/install/vision_interfaces/share/colcon-core/packages/vision_interfaces)
[0.748s] Level 1:colcon.colcon_core.environment:create_environment_scripts_only(vision_interfaces)
[0.748s] Level 1:colcon.colcon_core.environment:checking '/home/new-sentry/Desktop/boom_ws/install/vision_interfaces' for CMake module files
[0.748s] Level 1:colcon.colcon_core.environment:checking '/home/new-sentry/Desktop/boom_ws/install/vision_interfaces' for CMake config files
[0.749s] Level 1:colcon.colcon_core.shell:create_environment_hook('vision_interfaces', 'cmake_prefix_path')
[0.749s] INFO:colcon.colcon_core.shell:Creating environment hook '/home/new-sentry/Desktop/boom_ws/install/vision_interfaces/share/vision_interfaces/hook/cmake_prefix_path.ps1'
[0.749s] INFO:colcon.colcon_core.shell:Creating environment descriptor '/home/new-sentry/Desktop/boom_ws/install/vision_interfaces/share/vision_interfaces/hook/cmake_prefix_path.dsv'
[0.749s] INFO:colcon.colcon_core.shell:Creating environment hook '/home/new-sentry/Desktop/boom_ws/install/vision_interfaces/share/vision_interfaces/hook/cmake_prefix_path.sh'
[0.750s] Level 1:colcon.colcon_core.environment:checking '/home/new-sentry/Desktop/boom_ws/install/vision_interfaces/lib'
[0.750s] Level 1:colcon.colcon_core.shell:create_environment_hook('vision_interfaces', 'ld_library_path_lib')
[0.750s] INFO:colcon.colcon_core.shell:Creating environment hook '/home/new-sentry/Desktop/boom_ws/install/vision_interfaces/share/vision_interfaces/hook/ld_library_path_lib.ps1'
[0.751s] INFO:colcon.colcon_core.shell:Creating environment descriptor '/home/new-sentry/Desktop/boom_ws/install/vision_interfaces/share/vision_interfaces/hook/ld_library_path_lib.dsv'
[0.751s] INFO:colcon.colcon_core.shell:Creating environment hook '/home/new-sentry/Desktop/boom_ws/install/vision_interfaces/share/vision_interfaces/hook/ld_library_path_lib.sh'
[0.751s] Level 1:colcon.colcon_core.environment:checking '/home/new-sentry/Desktop/boom_ws/install/vision_interfaces/bin'
[0.751s] Level 1:colcon.colcon_core.environment:checking '/home/new-sentry/Desktop/boom_ws/install/vision_interfaces/lib/pkgconfig/vision_interfaces.pc'
[0.751s] Level 1:colcon.colcon_core.environment:checking '/home/new-sentry/Desktop/boom_ws/install/vision_interfaces/lib/python3.10/site-packages'
[0.752s] Level 1:colcon.colcon_core.environment:checking '/home/new-sentry/Desktop/boom_ws/install/vision_interfaces/bin'
[0.752s] INFO:colcon.colcon_core.shell:Creating package script '/home/new-sentry/Desktop/boom_ws/install/vision_interfaces/share/vision_interfaces/package.ps1'
[0.753s] INFO:colcon.colcon_core.shell:Creating package descriptor '/home/new-sentry/Desktop/boom_ws/install/vision_interfaces/share/vision_interfaces/package.dsv'
[0.753s] INFO:colcon.colcon_core.shell:Creating package script '/home/new-sentry/Desktop/boom_ws/install/vision_interfaces/share/vision_interfaces/package.sh'
[0.753s] INFO:colcon.colcon_core.shell:Creating package script '/home/new-sentry/Desktop/boom_ws/install/vision_interfaces/share/vision_interfaces/package.bash'
[0.753s] INFO:colcon.colcon_core.shell:Creating package script '/home/new-sentry/Desktop/boom_ws/install/vision_interfaces/share/vision_interfaces/package.zsh'
[0.754s] Level 1:colcon.colcon_core.environment:create_file_with_runtime_dependencies(/home/new-sentry/Desktop/boom_ws/install/vision_interfaces/share/colcon-core/packages/vision_interfaces)
[0.754s] INFO:colcon.colcon_ros.task.ament_cmake.build:Building ROS package in '/home/new-sentry/Desktop/boom_ws/src/resolving' with build type 'ament_cmake'
[0.754s] INFO:colcon.colcon_cmake.task.cmake.build:Building CMake package in '/home/new-sentry/Desktop/boom_ws/src/resolving'
[0.755s] INFO:colcon.colcon_core.shell:Skip shell extension 'powershell' for command environment: Not usable outside of PowerShell
[0.755s] DEBUG:colcon.colcon_core.shell:Skip shell extension 'dsv' for command environment
[0.760s] INFO:colcon.colcon_ros.task.ament_cmake.build:Building ROS package in '/home/new-sentry/Desktop/boom_ws/src/serial' with build type 'ament_cmake'
[0.760s] INFO:colcon.colcon_cmake.task.cmake.build:Building CMake package in '/home/new-sentry/Desktop/boom_ws/src/serial'
[0.761s] INFO:colcon.colcon_core.shell:Skip shell extension 'powershell' for command environment: Not usable outside of PowerShell
[0.761s] DEBUG:colcon.colcon_core.shell:Skip shell extension 'dsv' for command environment
[0.766s] DEBUG:colcon.colcon_core.event_handler.log_command:Invoking command in '/home/new-sentry/Desktop/boom_ws/build/resolve': CMAKE_PREFIX_PATH=/home/new-sentry/Desktop/boom_ws/install/vision_interfaces:/home/new-sentry/Desktop/boom_ws/install/serial:/home/new-sentry/Desktop/boom_ws/install/resolve:/home/new-sentry/Desktop/boom_ws/install/hik_camera_ros2_driver:/home/new-sentry/Desktop/boom_ws/install/display:/opt/ros/humble LD_LIBRARY_PATH=/home/new-sentry/Desktop/boom_ws/install/vision_interfaces/lib:/opt/MVS/lib/64:/opt/MVS/lib/32:/opt/MVS/lib/64:/opt/MVS/lib/32:/home/new-sentry/Desktop/boom_ws/install/hik_camera_ros2_driver/lib:/opt/MVS/lib/64:/opt/MVS/lib/32:/opt/ros/humble/opt/rviz_ogre_vendor/lib:/opt/ros/humble/lib/x86_64-linux-gnu:/opt/ros/humble/lib:/opt/MVS/lib/64:/opt/MVS/lib/32:/opt/MVS/lib/64:/opt/MVS/lib/32:/opt/MVS/lib/64:/opt/MVS/lib/32 /usr/local/bin/cmake --build /home/new-sentry/Desktop/boom_ws/build/resolve -- -j16 -l16
[0.768s] DEBUG:colcon.colcon_core.event_handler.log_command:Invoking command in '/home/new-sentry/Desktop/boom_ws/build/serial': CMAKE_PREFIX_PATH=/home/new-sentry/Desktop/boom_ws/install/vision_interfaces:/home/new-sentry/Desktop/boom_ws/install/serial:/home/new-sentry/Desktop/boom_ws/install/resolve:/home/new-sentry/Desktop/boom_ws/install/hik_camera_ros2_driver:/home/new-sentry/Desktop/boom_ws/install/display:/opt/ros/humble LD_LIBRARY_PATH=/home/new-sentry/Desktop/boom_ws/install/vision_interfaces/lib:/opt/MVS/lib/64:/opt/MVS/lib/32:/opt/MVS/lib/64:/opt/MVS/lib/32:/home/new-sentry/Desktop/boom_ws/install/hik_camera_ros2_driver/lib:/opt/MVS/lib/64:/opt/MVS/lib/32:/opt/ros/humble/opt/rviz_ogre_vendor/lib:/opt/ros/humble/lib/x86_64-linux-gnu:/opt/ros/humble/lib:/opt/MVS/lib/64:/opt/MVS/lib/32:/opt/MVS/lib/64:/opt/MVS/lib/32:/opt/MVS/lib/64:/opt/MVS/lib/32 /usr/local/bin/cmake --build /home/new-sentry/Desktop/boom_ws/build/serial -- -j16 -l16
[0.839s] DEBUG:colcon.colcon_core.event_handler.log_command:Invoked command in '/home/new-sentry/Desktop/boom_ws/build/serial' returned '0': CMAKE_PREFIX_PATH=/home/new-sentry/Desktop/boom_ws/install/vision_interfaces:/home/new-sentry/Desktop/boom_ws/install/serial:/home/new-sentry/Desktop/boom_ws/install/resolve:/home/new-sentry/Desktop/boom_ws/install/hik_camera_ros2_driver:/home/new-sentry/Desktop/boom_ws/install/display:/opt/ros/humble LD_LIBRARY_PATH=/home/new-sentry/Desktop/boom_ws/install/vision_interfaces/lib:/opt/MVS/lib/64:/opt/MVS/lib/32:/opt/MVS/lib/64:/opt/MVS/lib/32:/home/new-sentry/Desktop/boom_ws/install/hik_camera_ros2_driver/lib:/opt/MVS/lib/64:/opt/MVS/lib/32:/opt/ros/humble/opt/rviz_ogre_vendor/lib:/opt/ros/humble/lib/x86_64-linux-gnu:/opt/ros/humble/lib:/opt/MVS/lib/64:/opt/MVS/lib/32:/opt/MVS/lib/64:/opt/MVS/lib/32:/opt/MVS/lib/64:/opt/MVS/lib/32 /usr/local/bin/cmake --build /home/new-sentry/Desktop/boom_ws/build/serial -- -j16 -l16
[0.842s] DEBUG:colcon.colcon_core.event_handler.log_command:Invoking command in '/home/new-sentry/Desktop/boom_ws/build/serial': CMAKE_PREFIX_PATH=/home/new-sentry/Desktop/boom_ws/install/vision_interfaces:/home/new-sentry/Desktop/boom_ws/install/serial:/home/new-sentry/Desktop/boom_ws/install/resolve:/home/new-sentry/Desktop/boom_ws/install/hik_camera_ros2_driver:/home/new-sentry/Desktop/boom_ws/install/display:/opt/ros/humble LD_LIBRARY_PATH=/home/new-sentry/Desktop/boom_ws/install/vision_interfaces/lib:/opt/MVS/lib/64:/opt/MVS/lib/32:/opt/MVS/lib/64:/opt/MVS/lib/32:/home/new-sentry/Desktop/boom_ws/install/hik_camera_ros2_driver/lib:/opt/MVS/lib/64:/opt/MVS/lib/32:/opt/ros/humble/opt/rviz_ogre_vendor/lib:/opt/ros/humble/lib/x86_64-linux-gnu:/opt/ros/humble/lib:/opt/MVS/lib/64:/opt/MVS/lib/32:/opt/MVS/lib/64:/opt/MVS/lib/32:/opt/MVS/lib/64:/opt/MVS/lib/32 /usr/local/bin/cmake --install /home/new-sentry/Desktop/boom_ws/build/serial
[0.854s] Level 1:colcon.colcon_core.environment:create_environment_scripts_only(serial)
[0.854s] Level 1:colcon.colcon_core.environment:checking '/home/new-sentry/Desktop/boom_ws/install/serial' for CMake module files
[0.855s] DEBUG:colcon.colcon_core.event_handler.log_command:Invoked command in '/home/new-sentry/Desktop/boom_ws/build/serial' returned '0': CMAKE_PREFIX_PATH=/home/new-sentry/Desktop/boom_ws/install/vision_interfaces:/home/new-sentry/Desktop/boom_ws/install/serial:/home/new-sentry/Desktop/boom_ws/install/resolve:/home/new-sentry/Desktop/boom_ws/install/hik_camera_ros2_driver:/home/new-sentry/Desktop/boom_ws/install/display:/opt/ros/humble LD_LIBRARY_PATH=/home/new-sentry/Desktop/boom_ws/install/vision_interfaces/lib:/opt/MVS/lib/64:/opt/MVS/lib/32:/opt/MVS/lib/64:/opt/MVS/lib/32:/home/new-sentry/Desktop/boom_ws/install/hik_camera_ros2_driver/lib:/opt/MVS/lib/64:/opt/MVS/lib/32:/opt/ros/humble/opt/rviz_ogre_vendor/lib:/opt/ros/humble/lib/x86_64-linux-gnu:/opt/ros/humble/lib:/opt/MVS/lib/64:/opt/MVS/lib/32:/opt/MVS/lib/64:/opt/MVS/lib/32:/opt/MVS/lib/64:/opt/MVS/lib/32 /usr/local/bin/cmake --install /home/new-sentry/Desktop/boom_ws/build/serial
[0.855s] Level 1:colcon.colcon_core.environment:checking '/home/new-sentry/Desktop/boom_ws/install/serial' for CMake config files
[0.856s] Level 1:colcon.colcon_core.shell:create_environment_hook('serial', 'cmake_prefix_path')
[0.856s] INFO:colcon.colcon_core.shell:Creating environment hook '/home/new-sentry/Desktop/boom_ws/install/serial/share/serial/hook/cmake_prefix_path.ps1'
[0.857s] INFO:colcon.colcon_core.shell:Creating environment descriptor '/home/new-sentry/Desktop/boom_ws/install/serial/share/serial/hook/cmake_prefix_path.dsv'
[0.858s] INFO:colcon.colcon_core.shell:Creating environment hook '/home/new-sentry/Desktop/boom_ws/install/serial/share/serial/hook/cmake_prefix_path.sh'
[0.858s] Level 1:colcon.colcon_core.environment:checking '/home/new-sentry/Desktop/boom_ws/install/serial/lib'
[0.858s] Level 1:colcon.colcon_core.environment:checking '/home/new-sentry/Desktop/boom_ws/install/serial/bin'
[0.859s] Level 1:colcon.colcon_core.environment:checking '/home/new-sentry/Desktop/boom_ws/install/serial/lib/pkgconfig/serial.pc'
[0.859s] Level 1:colcon.colcon_core.environment:checking '/home/new-sentry/Desktop/boom_ws/install/serial/lib/python3.10/site-packages'
[0.860s] Level 1:colcon.colcon_core.environment:checking '/home/new-sentry/Desktop/boom_ws/install/serial/bin'
[0.860s] INFO:colcon.colcon_core.shell:Creating package script '/home/new-sentry/Desktop/boom_ws/install/serial/share/serial/package.ps1'
[0.861s] INFO:colcon.colcon_core.shell:Creating package descriptor '/home/new-sentry/Desktop/boom_ws/install/serial/share/serial/package.dsv'
[0.861s] INFO:colcon.colcon_core.shell:Creating package script '/home/new-sentry/Desktop/boom_ws/install/serial/share/serial/package.sh'
[0.862s] INFO:colcon.colcon_core.shell:Creating package script '/home/new-sentry/Desktop/boom_ws/install/serial/share/serial/package.bash'
[0.862s] INFO:colcon.colcon_core.shell:Creating package script '/home/new-sentry/Desktop/boom_ws/install/serial/share/serial/package.zsh'
[0.862s] Level 1:colcon.colcon_core.environment:create_file_with_runtime_dependencies(/home/new-sentry/Desktop/boom_ws/install/serial/share/colcon-core/packages/serial)
[0.863s] Level 1:colcon.colcon_core.environment:create_environment_scripts_only(serial)
[0.863s] Level 1:colcon.colcon_core.environment:checking '/home/new-sentry/Desktop/boom_ws/install/serial' for CMake module files
[0.864s] Level 1:colcon.colcon_core.environment:checking '/home/new-sentry/Desktop/boom_ws/install/serial' for CMake config files
[0.864s] Level 1:colcon.colcon_core.shell:create_environment_hook('serial', 'cmake_prefix_path')
[0.864s] INFO:colcon.colcon_core.shell:Creating environment hook '/home/new-sentry/Desktop/boom_ws/install/serial/share/serial/hook/cmake_prefix_path.ps1'
[0.864s] INFO:colcon.colcon_core.shell:Creating environment descriptor '/home/new-sentry/Desktop/boom_ws/install/serial/share/serial/hook/cmake_prefix_path.dsv'
[0.865s] INFO:colcon.colcon_core.shell:Creating environment hook '/home/new-sentry/Desktop/boom_ws/install/serial/share/serial/hook/cmake_prefix_path.sh'
[0.865s] Level 1:colcon.colcon_core.environment:checking '/home/new-sentry/Desktop/boom_ws/install/serial/lib'
[0.865s] Level 1:colcon.colcon_core.environment:checking '/home/new-sentry/Desktop/boom_ws/install/serial/bin'
[0.865s] Level 1:colcon.colcon_core.environment:checking '/home/new-sentry/Desktop/boom_ws/install/serial/lib/pkgconfig/serial.pc'
[0.865s] Level 1:colcon.colcon_core.environment:checking '/home/new-sentry/Desktop/boom_ws/install/serial/lib/python3.10/site-packages'
[0.866s] Level 1:colcon.colcon_core.environment:checking '/home/new-sentry/Desktop/boom_ws/install/serial/bin'
[0.866s] INFO:colcon.colcon_core.shell:Creating package script '/home/new-sentry/Desktop/boom_ws/install/serial/share/serial/package.ps1'
[0.867s] INFO:colcon.colcon_core.shell:Creating package descriptor '/home/new-sentry/Desktop/boom_ws/install/serial/share/serial/package.dsv'
[0.867s] INFO:colcon.colcon_core.shell:Creating package script '/home/new-sentry/Desktop/boom_ws/install/serial/share/serial/package.sh'
[0.868s] INFO:colcon.colcon_core.shell:Creating package script '/home/new-sentry/Desktop/boom_ws/install/serial/share/serial/package.bash'
[0.868s] INFO:colcon.colcon_core.shell:Creating package script '/home/new-sentry/Desktop/boom_ws/install/serial/share/serial/package.zsh'
[0.869s] Level 1:colcon.colcon_core.environment:create_file_with_runtime_dependencies(/home/new-sentry/Desktop/boom_ws/install/serial/share/colcon-core/packages/serial)
[6.592s] DEBUG:colcon.colcon_core.event_handler.log_command:Invoked command in '/home/new-sentry/Desktop/boom_ws/build/resolve' returned '2': CMAKE_PREFIX_PATH=/home/new-sentry/Desktop/boom_ws/install/vision_interfaces:/home/new-sentry/Desktop/boom_ws/install/serial:/home/new-sentry/Desktop/boom_ws/install/resolve:/home/new-sentry/Desktop/boom_ws/install/hik_camera_ros2_driver:/home/new-sentry/Desktop/boom_ws/install/display:/opt/ros/humble LD_LIBRARY_PATH=/home/new-sentry/Desktop/boom_ws/install/vision_interfaces/lib:/opt/MVS/lib/64:/opt/MVS/lib/32:/opt/MVS/lib/64:/opt/MVS/lib/32:/home/new-sentry/Desktop/boom_ws/install/hik_camera_ros2_driver/lib:/opt/MVS/lib/64:/opt/MVS/lib/32:/opt/ros/humble/opt/rviz_ogre_vendor/lib:/opt/ros/humble/lib/x86_64-linux-gnu:/opt/ros/humble/lib:/opt/MVS/lib/64:/opt/MVS/lib/32:/opt/MVS/lib/64:/opt/MVS/lib/32:/opt/MVS/lib/64:/opt/MVS/lib/32 /usr/local/bin/cmake --build /home/new-sentry/Desktop/boom_ws/build/resolve -- -j16 -l16
[6.593s] Level 1:colcon.colcon_core.environment:create_environment_scripts_only(resolve)
[6.594s] Level 1:colcon.colcon_core.environment:checking '/home/new-sentry/Desktop/boom_ws/install/resolve' for CMake module files
[6.595s] Level 1:colcon.colcon_core.environment:checking '/home/new-sentry/Desktop/boom_ws/install/resolve' for CMake config files
[6.595s] Level 1:colcon.colcon_core.shell:create_environment_hook('resolve', 'cmake_prefix_path')
[6.596s] INFO:colcon.colcon_core.shell:Creating environment hook '/home/new-sentry/Desktop/boom_ws/install/resolve/share/resolve/hook/cmake_prefix_path.ps1'
[6.596s] INFO:colcon.colcon_core.shell:Creating environment descriptor '/home/new-sentry/Desktop/boom_ws/install/resolve/share/resolve/hook/cmake_prefix_path.dsv'
[6.597s] INFO:colcon.colcon_core.shell:Creating environment hook '/home/new-sentry/Desktop/boom_ws/install/resolve/share/resolve/hook/cmake_prefix_path.sh'
[6.598s] Level 1:colcon.colcon_core.environment:checking '/home/new-sentry/Desktop/boom_ws/install/resolve/lib'
[6.598s] Level 1:colcon.colcon_core.environment:checking '/home/new-sentry/Desktop/boom_ws/install/resolve/bin'
[6.598s] Level 1:colcon.colcon_core.environment:checking '/home/new-sentry/Desktop/boom_ws/install/resolve/lib/pkgconfig/resolve.pc'
[6.598s] Level 1:colcon.colcon_core.environment:checking '/home/new-sentry/Desktop/boom_ws/install/resolve/lib/python3.10/site-packages'
[6.599s] Level 1:colcon.colcon_core.environment:checking '/home/new-sentry/Desktop/boom_ws/install/resolve/bin'
[6.599s] INFO:colcon.colcon_core.shell:Creating package script '/home/new-sentry/Desktop/boom_ws/install/resolve/share/resolve/package.ps1'
[6.599s] INFO:colcon.colcon_core.shell:Creating package descriptor '/home/new-sentry/Desktop/boom_ws/install/resolve/share/resolve/package.dsv'
[6.600s] INFO:colcon.colcon_core.shell:Creating package script '/home/new-sentry/Desktop/boom_ws/install/resolve/share/resolve/package.sh'
[6.600s] INFO:colcon.colcon_core.shell:Creating package script '/home/new-sentry/Desktop/boom_ws/install/resolve/share/resolve/package.bash'
[6.600s] INFO:colcon.colcon_core.shell:Creating package script '/home/new-sentry/Desktop/boom_ws/install/resolve/share/resolve/package.zsh'
[6.601s] Level 1:colcon.colcon_core.environment:create_file_with_runtime_dependencies(/home/new-sentry/Desktop/boom_ws/install/resolve/share/colcon-core/packages/resolve)
[6.612s] DEBUG:colcon.colcon_parallel_executor.executor.parallel:closing loop
[6.614s] DEBUG:colcon.colcon_parallel_executor.executor.parallel:loop closed
[6.614s] DEBUG:colcon.colcon_parallel_executor.executor.parallel:run_until_complete finished with '2'
[6.615s] DEBUG:colcon.colcon_core.event_reactor:joining thread
[6.621s] INFO:colcon.colcon_core.plugin_system:Skipping extension 'colcon_notification.desktop_notification.terminal_notifier': Not used on non-Darwin systems
[6.622s] INFO:colcon.colcon_core.plugin_system:Skipping extension 'colcon_notification.desktop_notification.win32': Not used on non-Windows systems
[6.622s] INFO:colcon.colcon_notification.desktop_notification:Sending desktop notification using 'notify2'
[6.641s] DEBUG:colcon.colcon_core.event_reactor:joined thread
[6.642s] INFO:colcon.colcon_core.shell:Creating prefix script '/home/new-sentry/Desktop/boom_ws/install/local_setup.ps1'
[6.644s] INFO:colcon.colcon_core.shell:Creating prefix util module '/home/new-sentry/Desktop/boom_ws/install/_local_setup_util_ps1.py'
[6.646s] INFO:colcon.colcon_core.shell:Creating prefix chain script '/home/new-sentry/Desktop/boom_ws/install/setup.ps1'
[6.647s] INFO:colcon.colcon_core.shell:Creating prefix script '/home/new-sentry/Desktop/boom_ws/install/local_setup.sh'
[6.648s] INFO:colcon.colcon_core.shell:Creating prefix util module '/home/new-sentry/Desktop/boom_ws/install/_local_setup_util_sh.py'
[6.649s] INFO:colcon.colcon_core.shell:Creating prefix chain script '/home/new-sentry/Desktop/boom_ws/install/setup.sh'
[6.650s] INFO:colcon.colcon_core.shell:Creating prefix script '/home/new-sentry/Desktop/boom_ws/install/local_setup.bash'
[6.651s] INFO:colcon.colcon_core.shell:Creating prefix chain script '/home/new-sentry/Desktop/boom_ws/install/setup.bash'
[6.651s] INFO:colcon.colcon_core.shell:Creating prefix script '/home/new-sentry/Desktop/boom_ws/install/local_setup.zsh'
[6.652s] INFO:colcon.colcon_core.shell:Creating prefix chain script '/home/new-sentry/Desktop/boom_ws/install/setup.zsh'
