[35m[1mConsolidate compiler generated dependencies of target resolve[0m
[ 50%] [32mBuilding CXX object CMakeFiles/resolve.dir/src/resolve_node.cpp.o[0m
[01m[K/home/xyq/Desktop/boom_ws/src/resolving/src/resolve_node.cpp:[m[K In member function ‘[01m[Kvoid Resolve::Send(std::string, std::string)[m[K’:
[01m[K/home/xyq/Desktop/boom_ws/src/resolving/src/resolve_node.cpp:55:26:[m[K [01;35m[Kwarning: [m[Kunused parameter ‘[01m[Kcenter_x[m[K’ [[01;35m[K]8;;https://gcc.gnu.org/onlinedocs/gcc/Warning-Options.html#index-Wunused-parameter-Wunused-parameter]8;;[m[K]
   55 |         void Send([01;35m[Kstring center_x[m[K, string center_y) {
      |                   [01;35m[K~~~~~~~^~~~~~~~[m[K
[01m[K/home/xyq/Desktop/boom_ws/src/resolving/src/resolve_node.cpp:55:43:[m[K [01;35m[Kwarning: [m[Kunused parameter ‘[01m[Kcenter_y[m[K’ [[01;35m[K]8;;https://gcc.gnu.org/onlinedocs/gcc/Warning-Options.html#index-Wunused-parameter-Wunused-parameter]8;;[m[K]
   55 | d(string center_x, [01;35m[Kstring center_y[m[K) {
      |                    [01;35m[K~~~~~~~^~~~~~~~[m[K

[100%] [32m[1mLinking CXX executable resolve[0m
[100%] Built target resolve
-- Install configuration: ""
-- Installing: /home/xyq/Desktop/boom_ws/install/resolve/lib/resolve/resolve
-- Set runtime path of "/home/xyq/Desktop/boom_ws/install/resolve/lib/resolve/resolve" to ""
-- Up-to-date: /home/xyq/Desktop/boom_ws/install/resolve/share/ament_index/resource_index/package_run_dependencies/resolve
-- Up-to-date: /home/xyq/Desktop/boom_ws/install/resolve/share/ament_index/resource_index/parent_prefix_path/resolve
-- Up-to-date: /home/xyq/Desktop/boom_ws/install/resolve/share/resolve/environment/ament_prefix_path.sh
-- Up-to-date: /home/xyq/Desktop/boom_ws/install/resolve/share/resolve/environment/ament_prefix_path.dsv
-- Up-to-date: /home/xyq/Desktop/boom_ws/install/resolve/share/resolve/environment/path.sh
-- Up-to-date: /home/xyq/Desktop/boom_ws/install/resolve/share/resolve/environment/path.dsv
-- Up-to-date: /home/xyq/Desktop/boom_ws/install/resolve/share/resolve/local_setup.bash
-- Up-to-date: /home/xyq/Desktop/boom_ws/install/resolve/share/resolve/local_setup.sh
-- Up-to-date: /home/xyq/Desktop/boom_ws/install/resolve/share/resolve/local_setup.zsh
-- Up-to-date: /home/xyq/Desktop/boom_ws/install/resolve/share/resolve/local_setup.dsv
-- Installing: /home/xyq/Desktop/boom_ws/install/resolve/share/resolve/package.dsv
-- Up-to-date: /home/xyq/Desktop/boom_ws/install/resolve/share/ament_index/resource_index/packages/resolve
-- Up-to-date: /home/xyq/Desktop/boom_ws/install/resolve/share/resolve/cmake/resolveConfig.cmake
-- Up-to-date: /home/xyq/Desktop/boom_ws/install/resolve/share/resolve/cmake/resolveConfig-version.cmake
-- Up-to-date: /home/xyq/Desktop/boom_ws/install/resolve/share/resolve/package.xml
