[0.135s] DEBUG:colcon:Command line arguments: ['/usr/bin/colcon', 'build']
[0.135s] DEBUG:colcon:Parsed command line arguments: Namespace(log_base=None, log_level=None, verb_name='build', build_base='build', install_base='install', merge_install=False, symlink_install=False, test_result_base=None, continue_on_error=False, executor='parallel', parallel_workers=8, event_handlers=None, ignore_user_meta=False, metas=['./colcon.meta'], base_paths=['.'], packages_ignore=None, packages_ignore_regex=None, paths=None, packages_up_to=None, packages_up_to_regex=None, packages_above=None, packages_above_and_dependencies=None, packages_above_depth=None, packages_select_by_dep=None, packages_skip_by_dep=None, packages_skip_up_to=None, packages_select_build_failed=False, packages_skip_build_finished=False, packages_select_test_failures=False, packages_skip_test_passed=False, packages_select=None, packages_skip=None, packages_select_regex=None, packages_skip_regex=None, packages_start=None, packages_end=None, allow_overriding=[], cmake_args=None, cmake_target=None, cmake_target_skip_unavailable=False, cmake_clean_cache=False, cmake_clean_first=False, cmake_force_configure=False, ament_cmake_args=None, catkin_cmake_args=None, catkin_skip_building_tests=False, verb_parser=<colcon_defaults.argument_parser.defaults.DefaultArgumentsDecorator object at 0x78850572f520>, verb_extension=<colcon_core.verb.build.BuildVerb object at 0x7885058789d0>, main=<bound method BuildVerb.main of <colcon_core.verb.build.BuildVerb object at 0x7885058789d0>>)
[0.397s] Level 1:colcon.colcon_core.package_discovery:discover_packages(colcon_meta) check parameters
[0.398s] Level 1:colcon.colcon_core.package_discovery:discover_packages(recursive) check parameters
[0.398s] Level 1:colcon.colcon_core.package_discovery:discover_packages(ignore) check parameters
[0.398s] Level 1:colcon.colcon_core.package_discovery:discover_packages(path) check parameters
[0.398s] Level 1:colcon.colcon_core.package_discovery:discover_packages(colcon_meta) discover
[0.398s] Level 1:colcon.colcon_core.package_discovery:discover_packages(recursive) discover
[0.398s] INFO:colcon.colcon_core.package_discovery:Crawling recursively for packages in '/home/qiqi/Desktop/boom_ws'
[0.398s] Level 1:colcon.colcon_core.package_identification:_identify(.) by extensions ['ignore', 'ignore_ament_install']
[0.398s] Level 1:colcon.colcon_core.package_identification:_identify(.) by extension 'ignore'
[0.398s] Level 1:colcon.colcon_core.package_identification:_identify(.) by extension 'ignore_ament_install'
[0.398s] Level 1:colcon.colcon_core.package_identification:_identify(.) by extensions ['colcon_pkg']
[0.398s] Level 1:colcon.colcon_core.package_identification:_identify(.) by extension 'colcon_pkg'
[0.398s] Level 1:colcon.colcon_core.package_identification:_identify(.) by extensions ['colcon_meta']
[0.398s] Level 1:colcon.colcon_core.package_identification:_identify(.) by extension 'colcon_meta'
[0.399s] Level 1:colcon.colcon_core.package_identification:_identify(.) by extensions ['ros']
[0.399s] Level 1:colcon.colcon_core.package_identification:_identify(.) by extension 'ros'
[0.415s] Level 1:colcon.colcon_core.package_identification:_identify(.) by extensions ['cmake', 'python']
[0.415s] Level 1:colcon.colcon_core.package_identification:_identify(.) by extension 'cmake'
[0.416s] Level 1:colcon.colcon_core.package_identification:_identify(.) by extension 'python'
[0.416s] Level 1:colcon.colcon_core.package_identification:_identify(.) by extensions ['python_setup_py']
[0.416s] Level 1:colcon.colcon_core.package_identification:_identify(.) by extension 'python_setup_py'
[0.416s] Level 1:colcon.colcon_core.package_identification:_identify(build) by extensions ['ignore', 'ignore_ament_install']
[0.416s] Level 1:colcon.colcon_core.package_identification:_identify(build) by extension 'ignore'
[0.416s] Level 1:colcon.colcon_core.package_identification:_identify(build) ignored
[0.416s] Level 1:colcon.colcon_core.package_identification:_identify(config) by extensions ['ignore', 'ignore_ament_install']
[0.416s] Level 1:colcon.colcon_core.package_identification:_identify(config) by extension 'ignore'
[0.416s] Level 1:colcon.colcon_core.package_identification:_identify(config) by extension 'ignore_ament_install'
[0.416s] Level 1:colcon.colcon_core.package_identification:_identify(config) by extensions ['colcon_pkg']
[0.416s] Level 1:colcon.colcon_core.package_identification:_identify(config) by extension 'colcon_pkg'
[0.417s] Level 1:colcon.colcon_core.package_identification:_identify(config) by extensions ['colcon_meta']
[0.417s] Level 1:colcon.colcon_core.package_identification:_identify(config) by extension 'colcon_meta'
[0.417s] Level 1:colcon.colcon_core.package_identification:_identify(config) by extensions ['ros']
[0.417s] Level 1:colcon.colcon_core.package_identification:_identify(config) by extension 'ros'
[0.417s] Level 1:colcon.colcon_core.package_identification:_identify(config) by extensions ['cmake', 'python']
[0.417s] Level 1:colcon.colcon_core.package_identification:_identify(config) by extension 'cmake'
[0.417s] Level 1:colcon.colcon_core.package_identification:_identify(config) by extension 'python'
[0.417s] Level 1:colcon.colcon_core.package_identification:_identify(config) by extensions ['python_setup_py']
[0.417s] Level 1:colcon.colcon_core.package_identification:_identify(config) by extension 'python_setup_py'
[0.417s] Level 1:colcon.colcon_core.package_identification:_identify(install) by extensions ['ignore', 'ignore_ament_install']
[0.417s] Level 1:colcon.colcon_core.package_identification:_identify(install) by extension 'ignore'
[0.417s] Level 1:colcon.colcon_core.package_identification:_identify(install) ignored
[0.417s] Level 1:colcon.colcon_core.package_identification:_identify(launch) by extensions ['ignore', 'ignore_ament_install']
[0.417s] Level 1:colcon.colcon_core.package_identification:_identify(launch) by extension 'ignore'
[0.418s] Level 1:colcon.colcon_core.package_identification:_identify(launch) by extension 'ignore_ament_install'
[0.418s] Level 1:colcon.colcon_core.package_identification:_identify(launch) by extensions ['colcon_pkg']
[0.418s] Level 1:colcon.colcon_core.package_identification:_identify(launch) by extension 'colcon_pkg'
[0.418s] Level 1:colcon.colcon_core.package_identification:_identify(launch) by extensions ['colcon_meta']
[0.418s] Level 1:colcon.colcon_core.package_identification:_identify(launch) by extension 'colcon_meta'
[0.418s] Level 1:colcon.colcon_core.package_identification:_identify(launch) by extensions ['ros']
[0.418s] Level 1:colcon.colcon_core.package_identification:_identify(launch) by extension 'ros'
[0.418s] Level 1:colcon.colcon_core.package_identification:_identify(launch) by extensions ['cmake', 'python']
[0.418s] Level 1:colcon.colcon_core.package_identification:_identify(launch) by extension 'cmake'
[0.418s] Level 1:colcon.colcon_core.package_identification:_identify(launch) by extension 'python'
[0.418s] Level 1:colcon.colcon_core.package_identification:_identify(launch) by extensions ['python_setup_py']
[0.418s] Level 1:colcon.colcon_core.package_identification:_identify(launch) by extension 'python_setup_py'
[0.418s] Level 1:colcon.colcon_core.package_identification:_identify(launch/__pycache__) by extensions ['ignore', 'ignore_ament_install']
[0.418s] Level 1:colcon.colcon_core.package_identification:_identify(launch/__pycache__) by extension 'ignore'
[0.418s] Level 1:colcon.colcon_core.package_identification:_identify(launch/__pycache__) by extension 'ignore_ament_install'
[0.418s] Level 1:colcon.colcon_core.package_identification:_identify(launch/__pycache__) by extensions ['colcon_pkg']
[0.419s] Level 1:colcon.colcon_core.package_identification:_identify(launch/__pycache__) by extension 'colcon_pkg'
[0.419s] Level 1:colcon.colcon_core.package_identification:_identify(launch/__pycache__) by extensions ['colcon_meta']
[0.419s] Level 1:colcon.colcon_core.package_identification:_identify(launch/__pycache__) by extension 'colcon_meta'
[0.419s] Level 1:colcon.colcon_core.package_identification:_identify(launch/__pycache__) by extensions ['ros']
[0.419s] Level 1:colcon.colcon_core.package_identification:_identify(launch/__pycache__) by extension 'ros'
[0.419s] Level 1:colcon.colcon_core.package_identification:_identify(launch/__pycache__) by extensions ['cmake', 'python']
[0.419s] Level 1:colcon.colcon_core.package_identification:_identify(launch/__pycache__) by extension 'cmake'
[0.419s] Level 1:colcon.colcon_core.package_identification:_identify(launch/__pycache__) by extension 'python'
[0.419s] Level 1:colcon.colcon_core.package_identification:_identify(launch/__pycache__) by extensions ['python_setup_py']
[0.419s] Level 1:colcon.colcon_core.package_identification:_identify(launch/__pycache__) by extension 'python_setup_py'
[0.419s] Level 1:colcon.colcon_core.package_identification:_identify(log) by extensions ['ignore', 'ignore_ament_install']
[0.419s] Level 1:colcon.colcon_core.package_identification:_identify(log) by extension 'ignore'
[0.419s] Level 1:colcon.colcon_core.package_identification:_identify(log) ignored
[0.420s] Level 1:colcon.colcon_core.package_identification:_identify(py) by extensions ['ignore', 'ignore_ament_install']
[0.420s] Level 1:colcon.colcon_core.package_identification:_identify(py) by extension 'ignore'
[0.420s] Level 1:colcon.colcon_core.package_identification:_identify(py) by extension 'ignore_ament_install'
[0.420s] Level 1:colcon.colcon_core.package_identification:_identify(py) by extensions ['colcon_pkg']
[0.420s] Level 1:colcon.colcon_core.package_identification:_identify(py) by extension 'colcon_pkg'
[0.420s] Level 1:colcon.colcon_core.package_identification:_identify(py) by extensions ['colcon_meta']
[0.420s] Level 1:colcon.colcon_core.package_identification:_identify(py) by extension 'colcon_meta'
[0.420s] Level 1:colcon.colcon_core.package_identification:_identify(py) by extensions ['ros']
[0.420s] Level 1:colcon.colcon_core.package_identification:_identify(py) by extension 'ros'
[0.420s] Level 1:colcon.colcon_core.package_identification:_identify(py) by extensions ['cmake', 'python']
[0.420s] Level 1:colcon.colcon_core.package_identification:_identify(py) by extension 'cmake'
[0.420s] Level 1:colcon.colcon_core.package_identification:_identify(py) by extension 'python'
[0.420s] Level 1:colcon.colcon_core.package_identification:_identify(py) by extensions ['python_setup_py']
[0.420s] Level 1:colcon.colcon_core.package_identification:_identify(py) by extension 'python_setup_py'
[0.420s] Level 1:colcon.colcon_core.package_identification:_identify(py/__pycache__) by extensions ['ignore', 'ignore_ament_install']
[0.421s] Level 1:colcon.colcon_core.package_identification:_identify(py/__pycache__) by extension 'ignore'
[0.421s] Level 1:colcon.colcon_core.package_identification:_identify(py/__pycache__) by extension 'ignore_ament_install'
[0.421s] Level 1:colcon.colcon_core.package_identification:_identify(py/__pycache__) by extensions ['colcon_pkg']
[0.421s] Level 1:colcon.colcon_core.package_identification:_identify(py/__pycache__) by extension 'colcon_pkg'
[0.421s] Level 1:colcon.colcon_core.package_identification:_identify(py/__pycache__) by extensions ['colcon_meta']
[0.421s] Level 1:colcon.colcon_core.package_identification:_identify(py/__pycache__) by extension 'colcon_meta'
[0.421s] Level 1:colcon.colcon_core.package_identification:_identify(py/__pycache__) by extensions ['ros']
[0.421s] Level 1:colcon.colcon_core.package_identification:_identify(py/__pycache__) by extension 'ros'
[0.421s] Level 1:colcon.colcon_core.package_identification:_identify(py/__pycache__) by extensions ['cmake', 'python']
[0.421s] Level 1:colcon.colcon_core.package_identification:_identify(py/__pycache__) by extension 'cmake'
[0.421s] Level 1:colcon.colcon_core.package_identification:_identify(py/__pycache__) by extension 'python'
[0.421s] Level 1:colcon.colcon_core.package_identification:_identify(py/__pycache__) by extensions ['python_setup_py']
[0.421s] Level 1:colcon.colcon_core.package_identification:_identify(py/__pycache__) by extension 'python_setup_py'
[0.421s] Level 1:colcon.colcon_core.package_identification:_identify(py/pta) by extensions ['ignore', 'ignore_ament_install']
[0.421s] Level 1:colcon.colcon_core.package_identification:_identify(py/pta) by extension 'ignore'
[0.421s] Level 1:colcon.colcon_core.package_identification:_identify(py/pta) by extension 'ignore_ament_install'
[0.422s] Level 1:colcon.colcon_core.package_identification:_identify(py/pta) by extensions ['colcon_pkg']
[0.422s] Level 1:colcon.colcon_core.package_identification:_identify(py/pta) by extension 'colcon_pkg'
[0.422s] Level 1:colcon.colcon_core.package_identification:_identify(py/pta) by extensions ['colcon_meta']
[0.422s] Level 1:colcon.colcon_core.package_identification:_identify(py/pta) by extension 'colcon_meta'
[0.422s] Level 1:colcon.colcon_core.package_identification:_identify(py/pta) by extensions ['ros']
[0.422s] Level 1:colcon.colcon_core.package_identification:_identify(py/pta) by extension 'ros'
[0.422s] Level 1:colcon.colcon_core.package_identification:_identify(py/pta) by extensions ['cmake', 'python']
[0.422s] Level 1:colcon.colcon_core.package_identification:_identify(py/pta) by extension 'cmake'
[0.422s] Level 1:colcon.colcon_core.package_identification:_identify(py/pta) by extension 'python'
[0.422s] Level 1:colcon.colcon_core.package_identification:_identify(py/pta) by extensions ['python_setup_py']
[0.422s] Level 1:colcon.colcon_core.package_identification:_identify(py/pta) by extension 'python_setup_py'
[0.422s] Level 1:colcon.colcon_core.package_identification:_identify(py/pta/pta2) by extensions ['ignore', 'ignore_ament_install']
[0.422s] Level 1:colcon.colcon_core.package_identification:_identify(py/pta/pta2) by extension 'ignore'
[0.422s] Level 1:colcon.colcon_core.package_identification:_identify(py/pta/pta2) by extension 'ignore_ament_install'
[0.422s] Level 1:colcon.colcon_core.package_identification:_identify(py/pta/pta2) by extensions ['colcon_pkg']
[0.422s] Level 1:colcon.colcon_core.package_identification:_identify(py/pta/pta2) by extension 'colcon_pkg'
[0.422s] Level 1:colcon.colcon_core.package_identification:_identify(py/pta/pta2) by extensions ['colcon_meta']
[0.423s] Level 1:colcon.colcon_core.package_identification:_identify(py/pta/pta2) by extension 'colcon_meta'
[0.423s] Level 1:colcon.colcon_core.package_identification:_identify(py/pta/pta2) by extensions ['ros']
[0.423s] Level 1:colcon.colcon_core.package_identification:_identify(py/pta/pta2) by extension 'ros'
[0.423s] Level 1:colcon.colcon_core.package_identification:_identify(py/pta/pta2) by extensions ['cmake', 'python']
[0.423s] Level 1:colcon.colcon_core.package_identification:_identify(py/pta/pta2) by extension 'cmake'
[0.423s] Level 1:colcon.colcon_core.package_identification:_identify(py/pta/pta2) by extension 'python'
[0.423s] Level 1:colcon.colcon_core.package_identification:_identify(py/pta/pta2) by extensions ['python_setup_py']
[0.423s] Level 1:colcon.colcon_core.package_identification:_identify(py/pta/pta2) by extension 'python_setup_py'
[0.423s] Level 1:colcon.colcon_core.package_identification:_identify(py/test) by extensions ['ignore', 'ignore_ament_install']
[0.423s] Level 1:colcon.colcon_core.package_identification:_identify(py/test) by extension 'ignore'
[0.423s] Level 1:colcon.colcon_core.package_identification:_identify(py/test) by extension 'ignore_ament_install'
[0.423s] Level 1:colcon.colcon_core.package_identification:_identify(py/test) by extensions ['colcon_pkg']
[0.423s] Level 1:colcon.colcon_core.package_identification:_identify(py/test) by extension 'colcon_pkg'
[0.423s] Level 1:colcon.colcon_core.package_identification:_identify(py/test) by extensions ['colcon_meta']
[0.423s] Level 1:colcon.colcon_core.package_identification:_identify(py/test) by extension 'colcon_meta'
[0.424s] Level 1:colcon.colcon_core.package_identification:_identify(py/test) by extensions ['ros']
[0.424s] Level 1:colcon.colcon_core.package_identification:_identify(py/test) by extension 'ros'
[0.424s] Level 1:colcon.colcon_core.package_identification:_identify(py/test) by extensions ['cmake', 'python']
[0.424s] Level 1:colcon.colcon_core.package_identification:_identify(py/test) by extension 'cmake'
[0.424s] Level 1:colcon.colcon_core.package_identification:_identify(py/test) by extension 'python'
[0.424s] Level 1:colcon.colcon_core.package_identification:_identify(py/test) by extensions ['python_setup_py']
[0.424s] Level 1:colcon.colcon_core.package_identification:_identify(py/test) by extension 'python_setup_py'
[0.424s] Level 1:colcon.colcon_core.package_identification:_identify(src) by extensions ['ignore', 'ignore_ament_install']
[0.424s] Level 1:colcon.colcon_core.package_identification:_identify(src) by extension 'ignore'
[0.424s] Level 1:colcon.colcon_core.package_identification:_identify(src) by extension 'ignore_ament_install'
[0.424s] Level 1:colcon.colcon_core.package_identification:_identify(src) by extensions ['colcon_pkg']
[0.424s] Level 1:colcon.colcon_core.package_identification:_identify(src) by extension 'colcon_pkg'
[0.424s] Level 1:colcon.colcon_core.package_identification:_identify(src) by extensions ['colcon_meta']
[0.424s] Level 1:colcon.colcon_core.package_identification:_identify(src) by extension 'colcon_meta'
[0.424s] Level 1:colcon.colcon_core.package_identification:_identify(src) by extensions ['ros']
[0.424s] Level 1:colcon.colcon_core.package_identification:_identify(src) by extension 'ros'
[0.425s] Level 1:colcon.colcon_core.package_identification:_identify(src) by extensions ['cmake', 'python']
[0.425s] Level 1:colcon.colcon_core.package_identification:_identify(src) by extension 'cmake'
[0.425s] Level 1:colcon.colcon_core.package_identification:_identify(src) by extension 'python'
[0.425s] Level 1:colcon.colcon_core.package_identification:_identify(src) by extensions ['python_setup_py']
[0.425s] Level 1:colcon.colcon_core.package_identification:_identify(src) by extension 'python_setup_py'
[0.425s] Level 1:colcon.colcon_core.package_identification:_identify(src/display) by extensions ['ignore', 'ignore_ament_install']
[0.425s] Level 1:colcon.colcon_core.package_identification:_identify(src/display) by extension 'ignore'
[0.425s] Level 1:colcon.colcon_core.package_identification:_identify(src/display) by extension 'ignore_ament_install'
[0.425s] Level 1:colcon.colcon_core.package_identification:_identify(src/display) by extensions ['colcon_pkg']
[0.425s] Level 1:colcon.colcon_core.package_identification:_identify(src/display) by extension 'colcon_pkg'
[0.425s] Level 1:colcon.colcon_core.package_identification:_identify(src/display) by extensions ['colcon_meta']
[0.425s] Level 1:colcon.colcon_core.package_identification:_identify(src/display) by extension 'colcon_meta'
[0.425s] Level 1:colcon.colcon_core.package_identification:_identify(src/display) by extensions ['ros']
[0.425s] Level 1:colcon.colcon_core.package_identification:_identify(src/display) by extension 'ros'
[0.433s] DEBUG:colcon.colcon_core.package_identification:Package 'src/display' with type 'ros.ament_cmake' and name 'display'
[0.433s] Level 1:colcon.colcon_core.package_identification:_identify(src/hik_camera_ros2_driver) by extensions ['ignore', 'ignore_ament_install']
[0.433s] Level 1:colcon.colcon_core.package_identification:_identify(src/hik_camera_ros2_driver) by extension 'ignore'
[0.433s] Level 1:colcon.colcon_core.package_identification:_identify(src/hik_camera_ros2_driver) by extension 'ignore_ament_install'
[0.433s] Level 1:colcon.colcon_core.package_identification:_identify(src/hik_camera_ros2_driver) by extensions ['colcon_pkg']
[0.433s] Level 1:colcon.colcon_core.package_identification:_identify(src/hik_camera_ros2_driver) by extension 'colcon_pkg'
[0.433s] Level 1:colcon.colcon_core.package_identification:_identify(src/hik_camera_ros2_driver) by extensions ['colcon_meta']
[0.433s] Level 1:colcon.colcon_core.package_identification:_identify(src/hik_camera_ros2_driver) by extension 'colcon_meta'
[0.434s] Level 1:colcon.colcon_core.package_identification:_identify(src/hik_camera_ros2_driver) by extensions ['ros']
[0.434s] Level 1:colcon.colcon_core.package_identification:_identify(src/hik_camera_ros2_driver) by extension 'ros'
[0.435s] DEBUG:colcon.colcon_core.package_identification:Package 'src/hik_camera_ros2_driver' with type 'ros.ament_cmake' and name 'hik_camera_ros2_driver'
[0.435s] Level 1:colcon.colcon_core.package_identification:_identify(src/resolving) by extensions ['ignore', 'ignore_ament_install']
[0.435s] Level 1:colcon.colcon_core.package_identification:_identify(src/resolving) by extension 'ignore'
[0.435s] Level 1:colcon.colcon_core.package_identification:_identify(src/resolving) by extension 'ignore_ament_install'
[0.435s] Level 1:colcon.colcon_core.package_identification:_identify(src/resolving) by extensions ['colcon_pkg']
[0.435s] Level 1:colcon.colcon_core.package_identification:_identify(src/resolving) by extension 'colcon_pkg'
[0.435s] Level 1:colcon.colcon_core.package_identification:_identify(src/resolving) by extensions ['colcon_meta']
[0.435s] Level 1:colcon.colcon_core.package_identification:_identify(src/resolving) by extension 'colcon_meta'
[0.436s] Level 1:colcon.colcon_core.package_identification:_identify(src/resolving) by extensions ['ros']
[0.436s] Level 1:colcon.colcon_core.package_identification:_identify(src/resolving) by extension 'ros'
[0.437s] DEBUG:colcon.colcon_core.package_identification:Package 'src/resolving' with type 'ros.ament_cmake' and name 'resolve'
[0.438s] Level 1:colcon.colcon_core.package_identification:_identify(src/serial) by extensions ['ignore', 'ignore_ament_install']
[0.438s] Level 1:colcon.colcon_core.package_identification:_identify(src/serial) by extension 'ignore'
[0.438s] Level 1:colcon.colcon_core.package_identification:_identify(src/serial) by extension 'ignore_ament_install'
[0.438s] Level 1:colcon.colcon_core.package_identification:_identify(src/serial) by extensions ['colcon_pkg']
[0.438s] Level 1:colcon.colcon_core.package_identification:_identify(src/serial) by extension 'colcon_pkg'
[0.438s] Level 1:colcon.colcon_core.package_identification:_identify(src/serial) by extensions ['colcon_meta']
[0.438s] Level 1:colcon.colcon_core.package_identification:_identify(src/serial) by extension 'colcon_meta'
[0.438s] Level 1:colcon.colcon_core.package_identification:_identify(src/serial) by extensions ['ros']
[0.438s] Level 1:colcon.colcon_core.package_identification:_identify(src/serial) by extension 'ros'
[0.440s] DEBUG:colcon.colcon_core.package_identification:Package 'src/serial' with type 'ros.ament_cmake' and name 'serial'
[0.440s] Level 1:colcon.colcon_core.package_identification:_identify(src/vision_interfaces) by extensions ['ignore', 'ignore_ament_install']
[0.440s] Level 1:colcon.colcon_core.package_identification:_identify(src/vision_interfaces) by extension 'ignore'
[0.440s] Level 1:colcon.colcon_core.package_identification:_identify(src/vision_interfaces) by extension 'ignore_ament_install'
[0.440s] Level 1:colcon.colcon_core.package_identification:_identify(src/vision_interfaces) by extensions ['colcon_pkg']
[0.440s] Level 1:colcon.colcon_core.package_identification:_identify(src/vision_interfaces) by extension 'colcon_pkg'
[0.440s] Level 1:colcon.colcon_core.package_identification:_identify(src/vision_interfaces) by extensions ['colcon_meta']
[0.440s] Level 1:colcon.colcon_core.package_identification:_identify(src/vision_interfaces) by extension 'colcon_meta'
[0.440s] Level 1:colcon.colcon_core.package_identification:_identify(src/vision_interfaces) by extensions ['ros']
[0.440s] Level 1:colcon.colcon_core.package_identification:_identify(src/vision_interfaces) by extension 'ros'
[0.441s] DEBUG:colcon.colcon_core.package_identification:Package 'src/vision_interfaces' with type 'ros.ament_cmake' and name 'vision_interfaces'
[0.441s] Level 1:colcon.colcon_core.package_discovery:discover_packages(recursive) using defaults
[0.442s] Level 1:colcon.colcon_core.package_discovery:discover_packages(ignore) discover
[0.442s] Level 1:colcon.colcon_core.package_discovery:discover_packages(ignore) using defaults
[0.442s] Level 1:colcon.colcon_core.package_discovery:discover_packages(path) discover
[0.442s] Level 1:colcon.colcon_core.package_discovery:discover_packages(path) using defaults
[0.475s] Level 1:colcon.colcon_core.package_discovery:discover_packages(prefix_path) check parameters
[0.475s] Level 1:colcon.colcon_core.package_discovery:discover_packages(prefix_path) discover
[0.479s] DEBUG:colcon.colcon_installed_package_information.package_discovery:Found 5 installed packages in /home/qiqi/Desktop/boom_ws/install
[0.481s] DEBUG:colcon.colcon_installed_package_information.package_discovery:Found 276 installed packages in /opt/ros/humble
[0.494s] Level 1:colcon.colcon_core.package_discovery:discover_packages(prefix_path) using defaults
[0.546s] Level 5:colcon.colcon_core.verb:set package 'display' build argument 'cmake_args' from command line to 'None'
[0.547s] Level 5:colcon.colcon_core.verb:set package 'display' build argument 'cmake_target' from command line to 'None'
[0.547s] Level 5:colcon.colcon_core.verb:set package 'display' build argument 'cmake_target_skip_unavailable' from command line to 'False'
[0.547s] Level 5:colcon.colcon_core.verb:set package 'display' build argument 'cmake_clean_cache' from command line to 'False'
[0.547s] Level 5:colcon.colcon_core.verb:set package 'display' build argument 'cmake_clean_first' from command line to 'False'
[0.547s] Level 5:colcon.colcon_core.verb:set package 'display' build argument 'cmake_force_configure' from command line to 'False'
[0.547s] Level 5:colcon.colcon_core.verb:set package 'display' build argument 'ament_cmake_args' from command line to 'None'
[0.547s] Level 5:colcon.colcon_core.verb:set package 'display' build argument 'catkin_cmake_args' from command line to 'None'
[0.547s] Level 5:colcon.colcon_core.verb:set package 'display' build argument 'catkin_skip_building_tests' from command line to 'False'
[0.547s] DEBUG:colcon.colcon_core.verb:Building package 'display' with the following arguments: {'ament_cmake_args': None, 'build_base': '/home/qiqi/Desktop/boom_ws/build/display', 'catkin_cmake_args': None, 'catkin_skip_building_tests': False, 'cmake_args': None, 'cmake_clean_cache': False, 'cmake_clean_first': False, 'cmake_force_configure': False, 'cmake_target': None, 'cmake_target_skip_unavailable': False, 'install_base': '/home/qiqi/Desktop/boom_ws/install/display', 'merge_install': False, 'path': '/home/qiqi/Desktop/boom_ws/src/display', 'symlink_install': False, 'test_result_base': None}
[0.547s] Level 5:colcon.colcon_core.verb:set package 'hik_camera_ros2_driver' build argument 'cmake_args' from command line to 'None'
[0.547s] Level 5:colcon.colcon_core.verb:set package 'hik_camera_ros2_driver' build argument 'cmake_target' from command line to 'None'
[0.547s] Level 5:colcon.colcon_core.verb:set package 'hik_camera_ros2_driver' build argument 'cmake_target_skip_unavailable' from command line to 'False'
[0.547s] Level 5:colcon.colcon_core.verb:set package 'hik_camera_ros2_driver' build argument 'cmake_clean_cache' from command line to 'False'
[0.548s] Level 5:colcon.colcon_core.verb:set package 'hik_camera_ros2_driver' build argument 'cmake_clean_first' from command line to 'False'
[0.548s] Level 5:colcon.colcon_core.verb:set package 'hik_camera_ros2_driver' build argument 'cmake_force_configure' from command line to 'False'
[0.548s] Level 5:colcon.colcon_core.verb:set package 'hik_camera_ros2_driver' build argument 'ament_cmake_args' from command line to 'None'
[0.548s] Level 5:colcon.colcon_core.verb:set package 'hik_camera_ros2_driver' build argument 'catkin_cmake_args' from command line to 'None'
[0.548s] Level 5:colcon.colcon_core.verb:set package 'hik_camera_ros2_driver' build argument 'catkin_skip_building_tests' from command line to 'False'
[0.548s] DEBUG:colcon.colcon_core.verb:Building package 'hik_camera_ros2_driver' with the following arguments: {'ament_cmake_args': None, 'build_base': '/home/qiqi/Desktop/boom_ws/build/hik_camera_ros2_driver', 'catkin_cmake_args': None, 'catkin_skip_building_tests': False, 'cmake_args': None, 'cmake_clean_cache': False, 'cmake_clean_first': False, 'cmake_force_configure': False, 'cmake_target': None, 'cmake_target_skip_unavailable': False, 'install_base': '/home/qiqi/Desktop/boom_ws/install/hik_camera_ros2_driver', 'merge_install': False, 'path': '/home/qiqi/Desktop/boom_ws/src/hik_camera_ros2_driver', 'symlink_install': False, 'test_result_base': None}
[0.548s] Level 5:colcon.colcon_core.verb:set package 'vision_interfaces' build argument 'cmake_args' from command line to 'None'
[0.548s] Level 5:colcon.colcon_core.verb:set package 'vision_interfaces' build argument 'cmake_target' from command line to 'None'
[0.548s] Level 5:colcon.colcon_core.verb:set package 'vision_interfaces' build argument 'cmake_target_skip_unavailable' from command line to 'False'
[0.548s] Level 5:colcon.colcon_core.verb:set package 'vision_interfaces' build argument 'cmake_clean_cache' from command line to 'False'
[0.548s] Level 5:colcon.colcon_core.verb:set package 'vision_interfaces' build argument 'cmake_clean_first' from command line to 'False'
[0.548s] Level 5:colcon.colcon_core.verb:set package 'vision_interfaces' build argument 'cmake_force_configure' from command line to 'False'
[0.548s] Level 5:colcon.colcon_core.verb:set package 'vision_interfaces' build argument 'ament_cmake_args' from command line to 'None'
[0.548s] Level 5:colcon.colcon_core.verb:set package 'vision_interfaces' build argument 'catkin_cmake_args' from command line to 'None'
[0.549s] Level 5:colcon.colcon_core.verb:set package 'vision_interfaces' build argument 'catkin_skip_building_tests' from command line to 'False'
[0.549s] DEBUG:colcon.colcon_core.verb:Building package 'vision_interfaces' with the following arguments: {'ament_cmake_args': None, 'build_base': '/home/qiqi/Desktop/boom_ws/build/vision_interfaces', 'catkin_cmake_args': None, 'catkin_skip_building_tests': False, 'cmake_args': None, 'cmake_clean_cache': False, 'cmake_clean_first': False, 'cmake_force_configure': False, 'cmake_target': None, 'cmake_target_skip_unavailable': False, 'install_base': '/home/qiqi/Desktop/boom_ws/install/vision_interfaces', 'merge_install': False, 'path': '/home/qiqi/Desktop/boom_ws/src/vision_interfaces', 'symlink_install': False, 'test_result_base': None}
[0.549s] Level 5:colcon.colcon_core.verb:set package 'resolve' build argument 'cmake_args' from command line to 'None'
[0.549s] Level 5:colcon.colcon_core.verb:set package 'resolve' build argument 'cmake_target' from command line to 'None'
[0.549s] Level 5:colcon.colcon_core.verb:set package 'resolve' build argument 'cmake_target_skip_unavailable' from command line to 'False'
[0.549s] Level 5:colcon.colcon_core.verb:set package 'resolve' build argument 'cmake_clean_cache' from command line to 'False'
[0.549s] Level 5:colcon.colcon_core.verb:set package 'resolve' build argument 'cmake_clean_first' from command line to 'False'
[0.549s] Level 5:colcon.colcon_core.verb:set package 'resolve' build argument 'cmake_force_configure' from command line to 'False'
[0.549s] Level 5:colcon.colcon_core.verb:set package 'resolve' build argument 'ament_cmake_args' from command line to 'None'
[0.549s] Level 5:colcon.colcon_core.verb:set package 'resolve' build argument 'catkin_cmake_args' from command line to 'None'
[0.549s] Level 5:colcon.colcon_core.verb:set package 'resolve' build argument 'catkin_skip_building_tests' from command line to 'False'
[0.549s] DEBUG:colcon.colcon_core.verb:Building package 'resolve' with the following arguments: {'ament_cmake_args': None, 'build_base': '/home/qiqi/Desktop/boom_ws/build/resolve', 'catkin_cmake_args': None, 'catkin_skip_building_tests': False, 'cmake_args': None, 'cmake_clean_cache': False, 'cmake_clean_first': False, 'cmake_force_configure': False, 'cmake_target': None, 'cmake_target_skip_unavailable': False, 'install_base': '/home/qiqi/Desktop/boom_ws/install/resolve', 'merge_install': False, 'path': '/home/qiqi/Desktop/boom_ws/src/resolving', 'symlink_install': False, 'test_result_base': None}
[0.550s] Level 5:colcon.colcon_core.verb:set package 'serial' build argument 'cmake_args' from command line to 'None'
[0.550s] Level 5:colcon.colcon_core.verb:set package 'serial' build argument 'cmake_target' from command line to 'None'
[0.550s] Level 5:colcon.colcon_core.verb:set package 'serial' build argument 'cmake_target_skip_unavailable' from command line to 'False'
[0.550s] Level 5:colcon.colcon_core.verb:set package 'serial' build argument 'cmake_clean_cache' from command line to 'False'
[0.550s] Level 5:colcon.colcon_core.verb:set package 'serial' build argument 'cmake_clean_first' from command line to 'False'
[0.550s] Level 5:colcon.colcon_core.verb:set package 'serial' build argument 'cmake_force_configure' from command line to 'False'
[0.550s] Level 5:colcon.colcon_core.verb:set package 'serial' build argument 'ament_cmake_args' from command line to 'None'
[0.550s] Level 5:colcon.colcon_core.verb:set package 'serial' build argument 'catkin_cmake_args' from command line to 'None'
[0.550s] Level 5:colcon.colcon_core.verb:set package 'serial' build argument 'catkin_skip_building_tests' from command line to 'False'
[0.550s] DEBUG:colcon.colcon_core.verb:Building package 'serial' with the following arguments: {'ament_cmake_args': None, 'build_base': '/home/qiqi/Desktop/boom_ws/build/serial', 'catkin_cmake_args': None, 'catkin_skip_building_tests': False, 'cmake_args': None, 'cmake_clean_cache': False, 'cmake_clean_first': False, 'cmake_force_configure': False, 'cmake_target': None, 'cmake_target_skip_unavailable': False, 'install_base': '/home/qiqi/Desktop/boom_ws/install/serial', 'merge_install': False, 'path': '/home/qiqi/Desktop/boom_ws/src/serial', 'symlink_install': False, 'test_result_base': None}
[0.550s] INFO:colcon.colcon_core.executor:Executing jobs using 'parallel' executor
[0.552s] DEBUG:colcon.colcon_parallel_executor.executor.parallel:run_until_complete
[0.552s] INFO:colcon.colcon_ros.task.ament_cmake.build:Building ROS package in '/home/qiqi/Desktop/boom_ws/src/vision_interfaces' with build type 'ament_cmake'
[0.552s] INFO:colcon.colcon_cmake.task.cmake.build:Building CMake package in '/home/qiqi/Desktop/boom_ws/src/vision_interfaces'
[0.559s] INFO:colcon.colcon_core.plugin_system:Skipping extension 'colcon_core.shell.bat': Not used on non-Windows systems
[0.560s] INFO:colcon.colcon_core.shell:Skip shell extension 'powershell' for command environment: Not usable outside of PowerShell
[0.560s] DEBUG:colcon.colcon_core.shell:Skip shell extension 'dsv' for command environment
[0.567s] INFO:colcon.colcon_ros.task.ament_cmake.build:Building ROS package in '/home/qiqi/Desktop/boom_ws/src/display' with build type 'ament_cmake'
[0.568s] INFO:colcon.colcon_cmake.task.cmake.build:Building CMake package in '/home/qiqi/Desktop/boom_ws/src/display'
[0.568s] INFO:colcon.colcon_core.shell:Skip shell extension 'powershell' for command environment: Not usable outside of PowerShell
[0.569s] DEBUG:colcon.colcon_core.shell:Skip shell extension 'dsv' for command environment
[0.575s] INFO:colcon.colcon_ros.task.ament_cmake.build:Building ROS package in '/home/qiqi/Desktop/boom_ws/src/hik_camera_ros2_driver' with build type 'ament_cmake'
[0.575s] INFO:colcon.colcon_cmake.task.cmake.build:Building CMake package in '/home/qiqi/Desktop/boom_ws/src/hik_camera_ros2_driver'
[0.576s] INFO:colcon.colcon_core.shell:Skip shell extension 'powershell' for command environment: Not usable outside of PowerShell
[0.576s] DEBUG:colcon.colcon_core.shell:Skip shell extension 'dsv' for command environment
[0.587s] DEBUG:colcon.colcon_core.event_handler.log_command:Invoking command in '/home/qiqi/Desktop/boom_ws/build/vision_interfaces': CMAKE_PREFIX_PATH=${CMAKE_PREFIX_PATH}:/opt/ros/humble /usr/bin/cmake --build /home/qiqi/Desktop/boom_ws/build/vision_interfaces -- -j8 -l8
[0.594s] DEBUG:colcon.colcon_core.event_handler.log_command:Invoking command in '/home/qiqi/Desktop/boom_ws/build/display': CMAKE_PREFIX_PATH=${CMAKE_PREFIX_PATH}:/opt/ros/humble /usr/bin/cmake --build /home/qiqi/Desktop/boom_ws/build/display -- -j8 -l8
[0.598s] DEBUG:colcon.colcon_core.event_handler.log_command:Invoking command in '/home/qiqi/Desktop/boom_ws/build/hik_camera_ros2_driver': CMAKE_PREFIX_PATH=${CMAKE_PREFIX_PATH}:/opt/ros/humble /usr/bin/cmake --build /home/qiqi/Desktop/boom_ws/build/hik_camera_ros2_driver -- -j8 -l8
[1.047s] DEBUG:colcon.colcon_core.event_handler.log_command:Invoked command in '/home/qiqi/Desktop/boom_ws/build/hik_camera_ros2_driver' returned '0': CMAKE_PREFIX_PATH=${CMAKE_PREFIX_PATH}:/opt/ros/humble /usr/bin/cmake --build /home/qiqi/Desktop/boom_ws/build/hik_camera_ros2_driver -- -j8 -l8
[1.104s] DEBUG:colcon.colcon_core.event_handler.log_command:Invoking command in '/home/qiqi/Desktop/boom_ws/build/hik_camera_ros2_driver': CMAKE_PREFIX_PATH=${CMAKE_PREFIX_PATH}:/opt/ros/humble /usr/bin/cmake --install /home/qiqi/Desktop/boom_ws/build/hik_camera_ros2_driver
[1.136s] DEBUG:colcon.colcon_core.event_handler.log_command:Invoked command in '/home/qiqi/Desktop/boom_ws/build/display' returned '0': CMAKE_PREFIX_PATH=${CMAKE_PREFIX_PATH}:/opt/ros/humble /usr/bin/cmake --build /home/qiqi/Desktop/boom_ws/build/display -- -j8 -l8
[1.148s] DEBUG:colcon.colcon_core.event_handler.log_command:Invoking command in '/home/qiqi/Desktop/boom_ws/build/display': CMAKE_PREFIX_PATH=${CMAKE_PREFIX_PATH}:/opt/ros/humble /usr/bin/cmake --install /home/qiqi/Desktop/boom_ws/build/display
[1.187s] Level 1:colcon.colcon_core.environment:create_environment_scripts_only(hik_camera_ros2_driver)
[1.217s] DEBUG:colcon.colcon_core.event_handler.log_command:Invoked command in '/home/qiqi/Desktop/boom_ws/build/hik_camera_ros2_driver' returned '0': CMAKE_PREFIX_PATH=${CMAKE_PREFIX_PATH}:/opt/ros/humble /usr/bin/cmake --install /home/qiqi/Desktop/boom_ws/build/hik_camera_ros2_driver
[1.249s] Level 1:colcon.colcon_core.environment:checking '/home/qiqi/Desktop/boom_ws/install/hik_camera_ros2_driver' for CMake module files
[1.252s] Level 1:colcon.colcon_core.environment:checking '/home/qiqi/Desktop/boom_ws/install/hik_camera_ros2_driver' for CMake config files
[1.257s] Level 1:colcon.colcon_core.shell:create_environment_hook('hik_camera_ros2_driver', 'cmake_prefix_path')
[1.259s] INFO:colcon.colcon_core.shell:Creating environment hook '/home/qiqi/Desktop/boom_ws/install/hik_camera_ros2_driver/share/hik_camera_ros2_driver/hook/cmake_prefix_path.ps1'
[1.266s] INFO:colcon.colcon_core.shell:Creating environment descriptor '/home/qiqi/Desktop/boom_ws/install/hik_camera_ros2_driver/share/hik_camera_ros2_driver/hook/cmake_prefix_path.dsv'
[1.269s] INFO:colcon.colcon_core.shell:Creating environment hook '/home/qiqi/Desktop/boom_ws/install/hik_camera_ros2_driver/share/hik_camera_ros2_driver/hook/cmake_prefix_path.sh'
[1.274s] Level 1:colcon.colcon_core.environment:checking '/home/qiqi/Desktop/boom_ws/install/hik_camera_ros2_driver/lib'
[1.275s] Level 1:colcon.colcon_core.shell:create_environment_hook('hik_camera_ros2_driver', 'ld_library_path_lib')
[1.277s] INFO:colcon.colcon_core.shell:Creating environment hook '/home/qiqi/Desktop/boom_ws/install/hik_camera_ros2_driver/share/hik_camera_ros2_driver/hook/ld_library_path_lib.ps1'
[1.280s] INFO:colcon.colcon_core.shell:Creating environment descriptor '/home/qiqi/Desktop/boom_ws/install/hik_camera_ros2_driver/share/hik_camera_ros2_driver/hook/ld_library_path_lib.dsv'
[1.283s] INFO:colcon.colcon_core.shell:Creating environment hook '/home/qiqi/Desktop/boom_ws/install/hik_camera_ros2_driver/share/hik_camera_ros2_driver/hook/ld_library_path_lib.sh'
[1.285s] Level 1:colcon.colcon_core.environment:checking '/home/qiqi/Desktop/boom_ws/install/hik_camera_ros2_driver/bin'
[1.286s] Level 1:colcon.colcon_core.environment:checking '/home/qiqi/Desktop/boom_ws/install/hik_camera_ros2_driver/lib/pkgconfig/hik_camera_ros2_driver.pc'
[1.287s] Level 1:colcon.colcon_core.environment:checking '/home/qiqi/Desktop/boom_ws/install/hik_camera_ros2_driver/lib/python3.10/site-packages'
[1.288s] Level 1:colcon.colcon_core.environment:checking '/home/qiqi/Desktop/boom_ws/install/hik_camera_ros2_driver/bin'
[1.289s] INFO:colcon.colcon_core.shell:Creating package script '/home/qiqi/Desktop/boom_ws/install/hik_camera_ros2_driver/share/hik_camera_ros2_driver/package.ps1'
[1.294s] INFO:colcon.colcon_core.shell:Creating package descriptor '/home/qiqi/Desktop/boom_ws/install/hik_camera_ros2_driver/share/hik_camera_ros2_driver/package.dsv'
[1.297s] INFO:colcon.colcon_core.shell:Creating package script '/home/qiqi/Desktop/boom_ws/install/hik_camera_ros2_driver/share/hik_camera_ros2_driver/package.sh'
[1.305s] INFO:colcon.colcon_core.shell:Creating package script '/home/qiqi/Desktop/boom_ws/install/hik_camera_ros2_driver/share/hik_camera_ros2_driver/package.bash'
[1.315s] INFO:colcon.colcon_core.shell:Creating package script '/home/qiqi/Desktop/boom_ws/install/hik_camera_ros2_driver/share/hik_camera_ros2_driver/package.zsh'
[1.329s] Level 1:colcon.colcon_core.environment:create_file_with_runtime_dependencies(/home/qiqi/Desktop/boom_ws/install/hik_camera_ros2_driver/share/colcon-core/packages/hik_camera_ros2_driver)
[1.333s] Level 1:colcon.colcon_core.environment:create_environment_scripts_only(hik_camera_ros2_driver)
[1.334s] Level 1:colcon.colcon_core.environment:checking '/home/qiqi/Desktop/boom_ws/install/hik_camera_ros2_driver' for CMake module files
[1.340s] Level 1:colcon.colcon_core.environment:checking '/home/qiqi/Desktop/boom_ws/install/hik_camera_ros2_driver' for CMake config files
[1.341s] Level 1:colcon.colcon_core.shell:create_environment_hook('hik_camera_ros2_driver', 'cmake_prefix_path')
[1.342s] INFO:colcon.colcon_core.shell:Creating environment hook '/home/qiqi/Desktop/boom_ws/install/hik_camera_ros2_driver/share/hik_camera_ros2_driver/hook/cmake_prefix_path.ps1'
[1.344s] INFO:colcon.colcon_core.shell:Creating environment descriptor '/home/qiqi/Desktop/boom_ws/install/hik_camera_ros2_driver/share/hik_camera_ros2_driver/hook/cmake_prefix_path.dsv'
[1.345s] INFO:colcon.colcon_core.shell:Creating environment hook '/home/qiqi/Desktop/boom_ws/install/hik_camera_ros2_driver/share/hik_camera_ros2_driver/hook/cmake_prefix_path.sh'
[1.347s] Level 1:colcon.colcon_core.environment:checking '/home/qiqi/Desktop/boom_ws/install/hik_camera_ros2_driver/lib'
[1.348s] Level 1:colcon.colcon_core.shell:create_environment_hook('hik_camera_ros2_driver', 'ld_library_path_lib')
[1.349s] INFO:colcon.colcon_core.shell:Creating environment hook '/home/qiqi/Desktop/boom_ws/install/hik_camera_ros2_driver/share/hik_camera_ros2_driver/hook/ld_library_path_lib.ps1'
[1.351s] INFO:colcon.colcon_core.shell:Creating environment descriptor '/home/qiqi/Desktop/boom_ws/install/hik_camera_ros2_driver/share/hik_camera_ros2_driver/hook/ld_library_path_lib.dsv'
[1.352s] INFO:colcon.colcon_core.shell:Creating environment hook '/home/qiqi/Desktop/boom_ws/install/hik_camera_ros2_driver/share/hik_camera_ros2_driver/hook/ld_library_path_lib.sh'
[1.354s] Level 1:colcon.colcon_core.environment:checking '/home/qiqi/Desktop/boom_ws/install/hik_camera_ros2_driver/bin'
[1.354s] Level 1:colcon.colcon_core.environment:checking '/home/qiqi/Desktop/boom_ws/install/hik_camera_ros2_driver/lib/pkgconfig/hik_camera_ros2_driver.pc'
[1.355s] Level 1:colcon.colcon_core.environment:checking '/home/qiqi/Desktop/boom_ws/install/hik_camera_ros2_driver/lib/python3.10/site-packages'
[1.356s] Level 1:colcon.colcon_core.environment:checking '/home/qiqi/Desktop/boom_ws/install/hik_camera_ros2_driver/bin'
[1.357s] INFO:colcon.colcon_core.shell:Creating package script '/home/qiqi/Desktop/boom_ws/install/hik_camera_ros2_driver/share/hik_camera_ros2_driver/package.ps1'
[1.360s] INFO:colcon.colcon_core.shell:Creating package descriptor '/home/qiqi/Desktop/boom_ws/install/hik_camera_ros2_driver/share/hik_camera_ros2_driver/package.dsv'
[1.363s] INFO:colcon.colcon_core.shell:Creating package script '/home/qiqi/Desktop/boom_ws/install/hik_camera_ros2_driver/share/hik_camera_ros2_driver/package.sh'
[1.365s] INFO:colcon.colcon_core.shell:Creating package script '/home/qiqi/Desktop/boom_ws/install/hik_camera_ros2_driver/share/hik_camera_ros2_driver/package.bash'
[1.366s] INFO:colcon.colcon_core.shell:Creating package script '/home/qiqi/Desktop/boom_ws/install/hik_camera_ros2_driver/share/hik_camera_ros2_driver/package.zsh'
[1.367s] Level 1:colcon.colcon_core.environment:create_file_with_runtime_dependencies(/home/qiqi/Desktop/boom_ws/install/hik_camera_ros2_driver/share/colcon-core/packages/hik_camera_ros2_driver)
[1.371s] Level 1:colcon.colcon_core.environment:create_environment_scripts_only(display)
[1.372s] Level 1:colcon.colcon_core.environment:checking '/home/qiqi/Desktop/boom_ws/install/display' for CMake module files
[1.376s] DEBUG:colcon.colcon_core.event_handler.log_command:Invoked command in '/home/qiqi/Desktop/boom_ws/build/display' returned '0': CMAKE_PREFIX_PATH=${CMAKE_PREFIX_PATH}:/opt/ros/humble /usr/bin/cmake --install /home/qiqi/Desktop/boom_ws/build/display
[1.377s] Level 1:colcon.colcon_core.environment:checking '/home/qiqi/Desktop/boom_ws/install/display' for CMake config files
[1.378s] Level 1:colcon.colcon_core.shell:create_environment_hook('display', 'cmake_prefix_path')
[1.379s] INFO:colcon.colcon_core.shell:Creating environment hook '/home/qiqi/Desktop/boom_ws/install/display/share/display/hook/cmake_prefix_path.ps1'
[1.385s] INFO:colcon.colcon_core.shell:Creating environment descriptor '/home/qiqi/Desktop/boom_ws/install/display/share/display/hook/cmake_prefix_path.dsv'
[1.386s] INFO:colcon.colcon_core.shell:Creating environment hook '/home/qiqi/Desktop/boom_ws/install/display/share/display/hook/cmake_prefix_path.sh'
[1.394s] Level 1:colcon.colcon_core.environment:checking '/home/qiqi/Desktop/boom_ws/install/display/lib'
[1.395s] Level 1:colcon.colcon_core.environment:checking '/home/qiqi/Desktop/boom_ws/install/display/bin'
[1.396s] Level 1:colcon.colcon_core.environment:checking '/home/qiqi/Desktop/boom_ws/install/display/lib/pkgconfig/display.pc'
[1.398s] Level 1:colcon.colcon_core.environment:checking '/home/qiqi/Desktop/boom_ws/install/display/lib/python3.10/site-packages'
[1.399s] Level 1:colcon.colcon_core.environment:checking '/home/qiqi/Desktop/boom_ws/install/display/bin'
[1.401s] INFO:colcon.colcon_core.shell:Creating package script '/home/qiqi/Desktop/boom_ws/install/display/share/display/package.ps1'
[1.405s] INFO:colcon.colcon_core.shell:Creating package descriptor '/home/qiqi/Desktop/boom_ws/install/display/share/display/package.dsv'
[1.408s] INFO:colcon.colcon_core.shell:Creating package script '/home/qiqi/Desktop/boom_ws/install/display/share/display/package.sh'
[1.411s] INFO:colcon.colcon_core.shell:Creating package script '/home/qiqi/Desktop/boom_ws/install/display/share/display/package.bash'
[1.414s] INFO:colcon.colcon_core.shell:Creating package script '/home/qiqi/Desktop/boom_ws/install/display/share/display/package.zsh'
[1.416s] Level 1:colcon.colcon_core.environment:create_file_with_runtime_dependencies(/home/qiqi/Desktop/boom_ws/install/display/share/colcon-core/packages/display)
[1.420s] Level 1:colcon.colcon_core.environment:create_environment_scripts_only(display)
[1.421s] Level 1:colcon.colcon_core.environment:checking '/home/qiqi/Desktop/boom_ws/install/display' for CMake module files
[1.424s] Level 1:colcon.colcon_core.environment:checking '/home/qiqi/Desktop/boom_ws/install/display' for CMake config files
[1.426s] Level 1:colcon.colcon_core.shell:create_environment_hook('display', 'cmake_prefix_path')
[1.428s] INFO:colcon.colcon_core.shell:Creating environment hook '/home/qiqi/Desktop/boom_ws/install/display/share/display/hook/cmake_prefix_path.ps1'
[1.430s] INFO:colcon.colcon_core.shell:Creating environment descriptor '/home/qiqi/Desktop/boom_ws/install/display/share/display/hook/cmake_prefix_path.dsv'
[1.432s] INFO:colcon.colcon_core.shell:Creating environment hook '/home/qiqi/Desktop/boom_ws/install/display/share/display/hook/cmake_prefix_path.sh'
[1.434s] Level 1:colcon.colcon_core.environment:checking '/home/qiqi/Desktop/boom_ws/install/display/lib'
[1.435s] Level 1:colcon.colcon_core.environment:checking '/home/qiqi/Desktop/boom_ws/install/display/bin'
[1.435s] Level 1:colcon.colcon_core.environment:checking '/home/qiqi/Desktop/boom_ws/install/display/lib/pkgconfig/display.pc'
[1.436s] Level 1:colcon.colcon_core.environment:checking '/home/qiqi/Desktop/boom_ws/install/display/lib/python3.10/site-packages'
[1.437s] Level 1:colcon.colcon_core.environment:checking '/home/qiqi/Desktop/boom_ws/install/display/bin'
[1.438s] INFO:colcon.colcon_core.shell:Creating package script '/home/qiqi/Desktop/boom_ws/install/display/share/display/package.ps1'
[1.440s] INFO:colcon.colcon_core.shell:Creating package descriptor '/home/qiqi/Desktop/boom_ws/install/display/share/display/package.dsv'
[1.442s] INFO:colcon.colcon_core.shell:Creating package script '/home/qiqi/Desktop/boom_ws/install/display/share/display/package.sh'
[1.444s] INFO:colcon.colcon_core.shell:Creating package script '/home/qiqi/Desktop/boom_ws/install/display/share/display/package.bash'
[1.446s] INFO:colcon.colcon_core.shell:Creating package script '/home/qiqi/Desktop/boom_ws/install/display/share/display/package.zsh'
[1.447s] Level 1:colcon.colcon_core.environment:create_file_with_runtime_dependencies(/home/qiqi/Desktop/boom_ws/install/display/share/colcon-core/packages/display)
[2.065s] DEBUG:colcon.colcon_core.event_handler.log_command:Invoked command in '/home/qiqi/Desktop/boom_ws/build/vision_interfaces' returned '0': CMAKE_PREFIX_PATH=${CMAKE_PREFIX_PATH}:/opt/ros/humble /usr/bin/cmake --build /home/qiqi/Desktop/boom_ws/build/vision_interfaces -- -j8 -l8
[2.073s] DEBUG:colcon.colcon_core.event_handler.log_command:Invoking command in '/home/qiqi/Desktop/boom_ws/build/vision_interfaces': CMAKE_PREFIX_PATH=${CMAKE_PREFIX_PATH}:/opt/ros/humble /usr/bin/cmake --install /home/qiqi/Desktop/boom_ws/build/vision_interfaces
[2.282s] Level 1:colcon.colcon_core.environment:create_environment_scripts_only(vision_interfaces)
[2.284s] Level 1:colcon.colcon_core.environment:checking '/home/qiqi/Desktop/boom_ws/install/vision_interfaces' for CMake module files
[2.288s] DEBUG:colcon.colcon_core.event_handler.log_command:Invoked command in '/home/qiqi/Desktop/boom_ws/build/vision_interfaces' returned '0': CMAKE_PREFIX_PATH=${CMAKE_PREFIX_PATH}:/opt/ros/humble /usr/bin/cmake --install /home/qiqi/Desktop/boom_ws/build/vision_interfaces
[2.291s] Level 1:colcon.colcon_core.environment:checking '/home/qiqi/Desktop/boom_ws/install/vision_interfaces' for CMake config files
[2.293s] Level 1:colcon.colcon_core.shell:create_environment_hook('vision_interfaces', 'cmake_prefix_path')
[2.294s] INFO:colcon.colcon_core.shell:Creating environment hook '/home/qiqi/Desktop/boom_ws/install/vision_interfaces/share/vision_interfaces/hook/cmake_prefix_path.ps1'
[2.297s] INFO:colcon.colcon_core.shell:Creating environment descriptor '/home/qiqi/Desktop/boom_ws/install/vision_interfaces/share/vision_interfaces/hook/cmake_prefix_path.dsv'
[2.298s] INFO:colcon.colcon_core.shell:Creating environment hook '/home/qiqi/Desktop/boom_ws/install/vision_interfaces/share/vision_interfaces/hook/cmake_prefix_path.sh'
[2.301s] Level 1:colcon.colcon_core.environment:checking '/home/qiqi/Desktop/boom_ws/install/vision_interfaces/lib'
[2.302s] Level 1:colcon.colcon_core.shell:create_environment_hook('vision_interfaces', 'ld_library_path_lib')
[2.303s] INFO:colcon.colcon_core.shell:Creating environment hook '/home/qiqi/Desktop/boom_ws/install/vision_interfaces/share/vision_interfaces/hook/ld_library_path_lib.ps1'
[2.305s] INFO:colcon.colcon_core.shell:Creating environment descriptor '/home/qiqi/Desktop/boom_ws/install/vision_interfaces/share/vision_interfaces/hook/ld_library_path_lib.dsv'
[2.306s] INFO:colcon.colcon_core.shell:Creating environment hook '/home/qiqi/Desktop/boom_ws/install/vision_interfaces/share/vision_interfaces/hook/ld_library_path_lib.sh'
[2.308s] Level 1:colcon.colcon_core.environment:checking '/home/qiqi/Desktop/boom_ws/install/vision_interfaces/bin'
[2.309s] Level 1:colcon.colcon_core.environment:checking '/home/qiqi/Desktop/boom_ws/install/vision_interfaces/lib/pkgconfig/vision_interfaces.pc'
[2.310s] Level 1:colcon.colcon_core.environment:checking '/home/qiqi/Desktop/boom_ws/install/vision_interfaces/lib/python3.10/site-packages'
[2.311s] Level 1:colcon.colcon_core.environment:checking '/home/qiqi/Desktop/boom_ws/install/vision_interfaces/bin'
[2.313s] INFO:colcon.colcon_core.shell:Creating package script '/home/qiqi/Desktop/boom_ws/install/vision_interfaces/share/vision_interfaces/package.ps1'
[2.315s] INFO:colcon.colcon_core.shell:Creating package descriptor '/home/qiqi/Desktop/boom_ws/install/vision_interfaces/share/vision_interfaces/package.dsv'
[2.317s] INFO:colcon.colcon_core.shell:Creating package script '/home/qiqi/Desktop/boom_ws/install/vision_interfaces/share/vision_interfaces/package.sh'
[2.320s] INFO:colcon.colcon_core.shell:Creating package script '/home/qiqi/Desktop/boom_ws/install/vision_interfaces/share/vision_interfaces/package.bash'
[2.321s] INFO:colcon.colcon_core.shell:Creating package script '/home/qiqi/Desktop/boom_ws/install/vision_interfaces/share/vision_interfaces/package.zsh'
[2.323s] Level 1:colcon.colcon_core.environment:create_file_with_runtime_dependencies(/home/qiqi/Desktop/boom_ws/install/vision_interfaces/share/colcon-core/packages/vision_interfaces)
[2.327s] Level 1:colcon.colcon_core.environment:create_environment_scripts_only(vision_interfaces)
[2.328s] Level 1:colcon.colcon_core.environment:checking '/home/qiqi/Desktop/boom_ws/install/vision_interfaces' for CMake module files
[2.332s] Level 1:colcon.colcon_core.environment:checking '/home/qiqi/Desktop/boom_ws/install/vision_interfaces' for CMake config files
[2.334s] Level 1:colcon.colcon_core.shell:create_environment_hook('vision_interfaces', 'cmake_prefix_path')
[2.335s] INFO:colcon.colcon_core.shell:Creating environment hook '/home/qiqi/Desktop/boom_ws/install/vision_interfaces/share/vision_interfaces/hook/cmake_prefix_path.ps1'
[2.337s] INFO:colcon.colcon_core.shell:Creating environment descriptor '/home/qiqi/Desktop/boom_ws/install/vision_interfaces/share/vision_interfaces/hook/cmake_prefix_path.dsv'
[2.339s] INFO:colcon.colcon_core.shell:Creating environment hook '/home/qiqi/Desktop/boom_ws/install/vision_interfaces/share/vision_interfaces/hook/cmake_prefix_path.sh'
[2.342s] Level 1:colcon.colcon_core.environment:checking '/home/qiqi/Desktop/boom_ws/install/vision_interfaces/lib'
[2.342s] Level 1:colcon.colcon_core.shell:create_environment_hook('vision_interfaces', 'ld_library_path_lib')
[2.343s] INFO:colcon.colcon_core.shell:Creating environment hook '/home/qiqi/Desktop/boom_ws/install/vision_interfaces/share/vision_interfaces/hook/ld_library_path_lib.ps1'
[2.345s] INFO:colcon.colcon_core.shell:Creating environment descriptor '/home/qiqi/Desktop/boom_ws/install/vision_interfaces/share/vision_interfaces/hook/ld_library_path_lib.dsv'
[2.346s] INFO:colcon.colcon_core.shell:Creating environment hook '/home/qiqi/Desktop/boom_ws/install/vision_interfaces/share/vision_interfaces/hook/ld_library_path_lib.sh'
[2.348s] Level 1:colcon.colcon_core.environment:checking '/home/qiqi/Desktop/boom_ws/install/vision_interfaces/bin'
[2.348s] Level 1:colcon.colcon_core.environment:checking '/home/qiqi/Desktop/boom_ws/install/vision_interfaces/lib/pkgconfig/vision_interfaces.pc'
[2.350s] Level 1:colcon.colcon_core.environment:checking '/home/qiqi/Desktop/boom_ws/install/vision_interfaces/lib/python3.10/site-packages'
[2.351s] Level 1:colcon.colcon_core.environment:checking '/home/qiqi/Desktop/boom_ws/install/vision_interfaces/bin'
[2.353s] INFO:colcon.colcon_core.shell:Creating package script '/home/qiqi/Desktop/boom_ws/install/vision_interfaces/share/vision_interfaces/package.ps1'
[2.355s] INFO:colcon.colcon_core.shell:Creating package descriptor '/home/qiqi/Desktop/boom_ws/install/vision_interfaces/share/vision_interfaces/package.dsv'
[2.357s] INFO:colcon.colcon_core.shell:Creating package script '/home/qiqi/Desktop/boom_ws/install/vision_interfaces/share/vision_interfaces/package.sh'
[2.360s] INFO:colcon.colcon_core.shell:Creating package script '/home/qiqi/Desktop/boom_ws/install/vision_interfaces/share/vision_interfaces/package.bash'
[2.362s] INFO:colcon.colcon_core.shell:Creating package script '/home/qiqi/Desktop/boom_ws/install/vision_interfaces/share/vision_interfaces/package.zsh'
[2.364s] Level 1:colcon.colcon_core.environment:create_file_with_runtime_dependencies(/home/qiqi/Desktop/boom_ws/install/vision_interfaces/share/colcon-core/packages/vision_interfaces)
[2.366s] INFO:colcon.colcon_ros.task.ament_cmake.build:Building ROS package in '/home/qiqi/Desktop/boom_ws/src/resolving' with build type 'ament_cmake'
[2.366s] INFO:colcon.colcon_cmake.task.cmake.build:Building CMake package in '/home/qiqi/Desktop/boom_ws/src/resolving'
[2.367s] INFO:colcon.colcon_core.shell:Skip shell extension 'powershell' for command environment: Not usable outside of PowerShell
[2.368s] DEBUG:colcon.colcon_core.shell:Skip shell extension 'dsv' for command environment
[2.382s] INFO:colcon.colcon_ros.task.ament_cmake.build:Building ROS package in '/home/qiqi/Desktop/boom_ws/src/serial' with build type 'ament_cmake'
[2.383s] INFO:colcon.colcon_cmake.task.cmake.build:Building CMake package in '/home/qiqi/Desktop/boom_ws/src/serial'
[2.385s] INFO:colcon.colcon_core.shell:Skip shell extension 'powershell' for command environment: Not usable outside of PowerShell
[2.385s] DEBUG:colcon.colcon_core.shell:Skip shell extension 'dsv' for command environment
[2.417s] DEBUG:colcon.colcon_core.event_handler.log_command:Invoking command in '/home/qiqi/Desktop/boom_ws/build/resolve': CMAKE_PREFIX_PATH=/home/qiqi/Desktop/boom_ws/install/vision_interfaces:/home/qiqi/Desktop/boom_ws/install/serial:/home/qiqi/Desktop/boom_ws/install/resolve:/home/qiqi/Desktop/boom_ws/install/hik_camera_ros2_driver:/home/qiqi/Desktop/boom_ws/install/display:/opt/ros/humble LD_LIBRARY_PATH=/home/qiqi/Desktop/boom_ws/install/vision_interfaces/lib:/usr/local/lib:/opt/MVS/lib/64:/opt/MVS/lib/32:/usr/local/lib:/home/qiqi/Desktop/boom_ws/install/hik_camera_ros2_driver/lib:/opt/MVS/lib/64:/opt/MVS/lib/32:/opt/ros/humble/opt/rviz_ogre_vendor/lib:/opt/ros/humble/lib/x86_64-linux-gnu:/opt/ros/humble/lib:/opt/MVS/lib/64:/opt/MVS/lib/32:/opt/MVS/lib/64:/opt/MVS/lib/32 /usr/bin/cmake --build /home/qiqi/Desktop/boom_ws/build/resolve -- -j8 -l8
[2.436s] DEBUG:colcon.colcon_core.event_handler.log_command:Invoking command in '/home/qiqi/Desktop/boom_ws/build/serial': CMAKE_PREFIX_PATH=/home/qiqi/Desktop/boom_ws/install/vision_interfaces:/home/qiqi/Desktop/boom_ws/install/serial:/home/qiqi/Desktop/boom_ws/install/resolve:/home/qiqi/Desktop/boom_ws/install/hik_camera_ros2_driver:/home/qiqi/Desktop/boom_ws/install/display:/opt/ros/humble LD_LIBRARY_PATH=/home/qiqi/Desktop/boom_ws/install/vision_interfaces/lib:/usr/local/lib:/opt/MVS/lib/64:/opt/MVS/lib/32:/usr/local/lib:/home/qiqi/Desktop/boom_ws/install/hik_camera_ros2_driver/lib:/opt/MVS/lib/64:/opt/MVS/lib/32:/opt/ros/humble/opt/rviz_ogre_vendor/lib:/opt/ros/humble/lib/x86_64-linux-gnu:/opt/ros/humble/lib:/opt/MVS/lib/64:/opt/MVS/lib/32:/opt/MVS/lib/64:/opt/MVS/lib/32 /usr/bin/cmake --build /home/qiqi/Desktop/boom_ws/build/serial -- -j8 -l8
[2.741s] DEBUG:colcon.colcon_core.event_handler.log_command:Invoked command in '/home/qiqi/Desktop/boom_ws/build/serial' returned '0': CMAKE_PREFIX_PATH=/home/qiqi/Desktop/boom_ws/install/vision_interfaces:/home/qiqi/Desktop/boom_ws/install/serial:/home/qiqi/Desktop/boom_ws/install/resolve:/home/qiqi/Desktop/boom_ws/install/hik_camera_ros2_driver:/home/qiqi/Desktop/boom_ws/install/display:/opt/ros/humble LD_LIBRARY_PATH=/home/qiqi/Desktop/boom_ws/install/vision_interfaces/lib:/usr/local/lib:/opt/MVS/lib/64:/opt/MVS/lib/32:/usr/local/lib:/home/qiqi/Desktop/boom_ws/install/hik_camera_ros2_driver/lib:/opt/MVS/lib/64:/opt/MVS/lib/32:/opt/ros/humble/opt/rviz_ogre_vendor/lib:/opt/ros/humble/lib/x86_64-linux-gnu:/opt/ros/humble/lib:/opt/MVS/lib/64:/opt/MVS/lib/32:/opt/MVS/lib/64:/opt/MVS/lib/32 /usr/bin/cmake --build /home/qiqi/Desktop/boom_ws/build/serial -- -j8 -l8
[2.752s] DEBUG:colcon.colcon_core.event_handler.log_command:Invoking command in '/home/qiqi/Desktop/boom_ws/build/serial': CMAKE_PREFIX_PATH=/home/qiqi/Desktop/boom_ws/install/vision_interfaces:/home/qiqi/Desktop/boom_ws/install/serial:/home/qiqi/Desktop/boom_ws/install/resolve:/home/qiqi/Desktop/boom_ws/install/hik_camera_ros2_driver:/home/qiqi/Desktop/boom_ws/install/display:/opt/ros/humble LD_LIBRARY_PATH=/home/qiqi/Desktop/boom_ws/install/vision_interfaces/lib:/usr/local/lib:/opt/MVS/lib/64:/opt/MVS/lib/32:/usr/local/lib:/home/qiqi/Desktop/boom_ws/install/hik_camera_ros2_driver/lib:/opt/MVS/lib/64:/opt/MVS/lib/32:/opt/ros/humble/opt/rviz_ogre_vendor/lib:/opt/ros/humble/lib/x86_64-linux-gnu:/opt/ros/humble/lib:/opt/MVS/lib/64:/opt/MVS/lib/32:/opt/MVS/lib/64:/opt/MVS/lib/32 /usr/bin/cmake --install /home/qiqi/Desktop/boom_ws/build/serial
[2.762s] DEBUG:colcon.colcon_core.event_handler.log_command:Invoked command in '/home/qiqi/Desktop/boom_ws/build/resolve' returned '0': CMAKE_PREFIX_PATH=/home/qiqi/Desktop/boom_ws/install/vision_interfaces:/home/qiqi/Desktop/boom_ws/install/serial:/home/qiqi/Desktop/boom_ws/install/resolve:/home/qiqi/Desktop/boom_ws/install/hik_camera_ros2_driver:/home/qiqi/Desktop/boom_ws/install/display:/opt/ros/humble LD_LIBRARY_PATH=/home/qiqi/Desktop/boom_ws/install/vision_interfaces/lib:/usr/local/lib:/opt/MVS/lib/64:/opt/MVS/lib/32:/usr/local/lib:/home/qiqi/Desktop/boom_ws/install/hik_camera_ros2_driver/lib:/opt/MVS/lib/64:/opt/MVS/lib/32:/opt/ros/humble/opt/rviz_ogre_vendor/lib:/opt/ros/humble/lib/x86_64-linux-gnu:/opt/ros/humble/lib:/opt/MVS/lib/64:/opt/MVS/lib/32:/opt/MVS/lib/64:/opt/MVS/lib/32 /usr/bin/cmake --build /home/qiqi/Desktop/boom_ws/build/resolve -- -j8 -l8
[2.769s] DEBUG:colcon.colcon_core.event_handler.log_command:Invoking command in '/home/qiqi/Desktop/boom_ws/build/resolve': CMAKE_PREFIX_PATH=/home/qiqi/Desktop/boom_ws/install/vision_interfaces:/home/qiqi/Desktop/boom_ws/install/serial:/home/qiqi/Desktop/boom_ws/install/resolve:/home/qiqi/Desktop/boom_ws/install/hik_camera_ros2_driver:/home/qiqi/Desktop/boom_ws/install/display:/opt/ros/humble LD_LIBRARY_PATH=/home/qiqi/Desktop/boom_ws/install/vision_interfaces/lib:/usr/local/lib:/opt/MVS/lib/64:/opt/MVS/lib/32:/usr/local/lib:/home/qiqi/Desktop/boom_ws/install/hik_camera_ros2_driver/lib:/opt/MVS/lib/64:/opt/MVS/lib/32:/opt/ros/humble/opt/rviz_ogre_vendor/lib:/opt/ros/humble/lib/x86_64-linux-gnu:/opt/ros/humble/lib:/opt/MVS/lib/64:/opt/MVS/lib/32:/opt/MVS/lib/64:/opt/MVS/lib/32 /usr/bin/cmake --install /home/qiqi/Desktop/boom_ws/build/resolve
[2.786s] Level 1:colcon.colcon_core.environment:create_environment_scripts_only(serial)
[2.788s] Level 1:colcon.colcon_core.environment:checking '/home/qiqi/Desktop/boom_ws/install/serial' for CMake module files
[2.790s] DEBUG:colcon.colcon_core.event_handler.log_command:Invoked command in '/home/qiqi/Desktop/boom_ws/build/serial' returned '0': CMAKE_PREFIX_PATH=/home/qiqi/Desktop/boom_ws/install/vision_interfaces:/home/qiqi/Desktop/boom_ws/install/serial:/home/qiqi/Desktop/boom_ws/install/resolve:/home/qiqi/Desktop/boom_ws/install/hik_camera_ros2_driver:/home/qiqi/Desktop/boom_ws/install/display:/opt/ros/humble LD_LIBRARY_PATH=/home/qiqi/Desktop/boom_ws/install/vision_interfaces/lib:/usr/local/lib:/opt/MVS/lib/64:/opt/MVS/lib/32:/usr/local/lib:/home/qiqi/Desktop/boom_ws/install/hik_camera_ros2_driver/lib:/opt/MVS/lib/64:/opt/MVS/lib/32:/opt/ros/humble/opt/rviz_ogre_vendor/lib:/opt/ros/humble/lib/x86_64-linux-gnu:/opt/ros/humble/lib:/opt/MVS/lib/64:/opt/MVS/lib/32:/opt/MVS/lib/64:/opt/MVS/lib/32 /usr/bin/cmake --install /home/qiqi/Desktop/boom_ws/build/serial
[2.791s] Level 1:colcon.colcon_core.environment:checking '/home/qiqi/Desktop/boom_ws/install/serial' for CMake config files
[2.792s] Level 1:colcon.colcon_core.shell:create_environment_hook('serial', 'cmake_prefix_path')
[2.793s] INFO:colcon.colcon_core.shell:Creating environment hook '/home/qiqi/Desktop/boom_ws/install/serial/share/serial/hook/cmake_prefix_path.ps1'
[2.797s] INFO:colcon.colcon_core.shell:Creating environment descriptor '/home/qiqi/Desktop/boom_ws/install/serial/share/serial/hook/cmake_prefix_path.dsv'
[2.803s] INFO:colcon.colcon_core.shell:Creating environment hook '/home/qiqi/Desktop/boom_ws/install/serial/share/serial/hook/cmake_prefix_path.sh'
[2.809s] Level 1:colcon.colcon_core.environment:checking '/home/qiqi/Desktop/boom_ws/install/serial/lib'
[2.810s] Level 1:colcon.colcon_core.environment:checking '/home/qiqi/Desktop/boom_ws/install/serial/bin'
[2.810s] Level 1:colcon.colcon_core.environment:checking '/home/qiqi/Desktop/boom_ws/install/serial/lib/pkgconfig/serial.pc'
[2.811s] Level 1:colcon.colcon_core.environment:checking '/home/qiqi/Desktop/boom_ws/install/serial/lib/python3.10/site-packages'
[2.813s] Level 1:colcon.colcon_core.environment:checking '/home/qiqi/Desktop/boom_ws/install/serial/bin'
[2.815s] INFO:colcon.colcon_core.shell:Creating package script '/home/qiqi/Desktop/boom_ws/install/serial/share/serial/package.ps1'
[2.820s] INFO:colcon.colcon_core.shell:Creating package descriptor '/home/qiqi/Desktop/boom_ws/install/serial/share/serial/package.dsv'
[2.822s] INFO:colcon.colcon_core.shell:Creating package script '/home/qiqi/Desktop/boom_ws/install/serial/share/serial/package.sh'
[2.824s] INFO:colcon.colcon_core.shell:Creating package script '/home/qiqi/Desktop/boom_ws/install/serial/share/serial/package.bash'
[2.826s] INFO:colcon.colcon_core.shell:Creating package script '/home/qiqi/Desktop/boom_ws/install/serial/share/serial/package.zsh'
[2.828s] Level 1:colcon.colcon_core.environment:create_file_with_runtime_dependencies(/home/qiqi/Desktop/boom_ws/install/serial/share/colcon-core/packages/serial)
[2.830s] Level 1:colcon.colcon_core.environment:create_environment_scripts_only(serial)
[2.830s] Level 1:colcon.colcon_core.environment:checking '/home/qiqi/Desktop/boom_ws/install/serial' for CMake module files
[2.832s] Level 1:colcon.colcon_core.environment:checking '/home/qiqi/Desktop/boom_ws/install/serial' for CMake config files
[2.833s] Level 1:colcon.colcon_core.shell:create_environment_hook('serial', 'cmake_prefix_path')
[2.834s] INFO:colcon.colcon_core.shell:Creating environment hook '/home/qiqi/Desktop/boom_ws/install/serial/share/serial/hook/cmake_prefix_path.ps1'
[2.836s] INFO:colcon.colcon_core.shell:Creating environment descriptor '/home/qiqi/Desktop/boom_ws/install/serial/share/serial/hook/cmake_prefix_path.dsv'
[2.838s] INFO:colcon.colcon_core.shell:Creating environment hook '/home/qiqi/Desktop/boom_ws/install/serial/share/serial/hook/cmake_prefix_path.sh'
[2.840s] Level 1:colcon.colcon_core.environment:checking '/home/qiqi/Desktop/boom_ws/install/serial/lib'
[2.841s] Level 1:colcon.colcon_core.environment:checking '/home/qiqi/Desktop/boom_ws/install/serial/bin'
[2.841s] Level 1:colcon.colcon_core.environment:checking '/home/qiqi/Desktop/boom_ws/install/serial/lib/pkgconfig/serial.pc'
[2.842s] Level 1:colcon.colcon_core.environment:checking '/home/qiqi/Desktop/boom_ws/install/serial/lib/python3.10/site-packages'
[2.843s] Level 1:colcon.colcon_core.environment:checking '/home/qiqi/Desktop/boom_ws/install/serial/bin'
[2.844s] INFO:colcon.colcon_core.shell:Creating package script '/home/qiqi/Desktop/boom_ws/install/serial/share/serial/package.ps1'
[2.847s] INFO:colcon.colcon_core.shell:Creating package descriptor '/home/qiqi/Desktop/boom_ws/install/serial/share/serial/package.dsv'
[2.849s] INFO:colcon.colcon_core.shell:Creating package script '/home/qiqi/Desktop/boom_ws/install/serial/share/serial/package.sh'
[2.851s] INFO:colcon.colcon_core.shell:Creating package script '/home/qiqi/Desktop/boom_ws/install/serial/share/serial/package.bash'
[2.853s] INFO:colcon.colcon_core.shell:Creating package script '/home/qiqi/Desktop/boom_ws/install/serial/share/serial/package.zsh'
[2.855s] Level 1:colcon.colcon_core.environment:create_file_with_runtime_dependencies(/home/qiqi/Desktop/boom_ws/install/serial/share/colcon-core/packages/serial)
[2.858s] Level 1:colcon.colcon_core.environment:create_environment_scripts_only(resolve)
[2.859s] Level 1:colcon.colcon_core.environment:checking '/home/qiqi/Desktop/boom_ws/install/resolve' for CMake module files
[2.863s] DEBUG:colcon.colcon_core.event_handler.log_command:Invoked command in '/home/qiqi/Desktop/boom_ws/build/resolve' returned '0': CMAKE_PREFIX_PATH=/home/qiqi/Desktop/boom_ws/install/vision_interfaces:/home/qiqi/Desktop/boom_ws/install/serial:/home/qiqi/Desktop/boom_ws/install/resolve:/home/qiqi/Desktop/boom_ws/install/hik_camera_ros2_driver:/home/qiqi/Desktop/boom_ws/install/display:/opt/ros/humble LD_LIBRARY_PATH=/home/qiqi/Desktop/boom_ws/install/vision_interfaces/lib:/usr/local/lib:/opt/MVS/lib/64:/opt/MVS/lib/32:/usr/local/lib:/home/qiqi/Desktop/boom_ws/install/hik_camera_ros2_driver/lib:/opt/MVS/lib/64:/opt/MVS/lib/32:/opt/ros/humble/opt/rviz_ogre_vendor/lib:/opt/ros/humble/lib/x86_64-linux-gnu:/opt/ros/humble/lib:/opt/MVS/lib/64:/opt/MVS/lib/32:/opt/MVS/lib/64:/opt/MVS/lib/32 /usr/bin/cmake --install /home/qiqi/Desktop/boom_ws/build/resolve
[2.864s] Level 1:colcon.colcon_core.environment:checking '/home/qiqi/Desktop/boom_ws/install/resolve' for CMake config files
[2.865s] Level 1:colcon.colcon_core.shell:create_environment_hook('resolve', 'cmake_prefix_path')
[2.866s] INFO:colcon.colcon_core.shell:Creating environment hook '/home/qiqi/Desktop/boom_ws/install/resolve/share/resolve/hook/cmake_prefix_path.ps1'
[2.868s] INFO:colcon.colcon_core.shell:Creating environment descriptor '/home/qiqi/Desktop/boom_ws/install/resolve/share/resolve/hook/cmake_prefix_path.dsv'
[2.869s] INFO:colcon.colcon_core.shell:Creating environment hook '/home/qiqi/Desktop/boom_ws/install/resolve/share/resolve/hook/cmake_prefix_path.sh'
[2.871s] Level 1:colcon.colcon_core.environment:checking '/home/qiqi/Desktop/boom_ws/install/resolve/lib'
[2.871s] Level 1:colcon.colcon_core.environment:checking '/home/qiqi/Desktop/boom_ws/install/resolve/bin'
[2.871s] Level 1:colcon.colcon_core.environment:checking '/home/qiqi/Desktop/boom_ws/install/resolve/lib/pkgconfig/resolve.pc'
[2.872s] Level 1:colcon.colcon_core.environment:checking '/home/qiqi/Desktop/boom_ws/install/resolve/lib/python3.10/site-packages'
[2.874s] Level 1:colcon.colcon_core.environment:checking '/home/qiqi/Desktop/boom_ws/install/resolve/bin'
[2.876s] INFO:colcon.colcon_core.shell:Creating package script '/home/qiqi/Desktop/boom_ws/install/resolve/share/resolve/package.ps1'
[2.878s] INFO:colcon.colcon_core.shell:Creating package descriptor '/home/qiqi/Desktop/boom_ws/install/resolve/share/resolve/package.dsv'
[2.880s] INFO:colcon.colcon_core.shell:Creating package script '/home/qiqi/Desktop/boom_ws/install/resolve/share/resolve/package.sh'
[2.882s] INFO:colcon.colcon_core.shell:Creating package script '/home/qiqi/Desktop/boom_ws/install/resolve/share/resolve/package.bash'
[2.884s] INFO:colcon.colcon_core.shell:Creating package script '/home/qiqi/Desktop/boom_ws/install/resolve/share/resolve/package.zsh'
[2.885s] Level 1:colcon.colcon_core.environment:create_file_with_runtime_dependencies(/home/qiqi/Desktop/boom_ws/install/resolve/share/colcon-core/packages/resolve)
[2.888s] Level 1:colcon.colcon_core.environment:create_environment_scripts_only(resolve)
[2.889s] Level 1:colcon.colcon_core.environment:checking '/home/qiqi/Desktop/boom_ws/install/resolve' for CMake module files
[2.891s] Level 1:colcon.colcon_core.environment:checking '/home/qiqi/Desktop/boom_ws/install/resolve' for CMake config files
[2.892s] Level 1:colcon.colcon_core.shell:create_environment_hook('resolve', 'cmake_prefix_path')
[2.893s] INFO:colcon.colcon_core.shell:Creating environment hook '/home/qiqi/Desktop/boom_ws/install/resolve/share/resolve/hook/cmake_prefix_path.ps1'
[2.895s] INFO:colcon.colcon_core.shell:Creating environment descriptor '/home/qiqi/Desktop/boom_ws/install/resolve/share/resolve/hook/cmake_prefix_path.dsv'
[2.896s] INFO:colcon.colcon_core.shell:Creating environment hook '/home/qiqi/Desktop/boom_ws/install/resolve/share/resolve/hook/cmake_prefix_path.sh'
[2.899s] Level 1:colcon.colcon_core.environment:checking '/home/qiqi/Desktop/boom_ws/install/resolve/lib'
[2.899s] Level 1:colcon.colcon_core.environment:checking '/home/qiqi/Desktop/boom_ws/install/resolve/bin'
[2.899s] Level 1:colcon.colcon_core.environment:checking '/home/qiqi/Desktop/boom_ws/install/resolve/lib/pkgconfig/resolve.pc'
[2.901s] Level 1:colcon.colcon_core.environment:checking '/home/qiqi/Desktop/boom_ws/install/resolve/lib/python3.10/site-packages'
[2.902s] Level 1:colcon.colcon_core.environment:checking '/home/qiqi/Desktop/boom_ws/install/resolve/bin'
[2.903s] INFO:colcon.colcon_core.shell:Creating package script '/home/qiqi/Desktop/boom_ws/install/resolve/share/resolve/package.ps1'
[2.905s] INFO:colcon.colcon_core.shell:Creating package descriptor '/home/qiqi/Desktop/boom_ws/install/resolve/share/resolve/package.dsv'
[2.907s] INFO:colcon.colcon_core.shell:Creating package script '/home/qiqi/Desktop/boom_ws/install/resolve/share/resolve/package.sh'
[2.909s] INFO:colcon.colcon_core.shell:Creating package script '/home/qiqi/Desktop/boom_ws/install/resolve/share/resolve/package.bash'
[2.912s] INFO:colcon.colcon_core.shell:Creating package script '/home/qiqi/Desktop/boom_ws/install/resolve/share/resolve/package.zsh'
[2.913s] Level 1:colcon.colcon_core.environment:create_file_with_runtime_dependencies(/home/qiqi/Desktop/boom_ws/install/resolve/share/colcon-core/packages/resolve)
[2.915s] DEBUG:colcon.colcon_parallel_executor.executor.parallel:closing loop
[2.915s] DEBUG:colcon.colcon_parallel_executor.executor.parallel:loop closed
[2.916s] DEBUG:colcon.colcon_parallel_executor.executor.parallel:run_until_complete finished with '0'
[2.916s] DEBUG:colcon.colcon_core.event_reactor:joining thread
[2.937s] INFO:colcon.colcon_core.plugin_system:Skipping extension 'colcon_notification.desktop_notification.terminal_notifier': Not used on non-Darwin systems
[2.938s] INFO:colcon.colcon_core.plugin_system:Skipping extension 'colcon_notification.desktop_notification.win32': Not used on non-Windows systems
[2.938s] INFO:colcon.colcon_notification.desktop_notification:Sending desktop notification using 'notify2'
[3.017s] DEBUG:colcon.colcon_core.event_reactor:joined thread
[3.018s] INFO:colcon.colcon_core.shell:Creating prefix script '/home/qiqi/Desktop/boom_ws/install/local_setup.ps1'
[3.022s] INFO:colcon.colcon_core.shell:Creating prefix util module '/home/qiqi/Desktop/boom_ws/install/_local_setup_util_ps1.py'
[3.033s] INFO:colcon.colcon_core.shell:Creating prefix chain script '/home/qiqi/Desktop/boom_ws/install/setup.ps1'
[3.039s] INFO:colcon.colcon_core.shell:Creating prefix script '/home/qiqi/Desktop/boom_ws/install/local_setup.sh'
[3.042s] INFO:colcon.colcon_core.shell:Creating prefix util module '/home/qiqi/Desktop/boom_ws/install/_local_setup_util_sh.py'
[3.046s] INFO:colcon.colcon_core.shell:Creating prefix chain script '/home/qiqi/Desktop/boom_ws/install/setup.sh'
[3.056s] INFO:colcon.colcon_core.shell:Creating prefix script '/home/qiqi/Desktop/boom_ws/install/local_setup.bash'
[3.060s] INFO:colcon.colcon_core.shell:Creating prefix chain script '/home/qiqi/Desktop/boom_ws/install/setup.bash'
[3.066s] INFO:colcon.colcon_core.shell:Creating prefix script '/home/qiqi/Desktop/boom_ws/install/local_setup.zsh'
[3.072s] INFO:colcon.colcon_core.shell:Creating prefix chain script '/home/qiqi/Desktop/boom_ws/install/setup.zsh'
