[0.007s] Invoking command in '/home/new-sentry/Downloads/boom_ws/build/serial': AMENT_PREFIX_PATH=/home/new-sentry/Downloads/boom_ws/install/vision_interfaces:${AMENT_PREFIX_PATH} CMAKE_PREFIX_PATH=/home/new-sentry/Downloads/boom_ws/install/vision_interfaces:/opt/ros/humble LD_LIBRARY_PATH=/home/new-sentry/Downloads/boom_ws/install/vision_interfaces/lib:/opt/MVS/lib/64:/opt/MVS/lib/32:/opt/ros/humble/opt/rviz_ogre_vendor/lib:/opt/ros/humble/lib/x86_64-linux-gnu:/opt/ros/humble/lib:/opt/MVS/lib/64:/opt/MVS/lib/32:/opt/MVS/lib/64:/opt/MVS/lib/32:/opt/MVS/lib/64:/opt/MVS/lib/32:/opt/MVS/lib/64:/opt/MVS/lib/32 PYTHONPATH=/home/new-sentry/Downloads/boom_ws/install/vision_interfaces/local/lib/python3.10/dist-packages:${PYTHONPATH} /usr/local/bin/cmake /home/new-sentry/Downloads/boom_ws/src/serial -DCMAKE_BUILD_TYPE=Release -DAMENT_CMAKE_SYMLINK_INSTALL=1 -DCMAKE_INSTALL_PREFIX=/home/new-sentry/Downloads/boom_ws/install/serial
[0.056s] -- The C compiler identification is GNU 11.4.0
[0.110s] -- The CXX compiler identification is GNU 11.4.0
[0.124s] -- Detecting C compiler ABI info
[0.175s] -- Detecting C compiler ABI info - done
[0.216s] -- Check for working C compiler: /usr/bin/cc - skipped
[0.216s] -- Detecting C compile features
[0.217s] -- Detecting C compile features - done
[0.232s] -- Detecting CXX compiler ABI info
[0.289s] -- Detecting CXX compiler ABI info - done
[0.331s] -- Check for working CXX compiler: /usr/bin/c++ - skipped
[0.331s] -- Detecting CXX compile features
[0.333s] -- Detecting CXX compile features - done
[0.340s] -- Found ament_cmake: 1.3.11 (/opt/ros/humble/share/ament_cmake/cmake)
[0.435s] -- Found Python3: /usr/bin/python3 (found version "3.10.12") found components: Interpreter
[0.473s] -- Override CMake install command with custom implementation using symlinks instead of copying resources
[0.522s] -- Found OpenCV: /usr (found version "4.5.4")
[0.525s] -- Found serial: 1.2.1 (/usr/local/share/serial/cmake)
[0.533s] -- Found rclcpp: 16.0.12 (/opt/ros/humble/share/rclcpp/cmake)
[0.600s] -- Found rosidl_generator_c: 3.1.6 (/opt/ros/humble/share/rosidl_generator_c/cmake)
[0.610s] -- Found rosidl_adapter: 3.1.6 (/opt/ros/humble/share/rosidl_adapter/cmake)
[0.628s] -- Found rosidl_generator_cpp: 3.1.6 (/opt/ros/humble/share/rosidl_generator_cpp/cmake)
[0.658s] -- Using all available rosidl_typesupport_c: rosidl_typesupport_fastrtps_c;rosidl_typesupport_introspection_c
[0.697s] -- Using all available rosidl_typesupport_cpp: rosidl_typesupport_fastrtps_cpp;rosidl_typesupport_introspection_cpp
[0.794s] -- Found rmw_implementation_cmake: 6.1.2 (/opt/ros/humble/share/rmw_implementation_cmake/cmake)
[0.798s] -- Found rmw_fastrtps_cpp: 6.2.7 (/opt/ros/humble/share/rmw_fastrtps_cpp/cmake)
[0.903s] -- Found OpenSSL: /usr/lib/x86_64-linux-gnu/libcrypto.so (found version "3.0.2")
[0.938s] -- Found FastRTPS: /opt/ros/humble/include
[0.991s] -- Using RMW implementation 'rmw_fastrtps_cpp' as default
[1.004s] -- Performing Test CMAKE_HAVE_LIBC_PTHREAD
[1.054s] -- Performing Test CMAKE_HAVE_LIBC_PTHREAD - Success
[1.056s] -- Found Threads: TRUE
[1.193s] -- Found image_transport: 3.1.11 (/opt/ros/humble/share/image_transport/cmake)
[1.321s] -- Found cv_bridge: 3.2.1 (/opt/ros/humble/share/cv_bridge/cmake)
[1.326s] -- Found vision_interfaces: 0.0.0 (/home/new-sentry/Downloads/boom_ws/install/vision_interfaces/share/vision_interfaces/cmake)
[1.364s] -- Found ament_lint_auto: 0.12.12 (/opt/ros/humble/share/ament_lint_auto/cmake)
[1.420s] -- Added test 'cppcheck' to perform static code analysis on C / C++ code
[1.424s] -- Configured cppcheck include dirs: 
[1.424s] -- Configured cppcheck exclude dirs and/or files: 
[1.425s] -- Added test 'lint_cmake' to check CMake code style
[1.426s] -- Added test 'uncrustify' to check C / C++ code style
[1.426s] -- Configured uncrustify additional arguments: 
[1.427s] -- Added test 'xmllint' to check XML markup files
[1.430s] -- Configuring done (1.4s)
[1.459s] -- Generating done (0.0s)
[1.464s] -- Build files have been written to: /home/new-sentry/Downloads/boom_ws/build/serial
[1.473s] Invoked command in '/home/new-sentry/Downloads/boom_ws/build/serial' returned '0': AMENT_PREFIX_PATH=/home/new-sentry/Downloads/boom_ws/install/vision_interfaces:${AMENT_PREFIX_PATH} CMAKE_PREFIX_PATH=/home/new-sentry/Downloads/boom_ws/install/vision_interfaces:/opt/ros/humble LD_LIBRARY_PATH=/home/new-sentry/Downloads/boom_ws/install/vision_interfaces/lib:/opt/MVS/lib/64:/opt/MVS/lib/32:/opt/ros/humble/opt/rviz_ogre_vendor/lib:/opt/ros/humble/lib/x86_64-linux-gnu:/opt/ros/humble/lib:/opt/MVS/lib/64:/opt/MVS/lib/32:/opt/MVS/lib/64:/opt/MVS/lib/32:/opt/MVS/lib/64:/opt/MVS/lib/32:/opt/MVS/lib/64:/opt/MVS/lib/32 PYTHONPATH=/home/new-sentry/Downloads/boom_ws/install/vision_interfaces/local/lib/python3.10/dist-packages:${PYTHONPATH} /usr/local/bin/cmake /home/new-sentry/Downloads/boom_ws/src/serial -DCMAKE_BUILD_TYPE=Release -DAMENT_CMAKE_SYMLINK_INSTALL=1 -DCMAKE_INSTALL_PREFIX=/home/new-sentry/Downloads/boom_ws/install/serial
[1.474s] Invoking command in '/home/new-sentry/Downloads/boom_ws/build/serial': AMENT_PREFIX_PATH=/home/new-sentry/Downloads/boom_ws/install/vision_interfaces:${AMENT_PREFIX_PATH} CMAKE_PREFIX_PATH=/home/new-sentry/Downloads/boom_ws/install/vision_interfaces:/opt/ros/humble LD_LIBRARY_PATH=/home/new-sentry/Downloads/boom_ws/install/vision_interfaces/lib:/opt/MVS/lib/64:/opt/MVS/lib/32:/opt/ros/humble/opt/rviz_ogre_vendor/lib:/opt/ros/humble/lib/x86_64-linux-gnu:/opt/ros/humble/lib:/opt/MVS/lib/64:/opt/MVS/lib/32:/opt/MVS/lib/64:/opt/MVS/lib/32:/opt/MVS/lib/64:/opt/MVS/lib/32:/opt/MVS/lib/64:/opt/MVS/lib/32 PYTHONPATH=/home/new-sentry/Downloads/boom_ws/install/vision_interfaces/local/lib/python3.10/dist-packages:${PYTHONPATH} /usr/local/bin/cmake --build /home/new-sentry/Downloads/boom_ws/build/serial -- -j16 -l16
[1.498s] [ 50%] [32mBuilding CXX object CMakeFiles/serial.dir/src/serial.cpp.o[0m
[3.231s] [01m[K/home/new-sentry/Downloads/boom_ws/src/serial/src/serial.cpp:[m[K In constructor ‘[01m[KSerialNode::SerialNode(const char*)[m[K’:
[3.232s] [01m[K/home/new-sentry/Downloads/boom_ws/src/serial/src/serial.cpp:36:32:[m[K [01;35m[Kwarning: [m[Kunused parameter ‘[01m[Kname[m[K’ [[01;35m[K]8;;https://gcc.gnu.org/onlinedocs/gcc/Warning-Options.html#index-Wunused-parameter-Wunused-parameter]8;;[m[K]
[3.232s]    36 |         SerialNode([01;35m[Kconst char* name[m[K): Node("serial_port_node") {
[3.232s]       |                    [01;35m[K~~~~~~~~~~~~^~~~[m[K
[3.233s] [01m[K/home/new-sentry/Downloads/boom_ws/src/serial/src/serial.cpp:[m[K In member function ‘[01m[Kvoid SerialNode::callback(vision_interfaces::msg::Uartf_<std::allocator<void> >::SharedPtr)[m[K’:
[3.233s] [01m[K/home/new-sentry/Downloads/boom_ws/src/serial/src/serial.cpp:103:35:[m[K [01;35m[Kwarning: [m[Kcomparison of integer expressions of different signedness: ‘[01m[Kint[m[K’ and ‘[01m[Klong unsigned int[m[K’ [[01;35m[K]8;;https://gcc.gnu.org/onlinedocs/gcc/Warning-Options.html#index-Wsign-compare-Wsign-compare]8;;[m[K]
[3.233s]   103 |                 for (int i = 0; [01;35m[Ki < sizeof(Package) - 1[m[K; i ++) {
[3.233s]       |                                 [01;35m[K~~^~~~~~~~~~~~~~~~~~~~~[m[K
[7.492s] [100%] [32m[1mLinking CXX executable serial[0m
[7.583s] [100%] Built target serial
[7.588s] Invoked command in '/home/new-sentry/Downloads/boom_ws/build/serial' returned '0': AMENT_PREFIX_PATH=/home/new-sentry/Downloads/boom_ws/install/vision_interfaces:${AMENT_PREFIX_PATH} CMAKE_PREFIX_PATH=/home/new-sentry/Downloads/boom_ws/install/vision_interfaces:/opt/ros/humble LD_LIBRARY_PATH=/home/new-sentry/Downloads/boom_ws/install/vision_interfaces/lib:/opt/MVS/lib/64:/opt/MVS/lib/32:/opt/ros/humble/opt/rviz_ogre_vendor/lib:/opt/ros/humble/lib/x86_64-linux-gnu:/opt/ros/humble/lib:/opt/MVS/lib/64:/opt/MVS/lib/32:/opt/MVS/lib/64:/opt/MVS/lib/32:/opt/MVS/lib/64:/opt/MVS/lib/32:/opt/MVS/lib/64:/opt/MVS/lib/32 PYTHONPATH=/home/new-sentry/Downloads/boom_ws/install/vision_interfaces/local/lib/python3.10/dist-packages:${PYTHONPATH} /usr/local/bin/cmake --build /home/new-sentry/Downloads/boom_ws/build/serial -- -j16 -l16
[7.589s] Invoking command in '/home/new-sentry/Downloads/boom_ws/build/serial': AMENT_PREFIX_PATH=/home/new-sentry/Downloads/boom_ws/install/vision_interfaces:${AMENT_PREFIX_PATH} CMAKE_PREFIX_PATH=/home/new-sentry/Downloads/boom_ws/install/vision_interfaces:/opt/ros/humble LD_LIBRARY_PATH=/home/new-sentry/Downloads/boom_ws/install/vision_interfaces/lib:/opt/MVS/lib/64:/opt/MVS/lib/32:/opt/ros/humble/opt/rviz_ogre_vendor/lib:/opt/ros/humble/lib/x86_64-linux-gnu:/opt/ros/humble/lib:/opt/MVS/lib/64:/opt/MVS/lib/32:/opt/MVS/lib/64:/opt/MVS/lib/32:/opt/MVS/lib/64:/opt/MVS/lib/32:/opt/MVS/lib/64:/opt/MVS/lib/32 PYTHONPATH=/home/new-sentry/Downloads/boom_ws/install/vision_interfaces/local/lib/python3.10/dist-packages:${PYTHONPATH} /usr/local/bin/cmake --install /home/new-sentry/Downloads/boom_ws/build/serial
[7.592s] -- Install configuration: "Release"
[7.594s] -- Execute custom install script
[7.594s] -- Symlinking: /home/new-sentry/Downloads/boom_ws/install/serial/lib/serial/serial
[7.598s] -- Symlinking: /home/new-sentry/Downloads/boom_ws/install/serial/share/ament_index/resource_index/package_run_dependencies/serial
[7.601s] -- Symlinking: /home/new-sentry/Downloads/boom_ws/install/serial/share/ament_index/resource_index/parent_prefix_path/serial
[7.605s] -- Symlinking: /home/new-sentry/Downloads/boom_ws/install/serial/share/serial/environment/ament_prefix_path.sh
[7.608s] -- Symlinking: /home/new-sentry/Downloads/boom_ws/install/serial/share/serial/environment/ament_prefix_path.dsv
[7.611s] -- Symlinking: /home/new-sentry/Downloads/boom_ws/install/serial/share/serial/environment/path.sh
[7.615s] -- Symlinking: /home/new-sentry/Downloads/boom_ws/install/serial/share/serial/environment/path.dsv
[7.618s] -- Symlinking: /home/new-sentry/Downloads/boom_ws/install/serial/share/serial/local_setup.bash
[7.621s] -- Symlinking: /home/new-sentry/Downloads/boom_ws/install/serial/share/serial/local_setup.sh
[7.625s] -- Symlinking: /home/new-sentry/Downloads/boom_ws/install/serial/share/serial/local_setup.zsh
[7.628s] -- Symlinking: /home/new-sentry/Downloads/boom_ws/install/serial/share/serial/local_setup.dsv
[7.632s] -- Symlinking: /home/new-sentry/Downloads/boom_ws/install/serial/share/serial/package.dsv
[7.635s] -- Symlinking: /home/new-sentry/Downloads/boom_ws/install/serial/share/ament_index/resource_index/packages/serial
[7.639s] -- Symlinking: /home/new-sentry/Downloads/boom_ws/install/serial/share/serial/cmake/serialConfig.cmake
[7.642s] -- Symlinking: /home/new-sentry/Downloads/boom_ws/install/serial/share/serial/cmake/serialConfig-version.cmake
[7.645s] -- Symlinking: /home/new-sentry/Downloads/boom_ws/install/serial/share/serial/package.xml
[7.649s] Invoked command in '/home/new-sentry/Downloads/boom_ws/build/serial' returned '0': AMENT_PREFIX_PATH=/home/new-sentry/Downloads/boom_ws/install/vision_interfaces:${AMENT_PREFIX_PATH} CMAKE_PREFIX_PATH=/home/new-sentry/Downloads/boom_ws/install/vision_interfaces:/opt/ros/humble LD_LIBRARY_PATH=/home/new-sentry/Downloads/boom_ws/install/vision_interfaces/lib:/opt/MVS/lib/64:/opt/MVS/lib/32:/opt/ros/humble/opt/rviz_ogre_vendor/lib:/opt/ros/humble/lib/x86_64-linux-gnu:/opt/ros/humble/lib:/opt/MVS/lib/64:/opt/MVS/lib/32:/opt/MVS/lib/64:/opt/MVS/lib/32:/opt/MVS/lib/64:/opt/MVS/lib/32:/opt/MVS/lib/64:/opt/MVS/lib/32 PYTHONPATH=/home/new-sentry/Downloads/boom_ws/install/vision_interfaces/local/lib/python3.10/dist-packages:${PYTHONPATH} /usr/local/bin/cmake --install /home/new-sentry/Downloads/boom_ws/build/serial
