[0.083s] DEBUG:colcon:Command line arguments: ['/usr/bin/colcon', 'build']
[0.084s] DEBUG:colcon:Parsed command line arguments: Namespace(log_base=None, log_level=None, verb_name='build', build_base='build', install_base='install', merge_install=False, symlink_install=False, test_result_base=None, continue_on_error=False, executor='parallel', parallel_workers=16, event_handlers=None, ignore_user_meta=False, metas=['./colcon.meta'], base_paths=['.'], packages_ignore=None, packages_ignore_regex=None, paths=None, packages_up_to=None, packages_up_to_regex=None, packages_above=None, packages_above_and_dependencies=None, packages_above_depth=None, packages_select_by_dep=None, packages_skip_by_dep=None, packages_skip_up_to=None, packages_select_build_failed=False, packages_skip_build_finished=False, packages_select_test_failures=False, packages_skip_test_passed=False, packages_select=None, packages_skip=None, packages_select_regex=None, packages_skip_regex=None, packages_start=None, packages_end=None, allow_overriding=[], cmake_args=None, cmake_target=None, cmake_target_skip_unavailable=False, cmake_clean_cache=False, cmake_clean_first=False, cmake_force_configure=False, ament_cmake_args=None, catkin_cmake_args=None, catkin_skip_building_tests=False, verb_parser=<colcon_defaults.argument_parser.defaults.DefaultArgumentsDecorator object at 0x7991b3433d90>, verb_extension=<colcon_core.verb.build.BuildVerb object at 0x7991b3433850>, main=<bound method BuildVerb.main of <colcon_core.verb.build.BuildVerb object at 0x7991b3433850>>)
[0.201s] Level 1:colcon.colcon_core.package_discovery:discover_packages(colcon_meta) check parameters
[0.202s] Level 1:colcon.colcon_core.package_discovery:discover_packages(recursive) check parameters
[0.202s] Level 1:colcon.colcon_core.package_discovery:discover_packages(ignore) check parameters
[0.202s] Level 1:colcon.colcon_core.package_discovery:discover_packages(path) check parameters
[0.202s] Level 1:colcon.colcon_core.package_discovery:discover_packages(colcon_meta) discover
[0.202s] Level 1:colcon.colcon_core.package_discovery:discover_packages(recursive) discover
[0.202s] INFO:colcon.colcon_core.package_discovery:Crawling recursively for packages in '/home/new-sentry/Desktop/boom_ws'
[0.202s] Level 1:colcon.colcon_core.package_identification:_identify(.) by extensions ['ignore', 'ignore_ament_install']
[0.203s] Level 1:colcon.colcon_core.package_identification:_identify(.) by extension 'ignore'
[0.203s] Level 1:colcon.colcon_core.package_identification:_identify(.) by extension 'ignore_ament_install'
[0.203s] Level 1:colcon.colcon_core.package_identification:_identify(.) by extensions ['colcon_pkg']
[0.203s] Level 1:colcon.colcon_core.package_identification:_identify(.) by extension 'colcon_pkg'
[0.203s] Level 1:colcon.colcon_core.package_identification:_identify(.) by extensions ['colcon_meta']
[0.203s] Level 1:colcon.colcon_core.package_identification:_identify(.) by extension 'colcon_meta'
[0.203s] Level 1:colcon.colcon_core.package_identification:_identify(.) by extensions ['ros']
[0.203s] Level 1:colcon.colcon_core.package_identification:_identify(.) by extension 'ros'
[0.217s] Level 1:colcon.colcon_core.package_identification:_identify(.) by extensions ['cmake', 'python']
[0.218s] Level 1:colcon.colcon_core.package_identification:_identify(.) by extension 'cmake'
[0.218s] Level 1:colcon.colcon_core.package_identification:_identify(.) by extension 'python'
[0.218s] Level 1:colcon.colcon_core.package_identification:_identify(.) by extensions ['python_setup_py']
[0.218s] Level 1:colcon.colcon_core.package_identification:_identify(.) by extension 'python_setup_py'
[0.218s] Level 1:colcon.colcon_core.package_identification:_identify(build) by extensions ['ignore', 'ignore_ament_install']
[0.219s] Level 1:colcon.colcon_core.package_identification:_identify(build) by extension 'ignore'
[0.219s] Level 1:colcon.colcon_core.package_identification:_identify(build) ignored
[0.219s] Level 1:colcon.colcon_core.package_identification:_identify(config) by extensions ['ignore', 'ignore_ament_install']
[0.219s] Level 1:colcon.colcon_core.package_identification:_identify(config) by extension 'ignore'
[0.219s] Level 1:colcon.colcon_core.package_identification:_identify(config) by extension 'ignore_ament_install'
[0.219s] Level 1:colcon.colcon_core.package_identification:_identify(config) by extensions ['colcon_pkg']
[0.219s] Level 1:colcon.colcon_core.package_identification:_identify(config) by extension 'colcon_pkg'
[0.219s] Level 1:colcon.colcon_core.package_identification:_identify(config) by extensions ['colcon_meta']
[0.219s] Level 1:colcon.colcon_core.package_identification:_identify(config) by extension 'colcon_meta'
[0.219s] Level 1:colcon.colcon_core.package_identification:_identify(config) by extensions ['ros']
[0.219s] Level 1:colcon.colcon_core.package_identification:_identify(config) by extension 'ros'
[0.220s] Level 1:colcon.colcon_core.package_identification:_identify(config) by extensions ['cmake', 'python']
[0.220s] Level 1:colcon.colcon_core.package_identification:_identify(config) by extension 'cmake'
[0.220s] Level 1:colcon.colcon_core.package_identification:_identify(config) by extension 'python'
[0.220s] Level 1:colcon.colcon_core.package_identification:_identify(config) by extensions ['python_setup_py']
[0.220s] Level 1:colcon.colcon_core.package_identification:_identify(config) by extension 'python_setup_py'
[0.220s] Level 1:colcon.colcon_core.package_identification:_identify(install) by extensions ['ignore', 'ignore_ament_install']
[0.220s] Level 1:colcon.colcon_core.package_identification:_identify(install) by extension 'ignore'
[0.220s] Level 1:colcon.colcon_core.package_identification:_identify(install) ignored
[0.220s] Level 1:colcon.colcon_core.package_identification:_identify(launch) by extensions ['ignore', 'ignore_ament_install']
[0.220s] Level 1:colcon.colcon_core.package_identification:_identify(launch) by extension 'ignore'
[0.220s] Level 1:colcon.colcon_core.package_identification:_identify(launch) by extension 'ignore_ament_install'
[0.220s] Level 1:colcon.colcon_core.package_identification:_identify(launch) by extensions ['colcon_pkg']
[0.220s] Level 1:colcon.colcon_core.package_identification:_identify(launch) by extension 'colcon_pkg'
[0.220s] Level 1:colcon.colcon_core.package_identification:_identify(launch) by extensions ['colcon_meta']
[0.220s] Level 1:colcon.colcon_core.package_identification:_identify(launch) by extension 'colcon_meta'
[0.220s] Level 1:colcon.colcon_core.package_identification:_identify(launch) by extensions ['ros']
[0.220s] Level 1:colcon.colcon_core.package_identification:_identify(launch) by extension 'ros'
[0.220s] Level 1:colcon.colcon_core.package_identification:_identify(launch) by extensions ['cmake', 'python']
[0.220s] Level 1:colcon.colcon_core.package_identification:_identify(launch) by extension 'cmake'
[0.220s] Level 1:colcon.colcon_core.package_identification:_identify(launch) by extension 'python'
[0.220s] Level 1:colcon.colcon_core.package_identification:_identify(launch) by extensions ['python_setup_py']
[0.220s] Level 1:colcon.colcon_core.package_identification:_identify(launch) by extension 'python_setup_py'
[0.220s] Level 1:colcon.colcon_core.package_identification:_identify(launch/__pycache__) by extensions ['ignore', 'ignore_ament_install']
[0.220s] Level 1:colcon.colcon_core.package_identification:_identify(launch/__pycache__) by extension 'ignore'
[0.220s] Level 1:colcon.colcon_core.package_identification:_identify(launch/__pycache__) by extension 'ignore_ament_install'
[0.220s] Level 1:colcon.colcon_core.package_identification:_identify(launch/__pycache__) by extensions ['colcon_pkg']
[0.220s] Level 1:colcon.colcon_core.package_identification:_identify(launch/__pycache__) by extension 'colcon_pkg'
[0.220s] Level 1:colcon.colcon_core.package_identification:_identify(launch/__pycache__) by extensions ['colcon_meta']
[0.220s] Level 1:colcon.colcon_core.package_identification:_identify(launch/__pycache__) by extension 'colcon_meta'
[0.220s] Level 1:colcon.colcon_core.package_identification:_identify(launch/__pycache__) by extensions ['ros']
[0.220s] Level 1:colcon.colcon_core.package_identification:_identify(launch/__pycache__) by extension 'ros'
[0.220s] Level 1:colcon.colcon_core.package_identification:_identify(launch/__pycache__) by extensions ['cmake', 'python']
[0.221s] Level 1:colcon.colcon_core.package_identification:_identify(launch/__pycache__) by extension 'cmake'
[0.221s] Level 1:colcon.colcon_core.package_identification:_identify(launch/__pycache__) by extension 'python'
[0.221s] Level 1:colcon.colcon_core.package_identification:_identify(launch/__pycache__) by extensions ['python_setup_py']
[0.221s] Level 1:colcon.colcon_core.package_identification:_identify(launch/__pycache__) by extension 'python_setup_py'
[0.221s] Level 1:colcon.colcon_core.package_identification:_identify(log) by extensions ['ignore', 'ignore_ament_install']
[0.221s] Level 1:colcon.colcon_core.package_identification:_identify(log) by extension 'ignore'
[0.221s] Level 1:colcon.colcon_core.package_identification:_identify(log) ignored
[0.221s] Level 1:colcon.colcon_core.package_identification:_identify(py) by extensions ['ignore', 'ignore_ament_install']
[0.221s] Level 1:colcon.colcon_core.package_identification:_identify(py) by extension 'ignore'
[0.221s] Level 1:colcon.colcon_core.package_identification:_identify(py) by extension 'ignore_ament_install'
[0.221s] Level 1:colcon.colcon_core.package_identification:_identify(py) by extensions ['colcon_pkg']
[0.221s] Level 1:colcon.colcon_core.package_identification:_identify(py) by extension 'colcon_pkg'
[0.221s] Level 1:colcon.colcon_core.package_identification:_identify(py) by extensions ['colcon_meta']
[0.221s] Level 1:colcon.colcon_core.package_identification:_identify(py) by extension 'colcon_meta'
[0.221s] Level 1:colcon.colcon_core.package_identification:_identify(py) by extensions ['ros']
[0.221s] Level 1:colcon.colcon_core.package_identification:_identify(py) by extension 'ros'
[0.221s] Level 1:colcon.colcon_core.package_identification:_identify(py) by extensions ['cmake', 'python']
[0.221s] Level 1:colcon.colcon_core.package_identification:_identify(py) by extension 'cmake'
[0.221s] Level 1:colcon.colcon_core.package_identification:_identify(py) by extension 'python'
[0.221s] Level 1:colcon.colcon_core.package_identification:_identify(py) by extensions ['python_setup_py']
[0.221s] Level 1:colcon.colcon_core.package_identification:_identify(py) by extension 'python_setup_py'
[0.221s] Level 1:colcon.colcon_core.package_identification:_identify(py/__pycache__) by extensions ['ignore', 'ignore_ament_install']
[0.222s] Level 1:colcon.colcon_core.package_identification:_identify(py/__pycache__) by extension 'ignore'
[0.222s] Level 1:colcon.colcon_core.package_identification:_identify(py/__pycache__) by extension 'ignore_ament_install'
[0.222s] Level 1:colcon.colcon_core.package_identification:_identify(py/__pycache__) by extensions ['colcon_pkg']
[0.222s] Level 1:colcon.colcon_core.package_identification:_identify(py/__pycache__) by extension 'colcon_pkg'
[0.222s] Level 1:colcon.colcon_core.package_identification:_identify(py/__pycache__) by extensions ['colcon_meta']
[0.222s] Level 1:colcon.colcon_core.package_identification:_identify(py/__pycache__) by extension 'colcon_meta'
[0.222s] Level 1:colcon.colcon_core.package_identification:_identify(py/__pycache__) by extensions ['ros']
[0.222s] Level 1:colcon.colcon_core.package_identification:_identify(py/__pycache__) by extension 'ros'
[0.222s] Level 1:colcon.colcon_core.package_identification:_identify(py/__pycache__) by extensions ['cmake', 'python']
[0.222s] Level 1:colcon.colcon_core.package_identification:_identify(py/__pycache__) by extension 'cmake'
[0.222s] Level 1:colcon.colcon_core.package_identification:_identify(py/__pycache__) by extension 'python'
[0.222s] Level 1:colcon.colcon_core.package_identification:_identify(py/__pycache__) by extensions ['python_setup_py']
[0.222s] Level 1:colcon.colcon_core.package_identification:_identify(py/__pycache__) by extension 'python_setup_py'
[0.222s] Level 1:colcon.colcon_core.package_identification:_identify(py/pta) by extensions ['ignore', 'ignore_ament_install']
[0.222s] Level 1:colcon.colcon_core.package_identification:_identify(py/pta) by extension 'ignore'
[0.222s] Level 1:colcon.colcon_core.package_identification:_identify(py/pta) by extension 'ignore_ament_install'
[0.222s] Level 1:colcon.colcon_core.package_identification:_identify(py/pta) by extensions ['colcon_pkg']
[0.222s] Level 1:colcon.colcon_core.package_identification:_identify(py/pta) by extension 'colcon_pkg'
[0.222s] Level 1:colcon.colcon_core.package_identification:_identify(py/pta) by extensions ['colcon_meta']
[0.222s] Level 1:colcon.colcon_core.package_identification:_identify(py/pta) by extension 'colcon_meta'
[0.222s] Level 1:colcon.colcon_core.package_identification:_identify(py/pta) by extensions ['ros']
[0.222s] Level 1:colcon.colcon_core.package_identification:_identify(py/pta) by extension 'ros'
[0.222s] Level 1:colcon.colcon_core.package_identification:_identify(py/pta) by extensions ['cmake', 'python']
[0.222s] Level 1:colcon.colcon_core.package_identification:_identify(py/pta) by extension 'cmake'
[0.222s] Level 1:colcon.colcon_core.package_identification:_identify(py/pta) by extension 'python'
[0.222s] Level 1:colcon.colcon_core.package_identification:_identify(py/pta) by extensions ['python_setup_py']
[0.222s] Level 1:colcon.colcon_core.package_identification:_identify(py/pta) by extension 'python_setup_py'
[0.222s] Level 1:colcon.colcon_core.package_identification:_identify(py/pta/pta2) by extensions ['ignore', 'ignore_ament_install']
[0.222s] Level 1:colcon.colcon_core.package_identification:_identify(py/pta/pta2) by extension 'ignore'
[0.222s] Level 1:colcon.colcon_core.package_identification:_identify(py/pta/pta2) by extension 'ignore_ament_install'
[0.223s] Level 1:colcon.colcon_core.package_identification:_identify(py/pta/pta2) by extensions ['colcon_pkg']
[0.223s] Level 1:colcon.colcon_core.package_identification:_identify(py/pta/pta2) by extension 'colcon_pkg'
[0.223s] Level 1:colcon.colcon_core.package_identification:_identify(py/pta/pta2) by extensions ['colcon_meta']
[0.223s] Level 1:colcon.colcon_core.package_identification:_identify(py/pta/pta2) by extension 'colcon_meta'
[0.223s] Level 1:colcon.colcon_core.package_identification:_identify(py/pta/pta2) by extensions ['ros']
[0.223s] Level 1:colcon.colcon_core.package_identification:_identify(py/pta/pta2) by extension 'ros'
[0.223s] Level 1:colcon.colcon_core.package_identification:_identify(py/pta/pta2) by extensions ['cmake', 'python']
[0.223s] Level 1:colcon.colcon_core.package_identification:_identify(py/pta/pta2) by extension 'cmake'
[0.223s] Level 1:colcon.colcon_core.package_identification:_identify(py/pta/pta2) by extension 'python'
[0.223s] Level 1:colcon.colcon_core.package_identification:_identify(py/pta/pta2) by extensions ['python_setup_py']
[0.223s] Level 1:colcon.colcon_core.package_identification:_identify(py/pta/pta2) by extension 'python_setup_py'
[0.223s] Level 1:colcon.colcon_core.package_identification:_identify(py/test) by extensions ['ignore', 'ignore_ament_install']
[0.223s] Level 1:colcon.colcon_core.package_identification:_identify(py/test) by extension 'ignore'
[0.223s] Level 1:colcon.colcon_core.package_identification:_identify(py/test) by extension 'ignore_ament_install'
[0.223s] Level 1:colcon.colcon_core.package_identification:_identify(py/test) by extensions ['colcon_pkg']
[0.223s] Level 1:colcon.colcon_core.package_identification:_identify(py/test) by extension 'colcon_pkg'
[0.223s] Level 1:colcon.colcon_core.package_identification:_identify(py/test) by extensions ['colcon_meta']
[0.223s] Level 1:colcon.colcon_core.package_identification:_identify(py/test) by extension 'colcon_meta'
[0.223s] Level 1:colcon.colcon_core.package_identification:_identify(py/test) by extensions ['ros']
[0.223s] Level 1:colcon.colcon_core.package_identification:_identify(py/test) by extension 'ros'
[0.223s] Level 1:colcon.colcon_core.package_identification:_identify(py/test) by extensions ['cmake', 'python']
[0.223s] Level 1:colcon.colcon_core.package_identification:_identify(py/test) by extension 'cmake'
[0.223s] Level 1:colcon.colcon_core.package_identification:_identify(py/test) by extension 'python'
[0.223s] Level 1:colcon.colcon_core.package_identification:_identify(py/test) by extensions ['python_setup_py']
[0.223s] Level 1:colcon.colcon_core.package_identification:_identify(py/test) by extension 'python_setup_py'
[0.223s] Level 1:colcon.colcon_core.package_identification:_identify(src) by extensions ['ignore', 'ignore_ament_install']
[0.223s] Level 1:colcon.colcon_core.package_identification:_identify(src) by extension 'ignore'
[0.223s] Level 1:colcon.colcon_core.package_identification:_identify(src) by extension 'ignore_ament_install'
[0.223s] Level 1:colcon.colcon_core.package_identification:_identify(src) by extensions ['colcon_pkg']
[0.223s] Level 1:colcon.colcon_core.package_identification:_identify(src) by extension 'colcon_pkg'
[0.223s] Level 1:colcon.colcon_core.package_identification:_identify(src) by extensions ['colcon_meta']
[0.223s] Level 1:colcon.colcon_core.package_identification:_identify(src) by extension 'colcon_meta'
[0.223s] Level 1:colcon.colcon_core.package_identification:_identify(src) by extensions ['ros']
[0.223s] Level 1:colcon.colcon_core.package_identification:_identify(src) by extension 'ros'
[0.223s] Level 1:colcon.colcon_core.package_identification:_identify(src) by extensions ['cmake', 'python']
[0.223s] Level 1:colcon.colcon_core.package_identification:_identify(src) by extension 'cmake'
[0.223s] Level 1:colcon.colcon_core.package_identification:_identify(src) by extension 'python'
[0.223s] Level 1:colcon.colcon_core.package_identification:_identify(src) by extensions ['python_setup_py']
[0.223s] Level 1:colcon.colcon_core.package_identification:_identify(src) by extension 'python_setup_py'
[0.223s] Level 1:colcon.colcon_core.package_identification:_identify(src/display) by extensions ['ignore', 'ignore_ament_install']
[0.224s] Level 1:colcon.colcon_core.package_identification:_identify(src/display) by extension 'ignore'
[0.224s] Level 1:colcon.colcon_core.package_identification:_identify(src/display) by extension 'ignore_ament_install'
[0.224s] Level 1:colcon.colcon_core.package_identification:_identify(src/display) by extensions ['colcon_pkg']
[0.224s] Level 1:colcon.colcon_core.package_identification:_identify(src/display) by extension 'colcon_pkg'
[0.224s] Level 1:colcon.colcon_core.package_identification:_identify(src/display) by extensions ['colcon_meta']
[0.224s] Level 1:colcon.colcon_core.package_identification:_identify(src/display) by extension 'colcon_meta'
[0.224s] Level 1:colcon.colcon_core.package_identification:_identify(src/display) by extensions ['ros']
[0.224s] Level 1:colcon.colcon_core.package_identification:_identify(src/display) by extension 'ros'
[0.226s] DEBUG:colcon.colcon_core.package_identification:Package 'src/display' with type 'ros.ament_cmake' and name 'display'
[0.226s] Level 1:colcon.colcon_core.package_identification:_identify(src/hik_camera_ros2_driver) by extensions ['ignore', 'ignore_ament_install']
[0.226s] Level 1:colcon.colcon_core.package_identification:_identify(src/hik_camera_ros2_driver) by extension 'ignore'
[0.226s] Level 1:colcon.colcon_core.package_identification:_identify(src/hik_camera_ros2_driver) by extension 'ignore_ament_install'
[0.226s] Level 1:colcon.colcon_core.package_identification:_identify(src/hik_camera_ros2_driver) by extensions ['colcon_pkg']
[0.226s] Level 1:colcon.colcon_core.package_identification:_identify(src/hik_camera_ros2_driver) by extension 'colcon_pkg'
[0.226s] Level 1:colcon.colcon_core.package_identification:_identify(src/hik_camera_ros2_driver) by extensions ['colcon_meta']
[0.226s] Level 1:colcon.colcon_core.package_identification:_identify(src/hik_camera_ros2_driver) by extension 'colcon_meta'
[0.226s] Level 1:colcon.colcon_core.package_identification:_identify(src/hik_camera_ros2_driver) by extensions ['ros']
[0.226s] Level 1:colcon.colcon_core.package_identification:_identify(src/hik_camera_ros2_driver) by extension 'ros'
[0.227s] DEBUG:colcon.colcon_core.package_identification:Package 'src/hik_camera_ros2_driver' with type 'ros.ament_cmake' and name 'hik_camera_ros2_driver'
[0.227s] Level 1:colcon.colcon_core.package_identification:_identify(src/resolving) by extensions ['ignore', 'ignore_ament_install']
[0.227s] Level 1:colcon.colcon_core.package_identification:_identify(src/resolving) by extension 'ignore'
[0.227s] Level 1:colcon.colcon_core.package_identification:_identify(src/resolving) by extension 'ignore_ament_install'
[0.227s] Level 1:colcon.colcon_core.package_identification:_identify(src/resolving) by extensions ['colcon_pkg']
[0.227s] Level 1:colcon.colcon_core.package_identification:_identify(src/resolving) by extension 'colcon_pkg'
[0.227s] Level 1:colcon.colcon_core.package_identification:_identify(src/resolving) by extensions ['colcon_meta']
[0.227s] Level 1:colcon.colcon_core.package_identification:_identify(src/resolving) by extension 'colcon_meta'
[0.227s] Level 1:colcon.colcon_core.package_identification:_identify(src/resolving) by extensions ['ros']
[0.227s] Level 1:colcon.colcon_core.package_identification:_identify(src/resolving) by extension 'ros'
[0.229s] DEBUG:colcon.colcon_core.package_identification:Package 'src/resolving' with type 'ros.ament_cmake' and name 'resolve'
[0.229s] Level 1:colcon.colcon_core.package_identification:_identify(src/serial) by extensions ['ignore', 'ignore_ament_install']
[0.229s] Level 1:colcon.colcon_core.package_identification:_identify(src/serial) by extension 'ignore'
[0.229s] Level 1:colcon.colcon_core.package_identification:_identify(src/serial) by extension 'ignore_ament_install'
[0.229s] Level 1:colcon.colcon_core.package_identification:_identify(src/serial) by extensions ['colcon_pkg']
[0.229s] Level 1:colcon.colcon_core.package_identification:_identify(src/serial) by extension 'colcon_pkg'
[0.229s] Level 1:colcon.colcon_core.package_identification:_identify(src/serial) by extensions ['colcon_meta']
[0.229s] Level 1:colcon.colcon_core.package_identification:_identify(src/serial) by extension 'colcon_meta'
[0.229s] Level 1:colcon.colcon_core.package_identification:_identify(src/serial) by extensions ['ros']
[0.229s] Level 1:colcon.colcon_core.package_identification:_identify(src/serial) by extension 'ros'
[0.230s] DEBUG:colcon.colcon_core.package_identification:Package 'src/serial' with type 'ros.ament_cmake' and name 'serial'
[0.230s] Level 1:colcon.colcon_core.package_identification:_identify(src/vision_interfaces) by extensions ['ignore', 'ignore_ament_install']
[0.231s] Level 1:colcon.colcon_core.package_identification:_identify(src/vision_interfaces) by extension 'ignore'
[0.231s] Level 1:colcon.colcon_core.package_identification:_identify(src/vision_interfaces) by extension 'ignore_ament_install'
[0.231s] Level 1:colcon.colcon_core.package_identification:_identify(src/vision_interfaces) by extensions ['colcon_pkg']
[0.231s] Level 1:colcon.colcon_core.package_identification:_identify(src/vision_interfaces) by extension 'colcon_pkg'
[0.231s] Level 1:colcon.colcon_core.package_identification:_identify(src/vision_interfaces) by extensions ['colcon_meta']
[0.231s] Level 1:colcon.colcon_core.package_identification:_identify(src/vision_interfaces) by extension 'colcon_meta'
[0.231s] Level 1:colcon.colcon_core.package_identification:_identify(src/vision_interfaces) by extensions ['ros']
[0.231s] Level 1:colcon.colcon_core.package_identification:_identify(src/vision_interfaces) by extension 'ros'
[0.231s] DEBUG:colcon.colcon_core.package_identification:Package 'src/vision_interfaces' with type 'ros.ament_cmake' and name 'vision_interfaces'
[0.231s] Level 1:colcon.colcon_core.package_discovery:discover_packages(recursive) using defaults
[0.231s] Level 1:colcon.colcon_core.package_discovery:discover_packages(ignore) discover
[0.231s] Level 1:colcon.colcon_core.package_discovery:discover_packages(ignore) using defaults
[0.231s] Level 1:colcon.colcon_core.package_discovery:discover_packages(path) discover
[0.231s] Level 1:colcon.colcon_core.package_discovery:discover_packages(path) using defaults
[0.284s] Level 1:colcon.colcon_core.package_discovery:discover_packages(prefix_path) check parameters
[0.284s] Level 1:colcon.colcon_core.package_discovery:discover_packages(prefix_path) discover
[0.286s] DEBUG:colcon.colcon_installed_package_information.package_discovery:Found 5 installed packages in /home/new-sentry/Desktop/boom_ws/install
[0.287s] DEBUG:colcon.colcon_installed_package_information.package_discovery:Found 333 installed packages in /opt/ros/humble
[0.288s] Level 1:colcon.colcon_core.package_discovery:discover_packages(prefix_path) using defaults
[0.322s] Level 5:colcon.colcon_core.verb:set package 'display' build argument 'cmake_args' from command line to 'None'
[0.322s] Level 5:colcon.colcon_core.verb:set package 'display' build argument 'cmake_target' from command line to 'None'
[0.322s] Level 5:colcon.colcon_core.verb:set package 'display' build argument 'cmake_target_skip_unavailable' from command line to 'False'
[0.322s] Level 5:colcon.colcon_core.verb:set package 'display' build argument 'cmake_clean_cache' from command line to 'False'
[0.322s] Level 5:colcon.colcon_core.verb:set package 'display' build argument 'cmake_clean_first' from command line to 'False'
[0.323s] Level 5:colcon.colcon_core.verb:set package 'display' build argument 'cmake_force_configure' from command line to 'False'
[0.323s] Level 5:colcon.colcon_core.verb:set package 'display' build argument 'ament_cmake_args' from command line to 'None'
[0.323s] Level 5:colcon.colcon_core.verb:set package 'display' build argument 'catkin_cmake_args' from command line to 'None'
[0.323s] Level 5:colcon.colcon_core.verb:set package 'display' build argument 'catkin_skip_building_tests' from command line to 'False'
[0.323s] DEBUG:colcon.colcon_core.verb:Building package 'display' with the following arguments: {'ament_cmake_args': None, 'build_base': '/home/new-sentry/Desktop/boom_ws/build/display', 'catkin_cmake_args': None, 'catkin_skip_building_tests': False, 'cmake_args': None, 'cmake_clean_cache': False, 'cmake_clean_first': False, 'cmake_force_configure': False, 'cmake_target': None, 'cmake_target_skip_unavailable': False, 'install_base': '/home/new-sentry/Desktop/boom_ws/install/display', 'merge_install': False, 'path': '/home/new-sentry/Desktop/boom_ws/src/display', 'symlink_install': False, 'test_result_base': None}
[0.323s] Level 5:colcon.colcon_core.verb:set package 'hik_camera_ros2_driver' build argument 'cmake_args' from command line to 'None'
[0.323s] Level 5:colcon.colcon_core.verb:set package 'hik_camera_ros2_driver' build argument 'cmake_target' from command line to 'None'
[0.323s] Level 5:colcon.colcon_core.verb:set package 'hik_camera_ros2_driver' build argument 'cmake_target_skip_unavailable' from command line to 'False'
[0.323s] Level 5:colcon.colcon_core.verb:set package 'hik_camera_ros2_driver' build argument 'cmake_clean_cache' from command line to 'False'
[0.323s] Level 5:colcon.colcon_core.verb:set package 'hik_camera_ros2_driver' build argument 'cmake_clean_first' from command line to 'False'
[0.323s] Level 5:colcon.colcon_core.verb:set package 'hik_camera_ros2_driver' build argument 'cmake_force_configure' from command line to 'False'
[0.323s] Level 5:colcon.colcon_core.verb:set package 'hik_camera_ros2_driver' build argument 'ament_cmake_args' from command line to 'None'
[0.323s] Level 5:colcon.colcon_core.verb:set package 'hik_camera_ros2_driver' build argument 'catkin_cmake_args' from command line to 'None'
[0.323s] Level 5:colcon.colcon_core.verb:set package 'hik_camera_ros2_driver' build argument 'catkin_skip_building_tests' from command line to 'False'
[0.323s] DEBUG:colcon.colcon_core.verb:Building package 'hik_camera_ros2_driver' with the following arguments: {'ament_cmake_args': None, 'build_base': '/home/new-sentry/Desktop/boom_ws/build/hik_camera_ros2_driver', 'catkin_cmake_args': None, 'catkin_skip_building_tests': False, 'cmake_args': None, 'cmake_clean_cache': False, 'cmake_clean_first': False, 'cmake_force_configure': False, 'cmake_target': None, 'cmake_target_skip_unavailable': False, 'install_base': '/home/new-sentry/Desktop/boom_ws/install/hik_camera_ros2_driver', 'merge_install': False, 'path': '/home/new-sentry/Desktop/boom_ws/src/hik_camera_ros2_driver', 'symlink_install': False, 'test_result_base': None}
[0.323s] Level 5:colcon.colcon_core.verb:set package 'vision_interfaces' build argument 'cmake_args' from command line to 'None'
[0.323s] Level 5:colcon.colcon_core.verb:set package 'vision_interfaces' build argument 'cmake_target' from command line to 'None'
[0.323s] Level 5:colcon.colcon_core.verb:set package 'vision_interfaces' build argument 'cmake_target_skip_unavailable' from command line to 'False'
[0.323s] Level 5:colcon.colcon_core.verb:set package 'vision_interfaces' build argument 'cmake_clean_cache' from command line to 'False'
[0.323s] Level 5:colcon.colcon_core.verb:set package 'vision_interfaces' build argument 'cmake_clean_first' from command line to 'False'
[0.323s] Level 5:colcon.colcon_core.verb:set package 'vision_interfaces' build argument 'cmake_force_configure' from command line to 'False'
[0.323s] Level 5:colcon.colcon_core.verb:set package 'vision_interfaces' build argument 'ament_cmake_args' from command line to 'None'
[0.323s] Level 5:colcon.colcon_core.verb:set package 'vision_interfaces' build argument 'catkin_cmake_args' from command line to 'None'
[0.323s] Level 5:colcon.colcon_core.verb:set package 'vision_interfaces' build argument 'catkin_skip_building_tests' from command line to 'False'
[0.323s] DEBUG:colcon.colcon_core.verb:Building package 'vision_interfaces' with the following arguments: {'ament_cmake_args': None, 'build_base': '/home/new-sentry/Desktop/boom_ws/build/vision_interfaces', 'catkin_cmake_args': None, 'catkin_skip_building_tests': False, 'cmake_args': None, 'cmake_clean_cache': False, 'cmake_clean_first': False, 'cmake_force_configure': False, 'cmake_target': None, 'cmake_target_skip_unavailable': False, 'install_base': '/home/new-sentry/Desktop/boom_ws/install/vision_interfaces', 'merge_install': False, 'path': '/home/new-sentry/Desktop/boom_ws/src/vision_interfaces', 'symlink_install': False, 'test_result_base': None}
[0.324s] Level 5:colcon.colcon_core.verb:set package 'resolve' build argument 'cmake_args' from command line to 'None'
[0.324s] Level 5:colcon.colcon_core.verb:set package 'resolve' build argument 'cmake_target' from command line to 'None'
[0.324s] Level 5:colcon.colcon_core.verb:set package 'resolve' build argument 'cmake_target_skip_unavailable' from command line to 'False'
[0.324s] Level 5:colcon.colcon_core.verb:set package 'resolve' build argument 'cmake_clean_cache' from command line to 'False'
[0.324s] Level 5:colcon.colcon_core.verb:set package 'resolve' build argument 'cmake_clean_first' from command line to 'False'
[0.324s] Level 5:colcon.colcon_core.verb:set package 'resolve' build argument 'cmake_force_configure' from command line to 'False'
[0.324s] Level 5:colcon.colcon_core.verb:set package 'resolve' build argument 'ament_cmake_args' from command line to 'None'
[0.324s] Level 5:colcon.colcon_core.verb:set package 'resolve' build argument 'catkin_cmake_args' from command line to 'None'
[0.324s] Level 5:colcon.colcon_core.verb:set package 'resolve' build argument 'catkin_skip_building_tests' from command line to 'False'
[0.324s] DEBUG:colcon.colcon_core.verb:Building package 'resolve' with the following arguments: {'ament_cmake_args': None, 'build_base': '/home/new-sentry/Desktop/boom_ws/build/resolve', 'catkin_cmake_args': None, 'catkin_skip_building_tests': False, 'cmake_args': None, 'cmake_clean_cache': False, 'cmake_clean_first': False, 'cmake_force_configure': False, 'cmake_target': None, 'cmake_target_skip_unavailable': False, 'install_base': '/home/new-sentry/Desktop/boom_ws/install/resolve', 'merge_install': False, 'path': '/home/new-sentry/Desktop/boom_ws/src/resolving', 'symlink_install': False, 'test_result_base': None}
[0.324s] Level 5:colcon.colcon_core.verb:set package 'serial' build argument 'cmake_args' from command line to 'None'
[0.324s] Level 5:colcon.colcon_core.verb:set package 'serial' build argument 'cmake_target' from command line to 'None'
[0.324s] Level 5:colcon.colcon_core.verb:set package 'serial' build argument 'cmake_target_skip_unavailable' from command line to 'False'
[0.324s] Level 5:colcon.colcon_core.verb:set package 'serial' build argument 'cmake_clean_cache' from command line to 'False'
[0.324s] Level 5:colcon.colcon_core.verb:set package 'serial' build argument 'cmake_clean_first' from command line to 'False'
[0.324s] Level 5:colcon.colcon_core.verb:set package 'serial' build argument 'cmake_force_configure' from command line to 'False'
[0.324s] Level 5:colcon.colcon_core.verb:set package 'serial' build argument 'ament_cmake_args' from command line to 'None'
[0.324s] Level 5:colcon.colcon_core.verb:set package 'serial' build argument 'catkin_cmake_args' from command line to 'None'
[0.324s] Level 5:colcon.colcon_core.verb:set package 'serial' build argument 'catkin_skip_building_tests' from command line to 'False'
[0.324s] DEBUG:colcon.colcon_core.verb:Building package 'serial' with the following arguments: {'ament_cmake_args': None, 'build_base': '/home/new-sentry/Desktop/boom_ws/build/serial', 'catkin_cmake_args': None, 'catkin_skip_building_tests': False, 'cmake_args': None, 'cmake_clean_cache': False, 'cmake_clean_first': False, 'cmake_force_configure': False, 'cmake_target': None, 'cmake_target_skip_unavailable': False, 'install_base': '/home/new-sentry/Desktop/boom_ws/install/serial', 'merge_install': False, 'path': '/home/new-sentry/Desktop/boom_ws/src/serial', 'symlink_install': False, 'test_result_base': None}
[0.324s] INFO:colcon.colcon_core.executor:Executing jobs using 'parallel' executor
[0.325s] DEBUG:colcon.colcon_parallel_executor.executor.parallel:run_until_complete
[0.326s] INFO:colcon.colcon_ros.task.ament_cmake.build:Building ROS package in '/home/new-sentry/Desktop/boom_ws/src/vision_interfaces' with build type 'ament_cmake'
[0.326s] INFO:colcon.colcon_cmake.task.cmake.build:Building CMake package in '/home/new-sentry/Desktop/boom_ws/src/vision_interfaces'
[0.328s] INFO:colcon.colcon_core.plugin_system:Skipping extension 'colcon_core.shell.bat': Not used on non-Windows systems
[0.328s] INFO:colcon.colcon_core.shell:Skip shell extension 'powershell' for command environment: Not usable outside of PowerShell
[0.328s] DEBUG:colcon.colcon_core.shell:Skip shell extension 'dsv' for command environment
[0.334s] INFO:colcon.colcon_ros.task.ament_cmake.build:Building ROS package in '/home/new-sentry/Desktop/boom_ws/src/display' with build type 'ament_cmake'
[0.334s] INFO:colcon.colcon_cmake.task.cmake.build:Building CMake package in '/home/new-sentry/Desktop/boom_ws/src/display'
[0.335s] INFO:colcon.colcon_core.shell:Skip shell extension 'powershell' for command environment: Not usable outside of PowerShell
[0.335s] DEBUG:colcon.colcon_core.shell:Skip shell extension 'dsv' for command environment
[0.339s] INFO:colcon.colcon_ros.task.ament_cmake.build:Building ROS package in '/home/new-sentry/Desktop/boom_ws/src/hik_camera_ros2_driver' with build type 'ament_cmake'
[0.340s] INFO:colcon.colcon_cmake.task.cmake.build:Building CMake package in '/home/new-sentry/Desktop/boom_ws/src/hik_camera_ros2_driver'
[0.340s] INFO:colcon.colcon_core.shell:Skip shell extension 'powershell' for command environment: Not usable outside of PowerShell
[0.340s] DEBUG:colcon.colcon_core.shell:Skip shell extension 'dsv' for command environment
[0.356s] DEBUG:colcon.colcon_core.event_handler.log_command:Invoking command in '/home/new-sentry/Desktop/boom_ws/build/vision_interfaces': CMAKE_PREFIX_PATH=${CMAKE_PREFIX_PATH}:/opt/ros/humble /usr/local/bin/cmake --build /home/new-sentry/Desktop/boom_ws/build/vision_interfaces -- -j16 -l16
[0.361s] DEBUG:colcon.colcon_core.event_handler.log_command:Invoking command in '/home/new-sentry/Desktop/boom_ws/build/display': CMAKE_PREFIX_PATH=${CMAKE_PREFIX_PATH}:/opt/ros/humble /usr/local/bin/cmake --build /home/new-sentry/Desktop/boom_ws/build/display -- -j16 -l16
[0.370s] DEBUG:colcon.colcon_core.event_handler.log_command:Invoking command in '/home/new-sentry/Desktop/boom_ws/build/hik_camera_ros2_driver': CMAKE_PREFIX_PATH=${CMAKE_PREFIX_PATH}:/opt/ros/humble /usr/local/bin/cmake --build /home/new-sentry/Desktop/boom_ws/build/hik_camera_ros2_driver -- -j16 -l16
[0.438s] DEBUG:colcon.colcon_core.event_handler.log_command:Invoked command in '/home/new-sentry/Desktop/boom_ws/build/display' returned '0': CMAKE_PREFIX_PATH=${CMAKE_PREFIX_PATH}:/opt/ros/humble /usr/local/bin/cmake --build /home/new-sentry/Desktop/boom_ws/build/display -- -j16 -l16
[0.449s] DEBUG:colcon.colcon_core.event_handler.log_command:Invoking command in '/home/new-sentry/Desktop/boom_ws/build/display': CMAKE_PREFIX_PATH=${CMAKE_PREFIX_PATH}:/opt/ros/humble /usr/local/bin/cmake --install /home/new-sentry/Desktop/boom_ws/build/display
[0.453s] DEBUG:colcon.colcon_core.event_handler.log_command:Invoked command in '/home/new-sentry/Desktop/boom_ws/build/hik_camera_ros2_driver' returned '0': CMAKE_PREFIX_PATH=${CMAKE_PREFIX_PATH}:/opt/ros/humble /usr/local/bin/cmake --build /home/new-sentry/Desktop/boom_ws/build/hik_camera_ros2_driver -- -j16 -l16
[0.455s] DEBUG:colcon.colcon_core.event_handler.log_command:Invoking command in '/home/new-sentry/Desktop/boom_ws/build/hik_camera_ros2_driver': CMAKE_PREFIX_PATH=${CMAKE_PREFIX_PATH}:/opt/ros/humble /usr/local/bin/cmake --install /home/new-sentry/Desktop/boom_ws/build/hik_camera_ros2_driver
[0.462s] Level 1:colcon.colcon_core.environment:create_environment_scripts_only(display)
[0.464s] DEBUG:colcon.colcon_core.event_handler.log_command:Invoked command in '/home/new-sentry/Desktop/boom_ws/build/display' returned '0': CMAKE_PREFIX_PATH=${CMAKE_PREFIX_PATH}:/opt/ros/humble /usr/local/bin/cmake --install /home/new-sentry/Desktop/boom_ws/build/display
[0.471s] Level 1:colcon.colcon_core.environment:checking '/home/new-sentry/Desktop/boom_ws/install/display' for CMake module files
[0.472s] Level 1:colcon.colcon_core.environment:checking '/home/new-sentry/Desktop/boom_ws/install/display' for CMake config files
[0.472s] Level 1:colcon.colcon_core.shell:create_environment_hook('display', 'cmake_prefix_path')
[0.473s] INFO:colcon.colcon_core.shell:Creating environment hook '/home/new-sentry/Desktop/boom_ws/install/display/share/display/hook/cmake_prefix_path.ps1'
[0.474s] INFO:colcon.colcon_core.shell:Creating environment descriptor '/home/new-sentry/Desktop/boom_ws/install/display/share/display/hook/cmake_prefix_path.dsv'
[0.474s] INFO:colcon.colcon_core.shell:Creating environment hook '/home/new-sentry/Desktop/boom_ws/install/display/share/display/hook/cmake_prefix_path.sh'
[0.476s] Level 1:colcon.colcon_core.environment:checking '/home/new-sentry/Desktop/boom_ws/install/display/lib'
[0.477s] Level 1:colcon.colcon_core.environment:checking '/home/new-sentry/Desktop/boom_ws/install/display/bin'
[0.477s] Level 1:colcon.colcon_core.environment:checking '/home/new-sentry/Desktop/boom_ws/install/display/lib/pkgconfig/display.pc'
[0.477s] Level 1:colcon.colcon_core.environment:checking '/home/new-sentry/Desktop/boom_ws/install/display/lib/python3.10/site-packages'
[0.477s] Level 1:colcon.colcon_core.environment:checking '/home/new-sentry/Desktop/boom_ws/install/display/bin'
[0.478s] INFO:colcon.colcon_core.shell:Creating package script '/home/new-sentry/Desktop/boom_ws/install/display/share/display/package.ps1'
[0.480s] INFO:colcon.colcon_core.shell:Creating package descriptor '/home/new-sentry/Desktop/boom_ws/install/display/share/display/package.dsv'
[0.481s] INFO:colcon.colcon_core.shell:Creating package script '/home/new-sentry/Desktop/boom_ws/install/display/share/display/package.sh'
[0.482s] INFO:colcon.colcon_core.shell:Creating package script '/home/new-sentry/Desktop/boom_ws/install/display/share/display/package.bash'
[0.482s] INFO:colcon.colcon_core.shell:Creating package script '/home/new-sentry/Desktop/boom_ws/install/display/share/display/package.zsh'
[0.484s] Level 1:colcon.colcon_core.environment:create_file_with_runtime_dependencies(/home/new-sentry/Desktop/boom_ws/install/display/share/colcon-core/packages/display)
[0.485s] Level 1:colcon.colcon_core.environment:create_environment_scripts_only(display)
[0.485s] Level 1:colcon.colcon_core.environment:checking '/home/new-sentry/Desktop/boom_ws/install/display' for CMake module files
[0.486s] Level 1:colcon.colcon_core.environment:checking '/home/new-sentry/Desktop/boom_ws/install/display' for CMake config files
[0.486s] Level 1:colcon.colcon_core.shell:create_environment_hook('display', 'cmake_prefix_path')
[0.486s] INFO:colcon.colcon_core.shell:Creating environment hook '/home/new-sentry/Desktop/boom_ws/install/display/share/display/hook/cmake_prefix_path.ps1'
[0.487s] INFO:colcon.colcon_core.shell:Creating environment descriptor '/home/new-sentry/Desktop/boom_ws/install/display/share/display/hook/cmake_prefix_path.dsv'
[0.487s] INFO:colcon.colcon_core.shell:Creating environment hook '/home/new-sentry/Desktop/boom_ws/install/display/share/display/hook/cmake_prefix_path.sh'
[0.488s] Level 1:colcon.colcon_core.environment:checking '/home/new-sentry/Desktop/boom_ws/install/display/lib'
[0.488s] Level 1:colcon.colcon_core.environment:checking '/home/new-sentry/Desktop/boom_ws/install/display/bin'
[0.488s] Level 1:colcon.colcon_core.environment:checking '/home/new-sentry/Desktop/boom_ws/install/display/lib/pkgconfig/display.pc'
[0.488s] Level 1:colcon.colcon_core.environment:checking '/home/new-sentry/Desktop/boom_ws/install/display/lib/python3.10/site-packages'
[0.488s] Level 1:colcon.colcon_core.environment:checking '/home/new-sentry/Desktop/boom_ws/install/display/bin'
[0.489s] INFO:colcon.colcon_core.shell:Creating package script '/home/new-sentry/Desktop/boom_ws/install/display/share/display/package.ps1'
[0.490s] INFO:colcon.colcon_core.shell:Creating package descriptor '/home/new-sentry/Desktop/boom_ws/install/display/share/display/package.dsv'
[0.490s] INFO:colcon.colcon_core.shell:Creating package script '/home/new-sentry/Desktop/boom_ws/install/display/share/display/package.sh'
[0.490s] INFO:colcon.colcon_core.shell:Creating package script '/home/new-sentry/Desktop/boom_ws/install/display/share/display/package.bash'
[0.491s] INFO:colcon.colcon_core.shell:Creating package script '/home/new-sentry/Desktop/boom_ws/install/display/share/display/package.zsh'
[0.491s] Level 1:colcon.colcon_core.environment:create_file_with_runtime_dependencies(/home/new-sentry/Desktop/boom_ws/install/display/share/colcon-core/packages/display)
[0.494s] Level 1:colcon.colcon_core.environment:create_environment_scripts_only(hik_camera_ros2_driver)
[0.495s] Level 1:colcon.colcon_core.environment:checking '/home/new-sentry/Desktop/boom_ws/install/hik_camera_ros2_driver' for CMake module files
[0.496s] DEBUG:colcon.colcon_core.event_handler.log_command:Invoked command in '/home/new-sentry/Desktop/boom_ws/build/hik_camera_ros2_driver' returned '0': CMAKE_PREFIX_PATH=${CMAKE_PREFIX_PATH}:/opt/ros/humble /usr/local/bin/cmake --install /home/new-sentry/Desktop/boom_ws/build/hik_camera_ros2_driver
[0.496s] Level 1:colcon.colcon_core.environment:checking '/home/new-sentry/Desktop/boom_ws/install/hik_camera_ros2_driver' for CMake config files
[0.496s] Level 1:colcon.colcon_core.shell:create_environment_hook('hik_camera_ros2_driver', 'cmake_prefix_path')
[0.497s] INFO:colcon.colcon_core.shell:Creating environment hook '/home/new-sentry/Desktop/boom_ws/install/hik_camera_ros2_driver/share/hik_camera_ros2_driver/hook/cmake_prefix_path.ps1'
[0.497s] INFO:colcon.colcon_core.shell:Creating environment descriptor '/home/new-sentry/Desktop/boom_ws/install/hik_camera_ros2_driver/share/hik_camera_ros2_driver/hook/cmake_prefix_path.dsv'
[0.498s] INFO:colcon.colcon_core.shell:Creating environment hook '/home/new-sentry/Desktop/boom_ws/install/hik_camera_ros2_driver/share/hik_camera_ros2_driver/hook/cmake_prefix_path.sh'
[0.498s] Level 1:colcon.colcon_core.environment:checking '/home/new-sentry/Desktop/boom_ws/install/hik_camera_ros2_driver/lib'
[0.498s] Level 1:colcon.colcon_core.shell:create_environment_hook('hik_camera_ros2_driver', 'ld_library_path_lib')
[0.499s] INFO:colcon.colcon_core.shell:Creating environment hook '/home/new-sentry/Desktop/boom_ws/install/hik_camera_ros2_driver/share/hik_camera_ros2_driver/hook/ld_library_path_lib.ps1'
[0.499s] INFO:colcon.colcon_core.shell:Creating environment descriptor '/home/new-sentry/Desktop/boom_ws/install/hik_camera_ros2_driver/share/hik_camera_ros2_driver/hook/ld_library_path_lib.dsv'
[0.499s] INFO:colcon.colcon_core.shell:Creating environment hook '/home/new-sentry/Desktop/boom_ws/install/hik_camera_ros2_driver/share/hik_camera_ros2_driver/hook/ld_library_path_lib.sh'
[0.500s] Level 1:colcon.colcon_core.environment:checking '/home/new-sentry/Desktop/boom_ws/install/hik_camera_ros2_driver/bin'
[0.500s] Level 1:colcon.colcon_core.environment:checking '/home/new-sentry/Desktop/boom_ws/install/hik_camera_ros2_driver/lib/pkgconfig/hik_camera_ros2_driver.pc'
[0.500s] Level 1:colcon.colcon_core.environment:checking '/home/new-sentry/Desktop/boom_ws/install/hik_camera_ros2_driver/lib/python3.10/site-packages'
[0.500s] Level 1:colcon.colcon_core.environment:checking '/home/new-sentry/Desktop/boom_ws/install/hik_camera_ros2_driver/bin'
[0.501s] INFO:colcon.colcon_core.shell:Creating package script '/home/new-sentry/Desktop/boom_ws/install/hik_camera_ros2_driver/share/hik_camera_ros2_driver/package.ps1'
[0.501s] INFO:colcon.colcon_core.shell:Creating package descriptor '/home/new-sentry/Desktop/boom_ws/install/hik_camera_ros2_driver/share/hik_camera_ros2_driver/package.dsv'
[0.502s] INFO:colcon.colcon_core.shell:Creating package script '/home/new-sentry/Desktop/boom_ws/install/hik_camera_ros2_driver/share/hik_camera_ros2_driver/package.sh'
[0.502s] INFO:colcon.colcon_core.shell:Creating package script '/home/new-sentry/Desktop/boom_ws/install/hik_camera_ros2_driver/share/hik_camera_ros2_driver/package.bash'
[0.502s] INFO:colcon.colcon_core.shell:Creating package script '/home/new-sentry/Desktop/boom_ws/install/hik_camera_ros2_driver/share/hik_camera_ros2_driver/package.zsh'
[0.503s] Level 1:colcon.colcon_core.environment:create_file_with_runtime_dependencies(/home/new-sentry/Desktop/boom_ws/install/hik_camera_ros2_driver/share/colcon-core/packages/hik_camera_ros2_driver)
[0.503s] Level 1:colcon.colcon_core.environment:create_environment_scripts_only(hik_camera_ros2_driver)
[0.504s] Level 1:colcon.colcon_core.environment:checking '/home/new-sentry/Desktop/boom_ws/install/hik_camera_ros2_driver' for CMake module files
[0.504s] Level 1:colcon.colcon_core.environment:checking '/home/new-sentry/Desktop/boom_ws/install/hik_camera_ros2_driver' for CMake config files
[0.504s] Level 1:colcon.colcon_core.shell:create_environment_hook('hik_camera_ros2_driver', 'cmake_prefix_path')
[0.504s] INFO:colcon.colcon_core.shell:Creating environment hook '/home/new-sentry/Desktop/boom_ws/install/hik_camera_ros2_driver/share/hik_camera_ros2_driver/hook/cmake_prefix_path.ps1'
[0.505s] INFO:colcon.colcon_core.shell:Creating environment descriptor '/home/new-sentry/Desktop/boom_ws/install/hik_camera_ros2_driver/share/hik_camera_ros2_driver/hook/cmake_prefix_path.dsv'
[0.505s] INFO:colcon.colcon_core.shell:Creating environment hook '/home/new-sentry/Desktop/boom_ws/install/hik_camera_ros2_driver/share/hik_camera_ros2_driver/hook/cmake_prefix_path.sh'
[0.506s] Level 1:colcon.colcon_core.environment:checking '/home/new-sentry/Desktop/boom_ws/install/hik_camera_ros2_driver/lib'
[0.506s] Level 1:colcon.colcon_core.shell:create_environment_hook('hik_camera_ros2_driver', 'ld_library_path_lib')
[0.506s] INFO:colcon.colcon_core.shell:Creating environment hook '/home/new-sentry/Desktop/boom_ws/install/hik_camera_ros2_driver/share/hik_camera_ros2_driver/hook/ld_library_path_lib.ps1'
[0.506s] INFO:colcon.colcon_core.shell:Creating environment descriptor '/home/new-sentry/Desktop/boom_ws/install/hik_camera_ros2_driver/share/hik_camera_ros2_driver/hook/ld_library_path_lib.dsv'
[0.507s] INFO:colcon.colcon_core.shell:Creating environment hook '/home/new-sentry/Desktop/boom_ws/install/hik_camera_ros2_driver/share/hik_camera_ros2_driver/hook/ld_library_path_lib.sh'
[0.507s] Level 1:colcon.colcon_core.environment:checking '/home/new-sentry/Desktop/boom_ws/install/hik_camera_ros2_driver/bin'
[0.507s] Level 1:colcon.colcon_core.environment:checking '/home/new-sentry/Desktop/boom_ws/install/hik_camera_ros2_driver/lib/pkgconfig/hik_camera_ros2_driver.pc'
[0.507s] Level 1:colcon.colcon_core.environment:checking '/home/new-sentry/Desktop/boom_ws/install/hik_camera_ros2_driver/lib/python3.10/site-packages'
[0.507s] Level 1:colcon.colcon_core.environment:checking '/home/new-sentry/Desktop/boom_ws/install/hik_camera_ros2_driver/bin'
[0.508s] INFO:colcon.colcon_core.shell:Creating package script '/home/new-sentry/Desktop/boom_ws/install/hik_camera_ros2_driver/share/hik_camera_ros2_driver/package.ps1'
[0.508s] INFO:colcon.colcon_core.shell:Creating package descriptor '/home/new-sentry/Desktop/boom_ws/install/hik_camera_ros2_driver/share/hik_camera_ros2_driver/package.dsv'
[0.508s] INFO:colcon.colcon_core.shell:Creating package script '/home/new-sentry/Desktop/boom_ws/install/hik_camera_ros2_driver/share/hik_camera_ros2_driver/package.sh'
[0.509s] INFO:colcon.colcon_core.shell:Creating package script '/home/new-sentry/Desktop/boom_ws/install/hik_camera_ros2_driver/share/hik_camera_ros2_driver/package.bash'
[0.509s] INFO:colcon.colcon_core.shell:Creating package script '/home/new-sentry/Desktop/boom_ws/install/hik_camera_ros2_driver/share/hik_camera_ros2_driver/package.zsh'
[0.509s] Level 1:colcon.colcon_core.environment:create_file_with_runtime_dependencies(/home/new-sentry/Desktop/boom_ws/install/hik_camera_ros2_driver/share/colcon-core/packages/hik_camera_ros2_driver)
[0.770s] DEBUG:colcon.colcon_core.event_handler.log_command:Invoked command in '/home/new-sentry/Desktop/boom_ws/build/vision_interfaces' returned '0': CMAKE_PREFIX_PATH=${CMAKE_PREFIX_PATH}:/opt/ros/humble /usr/local/bin/cmake --build /home/new-sentry/Desktop/boom_ws/build/vision_interfaces -- -j16 -l16
[0.772s] DEBUG:colcon.colcon_core.event_handler.log_command:Invoking command in '/home/new-sentry/Desktop/boom_ws/build/vision_interfaces': CMAKE_PREFIX_PATH=${CMAKE_PREFIX_PATH}:/opt/ros/humble /usr/local/bin/cmake --install /home/new-sentry/Desktop/boom_ws/build/vision_interfaces
[0.839s] Level 1:colcon.colcon_core.environment:create_environment_scripts_only(vision_interfaces)
[0.839s] Level 1:colcon.colcon_core.environment:checking '/home/new-sentry/Desktop/boom_ws/install/vision_interfaces' for CMake module files
[0.840s] DEBUG:colcon.colcon_core.event_handler.log_command:Invoked command in '/home/new-sentry/Desktop/boom_ws/build/vision_interfaces' returned '0': CMAKE_PREFIX_PATH=${CMAKE_PREFIX_PATH}:/opt/ros/humble /usr/local/bin/cmake --install /home/new-sentry/Desktop/boom_ws/build/vision_interfaces
[0.841s] Level 1:colcon.colcon_core.environment:checking '/home/new-sentry/Desktop/boom_ws/install/vision_interfaces' for CMake config files
[0.842s] Level 1:colcon.colcon_core.shell:create_environment_hook('vision_interfaces', 'cmake_prefix_path')
[0.842s] INFO:colcon.colcon_core.shell:Creating environment hook '/home/new-sentry/Desktop/boom_ws/install/vision_interfaces/share/vision_interfaces/hook/cmake_prefix_path.ps1'
[0.842s] INFO:colcon.colcon_core.shell:Creating environment descriptor '/home/new-sentry/Desktop/boom_ws/install/vision_interfaces/share/vision_interfaces/hook/cmake_prefix_path.dsv'
[0.843s] INFO:colcon.colcon_core.shell:Creating environment hook '/home/new-sentry/Desktop/boom_ws/install/vision_interfaces/share/vision_interfaces/hook/cmake_prefix_path.sh'
[0.843s] Level 1:colcon.colcon_core.environment:checking '/home/new-sentry/Desktop/boom_ws/install/vision_interfaces/lib'
[0.843s] Level 1:colcon.colcon_core.shell:create_environment_hook('vision_interfaces', 'ld_library_path_lib')
[0.843s] INFO:colcon.colcon_core.shell:Creating environment hook '/home/new-sentry/Desktop/boom_ws/install/vision_interfaces/share/vision_interfaces/hook/ld_library_path_lib.ps1'
[0.844s] INFO:colcon.colcon_core.shell:Creating environment descriptor '/home/new-sentry/Desktop/boom_ws/install/vision_interfaces/share/vision_interfaces/hook/ld_library_path_lib.dsv'
[0.844s] INFO:colcon.colcon_core.shell:Creating environment hook '/home/new-sentry/Desktop/boom_ws/install/vision_interfaces/share/vision_interfaces/hook/ld_library_path_lib.sh'
[0.844s] Level 1:colcon.colcon_core.environment:checking '/home/new-sentry/Desktop/boom_ws/install/vision_interfaces/bin'
[0.844s] Level 1:colcon.colcon_core.environment:checking '/home/new-sentry/Desktop/boom_ws/install/vision_interfaces/lib/pkgconfig/vision_interfaces.pc'
[0.845s] Level 1:colcon.colcon_core.environment:checking '/home/new-sentry/Desktop/boom_ws/install/vision_interfaces/lib/python3.10/site-packages'
[0.845s] Level 1:colcon.colcon_core.environment:checking '/home/new-sentry/Desktop/boom_ws/install/vision_interfaces/bin'
[0.845s] INFO:colcon.colcon_core.shell:Creating package script '/home/new-sentry/Desktop/boom_ws/install/vision_interfaces/share/vision_interfaces/package.ps1'
[0.846s] INFO:colcon.colcon_core.shell:Creating package descriptor '/home/new-sentry/Desktop/boom_ws/install/vision_interfaces/share/vision_interfaces/package.dsv'
[0.846s] INFO:colcon.colcon_core.shell:Creating package script '/home/new-sentry/Desktop/boom_ws/install/vision_interfaces/share/vision_interfaces/package.sh'
[0.847s] INFO:colcon.colcon_core.shell:Creating package script '/home/new-sentry/Desktop/boom_ws/install/vision_interfaces/share/vision_interfaces/package.bash'
[0.847s] INFO:colcon.colcon_core.shell:Creating package script '/home/new-sentry/Desktop/boom_ws/install/vision_interfaces/share/vision_interfaces/package.zsh'
[0.847s] Level 1:colcon.colcon_core.environment:create_file_with_runtime_dependencies(/home/new-sentry/Desktop/boom_ws/install/vision_interfaces/share/colcon-core/packages/vision_interfaces)
[0.848s] Level 1:colcon.colcon_core.environment:create_environment_scripts_only(vision_interfaces)
[0.848s] Level 1:colcon.colcon_core.environment:checking '/home/new-sentry/Desktop/boom_ws/install/vision_interfaces' for CMake module files
[0.849s] Level 1:colcon.colcon_core.environment:checking '/home/new-sentry/Desktop/boom_ws/install/vision_interfaces' for CMake config files
[0.849s] Level 1:colcon.colcon_core.shell:create_environment_hook('vision_interfaces', 'cmake_prefix_path')
[0.849s] INFO:colcon.colcon_core.shell:Creating environment hook '/home/new-sentry/Desktop/boom_ws/install/vision_interfaces/share/vision_interfaces/hook/cmake_prefix_path.ps1'
[0.850s] INFO:colcon.colcon_core.shell:Creating environment descriptor '/home/new-sentry/Desktop/boom_ws/install/vision_interfaces/share/vision_interfaces/hook/cmake_prefix_path.dsv'
[0.850s] INFO:colcon.colcon_core.shell:Creating environment hook '/home/new-sentry/Desktop/boom_ws/install/vision_interfaces/share/vision_interfaces/hook/cmake_prefix_path.sh'
[0.851s] Level 1:colcon.colcon_core.environment:checking '/home/new-sentry/Desktop/boom_ws/install/vision_interfaces/lib'
[0.851s] Level 1:colcon.colcon_core.shell:create_environment_hook('vision_interfaces', 'ld_library_path_lib')
[0.852s] INFO:colcon.colcon_core.shell:Creating environment hook '/home/new-sentry/Desktop/boom_ws/install/vision_interfaces/share/vision_interfaces/hook/ld_library_path_lib.ps1'
[0.852s] INFO:colcon.colcon_core.shell:Creating environment descriptor '/home/new-sentry/Desktop/boom_ws/install/vision_interfaces/share/vision_interfaces/hook/ld_library_path_lib.dsv'
[0.852s] INFO:colcon.colcon_core.shell:Creating environment hook '/home/new-sentry/Desktop/boom_ws/install/vision_interfaces/share/vision_interfaces/hook/ld_library_path_lib.sh'
[0.853s] Level 1:colcon.colcon_core.environment:checking '/home/new-sentry/Desktop/boom_ws/install/vision_interfaces/bin'
[0.853s] Level 1:colcon.colcon_core.environment:checking '/home/new-sentry/Desktop/boom_ws/install/vision_interfaces/lib/pkgconfig/vision_interfaces.pc'
[0.853s] Level 1:colcon.colcon_core.environment:checking '/home/new-sentry/Desktop/boom_ws/install/vision_interfaces/lib/python3.10/site-packages'
[0.853s] Level 1:colcon.colcon_core.environment:checking '/home/new-sentry/Desktop/boom_ws/install/vision_interfaces/bin'
[0.853s] INFO:colcon.colcon_core.shell:Creating package script '/home/new-sentry/Desktop/boom_ws/install/vision_interfaces/share/vision_interfaces/package.ps1'
[0.854s] INFO:colcon.colcon_core.shell:Creating package descriptor '/home/new-sentry/Desktop/boom_ws/install/vision_interfaces/share/vision_interfaces/package.dsv'
[0.854s] INFO:colcon.colcon_core.shell:Creating package script '/home/new-sentry/Desktop/boom_ws/install/vision_interfaces/share/vision_interfaces/package.sh'
[0.855s] INFO:colcon.colcon_core.shell:Creating package script '/home/new-sentry/Desktop/boom_ws/install/vision_interfaces/share/vision_interfaces/package.bash'
[0.855s] INFO:colcon.colcon_core.shell:Creating package script '/home/new-sentry/Desktop/boom_ws/install/vision_interfaces/share/vision_interfaces/package.zsh'
[0.855s] Level 1:colcon.colcon_core.environment:create_file_with_runtime_dependencies(/home/new-sentry/Desktop/boom_ws/install/vision_interfaces/share/colcon-core/packages/vision_interfaces)
[0.856s] INFO:colcon.colcon_ros.task.ament_cmake.build:Building ROS package in '/home/new-sentry/Desktop/boom_ws/src/resolving' with build type 'ament_cmake'
[0.856s] INFO:colcon.colcon_cmake.task.cmake.build:Building CMake package in '/home/new-sentry/Desktop/boom_ws/src/resolving'
[0.856s] INFO:colcon.colcon_core.shell:Skip shell extension 'powershell' for command environment: Not usable outside of PowerShell
[0.856s] DEBUG:colcon.colcon_core.shell:Skip shell extension 'dsv' for command environment
[0.861s] INFO:colcon.colcon_ros.task.ament_cmake.build:Building ROS package in '/home/new-sentry/Desktop/boom_ws/src/serial' with build type 'ament_cmake'
[0.862s] INFO:colcon.colcon_cmake.task.cmake.build:Building CMake package in '/home/new-sentry/Desktop/boom_ws/src/serial'
[0.863s] INFO:colcon.colcon_core.shell:Skip shell extension 'powershell' for command environment: Not usable outside of PowerShell
[0.864s] DEBUG:colcon.colcon_core.shell:Skip shell extension 'dsv' for command environment
[0.875s] DEBUG:colcon.colcon_core.event_handler.log_command:Invoking command in '/home/new-sentry/Desktop/boom_ws/build/resolve': CMAKE_PREFIX_PATH=/home/new-sentry/Desktop/boom_ws/install/vision_interfaces:/home/new-sentry/Desktop/boom_ws/install/serial:/home/new-sentry/Desktop/boom_ws/install/resolve:/home/new-sentry/Desktop/boom_ws/install/hik_camera_ros2_driver:/home/new-sentry/Desktop/boom_ws/install/display:/opt/ros/humble LD_LIBRARY_PATH=/home/new-sentry/Desktop/boom_ws/install/vision_interfaces/lib:/opt/MVS/lib/64:/opt/MVS/lib/32:/opt/MVS/lib/64:/opt/MVS/lib/32:/home/new-sentry/Desktop/boom_ws/install/hik_camera_ros2_driver/lib:/opt/MVS/lib/64:/opt/MVS/lib/32:/opt/ros/humble/opt/rviz_ogre_vendor/lib:/opt/ros/humble/lib/x86_64-linux-gnu:/opt/ros/humble/lib:/opt/MVS/lib/64:/opt/MVS/lib/32:/opt/MVS/lib/64:/opt/MVS/lib/32:/opt/MVS/lib/64:/opt/MVS/lib/32 /usr/local/bin/cmake --build /home/new-sentry/Desktop/boom_ws/build/resolve -- -j16 -l16
[0.881s] DEBUG:colcon.colcon_core.event_handler.log_command:Invoking command in '/home/new-sentry/Desktop/boom_ws/build/serial': CMAKE_PREFIX_PATH=/home/new-sentry/Desktop/boom_ws/install/vision_interfaces:/home/new-sentry/Desktop/boom_ws/install/serial:/home/new-sentry/Desktop/boom_ws/install/resolve:/home/new-sentry/Desktop/boom_ws/install/hik_camera_ros2_driver:/home/new-sentry/Desktop/boom_ws/install/display:/opt/ros/humble LD_LIBRARY_PATH=/home/new-sentry/Desktop/boom_ws/install/vision_interfaces/lib:/opt/MVS/lib/64:/opt/MVS/lib/32:/opt/MVS/lib/64:/opt/MVS/lib/32:/home/new-sentry/Desktop/boom_ws/install/hik_camera_ros2_driver/lib:/opt/MVS/lib/64:/opt/MVS/lib/32:/opt/ros/humble/opt/rviz_ogre_vendor/lib:/opt/ros/humble/lib/x86_64-linux-gnu:/opt/ros/humble/lib:/opt/MVS/lib/64:/opt/MVS/lib/32:/opt/MVS/lib/64:/opt/MVS/lib/32:/opt/MVS/lib/64:/opt/MVS/lib/32 /usr/local/bin/cmake --build /home/new-sentry/Desktop/boom_ws/build/serial -- -j16 -l16
[0.975s] DEBUG:colcon.colcon_core.event_handler.log_command:Invoked command in '/home/new-sentry/Desktop/boom_ws/build/serial' returned '0': CMAKE_PREFIX_PATH=/home/new-sentry/Desktop/boom_ws/install/vision_interfaces:/home/new-sentry/Desktop/boom_ws/install/serial:/home/new-sentry/Desktop/boom_ws/install/resolve:/home/new-sentry/Desktop/boom_ws/install/hik_camera_ros2_driver:/home/new-sentry/Desktop/boom_ws/install/display:/opt/ros/humble LD_LIBRARY_PATH=/home/new-sentry/Desktop/boom_ws/install/vision_interfaces/lib:/opt/MVS/lib/64:/opt/MVS/lib/32:/opt/MVS/lib/64:/opt/MVS/lib/32:/home/new-sentry/Desktop/boom_ws/install/hik_camera_ros2_driver/lib:/opt/MVS/lib/64:/opt/MVS/lib/32:/opt/ros/humble/opt/rviz_ogre_vendor/lib:/opt/ros/humble/lib/x86_64-linux-gnu:/opt/ros/humble/lib:/opt/MVS/lib/64:/opt/MVS/lib/32:/opt/MVS/lib/64:/opt/MVS/lib/32:/opt/MVS/lib/64:/opt/MVS/lib/32 /usr/local/bin/cmake --build /home/new-sentry/Desktop/boom_ws/build/serial -- -j16 -l16
[0.977s] DEBUG:colcon.colcon_core.event_handler.log_command:Invoking command in '/home/new-sentry/Desktop/boom_ws/build/serial': CMAKE_PREFIX_PATH=/home/new-sentry/Desktop/boom_ws/install/vision_interfaces:/home/new-sentry/Desktop/boom_ws/install/serial:/home/new-sentry/Desktop/boom_ws/install/resolve:/home/new-sentry/Desktop/boom_ws/install/hik_camera_ros2_driver:/home/new-sentry/Desktop/boom_ws/install/display:/opt/ros/humble LD_LIBRARY_PATH=/home/new-sentry/Desktop/boom_ws/install/vision_interfaces/lib:/opt/MVS/lib/64:/opt/MVS/lib/32:/opt/MVS/lib/64:/opt/MVS/lib/32:/home/new-sentry/Desktop/boom_ws/install/hik_camera_ros2_driver/lib:/opt/MVS/lib/64:/opt/MVS/lib/32:/opt/ros/humble/opt/rviz_ogre_vendor/lib:/opt/ros/humble/lib/x86_64-linux-gnu:/opt/ros/humble/lib:/opt/MVS/lib/64:/opt/MVS/lib/32:/opt/MVS/lib/64:/opt/MVS/lib/32:/opt/MVS/lib/64:/opt/MVS/lib/32 /usr/local/bin/cmake --install /home/new-sentry/Desktop/boom_ws/build/serial
[0.995s] Level 1:colcon.colcon_core.environment:create_environment_scripts_only(serial)
[0.996s] Level 1:colcon.colcon_core.environment:checking '/home/new-sentry/Desktop/boom_ws/install/serial' for CMake module files
[0.997s] DEBUG:colcon.colcon_core.event_handler.log_command:Invoked command in '/home/new-sentry/Desktop/boom_ws/build/serial' returned '0': CMAKE_PREFIX_PATH=/home/new-sentry/Desktop/boom_ws/install/vision_interfaces:/home/new-sentry/Desktop/boom_ws/install/serial:/home/new-sentry/Desktop/boom_ws/install/resolve:/home/new-sentry/Desktop/boom_ws/install/hik_camera_ros2_driver:/home/new-sentry/Desktop/boom_ws/install/display:/opt/ros/humble LD_LIBRARY_PATH=/home/new-sentry/Desktop/boom_ws/install/vision_interfaces/lib:/opt/MVS/lib/64:/opt/MVS/lib/32:/opt/MVS/lib/64:/opt/MVS/lib/32:/home/new-sentry/Desktop/boom_ws/install/hik_camera_ros2_driver/lib:/opt/MVS/lib/64:/opt/MVS/lib/32:/opt/ros/humble/opt/rviz_ogre_vendor/lib:/opt/ros/humble/lib/x86_64-linux-gnu:/opt/ros/humble/lib:/opt/MVS/lib/64:/opt/MVS/lib/32:/opt/MVS/lib/64:/opt/MVS/lib/32:/opt/MVS/lib/64:/opt/MVS/lib/32 /usr/local/bin/cmake --install /home/new-sentry/Desktop/boom_ws/build/serial
[0.998s] Level 1:colcon.colcon_core.environment:checking '/home/new-sentry/Desktop/boom_ws/install/serial' for CMake config files
[0.998s] Level 1:colcon.colcon_core.shell:create_environment_hook('serial', 'cmake_prefix_path')
[0.999s] INFO:colcon.colcon_core.shell:Creating environment hook '/home/new-sentry/Desktop/boom_ws/install/serial/share/serial/hook/cmake_prefix_path.ps1'
[1.000s] INFO:colcon.colcon_core.shell:Creating environment descriptor '/home/new-sentry/Desktop/boom_ws/install/serial/share/serial/hook/cmake_prefix_path.dsv'
[1.001s] INFO:colcon.colcon_core.shell:Creating environment hook '/home/new-sentry/Desktop/boom_ws/install/serial/share/serial/hook/cmake_prefix_path.sh'
[1.002s] Level 1:colcon.colcon_core.environment:checking '/home/new-sentry/Desktop/boom_ws/install/serial/lib'
[1.003s] Level 1:colcon.colcon_core.environment:checking '/home/new-sentry/Desktop/boom_ws/install/serial/bin'
[1.003s] Level 1:colcon.colcon_core.environment:checking '/home/new-sentry/Desktop/boom_ws/install/serial/lib/pkgconfig/serial.pc'
[1.003s] Level 1:colcon.colcon_core.environment:checking '/home/new-sentry/Desktop/boom_ws/install/serial/lib/python3.10/site-packages'
[1.003s] Level 1:colcon.colcon_core.environment:checking '/home/new-sentry/Desktop/boom_ws/install/serial/bin'
[1.005s] INFO:colcon.colcon_core.shell:Creating package script '/home/new-sentry/Desktop/boom_ws/install/serial/share/serial/package.ps1'
[1.005s] INFO:colcon.colcon_core.shell:Creating package descriptor '/home/new-sentry/Desktop/boom_ws/install/serial/share/serial/package.dsv'
[1.006s] INFO:colcon.colcon_core.shell:Creating package script '/home/new-sentry/Desktop/boom_ws/install/serial/share/serial/package.sh'
[1.006s] INFO:colcon.colcon_core.shell:Creating package script '/home/new-sentry/Desktop/boom_ws/install/serial/share/serial/package.bash'
[1.007s] INFO:colcon.colcon_core.shell:Creating package script '/home/new-sentry/Desktop/boom_ws/install/serial/share/serial/package.zsh'
[1.007s] Level 1:colcon.colcon_core.environment:create_file_with_runtime_dependencies(/home/new-sentry/Desktop/boom_ws/install/serial/share/colcon-core/packages/serial)
[1.008s] Level 1:colcon.colcon_core.environment:create_environment_scripts_only(serial)
[1.008s] Level 1:colcon.colcon_core.environment:checking '/home/new-sentry/Desktop/boom_ws/install/serial' for CMake module files
[1.009s] Level 1:colcon.colcon_core.environment:checking '/home/new-sentry/Desktop/boom_ws/install/serial' for CMake config files
[1.009s] Level 1:colcon.colcon_core.shell:create_environment_hook('serial', 'cmake_prefix_path')
[1.010s] INFO:colcon.colcon_core.shell:Creating environment hook '/home/new-sentry/Desktop/boom_ws/install/serial/share/serial/hook/cmake_prefix_path.ps1'
[1.011s] INFO:colcon.colcon_core.shell:Creating environment descriptor '/home/new-sentry/Desktop/boom_ws/install/serial/share/serial/hook/cmake_prefix_path.dsv'
[1.011s] INFO:colcon.colcon_core.shell:Creating environment hook '/home/new-sentry/Desktop/boom_ws/install/serial/share/serial/hook/cmake_prefix_path.sh'
[1.016s] Level 1:colcon.colcon_core.environment:checking '/home/new-sentry/Desktop/boom_ws/install/serial/lib'
[1.017s] Level 1:colcon.colcon_core.environment:checking '/home/new-sentry/Desktop/boom_ws/install/serial/bin'
[1.018s] Level 1:colcon.colcon_core.environment:checking '/home/new-sentry/Desktop/boom_ws/install/serial/lib/pkgconfig/serial.pc'
[1.019s] Level 1:colcon.colcon_core.environment:checking '/home/new-sentry/Desktop/boom_ws/install/serial/lib/python3.10/site-packages'
[1.019s] Level 1:colcon.colcon_core.environment:checking '/home/new-sentry/Desktop/boom_ws/install/serial/bin'
[1.020s] INFO:colcon.colcon_core.shell:Creating package script '/home/new-sentry/Desktop/boom_ws/install/serial/share/serial/package.ps1'
[1.022s] INFO:colcon.colcon_core.shell:Creating package descriptor '/home/new-sentry/Desktop/boom_ws/install/serial/share/serial/package.dsv'
[1.022s] INFO:colcon.colcon_core.shell:Creating package script '/home/new-sentry/Desktop/boom_ws/install/serial/share/serial/package.sh'
[1.023s] INFO:colcon.colcon_core.shell:Creating package script '/home/new-sentry/Desktop/boom_ws/install/serial/share/serial/package.bash'
[1.024s] INFO:colcon.colcon_core.shell:Creating package script '/home/new-sentry/Desktop/boom_ws/install/serial/share/serial/package.zsh'
[1.025s] Level 1:colcon.colcon_core.environment:create_file_with_runtime_dependencies(/home/new-sentry/Desktop/boom_ws/install/serial/share/colcon-core/packages/serial)
[9.394s] DEBUG:colcon.colcon_core.event_handler.log_command:Invoked command in '/home/new-sentry/Desktop/boom_ws/build/resolve' returned '0': CMAKE_PREFIX_PATH=/home/new-sentry/Desktop/boom_ws/install/vision_interfaces:/home/new-sentry/Desktop/boom_ws/install/serial:/home/new-sentry/Desktop/boom_ws/install/resolve:/home/new-sentry/Desktop/boom_ws/install/hik_camera_ros2_driver:/home/new-sentry/Desktop/boom_ws/install/display:/opt/ros/humble LD_LIBRARY_PATH=/home/new-sentry/Desktop/boom_ws/install/vision_interfaces/lib:/opt/MVS/lib/64:/opt/MVS/lib/32:/opt/MVS/lib/64:/opt/MVS/lib/32:/home/new-sentry/Desktop/boom_ws/install/hik_camera_ros2_driver/lib:/opt/MVS/lib/64:/opt/MVS/lib/32:/opt/ros/humble/opt/rviz_ogre_vendor/lib:/opt/ros/humble/lib/x86_64-linux-gnu:/opt/ros/humble/lib:/opt/MVS/lib/64:/opt/MVS/lib/32:/opt/MVS/lib/64:/opt/MVS/lib/32:/opt/MVS/lib/64:/opt/MVS/lib/32 /usr/local/bin/cmake --build /home/new-sentry/Desktop/boom_ws/build/resolve -- -j16 -l16
[9.396s] DEBUG:colcon.colcon_core.event_handler.log_command:Invoking command in '/home/new-sentry/Desktop/boom_ws/build/resolve': CMAKE_PREFIX_PATH=/home/new-sentry/Desktop/boom_ws/install/vision_interfaces:/home/new-sentry/Desktop/boom_ws/install/serial:/home/new-sentry/Desktop/boom_ws/install/resolve:/home/new-sentry/Desktop/boom_ws/install/hik_camera_ros2_driver:/home/new-sentry/Desktop/boom_ws/install/display:/opt/ros/humble LD_LIBRARY_PATH=/home/new-sentry/Desktop/boom_ws/install/vision_interfaces/lib:/opt/MVS/lib/64:/opt/MVS/lib/32:/opt/MVS/lib/64:/opt/MVS/lib/32:/home/new-sentry/Desktop/boom_ws/install/hik_camera_ros2_driver/lib:/opt/MVS/lib/64:/opt/MVS/lib/32:/opt/ros/humble/opt/rviz_ogre_vendor/lib:/opt/ros/humble/lib/x86_64-linux-gnu:/opt/ros/humble/lib:/opt/MVS/lib/64:/opt/MVS/lib/32:/opt/MVS/lib/64:/opt/MVS/lib/32:/opt/MVS/lib/64:/opt/MVS/lib/32 /usr/local/bin/cmake --install /home/new-sentry/Desktop/boom_ws/build/resolve
[9.408s] Level 1:colcon.colcon_core.environment:create_environment_scripts_only(resolve)
[9.409s] Level 1:colcon.colcon_core.environment:checking '/home/new-sentry/Desktop/boom_ws/install/resolve' for CMake module files
[9.410s] DEBUG:colcon.colcon_core.event_handler.log_command:Invoked command in '/home/new-sentry/Desktop/boom_ws/build/resolve' returned '0': CMAKE_PREFIX_PATH=/home/new-sentry/Desktop/boom_ws/install/vision_interfaces:/home/new-sentry/Desktop/boom_ws/install/serial:/home/new-sentry/Desktop/boom_ws/install/resolve:/home/new-sentry/Desktop/boom_ws/install/hik_camera_ros2_driver:/home/new-sentry/Desktop/boom_ws/install/display:/opt/ros/humble LD_LIBRARY_PATH=/home/new-sentry/Desktop/boom_ws/install/vision_interfaces/lib:/opt/MVS/lib/64:/opt/MVS/lib/32:/opt/MVS/lib/64:/opt/MVS/lib/32:/home/new-sentry/Desktop/boom_ws/install/hik_camera_ros2_driver/lib:/opt/MVS/lib/64:/opt/MVS/lib/32:/opt/ros/humble/opt/rviz_ogre_vendor/lib:/opt/ros/humble/lib/x86_64-linux-gnu:/opt/ros/humble/lib:/opt/MVS/lib/64:/opt/MVS/lib/32:/opt/MVS/lib/64:/opt/MVS/lib/32:/opt/MVS/lib/64:/opt/MVS/lib/32 /usr/local/bin/cmake --install /home/new-sentry/Desktop/boom_ws/build/resolve
[9.410s] Level 1:colcon.colcon_core.environment:checking '/home/new-sentry/Desktop/boom_ws/install/resolve' for CMake config files
[9.410s] Level 1:colcon.colcon_core.shell:create_environment_hook('resolve', 'cmake_prefix_path')
[9.411s] INFO:colcon.colcon_core.shell:Creating environment hook '/home/new-sentry/Desktop/boom_ws/install/resolve/share/resolve/hook/cmake_prefix_path.ps1'
[9.412s] INFO:colcon.colcon_core.shell:Creating environment descriptor '/home/new-sentry/Desktop/boom_ws/install/resolve/share/resolve/hook/cmake_prefix_path.dsv'
[9.412s] INFO:colcon.colcon_core.shell:Creating environment hook '/home/new-sentry/Desktop/boom_ws/install/resolve/share/resolve/hook/cmake_prefix_path.sh'
[9.413s] Level 1:colcon.colcon_core.environment:checking '/home/new-sentry/Desktop/boom_ws/install/resolve/lib'
[9.413s] Level 1:colcon.colcon_core.environment:checking '/home/new-sentry/Desktop/boom_ws/install/resolve/bin'
[9.413s] Level 1:colcon.colcon_core.environment:checking '/home/new-sentry/Desktop/boom_ws/install/resolve/lib/pkgconfig/resolve.pc'
[9.413s] Level 1:colcon.colcon_core.environment:checking '/home/new-sentry/Desktop/boom_ws/install/resolve/lib/python3.10/site-packages'
[9.413s] Level 1:colcon.colcon_core.environment:checking '/home/new-sentry/Desktop/boom_ws/install/resolve/bin'
[9.414s] INFO:colcon.colcon_core.shell:Creating package script '/home/new-sentry/Desktop/boom_ws/install/resolve/share/resolve/package.ps1'
[9.414s] INFO:colcon.colcon_core.shell:Creating package descriptor '/home/new-sentry/Desktop/boom_ws/install/resolve/share/resolve/package.dsv'
[9.415s] INFO:colcon.colcon_core.shell:Creating package script '/home/new-sentry/Desktop/boom_ws/install/resolve/share/resolve/package.sh'
[9.415s] INFO:colcon.colcon_core.shell:Creating package script '/home/new-sentry/Desktop/boom_ws/install/resolve/share/resolve/package.bash'
[9.415s] INFO:colcon.colcon_core.shell:Creating package script '/home/new-sentry/Desktop/boom_ws/install/resolve/share/resolve/package.zsh'
[9.415s] Level 1:colcon.colcon_core.environment:create_file_with_runtime_dependencies(/home/new-sentry/Desktop/boom_ws/install/resolve/share/colcon-core/packages/resolve)
[9.416s] Level 1:colcon.colcon_core.environment:create_environment_scripts_only(resolve)
[9.416s] Level 1:colcon.colcon_core.environment:checking '/home/new-sentry/Desktop/boom_ws/install/resolve' for CMake module files
[9.417s] Level 1:colcon.colcon_core.environment:checking '/home/new-sentry/Desktop/boom_ws/install/resolve' for CMake config files
[9.417s] Level 1:colcon.colcon_core.shell:create_environment_hook('resolve', 'cmake_prefix_path')
[9.417s] INFO:colcon.colcon_core.shell:Creating environment hook '/home/new-sentry/Desktop/boom_ws/install/resolve/share/resolve/hook/cmake_prefix_path.ps1'
[9.417s] INFO:colcon.colcon_core.shell:Creating environment descriptor '/home/new-sentry/Desktop/boom_ws/install/resolve/share/resolve/hook/cmake_prefix_path.dsv'
[9.418s] INFO:colcon.colcon_core.shell:Creating environment hook '/home/new-sentry/Desktop/boom_ws/install/resolve/share/resolve/hook/cmake_prefix_path.sh'
[9.418s] Level 1:colcon.colcon_core.environment:checking '/home/new-sentry/Desktop/boom_ws/install/resolve/lib'
[9.418s] Level 1:colcon.colcon_core.environment:checking '/home/new-sentry/Desktop/boom_ws/install/resolve/bin'
[9.418s] Level 1:colcon.colcon_core.environment:checking '/home/new-sentry/Desktop/boom_ws/install/resolve/lib/pkgconfig/resolve.pc'
[9.418s] Level 1:colcon.colcon_core.environment:checking '/home/new-sentry/Desktop/boom_ws/install/resolve/lib/python3.10/site-packages'
[9.419s] Level 1:colcon.colcon_core.environment:checking '/home/new-sentry/Desktop/boom_ws/install/resolve/bin'
[9.419s] INFO:colcon.colcon_core.shell:Creating package script '/home/new-sentry/Desktop/boom_ws/install/resolve/share/resolve/package.ps1'
[9.419s] INFO:colcon.colcon_core.shell:Creating package descriptor '/home/new-sentry/Desktop/boom_ws/install/resolve/share/resolve/package.dsv'
[9.420s] INFO:colcon.colcon_core.shell:Creating package script '/home/new-sentry/Desktop/boom_ws/install/resolve/share/resolve/package.sh'
[9.420s] INFO:colcon.colcon_core.shell:Creating package script '/home/new-sentry/Desktop/boom_ws/install/resolve/share/resolve/package.bash'
[9.421s] INFO:colcon.colcon_core.shell:Creating package script '/home/new-sentry/Desktop/boom_ws/install/resolve/share/resolve/package.zsh'
[9.421s] Level 1:colcon.colcon_core.environment:create_file_with_runtime_dependencies(/home/new-sentry/Desktop/boom_ws/install/resolve/share/colcon-core/packages/resolve)
[9.422s] DEBUG:colcon.colcon_parallel_executor.executor.parallel:closing loop
[9.422s] DEBUG:colcon.colcon_parallel_executor.executor.parallel:loop closed
[9.422s] DEBUG:colcon.colcon_parallel_executor.executor.parallel:run_until_complete finished with '0'
[9.422s] DEBUG:colcon.colcon_core.event_reactor:joining thread
[9.431s] INFO:colcon.colcon_core.plugin_system:Skipping extension 'colcon_notification.desktop_notification.terminal_notifier': Not used on non-Darwin systems
[9.432s] INFO:colcon.colcon_core.plugin_system:Skipping extension 'colcon_notification.desktop_notification.win32': Not used on non-Windows systems
[9.432s] INFO:colcon.colcon_notification.desktop_notification:Sending desktop notification using 'notify2'
[9.447s] DEBUG:colcon.colcon_core.event_reactor:joined thread
[9.449s] INFO:colcon.colcon_core.shell:Creating prefix script '/home/new-sentry/Desktop/boom_ws/install/local_setup.ps1'
[9.451s] INFO:colcon.colcon_core.shell:Creating prefix util module '/home/new-sentry/Desktop/boom_ws/install/_local_setup_util_ps1.py'
[9.454s] INFO:colcon.colcon_core.shell:Creating prefix chain script '/home/new-sentry/Desktop/boom_ws/install/setup.ps1'
[9.456s] INFO:colcon.colcon_core.shell:Creating prefix script '/home/new-sentry/Desktop/boom_ws/install/local_setup.sh'
[9.456s] INFO:colcon.colcon_core.shell:Creating prefix util module '/home/new-sentry/Desktop/boom_ws/install/_local_setup_util_sh.py'
[9.457s] INFO:colcon.colcon_core.shell:Creating prefix chain script '/home/new-sentry/Desktop/boom_ws/install/setup.sh'
[9.459s] INFO:colcon.colcon_core.shell:Creating prefix script '/home/new-sentry/Desktop/boom_ws/install/local_setup.bash'
[9.459s] INFO:colcon.colcon_core.shell:Creating prefix chain script '/home/new-sentry/Desktop/boom_ws/install/setup.bash'
[9.461s] INFO:colcon.colcon_core.shell:Creating prefix script '/home/new-sentry/Desktop/boom_ws/install/local_setup.zsh'
[9.462s] INFO:colcon.colcon_core.shell:Creating prefix chain script '/home/new-sentry/Desktop/boom_ws/install/setup.zsh'
