[0.065s] DEBUG:colcon:Command line arguments: ['/usr/bin/colcon', 'build']
[0.065s] DEBUG:colcon:Parsed command line arguments: Namespace(log_base=None, log_level=None, verb_name='build', build_base='build', install_base='install', merge_install=False, symlink_install=False, test_result_base=None, continue_on_error=False, executor='parallel', parallel_workers=20, event_handlers=None, ignore_user_meta=False, metas=['./colcon.meta'], base_paths=['.'], packages_ignore=None, packages_ignore_regex=None, paths=None, packages_up_to=None, packages_up_to_regex=None, packages_above=None, packages_above_and_dependencies=None, packages_above_depth=None, packages_select_by_dep=None, packages_skip_by_dep=None, packages_skip_up_to=None, packages_select_build_failed=False, packages_skip_build_finished=False, packages_select_test_failures=False, packages_skip_test_passed=False, packages_select=None, packages_skip=None, packages_select_regex=None, packages_skip_regex=None, packages_start=None, packages_end=None, allow_overriding=[], cmake_args=None, cmake_target=None, cmake_target_skip_unavailable=False, cmake_clean_cache=False, cmake_clean_first=False, cmake_force_configure=False, ament_cmake_args=None, catkin_cmake_args=None, catkin_skip_building_tests=False, verb_parser=<colcon_defaults.argument_parser.defaults.DefaultArgumentsDecorator object at 0x7d1dc7e37dc0>, verb_extension=<colcon_core.verb.build.BuildVerb object at 0x7d1dc7e36da0>, main=<bound method BuildVerb.main of <colcon_core.verb.build.BuildVerb object at 0x7d1dc7e36da0>>)
[0.164s] Level 1:colcon.colcon_core.package_discovery:discover_packages(colcon_meta) check parameters
[0.164s] Level 1:colcon.colcon_core.package_discovery:discover_packages(recursive) check parameters
[0.164s] Level 1:colcon.colcon_core.package_discovery:discover_packages(ignore) check parameters
[0.164s] Level 1:colcon.colcon_core.package_discovery:discover_packages(path) check parameters
[0.164s] Level 1:colcon.colcon_core.package_discovery:discover_packages(colcon_meta) discover
[0.164s] Level 1:colcon.colcon_core.package_discovery:discover_packages(recursive) discover
[0.164s] INFO:colcon.colcon_core.package_discovery:Crawling recursively for packages in '/home/xyq/Desktop/boom_ws'
[0.164s] Level 1:colcon.colcon_core.package_identification:_identify(.) by extensions ['ignore', 'ignore_ament_install']
[0.165s] Level 1:colcon.colcon_core.package_identification:_identify(.) by extension 'ignore'
[0.165s] Level 1:colcon.colcon_core.package_identification:_identify(.) by extension 'ignore_ament_install'
[0.165s] Level 1:colcon.colcon_core.package_identification:_identify(.) by extensions ['colcon_pkg']
[0.165s] Level 1:colcon.colcon_core.package_identification:_identify(.) by extension 'colcon_pkg'
[0.165s] Level 1:colcon.colcon_core.package_identification:_identify(.) by extensions ['colcon_meta']
[0.165s] Level 1:colcon.colcon_core.package_identification:_identify(.) by extension 'colcon_meta'
[0.165s] Level 1:colcon.colcon_core.package_identification:_identify(.) by extensions ['ros']
[0.165s] Level 1:colcon.colcon_core.package_identification:_identify(.) by extension 'ros'
[0.172s] Level 1:colcon.colcon_core.package_identification:_identify(.) by extensions ['cmake', 'python']
[0.172s] Level 1:colcon.colcon_core.package_identification:_identify(.) by extension 'cmake'
[0.172s] Level 1:colcon.colcon_core.package_identification:_identify(.) by extension 'python'
[0.172s] Level 1:colcon.colcon_core.package_identification:_identify(.) by extensions ['python_setup_py']
[0.172s] Level 1:colcon.colcon_core.package_identification:_identify(.) by extension 'python_setup_py'
[0.172s] Level 1:colcon.colcon_core.package_identification:_identify(build) by extensions ['ignore', 'ignore_ament_install']
[0.172s] Level 1:colcon.colcon_core.package_identification:_identify(build) by extension 'ignore'
[0.172s] Level 1:colcon.colcon_core.package_identification:_identify(build) ignored
[0.172s] Level 1:colcon.colcon_core.package_identification:_identify(config) by extensions ['ignore', 'ignore_ament_install']
[0.172s] Level 1:colcon.colcon_core.package_identification:_identify(config) by extension 'ignore'
[0.172s] Level 1:colcon.colcon_core.package_identification:_identify(config) by extension 'ignore_ament_install'
[0.172s] Level 1:colcon.colcon_core.package_identification:_identify(config) by extensions ['colcon_pkg']
[0.172s] Level 1:colcon.colcon_core.package_identification:_identify(config) by extension 'colcon_pkg'
[0.173s] Level 1:colcon.colcon_core.package_identification:_identify(config) by extensions ['colcon_meta']
[0.173s] Level 1:colcon.colcon_core.package_identification:_identify(config) by extension 'colcon_meta'
[0.173s] Level 1:colcon.colcon_core.package_identification:_identify(config) by extensions ['ros']
[0.173s] Level 1:colcon.colcon_core.package_identification:_identify(config) by extension 'ros'
[0.173s] Level 1:colcon.colcon_core.package_identification:_identify(config) by extensions ['cmake', 'python']
[0.173s] Level 1:colcon.colcon_core.package_identification:_identify(config) by extension 'cmake'
[0.173s] Level 1:colcon.colcon_core.package_identification:_identify(config) by extension 'python'
[0.173s] Level 1:colcon.colcon_core.package_identification:_identify(config) by extensions ['python_setup_py']
[0.173s] Level 1:colcon.colcon_core.package_identification:_identify(config) by extension 'python_setup_py'
[0.173s] Level 1:colcon.colcon_core.package_identification:_identify(install) by extensions ['ignore', 'ignore_ament_install']
[0.173s] Level 1:colcon.colcon_core.package_identification:_identify(install) by extension 'ignore'
[0.173s] Level 1:colcon.colcon_core.package_identification:_identify(install) ignored
[0.173s] Level 1:colcon.colcon_core.package_identification:_identify(log) by extensions ['ignore', 'ignore_ament_install']
[0.173s] Level 1:colcon.colcon_core.package_identification:_identify(log) by extension 'ignore'
[0.173s] Level 1:colcon.colcon_core.package_identification:_identify(log) ignored
[0.173s] Level 1:colcon.colcon_core.package_identification:_identify(src) by extensions ['ignore', 'ignore_ament_install']
[0.173s] Level 1:colcon.colcon_core.package_identification:_identify(src) by extension 'ignore'
[0.173s] Level 1:colcon.colcon_core.package_identification:_identify(src) by extension 'ignore_ament_install'
[0.173s] Level 1:colcon.colcon_core.package_identification:_identify(src) by extensions ['colcon_pkg']
[0.173s] Level 1:colcon.colcon_core.package_identification:_identify(src) by extension 'colcon_pkg'
[0.173s] Level 1:colcon.colcon_core.package_identification:_identify(src) by extensions ['colcon_meta']
[0.173s] Level 1:colcon.colcon_core.package_identification:_identify(src) by extension 'colcon_meta'
[0.173s] Level 1:colcon.colcon_core.package_identification:_identify(src) by extensions ['ros']
[0.173s] Level 1:colcon.colcon_core.package_identification:_identify(src) by extension 'ros'
[0.173s] Level 1:colcon.colcon_core.package_identification:_identify(src) by extensions ['cmake', 'python']
[0.173s] Level 1:colcon.colcon_core.package_identification:_identify(src) by extension 'cmake'
[0.173s] Level 1:colcon.colcon_core.package_identification:_identify(src) by extension 'python'
[0.173s] Level 1:colcon.colcon_core.package_identification:_identify(src) by extensions ['python_setup_py']
[0.173s] Level 1:colcon.colcon_core.package_identification:_identify(src) by extension 'python_setup_py'
[0.173s] Level 1:colcon.colcon_core.package_identification:_identify(src/display) by extensions ['ignore', 'ignore_ament_install']
[0.173s] Level 1:colcon.colcon_core.package_identification:_identify(src/display) by extension 'ignore'
[0.173s] Level 1:colcon.colcon_core.package_identification:_identify(src/display) by extension 'ignore_ament_install'
[0.173s] Level 1:colcon.colcon_core.package_identification:_identify(src/display) by extensions ['colcon_pkg']
[0.173s] Level 1:colcon.colcon_core.package_identification:_identify(src/display) by extension 'colcon_pkg'
[0.173s] Level 1:colcon.colcon_core.package_identification:_identify(src/display) by extensions ['colcon_meta']
[0.173s] Level 1:colcon.colcon_core.package_identification:_identify(src/display) by extension 'colcon_meta'
[0.173s] Level 1:colcon.colcon_core.package_identification:_identify(src/display) by extensions ['ros']
[0.173s] Level 1:colcon.colcon_core.package_identification:_identify(src/display) by extension 'ros'
[0.176s] DEBUG:colcon.colcon_core.package_identification:Package 'src/display' with type 'ros.ament_cmake' and name 'display'
[0.176s] Level 1:colcon.colcon_core.package_identification:_identify(src/hik_camera_ros2_driver) by extensions ['ignore', 'ignore_ament_install']
[0.176s] Level 1:colcon.colcon_core.package_identification:_identify(src/hik_camera_ros2_driver) by extension 'ignore'
[0.176s] Level 1:colcon.colcon_core.package_identification:_identify(src/hik_camera_ros2_driver) by extension 'ignore_ament_install'
[0.176s] Level 1:colcon.colcon_core.package_identification:_identify(src/hik_camera_ros2_driver) by extensions ['colcon_pkg']
[0.176s] Level 1:colcon.colcon_core.package_identification:_identify(src/hik_camera_ros2_driver) by extension 'colcon_pkg'
[0.176s] Level 1:colcon.colcon_core.package_identification:_identify(src/hik_camera_ros2_driver) by extensions ['colcon_meta']
[0.176s] Level 1:colcon.colcon_core.package_identification:_identify(src/hik_camera_ros2_driver) by extension 'colcon_meta'
[0.176s] Level 1:colcon.colcon_core.package_identification:_identify(src/hik_camera_ros2_driver) by extensions ['ros']
[0.176s] Level 1:colcon.colcon_core.package_identification:_identify(src/hik_camera_ros2_driver) by extension 'ros'
[0.177s] DEBUG:colcon.colcon_core.package_identification:Package 'src/hik_camera_ros2_driver' with type 'ros.ament_cmake' and name 'hik_camera_ros2_driver'
[0.177s] Level 1:colcon.colcon_core.package_identification:_identify(src/resolving) by extensions ['ignore', 'ignore_ament_install']
[0.177s] Level 1:colcon.colcon_core.package_identification:_identify(src/resolving) by extension 'ignore'
[0.177s] Level 1:colcon.colcon_core.package_identification:_identify(src/resolving) by extension 'ignore_ament_install'
[0.177s] Level 1:colcon.colcon_core.package_identification:_identify(src/resolving) by extensions ['colcon_pkg']
[0.177s] Level 1:colcon.colcon_core.package_identification:_identify(src/resolving) by extension 'colcon_pkg'
[0.177s] Level 1:colcon.colcon_core.package_identification:_identify(src/resolving) by extensions ['colcon_meta']
[0.177s] Level 1:colcon.colcon_core.package_identification:_identify(src/resolving) by extension 'colcon_meta'
[0.177s] Level 1:colcon.colcon_core.package_identification:_identify(src/resolving) by extensions ['ros']
[0.177s] Level 1:colcon.colcon_core.package_identification:_identify(src/resolving) by extension 'ros'
[0.178s] DEBUG:colcon.colcon_core.package_identification:Package 'src/resolving' with type 'ros.ament_cmake' and name 'resolve'
[0.178s] Level 1:colcon.colcon_core.package_identification:_identify(src/serial) by extensions ['ignore', 'ignore_ament_install']
[0.178s] Level 1:colcon.colcon_core.package_identification:_identify(src/serial) by extension 'ignore'
[0.178s] Level 1:colcon.colcon_core.package_identification:_identify(src/serial) by extension 'ignore_ament_install'
[0.178s] Level 1:colcon.colcon_core.package_identification:_identify(src/serial) by extensions ['colcon_pkg']
[0.178s] Level 1:colcon.colcon_core.package_identification:_identify(src/serial) by extension 'colcon_pkg'
[0.178s] Level 1:colcon.colcon_core.package_identification:_identify(src/serial) by extensions ['colcon_meta']
[0.178s] Level 1:colcon.colcon_core.package_identification:_identify(src/serial) by extension 'colcon_meta'
[0.178s] Level 1:colcon.colcon_core.package_identification:_identify(src/serial) by extensions ['ros']
[0.178s] Level 1:colcon.colcon_core.package_identification:_identify(src/serial) by extension 'ros'
[0.179s] DEBUG:colcon.colcon_core.package_identification:Package 'src/serial' with type 'ros.ament_cmake' and name 'serial'
[0.179s] Level 1:colcon.colcon_core.package_identification:_identify(src/vision_interfaces) by extensions ['ignore', 'ignore_ament_install']
[0.179s] Level 1:colcon.colcon_core.package_identification:_identify(src/vision_interfaces) by extension 'ignore'
[0.179s] Level 1:colcon.colcon_core.package_identification:_identify(src/vision_interfaces) by extension 'ignore_ament_install'
[0.179s] Level 1:colcon.colcon_core.package_identification:_identify(src/vision_interfaces) by extensions ['colcon_pkg']
[0.179s] Level 1:colcon.colcon_core.package_identification:_identify(src/vision_interfaces) by extension 'colcon_pkg'
[0.179s] Level 1:colcon.colcon_core.package_identification:_identify(src/vision_interfaces) by extensions ['colcon_meta']
[0.179s] Level 1:colcon.colcon_core.package_identification:_identify(src/vision_interfaces) by extension 'colcon_meta'
[0.179s] Level 1:colcon.colcon_core.package_identification:_identify(src/vision_interfaces) by extensions ['ros']
[0.179s] Level 1:colcon.colcon_core.package_identification:_identify(src/vision_interfaces) by extension 'ros'
[0.179s] DEBUG:colcon.colcon_core.package_identification:Package 'src/vision_interfaces' with type 'ros.ament_cmake' and name 'vision_interfaces'
[0.179s] Level 1:colcon.colcon_core.package_discovery:discover_packages(recursive) using defaults
[0.179s] Level 1:colcon.colcon_core.package_discovery:discover_packages(ignore) discover
[0.179s] Level 1:colcon.colcon_core.package_discovery:discover_packages(ignore) using defaults
[0.179s] Level 1:colcon.colcon_core.package_discovery:discover_packages(path) discover
[0.179s] Level 1:colcon.colcon_core.package_discovery:discover_packages(path) using defaults
[0.198s] Level 1:colcon.colcon_core.package_discovery:discover_packages(prefix_path) check parameters
[0.198s] Level 1:colcon.colcon_core.package_discovery:discover_packages(prefix_path) discover
[0.199s] WARNING:colcon.colcon_ros.prefix_path.ament:The path '/home/xyq/Desktop/boom_ws/install/serial' in the environment variable AMENT_PREFIX_PATH doesn't exist
[0.199s] WARNING:colcon.colcon_ros.prefix_path.ament:The path '/home/xyq/Desktop/boom_ws/install/resolve' in the environment variable AMENT_PREFIX_PATH doesn't exist
[0.199s] WARNING:colcon.colcon_ros.prefix_path.ament:The path '/home/xyq/Desktop/boom_ws/install/vision_interfaces' in the environment variable AMENT_PREFIX_PATH doesn't exist
[0.199s] WARNING:colcon.colcon_ros.prefix_path.ament:The path '/home/xyq/Desktop/boom_ws/install/hik_camera_ros2_driver' in the environment variable AMENT_PREFIX_PATH doesn't exist
[0.199s] WARNING:colcon.colcon_ros.prefix_path.ament:The path '/home/xyq/Desktop/boom_ws/install/display' in the environment variable AMENT_PREFIX_PATH doesn't exist
[0.199s] WARNING:colcon.colcon_ros.prefix_path.catkin:The path '/home/xyq/Desktop/boom_ws/install/serial' in the environment variable CMAKE_PREFIX_PATH doesn't exist
[0.199s] WARNING:colcon.colcon_ros.prefix_path.catkin:The path '/home/xyq/Desktop/boom_ws/install/resolve' in the environment variable CMAKE_PREFIX_PATH doesn't exist
[0.199s] WARNING:colcon.colcon_ros.prefix_path.catkin:The path '/home/xyq/Desktop/boom_ws/install/vision_interfaces' in the environment variable CMAKE_PREFIX_PATH doesn't exist
[0.199s] WARNING:colcon.colcon_ros.prefix_path.catkin:The path '/home/xyq/Desktop/boom_ws/install/hik_camera_ros2_driver' in the environment variable CMAKE_PREFIX_PATH doesn't exist
[0.199s] WARNING:colcon.colcon_ros.prefix_path.catkin:The path '/home/xyq/Desktop/boom_ws/install/display' in the environment variable CMAKE_PREFIX_PATH doesn't exist
[0.199s] DEBUG:colcon.colcon_installed_package_information.package_discovery:Found 0 installed packages in /home/xyq/Desktop/boom_ws/install
[0.200s] DEBUG:colcon.colcon_installed_package_information.package_discovery:Found 309 installed packages in /opt/ros/humble
[0.201s] Level 1:colcon.colcon_core.package_discovery:discover_packages(prefix_path) using defaults
[0.225s] Level 5:colcon.colcon_core.verb:set package 'display' build argument 'cmake_args' from command line to 'None'
[0.225s] Level 5:colcon.colcon_core.verb:set package 'display' build argument 'cmake_target' from command line to 'None'
[0.225s] Level 5:colcon.colcon_core.verb:set package 'display' build argument 'cmake_target_skip_unavailable' from command line to 'False'
[0.225s] Level 5:colcon.colcon_core.verb:set package 'display' build argument 'cmake_clean_cache' from command line to 'False'
[0.225s] Level 5:colcon.colcon_core.verb:set package 'display' build argument 'cmake_clean_first' from command line to 'False'
[0.225s] Level 5:colcon.colcon_core.verb:set package 'display' build argument 'cmake_force_configure' from command line to 'False'
[0.225s] Level 5:colcon.colcon_core.verb:set package 'display' build argument 'ament_cmake_args' from command line to 'None'
[0.225s] Level 5:colcon.colcon_core.verb:set package 'display' build argument 'catkin_cmake_args' from command line to 'None'
[0.225s] Level 5:colcon.colcon_core.verb:set package 'display' build argument 'catkin_skip_building_tests' from command line to 'False'
[0.225s] DEBUG:colcon.colcon_core.verb:Building package 'display' with the following arguments: {'ament_cmake_args': None, 'build_base': '/home/xyq/Desktop/boom_ws/build/display', 'catkin_cmake_args': None, 'catkin_skip_building_tests': False, 'cmake_args': None, 'cmake_clean_cache': False, 'cmake_clean_first': False, 'cmake_force_configure': False, 'cmake_target': None, 'cmake_target_skip_unavailable': False, 'install_base': '/home/xyq/Desktop/boom_ws/install/display', 'merge_install': False, 'path': '/home/xyq/Desktop/boom_ws/src/display', 'symlink_install': False, 'test_result_base': None}
[0.225s] Level 5:colcon.colcon_core.verb:set package 'hik_camera_ros2_driver' build argument 'cmake_args' from command line to 'None'
[0.225s] Level 5:colcon.colcon_core.verb:set package 'hik_camera_ros2_driver' build argument 'cmake_target' from command line to 'None'
[0.225s] Level 5:colcon.colcon_core.verb:set package 'hik_camera_ros2_driver' build argument 'cmake_target_skip_unavailable' from command line to 'False'
[0.225s] Level 5:colcon.colcon_core.verb:set package 'hik_camera_ros2_driver' build argument 'cmake_clean_cache' from command line to 'False'
[0.225s] Level 5:colcon.colcon_core.verb:set package 'hik_camera_ros2_driver' build argument 'cmake_clean_first' from command line to 'False'
[0.225s] Level 5:colcon.colcon_core.verb:set package 'hik_camera_ros2_driver' build argument 'cmake_force_configure' from command line to 'False'
[0.225s] Level 5:colcon.colcon_core.verb:set package 'hik_camera_ros2_driver' build argument 'ament_cmake_args' from command line to 'None'
[0.225s] Level 5:colcon.colcon_core.verb:set package 'hik_camera_ros2_driver' build argument 'catkin_cmake_args' from command line to 'None'
[0.225s] Level 5:colcon.colcon_core.verb:set package 'hik_camera_ros2_driver' build argument 'catkin_skip_building_tests' from command line to 'False'
[0.225s] DEBUG:colcon.colcon_core.verb:Building package 'hik_camera_ros2_driver' with the following arguments: {'ament_cmake_args': None, 'build_base': '/home/xyq/Desktop/boom_ws/build/hik_camera_ros2_driver', 'catkin_cmake_args': None, 'catkin_skip_building_tests': False, 'cmake_args': None, 'cmake_clean_cache': False, 'cmake_clean_first': False, 'cmake_force_configure': False, 'cmake_target': None, 'cmake_target_skip_unavailable': False, 'install_base': '/home/xyq/Desktop/boom_ws/install/hik_camera_ros2_driver', 'merge_install': False, 'path': '/home/xyq/Desktop/boom_ws/src/hik_camera_ros2_driver', 'symlink_install': False, 'test_result_base': None}
[0.226s] Level 5:colcon.colcon_core.verb:set package 'vision_interfaces' build argument 'cmake_args' from command line to 'None'
[0.226s] Level 5:colcon.colcon_core.verb:set package 'vision_interfaces' build argument 'cmake_target' from command line to 'None'
[0.226s] Level 5:colcon.colcon_core.verb:set package 'vision_interfaces' build argument 'cmake_target_skip_unavailable' from command line to 'False'
[0.226s] Level 5:colcon.colcon_core.verb:set package 'vision_interfaces' build argument 'cmake_clean_cache' from command line to 'False'
[0.226s] Level 5:colcon.colcon_core.verb:set package 'vision_interfaces' build argument 'cmake_clean_first' from command line to 'False'
[0.226s] Level 5:colcon.colcon_core.verb:set package 'vision_interfaces' build argument 'cmake_force_configure' from command line to 'False'
[0.226s] Level 5:colcon.colcon_core.verb:set package 'vision_interfaces' build argument 'ament_cmake_args' from command line to 'None'
[0.226s] Level 5:colcon.colcon_core.verb:set package 'vision_interfaces' build argument 'catkin_cmake_args' from command line to 'None'
[0.226s] Level 5:colcon.colcon_core.verb:set package 'vision_interfaces' build argument 'catkin_skip_building_tests' from command line to 'False'
[0.226s] DEBUG:colcon.colcon_core.verb:Building package 'vision_interfaces' with the following arguments: {'ament_cmake_args': None, 'build_base': '/home/xyq/Desktop/boom_ws/build/vision_interfaces', 'catkin_cmake_args': None, 'catkin_skip_building_tests': False, 'cmake_args': None, 'cmake_clean_cache': False, 'cmake_clean_first': False, 'cmake_force_configure': False, 'cmake_target': None, 'cmake_target_skip_unavailable': False, 'install_base': '/home/xyq/Desktop/boom_ws/install/vision_interfaces', 'merge_install': False, 'path': '/home/xyq/Desktop/boom_ws/src/vision_interfaces', 'symlink_install': False, 'test_result_base': None}
[0.226s] Level 5:colcon.colcon_core.verb:set package 'resolve' build argument 'cmake_args' from command line to 'None'
[0.226s] Level 5:colcon.colcon_core.verb:set package 'resolve' build argument 'cmake_target' from command line to 'None'
[0.226s] Level 5:colcon.colcon_core.verb:set package 'resolve' build argument 'cmake_target_skip_unavailable' from command line to 'False'
[0.226s] Level 5:colcon.colcon_core.verb:set package 'resolve' build argument 'cmake_clean_cache' from command line to 'False'
[0.226s] Level 5:colcon.colcon_core.verb:set package 'resolve' build argument 'cmake_clean_first' from command line to 'False'
[0.226s] Level 5:colcon.colcon_core.verb:set package 'resolve' build argument 'cmake_force_configure' from command line to 'False'
[0.226s] Level 5:colcon.colcon_core.verb:set package 'resolve' build argument 'ament_cmake_args' from command line to 'None'
[0.226s] Level 5:colcon.colcon_core.verb:set package 'resolve' build argument 'catkin_cmake_args' from command line to 'None'
[0.226s] Level 5:colcon.colcon_core.verb:set package 'resolve' build argument 'catkin_skip_building_tests' from command line to 'False'
[0.226s] DEBUG:colcon.colcon_core.verb:Building package 'resolve' with the following arguments: {'ament_cmake_args': None, 'build_base': '/home/xyq/Desktop/boom_ws/build/resolve', 'catkin_cmake_args': None, 'catkin_skip_building_tests': False, 'cmake_args': None, 'cmake_clean_cache': False, 'cmake_clean_first': False, 'cmake_force_configure': False, 'cmake_target': None, 'cmake_target_skip_unavailable': False, 'install_base': '/home/xyq/Desktop/boom_ws/install/resolve', 'merge_install': False, 'path': '/home/xyq/Desktop/boom_ws/src/resolving', 'symlink_install': False, 'test_result_base': None}
[0.226s] Level 5:colcon.colcon_core.verb:set package 'serial' build argument 'cmake_args' from command line to 'None'
[0.226s] Level 5:colcon.colcon_core.verb:set package 'serial' build argument 'cmake_target' from command line to 'None'
[0.226s] Level 5:colcon.colcon_core.verb:set package 'serial' build argument 'cmake_target_skip_unavailable' from command line to 'False'
[0.226s] Level 5:colcon.colcon_core.verb:set package 'serial' build argument 'cmake_clean_cache' from command line to 'False'
[0.226s] Level 5:colcon.colcon_core.verb:set package 'serial' build argument 'cmake_clean_first' from command line to 'False'
[0.226s] Level 5:colcon.colcon_core.verb:set package 'serial' build argument 'cmake_force_configure' from command line to 'False'
[0.226s] Level 5:colcon.colcon_core.verb:set package 'serial' build argument 'ament_cmake_args' from command line to 'None'
[0.226s] Level 5:colcon.colcon_core.verb:set package 'serial' build argument 'catkin_cmake_args' from command line to 'None'
[0.226s] Level 5:colcon.colcon_core.verb:set package 'serial' build argument 'catkin_skip_building_tests' from command line to 'False'
[0.226s] DEBUG:colcon.colcon_core.verb:Building package 'serial' with the following arguments: {'ament_cmake_args': None, 'build_base': '/home/xyq/Desktop/boom_ws/build/serial', 'catkin_cmake_args': None, 'catkin_skip_building_tests': False, 'cmake_args': None, 'cmake_clean_cache': False, 'cmake_clean_first': False, 'cmake_force_configure': False, 'cmake_target': None, 'cmake_target_skip_unavailable': False, 'install_base': '/home/xyq/Desktop/boom_ws/install/serial', 'merge_install': False, 'path': '/home/xyq/Desktop/boom_ws/src/serial', 'symlink_install': False, 'test_result_base': None}
[0.227s] INFO:colcon.colcon_core.executor:Executing jobs using 'parallel' executor
[0.228s] DEBUG:colcon.colcon_parallel_executor.executor.parallel:run_until_complete
[0.228s] INFO:colcon.colcon_ros.task.ament_cmake.build:Building ROS package in '/home/xyq/Desktop/boom_ws/src/vision_interfaces' with build type 'ament_cmake'
[0.228s] INFO:colcon.colcon_cmake.task.cmake.build:Building CMake package in '/home/xyq/Desktop/boom_ws/src/vision_interfaces'
[0.229s] INFO:colcon.colcon_core.plugin_system:Skipping extension 'colcon_core.shell.bat': Not used on non-Windows systems
[0.229s] INFO:colcon.colcon_core.shell:Skip shell extension 'powershell' for command environment: Not usable outside of PowerShell
[0.229s] DEBUG:colcon.colcon_core.shell:Skip shell extension 'dsv' for command environment
[0.231s] INFO:colcon.colcon_ros.task.ament_cmake.build:Building ROS package in '/home/xyq/Desktop/boom_ws/src/display' with build type 'ament_cmake'
[0.232s] INFO:colcon.colcon_cmake.task.cmake.build:Building CMake package in '/home/xyq/Desktop/boom_ws/src/display'
[0.232s] INFO:colcon.colcon_core.shell:Skip shell extension 'powershell' for command environment: Not usable outside of PowerShell
[0.232s] DEBUG:colcon.colcon_core.shell:Skip shell extension 'dsv' for command environment
[0.234s] INFO:colcon.colcon_ros.task.ament_cmake.build:Building ROS package in '/home/xyq/Desktop/boom_ws/src/hik_camera_ros2_driver' with build type 'ament_cmake'
[0.234s] INFO:colcon.colcon_cmake.task.cmake.build:Building CMake package in '/home/xyq/Desktop/boom_ws/src/hik_camera_ros2_driver'
[0.234s] INFO:colcon.colcon_core.shell:Skip shell extension 'powershell' for command environment: Not usable outside of PowerShell
[0.234s] DEBUG:colcon.colcon_core.shell:Skip shell extension 'dsv' for command environment
[0.239s] DEBUG:colcon.colcon_core.event_handler.log_command:Invoking command in '/home/xyq/Desktop/boom_ws/build/vision_interfaces': CMAKE_PREFIX_PATH=${CMAKE_PREFIX_PATH}:/opt/ros/humble /usr/bin/cmake /home/xyq/Desktop/boom_ws/src/vision_interfaces -DCMAKE_INSTALL_PREFIX=/home/xyq/Desktop/boom_ws/install/vision_interfaces
[0.242s] DEBUG:colcon.colcon_core.event_handler.log_command:Invoking command in '/home/xyq/Desktop/boom_ws/build/display': CMAKE_PREFIX_PATH=${CMAKE_PREFIX_PATH}:/opt/ros/humble /usr/bin/cmake /home/xyq/Desktop/boom_ws/src/display -DCMAKE_INSTALL_PREFIX=/home/xyq/Desktop/boom_ws/install/display
[0.244s] DEBUG:colcon.colcon_core.event_handler.log_command:Invoking command in '/home/xyq/Desktop/boom_ws/build/hik_camera_ros2_driver': CMAKE_PREFIX_PATH=${CMAKE_PREFIX_PATH}:/opt/ros/humble /usr/bin/cmake /home/xyq/Desktop/boom_ws/src/hik_camera_ros2_driver -DCMAKE_INSTALL_PREFIX=/home/xyq/Desktop/boom_ws/install/hik_camera_ros2_driver
[1.236s] DEBUG:colcon.colcon_core.event_handler.log_command:Invoked command in '/home/xyq/Desktop/boom_ws/build/display' returned '0': CMAKE_PREFIX_PATH=${CMAKE_PREFIX_PATH}:/opt/ros/humble /usr/bin/cmake /home/xyq/Desktop/boom_ws/src/display -DCMAKE_INSTALL_PREFIX=/home/xyq/Desktop/boom_ws/install/display
[1.238s] DEBUG:colcon.colcon_core.event_handler.log_command:Invoking command in '/home/xyq/Desktop/boom_ws/build/display': CMAKE_PREFIX_PATH=${CMAKE_PREFIX_PATH}:/opt/ros/humble /usr/bin/cmake --build /home/xyq/Desktop/boom_ws/build/display -- -j20 -l20
[1.280s] DEBUG:colcon.colcon_core.event_handler.log_command:Invoked command in '/home/xyq/Desktop/boom_ws/build/hik_camera_ros2_driver' returned '0': CMAKE_PREFIX_PATH=${CMAKE_PREFIX_PATH}:/opt/ros/humble /usr/bin/cmake /home/xyq/Desktop/boom_ws/src/hik_camera_ros2_driver -DCMAKE_INSTALL_PREFIX=/home/xyq/Desktop/boom_ws/install/hik_camera_ros2_driver
[1.282s] DEBUG:colcon.colcon_core.event_handler.log_command:Invoking command in '/home/xyq/Desktop/boom_ws/build/hik_camera_ros2_driver': CMAKE_PREFIX_PATH=${CMAKE_PREFIX_PATH}:/opt/ros/humble /usr/bin/cmake --build /home/xyq/Desktop/boom_ws/build/hik_camera_ros2_driver -- -j20 -l20
[1.922s] DEBUG:colcon.colcon_core.event_handler.log_command:Invoked command in '/home/xyq/Desktop/boom_ws/build/vision_interfaces' returned '0': CMAKE_PREFIX_PATH=${CMAKE_PREFIX_PATH}:/opt/ros/humble /usr/bin/cmake /home/xyq/Desktop/boom_ws/src/vision_interfaces -DCMAKE_INSTALL_PREFIX=/home/xyq/Desktop/boom_ws/install/vision_interfaces
[1.924s] DEBUG:colcon.colcon_core.event_handler.log_command:Invoking command in '/home/xyq/Desktop/boom_ws/build/vision_interfaces': CMAKE_PREFIX_PATH=${CMAKE_PREFIX_PATH}:/opt/ros/humble /usr/bin/cmake --build /home/xyq/Desktop/boom_ws/build/vision_interfaces -- -j20 -l20
[3.586s] DEBUG:colcon.colcon_core.event_handler.log_command:Invoked command in '/home/xyq/Desktop/boom_ws/build/vision_interfaces' returned '0': CMAKE_PREFIX_PATH=${CMAKE_PREFIX_PATH}:/opt/ros/humble /usr/bin/cmake --build /home/xyq/Desktop/boom_ws/build/vision_interfaces -- -j20 -l20
[3.597s] DEBUG:colcon.colcon_core.event_handler.log_command:Invoking command in '/home/xyq/Desktop/boom_ws/build/vision_interfaces': CMAKE_PREFIX_PATH=${CMAKE_PREFIX_PATH}:/opt/ros/humble /usr/bin/cmake --install /home/xyq/Desktop/boom_ws/build/vision_interfaces
[3.646s] Level 1:colcon.colcon_core.environment:create_environment_scripts_only(vision_interfaces)
[3.648s] DEBUG:colcon.colcon_core.event_handler.log_command:Invoked command in '/home/xyq/Desktop/boom_ws/build/vision_interfaces' returned '0': CMAKE_PREFIX_PATH=${CMAKE_PREFIX_PATH}:/opt/ros/humble /usr/bin/cmake --install /home/xyq/Desktop/boom_ws/build/vision_interfaces
[3.651s] Level 1:colcon.colcon_core.environment:checking '/home/xyq/Desktop/boom_ws/install/vision_interfaces' for CMake module files
[3.652s] Level 1:colcon.colcon_core.environment:checking '/home/xyq/Desktop/boom_ws/install/vision_interfaces' for CMake config files
[3.653s] Level 1:colcon.colcon_core.shell:create_environment_hook('vision_interfaces', 'cmake_prefix_path')
[3.653s] INFO:colcon.colcon_core.shell:Creating environment hook '/home/xyq/Desktop/boom_ws/install/vision_interfaces/share/vision_interfaces/hook/cmake_prefix_path.ps1'
[3.654s] INFO:colcon.colcon_core.shell:Creating environment descriptor '/home/xyq/Desktop/boom_ws/install/vision_interfaces/share/vision_interfaces/hook/cmake_prefix_path.dsv'
[3.654s] INFO:colcon.colcon_core.shell:Creating environment hook '/home/xyq/Desktop/boom_ws/install/vision_interfaces/share/vision_interfaces/hook/cmake_prefix_path.sh'
[3.655s] Level 1:colcon.colcon_core.environment:checking '/home/xyq/Desktop/boom_ws/install/vision_interfaces/lib'
[3.655s] Level 1:colcon.colcon_core.shell:create_environment_hook('vision_interfaces', 'ld_library_path_lib')
[3.655s] INFO:colcon.colcon_core.shell:Creating environment hook '/home/xyq/Desktop/boom_ws/install/vision_interfaces/share/vision_interfaces/hook/ld_library_path_lib.ps1'
[3.655s] INFO:colcon.colcon_core.shell:Creating environment descriptor '/home/xyq/Desktop/boom_ws/install/vision_interfaces/share/vision_interfaces/hook/ld_library_path_lib.dsv'
[3.655s] INFO:colcon.colcon_core.shell:Creating environment hook '/home/xyq/Desktop/boom_ws/install/vision_interfaces/share/vision_interfaces/hook/ld_library_path_lib.sh'
[3.656s] Level 1:colcon.colcon_core.environment:checking '/home/xyq/Desktop/boom_ws/install/vision_interfaces/bin'
[3.656s] Level 1:colcon.colcon_core.environment:checking '/home/xyq/Desktop/boom_ws/install/vision_interfaces/lib/pkgconfig/vision_interfaces.pc'
[3.656s] Level 1:colcon.colcon_core.environment:checking '/home/xyq/Desktop/boom_ws/install/vision_interfaces/lib/python3.10/site-packages'
[3.656s] Level 1:colcon.colcon_core.environment:checking '/home/xyq/Desktop/boom_ws/install/vision_interfaces/bin'
[3.656s] INFO:colcon.colcon_core.shell:Creating package script '/home/xyq/Desktop/boom_ws/install/vision_interfaces/share/vision_interfaces/package.ps1'
[3.657s] INFO:colcon.colcon_core.shell:Creating package descriptor '/home/xyq/Desktop/boom_ws/install/vision_interfaces/share/vision_interfaces/package.dsv'
[3.657s] INFO:colcon.colcon_core.shell:Creating package script '/home/xyq/Desktop/boom_ws/install/vision_interfaces/share/vision_interfaces/package.sh'
[3.658s] INFO:colcon.colcon_core.shell:Creating package script '/home/xyq/Desktop/boom_ws/install/vision_interfaces/share/vision_interfaces/package.bash'
[3.658s] INFO:colcon.colcon_core.shell:Creating package script '/home/xyq/Desktop/boom_ws/install/vision_interfaces/share/vision_interfaces/package.zsh'
[3.658s] Level 1:colcon.colcon_core.environment:create_file_with_runtime_dependencies(/home/xyq/Desktop/boom_ws/install/vision_interfaces/share/colcon-core/packages/vision_interfaces)
[3.659s] Level 1:colcon.colcon_core.environment:create_environment_scripts_only(vision_interfaces)
[3.659s] Level 1:colcon.colcon_core.environment:checking '/home/xyq/Desktop/boom_ws/install/vision_interfaces' for CMake module files
[3.659s] Level 1:colcon.colcon_core.environment:checking '/home/xyq/Desktop/boom_ws/install/vision_interfaces' for CMake config files
[3.660s] Level 1:colcon.colcon_core.shell:create_environment_hook('vision_interfaces', 'cmake_prefix_path')
[3.660s] INFO:colcon.colcon_core.shell:Creating environment hook '/home/xyq/Desktop/boom_ws/install/vision_interfaces/share/vision_interfaces/hook/cmake_prefix_path.ps1'
[3.660s] INFO:colcon.colcon_core.shell:Creating environment descriptor '/home/xyq/Desktop/boom_ws/install/vision_interfaces/share/vision_interfaces/hook/cmake_prefix_path.dsv'
[3.660s] INFO:colcon.colcon_core.shell:Creating environment hook '/home/xyq/Desktop/boom_ws/install/vision_interfaces/share/vision_interfaces/hook/cmake_prefix_path.sh'
[3.661s] Level 1:colcon.colcon_core.environment:checking '/home/xyq/Desktop/boom_ws/install/vision_interfaces/lib'
[3.661s] Level 1:colcon.colcon_core.shell:create_environment_hook('vision_interfaces', 'ld_library_path_lib')
[3.661s] INFO:colcon.colcon_core.shell:Creating environment hook '/home/xyq/Desktop/boom_ws/install/vision_interfaces/share/vision_interfaces/hook/ld_library_path_lib.ps1'
[3.661s] INFO:colcon.colcon_core.shell:Creating environment descriptor '/home/xyq/Desktop/boom_ws/install/vision_interfaces/share/vision_interfaces/hook/ld_library_path_lib.dsv'
[3.661s] INFO:colcon.colcon_core.shell:Creating environment hook '/home/xyq/Desktop/boom_ws/install/vision_interfaces/share/vision_interfaces/hook/ld_library_path_lib.sh'
[3.661s] Level 1:colcon.colcon_core.environment:checking '/home/xyq/Desktop/boom_ws/install/vision_interfaces/bin'
[3.661s] Level 1:colcon.colcon_core.environment:checking '/home/xyq/Desktop/boom_ws/install/vision_interfaces/lib/pkgconfig/vision_interfaces.pc'
[3.662s] Level 1:colcon.colcon_core.environment:checking '/home/xyq/Desktop/boom_ws/install/vision_interfaces/lib/python3.10/site-packages'
[3.662s] Level 1:colcon.colcon_core.environment:checking '/home/xyq/Desktop/boom_ws/install/vision_interfaces/bin'
[3.662s] INFO:colcon.colcon_core.shell:Creating package script '/home/xyq/Desktop/boom_ws/install/vision_interfaces/share/vision_interfaces/package.ps1'
[3.662s] INFO:colcon.colcon_core.shell:Creating package descriptor '/home/xyq/Desktop/boom_ws/install/vision_interfaces/share/vision_interfaces/package.dsv'
[3.663s] INFO:colcon.colcon_core.shell:Creating package script '/home/xyq/Desktop/boom_ws/install/vision_interfaces/share/vision_interfaces/package.sh'
[3.663s] INFO:colcon.colcon_core.shell:Creating package script '/home/xyq/Desktop/boom_ws/install/vision_interfaces/share/vision_interfaces/package.bash'
[3.663s] INFO:colcon.colcon_core.shell:Creating package script '/home/xyq/Desktop/boom_ws/install/vision_interfaces/share/vision_interfaces/package.zsh'
[3.663s] Level 1:colcon.colcon_core.environment:create_file_with_runtime_dependencies(/home/xyq/Desktop/boom_ws/install/vision_interfaces/share/colcon-core/packages/vision_interfaces)
[3.663s] INFO:colcon.colcon_ros.task.ament_cmake.build:Building ROS package in '/home/xyq/Desktop/boom_ws/src/resolving' with build type 'ament_cmake'
[3.664s] INFO:colcon.colcon_cmake.task.cmake.build:Building CMake package in '/home/xyq/Desktop/boom_ws/src/resolving'
[3.664s] INFO:colcon.colcon_core.shell:Skip shell extension 'powershell' for command environment: Not usable outside of PowerShell
[3.664s] DEBUG:colcon.colcon_core.shell:Skip shell extension 'dsv' for command environment
[3.666s] INFO:colcon.colcon_ros.task.ament_cmake.build:Building ROS package in '/home/xyq/Desktop/boom_ws/src/serial' with build type 'ament_cmake'
[3.666s] INFO:colcon.colcon_cmake.task.cmake.build:Building CMake package in '/home/xyq/Desktop/boom_ws/src/serial'
[3.667s] INFO:colcon.colcon_core.shell:Skip shell extension 'powershell' for command environment: Not usable outside of PowerShell
[3.667s] DEBUG:colcon.colcon_core.shell:Skip shell extension 'dsv' for command environment
[3.674s] DEBUG:colcon.colcon_core.event_handler.log_command:Invoking command in '/home/xyq/Desktop/boom_ws/build/resolve': CMAKE_PREFIX_PATH=/home/xyq/Desktop/boom_ws/install/vision_interfaces:/home/xyq/Desktop/boom_ws/install/serial:/home/xyq/Desktop/boom_ws/install/resolve:/home/xyq/Desktop/boom_ws/install/hik_camera_ros2_driver:/home/xyq/Desktop/boom_ws/install/display:/opt/ros/humble LD_LIBRARY_PATH=/home/xyq/Desktop/boom_ws/install/vision_interfaces/lib:/home/xyq/env/TensorRT-10.5.0.18.Linux.x86_64-gnu.cuda-12.6/TensorRT-10.5.0.18/lib/nvonnxparser:/home/xyq/env/TensorRT-10.5.0.18.Linux.x86_64-gnu.cuda-12.6/TensorRT-10.5.0.18/lib:/home/xyq/Desktop/boom_ws/install/hik_camera_ros2_driver/lib:/opt/MVS/lib/64:/opt/MVS/lib/32:/opt/MVS/lib/64:/opt/MVS/lib/32:/home/xyq/env/TensorRT-10.5.0.18.Linux.x86_64-gnu.cuda-12.6/TensorRT-10.5.0.18/lib/nvonnxparser:/home/xyq/env/TensorRT-10.5.0.18.Linux.x86_64-gnu.cuda-12.6/TensorRT-10.5.0.18/lib:/opt/ros/humble/opt/rviz_ogre_vendor/lib:/opt/ros/humble/lib/x86_64-linux-gnu:/opt/ros/humble/lib:/opt/MVS/lib/64:/opt/MVS/lib/32:/tmp/.mount_cursorJLXbVl/usr/lib:/opt/MVS/lib/64:/opt/MVS/lib/32:/opt/MVS/lib/64:/opt/MVS/lib/32 /usr/bin/cmake /home/xyq/Desktop/boom_ws/src/resolving -DCMAKE_INSTALL_PREFIX=/home/xyq/Desktop/boom_ws/install/resolve
[3.679s] DEBUG:colcon.colcon_core.event_handler.log_command:Invoking command in '/home/xyq/Desktop/boom_ws/build/serial': CMAKE_PREFIX_PATH=/home/xyq/Desktop/boom_ws/install/vision_interfaces:/home/xyq/Desktop/boom_ws/install/serial:/home/xyq/Desktop/boom_ws/install/resolve:/home/xyq/Desktop/boom_ws/install/hik_camera_ros2_driver:/home/xyq/Desktop/boom_ws/install/display:/opt/ros/humble LD_LIBRARY_PATH=/home/xyq/Desktop/boom_ws/install/vision_interfaces/lib:/home/xyq/env/TensorRT-10.5.0.18.Linux.x86_64-gnu.cuda-12.6/TensorRT-10.5.0.18/lib/nvonnxparser:/home/xyq/env/TensorRT-10.5.0.18.Linux.x86_64-gnu.cuda-12.6/TensorRT-10.5.0.18/lib:/home/xyq/Desktop/boom_ws/install/hik_camera_ros2_driver/lib:/opt/MVS/lib/64:/opt/MVS/lib/32:/opt/MVS/lib/64:/opt/MVS/lib/32:/home/xyq/env/TensorRT-10.5.0.18.Linux.x86_64-gnu.cuda-12.6/TensorRT-10.5.0.18/lib/nvonnxparser:/home/xyq/env/TensorRT-10.5.0.18.Linux.x86_64-gnu.cuda-12.6/TensorRT-10.5.0.18/lib:/opt/ros/humble/opt/rviz_ogre_vendor/lib:/opt/ros/humble/lib/x86_64-linux-gnu:/opt/ros/humble/lib:/opt/MVS/lib/64:/opt/MVS/lib/32:/tmp/.mount_cursorJLXbVl/usr/lib:/opt/MVS/lib/64:/opt/MVS/lib/32:/opt/MVS/lib/64:/opt/MVS/lib/32 /usr/bin/cmake /home/xyq/Desktop/boom_ws/src/serial -DCMAKE_INSTALL_PREFIX=/home/xyq/Desktop/boom_ws/install/serial
[3.773s] DEBUG:colcon.colcon_core.event_handler.log_command:Invoked command in '/home/xyq/Desktop/boom_ws/build/hik_camera_ros2_driver' returned '0': CMAKE_PREFIX_PATH=${CMAKE_PREFIX_PATH}:/opt/ros/humble /usr/bin/cmake --build /home/xyq/Desktop/boom_ws/build/hik_camera_ros2_driver -- -j20 -l20
[3.774s] DEBUG:colcon.colcon_core.event_handler.log_command:Invoking command in '/home/xyq/Desktop/boom_ws/build/hik_camera_ros2_driver': CMAKE_PREFIX_PATH=${CMAKE_PREFIX_PATH}:/opt/ros/humble /usr/bin/cmake --install /home/xyq/Desktop/boom_ws/build/hik_camera_ros2_driver
[3.791s] Level 1:colcon.colcon_core.environment:create_environment_scripts_only(hik_camera_ros2_driver)
[3.791s] Level 1:colcon.colcon_core.environment:checking '/home/xyq/Desktop/boom_ws/install/hik_camera_ros2_driver' for CMake module files
[3.791s] DEBUG:colcon.colcon_core.event_handler.log_command:Invoked command in '/home/xyq/Desktop/boom_ws/build/hik_camera_ros2_driver' returned '0': CMAKE_PREFIX_PATH=${CMAKE_PREFIX_PATH}:/opt/ros/humble /usr/bin/cmake --install /home/xyq/Desktop/boom_ws/build/hik_camera_ros2_driver
[3.791s] Level 1:colcon.colcon_core.environment:checking '/home/xyq/Desktop/boom_ws/install/hik_camera_ros2_driver' for CMake config files
[3.791s] Level 1:colcon.colcon_core.shell:create_environment_hook('hik_camera_ros2_driver', 'cmake_prefix_path')
[3.792s] INFO:colcon.colcon_core.shell:Creating environment hook '/home/xyq/Desktop/boom_ws/install/hik_camera_ros2_driver/share/hik_camera_ros2_driver/hook/cmake_prefix_path.ps1'
[3.792s] INFO:colcon.colcon_core.shell:Creating environment descriptor '/home/xyq/Desktop/boom_ws/install/hik_camera_ros2_driver/share/hik_camera_ros2_driver/hook/cmake_prefix_path.dsv'
[3.792s] INFO:colcon.colcon_core.shell:Creating environment hook '/home/xyq/Desktop/boom_ws/install/hik_camera_ros2_driver/share/hik_camera_ros2_driver/hook/cmake_prefix_path.sh'
[3.792s] Level 1:colcon.colcon_core.environment:checking '/home/xyq/Desktop/boom_ws/install/hik_camera_ros2_driver/lib'
[3.793s] Level 1:colcon.colcon_core.shell:create_environment_hook('hik_camera_ros2_driver', 'ld_library_path_lib')
[3.793s] INFO:colcon.colcon_core.shell:Creating environment hook '/home/xyq/Desktop/boom_ws/install/hik_camera_ros2_driver/share/hik_camera_ros2_driver/hook/ld_library_path_lib.ps1'
[3.793s] INFO:colcon.colcon_core.shell:Creating environment descriptor '/home/xyq/Desktop/boom_ws/install/hik_camera_ros2_driver/share/hik_camera_ros2_driver/hook/ld_library_path_lib.dsv'
[3.793s] INFO:colcon.colcon_core.shell:Creating environment hook '/home/xyq/Desktop/boom_ws/install/hik_camera_ros2_driver/share/hik_camera_ros2_driver/hook/ld_library_path_lib.sh'
[3.793s] Level 1:colcon.colcon_core.environment:checking '/home/xyq/Desktop/boom_ws/install/hik_camera_ros2_driver/bin'
[3.793s] Level 1:colcon.colcon_core.environment:checking '/home/xyq/Desktop/boom_ws/install/hik_camera_ros2_driver/lib/pkgconfig/hik_camera_ros2_driver.pc'
[3.793s] Level 1:colcon.colcon_core.environment:checking '/home/xyq/Desktop/boom_ws/install/hik_camera_ros2_driver/lib/python3.10/site-packages'
[3.794s] Level 1:colcon.colcon_core.environment:checking '/home/xyq/Desktop/boom_ws/install/hik_camera_ros2_driver/bin'
[3.794s] INFO:colcon.colcon_core.shell:Creating package script '/home/xyq/Desktop/boom_ws/install/hik_camera_ros2_driver/share/hik_camera_ros2_driver/package.ps1'
[3.794s] INFO:colcon.colcon_core.shell:Creating package descriptor '/home/xyq/Desktop/boom_ws/install/hik_camera_ros2_driver/share/hik_camera_ros2_driver/package.dsv'
[3.794s] INFO:colcon.colcon_core.shell:Creating package script '/home/xyq/Desktop/boom_ws/install/hik_camera_ros2_driver/share/hik_camera_ros2_driver/package.sh'
[3.795s] INFO:colcon.colcon_core.shell:Creating package script '/home/xyq/Desktop/boom_ws/install/hik_camera_ros2_driver/share/hik_camera_ros2_driver/package.bash'
[3.795s] INFO:colcon.colcon_core.shell:Creating package script '/home/xyq/Desktop/boom_ws/install/hik_camera_ros2_driver/share/hik_camera_ros2_driver/package.zsh'
[3.795s] Level 1:colcon.colcon_core.environment:create_file_with_runtime_dependencies(/home/xyq/Desktop/boom_ws/install/hik_camera_ros2_driver/share/colcon-core/packages/hik_camera_ros2_driver)
[3.795s] Level 1:colcon.colcon_core.environment:create_environment_scripts_only(hik_camera_ros2_driver)
[3.796s] Level 1:colcon.colcon_core.environment:checking '/home/xyq/Desktop/boom_ws/install/hik_camera_ros2_driver' for CMake module files
[3.796s] Level 1:colcon.colcon_core.environment:checking '/home/xyq/Desktop/boom_ws/install/hik_camera_ros2_driver' for CMake config files
[3.796s] Level 1:colcon.colcon_core.shell:create_environment_hook('hik_camera_ros2_driver', 'cmake_prefix_path')
[3.796s] INFO:colcon.colcon_core.shell:Creating environment hook '/home/xyq/Desktop/boom_ws/install/hik_camera_ros2_driver/share/hik_camera_ros2_driver/hook/cmake_prefix_path.ps1'
[3.796s] INFO:colcon.colcon_core.shell:Creating environment descriptor '/home/xyq/Desktop/boom_ws/install/hik_camera_ros2_driver/share/hik_camera_ros2_driver/hook/cmake_prefix_path.dsv'
[3.797s] INFO:colcon.colcon_core.shell:Creating environment hook '/home/xyq/Desktop/boom_ws/install/hik_camera_ros2_driver/share/hik_camera_ros2_driver/hook/cmake_prefix_path.sh'
[3.797s] Level 1:colcon.colcon_core.environment:checking '/home/xyq/Desktop/boom_ws/install/hik_camera_ros2_driver/lib'
[3.797s] Level 1:colcon.colcon_core.shell:create_environment_hook('hik_camera_ros2_driver', 'ld_library_path_lib')
[3.797s] INFO:colcon.colcon_core.shell:Creating environment hook '/home/xyq/Desktop/boom_ws/install/hik_camera_ros2_driver/share/hik_camera_ros2_driver/hook/ld_library_path_lib.ps1'
[3.797s] INFO:colcon.colcon_core.shell:Creating environment descriptor '/home/xyq/Desktop/boom_ws/install/hik_camera_ros2_driver/share/hik_camera_ros2_driver/hook/ld_library_path_lib.dsv'
[3.798s] INFO:colcon.colcon_core.shell:Creating environment hook '/home/xyq/Desktop/boom_ws/install/hik_camera_ros2_driver/share/hik_camera_ros2_driver/hook/ld_library_path_lib.sh'
[3.798s] Level 1:colcon.colcon_core.environment:checking '/home/xyq/Desktop/boom_ws/install/hik_camera_ros2_driver/bin'
[3.798s] Level 1:colcon.colcon_core.environment:checking '/home/xyq/Desktop/boom_ws/install/hik_camera_ros2_driver/lib/pkgconfig/hik_camera_ros2_driver.pc'
[3.798s] Level 1:colcon.colcon_core.environment:checking '/home/xyq/Desktop/boom_ws/install/hik_camera_ros2_driver/lib/python3.10/site-packages'
[3.798s] Level 1:colcon.colcon_core.environment:checking '/home/xyq/Desktop/boom_ws/install/hik_camera_ros2_driver/bin'
[3.798s] INFO:colcon.colcon_core.shell:Creating package script '/home/xyq/Desktop/boom_ws/install/hik_camera_ros2_driver/share/hik_camera_ros2_driver/package.ps1'
[3.799s] INFO:colcon.colcon_core.shell:Creating package descriptor '/home/xyq/Desktop/boom_ws/install/hik_camera_ros2_driver/share/hik_camera_ros2_driver/package.dsv'
[3.799s] INFO:colcon.colcon_core.shell:Creating package script '/home/xyq/Desktop/boom_ws/install/hik_camera_ros2_driver/share/hik_camera_ros2_driver/package.sh'
[3.799s] INFO:colcon.colcon_core.shell:Creating package script '/home/xyq/Desktop/boom_ws/install/hik_camera_ros2_driver/share/hik_camera_ros2_driver/package.bash'
[3.799s] INFO:colcon.colcon_core.shell:Creating package script '/home/xyq/Desktop/boom_ws/install/hik_camera_ros2_driver/share/hik_camera_ros2_driver/package.zsh'
[3.800s] Level 1:colcon.colcon_core.environment:create_file_with_runtime_dependencies(/home/xyq/Desktop/boom_ws/install/hik_camera_ros2_driver/share/colcon-core/packages/hik_camera_ros2_driver)
[4.673s] DEBUG:colcon.colcon_core.event_handler.log_command:Invoked command in '/home/xyq/Desktop/boom_ws/build/serial' returned '0': CMAKE_PREFIX_PATH=/home/xyq/Desktop/boom_ws/install/vision_interfaces:/home/xyq/Desktop/boom_ws/install/serial:/home/xyq/Desktop/boom_ws/install/resolve:/home/xyq/Desktop/boom_ws/install/hik_camera_ros2_driver:/home/xyq/Desktop/boom_ws/install/display:/opt/ros/humble LD_LIBRARY_PATH=/home/xyq/Desktop/boom_ws/install/vision_interfaces/lib:/home/xyq/env/TensorRT-10.5.0.18.Linux.x86_64-gnu.cuda-12.6/TensorRT-10.5.0.18/lib/nvonnxparser:/home/xyq/env/TensorRT-10.5.0.18.Linux.x86_64-gnu.cuda-12.6/TensorRT-10.5.0.18/lib:/home/xyq/Desktop/boom_ws/install/hik_camera_ros2_driver/lib:/opt/MVS/lib/64:/opt/MVS/lib/32:/opt/MVS/lib/64:/opt/MVS/lib/32:/home/xyq/env/TensorRT-10.5.0.18.Linux.x86_64-gnu.cuda-12.6/TensorRT-10.5.0.18/lib/nvonnxparser:/home/xyq/env/TensorRT-10.5.0.18.Linux.x86_64-gnu.cuda-12.6/TensorRT-10.5.0.18/lib:/opt/ros/humble/opt/rviz_ogre_vendor/lib:/opt/ros/humble/lib/x86_64-linux-gnu:/opt/ros/humble/lib:/opt/MVS/lib/64:/opt/MVS/lib/32:/tmp/.mount_cursorJLXbVl/usr/lib:/opt/MVS/lib/64:/opt/MVS/lib/32:/opt/MVS/lib/64:/opt/MVS/lib/32 /usr/bin/cmake /home/xyq/Desktop/boom_ws/src/serial -DCMAKE_INSTALL_PREFIX=/home/xyq/Desktop/boom_ws/install/serial
[4.675s] DEBUG:colcon.colcon_core.event_handler.log_command:Invoking command in '/home/xyq/Desktop/boom_ws/build/serial': CMAKE_PREFIX_PATH=/home/xyq/Desktop/boom_ws/install/vision_interfaces:/home/xyq/Desktop/boom_ws/install/serial:/home/xyq/Desktop/boom_ws/install/resolve:/home/xyq/Desktop/boom_ws/install/hik_camera_ros2_driver:/home/xyq/Desktop/boom_ws/install/display:/opt/ros/humble LD_LIBRARY_PATH=/home/xyq/Desktop/boom_ws/install/vision_interfaces/lib:/home/xyq/env/TensorRT-10.5.0.18.Linux.x86_64-gnu.cuda-12.6/TensorRT-10.5.0.18/lib/nvonnxparser:/home/xyq/env/TensorRT-10.5.0.18.Linux.x86_64-gnu.cuda-12.6/TensorRT-10.5.0.18/lib:/home/xyq/Desktop/boom_ws/install/hik_camera_ros2_driver/lib:/opt/MVS/lib/64:/opt/MVS/lib/32:/opt/MVS/lib/64:/opt/MVS/lib/32:/home/xyq/env/TensorRT-10.5.0.18.Linux.x86_64-gnu.cuda-12.6/TensorRT-10.5.0.18/lib/nvonnxparser:/home/xyq/env/TensorRT-10.5.0.18.Linux.x86_64-gnu.cuda-12.6/TensorRT-10.5.0.18/lib:/opt/ros/humble/opt/rviz_ogre_vendor/lib:/opt/ros/humble/lib/x86_64-linux-gnu:/opt/ros/humble/lib:/opt/MVS/lib/64:/opt/MVS/lib/32:/tmp/.mount_cursorJLXbVl/usr/lib:/opt/MVS/lib/64:/opt/MVS/lib/32:/opt/MVS/lib/64:/opt/MVS/lib/32 /usr/bin/cmake --build /home/xyq/Desktop/boom_ws/build/serial -- -j20 -l20
[4.677s] DEBUG:colcon.colcon_core.event_handler.log_command:Invoked command in '/home/xyq/Desktop/boom_ws/build/resolve' returned '0': CMAKE_PREFIX_PATH=/home/xyq/Desktop/boom_ws/install/vision_interfaces:/home/xyq/Desktop/boom_ws/install/serial:/home/xyq/Desktop/boom_ws/install/resolve:/home/xyq/Desktop/boom_ws/install/hik_camera_ros2_driver:/home/xyq/Desktop/boom_ws/install/display:/opt/ros/humble LD_LIBRARY_PATH=/home/xyq/Desktop/boom_ws/install/vision_interfaces/lib:/home/xyq/env/TensorRT-10.5.0.18.Linux.x86_64-gnu.cuda-12.6/TensorRT-10.5.0.18/lib/nvonnxparser:/home/xyq/env/TensorRT-10.5.0.18.Linux.x86_64-gnu.cuda-12.6/TensorRT-10.5.0.18/lib:/home/xyq/Desktop/boom_ws/install/hik_camera_ros2_driver/lib:/opt/MVS/lib/64:/opt/MVS/lib/32:/opt/MVS/lib/64:/opt/MVS/lib/32:/home/xyq/env/TensorRT-10.5.0.18.Linux.x86_64-gnu.cuda-12.6/TensorRT-10.5.0.18/lib/nvonnxparser:/home/xyq/env/TensorRT-10.5.0.18.Linux.x86_64-gnu.cuda-12.6/TensorRT-10.5.0.18/lib:/opt/ros/humble/opt/rviz_ogre_vendor/lib:/opt/ros/humble/lib/x86_64-linux-gnu:/opt/ros/humble/lib:/opt/MVS/lib/64:/opt/MVS/lib/32:/tmp/.mount_cursorJLXbVl/usr/lib:/opt/MVS/lib/64:/opt/MVS/lib/32:/opt/MVS/lib/64:/opt/MVS/lib/32 /usr/bin/cmake /home/xyq/Desktop/boom_ws/src/resolving -DCMAKE_INSTALL_PREFIX=/home/xyq/Desktop/boom_ws/install/resolve
[4.679s] DEBUG:colcon.colcon_core.event_handler.log_command:Invoking command in '/home/xyq/Desktop/boom_ws/build/resolve': CMAKE_PREFIX_PATH=/home/xyq/Desktop/boom_ws/install/vision_interfaces:/home/xyq/Desktop/boom_ws/install/serial:/home/xyq/Desktop/boom_ws/install/resolve:/home/xyq/Desktop/boom_ws/install/hik_camera_ros2_driver:/home/xyq/Desktop/boom_ws/install/display:/opt/ros/humble LD_LIBRARY_PATH=/home/xyq/Desktop/boom_ws/install/vision_interfaces/lib:/home/xyq/env/TensorRT-10.5.0.18.Linux.x86_64-gnu.cuda-12.6/TensorRT-10.5.0.18/lib/nvonnxparser:/home/xyq/env/TensorRT-10.5.0.18.Linux.x86_64-gnu.cuda-12.6/TensorRT-10.5.0.18/lib:/home/xyq/Desktop/boom_ws/install/hik_camera_ros2_driver/lib:/opt/MVS/lib/64:/opt/MVS/lib/32:/opt/MVS/lib/64:/opt/MVS/lib/32:/home/xyq/env/TensorRT-10.5.0.18.Linux.x86_64-gnu.cuda-12.6/TensorRT-10.5.0.18/lib/nvonnxparser:/home/xyq/env/TensorRT-10.5.0.18.Linux.x86_64-gnu.cuda-12.6/TensorRT-10.5.0.18/lib:/opt/ros/humble/opt/rviz_ogre_vendor/lib:/opt/ros/humble/lib/x86_64-linux-gnu:/opt/ros/humble/lib:/opt/MVS/lib/64:/opt/MVS/lib/32:/tmp/.mount_cursorJLXbVl/usr/lib:/opt/MVS/lib/64:/opt/MVS/lib/32:/opt/MVS/lib/64:/opt/MVS/lib/32 /usr/bin/cmake --build /home/xyq/Desktop/boom_ws/build/resolve -- -j20 -l20
[4.818s] DEBUG:colcon.colcon_core.event_handler.log_command:Invoked command in '/home/xyq/Desktop/boom_ws/build/display' returned '0': CMAKE_PREFIX_PATH=${CMAKE_PREFIX_PATH}:/opt/ros/humble /usr/bin/cmake --build /home/xyq/Desktop/boom_ws/build/display -- -j20 -l20
[4.819s] DEBUG:colcon.colcon_core.event_handler.log_command:Invoking command in '/home/xyq/Desktop/boom_ws/build/display': CMAKE_PREFIX_PATH=${CMAKE_PREFIX_PATH}:/opt/ros/humble /usr/bin/cmake --install /home/xyq/Desktop/boom_ws/build/display
[4.834s] Level 1:colcon.colcon_core.environment:create_environment_scripts_only(display)
[4.834s] Level 1:colcon.colcon_core.environment:checking '/home/xyq/Desktop/boom_ws/install/display' for CMake module files
[4.834s] DEBUG:colcon.colcon_core.event_handler.log_command:Invoked command in '/home/xyq/Desktop/boom_ws/build/display' returned '0': CMAKE_PREFIX_PATH=${CMAKE_PREFIX_PATH}:/opt/ros/humble /usr/bin/cmake --install /home/xyq/Desktop/boom_ws/build/display
[4.835s] Level 1:colcon.colcon_core.environment:checking '/home/xyq/Desktop/boom_ws/install/display' for CMake config files
[4.835s] Level 1:colcon.colcon_core.shell:create_environment_hook('display', 'cmake_prefix_path')
[4.835s] INFO:colcon.colcon_core.shell:Creating environment hook '/home/xyq/Desktop/boom_ws/install/display/share/display/hook/cmake_prefix_path.ps1'
[4.835s] INFO:colcon.colcon_core.shell:Creating environment descriptor '/home/xyq/Desktop/boom_ws/install/display/share/display/hook/cmake_prefix_path.dsv'
[4.835s] INFO:colcon.colcon_core.shell:Creating environment hook '/home/xyq/Desktop/boom_ws/install/display/share/display/hook/cmake_prefix_path.sh'
[4.836s] Level 1:colcon.colcon_core.environment:checking '/home/xyq/Desktop/boom_ws/install/display/lib'
[4.836s] Level 1:colcon.colcon_core.environment:checking '/home/xyq/Desktop/boom_ws/install/display/bin'
[4.836s] Level 1:colcon.colcon_core.environment:checking '/home/xyq/Desktop/boom_ws/install/display/lib/pkgconfig/display.pc'
[4.836s] Level 1:colcon.colcon_core.environment:checking '/home/xyq/Desktop/boom_ws/install/display/lib/python3.10/site-packages'
[4.836s] Level 1:colcon.colcon_core.environment:checking '/home/xyq/Desktop/boom_ws/install/display/bin'
[4.836s] INFO:colcon.colcon_core.shell:Creating package script '/home/xyq/Desktop/boom_ws/install/display/share/display/package.ps1'
[4.837s] INFO:colcon.colcon_core.shell:Creating package descriptor '/home/xyq/Desktop/boom_ws/install/display/share/display/package.dsv'
[4.837s] INFO:colcon.colcon_core.shell:Creating package script '/home/xyq/Desktop/boom_ws/install/display/share/display/package.sh'
[4.837s] INFO:colcon.colcon_core.shell:Creating package script '/home/xyq/Desktop/boom_ws/install/display/share/display/package.bash'
[4.838s] INFO:colcon.colcon_core.shell:Creating package script '/home/xyq/Desktop/boom_ws/install/display/share/display/package.zsh'
[4.838s] Level 1:colcon.colcon_core.environment:create_file_with_runtime_dependencies(/home/xyq/Desktop/boom_ws/install/display/share/colcon-core/packages/display)
[4.838s] Level 1:colcon.colcon_core.environment:create_environment_scripts_only(display)
[4.838s] Level 1:colcon.colcon_core.environment:checking '/home/xyq/Desktop/boom_ws/install/display' for CMake module files
[4.839s] Level 1:colcon.colcon_core.environment:checking '/home/xyq/Desktop/boom_ws/install/display' for CMake config files
[4.839s] Level 1:colcon.colcon_core.shell:create_environment_hook('display', 'cmake_prefix_path')
[4.839s] INFO:colcon.colcon_core.shell:Creating environment hook '/home/xyq/Desktop/boom_ws/install/display/share/display/hook/cmake_prefix_path.ps1'
[4.839s] INFO:colcon.colcon_core.shell:Creating environment descriptor '/home/xyq/Desktop/boom_ws/install/display/share/display/hook/cmake_prefix_path.dsv'
[4.840s] INFO:colcon.colcon_core.shell:Creating environment hook '/home/xyq/Desktop/boom_ws/install/display/share/display/hook/cmake_prefix_path.sh'
[4.841s] Level 1:colcon.colcon_core.environment:checking '/home/xyq/Desktop/boom_ws/install/display/lib'
[4.841s] Level 1:colcon.colcon_core.environment:checking '/home/xyq/Desktop/boom_ws/install/display/bin'
[4.841s] Level 1:colcon.colcon_core.environment:checking '/home/xyq/Desktop/boom_ws/install/display/lib/pkgconfig/display.pc'
[4.841s] Level 1:colcon.colcon_core.environment:checking '/home/xyq/Desktop/boom_ws/install/display/lib/python3.10/site-packages'
[4.841s] Level 1:colcon.colcon_core.environment:checking '/home/xyq/Desktop/boom_ws/install/display/bin'
[4.841s] INFO:colcon.colcon_core.shell:Creating package script '/home/xyq/Desktop/boom_ws/install/display/share/display/package.ps1'
[4.842s] INFO:colcon.colcon_core.shell:Creating package descriptor '/home/xyq/Desktop/boom_ws/install/display/share/display/package.dsv'
[4.842s] INFO:colcon.colcon_core.shell:Creating package script '/home/xyq/Desktop/boom_ws/install/display/share/display/package.sh'
[4.842s] INFO:colcon.colcon_core.shell:Creating package script '/home/xyq/Desktop/boom_ws/install/display/share/display/package.bash'
[4.843s] INFO:colcon.colcon_core.shell:Creating package script '/home/xyq/Desktop/boom_ws/install/display/share/display/package.zsh'
[4.843s] Level 1:colcon.colcon_core.environment:create_file_with_runtime_dependencies(/home/xyq/Desktop/boom_ws/install/display/share/colcon-core/packages/display)
[8.702s] DEBUG:colcon.colcon_core.event_handler.log_command:Invoked command in '/home/xyq/Desktop/boom_ws/build/resolve' returned '0': CMAKE_PREFIX_PATH=/home/xyq/Desktop/boom_ws/install/vision_interfaces:/home/xyq/Desktop/boom_ws/install/serial:/home/xyq/Desktop/boom_ws/install/resolve:/home/xyq/Desktop/boom_ws/install/hik_camera_ros2_driver:/home/xyq/Desktop/boom_ws/install/display:/opt/ros/humble LD_LIBRARY_PATH=/home/xyq/Desktop/boom_ws/install/vision_interfaces/lib:/home/xyq/env/TensorRT-10.5.0.18.Linux.x86_64-gnu.cuda-12.6/TensorRT-10.5.0.18/lib/nvonnxparser:/home/xyq/env/TensorRT-10.5.0.18.Linux.x86_64-gnu.cuda-12.6/TensorRT-10.5.0.18/lib:/home/xyq/Desktop/boom_ws/install/hik_camera_ros2_driver/lib:/opt/MVS/lib/64:/opt/MVS/lib/32:/opt/MVS/lib/64:/opt/MVS/lib/32:/home/xyq/env/TensorRT-10.5.0.18.Linux.x86_64-gnu.cuda-12.6/TensorRT-10.5.0.18/lib/nvonnxparser:/home/xyq/env/TensorRT-10.5.0.18.Linux.x86_64-gnu.cuda-12.6/TensorRT-10.5.0.18/lib:/opt/ros/humble/opt/rviz_ogre_vendor/lib:/opt/ros/humble/lib/x86_64-linux-gnu:/opt/ros/humble/lib:/opt/MVS/lib/64:/opt/MVS/lib/32:/tmp/.mount_cursorJLXbVl/usr/lib:/opt/MVS/lib/64:/opt/MVS/lib/32:/opt/MVS/lib/64:/opt/MVS/lib/32 /usr/bin/cmake --build /home/xyq/Desktop/boom_ws/build/resolve -- -j20 -l20
[8.704s] DEBUG:colcon.colcon_core.event_handler.log_command:Invoking command in '/home/xyq/Desktop/boom_ws/build/resolve': CMAKE_PREFIX_PATH=/home/xyq/Desktop/boom_ws/install/vision_interfaces:/home/xyq/Desktop/boom_ws/install/serial:/home/xyq/Desktop/boom_ws/install/resolve:/home/xyq/Desktop/boom_ws/install/hik_camera_ros2_driver:/home/xyq/Desktop/boom_ws/install/display:/opt/ros/humble LD_LIBRARY_PATH=/home/xyq/Desktop/boom_ws/install/vision_interfaces/lib:/home/xyq/env/TensorRT-10.5.0.18.Linux.x86_64-gnu.cuda-12.6/TensorRT-10.5.0.18/lib/nvonnxparser:/home/xyq/env/TensorRT-10.5.0.18.Linux.x86_64-gnu.cuda-12.6/TensorRT-10.5.0.18/lib:/home/xyq/Desktop/boom_ws/install/hik_camera_ros2_driver/lib:/opt/MVS/lib/64:/opt/MVS/lib/32:/opt/MVS/lib/64:/opt/MVS/lib/32:/home/xyq/env/TensorRT-10.5.0.18.Linux.x86_64-gnu.cuda-12.6/TensorRT-10.5.0.18/lib/nvonnxparser:/home/xyq/env/TensorRT-10.5.0.18.Linux.x86_64-gnu.cuda-12.6/TensorRT-10.5.0.18/lib:/opt/ros/humble/opt/rviz_ogre_vendor/lib:/opt/ros/humble/lib/x86_64-linux-gnu:/opt/ros/humble/lib:/opt/MVS/lib/64:/opt/MVS/lib/32:/tmp/.mount_cursorJLXbVl/usr/lib:/opt/MVS/lib/64:/opt/MVS/lib/32:/opt/MVS/lib/64:/opt/MVS/lib/32 /usr/bin/cmake --install /home/xyq/Desktop/boom_ws/build/resolve
[8.713s] Level 1:colcon.colcon_core.environment:create_environment_scripts_only(resolve)
[8.713s] Level 1:colcon.colcon_core.environment:checking '/home/xyq/Desktop/boom_ws/install/resolve' for CMake module files
[8.714s] DEBUG:colcon.colcon_core.event_handler.log_command:Invoked command in '/home/xyq/Desktop/boom_ws/build/resolve' returned '0': CMAKE_PREFIX_PATH=/home/xyq/Desktop/boom_ws/install/vision_interfaces:/home/xyq/Desktop/boom_ws/install/serial:/home/xyq/Desktop/boom_ws/install/resolve:/home/xyq/Desktop/boom_ws/install/hik_camera_ros2_driver:/home/xyq/Desktop/boom_ws/install/display:/opt/ros/humble LD_LIBRARY_PATH=/home/xyq/Desktop/boom_ws/install/vision_interfaces/lib:/home/xyq/env/TensorRT-10.5.0.18.Linux.x86_64-gnu.cuda-12.6/TensorRT-10.5.0.18/lib/nvonnxparser:/home/xyq/env/TensorRT-10.5.0.18.Linux.x86_64-gnu.cuda-12.6/TensorRT-10.5.0.18/lib:/home/xyq/Desktop/boom_ws/install/hik_camera_ros2_driver/lib:/opt/MVS/lib/64:/opt/MVS/lib/32:/opt/MVS/lib/64:/opt/MVS/lib/32:/home/xyq/env/TensorRT-10.5.0.18.Linux.x86_64-gnu.cuda-12.6/TensorRT-10.5.0.18/lib/nvonnxparser:/home/xyq/env/TensorRT-10.5.0.18.Linux.x86_64-gnu.cuda-12.6/TensorRT-10.5.0.18/lib:/opt/ros/humble/opt/rviz_ogre_vendor/lib:/opt/ros/humble/lib/x86_64-linux-gnu:/opt/ros/humble/lib:/opt/MVS/lib/64:/opt/MVS/lib/32:/tmp/.mount_cursorJLXbVl/usr/lib:/opt/MVS/lib/64:/opt/MVS/lib/32:/opt/MVS/lib/64:/opt/MVS/lib/32 /usr/bin/cmake --install /home/xyq/Desktop/boom_ws/build/resolve
[8.714s] Level 1:colcon.colcon_core.environment:checking '/home/xyq/Desktop/boom_ws/install/resolve' for CMake config files
[8.714s] Level 1:colcon.colcon_core.shell:create_environment_hook('resolve', 'cmake_prefix_path')
[8.714s] INFO:colcon.colcon_core.shell:Creating environment hook '/home/xyq/Desktop/boom_ws/install/resolve/share/resolve/hook/cmake_prefix_path.ps1'
[8.715s] INFO:colcon.colcon_core.shell:Creating environment descriptor '/home/xyq/Desktop/boom_ws/install/resolve/share/resolve/hook/cmake_prefix_path.dsv'
[8.715s] INFO:colcon.colcon_core.shell:Creating environment hook '/home/xyq/Desktop/boom_ws/install/resolve/share/resolve/hook/cmake_prefix_path.sh'
[8.715s] Level 1:colcon.colcon_core.environment:checking '/home/xyq/Desktop/boom_ws/install/resolve/lib'
[8.715s] Level 1:colcon.colcon_core.environment:checking '/home/xyq/Desktop/boom_ws/install/resolve/bin'
[8.715s] Level 1:colcon.colcon_core.environment:checking '/home/xyq/Desktop/boom_ws/install/resolve/lib/pkgconfig/resolve.pc'
[8.715s] Level 1:colcon.colcon_core.environment:checking '/home/xyq/Desktop/boom_ws/install/resolve/lib/python3.10/site-packages'
[8.716s] Level 1:colcon.colcon_core.environment:checking '/home/xyq/Desktop/boom_ws/install/resolve/bin'
[8.716s] INFO:colcon.colcon_core.shell:Creating package script '/home/xyq/Desktop/boom_ws/install/resolve/share/resolve/package.ps1'
[8.716s] INFO:colcon.colcon_core.shell:Creating package descriptor '/home/xyq/Desktop/boom_ws/install/resolve/share/resolve/package.dsv'
[8.716s] INFO:colcon.colcon_core.shell:Creating package script '/home/xyq/Desktop/boom_ws/install/resolve/share/resolve/package.sh'
[8.716s] INFO:colcon.colcon_core.shell:Creating package script '/home/xyq/Desktop/boom_ws/install/resolve/share/resolve/package.bash'
[8.717s] INFO:colcon.colcon_core.shell:Creating package script '/home/xyq/Desktop/boom_ws/install/resolve/share/resolve/package.zsh'
[8.717s] Level 1:colcon.colcon_core.environment:create_file_with_runtime_dependencies(/home/xyq/Desktop/boom_ws/install/resolve/share/colcon-core/packages/resolve)
[8.717s] Level 1:colcon.colcon_core.environment:create_environment_scripts_only(resolve)
[8.717s] Level 1:colcon.colcon_core.environment:checking '/home/xyq/Desktop/boom_ws/install/resolve' for CMake module files
[8.718s] Level 1:colcon.colcon_core.environment:checking '/home/xyq/Desktop/boom_ws/install/resolve' for CMake config files
[8.718s] Level 1:colcon.colcon_core.shell:create_environment_hook('resolve', 'cmake_prefix_path')
[8.718s] INFO:colcon.colcon_core.shell:Creating environment hook '/home/xyq/Desktop/boom_ws/install/resolve/share/resolve/hook/cmake_prefix_path.ps1'
[8.718s] INFO:colcon.colcon_core.shell:Creating environment descriptor '/home/xyq/Desktop/boom_ws/install/resolve/share/resolve/hook/cmake_prefix_path.dsv'
[8.718s] INFO:colcon.colcon_core.shell:Creating environment hook '/home/xyq/Desktop/boom_ws/install/resolve/share/resolve/hook/cmake_prefix_path.sh'
[8.719s] Level 1:colcon.colcon_core.environment:checking '/home/xyq/Desktop/boom_ws/install/resolve/lib'
[8.719s] Level 1:colcon.colcon_core.environment:checking '/home/xyq/Desktop/boom_ws/install/resolve/bin'
[8.719s] Level 1:colcon.colcon_core.environment:checking '/home/xyq/Desktop/boom_ws/install/resolve/lib/pkgconfig/resolve.pc'
[8.719s] Level 1:colcon.colcon_core.environment:checking '/home/xyq/Desktop/boom_ws/install/resolve/lib/python3.10/site-packages'
[8.719s] Level 1:colcon.colcon_core.environment:checking '/home/xyq/Desktop/boom_ws/install/resolve/bin'
[8.719s] INFO:colcon.colcon_core.shell:Creating package script '/home/xyq/Desktop/boom_ws/install/resolve/share/resolve/package.ps1'
[8.719s] INFO:colcon.colcon_core.shell:Creating package descriptor '/home/xyq/Desktop/boom_ws/install/resolve/share/resolve/package.dsv'
[8.720s] INFO:colcon.colcon_core.shell:Creating package script '/home/xyq/Desktop/boom_ws/install/resolve/share/resolve/package.sh'
[8.720s] INFO:colcon.colcon_core.shell:Creating package script '/home/xyq/Desktop/boom_ws/install/resolve/share/resolve/package.bash'
[8.720s] INFO:colcon.colcon_core.shell:Creating package script '/home/xyq/Desktop/boom_ws/install/resolve/share/resolve/package.zsh'
[8.720s] Level 1:colcon.colcon_core.environment:create_file_with_runtime_dependencies(/home/xyq/Desktop/boom_ws/install/resolve/share/colcon-core/packages/resolve)
[11.166s] DEBUG:colcon.colcon_core.event_handler.log_command:Invoked command in '/home/xyq/Desktop/boom_ws/build/serial' returned '0': CMAKE_PREFIX_PATH=/home/xyq/Desktop/boom_ws/install/vision_interfaces:/home/xyq/Desktop/boom_ws/install/serial:/home/xyq/Desktop/boom_ws/install/resolve:/home/xyq/Desktop/boom_ws/install/hik_camera_ros2_driver:/home/xyq/Desktop/boom_ws/install/display:/opt/ros/humble LD_LIBRARY_PATH=/home/xyq/Desktop/boom_ws/install/vision_interfaces/lib:/home/xyq/env/TensorRT-10.5.0.18.Linux.x86_64-gnu.cuda-12.6/TensorRT-10.5.0.18/lib/nvonnxparser:/home/xyq/env/TensorRT-10.5.0.18.Linux.x86_64-gnu.cuda-12.6/TensorRT-10.5.0.18/lib:/home/xyq/Desktop/boom_ws/install/hik_camera_ros2_driver/lib:/opt/MVS/lib/64:/opt/MVS/lib/32:/opt/MVS/lib/64:/opt/MVS/lib/32:/home/xyq/env/TensorRT-10.5.0.18.Linux.x86_64-gnu.cuda-12.6/TensorRT-10.5.0.18/lib/nvonnxparser:/home/xyq/env/TensorRT-10.5.0.18.Linux.x86_64-gnu.cuda-12.6/TensorRT-10.5.0.18/lib:/opt/ros/humble/opt/rviz_ogre_vendor/lib:/opt/ros/humble/lib/x86_64-linux-gnu:/opt/ros/humble/lib:/opt/MVS/lib/64:/opt/MVS/lib/32:/tmp/.mount_cursorJLXbVl/usr/lib:/opt/MVS/lib/64:/opt/MVS/lib/32:/opt/MVS/lib/64:/opt/MVS/lib/32 /usr/bin/cmake --build /home/xyq/Desktop/boom_ws/build/serial -- -j20 -l20
[11.167s] DEBUG:colcon.colcon_core.event_handler.log_command:Invoking command in '/home/xyq/Desktop/boom_ws/build/serial': CMAKE_PREFIX_PATH=/home/xyq/Desktop/boom_ws/install/vision_interfaces:/home/xyq/Desktop/boom_ws/install/serial:/home/xyq/Desktop/boom_ws/install/resolve:/home/xyq/Desktop/boom_ws/install/hik_camera_ros2_driver:/home/xyq/Desktop/boom_ws/install/display:/opt/ros/humble LD_LIBRARY_PATH=/home/xyq/Desktop/boom_ws/install/vision_interfaces/lib:/home/xyq/env/TensorRT-10.5.0.18.Linux.x86_64-gnu.cuda-12.6/TensorRT-10.5.0.18/lib/nvonnxparser:/home/xyq/env/TensorRT-10.5.0.18.Linux.x86_64-gnu.cuda-12.6/TensorRT-10.5.0.18/lib:/home/xyq/Desktop/boom_ws/install/hik_camera_ros2_driver/lib:/opt/MVS/lib/64:/opt/MVS/lib/32:/opt/MVS/lib/64:/opt/MVS/lib/32:/home/xyq/env/TensorRT-10.5.0.18.Linux.x86_64-gnu.cuda-12.6/TensorRT-10.5.0.18/lib/nvonnxparser:/home/xyq/env/TensorRT-10.5.0.18.Linux.x86_64-gnu.cuda-12.6/TensorRT-10.5.0.18/lib:/opt/ros/humble/opt/rviz_ogre_vendor/lib:/opt/ros/humble/lib/x86_64-linux-gnu:/opt/ros/humble/lib:/opt/MVS/lib/64:/opt/MVS/lib/32:/tmp/.mount_cursorJLXbVl/usr/lib:/opt/MVS/lib/64:/opt/MVS/lib/32:/opt/MVS/lib/64:/opt/MVS/lib/32 /usr/bin/cmake --install /home/xyq/Desktop/boom_ws/build/serial
[11.183s] Level 1:colcon.colcon_core.environment:create_environment_scripts_only(serial)
[11.184s] Level 1:colcon.colcon_core.environment:checking '/home/xyq/Desktop/boom_ws/install/serial' for CMake module files
[11.184s] DEBUG:colcon.colcon_core.event_handler.log_command:Invoked command in '/home/xyq/Desktop/boom_ws/build/serial' returned '0': CMAKE_PREFIX_PATH=/home/xyq/Desktop/boom_ws/install/vision_interfaces:/home/xyq/Desktop/boom_ws/install/serial:/home/xyq/Desktop/boom_ws/install/resolve:/home/xyq/Desktop/boom_ws/install/hik_camera_ros2_driver:/home/xyq/Desktop/boom_ws/install/display:/opt/ros/humble LD_LIBRARY_PATH=/home/xyq/Desktop/boom_ws/install/vision_interfaces/lib:/home/xyq/env/TensorRT-10.5.0.18.Linux.x86_64-gnu.cuda-12.6/TensorRT-10.5.0.18/lib/nvonnxparser:/home/xyq/env/TensorRT-10.5.0.18.Linux.x86_64-gnu.cuda-12.6/TensorRT-10.5.0.18/lib:/home/xyq/Desktop/boom_ws/install/hik_camera_ros2_driver/lib:/opt/MVS/lib/64:/opt/MVS/lib/32:/opt/MVS/lib/64:/opt/MVS/lib/32:/home/xyq/env/TensorRT-10.5.0.18.Linux.x86_64-gnu.cuda-12.6/TensorRT-10.5.0.18/lib/nvonnxparser:/home/xyq/env/TensorRT-10.5.0.18.Linux.x86_64-gnu.cuda-12.6/TensorRT-10.5.0.18/lib:/opt/ros/humble/opt/rviz_ogre_vendor/lib:/opt/ros/humble/lib/x86_64-linux-gnu:/opt/ros/humble/lib:/opt/MVS/lib/64:/opt/MVS/lib/32:/tmp/.mount_cursorJLXbVl/usr/lib:/opt/MVS/lib/64:/opt/MVS/lib/32:/opt/MVS/lib/64:/opt/MVS/lib/32 /usr/bin/cmake --install /home/xyq/Desktop/boom_ws/build/serial
[11.184s] Level 1:colcon.colcon_core.environment:checking '/home/xyq/Desktop/boom_ws/install/serial' for CMake config files
[11.184s] Level 1:colcon.colcon_core.shell:create_environment_hook('serial', 'cmake_prefix_path')
[11.185s] INFO:colcon.colcon_core.shell:Creating environment hook '/home/xyq/Desktop/boom_ws/install/serial/share/serial/hook/cmake_prefix_path.ps1'
[11.185s] INFO:colcon.colcon_core.shell:Creating environment descriptor '/home/xyq/Desktop/boom_ws/install/serial/share/serial/hook/cmake_prefix_path.dsv'
[11.185s] INFO:colcon.colcon_core.shell:Creating environment hook '/home/xyq/Desktop/boom_ws/install/serial/share/serial/hook/cmake_prefix_path.sh'
[11.186s] Level 1:colcon.colcon_core.environment:checking '/home/xyq/Desktop/boom_ws/install/serial/lib'
[11.186s] Level 1:colcon.colcon_core.environment:checking '/home/xyq/Desktop/boom_ws/install/serial/bin'
[11.186s] Level 1:colcon.colcon_core.environment:checking '/home/xyq/Desktop/boom_ws/install/serial/lib/pkgconfig/serial.pc'
[11.186s] Level 1:colcon.colcon_core.environment:checking '/home/xyq/Desktop/boom_ws/install/serial/lib/python3.10/site-packages'
[11.186s] Level 1:colcon.colcon_core.environment:checking '/home/xyq/Desktop/boom_ws/install/serial/bin'
[11.186s] INFO:colcon.colcon_core.shell:Creating package script '/home/xyq/Desktop/boom_ws/install/serial/share/serial/package.ps1'
[11.187s] INFO:colcon.colcon_core.shell:Creating package descriptor '/home/xyq/Desktop/boom_ws/install/serial/share/serial/package.dsv'
[11.187s] INFO:colcon.colcon_core.shell:Creating package script '/home/xyq/Desktop/boom_ws/install/serial/share/serial/package.sh'
[11.187s] INFO:colcon.colcon_core.shell:Creating package script '/home/xyq/Desktop/boom_ws/install/serial/share/serial/package.bash'
[11.187s] INFO:colcon.colcon_core.shell:Creating package script '/home/xyq/Desktop/boom_ws/install/serial/share/serial/package.zsh'
[11.187s] Level 1:colcon.colcon_core.environment:create_file_with_runtime_dependencies(/home/xyq/Desktop/boom_ws/install/serial/share/colcon-core/packages/serial)
[11.188s] Level 1:colcon.colcon_core.environment:create_environment_scripts_only(serial)
[11.188s] Level 1:colcon.colcon_core.environment:checking '/home/xyq/Desktop/boom_ws/install/serial' for CMake module files
[11.188s] Level 1:colcon.colcon_core.environment:checking '/home/xyq/Desktop/boom_ws/install/serial' for CMake config files
[11.188s] Level 1:colcon.colcon_core.shell:create_environment_hook('serial', 'cmake_prefix_path')
[11.188s] INFO:colcon.colcon_core.shell:Creating environment hook '/home/xyq/Desktop/boom_ws/install/serial/share/serial/hook/cmake_prefix_path.ps1'
[11.189s] INFO:colcon.colcon_core.shell:Creating environment descriptor '/home/xyq/Desktop/boom_ws/install/serial/share/serial/hook/cmake_prefix_path.dsv'
[11.189s] INFO:colcon.colcon_core.shell:Creating environment hook '/home/xyq/Desktop/boom_ws/install/serial/share/serial/hook/cmake_prefix_path.sh'
[11.189s] Level 1:colcon.colcon_core.environment:checking '/home/xyq/Desktop/boom_ws/install/serial/lib'
[11.189s] Level 1:colcon.colcon_core.environment:checking '/home/xyq/Desktop/boom_ws/install/serial/bin'
[11.189s] Level 1:colcon.colcon_core.environment:checking '/home/xyq/Desktop/boom_ws/install/serial/lib/pkgconfig/serial.pc'
[11.189s] Level 1:colcon.colcon_core.environment:checking '/home/xyq/Desktop/boom_ws/install/serial/lib/python3.10/site-packages'
[11.189s] Level 1:colcon.colcon_core.environment:checking '/home/xyq/Desktop/boom_ws/install/serial/bin'
[11.190s] INFO:colcon.colcon_core.shell:Creating package script '/home/xyq/Desktop/boom_ws/install/serial/share/serial/package.ps1'
[11.190s] INFO:colcon.colcon_core.shell:Creating package descriptor '/home/xyq/Desktop/boom_ws/install/serial/share/serial/package.dsv'
[11.190s] INFO:colcon.colcon_core.shell:Creating package script '/home/xyq/Desktop/boom_ws/install/serial/share/serial/package.sh'
[11.190s] INFO:colcon.colcon_core.shell:Creating package script '/home/xyq/Desktop/boom_ws/install/serial/share/serial/package.bash'
[11.191s] INFO:colcon.colcon_core.shell:Creating package script '/home/xyq/Desktop/boom_ws/install/serial/share/serial/package.zsh'
[11.191s] Level 1:colcon.colcon_core.environment:create_file_with_runtime_dependencies(/home/xyq/Desktop/boom_ws/install/serial/share/colcon-core/packages/serial)
[11.191s] DEBUG:colcon.colcon_parallel_executor.executor.parallel:closing loop
[11.191s] DEBUG:colcon.colcon_parallel_executor.executor.parallel:loop closed
[11.191s] DEBUG:colcon.colcon_parallel_executor.executor.parallel:run_until_complete finished with '0'
[11.191s] DEBUG:colcon.colcon_core.event_reactor:joining thread
[11.195s] INFO:colcon.colcon_core.plugin_system:Skipping extension 'colcon_notification.desktop_notification.terminal_notifier': Not used on non-Darwin systems
[11.195s] INFO:colcon.colcon_core.plugin_system:Skipping extension 'colcon_notification.desktop_notification.win32': Not used on non-Windows systems
[11.195s] INFO:colcon.colcon_notification.desktop_notification:Sending desktop notification using 'notify2'
[11.203s] DEBUG:colcon.colcon_core.event_reactor:joined thread
[11.204s] INFO:colcon.colcon_core.shell:Creating prefix script '/home/xyq/Desktop/boom_ws/install/local_setup.ps1'
[11.205s] INFO:colcon.colcon_core.shell:Creating prefix util module '/home/xyq/Desktop/boom_ws/install/_local_setup_util_ps1.py'
[11.206s] INFO:colcon.colcon_core.shell:Creating prefix chain script '/home/xyq/Desktop/boom_ws/install/setup.ps1'
[11.206s] INFO:colcon.colcon_core.shell:Creating prefix script '/home/xyq/Desktop/boom_ws/install/local_setup.sh'
[11.207s] INFO:colcon.colcon_core.shell:Creating prefix util module '/home/xyq/Desktop/boom_ws/install/_local_setup_util_sh.py'
[11.207s] INFO:colcon.colcon_core.shell:Creating prefix chain script '/home/xyq/Desktop/boom_ws/install/setup.sh'
[11.208s] INFO:colcon.colcon_core.shell:Creating prefix script '/home/xyq/Desktop/boom_ws/install/local_setup.bash'
[11.208s] INFO:colcon.colcon_core.shell:Creating prefix chain script '/home/xyq/Desktop/boom_ws/install/setup.bash'
[11.209s] INFO:colcon.colcon_core.shell:Creating prefix script '/home/xyq/Desktop/boom_ws/install/local_setup.zsh'
[11.209s] INFO:colcon.colcon_core.shell:Creating prefix chain script '/home/xyq/Desktop/boom_ws/install/setup.zsh'
