[0.034s] Invoking command in '/home/qiqi/Desktop/boom_ws/build/display': CMAKE_PREFIX_PATH=${CMAKE_PREFIX_PATH}:/opt/ros/humble /usr/bin/cmake --build /home/qiqi/Desktop/boom_ws/build/display -- -j8 -l8
[0.302s] [100%] Built target display
[0.367s] Invoked command in '/home/qiqi/Desktop/boom_ws/build/display' returned '0': CMAKE_PREFIX_PATH=${CMAKE_PREFIX_PATH}:/opt/ros/humble /usr/bin/cmake --build /home/qiqi/Desktop/boom_ws/build/display -- -j8 -l8
[0.382s] Invoking command in '/home/qiqi/Desktop/boom_ws/build/display': CMAKE_PREFIX_PATH=${CMAKE_PREFIX_PATH}:/opt/ros/humble /usr/bin/cmake --install /home/qiqi/Desktop/boom_ws/build/display
[0.405s] -- Install configuration: ""
[0.405s] -- Up-to-date: /home/qiqi/Desktop/boom_ws/install/display/lib/display/display
[0.405s] -- Up-to-date: /home/qiqi/Desktop/boom_ws/install/display/share/ament_index/resource_index/package_run_dependencies/display
[0.406s] -- Up-to-date: /home/qiqi/Desktop/boom_ws/install/display/share/ament_index/resource_index/parent_prefix_path/display
[0.406s] -- Up-to-date: /home/qiqi/Desktop/boom_ws/install/display/share/display/environment/ament_prefix_path.sh
[0.407s] -- Up-to-date: /home/qiqi/Desktop/boom_ws/install/display/share/display/environment/ament_prefix_path.dsv
[0.411s] -- Up-to-date: /home/qiqi/Desktop/boom_ws/install/display/share/display/environment/path.sh
[0.411s] -- Up-to-date: /home/qiqi/Desktop/boom_ws/install/display/share/display/environment/path.dsv
[0.411s] -- Up-to-date: /home/qiqi/Desktop/boom_ws/install/display/share/display/local_setup.bash
[0.412s] -- Up-to-date: /home/qiqi/Desktop/boom_ws/install/display/share/display/local_setup.sh
[0.414s] -- Up-to-date: /home/qiqi/Desktop/boom_ws/install/display/share/display/local_setup.zsh
[0.414s] -- Up-to-date: /home/qiqi/Desktop/boom_ws/install/display/share/display/local_setup.dsv
[0.414s] -- Installing: /home/qiqi/Desktop/boom_ws/install/display/share/display/package.dsv
[0.415s] -- Up-to-date: /home/qiqi/Desktop/boom_ws/install/display/share/ament_index/resource_index/packages/display
[0.415s] -- Up-to-date: /home/qiqi/Desktop/boom_ws/install/display/share/display/cmake/displayConfig.cmake
[0.415s] -- Up-to-date: /home/qiqi/Desktop/boom_ws/install/display/share/display/cmake/displayConfig-version.cmake
[0.416s] -- Up-to-date: /home/qiqi/Desktop/boom_ws/install/display/share/display/package.xml
[0.496s] Invoked command in '/home/qiqi/Desktop/boom_ws/build/display' returned '0': CMAKE_PREFIX_PATH=${CMAKE_PREFIX_PATH}:/opt/ros/humble /usr/bin/cmake --install /home/qiqi/Desktop/boom_ws/build/display
