[0.010s] Invoking command in '/home/qiqi/桌面/boom_ws/build/serial': CMAKE_PREFIX_PATH=/home/qiqi/桌面/boom_ws/install/vision_interfaces:/home/qiqi/桌面/boom_ws/install/serial:/home/qiqi/桌面/boom_ws/install/resolve:/home/qiqi/桌面/boom_ws/install/hik_camera_ros2_driver:/home/qiqi/桌面/boom_ws/install/display:/opt/ros/humble LD_LIBRARY_PATH=/home/qiqi/桌面/boom_ws/install/vision_interfaces/lib:/home/qiqi/桌面/boom_ws/install/hik_camera_ros2_driver/lib:/opt/MVS/lib/64:/opt/MVS/lib/32:/opt/ros/humble/opt/rviz_ogre_vendor/lib:/opt/ros/humble/lib/x86_64-linux-gnu:/opt/ros/humble/lib:/opt/MVS/lib/64:/opt/MVS/lib/32:/opt/MVS/lib/64:/opt/MVS/lib/32 /usr/bin/cmake /home/qiqi/桌面/boom_ws/src/serial -DCMAKE_INSTALL_PREFIX=/home/qiqi/桌面/boom_ws/install/serial
[0.050s] -- The C compiler identification is GNU 11.4.0
[0.086s] -- The CXX compiler identification is GNU 11.4.0
[0.091s] -- Detecting C compiler ABI info
[0.137s] -- Detecting C compiler ABI info - done
[0.142s] -- Check for working C compiler: /usr/bin/cc - skipped
[0.142s] -- Detecting C compile features
[0.142s] -- Detecting C compile features - done
[0.144s] -- Detecting CXX compiler ABI info
[0.200s] -- Detecting CXX compiler ABI info - done
[0.207s] -- Check for working CXX compiler: /usr/bin/c++ - skipped
[0.207s] -- Detecting CXX compile features
[0.208s] -- Detecting CXX compile features - done
[0.209s] -- Found ament_cmake: 1.3.11 (/opt/ros/humble/share/ament_cmake/cmake)
[0.321s] -- Found Python3: /usr/bin/python3 (found version "3.10.12") found components: Interpreter 
[0.383s] -- Found OpenCV: /usr (found version "4.5.4") 
[0.392s] -- Configuring incomplete, errors occurred!
[0.392s] See also "/home/qiqi/桌面/boom_ws/build/serial/CMakeFiles/CMakeOutput.log".
[0.392s] [31mCMake Error at CMakeLists.txt:11 (find_package):
[0.392s]   By not providing "Findserial.cmake" in CMAKE_MODULE_PATH this project has
[0.392s]   asked CMake to find a package configuration file provided by "serial", but
[0.392s]   CMake did not find one.
[0.392s] 
[0.392s]   Could not find a package configuration file provided by "serial" with any
[0.392s]   of the following names:
[0.392s] 
[0.393s]     serialConfig.cmake
[0.393s]     serial-config.cmake
[0.393s] 
[0.393s]   Add the installation prefix of "serial" to CMAKE_PREFIX_PATH or set
[0.393s]   "serial_DIR" to a directory containing one of the above files.  If "serial"
[0.393s]   provides a separate development package or SDK, be sure it has been
[0.393s]   installed.
[0.393s] 
[0.393s] [0m
[0.395s] Invoked command in '/home/qiqi/桌面/boom_ws/build/serial' returned '1': CMAKE_PREFIX_PATH=/home/qiqi/桌面/boom_ws/install/vision_interfaces:/home/qiqi/桌面/boom_ws/install/serial:/home/qiqi/桌面/boom_ws/install/resolve:/home/qiqi/桌面/boom_ws/install/hik_camera_ros2_driver:/home/qiqi/桌面/boom_ws/install/display:/opt/ros/humble LD_LIBRARY_PATH=/home/qiqi/桌面/boom_ws/install/vision_interfaces/lib:/home/qiqi/桌面/boom_ws/install/hik_camera_ros2_driver/lib:/opt/MVS/lib/64:/opt/MVS/lib/32:/opt/ros/humble/opt/rviz_ogre_vendor/lib:/opt/ros/humble/lib/x86_64-linux-gnu:/opt/ros/humble/lib:/opt/MVS/lib/64:/opt/MVS/lib/32:/opt/MVS/lib/64:/opt/MVS/lib/32 /usr/bin/cmake /home/qiqi/桌面/boom_ws/src/serial -DCMAKE_INSTALL_PREFIX=/home/qiqi/桌面/boom_ws/install/serial
