[0.006s] Invoking command in '/home/new-sentry/Downloads/boom_ws/build/display': CMAKE_PREFIX_PATH=/opt/ros/humble /usr/local/bin/cmake /home/new-sentry/Downloads/boom_ws/src/display -DCMAKE_BUILD_TYPE=Release -DAMENT_CMAKE_SYMLINK_INSTALL=1 -DCMAKE_INSTALL_PREFIX=/home/new-sentry/Downloads/boom_ws/install/display
[0.009s] [0mCMake Deprecation Warning at CMakeLists.txt:1 (cmake_minimum_required):
[0.009s]   Compatibility with CMake < 3.10 will be removed from a future version of
[0.009s]   CMake.
[0.009s] 
[0.009s]   Update the VERSION argument <min> value.  Or, use the <min>...<max> syntax
[0.009s]   to tell CMake that the project requires at least <min> but has been updated
[0.009s]   to work with policies introduced by <max> or earlier.
[0.009s] 
[0.009s] [0m
[0.096s] -- The C compiler identification is GNU 11.4.0
[0.172s] -- The CXX compiler identification is GNU 11.4.0
[0.190s] -- Detecting C compiler ABI info
[0.242s] -- Detecting C compiler ABI info - done
[0.283s] -- Check for working C compiler: /usr/bin/cc - skipped
[0.284s] -- Detecting C compile features
[0.286s] -- Detecting C compile features - done
[0.301s] -- Detecting CXX compiler ABI info
[0.357s] -- Detecting CXX compiler ABI info - done
[0.401s] -- Check for working CXX compiler: /usr/bin/c++ - skipped
[0.401s] -- Detecting CXX compile features
[0.403s] -- Detecting CXX compile features - done
[0.411s] -- Found ament_cmake: 1.3.11 (/opt/ros/humble/share/ament_cmake/cmake)
[0.503s] -- Found Python3: /usr/bin/python3 (found version "3.10.12") found components: Interpreter
[0.547s] -- Override CMake install command with custom implementation using symlinks instead of copying resources
[0.610s] -- Found OpenCV: /usr (found version "4.5.4")
[0.611s] -- Found rclcpp: 16.0.12 (/opt/ros/humble/share/rclcpp/cmake)
[0.677s] -- Found rosidl_generator_c: 3.1.6 (/opt/ros/humble/share/rosidl_generator_c/cmake)
[0.687s] -- Found rosidl_adapter: 3.1.6 (/opt/ros/humble/share/rosidl_adapter/cmake)
[0.705s] -- Found rosidl_generator_cpp: 3.1.6 (/opt/ros/humble/share/rosidl_generator_cpp/cmake)
[0.735s] -- Using all available rosidl_typesupport_c: rosidl_typesupport_fastrtps_c;rosidl_typesupport_introspection_c
[0.774s] -- Using all available rosidl_typesupport_cpp: rosidl_typesupport_fastrtps_cpp;rosidl_typesupport_introspection_cpp
[0.875s] -- Found rmw_implementation_cmake: 6.1.2 (/opt/ros/humble/share/rmw_implementation_cmake/cmake)
[0.879s] -- Found rmw_fastrtps_cpp: 6.2.7 (/opt/ros/humble/share/rmw_fastrtps_cpp/cmake)
[0.992s] -- Found OpenSSL: /usr/lib/x86_64-linux-gnu/libcrypto.so (found version "3.0.2")
[1.029s] -- Found FastRTPS: /opt/ros/humble/include
[1.084s] -- Using RMW implementation 'rmw_fastrtps_cpp' as default
[1.099s] -- Performing Test CMAKE_HAVE_LIBC_PTHREAD
[1.160s] -- Performing Test CMAKE_HAVE_LIBC_PTHREAD - Success
[1.162s] -- Found Threads: TRUE
[1.312s] -- Found image_transport: 3.1.11 (/opt/ros/humble/share/image_transport/cmake)
[1.451s] -- Found cv_bridge: 3.2.1 (/opt/ros/humble/share/cv_bridge/cmake)
[1.461s] -- Found ament_lint_auto: 0.12.12 (/opt/ros/humble/share/ament_lint_auto/cmake)
[1.523s] -- Added test 'cppcheck' to perform static code analysis on C / C++ code
[1.527s] -- Configured cppcheck include dirs: 
[1.527s] -- Configured cppcheck exclude dirs and/or files: 
[1.528s] -- Added test 'lint_cmake' to check CMake code style
[1.530s] -- Added test 'uncrustify' to check C / C++ code style
[1.530s] -- Configured uncrustify additional arguments: 
[1.531s] -- Added test 'xmllint' to check XML markup files
[1.534s] -- Configuring done (1.5s)
[1.560s] -- Generating done (0.0s)
[1.565s] -- Build files have been written to: /home/new-sentry/Downloads/boom_ws/build/display
[1.573s] Invoked command in '/home/new-sentry/Downloads/boom_ws/build/display' returned '0': CMAKE_PREFIX_PATH=/opt/ros/humble /usr/local/bin/cmake /home/new-sentry/Downloads/boom_ws/src/display -DCMAKE_BUILD_TYPE=Release -DAMENT_CMAKE_SYMLINK_INSTALL=1 -DCMAKE_INSTALL_PREFIX=/home/new-sentry/Downloads/boom_ws/install/display
[1.575s] Invoking command in '/home/new-sentry/Downloads/boom_ws/build/display': CMAKE_PREFIX_PATH=/opt/ros/humble /usr/local/bin/cmake --build /home/new-sentry/Downloads/boom_ws/build/display -- -j16 -l16
[1.600s] [ 50%] [32mBuilding CXX object CMakeFiles/display.dir/src/display_node.cpp.o[0m
[4.562s] [100%] [32m[1mLinking CXX executable display[0m
[4.859s] [100%] Built target display
[4.863s] Invoked command in '/home/new-sentry/Downloads/boom_ws/build/display' returned '0': CMAKE_PREFIX_PATH=/opt/ros/humble /usr/local/bin/cmake --build /home/new-sentry/Downloads/boom_ws/build/display -- -j16 -l16
[4.865s] Invoking command in '/home/new-sentry/Downloads/boom_ws/build/display': CMAKE_PREFIX_PATH=/opt/ros/humble /usr/local/bin/cmake --install /home/new-sentry/Downloads/boom_ws/build/display
[4.868s] -- Install configuration: "Release"
[4.868s] -- Execute custom install script
[4.869s] -- Symlinking: /home/new-sentry/Downloads/boom_ws/install/display/lib/display/display
[4.872s] -- Symlinking: /home/new-sentry/Downloads/boom_ws/install/display/share/ament_index/resource_index/package_run_dependencies/display
[4.876s] -- Symlinking: /home/new-sentry/Downloads/boom_ws/install/display/share/ament_index/resource_index/parent_prefix_path/display
[4.880s] -- Symlinking: /home/new-sentry/Downloads/boom_ws/install/display/share/display/environment/ament_prefix_path.sh
[4.883s] -- Symlinking: /home/new-sentry/Downloads/boom_ws/install/display/share/display/environment/ament_prefix_path.dsv
[4.887s] -- Symlinking: /home/new-sentry/Downloads/boom_ws/install/display/share/display/environment/path.sh
[4.891s] -- Symlinking: /home/new-sentry/Downloads/boom_ws/install/display/share/display/environment/path.dsv
[4.895s] -- Symlinking: /home/new-sentry/Downloads/boom_ws/install/display/share/display/local_setup.bash
[4.898s] -- Symlinking: /home/new-sentry/Downloads/boom_ws/install/display/share/display/local_setup.sh
[4.902s] -- Symlinking: /home/new-sentry/Downloads/boom_ws/install/display/share/display/local_setup.zsh
[4.905s] -- Symlinking: /home/new-sentry/Downloads/boom_ws/install/display/share/display/local_setup.dsv
[4.909s] -- Symlinking: /home/new-sentry/Downloads/boom_ws/install/display/share/display/package.dsv
[4.912s] -- Symlinking: /home/new-sentry/Downloads/boom_ws/install/display/share/ament_index/resource_index/packages/display
[4.916s] -- Symlinking: /home/new-sentry/Downloads/boom_ws/install/display/share/display/cmake/displayConfig.cmake
[4.919s] -- Symlinking: /home/new-sentry/Downloads/boom_ws/install/display/share/display/cmake/displayConfig-version.cmake
[4.922s] -- Symlinking: /home/new-sentry/Downloads/boom_ws/install/display/share/display/package.xml
[4.927s] Invoked command in '/home/new-sentry/Downloads/boom_ws/build/display' returned '0': CMAKE_PREFIX_PATH=/opt/ros/humble /usr/local/bin/cmake --install /home/new-sentry/Downloads/boom_ws/build/display
