[35m[1mConsolidate compiler generated dependencies of target serial[0m
[ 50%] [32mBuilding CXX object CMakeFiles/serial.dir/src/serial.cpp.o[0m
[01m[K/home/xyq/Desktop/boom_ws/src/serial/src/serial.cpp:[m[K In constructor ‘[01m[KSerialNode::SerialNode(const char*)[m[K’:
[01m[K/home/xyq/Desktop/boom_ws/src/serial/src/serial.cpp:36:32:[m[K [01;35m[Kwarning: [m[Kunused parameter ‘[01m[Kname[m[K’ [[01;35m[K]8;;https://gcc.gnu.org/onlinedocs/gcc/Warning-Options.html#index-Wunused-parameter-Wunused-parameter]8;;[m[K]
   36 |         SerialNode([01;35m[Kconst char* name[m[K): Node("serial_port_node") {
      |                    [01;35m[K~~~~~~~~~~~~^~~~[m[K
[01m[K/home/xyq/Desktop/boom_ws/src/serial/src/serial.cpp:[m[K In member function ‘[01m[Kvoid SerialNode::callback(vision_interfaces::msg::Uartf_<std::allocator<void> >::SharedPtr)[m[K’:
[01m[K/home/xyq/Desktop/boom_ws/src/serial/src/serial.cpp:99:35:[m[K [01;35m[Kwarning: [m[Kcomparison of integer expressions of different signedness: ‘[01m[Kint[m[K’ and ‘[01m[Klong unsigned int[m[K’ [[01;35m[K]8;;https://gcc.gnu.org/onlinedocs/gcc/Warning-Options.html#index-Wsign-compare-Wsign-compare]8;;[m[K]
   99 |                 for (int i = 0; [01;35m[Ki < sizeof(Package) - 1[m[K; i ++) {
      |                                 [01;35m[K~~^~~~~~~~~~~~~~~~~~~~~[m[K
[100%] [32m[1mLinking CXX executable serial[0m
[100%] Built target serial
-- Install configuration: ""
-- Installing: /home/xyq/Desktop/boom_ws/install/serial/lib/serial/serial
-- Set runtime path of "/home/xyq/Desktop/boom_ws/install/serial/lib/serial/serial" to ""
-- Up-to-date: /home/xyq/Desktop/boom_ws/install/serial/share/ament_index/resource_index/package_run_dependencies/serial
-- Up-to-date: /home/xyq/Desktop/boom_ws/install/serial/share/ament_index/resource_index/parent_prefix_path/serial
-- Up-to-date: /home/xyq/Desktop/boom_ws/install/serial/share/serial/environment/ament_prefix_path.sh
-- Up-to-date: /home/xyq/Desktop/boom_ws/install/serial/share/serial/environment/ament_prefix_path.dsv
-- Up-to-date: /home/xyq/Desktop/boom_ws/install/serial/share/serial/environment/path.sh
-- Up-to-date: /home/xyq/Desktop/boom_ws/install/serial/share/serial/environment/path.dsv
-- Up-to-date: /home/xyq/Desktop/boom_ws/install/serial/share/serial/local_setup.bash
-- Up-to-date: /home/xyq/Desktop/boom_ws/install/serial/share/serial/local_setup.sh
-- Up-to-date: /home/xyq/Desktop/boom_ws/install/serial/share/serial/local_setup.zsh
-- Up-to-date: /home/xyq/Desktop/boom_ws/install/serial/share/serial/local_setup.dsv
-- Installing: /home/xyq/Desktop/boom_ws/install/serial/share/serial/package.dsv
-- Up-to-date: /home/xyq/Desktop/boom_ws/install/serial/share/ament_index/resource_index/packages/serial
-- Up-to-date: /home/xyq/Desktop/boom_ws/install/serial/share/serial/cmake/serialConfig.cmake
-- Up-to-date: /home/xyq/Desktop/boom_ws/install/serial/share/serial/cmake/serialConfig-version.cmake
-- Up-to-date: /home/xyq/Desktop/boom_ws/install/serial/share/serial/package.xml
