[ 10%] Built target vision_interfaces__rosidl_generator_c
[ 12%] Built target vision_interfaces__cpp
[ 12%] Built target ament_cmake_python_copy_vision_interfaces
[ 33%] Built target vision_interfaces__rosidl_typesupport_introspection_c
[ 33%] Built target vision_interfaces__rosidl_typesupport_c
[ 43%] Built target vision_interfaces__rosidl_typesupport_fastrtps_c
[ 53%] Built target vision_interfaces__rosidl_typesupport_introspection_cpp
[ 64%] Built target vision_interfaces__rosidl_typesupport_cpp
[ 74%] Built target vision_interfaces__rosidl_typesupport_fastrtps_cpp
[ 74%] Built target vision_interfaces
[ 76%] Built target vision_interfaces__py
[ 84%] Built target vision_interfaces__rosidl_generator_py
[ 94%] Built target vision_interfaces__rosidl_typesupport_fastrtps_c__pyext
[ 97%] Built target vision_interfaces__rosidl_typesupport_introspection_c__pyext
[100%] Built target vision_interfaces__rosidl_typesupport_c__pyext
running egg_info
writing vision_interfaces.egg-info/PKG-INFO
writing dependency_links to vision_interfaces.egg-info/dependency_links.txt
writing top-level names to vision_interfaces.egg-info/top_level.txt
reading manifest file 'vision_interfaces.egg-info/SOURCES.txt'
writing manifest file 'vision_interfaces.egg-info/SOURCES.txt'
[100%] Built target ament_cmake_python_build_vision_interfaces_egg
-- Install configuration: ""
-- Up-to-date: /home/new-sentry/Desktop/boom_ws/install/vision_interfaces/share/ament_index/resource_index/rosidl_interfaces/vision_interfaces
-- Up-to-date: /home/new-sentry/Desktop/boom_ws/install/vision_interfaces/include/vision_interfaces/vision_interfaces
-- Up-to-date: /home/new-sentry/Desktop/boom_ws/install/vision_interfaces/include/vision_interfaces/vision_interfaces/msg
-- Up-to-date: /home/new-sentry/Desktop/boom_ws/install/vision_interfaces/include/vision_interfaces/vision_interfaces/msg/detail
-- Up-to-date: /home/new-sentry/Desktop/boom_ws/install/vision_interfaces/include/vision_interfaces/vision_interfaces/msg/detail/uart__functions.h
-- Up-to-date: /home/new-sentry/Desktop/boom_ws/install/vision_interfaces/include/vision_interfaces/vision_interfaces/msg/detail/uart__struct.h
-- Up-to-date: /home/new-sentry/Desktop/boom_ws/install/vision_interfaces/include/vision_interfaces/vision_interfaces/msg/detail/uart__functions.c
-- Up-to-date: /home/new-sentry/Desktop/boom_ws/install/vision_interfaces/include/vision_interfaces/vision_interfaces/msg/detail/uartf__functions.h
-- Up-to-date: /home/new-sentry/Desktop/boom_ws/install/vision_interfaces/include/vision_interfaces/vision_interfaces/msg/detail/uartf__struct.h
-- Up-to-date: /home/new-sentry/Desktop/boom_ws/install/vision_interfaces/include/vision_interfaces/vision_interfaces/msg/detail/uartf__functions.c
-- Up-to-date: /home/new-sentry/Desktop/boom_ws/install/vision_interfaces/include/vision_interfaces/vision_interfaces/msg/detail/uartf__type_support.h
-- Up-to-date: /home/new-sentry/Desktop/boom_ws/install/vision_interfaces/include/vision_interfaces/vision_interfaces/msg/detail/uart__type_support.h
-- Up-to-date: /home/new-sentry/Desktop/boom_ws/install/vision_interfaces/include/vision_interfaces/vision_interfaces/msg/uart.h
-- Up-to-date: /home/new-sentry/Desktop/boom_ws/install/vision_interfaces/include/vision_interfaces/vision_interfaces/msg/uartf.h
-- Up-to-date: /home/new-sentry/Desktop/boom_ws/install/vision_interfaces/include/vision_interfaces/vision_interfaces/msg/rosidl_generator_c__visibility_control.h
-- Up-to-date: /home/new-sentry/Desktop/boom_ws/install/vision_interfaces/share/vision_interfaces/environment/library_path.sh
-- Up-to-date: /home/new-sentry/Desktop/boom_ws/install/vision_interfaces/share/vision_interfaces/environment/library_path.dsv
-- Up-to-date: /home/new-sentry/Desktop/boom_ws/install/vision_interfaces/lib/libvision_interfaces__rosidl_generator_c.so
-- Up-to-date: /home/new-sentry/Desktop/boom_ws/install/vision_interfaces/include/vision_interfaces/vision_interfaces
-- Up-to-date: /home/new-sentry/Desktop/boom_ws/install/vision_interfaces/include/vision_interfaces/vision_interfaces/msg
-- Up-to-date: /home/new-sentry/Desktop/boom_ws/install/vision_interfaces/include/vision_interfaces/vision_interfaces/msg/detail
-- Up-to-date: /home/new-sentry/Desktop/boom_ws/install/vision_interfaces/include/vision_interfaces/vision_interfaces/msg/detail/uart__rosidl_typesupport_fastrtps_c.h
-- Up-to-date: /home/new-sentry/Desktop/boom_ws/install/vision_interfaces/include/vision_interfaces/vision_interfaces/msg/detail/uartf__rosidl_typesupport_fastrtps_c.h
-- Up-to-date: /home/new-sentry/Desktop/boom_ws/install/vision_interfaces/include/vision_interfaces/vision_interfaces/msg/rosidl_typesupport_fastrtps_c__visibility_control.h
-- Up-to-date: /home/new-sentry/Desktop/boom_ws/install/vision_interfaces/lib/libvision_interfaces__rosidl_typesupport_fastrtps_c.so
-- Up-to-date: /home/new-sentry/Desktop/boom_ws/install/vision_interfaces/include/vision_interfaces/vision_interfaces
-- Up-to-date: /home/new-sentry/Desktop/boom_ws/install/vision_interfaces/include/vision_interfaces/vision_interfaces/msg
-- Up-to-date: /home/new-sentry/Desktop/boom_ws/install/vision_interfaces/include/vision_interfaces/vision_interfaces/msg/detail
-- Up-to-date: /home/new-sentry/Desktop/boom_ws/install/vision_interfaces/include/vision_interfaces/vision_interfaces/msg/detail/uart__type_support.hpp
-- Up-to-date: /home/new-sentry/Desktop/boom_ws/install/vision_interfaces/include/vision_interfaces/vision_interfaces/msg/detail/uart__builder.hpp
-- Up-to-date: /home/new-sentry/Desktop/boom_ws/install/vision_interfaces/include/vision_interfaces/vision_interfaces/msg/detail/uartf__type_support.hpp
-- Up-to-date: /home/new-sentry/Desktop/boom_ws/install/vision_interfaces/include/vision_interfaces/vision_interfaces/msg/detail/uartf__struct.hpp
-- Up-to-date: /home/new-sentry/Desktop/boom_ws/install/vision_interfaces/include/vision_interfaces/vision_interfaces/msg/detail/uart__traits.hpp
-- Up-to-date: /home/new-sentry/Desktop/boom_ws/install/vision_interfaces/include/vision_interfaces/vision_interfaces/msg/detail/uart__struct.hpp
-- Up-to-date: /home/new-sentry/Desktop/boom_ws/install/vision_interfaces/include/vision_interfaces/vision_interfaces/msg/detail/uartf__builder.hpp
-- Up-to-date: /home/new-sentry/Desktop/boom_ws/install/vision_interfaces/include/vision_interfaces/vision_interfaces/msg/detail/uartf__traits.hpp
-- Up-to-date: /home/new-sentry/Desktop/boom_ws/install/vision_interfaces/include/vision_interfaces/vision_interfaces/msg/uartf.hpp
-- Up-to-date: /home/new-sentry/Desktop/boom_ws/install/vision_interfaces/include/vision_interfaces/vision_interfaces/msg/uart.hpp
-- Up-to-date: /home/new-sentry/Desktop/boom_ws/install/vision_interfaces/include/vision_interfaces/vision_interfaces/msg/rosidl_generator_cpp__visibility_control.hpp
-- Up-to-date: /home/new-sentry/Desktop/boom_ws/install/vision_interfaces/include/vision_interfaces/vision_interfaces
-- Up-to-date: /home/new-sentry/Desktop/boom_ws/install/vision_interfaces/include/vision_interfaces/vision_interfaces/msg
-- Up-to-date: /home/new-sentry/Desktop/boom_ws/install/vision_interfaces/include/vision_interfaces/vision_interfaces/msg/detail
-- Up-to-date: /home/new-sentry/Desktop/boom_ws/install/vision_interfaces/include/vision_interfaces/vision_interfaces/msg/detail/uartf__rosidl_typesupport_fastrtps_cpp.hpp
-- Up-to-date: /home/new-sentry/Desktop/boom_ws/install/vision_interfaces/include/vision_interfaces/vision_interfaces/msg/detail/dds_fastrtps
-- Up-to-date: /home/new-sentry/Desktop/boom_ws/install/vision_interfaces/include/vision_interfaces/vision_interfaces/msg/detail/uart__rosidl_typesupport_fastrtps_cpp.hpp
-- Up-to-date: /home/new-sentry/Desktop/boom_ws/install/vision_interfaces/include/vision_interfaces/vision_interfaces/msg/rosidl_typesupport_fastrtps_cpp__visibility_control.h
-- Up-to-date: /home/new-sentry/Desktop/boom_ws/install/vision_interfaces/lib/libvision_interfaces__rosidl_typesupport_fastrtps_cpp.so
-- Up-to-date: /home/new-sentry/Desktop/boom_ws/install/vision_interfaces/include/vision_interfaces/vision_interfaces
-- Up-to-date: /home/new-sentry/Desktop/boom_ws/install/vision_interfaces/include/vision_interfaces/vision_interfaces/msg
-- Up-to-date: /home/new-sentry/Desktop/boom_ws/install/vision_interfaces/include/vision_interfaces/vision_interfaces/msg/detail
-- Up-to-date: /home/new-sentry/Desktop/boom_ws/install/vision_interfaces/include/vision_interfaces/vision_interfaces/msg/detail/uart__rosidl_typesupport_introspection_c.h
-- Up-to-date: /home/new-sentry/Desktop/boom_ws/install/vision_interfaces/include/vision_interfaces/vision_interfaces/msg/detail/uartf__rosidl_typesupport_introspection_c.h
-- Up-to-date: /home/new-sentry/Desktop/boom_ws/install/vision_interfaces/include/vision_interfaces/vision_interfaces/msg/detail/uartf__type_support.c
-- Up-to-date: /home/new-sentry/Desktop/boom_ws/install/vision_interfaces/include/vision_interfaces/vision_interfaces/msg/detail/uart__type_support.c
-- Up-to-date: /home/new-sentry/Desktop/boom_ws/install/vision_interfaces/include/vision_interfaces/vision_interfaces/msg/rosidl_typesupport_introspection_c__visibility_control.h
-- Up-to-date: /home/new-sentry/Desktop/boom_ws/install/vision_interfaces/lib/libvision_interfaces__rosidl_typesupport_introspection_c.so
-- Up-to-date: /home/new-sentry/Desktop/boom_ws/install/vision_interfaces/lib/libvision_interfaces__rosidl_typesupport_c.so
-- Up-to-date: /home/new-sentry/Desktop/boom_ws/install/vision_interfaces/include/vision_interfaces/vision_interfaces
-- Up-to-date: /home/new-sentry/Desktop/boom_ws/install/vision_interfaces/include/vision_interfaces/vision_interfaces/msg
-- Up-to-date: /home/new-sentry/Desktop/boom_ws/install/vision_interfaces/include/vision_interfaces/vision_interfaces/msg/detail
-- Up-to-date: /home/new-sentry/Desktop/boom_ws/install/vision_interfaces/include/vision_interfaces/vision_interfaces/msg/detail/uartf__rosidl_typesupport_introspection_cpp.hpp
-- Up-to-date: /home/new-sentry/Desktop/boom_ws/install/vision_interfaces/include/vision_interfaces/vision_interfaces/msg/detail/uartf__type_support.cpp
-- Up-to-date: /home/new-sentry/Desktop/boom_ws/install/vision_interfaces/include/vision_interfaces/vision_interfaces/msg/detail/uart__rosidl_typesupport_introspection_cpp.hpp
-- Up-to-date: /home/new-sentry/Desktop/boom_ws/install/vision_interfaces/include/vision_interfaces/vision_interfaces/msg/detail/uart__type_support.cpp
-- Up-to-date: /home/new-sentry/Desktop/boom_ws/install/vision_interfaces/lib/libvision_interfaces__rosidl_typesupport_introspection_cpp.so
-- Up-to-date: /home/new-sentry/Desktop/boom_ws/install/vision_interfaces/lib/libvision_interfaces__rosidl_typesupport_cpp.so
-- Up-to-date: /home/new-sentry/Desktop/boom_ws/install/vision_interfaces/share/vision_interfaces/environment/pythonpath.sh
-- Up-to-date: /home/new-sentry/Desktop/boom_ws/install/vision_interfaces/share/vision_interfaces/environment/pythonpath.dsv
-- Up-to-date: /home/new-sentry/Desktop/boom_ws/install/vision_interfaces/local/lib/python3.10/dist-packages/vision_interfaces-0.0.0-py3.10.egg-info
-- Installing: /home/new-sentry/Desktop/boom_ws/install/vision_interfaces/local/lib/python3.10/dist-packages/vision_interfaces-0.0.0-py3.10.egg-info/top_level.txt
-- Installing: /home/new-sentry/Desktop/boom_ws/install/vision_interfaces/local/lib/python3.10/dist-packages/vision_interfaces-0.0.0-py3.10.egg-info/SOURCES.txt
-- Installing: /home/new-sentry/Desktop/boom_ws/install/vision_interfaces/local/lib/python3.10/dist-packages/vision_interfaces-0.0.0-py3.10.egg-info/PKG-INFO
-- Installing: /home/new-sentry/Desktop/boom_ws/install/vision_interfaces/local/lib/python3.10/dist-packages/vision_interfaces-0.0.0-py3.10.egg-info/dependency_links.txt
-- Up-to-date: /home/new-sentry/Desktop/boom_ws/install/vision_interfaces/local/lib/python3.10/dist-packages/vision_interfaces
-- Up-to-date: /home/new-sentry/Desktop/boom_ws/install/vision_interfaces/local/lib/python3.10/dist-packages/vision_interfaces/vision_interfaces_s__rosidl_typesupport_c.cpython-310-x86_64-linux-gnu.so
-- Up-to-date: /home/new-sentry/Desktop/boom_ws/install/vision_interfaces/local/lib/python3.10/dist-packages/vision_interfaces/__init__.py
-- Up-to-date: /home/new-sentry/Desktop/boom_ws/install/vision_interfaces/local/lib/python3.10/dist-packages/vision_interfaces/vision_interfaces_s__rosidl_typesupport_fastrtps_c.cpython-310-x86_64-linux-gnu.so
-- Up-to-date: /home/new-sentry/Desktop/boom_ws/install/vision_interfaces/local/lib/python3.10/dist-packages/vision_interfaces/vision_interfaces_s__rosidl_typesupport_introspection_c.cpython-310-x86_64-linux-gnu.so
-- Up-to-date: /home/new-sentry/Desktop/boom_ws/install/vision_interfaces/local/lib/python3.10/dist-packages/vision_interfaces/_vision_interfaces_s.ep.rosidl_typesupport_c.c
-- Up-to-date: /home/new-sentry/Desktop/boom_ws/install/vision_interfaces/local/lib/python3.10/dist-packages/vision_interfaces/msg
-- Up-to-date: /home/new-sentry/Desktop/boom_ws/install/vision_interfaces/local/lib/python3.10/dist-packages/vision_interfaces/msg/__init__.py
-- Up-to-date: /home/new-sentry/Desktop/boom_ws/install/vision_interfaces/local/lib/python3.10/dist-packages/vision_interfaces/msg/_uartf.py
-- Up-to-date: /home/new-sentry/Desktop/boom_ws/install/vision_interfaces/local/lib/python3.10/dist-packages/vision_interfaces/msg/_uartf_s.c
-- Up-to-date: /home/new-sentry/Desktop/boom_ws/install/vision_interfaces/local/lib/python3.10/dist-packages/vision_interfaces/msg/_uart_s.c
-- Up-to-date: /home/new-sentry/Desktop/boom_ws/install/vision_interfaces/local/lib/python3.10/dist-packages/vision_interfaces/msg/_uart.py
-- Up-to-date: /home/new-sentry/Desktop/boom_ws/install/vision_interfaces/local/lib/python3.10/dist-packages/vision_interfaces/libvision_interfaces__rosidl_generator_py.so
-- Up-to-date: /home/new-sentry/Desktop/boom_ws/install/vision_interfaces/local/lib/python3.10/dist-packages/vision_interfaces/_vision_interfaces_s.ep.rosidl_typesupport_fastrtps_c.c
-- Up-to-date: /home/new-sentry/Desktop/boom_ws/install/vision_interfaces/local/lib/python3.10/dist-packages/vision_interfaces/_vision_interfaces_s.ep.rosidl_typesupport_introspection_c.c
Listing '/home/new-sentry/Desktop/boom_ws/install/vision_interfaces/local/lib/python3.10/dist-packages/vision_interfaces'...
Listing '/home/new-sentry/Desktop/boom_ws/install/vision_interfaces/local/lib/python3.10/dist-packages/vision_interfaces/msg'...
-- Up-to-date: /home/new-sentry/Desktop/boom_ws/install/vision_interfaces/local/lib/python3.10/dist-packages/vision_interfaces/vision_interfaces_s__rosidl_typesupport_fastrtps_c.cpython-310-x86_64-linux-gnu.so
-- Up-to-date: /home/new-sentry/Desktop/boom_ws/install/vision_interfaces/local/lib/python3.10/dist-packages/vision_interfaces/vision_interfaces_s__rosidl_typesupport_introspection_c.cpython-310-x86_64-linux-gnu.so
-- Up-to-date: /home/new-sentry/Desktop/boom_ws/install/vision_interfaces/local/lib/python3.10/dist-packages/vision_interfaces/vision_interfaces_s__rosidl_typesupport_c.cpython-310-x86_64-linux-gnu.so
-- Up-to-date: /home/new-sentry/Desktop/boom_ws/install/vision_interfaces/lib/libvision_interfaces__rosidl_generator_py.so
-- Up-to-date: /home/new-sentry/Desktop/boom_ws/install/vision_interfaces/share/vision_interfaces/msg/Uart.idl
-- Up-to-date: /home/new-sentry/Desktop/boom_ws/install/vision_interfaces/share/vision_interfaces/msg/Uartf.idl
-- Up-to-date: /home/new-sentry/Desktop/boom_ws/install/vision_interfaces/share/vision_interfaces/msg/Uart.msg
-- Up-to-date: /home/new-sentry/Desktop/boom_ws/install/vision_interfaces/share/vision_interfaces/msg/Uartf.msg
-- Up-to-date: /home/new-sentry/Desktop/boom_ws/install/vision_interfaces/share/ament_index/resource_index/package_run_dependencies/vision_interfaces
-- Up-to-date: /home/new-sentry/Desktop/boom_ws/install/vision_interfaces/share/ament_index/resource_index/parent_prefix_path/vision_interfaces
-- Up-to-date: /home/new-sentry/Desktop/boom_ws/install/vision_interfaces/share/vision_interfaces/environment/ament_prefix_path.sh
-- Up-to-date: /home/new-sentry/Desktop/boom_ws/install/vision_interfaces/share/vision_interfaces/environment/ament_prefix_path.dsv
-- Up-to-date: /home/new-sentry/Desktop/boom_ws/install/vision_interfaces/share/vision_interfaces/environment/path.sh
-- Up-to-date: /home/new-sentry/Desktop/boom_ws/install/vision_interfaces/share/vision_interfaces/environment/path.dsv
-- Up-to-date: /home/new-sentry/Desktop/boom_ws/install/vision_interfaces/share/vision_interfaces/local_setup.bash
-- Up-to-date: /home/new-sentry/Desktop/boom_ws/install/vision_interfaces/share/vision_interfaces/local_setup.sh
-- Up-to-date: /home/new-sentry/Desktop/boom_ws/install/vision_interfaces/share/vision_interfaces/local_setup.zsh
-- Up-to-date: /home/new-sentry/Desktop/boom_ws/install/vision_interfaces/share/vision_interfaces/local_setup.dsv
-- Installing: /home/new-sentry/Desktop/boom_ws/install/vision_interfaces/share/vision_interfaces/package.dsv
-- Up-to-date: /home/new-sentry/Desktop/boom_ws/install/vision_interfaces/share/ament_index/resource_index/packages/vision_interfaces
-- Up-to-date: /home/new-sentry/Desktop/boom_ws/install/vision_interfaces/share/vision_interfaces/cmake/export_vision_interfaces__rosidl_generator_cExport.cmake
-- Up-to-date: /home/new-sentry/Desktop/boom_ws/install/vision_interfaces/share/vision_interfaces/cmake/export_vision_interfaces__rosidl_generator_cExport-noconfig.cmake
-- Up-to-date: /home/new-sentry/Desktop/boom_ws/install/vision_interfaces/share/vision_interfaces/cmake/export_vision_interfaces__rosidl_typesupport_fastrtps_cExport.cmake
-- Up-to-date: /home/new-sentry/Desktop/boom_ws/install/vision_interfaces/share/vision_interfaces/cmake/export_vision_interfaces__rosidl_typesupport_fastrtps_cExport-noconfig.cmake
-- Up-to-date: /home/new-sentry/Desktop/boom_ws/install/vision_interfaces/share/vision_interfaces/cmake/export_vision_interfaces__rosidl_generator_cppExport.cmake
-- Up-to-date: /home/new-sentry/Desktop/boom_ws/install/vision_interfaces/share/vision_interfaces/cmake/export_vision_interfaces__rosidl_typesupport_fastrtps_cppExport.cmake
-- Up-to-date: /home/new-sentry/Desktop/boom_ws/install/vision_interfaces/share/vision_interfaces/cmake/export_vision_interfaces__rosidl_typesupport_fastrtps_cppExport-noconfig.cmake
-- Up-to-date: /home/new-sentry/Desktop/boom_ws/install/vision_interfaces/share/vision_interfaces/cmake/vision_interfaces__rosidl_typesupport_introspection_cExport.cmake
-- Up-to-date: /home/new-sentry/Desktop/boom_ws/install/vision_interfaces/share/vision_interfaces/cmake/vision_interfaces__rosidl_typesupport_introspection_cExport-noconfig.cmake
-- Up-to-date: /home/new-sentry/Desktop/boom_ws/install/vision_interfaces/share/vision_interfaces/cmake/vision_interfaces__rosidl_typesupport_cExport.cmake
-- Up-to-date: /home/new-sentry/Desktop/boom_ws/install/vision_interfaces/share/vision_interfaces/cmake/vision_interfaces__rosidl_typesupport_cExport-noconfig.cmake
-- Up-to-date: /home/new-sentry/Desktop/boom_ws/install/vision_interfaces/share/vision_interfaces/cmake/vision_interfaces__rosidl_typesupport_introspection_cppExport.cmake
-- Up-to-date: /home/new-sentry/Desktop/boom_ws/install/vision_interfaces/share/vision_interfaces/cmake/vision_interfaces__rosidl_typesupport_introspection_cppExport-noconfig.cmake
-- Up-to-date: /home/new-sentry/Desktop/boom_ws/install/vision_interfaces/share/vision_interfaces/cmake/vision_interfaces__rosidl_typesupport_cppExport.cmake
-- Up-to-date: /home/new-sentry/Desktop/boom_ws/install/vision_interfaces/share/vision_interfaces/cmake/vision_interfaces__rosidl_typesupport_cppExport-noconfig.cmake
-- Up-to-date: /home/new-sentry/Desktop/boom_ws/install/vision_interfaces/share/vision_interfaces/cmake/export_vision_interfaces__rosidl_generator_pyExport.cmake
-- Up-to-date: /home/new-sentry/Desktop/boom_ws/install/vision_interfaces/share/vision_interfaces/cmake/export_vision_interfaces__rosidl_generator_pyExport-noconfig.cmake
-- Up-to-date: /home/new-sentry/Desktop/boom_ws/install/vision_interfaces/share/vision_interfaces/cmake/rosidl_cmake-extras.cmake
-- Up-to-date: /home/new-sentry/Desktop/boom_ws/install/vision_interfaces/share/vision_interfaces/cmake/ament_cmake_export_dependencies-extras.cmake
-- Up-to-date: /home/new-sentry/Desktop/boom_ws/install/vision_interfaces/share/vision_interfaces/cmake/ament_cmake_export_include_directories-extras.cmake
-- Up-to-date: /home/new-sentry/Desktop/boom_ws/install/vision_interfaces/share/vision_interfaces/cmake/ament_cmake_export_libraries-extras.cmake
-- Up-to-date: /home/new-sentry/Desktop/boom_ws/install/vision_interfaces/share/vision_interfaces/cmake/ament_cmake_export_targets-extras.cmake
-- Up-to-date: /home/new-sentry/Desktop/boom_ws/install/vision_interfaces/share/vision_interfaces/cmake/rosidl_cmake_export_typesupport_targets-extras.cmake
-- Up-to-date: /home/new-sentry/Desktop/boom_ws/install/vision_interfaces/share/vision_interfaces/cmake/rosidl_cmake_export_typesupport_libraries-extras.cmake
-- Up-to-date: /home/new-sentry/Desktop/boom_ws/install/vision_interfaces/share/vision_interfaces/cmake/vision_interfacesConfig.cmake
-- Up-to-date: /home/new-sentry/Desktop/boom_ws/install/vision_interfaces/share/vision_interfaces/cmake/vision_interfacesConfig-version.cmake
-- Up-to-date: /home/new-sentry/Desktop/boom_ws/install/vision_interfaces/share/vision_interfaces/package.xml
