[0.009s] Invoking command in '/home/new-sentry/Downloads/boom_ws/build/vision_interfaces': CMAKE_PREFIX_PATH=/opt/ros/humble /usr/local/bin/cmake /home/new-sentry/Downloads/boom_ws/src/vision_interfaces -DCMAKE_BUILD_TYPE=Release -DAMENT_CMAKE_SYMLINK_INSTALL=1 -DCMAKE_INSTALL_PREFIX=/home/new-sentry/Downloads/boom_ws/install/vision_interfaces
[0.013s] [0mCMake Deprecation Warning at CMakeLists.txt:1 (cmake_minimum_required):
[0.013s]   Compatibility with CMake < 3.10 will be removed from a future version of
[0.013s]   CMake.
[0.013s] 
[0.013s]   Update the VERSION argument <min> value.  Or, use the <min>...<max> syntax
[0.013s]   to tell CMake that the project requires at least <min> but has been updated
[0.013s]   to work with policies introduced by <max> or earlier.
[0.013s] 
[0.013s] [0m
[0.100s] -- The C compiler identification is GNU 11.4.0
[0.177s] -- The CXX compiler identification is GNU 11.4.0
[0.194s] -- Detecting C compiler ABI info
[0.243s] -- Detecting C compiler ABI info - done
[0.285s] -- Check for working C compiler: /usr/bin/cc - skipped
[0.286s] -- Detecting C compile features
[0.287s] -- Detecting C compile features - done
[0.304s] -- Detecting CXX compiler ABI info
[0.363s] -- Detecting CXX compiler ABI info - done
[0.407s] -- Check for working CXX compiler: /usr/bin/c++ - skipped
[0.407s] -- Detecting CXX compile features
[0.409s] -- Detecting CXX compile features - done
[0.416s] -- Found ament_cmake: 1.3.11 (/opt/ros/humble/share/ament_cmake/cmake)
[0.517s] -- Found Python3: /usr/bin/python3 (found version "3.10.12") found components: Interpreter
[0.556s] -- Override CMake install command with custom implementation using symlinks instead of copying resources
[0.586s] -- Found rclcpp: 16.0.12 (/opt/ros/humble/share/rclcpp/cmake)
[0.665s] -- Found rosidl_generator_c: 3.1.6 (/opt/ros/humble/share/rosidl_generator_c/cmake)
[0.675s] -- Found rosidl_adapter: 3.1.6 (/opt/ros/humble/share/rosidl_adapter/cmake)
[0.695s] -- Found rosidl_generator_cpp: 3.1.6 (/opt/ros/humble/share/rosidl_generator_cpp/cmake)
[0.728s] -- Using all available rosidl_typesupport_c: rosidl_typesupport_fastrtps_c;rosidl_typesupport_introspection_c
[0.769s] -- Using all available rosidl_typesupport_cpp: rosidl_typesupport_fastrtps_cpp;rosidl_typesupport_introspection_cpp
[0.879s] -- Found rmw_implementation_cmake: 6.1.2 (/opt/ros/humble/share/rmw_implementation_cmake/cmake)
[0.883s] -- Found rmw_fastrtps_cpp: 6.2.7 (/opt/ros/humble/share/rmw_fastrtps_cpp/cmake)
[0.996s] -- Found OpenSSL: /usr/lib/x86_64-linux-gnu/libcrypto.so (found version "3.0.2")
[1.033s] -- Found FastRTPS: /opt/ros/humble/include
[1.092s] -- Using RMW implementation 'rmw_fastrtps_cpp' as default
[1.105s] -- Performing Test CMAKE_HAVE_LIBC_PTHREAD
[1.162s] -- Performing Test CMAKE_HAVE_LIBC_PTHREAD - Success
[1.165s] -- Found Threads: TRUE
[1.316s] -- Found geometry_msgs: 4.8.0 (/opt/ros/humble/share/geometry_msgs/cmake)
[1.356s] -- Found rosidl_default_generators: 1.2.0 (/opt/ros/humble/share/rosidl_default_generators/cmake)
[1.643s] -- Found ament_cmake_ros: 0.10.0 (/opt/ros/humble/share/ament_cmake_ros/cmake)
[2.176s] -- Using all available rosidl_typesupport_c: rosidl_typesupport_fastrtps_c;rosidl_typesupport_introspection_c
[2.396s] -- Using all available rosidl_typesupport_cpp: rosidl_typesupport_fastrtps_cpp;rosidl_typesupport_introspection_cpp
[2.401s] [33mCMake Warning (dev) at /opt/ros/humble/share/rosidl_generator_py/cmake/rosidl_generator_py_generate_interfaces.cmake:20 (find_package):
[2.401s]   Policy CMP0148 is not set: The FindPythonInterp and FindPythonLibs modules
[2.402s]   are removed.  Run "cmake --help-policy CMP0148" for policy details.  Use
[2.402s]   the cmake_policy command to set the policy and suppress this warning.
[2.402s] 
[2.402s] Call Stack (most recent call first):
[2.402s]   /opt/ros/humble/share/ament_cmake_core/cmake/core/ament_execute_extensions.cmake:48 (include)
[2.402s]   /opt/ros/humble/share/rosidl_cmake/cmake/rosidl_generate_interfaces.cmake:286 (ament_execute_extensions)
[2.402s]   CMakeLists.txt:20 (rosidl_generate_interfaces)
[2.402s] This warning is for project developers.  Use -Wno-dev to suppress it.
[2.402s] [0m
[2.417s] -- Found PythonInterp: /usr/bin/python3 (found suitable version "3.10.12", minimum required is "3.6")
[2.419s] -- Found python_cmake_module: 0.10.0 (/opt/ros/humble/share/python_cmake_module/cmake)
[2.420s] [33mCMake Warning (dev) at /opt/ros/humble/share/python_cmake_module/cmake/Modules/FindPythonExtra.cmake:52 (find_package):
[2.420s]   Policy CMP0148 is not set: The FindPythonInterp and FindPythonLibs modules
[2.420s]   are removed.  Run "cmake --help-policy CMP0148" for policy details.  Use
[2.420s]   the cmake_policy command to set the policy and suppress this warning.
[2.420s] 
[2.420s] Call Stack (most recent call first):
[2.420s]   /opt/ros/humble/share/rosidl_generator_py/cmake/rosidl_generator_py_generate_interfaces.cmake:23 (find_package)
[2.420s]   /opt/ros/humble/share/ament_cmake_core/cmake/core/ament_execute_extensions.cmake:48 (include)
[2.420s]   /opt/ros/humble/share/rosidl_cmake/cmake/rosidl_generate_interfaces.cmake:286 (ament_execute_extensions)
[2.420s]   CMakeLists.txt:20 (rosidl_generate_interfaces)
[2.420s] This warning is for project developers.  Use -Wno-dev to suppress it.
[2.420s] [0m
[2.438s] [33mCMake Warning (dev) at /opt/ros/humble/share/python_cmake_module/cmake/Modules/FindPythonExtra.cmake:140 (find_package):
[2.438s]   Policy CMP0148 is not set: The FindPythonInterp and FindPythonLibs modules
[2.438s]   are removed.  Run "cmake --help-policy CMP0148" for policy details.  Use
[2.438s]   the cmake_policy command to set the policy and suppress this warning.
[2.438s] 
[2.438s] Call Stack (most recent call first):
[2.438s]   /opt/ros/humble/share/rosidl_generator_py/cmake/rosidl_generator_py_generate_interfaces.cmake:23 (find_package)
[2.438s]   /opt/ros/humble/share/ament_cmake_core/cmake/core/ament_execute_extensions.cmake:48 (include)
[2.438s]   /opt/ros/humble/share/rosidl_cmake/cmake/rosidl_generate_interfaces.cmake:286 (ament_execute_extensions)
[2.438s]   CMakeLists.txt:20 (rosidl_generate_interfaces)
[2.438s] This warning is for project developers.  Use -Wno-dev to suppress it.
[2.438s] [0m
[2.448s] -- Found PythonLibs: /usr/lib/x86_64-linux-gnu/libpython3.10.so (found suitable version "3.10.12", minimum required is "3.5")
[2.448s] -- Using PYTHON_EXECUTABLE: /usr/bin/python3
[2.448s] -- Using PYTHON_INCLUDE_DIRS: /usr/include/python3.10
[2.449s] -- Using PYTHON_LIBRARIES: /usr/lib/x86_64-linux-gnu/libpython3.10.so
[2.468s] -- Found PythonExtra: .so
[2.519s] -- Found ament_lint_auto: 0.12.12 (/opt/ros/humble/share/ament_lint_auto/cmake)
[2.547s] -- Added test 'lint_cmake' to check CMake code style
[2.548s] -- Added test 'xmllint' to check XML markup files
[2.556s] -- Configuring done (2.5s)
[2.607s] -- Generating done (0.1s)
[2.624s] -- Build files have been written to: /home/new-sentry/Downloads/boom_ws/build/vision_interfaces
[2.635s] Invoked command in '/home/new-sentry/Downloads/boom_ws/build/vision_interfaces' returned '0': CMAKE_PREFIX_PATH=/opt/ros/humble /usr/local/bin/cmake /home/new-sentry/Downloads/boom_ws/src/vision_interfaces -DCMAKE_BUILD_TYPE=Release -DAMENT_CMAKE_SYMLINK_INSTALL=1 -DCMAKE_INSTALL_PREFIX=/home/new-sentry/Downloads/boom_ws/install/vision_interfaces
[2.636s] Invoking command in '/home/new-sentry/Downloads/boom_ws/build/vision_interfaces': CMAKE_PREFIX_PATH=/opt/ros/humble /usr/local/bin/cmake --build /home/new-sentry/Downloads/boom_ws/build/vision_interfaces -- -j16 -l16
[2.658s] [  2%] [34m[1mGenerating C code for ROS interfaces[0m
[2.664s] [  5%] [34m[1mGenerating C++ code for ROS interfaces[0m
[2.668s] [  5%] Built target ament_cmake_python_symlink_vision_interfaces
[2.802s] running egg_info
[2.803s] creating vision_interfaces.egg-info
[2.803s] writing vision_interfaces.egg-info/PKG-INFO
[2.803s] writing dependency_links to vision_interfaces.egg-info/dependency_links.txt
[2.803s] writing top-level names to vision_interfaces.egg-info/top_level.txt
[2.803s] writing manifest file 'vision_interfaces.egg-info/SOURCES.txt'
[2.805s] reading manifest file 'vision_interfaces.egg-info/SOURCES.txt'
[2.805s] writing manifest file 'vision_interfaces.egg-info/SOURCES.txt'
[2.828s] [  5%] Built target vision_interfaces__cpp
[2.829s] [  7%] [32mBuilding C object CMakeFiles/vision_interfaces__rosidl_generator_c.dir/rosidl_generator_c/vision_interfaces/msg/detail/uart__functions.c.o[0m
[2.829s] [ 10%] [32mBuilding C object CMakeFiles/vision_interfaces__rosidl_generator_c.dir/rosidl_generator_c/vision_interfaces/msg/detail/uartf__functions.c.o[0m
[2.830s] [ 10%] Built target ament_cmake_python_build_vision_interfaces_egg
[2.833s] [ 12%] [34m[1mGenerating C++ introspection for ROS interfaces[0m
[2.833s] [ 15%] [34m[1mGenerating C++ type support for eProsima Fast-RTPS[0m
[2.833s] [ 17%] [34m[1mGenerating C++ type support dispatch for ROS interfaces[0m
[2.916s] [ 20%] [32m[1mLinking C shared library libvision_interfaces__rosidl_generator_c.so[0m
[2.939s] [ 20%] Built target vision_interfaces__rosidl_generator_c
[2.944s] [ 23%] [34m[1mGenerating C introspection for ROS interfaces[0m
[2.945s] [ 28%] [34m[1mGenerating C type support for eProsima Fast-RTPS[0m
[2.945s] [ 28%] [34m[1mGenerating C type support dispatch for ROS interfaces[0m
[2.976s] [ 30%] [32mBuilding CXX object CMakeFiles/vision_interfaces__rosidl_typesupport_cpp.dir/rosidl_typesupport_cpp/vision_interfaces/msg/uart__type_support.cpp.o[0m
[2.976s] [ 33%] [32mBuilding CXX object CMakeFiles/vision_interfaces__rosidl_typesupport_cpp.dir/rosidl_typesupport_cpp/vision_interfaces/msg/uartf__type_support.cpp.o[0m
[3.021s] [ 35%] [32mBuilding CXX object CMakeFiles/vision_interfaces__rosidl_typesupport_introspection_cpp.dir/rosidl_typesupport_introspection_cpp/vision_interfaces/msg/detail/uart__type_support.cpp.o[0m
[3.021s] [ 38%] [32mBuilding CXX object CMakeFiles/vision_interfaces__rosidl_typesupport_introspection_cpp.dir/rosidl_typesupport_introspection_cpp/vision_interfaces/msg/detail/uartf__type_support.cpp.o[0m
[3.029s] [ 41%] [32mBuilding CXX object CMakeFiles/vision_interfaces__rosidl_typesupport_fastrtps_cpp.dir/rosidl_typesupport_fastrtps_cpp/vision_interfaces/msg/detail/dds_fastrtps/uart__type_support.cpp.o[0m
[3.030s] [ 43%] [32mBuilding CXX object CMakeFiles/vision_interfaces__rosidl_typesupport_fastrtps_cpp.dir/rosidl_typesupport_fastrtps_cpp/vision_interfaces/msg/detail/dds_fastrtps/uartf__type_support.cpp.o[0m
[3.101s] [ 48%] [32mBuilding CXX object CMakeFiles/vision_interfaces__rosidl_typesupport_c.dir/rosidl_typesupport_c/vision_interfaces/msg/uart__type_support.cpp.o[0m
[3.101s] [ 48%] [32mBuilding CXX object CMakeFiles/vision_interfaces__rosidl_typesupport_c.dir/rosidl_typesupport_c/vision_interfaces/msg/uartf__type_support.cpp.o[0m
[3.127s] [ 51%] [32m[1mLinking CXX shared library libvision_interfaces__rosidl_typesupport_c.so[0m
[3.141s] [ 56%] [32mBuilding CXX object CMakeFiles/vision_interfaces__rosidl_typesupport_fastrtps_c.dir/rosidl_typesupport_fastrtps_c/vision_interfaces/msg/detail/uartf__type_support_c.cpp.o[0m
[3.141s] [ 56%] [32mBuilding CXX object CMakeFiles/vision_interfaces__rosidl_typesupport_fastrtps_c.dir/rosidl_typesupport_fastrtps_c/vision_interfaces/msg/detail/uart__type_support_c.cpp.o[0m
[3.168s] [ 56%] Built target vision_interfaces__rosidl_typesupport_c
[3.185s] [ 58%] [32mBuilding C object CMakeFiles/vision_interfaces__rosidl_typesupport_introspection_c.dir/rosidl_typesupport_introspection_c/vision_interfaces/msg/detail/uart__type_support.c.o[0m
[3.186s] [ 61%] [32mBuilding C object CMakeFiles/vision_interfaces__rosidl_typesupport_introspection_c.dir/rosidl_typesupport_introspection_c/vision_interfaces/msg/detail/uartf__type_support.c.o[0m
[3.216s] [ 64%] [32m[1mLinking C shared library libvision_interfaces__rosidl_typesupport_introspection_c.so[0m
[3.242s] [ 64%] Built target vision_interfaces__rosidl_typesupport_introspection_c
[3.274s] [ 66%] [32m[1mLinking CXX shared library libvision_interfaces__rosidl_typesupport_cpp.so[0m
[3.298s] [ 66%] Built target vision_interfaces__rosidl_typesupport_cpp
[3.384s] [ 69%] [32m[1mLinking CXX shared library libvision_interfaces__rosidl_typesupport_introspection_cpp.so[0m
[3.387s] [ 71%] [32m[1mLinking CXX shared library libvision_interfaces__rosidl_typesupport_fastrtps_cpp.so[0m
[3.420s] [ 71%] Built target vision_interfaces__rosidl_typesupport_introspection_cpp
[3.433s] [ 71%] Built target vision_interfaces__rosidl_typesupport_fastrtps_cpp
[3.472s] [ 74%] [32m[1mLinking CXX shared library libvision_interfaces__rosidl_typesupport_fastrtps_c.so[0m
[3.514s] [ 74%] Built target vision_interfaces__rosidl_typesupport_fastrtps_c
[3.523s] [ 74%] Built target vision_interfaces
[3.533s] [ 76%] [34m[1mGenerating Python code for ROS interfaces[0m
[3.721s] [ 76%] Built target vision_interfaces__py
[3.732s] [ 82%] [32mBuilding C object CMakeFiles/vision_interfaces__rosidl_generator_py.dir/rosidl_generator_py/vision_interfaces/msg/_uartf_s.c.o[0m
[3.732s] [ 82%] [32mBuilding C object CMakeFiles/vision_interfaces__rosidl_generator_py.dir/rosidl_generator_py/vision_interfaces/msg/_uart_s.c.o[0m
[3.813s] [ 84%] [32m[1mLinking C shared library rosidl_generator_py/vision_interfaces/libvision_interfaces__rosidl_generator_py.so[0m
[3.839s] [ 84%] Built target vision_interfaces__rosidl_generator_py
[3.848s] [ 87%] [32mBuilding C object CMakeFiles/vision_interfaces__rosidl_typesupport_c__pyext.dir/rosidl_generator_py/vision_interfaces/_vision_interfaces_s.ep.rosidl_typesupport_c.c.o[0m
[3.848s] [ 89%] [32mBuilding C object CMakeFiles/vision_interfaces__rosidl_typesupport_introspection_c__pyext.dir/rosidl_generator_py/vision_interfaces/_vision_interfaces_s.ep.rosidl_typesupport_introspection_c.c.o[0m
[3.849s] [ 92%] [32mBuilding C object CMakeFiles/vision_interfaces__rosidl_typesupport_fastrtps_c__pyext.dir/rosidl_generator_py/vision_interfaces/_vision_interfaces_s.ep.rosidl_typesupport_fastrtps_c.c.o[0m
[3.919s] [ 94%] [32m[1mLinking C shared library rosidl_generator_py/vision_interfaces/vision_interfaces_s__rosidl_typesupport_c.cpython-310-x86_64-linux-gnu.so[0m
[3.920s] [ 97%] [32m[1mLinking C shared library rosidl_generator_py/vision_interfaces/vision_interfaces_s__rosidl_typesupport_fastrtps_c.cpython-310-x86_64-linux-gnu.so[0m
[3.923s] [100%] [32m[1mLinking C shared library rosidl_generator_py/vision_interfaces/vision_interfaces_s__rosidl_typesupport_introspection_c.cpython-310-x86_64-linux-gnu.so[0m
[3.936s] [100%] Built target vision_interfaces__rosidl_typesupport_c__pyext
[3.939s] [100%] Built target vision_interfaces__rosidl_typesupport_fastrtps_c__pyext
[3.940s] [100%] Built target vision_interfaces__rosidl_typesupport_introspection_c__pyext
[3.945s] Invoked command in '/home/new-sentry/Downloads/boom_ws/build/vision_interfaces' returned '0': CMAKE_PREFIX_PATH=/opt/ros/humble /usr/local/bin/cmake --build /home/new-sentry/Downloads/boom_ws/build/vision_interfaces -- -j16 -l16
[3.946s] Invoking command in '/home/new-sentry/Downloads/boom_ws/build/vision_interfaces': CMAKE_PREFIX_PATH=/opt/ros/humble /usr/local/bin/cmake --install /home/new-sentry/Downloads/boom_ws/build/vision_interfaces
[3.950s] -- Install configuration: "Release"
[3.951s] -- Execute custom install script
[3.952s] -- Symlinking: /home/new-sentry/Downloads/boom_ws/install/vision_interfaces/share/ament_index/resource_index/rosidl_interfaces/vision_interfaces
[3.955s] -- Symlinking: /home/new-sentry/Downloads/boom_ws/install/vision_interfaces/include/vision_interfaces/vision_interfaces/msg/detail/uart__functions.h
[3.958s] -- Symlinking: /home/new-sentry/Downloads/boom_ws/install/vision_interfaces/include/vision_interfaces/vision_interfaces/msg/detail/uart__struct.h
[3.960s] -- Symlinking: /home/new-sentry/Downloads/boom_ws/install/vision_interfaces/include/vision_interfaces/vision_interfaces/msg/detail/uart__type_support.h
[3.964s] -- Symlinking: /home/new-sentry/Downloads/boom_ws/install/vision_interfaces/include/vision_interfaces/vision_interfaces/msg/detail/uartf__functions.h
[3.966s] -- Symlinking: /home/new-sentry/Downloads/boom_ws/install/vision_interfaces/include/vision_interfaces/vision_interfaces/msg/detail/uartf__struct.h
[3.970s] -- Symlinking: /home/new-sentry/Downloads/boom_ws/install/vision_interfaces/include/vision_interfaces/vision_interfaces/msg/detail/uartf__type_support.h
[3.974s] -- Symlinking: /home/new-sentry/Downloads/boom_ws/install/vision_interfaces/include/vision_interfaces/vision_interfaces/msg/rosidl_generator_c__visibility_control.h
[3.976s] -- Symlinking: /home/new-sentry/Downloads/boom_ws/install/vision_interfaces/include/vision_interfaces/vision_interfaces/msg/uart.h
[3.979s] -- Symlinking: /home/new-sentry/Downloads/boom_ws/install/vision_interfaces/include/vision_interfaces/vision_interfaces/msg/uartf.h
[3.981s] -- Symlinking: /home/new-sentry/Downloads/boom_ws/install/vision_interfaces/share/vision_interfaces/environment/library_path.sh
[3.984s] -- Symlinking: /home/new-sentry/Downloads/boom_ws/install/vision_interfaces/share/vision_interfaces/environment/library_path.dsv
[3.988s] -- Symlinking: /home/new-sentry/Downloads/boom_ws/install/vision_interfaces/include/vision_interfaces/vision_interfaces/msg/detail/uart__rosidl_typesupport_fastrtps_c.h
[3.990s] -- Symlinking: /home/new-sentry/Downloads/boom_ws/install/vision_interfaces/include/vision_interfaces/vision_interfaces/msg/detail/uartf__rosidl_typesupport_fastrtps_c.h
[3.993s] -- Symlinking: /home/new-sentry/Downloads/boom_ws/install/vision_interfaces/include/vision_interfaces/vision_interfaces/msg/rosidl_typesupport_fastrtps_c__visibility_control.h
[3.997s] -- Symlinking: /home/new-sentry/Downloads/boom_ws/install/vision_interfaces/include/vision_interfaces/vision_interfaces/msg/detail/uart__builder.hpp
[4.000s] -- Symlinking: /home/new-sentry/Downloads/boom_ws/install/vision_interfaces/include/vision_interfaces/vision_interfaces/msg/detail/uart__struct.hpp
[4.003s] -- Symlinking: /home/new-sentry/Downloads/boom_ws/install/vision_interfaces/include/vision_interfaces/vision_interfaces/msg/detail/uart__traits.hpp
[4.006s] -- Symlinking: /home/new-sentry/Downloads/boom_ws/install/vision_interfaces/include/vision_interfaces/vision_interfaces/msg/detail/uart__type_support.hpp
[4.009s] -- Symlinking: /home/new-sentry/Downloads/boom_ws/install/vision_interfaces/include/vision_interfaces/vision_interfaces/msg/detail/uartf__builder.hpp
[4.011s] -- Symlinking: /home/new-sentry/Downloads/boom_ws/install/vision_interfaces/include/vision_interfaces/vision_interfaces/msg/detail/uartf__struct.hpp
[4.014s] -- Symlinking: /home/new-sentry/Downloads/boom_ws/install/vision_interfaces/include/vision_interfaces/vision_interfaces/msg/detail/uartf__traits.hpp
[4.017s] -- Symlinking: /home/new-sentry/Downloads/boom_ws/install/vision_interfaces/include/vision_interfaces/vision_interfaces/msg/detail/uartf__type_support.hpp
[4.021s] -- Symlinking: /home/new-sentry/Downloads/boom_ws/install/vision_interfaces/include/vision_interfaces/vision_interfaces/msg/rosidl_generator_cpp__visibility_control.hpp
[4.024s] -- Symlinking: /home/new-sentry/Downloads/boom_ws/install/vision_interfaces/include/vision_interfaces/vision_interfaces/msg/uart.hpp
[4.028s] -- Symlinking: /home/new-sentry/Downloads/boom_ws/install/vision_interfaces/include/vision_interfaces/vision_interfaces/msg/uartf.hpp
[4.031s] -- Symlinking: /home/new-sentry/Downloads/boom_ws/install/vision_interfaces/include/vision_interfaces/vision_interfaces/msg/detail/uart__rosidl_typesupport_fastrtps_cpp.hpp
[4.034s] -- Symlinking: /home/new-sentry/Downloads/boom_ws/install/vision_interfaces/include/vision_interfaces/vision_interfaces/msg/detail/uartf__rosidl_typesupport_fastrtps_cpp.hpp
[4.038s] -- Symlinking: /home/new-sentry/Downloads/boom_ws/install/vision_interfaces/include/vision_interfaces/vision_interfaces/msg/rosidl_typesupport_fastrtps_cpp__visibility_control.h
[4.042s] -- Symlinking: /home/new-sentry/Downloads/boom_ws/install/vision_interfaces/include/vision_interfaces/vision_interfaces/msg/detail/uart__rosidl_typesupport_introspection_c.h
[4.045s] -- Symlinking: /home/new-sentry/Downloads/boom_ws/install/vision_interfaces/include/vision_interfaces/vision_interfaces/msg/detail/uartf__rosidl_typesupport_introspection_c.h
[4.048s] -- Symlinking: /home/new-sentry/Downloads/boom_ws/install/vision_interfaces/include/vision_interfaces/vision_interfaces/msg/rosidl_typesupport_introspection_c__visibility_control.h
[4.052s] -- Symlinking: /home/new-sentry/Downloads/boom_ws/install/vision_interfaces/include/vision_interfaces/vision_interfaces/msg/detail/uart__rosidl_typesupport_introspection_cpp.hpp
[4.054s] -- Symlinking: /home/new-sentry/Downloads/boom_ws/install/vision_interfaces/include/vision_interfaces/vision_interfaces/msg/detail/uartf__rosidl_typesupport_introspection_cpp.hpp
[4.058s] -- Symlinking: /home/new-sentry/Downloads/boom_ws/install/vision_interfaces/share/vision_interfaces/environment/pythonpath.sh
[4.061s] -- Symlinking: /home/new-sentry/Downloads/boom_ws/install/vision_interfaces/share/vision_interfaces/environment/pythonpath.dsv
[4.064s] -- Symlinking: /home/new-sentry/Downloads/boom_ws/install/vision_interfaces/local/lib/python3.10/dist-packages/vision_interfaces-0.0.0-py3.10.egg-info/PKG-INFO
[4.068s] -- Symlinking: /home/new-sentry/Downloads/boom_ws/install/vision_interfaces/local/lib/python3.10/dist-packages/vision_interfaces-0.0.0-py3.10.egg-info/SOURCES.txt
[4.071s] -- Symlinking: /home/new-sentry/Downloads/boom_ws/install/vision_interfaces/local/lib/python3.10/dist-packages/vision_interfaces-0.0.0-py3.10.egg-info/dependency_links.txt
[4.074s] -- Symlinking: /home/new-sentry/Downloads/boom_ws/install/vision_interfaces/local/lib/python3.10/dist-packages/vision_interfaces-0.0.0-py3.10.egg-info/top_level.txt
[4.077s] -- Symlinking: /home/new-sentry/Downloads/boom_ws/install/vision_interfaces/local/lib/python3.10/dist-packages/vision_interfaces/__init__.py
[4.080s] -- Symlinking: /home/new-sentry/Downloads/boom_ws/install/vision_interfaces/local/lib/python3.10/dist-packages/vision_interfaces/_vision_interfaces_s.ep.rosidl_typesupport_c.c
[4.083s] -- Symlinking: /home/new-sentry/Downloads/boom_ws/install/vision_interfaces/local/lib/python3.10/dist-packages/vision_interfaces/_vision_interfaces_s.ep.rosidl_typesupport_fastrtps_c.c
[4.086s] -- Symlinking: /home/new-sentry/Downloads/boom_ws/install/vision_interfaces/local/lib/python3.10/dist-packages/vision_interfaces/_vision_interfaces_s.ep.rosidl_typesupport_introspection_c.c
[4.090s] -- Symlinking: /home/new-sentry/Downloads/boom_ws/install/vision_interfaces/local/lib/python3.10/dist-packages/vision_interfaces/libvision_interfaces__rosidl_generator_py.so
[4.093s] -- Symlinking: /home/new-sentry/Downloads/boom_ws/install/vision_interfaces/local/lib/python3.10/dist-packages/vision_interfaces/msg/__init__.py
[4.096s] -- Symlinking: /home/new-sentry/Downloads/boom_ws/install/vision_interfaces/local/lib/python3.10/dist-packages/vision_interfaces/msg/_uart.py
[4.099s] -- Symlinking: /home/new-sentry/Downloads/boom_ws/install/vision_interfaces/local/lib/python3.10/dist-packages/vision_interfaces/msg/_uart_s.c
[4.102s] -- Symlinking: /home/new-sentry/Downloads/boom_ws/install/vision_interfaces/local/lib/python3.10/dist-packages/vision_interfaces/msg/_uartf.py
[4.105s] -- Symlinking: /home/new-sentry/Downloads/boom_ws/install/vision_interfaces/local/lib/python3.10/dist-packages/vision_interfaces/msg/_uartf_s.c
[4.108s] -- Symlinking: /home/new-sentry/Downloads/boom_ws/install/vision_interfaces/local/lib/python3.10/dist-packages/vision_interfaces/vision_interfaces_s__rosidl_typesupport_c.cpython-310-x86_64-linux-gnu.so
[4.111s] -- Symlinking: /home/new-sentry/Downloads/boom_ws/install/vision_interfaces/local/lib/python3.10/dist-packages/vision_interfaces/vision_interfaces_s__rosidl_typesupport_fastrtps_c.cpython-310-x86_64-linux-gnu.so
[4.114s] -- Symlinking: /home/new-sentry/Downloads/boom_ws/install/vision_interfaces/local/lib/python3.10/dist-packages/vision_interfaces/vision_interfaces_s__rosidl_typesupport_introspection_c.cpython-310-x86_64-linux-gnu.so
[4.118s] -- Up-to-date symlink: /home/new-sentry/Downloads/boom_ws/install/vision_interfaces/local/lib/python3.10/dist-packages/vision_interfaces/vision_interfaces_s__rosidl_typesupport_fastrtps_c.cpython-310-x86_64-linux-gnu.so
[4.119s] -- Up-to-date symlink: /home/new-sentry/Downloads/boom_ws/install/vision_interfaces/local/lib/python3.10/dist-packages/vision_interfaces/vision_interfaces_s__rosidl_typesupport_introspection_c.cpython-310-x86_64-linux-gnu.so
[4.119s] -- Up-to-date symlink: /home/new-sentry/Downloads/boom_ws/install/vision_interfaces/local/lib/python3.10/dist-packages/vision_interfaces/vision_interfaces_s__rosidl_typesupport_c.cpython-310-x86_64-linux-gnu.so
[4.119s] -- Symlinking: /home/new-sentry/Downloads/boom_ws/install/vision_interfaces/share/vision_interfaces/msg/Uart.idl
[4.123s] -- Symlinking: /home/new-sentry/Downloads/boom_ws/install/vision_interfaces/share/vision_interfaces/msg/Uartf.idl
[4.127s] -- Symlinking: /home/new-sentry/Downloads/boom_ws/install/vision_interfaces/share/vision_interfaces/msg/Uart.msg
[4.130s] -- Symlinking: /home/new-sentry/Downloads/boom_ws/install/vision_interfaces/share/vision_interfaces/msg/Uartf.msg
[4.134s] -- Symlinking: /home/new-sentry/Downloads/boom_ws/install/vision_interfaces/share/ament_index/resource_index/package_run_dependencies/vision_interfaces
[4.137s] -- Symlinking: /home/new-sentry/Downloads/boom_ws/install/vision_interfaces/share/ament_index/resource_index/parent_prefix_path/vision_interfaces
[4.141s] -- Symlinking: /home/new-sentry/Downloads/boom_ws/install/vision_interfaces/share/vision_interfaces/environment/ament_prefix_path.sh
[4.144s] -- Symlinking: /home/new-sentry/Downloads/boom_ws/install/vision_interfaces/share/vision_interfaces/environment/ament_prefix_path.dsv
[4.146s] -- Symlinking: /home/new-sentry/Downloads/boom_ws/install/vision_interfaces/share/vision_interfaces/environment/path.sh
[4.150s] -- Symlinking: /home/new-sentry/Downloads/boom_ws/install/vision_interfaces/share/vision_interfaces/environment/path.dsv
[4.153s] -- Symlinking: /home/new-sentry/Downloads/boom_ws/install/vision_interfaces/share/vision_interfaces/local_setup.bash
[4.157s] -- Symlinking: /home/new-sentry/Downloads/boom_ws/install/vision_interfaces/share/vision_interfaces/local_setup.sh
[4.160s] -- Symlinking: /home/new-sentry/Downloads/boom_ws/install/vision_interfaces/share/vision_interfaces/local_setup.zsh
[4.162s] -- Symlinking: /home/new-sentry/Downloads/boom_ws/install/vision_interfaces/share/vision_interfaces/local_setup.dsv
[4.166s] -- Symlinking: /home/new-sentry/Downloads/boom_ws/install/vision_interfaces/share/vision_interfaces/package.dsv
[4.169s] -- Symlinking: /home/new-sentry/Downloads/boom_ws/install/vision_interfaces/share/ament_index/resource_index/packages/vision_interfaces
[4.173s] -- Symlinking: /home/new-sentry/Downloads/boom_ws/install/vision_interfaces/share/vision_interfaces/cmake/rosidl_cmake-extras.cmake
[4.176s] -- Symlinking: /home/new-sentry/Downloads/boom_ws/install/vision_interfaces/share/vision_interfaces/cmake/ament_cmake_export_dependencies-extras.cmake
[4.179s] -- Symlinking: /home/new-sentry/Downloads/boom_ws/install/vision_interfaces/share/vision_interfaces/cmake/ament_cmake_export_include_directories-extras.cmake
[4.183s] -- Symlinking: /home/new-sentry/Downloads/boom_ws/install/vision_interfaces/share/vision_interfaces/cmake/ament_cmake_export_libraries-extras.cmake
[4.186s] -- Symlinking: /home/new-sentry/Downloads/boom_ws/install/vision_interfaces/share/vision_interfaces/cmake/ament_cmake_export_targets-extras.cmake
[4.189s] -- Symlinking: /home/new-sentry/Downloads/boom_ws/install/vision_interfaces/share/vision_interfaces/cmake/rosidl_cmake_export_typesupport_targets-extras.cmake
[4.192s] -- Symlinking: /home/new-sentry/Downloads/boom_ws/install/vision_interfaces/share/vision_interfaces/cmake/rosidl_cmake_export_typesupport_libraries-extras.cmake
[4.196s] -- Symlinking: /home/new-sentry/Downloads/boom_ws/install/vision_interfaces/share/vision_interfaces/cmake/vision_interfacesConfig.cmake
[4.198s] -- Symlinking: /home/new-sentry/Downloads/boom_ws/install/vision_interfaces/share/vision_interfaces/cmake/vision_interfacesConfig-version.cmake
[4.202s] -- Symlinking: /home/new-sentry/Downloads/boom_ws/install/vision_interfaces/share/vision_interfaces/package.xml
[4.205s] -- Installing: /home/new-sentry/Downloads/boom_ws/install/vision_interfaces/lib/libvision_interfaces__rosidl_generator_c.so
[4.205s] -- Set non-toolchain portion of runtime path of "/home/new-sentry/Downloads/boom_ws/install/vision_interfaces/lib/libvision_interfaces__rosidl_generator_c.so" to ""
[4.205s] -- Installing: /home/new-sentry/Downloads/boom_ws/install/vision_interfaces/lib/libvision_interfaces__rosidl_typesupport_fastrtps_c.so
[4.205s] -- Set non-toolchain portion of runtime path of "/home/new-sentry/Downloads/boom_ws/install/vision_interfaces/lib/libvision_interfaces__rosidl_typesupport_fastrtps_c.so" to ""
[4.205s] -- Installing: /home/new-sentry/Downloads/boom_ws/install/vision_interfaces/lib/libvision_interfaces__rosidl_typesupport_fastrtps_cpp.so
[4.206s] -- Set non-toolchain portion of runtime path of "/home/new-sentry/Downloads/boom_ws/install/vision_interfaces/lib/libvision_interfaces__rosidl_typesupport_fastrtps_cpp.so" to ""
[4.206s] -- Installing: /home/new-sentry/Downloads/boom_ws/install/vision_interfaces/lib/libvision_interfaces__rosidl_typesupport_introspection_c.so
[4.206s] -- Set non-toolchain portion of runtime path of "/home/new-sentry/Downloads/boom_ws/install/vision_interfaces/lib/libvision_interfaces__rosidl_typesupport_introspection_c.so" to ""
[4.206s] -- Installing: /home/new-sentry/Downloads/boom_ws/install/vision_interfaces/lib/libvision_interfaces__rosidl_typesupport_c.so
[4.206s] -- Set non-toolchain portion of runtime path of "/home/new-sentry/Downloads/boom_ws/install/vision_interfaces/lib/libvision_interfaces__rosidl_typesupport_c.so" to ""
[4.206s] -- Installing: /home/new-sentry/Downloads/boom_ws/install/vision_interfaces/lib/libvision_interfaces__rosidl_typesupport_introspection_cpp.so
[4.206s] -- Set non-toolchain portion of runtime path of "/home/new-sentry/Downloads/boom_ws/install/vision_interfaces/lib/libvision_interfaces__rosidl_typesupport_introspection_cpp.so" to ""
[4.207s] -- Installing: /home/new-sentry/Downloads/boom_ws/install/vision_interfaces/lib/libvision_interfaces__rosidl_typesupport_cpp.so
[4.207s] -- Set non-toolchain portion of runtime path of "/home/new-sentry/Downloads/boom_ws/install/vision_interfaces/lib/libvision_interfaces__rosidl_typesupport_cpp.so" to ""
[4.227s] Listing '/home/new-sentry/Downloads/boom_ws/install/vision_interfaces/local/lib/python3.10/dist-packages/vision_interfaces'...
[4.227s] Compiling '/home/new-sentry/Downloads/boom_ws/install/vision_interfaces/local/lib/python3.10/dist-packages/vision_interfaces/__init__.py'...
[4.227s] Listing '/home/new-sentry/Downloads/boom_ws/install/vision_interfaces/local/lib/python3.10/dist-packages/vision_interfaces/msg'...
[4.227s] Compiling '/home/new-sentry/Downloads/boom_ws/install/vision_interfaces/local/lib/python3.10/dist-packages/vision_interfaces/msg/__init__.py'...
[4.227s] Compiling '/home/new-sentry/Downloads/boom_ws/install/vision_interfaces/local/lib/python3.10/dist-packages/vision_interfaces/msg/_uart.py'...
[4.227s] Compiling '/home/new-sentry/Downloads/boom_ws/install/vision_interfaces/local/lib/python3.10/dist-packages/vision_interfaces/msg/_uartf.py'...
[4.230s] -- Installing: /home/new-sentry/Downloads/boom_ws/install/vision_interfaces/lib/libvision_interfaces__rosidl_generator_py.so
[4.230s] -- Set non-toolchain portion of runtime path of "/home/new-sentry/Downloads/boom_ws/install/vision_interfaces/lib/libvision_interfaces__rosidl_generator_py.so" to ""
[4.230s] -- Installing: /home/new-sentry/Downloads/boom_ws/install/vision_interfaces/share/vision_interfaces/cmake/export_vision_interfaces__rosidl_generator_cExport.cmake
[4.230s] -- Installing: /home/new-sentry/Downloads/boom_ws/install/vision_interfaces/share/vision_interfaces/cmake/export_vision_interfaces__rosidl_generator_cExport-release.cmake
[4.230s] -- Installing: /home/new-sentry/Downloads/boom_ws/install/vision_interfaces/share/vision_interfaces/cmake/export_vision_interfaces__rosidl_typesupport_fastrtps_cExport.cmake
[4.230s] -- Installing: /home/new-sentry/Downloads/boom_ws/install/vision_interfaces/share/vision_interfaces/cmake/export_vision_interfaces__rosidl_typesupport_fastrtps_cExport-release.cmake
[4.230s] -- Installing: /home/new-sentry/Downloads/boom_ws/install/vision_interfaces/share/vision_interfaces/cmake/export_vision_interfaces__rosidl_generator_cppExport.cmake
[4.230s] -- Installing: /home/new-sentry/Downloads/boom_ws/install/vision_interfaces/share/vision_interfaces/cmake/export_vision_interfaces__rosidl_typesupport_fastrtps_cppExport.cmake
[4.230s] -- Installing: /home/new-sentry/Downloads/boom_ws/install/vision_interfaces/share/vision_interfaces/cmake/export_vision_interfaces__rosidl_typesupport_fastrtps_cppExport-release.cmake
[4.231s] -- Installing: /home/new-sentry/Downloads/boom_ws/install/vision_interfaces/share/vision_interfaces/cmake/vision_interfaces__rosidl_typesupport_introspection_cExport.cmake
[4.231s] -- Installing: /home/new-sentry/Downloads/boom_ws/install/vision_interfaces/share/vision_interfaces/cmake/vision_interfaces__rosidl_typesupport_introspection_cExport-release.cmake
[4.231s] -- Installing: /home/new-sentry/Downloads/boom_ws/install/vision_interfaces/share/vision_interfaces/cmake/vision_interfaces__rosidl_typesupport_cExport.cmake
[4.231s] -- Installing: /home/new-sentry/Downloads/boom_ws/install/vision_interfaces/share/vision_interfaces/cmake/vision_interfaces__rosidl_typesupport_cExport-release.cmake
[4.231s] -- Installing: /home/new-sentry/Downloads/boom_ws/install/vision_interfaces/share/vision_interfaces/cmake/vision_interfaces__rosidl_typesupport_introspection_cppExport.cmake
[4.231s] -- Installing: /home/new-sentry/Downloads/boom_ws/install/vision_interfaces/share/vision_interfaces/cmake/vision_interfaces__rosidl_typesupport_introspection_cppExport-release.cmake
[4.231s] -- Installing: /home/new-sentry/Downloads/boom_ws/install/vision_interfaces/share/vision_interfaces/cmake/vision_interfaces__rosidl_typesupport_cppExport.cmake
[4.231s] -- Installing: /home/new-sentry/Downloads/boom_ws/install/vision_interfaces/share/vision_interfaces/cmake/vision_interfaces__rosidl_typesupport_cppExport-release.cmake
[4.231s] -- Installing: /home/new-sentry/Downloads/boom_ws/install/vision_interfaces/share/vision_interfaces/cmake/export_vision_interfaces__rosidl_generator_pyExport.cmake
[4.231s] -- Installing: /home/new-sentry/Downloads/boom_ws/install/vision_interfaces/share/vision_interfaces/cmake/export_vision_interfaces__rosidl_generator_pyExport-release.cmake
[4.234s] Invoked command in '/home/new-sentry/Downloads/boom_ws/build/vision_interfaces' returned '0': CMAKE_PREFIX_PATH=/opt/ros/humble /usr/local/bin/cmake --install /home/new-sentry/Downloads/boom_ws/build/vision_interfaces
