[0.007s] Invoking command in '/home/new-sentry/Downloads/boom_ws/build/hik_camera_ros2_driver': CMAKE_PREFIX_PATH=/opt/ros/humble /usr/local/bin/cmake /home/new-sentry/Downloads/boom_ws/src/hik_camera_ros2_driver -DCMAKE_BUILD_TYPE=Release -DAMENT_CMAKE_SYMLINK_INSTALL=1 -DCMAKE_INSTALL_PREFIX=/home/new-sentry/Downloads/boom_ws/install/hik_camera_ros2_driver
[0.009s] [0mCMake Deprecation Warning at CMakeLists.txt:1 (cmake_minimum_required):
[0.009s]   Compatibility with CMake < 3.10 will be removed from a future version of
[0.009s]   CMake.
[0.009s] 
[0.009s]   Update the VERSION argument <min> value.  Or, use the <min>...<max> syntax
[0.009s]   to tell CMake that the project requires at least <min> but has been updated
[0.009s]   to work with policies introduced by <max> or earlier.
[0.009s] 
[0.009s] [0m
[0.094s] -- The C compiler identification is GNU 11.4.0
[0.171s] -- The CXX compiler identification is GNU 11.4.0
[0.188s] -- Detecting C compiler ABI info
[0.238s] -- Detecting C compiler ABI info - done
[0.281s] -- Check for working C compiler: /usr/bin/cc - skipped
[0.282s] -- Detecting C compile features
[0.283s] -- Detecting C compile features - done
[0.298s] -- Detecting CXX compiler ABI info
[0.358s] -- Detecting CXX compiler ABI info - done
[0.402s] -- Check for working CXX compiler: /usr/bin/c++ - skipped
[0.402s] -- Detecting CXX compile features
[0.404s] -- Detecting CXX compile features - done
[0.411s] -- Found ament_cmake_auto: 1.3.11 (/opt/ros/humble/share/ament_cmake_auto/cmake)
[0.506s] -- Found Python3: /usr/bin/python3 (found version "3.10.12") found components: Interpreter
[0.547s] -- Override CMake install command with custom implementation using symlinks instead of copying resources
[0.682s] -- Found rosidl_generator_c: 3.1.6 (/opt/ros/humble/share/rosidl_generator_c/cmake)
[0.692s] -- Found rosidl_adapter: 3.1.6 (/opt/ros/humble/share/rosidl_adapter/cmake)
[0.710s] -- Found rosidl_generator_cpp: 3.1.6 (/opt/ros/humble/share/rosidl_generator_cpp/cmake)
[0.740s] -- Using all available rosidl_typesupport_c: rosidl_typesupport_fastrtps_c;rosidl_typesupport_introspection_c
[0.780s] -- Using all available rosidl_typesupport_cpp: rosidl_typesupport_fastrtps_cpp;rosidl_typesupport_introspection_cpp
[0.881s] -- Found rmw_implementation_cmake: 6.1.2 (/opt/ros/humble/share/rmw_implementation_cmake/cmake)
[0.885s] -- Found rmw_fastrtps_cpp: 6.2.7 (/opt/ros/humble/share/rmw_fastrtps_cpp/cmake)
[0.990s] -- Found OpenSSL: /usr/lib/x86_64-linux-gnu/libcrypto.so (found version "3.0.2")
[1.028s] -- Found FastRTPS: /opt/ros/humble/include
[1.083s] -- Using RMW implementation 'rmw_fastrtps_cpp' as default
[1.098s] -- Performing Test CMAKE_HAVE_LIBC_PTHREAD
[1.158s] -- Performing Test CMAKE_HAVE_LIBC_PTHREAD - Success
[1.160s] -- Found Threads: TRUE
[1.541s] -- Found ament_lint_auto: 0.12.12 (/opt/ros/humble/share/ament_lint_auto/cmake)
[1.575s] -- Added test 'cppcheck' to perform static code analysis on C / C++ code
[1.576s] -- Configured cppcheck include dirs: /home/new-sentry/Downloads/boom_ws/src/hik_camera_ros2_driver/hikSDK/include
[1.576s] -- Configured cppcheck exclude dirs and/or files: 
[1.577s] -- Added test 'lint_cmake' to check CMake code style
[1.578s] -- Added test 'pep257' to check Python code against some of the docstring style conventions in PEP 257
[1.580s] -- Added test 'xmllint' to check XML markup files
[1.585s] -- Configuring done (1.6s)
[1.610s] -- Generating done (0.0s)
[1.616s] -- Build files have been written to: /home/new-sentry/Downloads/boom_ws/build/hik_camera_ros2_driver
[1.626s] Invoked command in '/home/new-sentry/Downloads/boom_ws/build/hik_camera_ros2_driver' returned '0': CMAKE_PREFIX_PATH=/opt/ros/humble /usr/local/bin/cmake /home/new-sentry/Downloads/boom_ws/src/hik_camera_ros2_driver -DCMAKE_BUILD_TYPE=Release -DAMENT_CMAKE_SYMLINK_INSTALL=1 -DCMAKE_INSTALL_PREFIX=/home/new-sentry/Downloads/boom_ws/install/hik_camera_ros2_driver
[1.627s] Invoking command in '/home/new-sentry/Downloads/boom_ws/build/hik_camera_ros2_driver': CMAKE_PREFIX_PATH=/opt/ros/humble /usr/local/bin/cmake --build /home/new-sentry/Downloads/boom_ws/build/hik_camera_ros2_driver -- -j16 -l16
[1.652s] [ 50%] [32mBuilding CXX object CMakeFiles/hik_camera_ros2_driver_node.dir/rclcpp_components/node_main_hik_camera_ros2_driver_node.cpp.o[0m
[1.652s] [ 50%] [32mBuilding CXX object CMakeFiles/hik_camera_ros2_driver.dir/src/hik_camera_node.cpp.o[0m
[3.789s] [ 75%] [32m[1mLinking CXX shared library libhik_camera_ros2_driver.so[0m
[3.827s] [100%] [32m[1mLinking CXX executable hik_camera_ros2_driver_node[0m
[3.895s] [100%] Built target hik_camera_ros2_driver_node
[3.898s] [100%] Built target hik_camera_ros2_driver
[3.902s] Invoked command in '/home/new-sentry/Downloads/boom_ws/build/hik_camera_ros2_driver' returned '0': CMAKE_PREFIX_PATH=/opt/ros/humble /usr/local/bin/cmake --build /home/new-sentry/Downloads/boom_ws/build/hik_camera_ros2_driver -- -j16 -l16
[3.908s] Invoking command in '/home/new-sentry/Downloads/boom_ws/build/hik_camera_ros2_driver': CMAKE_PREFIX_PATH=/opt/ros/humble /usr/local/bin/cmake --install /home/new-sentry/Downloads/boom_ws/build/hik_camera_ros2_driver
[3.911s] -- Install configuration: "Release"
[3.912s] -- Execute custom install script
[3.913s] -- Symlinking: /home/new-sentry/Downloads/boom_ws/install/hik_camera_ros2_driver/lib/libFormatConversion.so
[3.916s] -- Symlinking: /home/new-sentry/Downloads/boom_ws/install/hik_camera_ros2_driver/lib/libMVRender.so
[3.919s] -- Symlinking: /home/new-sentry/Downloads/boom_ws/install/hik_camera_ros2_driver/lib/libMediaProcess.so
[3.922s] -- Symlinking: /home/new-sentry/Downloads/boom_ws/install/hik_camera_ros2_driver/lib/libMvCameraControl.so
[3.925s] -- Symlinking: /home/new-sentry/Downloads/boom_ws/install/hik_camera_ros2_driver/lib/libMvUsb3vTL.so
[3.929s] -- Symlinking: /home/new-sentry/Downloads/boom_ws/install/hik_camera_ros2_driver/lib/hik_camera_ros2_driver/hik_camera_ros2_driver_node
[3.932s] -- Symlinking: /home/new-sentry/Downloads/boom_ws/install/hik_camera_ros2_driver/share/hik_camera_ros2_driver/environment/library_path.sh
[3.935s] -- Symlinking: /home/new-sentry/Downloads/boom_ws/install/hik_camera_ros2_driver/share/hik_camera_ros2_driver/environment/library_path.dsv
[3.938s] -- Symlinking: /home/new-sentry/Downloads/boom_ws/install/hik_camera_ros2_driver/lib/libhik_camera_ros2_driver.so
[3.942s] -- Symlinking: /home/new-sentry/Downloads/boom_ws/install/hik_camera_ros2_driver/share/hik_camera_ros2_driver/launch/hik_camera_launch.py
[3.945s] -- Symlinking: /home/new-sentry/Downloads/boom_ws/install/hik_camera_ros2_driver/share/hik_camera_ros2_driver/config/camera_info.yaml
[3.948s] -- Symlinking: /home/new-sentry/Downloads/boom_ws/install/hik_camera_ros2_driver/share/hik_camera_ros2_driver/config/camera_params.yaml
[3.952s] -- Symlinking: /home/new-sentry/Downloads/boom_ws/install/hik_camera_ros2_driver/share/ament_index/resource_index/package_run_dependencies/hik_camera_ros2_driver
[3.956s] -- Symlinking: /home/new-sentry/Downloads/boom_ws/install/hik_camera_ros2_driver/share/ament_index/resource_index/parent_prefix_path/hik_camera_ros2_driver
[3.959s] -- Symlinking: /home/new-sentry/Downloads/boom_ws/install/hik_camera_ros2_driver/share/hik_camera_ros2_driver/environment/ament_prefix_path.sh
[3.962s] -- Symlinking: /home/new-sentry/Downloads/boom_ws/install/hik_camera_ros2_driver/share/hik_camera_ros2_driver/environment/ament_prefix_path.dsv
[3.965s] -- Symlinking: /home/new-sentry/Downloads/boom_ws/install/hik_camera_ros2_driver/share/hik_camera_ros2_driver/environment/path.sh
[3.968s] -- Symlinking: /home/new-sentry/Downloads/boom_ws/install/hik_camera_ros2_driver/share/hik_camera_ros2_driver/environment/path.dsv
[3.971s] -- Symlinking: /home/new-sentry/Downloads/boom_ws/install/hik_camera_ros2_driver/share/hik_camera_ros2_driver/local_setup.bash
[3.975s] -- Symlinking: /home/new-sentry/Downloads/boom_ws/install/hik_camera_ros2_driver/share/hik_camera_ros2_driver/local_setup.sh
[3.978s] -- Symlinking: /home/new-sentry/Downloads/boom_ws/install/hik_camera_ros2_driver/share/hik_camera_ros2_driver/local_setup.zsh
[3.980s] -- Symlinking: /home/new-sentry/Downloads/boom_ws/install/hik_camera_ros2_driver/share/hik_camera_ros2_driver/local_setup.dsv
[3.984s] -- Symlinking: /home/new-sentry/Downloads/boom_ws/install/hik_camera_ros2_driver/share/hik_camera_ros2_driver/package.dsv
[3.987s] -- Symlinking: /home/new-sentry/Downloads/boom_ws/install/hik_camera_ros2_driver/share/ament_index/resource_index/packages/hik_camera_ros2_driver
[3.990s] -- Symlinking: /home/new-sentry/Downloads/boom_ws/install/hik_camera_ros2_driver/share/ament_index/resource_index/rclcpp_components/hik_camera_ros2_driver
[3.993s] -- Symlinking: /home/new-sentry/Downloads/boom_ws/install/hik_camera_ros2_driver/share/hik_camera_ros2_driver/cmake/ament_cmake_export_dependencies-extras.cmake
[3.996s] -- Symlinking: /home/new-sentry/Downloads/boom_ws/install/hik_camera_ros2_driver/share/hik_camera_ros2_driver/cmake/ament_cmake_export_libraries-extras.cmake
[4.000s] -- Symlinking: /home/new-sentry/Downloads/boom_ws/install/hik_camera_ros2_driver/share/hik_camera_ros2_driver/cmake/hik_camera_ros2_driverConfig.cmake
[4.002s] -- Symlinking: /home/new-sentry/Downloads/boom_ws/install/hik_camera_ros2_driver/share/hik_camera_ros2_driver/cmake/hik_camera_ros2_driverConfig-version.cmake
[4.005s] -- Symlinking: /home/new-sentry/Downloads/boom_ws/install/hik_camera_ros2_driver/share/hik_camera_ros2_driver/package.xml
[4.010s] Invoked command in '/home/new-sentry/Downloads/boom_ws/build/hik_camera_ros2_driver' returned '0': CMAKE_PREFIX_PATH=/opt/ros/humble /usr/local/bin/cmake --install /home/new-sentry/Downloads/boom_ws/build/hik_camera_ros2_driver
