[0.007s] Invoking command in '/home/new-sentry/Desktop/boom_ws/build/display': CMAKE_PREFIX_PATH=/opt/ros/humble /usr/local/bin/cmake /home/new-sentry/Desktop/boom_ws/src/display -DCMAKE_INSTALL_PREFIX=/home/new-sentry/Desktop/boom_ws/install/display
[0.012s] [0mCMake Deprecation Warning at CMakeLists.txt:1 (cmake_minimum_required):
[0.012s]   Compatibility with CMake < 3.10 will be removed from a future version of
[0.012s]   CMake.
[0.012s] 
[0.012s]   Update the VERSION argument <min> value.  Or, use the <min>...<max> syntax
[0.012s]   to tell CMake that the project requires at least <min> but has been updated
[0.012s]   to work with policies introduced by <max> or earlier.
[0.012s] 
[0.012s] [0m
[0.092s] -- The C compiler identification is GNU 11.4.0
[0.164s] -- The CXX compiler identification is GNU 11.4.0
[0.181s] -- Detecting C compiler ABI info
[0.242s] -- Detecting C compiler ABI info - done
[0.287s] -- Check for working C compiler: /usr/bin/cc - skipped
[0.287s] -- Detecting C compile features
[0.289s] -- Detecting C compile features - done
[0.306s] -- Detecting CXX compiler ABI info
[0.375s] -- Detecting CXX compiler ABI info - done
[0.424s] -- Check for working CXX compiler: /usr/bin/c++ - skipped
[0.425s] -- Detecting CXX compile features
[0.427s] -- Detecting CXX compile features - done
[0.436s] -- Found ament_cmake: 1.3.11 (/opt/ros/humble/share/ament_cmake/cmake)
[0.542s] -- Found Python3: /usr/bin/python3 (found version "3.10.12") found components: Interpreter
[0.655s] -- Found OpenCV: /usr (found version "4.5.4")
[0.656s] -- Found rclcpp: 16.0.12 (/opt/ros/humble/share/rclcpp/cmake)
[0.731s] -- Found rosidl_generator_c: 3.1.6 (/opt/ros/humble/share/rosidl_generator_c/cmake)
[0.741s] -- Found rosidl_adapter: 3.1.6 (/opt/ros/humble/share/rosidl_adapter/cmake)
[0.764s] -- Found rosidl_generator_cpp: 3.1.6 (/opt/ros/humble/share/rosidl_generator_cpp/cmake)
[0.799s] -- Using all available rosidl_typesupport_c: rosidl_typesupport_fastrtps_c;rosidl_typesupport_introspection_c
[0.844s] -- Using all available rosidl_typesupport_cpp: rosidl_typesupport_fastrtps_cpp;rosidl_typesupport_introspection_cpp
[0.959s] -- Found rmw_implementation_cmake: 6.1.2 (/opt/ros/humble/share/rmw_implementation_cmake/cmake)
[0.965s] -- Found rmw_fastrtps_cpp: 6.2.7 (/opt/ros/humble/share/rmw_fastrtps_cpp/cmake)
[1.097s] -- Found OpenSSL: /usr/lib/x86_64-linux-gnu/libcrypto.so (found version "3.0.2")
[1.141s] -- Found FastRTPS: /opt/ros/humble/include
[1.205s] -- Using RMW implementation 'rmw_fastrtps_cpp' as default
[1.221s] -- Performing Test CMAKE_HAVE_LIBC_PTHREAD
[1.288s] -- Performing Test CMAKE_HAVE_LIBC_PTHREAD - Success
[1.290s] -- Found Threads: TRUE
[1.465s] -- Found image_transport: 3.1.11 (/opt/ros/humble/share/image_transport/cmake)
[1.622s] -- Found cv_bridge: 3.2.1 (/opt/ros/humble/share/cv_bridge/cmake)
[1.634s] -- Found ament_lint_auto: 0.12.12 (/opt/ros/humble/share/ament_lint_auto/cmake)
[1.708s] -- Added test 'cppcheck' to perform static code analysis on C / C++ code
[1.713s] -- Configured cppcheck include dirs: 
[1.713s] -- Configured cppcheck exclude dirs and/or files: 
[1.716s] -- Added test 'lint_cmake' to check CMake code style
[1.718s] -- Added test 'uncrustify' to check C / C++ code style
[1.718s] -- Configured uncrustify additional arguments: 
[1.719s] -- Added test 'xmllint' to check XML markup files
[1.721s] -- Configuring done (1.7s)
[1.755s] -- Generating done (0.0s)
[1.761s] -- Build files have been written to: /home/new-sentry/Desktop/boom_ws/build/display
[1.776s] Invoked command in '/home/new-sentry/Desktop/boom_ws/build/display' returned '0': CMAKE_PREFIX_PATH=/opt/ros/humble /usr/local/bin/cmake /home/new-sentry/Desktop/boom_ws/src/display -DCMAKE_INSTALL_PREFIX=/home/new-sentry/Desktop/boom_ws/install/display
[1.777s] Invoking command in '/home/new-sentry/Desktop/boom_ws/build/display': CMAKE_PREFIX_PATH=/opt/ros/humble /usr/local/bin/cmake --build /home/new-sentry/Desktop/boom_ws/build/display -- -j16 -l16
[1.809s] [ 50%] [32mBuilding CXX object CMakeFiles/display.dir/src/display_node.cpp.o[0m
[6.121s] [100%] [32m[1mLinking CXX executable display[0m
[6.527s] [100%] Built target display
[6.532s] Invoked command in '/home/new-sentry/Desktop/boom_ws/build/display' returned '0': CMAKE_PREFIX_PATH=/opt/ros/humble /usr/local/bin/cmake --build /home/new-sentry/Desktop/boom_ws/build/display -- -j16 -l16
[6.535s] Invoking command in '/home/new-sentry/Desktop/boom_ws/build/display': CMAKE_PREFIX_PATH=/opt/ros/humble /usr/local/bin/cmake --install /home/new-sentry/Desktop/boom_ws/build/display
[6.541s] -- Install configuration: ""
[6.542s] -- Installing: /home/new-sentry/Desktop/boom_ws/install/display/lib/display/display
[6.542s] -- Set non-toolchain portion of runtime path of "/home/new-sentry/Desktop/boom_ws/install/display/lib/display/display" to ""
[6.542s] -- Installing: /home/new-sentry/Desktop/boom_ws/install/display/share/ament_index/resource_index/package_run_dependencies/display
[6.542s] -- Installing: /home/new-sentry/Desktop/boom_ws/install/display/share/ament_index/resource_index/parent_prefix_path/display
[6.542s] -- Installing: /home/new-sentry/Desktop/boom_ws/install/display/share/display/environment/ament_prefix_path.sh
[6.542s] -- Installing: /home/new-sentry/Desktop/boom_ws/install/display/share/display/environment/ament_prefix_path.dsv
[6.542s] -- Installing: /home/new-sentry/Desktop/boom_ws/install/display/share/display/environment/path.sh
[6.543s] -- Installing: /home/new-sentry/Desktop/boom_ws/install/display/share/display/environment/path.dsv
[6.543s] -- Installing: /home/new-sentry/Desktop/boom_ws/install/display/share/display/local_setup.bash
[6.543s] -- Installing: /home/new-sentry/Desktop/boom_ws/install/display/share/display/local_setup.sh
[6.543s] -- Installing: /home/new-sentry/Desktop/boom_ws/install/display/share/display/local_setup.zsh
[6.543s] -- Installing: /home/new-sentry/Desktop/boom_ws/install/display/share/display/local_setup.dsv
[6.543s] -- Installing: /home/new-sentry/Desktop/boom_ws/install/display/share/display/package.dsv
[6.543s] -- Installing: /home/new-sentry/Desktop/boom_ws/install/display/share/ament_index/resource_index/packages/display
[6.543s] -- Installing: /home/new-sentry/Desktop/boom_ws/install/display/share/display/cmake/displayConfig.cmake
[6.543s] -- Installing: /home/new-sentry/Desktop/boom_ws/install/display/share/display/cmake/displayConfig-version.cmake
[6.543s] -- Installing: /home/new-sentry/Desktop/boom_ws/install/display/share/display/package.xml
[6.546s] Invoked command in '/home/new-sentry/Desktop/boom_ws/build/display' returned '0': CMAKE_PREFIX_PATH=/opt/ros/humble /usr/local/bin/cmake --install /home/new-sentry/Desktop/boom_ws/build/display
