[0.025s] Invoking command in '/home/qiqi/Desktop/boom_ws/build/display': CMAKE_PREFIX_PATH=${CMAKE_PREFIX_PATH}:/opt/ros/humble /usr/bin/cmake --build /home/qiqi/Desktop/boom_ws/build/display -- -j8 -l8
[0.144s] [35m[1mConsolidate compiler generated dependencies of target display[0m
[0.207s] [100%] Built target display
[0.266s] Invoked command in '/home/qiqi/Desktop/boom_ws/build/display' returned '0': CMAKE_PREFIX_PATH=${CMAKE_PREFIX_PATH}:/opt/ros/humble /usr/bin/cmake --build /home/qiqi/Desktop/boom_ws/build/display -- -j8 -l8
[0.304s] Invoking command in '/home/qiqi/Desktop/boom_ws/build/display': CMAKE_PREFIX_PATH=${CMAKE_PREFIX_PATH}:/opt/ros/humble /usr/bin/cmake --install /home/qiqi/Desktop/boom_ws/build/display
[0.330s] -- Install configuration: ""
[0.331s] -- Up-to-date: /home/qiqi/Desktop/boom_ws/install/display/lib/display/display
[0.332s] -- Up-to-date: /home/qiqi/Desktop/boom_ws/install/display/share/ament_index/resource_index/package_run_dependencies/display
[0.334s] -- Up-to-date: /home/qiqi/Desktop/boom_ws/install/display/share/ament_index/resource_index/parent_prefix_path/display
[0.335s] -- Up-to-date: /home/qiqi/Desktop/boom_ws/install/display/share/display/environment/ament_prefix_path.sh
[0.335s] -- Up-to-date: /home/qiqi/Desktop/boom_ws/install/display/share/display/environment/ament_prefix_path.dsv
[0.335s] -- Up-to-date: /home/qiqi/Desktop/boom_ws/install/display/share/display/environment/path.sh
[0.335s] -- Up-to-date: /home/qiqi/Desktop/boom_ws/install/display/share/display/environment/path.dsv
[0.336s] -- Up-to-date: /home/qiqi/Desktop/boom_ws/install/display/share/display/local_setup.bash
[0.336s] -- Up-to-date: /home/qiqi/Desktop/boom_ws/install/display/share/display/local_setup.sh
[0.336s] -- Up-to-date: /home/qiqi/Desktop/boom_ws/install/display/share/display/local_setup.zsh
[0.336s] -- Up-to-date: /home/qiqi/Desktop/boom_ws/install/display/share/display/local_setup.dsv
[0.337s] -- Installing: /home/qiqi/Desktop/boom_ws/install/display/share/display/package.dsv
[0.337s] -- Up-to-date: /home/qiqi/Desktop/boom_ws/install/display/share/ament_index/resource_index/packages/display
[0.337s] -- Up-to-date: /home/qiqi/Desktop/boom_ws/install/display/share/display/cmake/displayConfig.cmake
[0.337s] -- Up-to-date: /home/qiqi/Desktop/boom_ws/install/display/share/display/cmake/displayConfig-version.cmake
[0.338s] -- Up-to-date: /home/qiqi/Desktop/boom_ws/install/display/share/display/package.xml
[0.343s] Invoked command in '/home/qiqi/Desktop/boom_ws/build/display' returned '0': CMAKE_PREFIX_PATH=${CMAKE_PREFIX_PATH}:/opt/ros/humble /usr/bin/cmake --install /home/qiqi/Desktop/boom_ws/build/display
