[0.092s] DEBUG:colcon:Command line arguments: ['/usr/bin/colcon', 'build']
[0.092s] DEBUG:colcon:Parsed command line arguments: Namespace(log_base=None, log_level=None, verb_name='build', build_base='build', install_base='install', merge_install=False, symlink_install=False, test_result_base=None, continue_on_error=False, executor='parallel', parallel_workers=16, event_handlers=None, ignore_user_meta=False, metas=['./colcon.meta'], base_paths=['.'], packages_ignore=None, packages_ignore_regex=None, paths=None, packages_up_to=None, packages_up_to_regex=None, packages_above=None, packages_above_and_dependencies=None, packages_above_depth=None, packages_select_by_dep=None, packages_skip_by_dep=None, packages_skip_up_to=None, packages_select_build_failed=False, packages_skip_build_finished=False, packages_select_test_failures=False, packages_skip_test_passed=False, packages_select=None, packages_skip=None, packages_select_regex=None, packages_skip_regex=None, packages_start=None, packages_end=None, allow_overriding=[], cmake_args=None, cmake_target=None, cmake_target_skip_unavailable=False, cmake_clean_cache=False, cmake_clean_first=False, cmake_force_configure=False, ament_cmake_args=None, catkin_cmake_args=None, catkin_skip_building_tests=False, verb_parser=<colcon_defaults.argument_parser.defaults.DefaultArgumentsDecorator object at 0x732ceb723af0>, verb_extension=<colcon_core.verb.build.BuildVerb object at 0x732ceb7235b0>, main=<bound method BuildVerb.main of <colcon_core.verb.build.BuildVerb object at 0x732ceb7235b0>>)
[0.226s] Level 1:colcon.colcon_core.package_discovery:discover_packages(colcon_meta) check parameters
[0.227s] Level 1:colcon.colcon_core.package_discovery:discover_packages(recursive) check parameters
[0.227s] Level 1:colcon.colcon_core.package_discovery:discover_packages(ignore) check parameters
[0.227s] Level 1:colcon.colcon_core.package_discovery:discover_packages(path) check parameters
[0.227s] Level 1:colcon.colcon_core.package_discovery:discover_packages(colcon_meta) discover
[0.227s] Level 1:colcon.colcon_core.package_discovery:discover_packages(recursive) discover
[0.227s] INFO:colcon.colcon_core.package_discovery:Crawling recursively for packages in '/home/new-sentry/Desktop/boom_ws'
[0.227s] Level 1:colcon.colcon_core.package_identification:_identify(.) by extensions ['ignore', 'ignore_ament_install']
[0.227s] Level 1:colcon.colcon_core.package_identification:_identify(.) by extension 'ignore'
[0.227s] Level 1:colcon.colcon_core.package_identification:_identify(.) by extension 'ignore_ament_install'
[0.227s] Level 1:colcon.colcon_core.package_identification:_identify(.) by extensions ['colcon_pkg']
[0.227s] Level 1:colcon.colcon_core.package_identification:_identify(.) by extension 'colcon_pkg'
[0.227s] Level 1:colcon.colcon_core.package_identification:_identify(.) by extensions ['colcon_meta']
[0.228s] Level 1:colcon.colcon_core.package_identification:_identify(.) by extension 'colcon_meta'
[0.228s] Level 1:colcon.colcon_core.package_identification:_identify(.) by extensions ['ros']
[0.228s] Level 1:colcon.colcon_core.package_identification:_identify(.) by extension 'ros'
[0.243s] Level 1:colcon.colcon_core.package_identification:_identify(.) by extensions ['cmake', 'python']
[0.243s] Level 1:colcon.colcon_core.package_identification:_identify(.) by extension 'cmake'
[0.244s] Level 1:colcon.colcon_core.package_identification:_identify(.) by extension 'python'
[0.244s] Level 1:colcon.colcon_core.package_identification:_identify(.) by extensions ['python_setup_py']
[0.244s] Level 1:colcon.colcon_core.package_identification:_identify(.) by extension 'python_setup_py'
[0.244s] Level 1:colcon.colcon_core.package_identification:_identify(build) by extensions ['ignore', 'ignore_ament_install']
[0.244s] Level 1:colcon.colcon_core.package_identification:_identify(build) by extension 'ignore'
[0.244s] Level 1:colcon.colcon_core.package_identification:_identify(build) ignored
[0.244s] Level 1:colcon.colcon_core.package_identification:_identify(config) by extensions ['ignore', 'ignore_ament_install']
[0.244s] Level 1:colcon.colcon_core.package_identification:_identify(config) by extension 'ignore'
[0.244s] Level 1:colcon.colcon_core.package_identification:_identify(config) by extension 'ignore_ament_install'
[0.245s] Level 1:colcon.colcon_core.package_identification:_identify(config) by extensions ['colcon_pkg']
[0.245s] Level 1:colcon.colcon_core.package_identification:_identify(config) by extension 'colcon_pkg'
[0.245s] Level 1:colcon.colcon_core.package_identification:_identify(config) by extensions ['colcon_meta']
[0.245s] Level 1:colcon.colcon_core.package_identification:_identify(config) by extension 'colcon_meta'
[0.245s] Level 1:colcon.colcon_core.package_identification:_identify(config) by extensions ['ros']
[0.245s] Level 1:colcon.colcon_core.package_identification:_identify(config) by extension 'ros'
[0.245s] Level 1:colcon.colcon_core.package_identification:_identify(config) by extensions ['cmake', 'python']
[0.245s] Level 1:colcon.colcon_core.package_identification:_identify(config) by extension 'cmake'
[0.245s] Level 1:colcon.colcon_core.package_identification:_identify(config) by extension 'python'
[0.245s] Level 1:colcon.colcon_core.package_identification:_identify(config) by extensions ['python_setup_py']
[0.245s] Level 1:colcon.colcon_core.package_identification:_identify(config) by extension 'python_setup_py'
[0.245s] Level 1:colcon.colcon_core.package_identification:_identify(install) by extensions ['ignore', 'ignore_ament_install']
[0.245s] Level 1:colcon.colcon_core.package_identification:_identify(install) by extension 'ignore'
[0.245s] Level 1:colcon.colcon_core.package_identification:_identify(install) ignored
[0.245s] Level 1:colcon.colcon_core.package_identification:_identify(launch) by extensions ['ignore', 'ignore_ament_install']
[0.245s] Level 1:colcon.colcon_core.package_identification:_identify(launch) by extension 'ignore'
[0.245s] Level 1:colcon.colcon_core.package_identification:_identify(launch) by extension 'ignore_ament_install'
[0.246s] Level 1:colcon.colcon_core.package_identification:_identify(launch) by extensions ['colcon_pkg']
[0.246s] Level 1:colcon.colcon_core.package_identification:_identify(launch) by extension 'colcon_pkg'
[0.246s] Level 1:colcon.colcon_core.package_identification:_identify(launch) by extensions ['colcon_meta']
[0.246s] Level 1:colcon.colcon_core.package_identification:_identify(launch) by extension 'colcon_meta'
[0.246s] Level 1:colcon.colcon_core.package_identification:_identify(launch) by extensions ['ros']
[0.246s] Level 1:colcon.colcon_core.package_identification:_identify(launch) by extension 'ros'
[0.246s] Level 1:colcon.colcon_core.package_identification:_identify(launch) by extensions ['cmake', 'python']
[0.246s] Level 1:colcon.colcon_core.package_identification:_identify(launch) by extension 'cmake'
[0.246s] Level 1:colcon.colcon_core.package_identification:_identify(launch) by extension 'python'
[0.246s] Level 1:colcon.colcon_core.package_identification:_identify(launch) by extensions ['python_setup_py']
[0.246s] Level 1:colcon.colcon_core.package_identification:_identify(launch) by extension 'python_setup_py'
[0.246s] Level 1:colcon.colcon_core.package_identification:_identify(launch/__pycache__) by extensions ['ignore', 'ignore_ament_install']
[0.246s] Level 1:colcon.colcon_core.package_identification:_identify(launch/__pycache__) by extension 'ignore'
[0.246s] Level 1:colcon.colcon_core.package_identification:_identify(launch/__pycache__) by extension 'ignore_ament_install'
[0.246s] Level 1:colcon.colcon_core.package_identification:_identify(launch/__pycache__) by extensions ['colcon_pkg']
[0.246s] Level 1:colcon.colcon_core.package_identification:_identify(launch/__pycache__) by extension 'colcon_pkg'
[0.246s] Level 1:colcon.colcon_core.package_identification:_identify(launch/__pycache__) by extensions ['colcon_meta']
[0.246s] Level 1:colcon.colcon_core.package_identification:_identify(launch/__pycache__) by extension 'colcon_meta'
[0.246s] Level 1:colcon.colcon_core.package_identification:_identify(launch/__pycache__) by extensions ['ros']
[0.246s] Level 1:colcon.colcon_core.package_identification:_identify(launch/__pycache__) by extension 'ros'
[0.247s] Level 1:colcon.colcon_core.package_identification:_identify(launch/__pycache__) by extensions ['cmake', 'python']
[0.247s] Level 1:colcon.colcon_core.package_identification:_identify(launch/__pycache__) by extension 'cmake'
[0.247s] Level 1:colcon.colcon_core.package_identification:_identify(launch/__pycache__) by extension 'python'
[0.247s] Level 1:colcon.colcon_core.package_identification:_identify(launch/__pycache__) by extensions ['python_setup_py']
[0.247s] Level 1:colcon.colcon_core.package_identification:_identify(launch/__pycache__) by extension 'python_setup_py'
[0.247s] Level 1:colcon.colcon_core.package_identification:_identify(log) by extensions ['ignore', 'ignore_ament_install']
[0.247s] Level 1:colcon.colcon_core.package_identification:_identify(log) by extension 'ignore'
[0.247s] Level 1:colcon.colcon_core.package_identification:_identify(log) ignored
[0.247s] Level 1:colcon.colcon_core.package_identification:_identify(py) by extensions ['ignore', 'ignore_ament_install']
[0.248s] Level 1:colcon.colcon_core.package_identification:_identify(py) by extension 'ignore'
[0.248s] Level 1:colcon.colcon_core.package_identification:_identify(py) by extension 'ignore_ament_install'
[0.248s] Level 1:colcon.colcon_core.package_identification:_identify(py) by extensions ['colcon_pkg']
[0.248s] Level 1:colcon.colcon_core.package_identification:_identify(py) by extension 'colcon_pkg'
[0.248s] Level 1:colcon.colcon_core.package_identification:_identify(py) by extensions ['colcon_meta']
[0.248s] Level 1:colcon.colcon_core.package_identification:_identify(py) by extension 'colcon_meta'
[0.248s] Level 1:colcon.colcon_core.package_identification:_identify(py) by extensions ['ros']
[0.248s] Level 1:colcon.colcon_core.package_identification:_identify(py) by extension 'ros'
[0.248s] Level 1:colcon.colcon_core.package_identification:_identify(py) by extensions ['cmake', 'python']
[0.248s] Level 1:colcon.colcon_core.package_identification:_identify(py) by extension 'cmake'
[0.248s] Level 1:colcon.colcon_core.package_identification:_identify(py) by extension 'python'
[0.248s] Level 1:colcon.colcon_core.package_identification:_identify(py) by extensions ['python_setup_py']
[0.248s] Level 1:colcon.colcon_core.package_identification:_identify(py) by extension 'python_setup_py'
[0.248s] Level 1:colcon.colcon_core.package_identification:_identify(py/__pycache__) by extensions ['ignore', 'ignore_ament_install']
[0.248s] Level 1:colcon.colcon_core.package_identification:_identify(py/__pycache__) by extension 'ignore'
[0.248s] Level 1:colcon.colcon_core.package_identification:_identify(py/__pycache__) by extension 'ignore_ament_install'
[0.248s] Level 1:colcon.colcon_core.package_identification:_identify(py/__pycache__) by extensions ['colcon_pkg']
[0.249s] Level 1:colcon.colcon_core.package_identification:_identify(py/__pycache__) by extension 'colcon_pkg'
[0.249s] Level 1:colcon.colcon_core.package_identification:_identify(py/__pycache__) by extensions ['colcon_meta']
[0.249s] Level 1:colcon.colcon_core.package_identification:_identify(py/__pycache__) by extension 'colcon_meta'
[0.249s] Level 1:colcon.colcon_core.package_identification:_identify(py/__pycache__) by extensions ['ros']
[0.249s] Level 1:colcon.colcon_core.package_identification:_identify(py/__pycache__) by extension 'ros'
[0.249s] Level 1:colcon.colcon_core.package_identification:_identify(py/__pycache__) by extensions ['cmake', 'python']
[0.249s] Level 1:colcon.colcon_core.package_identification:_identify(py/__pycache__) by extension 'cmake'
[0.249s] Level 1:colcon.colcon_core.package_identification:_identify(py/__pycache__) by extension 'python'
[0.249s] Level 1:colcon.colcon_core.package_identification:_identify(py/__pycache__) by extensions ['python_setup_py']
[0.249s] Level 1:colcon.colcon_core.package_identification:_identify(py/__pycache__) by extension 'python_setup_py'
[0.249s] Level 1:colcon.colcon_core.package_identification:_identify(py/pta) by extensions ['ignore', 'ignore_ament_install']
[0.249s] Level 1:colcon.colcon_core.package_identification:_identify(py/pta) by extension 'ignore'
[0.249s] Level 1:colcon.colcon_core.package_identification:_identify(py/pta) by extension 'ignore_ament_install'
[0.249s] Level 1:colcon.colcon_core.package_identification:_identify(py/pta) by extensions ['colcon_pkg']
[0.249s] Level 1:colcon.colcon_core.package_identification:_identify(py/pta) by extension 'colcon_pkg'
[0.250s] Level 1:colcon.colcon_core.package_identification:_identify(py/pta) by extensions ['colcon_meta']
[0.250s] Level 1:colcon.colcon_core.package_identification:_identify(py/pta) by extension 'colcon_meta'
[0.250s] Level 1:colcon.colcon_core.package_identification:_identify(py/pta) by extensions ['ros']
[0.250s] Level 1:colcon.colcon_core.package_identification:_identify(py/pta) by extension 'ros'
[0.250s] Level 1:colcon.colcon_core.package_identification:_identify(py/pta) by extensions ['cmake', 'python']
[0.250s] Level 1:colcon.colcon_core.package_identification:_identify(py/pta) by extension 'cmake'
[0.250s] Level 1:colcon.colcon_core.package_identification:_identify(py/pta) by extension 'python'
[0.250s] Level 1:colcon.colcon_core.package_identification:_identify(py/pta) by extensions ['python_setup_py']
[0.250s] Level 1:colcon.colcon_core.package_identification:_identify(py/pta) by extension 'python_setup_py'
[0.250s] Level 1:colcon.colcon_core.package_identification:_identify(py/pta/pta2) by extensions ['ignore', 'ignore_ament_install']
[0.250s] Level 1:colcon.colcon_core.package_identification:_identify(py/pta/pta2) by extension 'ignore'
[0.250s] Level 1:colcon.colcon_core.package_identification:_identify(py/pta/pta2) by extension 'ignore_ament_install'
[0.250s] Level 1:colcon.colcon_core.package_identification:_identify(py/pta/pta2) by extensions ['colcon_pkg']
[0.250s] Level 1:colcon.colcon_core.package_identification:_identify(py/pta/pta2) by extension 'colcon_pkg'
[0.250s] Level 1:colcon.colcon_core.package_identification:_identify(py/pta/pta2) by extensions ['colcon_meta']
[0.250s] Level 1:colcon.colcon_core.package_identification:_identify(py/pta/pta2) by extension 'colcon_meta'
[0.250s] Level 1:colcon.colcon_core.package_identification:_identify(py/pta/pta2) by extensions ['ros']
[0.250s] Level 1:colcon.colcon_core.package_identification:_identify(py/pta/pta2) by extension 'ros'
[0.251s] Level 1:colcon.colcon_core.package_identification:_identify(py/pta/pta2) by extensions ['cmake', 'python']
[0.251s] Level 1:colcon.colcon_core.package_identification:_identify(py/pta/pta2) by extension 'cmake'
[0.251s] Level 1:colcon.colcon_core.package_identification:_identify(py/pta/pta2) by extension 'python'
[0.251s] Level 1:colcon.colcon_core.package_identification:_identify(py/pta/pta2) by extensions ['python_setup_py']
[0.251s] Level 1:colcon.colcon_core.package_identification:_identify(py/pta/pta2) by extension 'python_setup_py'
[0.251s] Level 1:colcon.colcon_core.package_identification:_identify(py/test) by extensions ['ignore', 'ignore_ament_install']
[0.251s] Level 1:colcon.colcon_core.package_identification:_identify(py/test) by extension 'ignore'
[0.251s] Level 1:colcon.colcon_core.package_identification:_identify(py/test) by extension 'ignore_ament_install'
[0.251s] Level 1:colcon.colcon_core.package_identification:_identify(py/test) by extensions ['colcon_pkg']
[0.251s] Level 1:colcon.colcon_core.package_identification:_identify(py/test) by extension 'colcon_pkg'
[0.251s] Level 1:colcon.colcon_core.package_identification:_identify(py/test) by extensions ['colcon_meta']
[0.251s] Level 1:colcon.colcon_core.package_identification:_identify(py/test) by extension 'colcon_meta'
[0.251s] Level 1:colcon.colcon_core.package_identification:_identify(py/test) by extensions ['ros']
[0.251s] Level 1:colcon.colcon_core.package_identification:_identify(py/test) by extension 'ros'
[0.251s] Level 1:colcon.colcon_core.package_identification:_identify(py/test) by extensions ['cmake', 'python']
[0.251s] Level 1:colcon.colcon_core.package_identification:_identify(py/test) by extension 'cmake'
[0.251s] Level 1:colcon.colcon_core.package_identification:_identify(py/test) by extension 'python'
[0.251s] Level 1:colcon.colcon_core.package_identification:_identify(py/test) by extensions ['python_setup_py']
[0.251s] Level 1:colcon.colcon_core.package_identification:_identify(py/test) by extension 'python_setup_py'
[0.252s] Level 1:colcon.colcon_core.package_identification:_identify(src) by extensions ['ignore', 'ignore_ament_install']
[0.252s] Level 1:colcon.colcon_core.package_identification:_identify(src) by extension 'ignore'
[0.252s] Level 1:colcon.colcon_core.package_identification:_identify(src) by extension 'ignore_ament_install'
[0.252s] Level 1:colcon.colcon_core.package_identification:_identify(src) by extensions ['colcon_pkg']
[0.252s] Level 1:colcon.colcon_core.package_identification:_identify(src) by extension 'colcon_pkg'
[0.252s] Level 1:colcon.colcon_core.package_identification:_identify(src) by extensions ['colcon_meta']
[0.252s] Level 1:colcon.colcon_core.package_identification:_identify(src) by extension 'colcon_meta'
[0.252s] Level 1:colcon.colcon_core.package_identification:_identify(src) by extensions ['ros']
[0.252s] Level 1:colcon.colcon_core.package_identification:_identify(src) by extension 'ros'
[0.252s] Level 1:colcon.colcon_core.package_identification:_identify(src) by extensions ['cmake', 'python']
[0.252s] Level 1:colcon.colcon_core.package_identification:_identify(src) by extension 'cmake'
[0.252s] Level 1:colcon.colcon_core.package_identification:_identify(src) by extension 'python'
[0.252s] Level 1:colcon.colcon_core.package_identification:_identify(src) by extensions ['python_setup_py']
[0.252s] Level 1:colcon.colcon_core.package_identification:_identify(src) by extension 'python_setup_py'
[0.252s] Level 1:colcon.colcon_core.package_identification:_identify(src/display) by extensions ['ignore', 'ignore_ament_install']
[0.252s] Level 1:colcon.colcon_core.package_identification:_identify(src/display) by extension 'ignore'
[0.253s] Level 1:colcon.colcon_core.package_identification:_identify(src/display) by extension 'ignore_ament_install'
[0.253s] Level 1:colcon.colcon_core.package_identification:_identify(src/display) by extensions ['colcon_pkg']
[0.253s] Level 1:colcon.colcon_core.package_identification:_identify(src/display) by extension 'colcon_pkg'
[0.253s] Level 1:colcon.colcon_core.package_identification:_identify(src/display) by extensions ['colcon_meta']
[0.253s] Level 1:colcon.colcon_core.package_identification:_identify(src/display) by extension 'colcon_meta'
[0.253s] Level 1:colcon.colcon_core.package_identification:_identify(src/display) by extensions ['ros']
[0.253s] Level 1:colcon.colcon_core.package_identification:_identify(src/display) by extension 'ros'
[0.258s] DEBUG:colcon.colcon_core.package_identification:Package 'src/display' with type 'ros.ament_cmake' and name 'display'
[0.258s] Level 1:colcon.colcon_core.package_identification:_identify(src/hik_camera_ros2_driver) by extensions ['ignore', 'ignore_ament_install']
[0.258s] Level 1:colcon.colcon_core.package_identification:_identify(src/hik_camera_ros2_driver) by extension 'ignore'
[0.258s] Level 1:colcon.colcon_core.package_identification:_identify(src/hik_camera_ros2_driver) by extension 'ignore_ament_install'
[0.258s] Level 1:colcon.colcon_core.package_identification:_identify(src/hik_camera_ros2_driver) by extensions ['colcon_pkg']
[0.258s] Level 1:colcon.colcon_core.package_identification:_identify(src/hik_camera_ros2_driver) by extension 'colcon_pkg'
[0.258s] Level 1:colcon.colcon_core.package_identification:_identify(src/hik_camera_ros2_driver) by extensions ['colcon_meta']
[0.258s] Level 1:colcon.colcon_core.package_identification:_identify(src/hik_camera_ros2_driver) by extension 'colcon_meta'
[0.258s] Level 1:colcon.colcon_core.package_identification:_identify(src/hik_camera_ros2_driver) by extensions ['ros']
[0.258s] Level 1:colcon.colcon_core.package_identification:_identify(src/hik_camera_ros2_driver) by extension 'ros'
[0.259s] DEBUG:colcon.colcon_core.package_identification:Package 'src/hik_camera_ros2_driver' with type 'ros.ament_cmake' and name 'hik_camera_ros2_driver'
[0.259s] Level 1:colcon.colcon_core.package_identification:_identify(src/resolving) by extensions ['ignore', 'ignore_ament_install']
[0.259s] Level 1:colcon.colcon_core.package_identification:_identify(src/resolving) by extension 'ignore'
[0.259s] Level 1:colcon.colcon_core.package_identification:_identify(src/resolving) by extension 'ignore_ament_install'
[0.259s] Level 1:colcon.colcon_core.package_identification:_identify(src/resolving) by extensions ['colcon_pkg']
[0.259s] Level 1:colcon.colcon_core.package_identification:_identify(src/resolving) by extension 'colcon_pkg'
[0.259s] Level 1:colcon.colcon_core.package_identification:_identify(src/resolving) by extensions ['colcon_meta']
[0.259s] Level 1:colcon.colcon_core.package_identification:_identify(src/resolving) by extension 'colcon_meta'
[0.259s] Level 1:colcon.colcon_core.package_identification:_identify(src/resolving) by extensions ['ros']
[0.259s] Level 1:colcon.colcon_core.package_identification:_identify(src/resolving) by extension 'ros'
[0.260s] DEBUG:colcon.colcon_core.package_identification:Package 'src/resolving' with type 'ros.ament_cmake' and name 'resolve'
[0.260s] Level 1:colcon.colcon_core.package_identification:_identify(src/serial) by extensions ['ignore', 'ignore_ament_install']
[0.260s] Level 1:colcon.colcon_core.package_identification:_identify(src/serial) by extension 'ignore'
[0.260s] Level 1:colcon.colcon_core.package_identification:_identify(src/serial) by extension 'ignore_ament_install'
[0.260s] Level 1:colcon.colcon_core.package_identification:_identify(src/serial) by extensions ['colcon_pkg']
[0.260s] Level 1:colcon.colcon_core.package_identification:_identify(src/serial) by extension 'colcon_pkg'
[0.260s] Level 1:colcon.colcon_core.package_identification:_identify(src/serial) by extensions ['colcon_meta']
[0.260s] Level 1:colcon.colcon_core.package_identification:_identify(src/serial) by extension 'colcon_meta'
[0.260s] Level 1:colcon.colcon_core.package_identification:_identify(src/serial) by extensions ['ros']
[0.260s] Level 1:colcon.colcon_core.package_identification:_identify(src/serial) by extension 'ros'
[0.261s] DEBUG:colcon.colcon_core.package_identification:Package 'src/serial' with type 'ros.ament_cmake' and name 'serial'
[0.261s] Level 1:colcon.colcon_core.package_identification:_identify(src/vision_interfaces) by extensions ['ignore', 'ignore_ament_install']
[0.261s] Level 1:colcon.colcon_core.package_identification:_identify(src/vision_interfaces) by extension 'ignore'
[0.261s] Level 1:colcon.colcon_core.package_identification:_identify(src/vision_interfaces) by extension 'ignore_ament_install'
[0.261s] Level 1:colcon.colcon_core.package_identification:_identify(src/vision_interfaces) by extensions ['colcon_pkg']
[0.261s] Level 1:colcon.colcon_core.package_identification:_identify(src/vision_interfaces) by extension 'colcon_pkg'
[0.261s] Level 1:colcon.colcon_core.package_identification:_identify(src/vision_interfaces) by extensions ['colcon_meta']
[0.261s] Level 1:colcon.colcon_core.package_identification:_identify(src/vision_interfaces) by extension 'colcon_meta'
[0.261s] Level 1:colcon.colcon_core.package_identification:_identify(src/vision_interfaces) by extensions ['ros']
[0.261s] Level 1:colcon.colcon_core.package_identification:_identify(src/vision_interfaces) by extension 'ros'
[0.262s] DEBUG:colcon.colcon_core.package_identification:Package 'src/vision_interfaces' with type 'ros.ament_cmake' and name 'vision_interfaces'
[0.262s] Level 1:colcon.colcon_core.package_discovery:discover_packages(recursive) using defaults
[0.262s] Level 1:colcon.colcon_core.package_discovery:discover_packages(ignore) discover
[0.262s] Level 1:colcon.colcon_core.package_discovery:discover_packages(ignore) using defaults
[0.262s] Level 1:colcon.colcon_core.package_discovery:discover_packages(path) discover
[0.262s] Level 1:colcon.colcon_core.package_discovery:discover_packages(path) using defaults
[0.325s] Level 1:colcon.colcon_core.package_discovery:discover_packages(prefix_path) check parameters
[0.325s] Level 1:colcon.colcon_core.package_discovery:discover_packages(prefix_path) discover
[0.327s] DEBUG:colcon.colcon_installed_package_information.package_discovery:Found 5 installed packages in /home/new-sentry/Desktop/boom_ws/install
[0.328s] DEBUG:colcon.colcon_installed_package_information.package_discovery:Found 333 installed packages in /opt/ros/humble
[0.329s] Level 1:colcon.colcon_core.package_discovery:discover_packages(prefix_path) using defaults
[0.357s] Level 5:colcon.colcon_core.verb:set package 'display' build argument 'cmake_args' from command line to 'None'
[0.357s] Level 5:colcon.colcon_core.verb:set package 'display' build argument 'cmake_target' from command line to 'None'
[0.357s] Level 5:colcon.colcon_core.verb:set package 'display' build argument 'cmake_target_skip_unavailable' from command line to 'False'
[0.357s] Level 5:colcon.colcon_core.verb:set package 'display' build argument 'cmake_clean_cache' from command line to 'False'
[0.357s] Level 5:colcon.colcon_core.verb:set package 'display' build argument 'cmake_clean_first' from command line to 'False'
[0.357s] Level 5:colcon.colcon_core.verb:set package 'display' build argument 'cmake_force_configure' from command line to 'False'
[0.357s] Level 5:colcon.colcon_core.verb:set package 'display' build argument 'ament_cmake_args' from command line to 'None'
[0.357s] Level 5:colcon.colcon_core.verb:set package 'display' build argument 'catkin_cmake_args' from command line to 'None'
[0.357s] Level 5:colcon.colcon_core.verb:set package 'display' build argument 'catkin_skip_building_tests' from command line to 'False'
[0.358s] DEBUG:colcon.colcon_core.verb:Building package 'display' with the following arguments: {'ament_cmake_args': None, 'build_base': '/home/new-sentry/Desktop/boom_ws/build/display', 'catkin_cmake_args': None, 'catkin_skip_building_tests': False, 'cmake_args': None, 'cmake_clean_cache': False, 'cmake_clean_first': False, 'cmake_force_configure': False, 'cmake_target': None, 'cmake_target_skip_unavailable': False, 'install_base': '/home/new-sentry/Desktop/boom_ws/install/display', 'merge_install': False, 'path': '/home/new-sentry/Desktop/boom_ws/src/display', 'symlink_install': False, 'test_result_base': None}
[0.358s] Level 5:colcon.colcon_core.verb:set package 'hik_camera_ros2_driver' build argument 'cmake_args' from command line to 'None'
[0.358s] Level 5:colcon.colcon_core.verb:set package 'hik_camera_ros2_driver' build argument 'cmake_target' from command line to 'None'
[0.358s] Level 5:colcon.colcon_core.verb:set package 'hik_camera_ros2_driver' build argument 'cmake_target_skip_unavailable' from command line to 'False'
[0.358s] Level 5:colcon.colcon_core.verb:set package 'hik_camera_ros2_driver' build argument 'cmake_clean_cache' from command line to 'False'
[0.358s] Level 5:colcon.colcon_core.verb:set package 'hik_camera_ros2_driver' build argument 'cmake_clean_first' from command line to 'False'
[0.358s] Level 5:colcon.colcon_core.verb:set package 'hik_camera_ros2_driver' build argument 'cmake_force_configure' from command line to 'False'
[0.358s] Level 5:colcon.colcon_core.verb:set package 'hik_camera_ros2_driver' build argument 'ament_cmake_args' from command line to 'None'
[0.358s] Level 5:colcon.colcon_core.verb:set package 'hik_camera_ros2_driver' build argument 'catkin_cmake_args' from command line to 'None'
[0.358s] Level 5:colcon.colcon_core.verb:set package 'hik_camera_ros2_driver' build argument 'catkin_skip_building_tests' from command line to 'False'
[0.358s] DEBUG:colcon.colcon_core.verb:Building package 'hik_camera_ros2_driver' with the following arguments: {'ament_cmake_args': None, 'build_base': '/home/new-sentry/Desktop/boom_ws/build/hik_camera_ros2_driver', 'catkin_cmake_args': None, 'catkin_skip_building_tests': False, 'cmake_args': None, 'cmake_clean_cache': False, 'cmake_clean_first': False, 'cmake_force_configure': False, 'cmake_target': None, 'cmake_target_skip_unavailable': False, 'install_base': '/home/new-sentry/Desktop/boom_ws/install/hik_camera_ros2_driver', 'merge_install': False, 'path': '/home/new-sentry/Desktop/boom_ws/src/hik_camera_ros2_driver', 'symlink_install': False, 'test_result_base': None}
[0.358s] Level 5:colcon.colcon_core.verb:set package 'vision_interfaces' build argument 'cmake_args' from command line to 'None'
[0.358s] Level 5:colcon.colcon_core.verb:set package 'vision_interfaces' build argument 'cmake_target' from command line to 'None'
[0.358s] Level 5:colcon.colcon_core.verb:set package 'vision_interfaces' build argument 'cmake_target_skip_unavailable' from command line to 'False'
[0.358s] Level 5:colcon.colcon_core.verb:set package 'vision_interfaces' build argument 'cmake_clean_cache' from command line to 'False'
[0.358s] Level 5:colcon.colcon_core.verb:set package 'vision_interfaces' build argument 'cmake_clean_first' from command line to 'False'
[0.358s] Level 5:colcon.colcon_core.verb:set package 'vision_interfaces' build argument 'cmake_force_configure' from command line to 'False'
[0.358s] Level 5:colcon.colcon_core.verb:set package 'vision_interfaces' build argument 'ament_cmake_args' from command line to 'None'
[0.358s] Level 5:colcon.colcon_core.verb:set package 'vision_interfaces' build argument 'catkin_cmake_args' from command line to 'None'
[0.358s] Level 5:colcon.colcon_core.verb:set package 'vision_interfaces' build argument 'catkin_skip_building_tests' from command line to 'False'
[0.358s] DEBUG:colcon.colcon_core.verb:Building package 'vision_interfaces' with the following arguments: {'ament_cmake_args': None, 'build_base': '/home/new-sentry/Desktop/boom_ws/build/vision_interfaces', 'catkin_cmake_args': None, 'catkin_skip_building_tests': False, 'cmake_args': None, 'cmake_clean_cache': False, 'cmake_clean_first': False, 'cmake_force_configure': False, 'cmake_target': None, 'cmake_target_skip_unavailable': False, 'install_base': '/home/new-sentry/Desktop/boom_ws/install/vision_interfaces', 'merge_install': False, 'path': '/home/new-sentry/Desktop/boom_ws/src/vision_interfaces', 'symlink_install': False, 'test_result_base': None}
[0.358s] Level 5:colcon.colcon_core.verb:set package 'resolve' build argument 'cmake_args' from command line to 'None'
[0.358s] Level 5:colcon.colcon_core.verb:set package 'resolve' build argument 'cmake_target' from command line to 'None'
[0.358s] Level 5:colcon.colcon_core.verb:set package 'resolve' build argument 'cmake_target_skip_unavailable' from command line to 'False'
[0.359s] Level 5:colcon.colcon_core.verb:set package 'resolve' build argument 'cmake_clean_cache' from command line to 'False'
[0.359s] Level 5:colcon.colcon_core.verb:set package 'resolve' build argument 'cmake_clean_first' from command line to 'False'
[0.359s] Level 5:colcon.colcon_core.verb:set package 'resolve' build argument 'cmake_force_configure' from command line to 'False'
[0.359s] Level 5:colcon.colcon_core.verb:set package 'resolve' build argument 'ament_cmake_args' from command line to 'None'
[0.359s] Level 5:colcon.colcon_core.verb:set package 'resolve' build argument 'catkin_cmake_args' from command line to 'None'
[0.359s] Level 5:colcon.colcon_core.verb:set package 'resolve' build argument 'catkin_skip_building_tests' from command line to 'False'
[0.359s] DEBUG:colcon.colcon_core.verb:Building package 'resolve' with the following arguments: {'ament_cmake_args': None, 'build_base': '/home/new-sentry/Desktop/boom_ws/build/resolve', 'catkin_cmake_args': None, 'catkin_skip_building_tests': False, 'cmake_args': None, 'cmake_clean_cache': False, 'cmake_clean_first': False, 'cmake_force_configure': False, 'cmake_target': None, 'cmake_target_skip_unavailable': False, 'install_base': '/home/new-sentry/Desktop/boom_ws/install/resolve', 'merge_install': False, 'path': '/home/new-sentry/Desktop/boom_ws/src/resolving', 'symlink_install': False, 'test_result_base': None}
[0.359s] Level 5:colcon.colcon_core.verb:set package 'serial' build argument 'cmake_args' from command line to 'None'
[0.359s] Level 5:colcon.colcon_core.verb:set package 'serial' build argument 'cmake_target' from command line to 'None'
[0.359s] Level 5:colcon.colcon_core.verb:set package 'serial' build argument 'cmake_target_skip_unavailable' from command line to 'False'
[0.359s] Level 5:colcon.colcon_core.verb:set package 'serial' build argument 'cmake_clean_cache' from command line to 'False'
[0.359s] Level 5:colcon.colcon_core.verb:set package 'serial' build argument 'cmake_clean_first' from command line to 'False'
[0.359s] Level 5:colcon.colcon_core.verb:set package 'serial' build argument 'cmake_force_configure' from command line to 'False'
[0.359s] Level 5:colcon.colcon_core.verb:set package 'serial' build argument 'ament_cmake_args' from command line to 'None'
[0.359s] Level 5:colcon.colcon_core.verb:set package 'serial' build argument 'catkin_cmake_args' from command line to 'None'
[0.359s] Level 5:colcon.colcon_core.verb:set package 'serial' build argument 'catkin_skip_building_tests' from command line to 'False'
[0.359s] DEBUG:colcon.colcon_core.verb:Building package 'serial' with the following arguments: {'ament_cmake_args': None, 'build_base': '/home/new-sentry/Desktop/boom_ws/build/serial', 'catkin_cmake_args': None, 'catkin_skip_building_tests': False, 'cmake_args': None, 'cmake_clean_cache': False, 'cmake_clean_first': False, 'cmake_force_configure': False, 'cmake_target': None, 'cmake_target_skip_unavailable': False, 'install_base': '/home/new-sentry/Desktop/boom_ws/install/serial', 'merge_install': False, 'path': '/home/new-sentry/Desktop/boom_ws/src/serial', 'symlink_install': False, 'test_result_base': None}
[0.359s] INFO:colcon.colcon_core.executor:Executing jobs using 'parallel' executor
[0.361s] DEBUG:colcon.colcon_parallel_executor.executor.parallel:run_until_complete
[0.361s] INFO:colcon.colcon_ros.task.ament_cmake.build:Building ROS package in '/home/new-sentry/Desktop/boom_ws/src/vision_interfaces' with build type 'ament_cmake'
[0.361s] INFO:colcon.colcon_cmake.task.cmake.build:Building CMake package in '/home/new-sentry/Desktop/boom_ws/src/vision_interfaces'
[0.363s] INFO:colcon.colcon_core.plugin_system:Skipping extension 'colcon_core.shell.bat': Not used on non-Windows systems
[0.363s] INFO:colcon.colcon_core.shell:Skip shell extension 'powershell' for command environment: Not usable outside of PowerShell
[0.363s] DEBUG:colcon.colcon_core.shell:Skip shell extension 'dsv' for command environment
[0.368s] INFO:colcon.colcon_ros.task.ament_cmake.build:Building ROS package in '/home/new-sentry/Desktop/boom_ws/src/display' with build type 'ament_cmake'
[0.369s] INFO:colcon.colcon_cmake.task.cmake.build:Building CMake package in '/home/new-sentry/Desktop/boom_ws/src/display'
[0.369s] INFO:colcon.colcon_core.shell:Skip shell extension 'powershell' for command environment: Not usable outside of PowerShell
[0.369s] DEBUG:colcon.colcon_core.shell:Skip shell extension 'dsv' for command environment
[0.373s] INFO:colcon.colcon_ros.task.ament_cmake.build:Building ROS package in '/home/new-sentry/Desktop/boom_ws/src/hik_camera_ros2_driver' with build type 'ament_cmake'
[0.373s] INFO:colcon.colcon_cmake.task.cmake.build:Building CMake package in '/home/new-sentry/Desktop/boom_ws/src/hik_camera_ros2_driver'
[0.373s] INFO:colcon.colcon_core.shell:Skip shell extension 'powershell' for command environment: Not usable outside of PowerShell
[0.373s] DEBUG:colcon.colcon_core.shell:Skip shell extension 'dsv' for command environment
[0.384s] DEBUG:colcon.colcon_core.event_handler.log_command:Invoking command in '/home/new-sentry/Desktop/boom_ws/build/vision_interfaces': CMAKE_PREFIX_PATH=${CMAKE_PREFIX_PATH}:/opt/ros/humble /usr/local/bin/cmake --build /home/new-sentry/Desktop/boom_ws/build/vision_interfaces -- -j16 -l16
[0.388s] DEBUG:colcon.colcon_core.event_handler.log_command:Invoking command in '/home/new-sentry/Desktop/boom_ws/build/display': CMAKE_PREFIX_PATH=${CMAKE_PREFIX_PATH}:/opt/ros/humble /usr/local/bin/cmake --build /home/new-sentry/Desktop/boom_ws/build/display -- -j16 -l16
[0.396s] DEBUG:colcon.colcon_core.event_handler.log_command:Invoking command in '/home/new-sentry/Desktop/boom_ws/build/hik_camera_ros2_driver': CMAKE_PREFIX_PATH=${CMAKE_PREFIX_PATH}:/opt/ros/humble /usr/local/bin/cmake --build /home/new-sentry/Desktop/boom_ws/build/hik_camera_ros2_driver -- -j16 -l16
[0.457s] DEBUG:colcon.colcon_core.event_handler.log_command:Invoked command in '/home/new-sentry/Desktop/boom_ws/build/hik_camera_ros2_driver' returned '0': CMAKE_PREFIX_PATH=${CMAKE_PREFIX_PATH}:/opt/ros/humble /usr/local/bin/cmake --build /home/new-sentry/Desktop/boom_ws/build/hik_camera_ros2_driver -- -j16 -l16
[0.465s] DEBUG:colcon.colcon_core.event_handler.log_command:Invoking command in '/home/new-sentry/Desktop/boom_ws/build/hik_camera_ros2_driver': CMAKE_PREFIX_PATH=${CMAKE_PREFIX_PATH}:/opt/ros/humble /usr/local/bin/cmake --install /home/new-sentry/Desktop/boom_ws/build/hik_camera_ros2_driver
[0.466s] DEBUG:colcon.colcon_core.event_handler.log_command:Invoked command in '/home/new-sentry/Desktop/boom_ws/build/display' returned '0': CMAKE_PREFIX_PATH=${CMAKE_PREFIX_PATH}:/opt/ros/humble /usr/local/bin/cmake --build /home/new-sentry/Desktop/boom_ws/build/display -- -j16 -l16
[0.470s] DEBUG:colcon.colcon_core.event_handler.log_command:Invoking command in '/home/new-sentry/Desktop/boom_ws/build/display': CMAKE_PREFIX_PATH=${CMAKE_PREFIX_PATH}:/opt/ros/humble /usr/local/bin/cmake --install /home/new-sentry/Desktop/boom_ws/build/display
[0.481s] Level 1:colcon.colcon_core.environment:create_environment_scripts_only(hik_camera_ros2_driver)
[0.483s] DEBUG:colcon.colcon_core.event_handler.log_command:Invoked command in '/home/new-sentry/Desktop/boom_ws/build/hik_camera_ros2_driver' returned '0': CMAKE_PREFIX_PATH=${CMAKE_PREFIX_PATH}:/opt/ros/humble /usr/local/bin/cmake --install /home/new-sentry/Desktop/boom_ws/build/hik_camera_ros2_driver
[0.488s] Level 1:colcon.colcon_core.environment:checking '/home/new-sentry/Desktop/boom_ws/install/hik_camera_ros2_driver' for CMake module files
[0.488s] Level 1:colcon.colcon_core.environment:checking '/home/new-sentry/Desktop/boom_ws/install/hik_camera_ros2_driver' for CMake config files
[0.488s] Level 1:colcon.colcon_core.shell:create_environment_hook('hik_camera_ros2_driver', 'cmake_prefix_path')
[0.489s] INFO:colcon.colcon_core.shell:Creating environment hook '/home/new-sentry/Desktop/boom_ws/install/hik_camera_ros2_driver/share/hik_camera_ros2_driver/hook/cmake_prefix_path.ps1'
[0.490s] INFO:colcon.colcon_core.shell:Creating environment descriptor '/home/new-sentry/Desktop/boom_ws/install/hik_camera_ros2_driver/share/hik_camera_ros2_driver/hook/cmake_prefix_path.dsv'
[0.490s] INFO:colcon.colcon_core.shell:Creating environment hook '/home/new-sentry/Desktop/boom_ws/install/hik_camera_ros2_driver/share/hik_camera_ros2_driver/hook/cmake_prefix_path.sh'
[0.491s] Level 1:colcon.colcon_core.environment:checking '/home/new-sentry/Desktop/boom_ws/install/hik_camera_ros2_driver/lib'
[0.491s] Level 1:colcon.colcon_core.shell:create_environment_hook('hik_camera_ros2_driver', 'ld_library_path_lib')
[0.491s] INFO:colcon.colcon_core.shell:Creating environment hook '/home/new-sentry/Desktop/boom_ws/install/hik_camera_ros2_driver/share/hik_camera_ros2_driver/hook/ld_library_path_lib.ps1'
[0.492s] INFO:colcon.colcon_core.shell:Creating environment descriptor '/home/new-sentry/Desktop/boom_ws/install/hik_camera_ros2_driver/share/hik_camera_ros2_driver/hook/ld_library_path_lib.dsv'
[0.492s] INFO:colcon.colcon_core.shell:Creating environment hook '/home/new-sentry/Desktop/boom_ws/install/hik_camera_ros2_driver/share/hik_camera_ros2_driver/hook/ld_library_path_lib.sh'
[0.493s] Level 1:colcon.colcon_core.environment:checking '/home/new-sentry/Desktop/boom_ws/install/hik_camera_ros2_driver/bin'
[0.493s] Level 1:colcon.colcon_core.environment:checking '/home/new-sentry/Desktop/boom_ws/install/hik_camera_ros2_driver/lib/pkgconfig/hik_camera_ros2_driver.pc'
[0.494s] Level 1:colcon.colcon_core.environment:checking '/home/new-sentry/Desktop/boom_ws/install/hik_camera_ros2_driver/lib/python3.10/site-packages'
[0.494s] Level 1:colcon.colcon_core.environment:checking '/home/new-sentry/Desktop/boom_ws/install/hik_camera_ros2_driver/bin'
[0.494s] INFO:colcon.colcon_core.shell:Creating package script '/home/new-sentry/Desktop/boom_ws/install/hik_camera_ros2_driver/share/hik_camera_ros2_driver/package.ps1'
[0.495s] INFO:colcon.colcon_core.shell:Creating package descriptor '/home/new-sentry/Desktop/boom_ws/install/hik_camera_ros2_driver/share/hik_camera_ros2_driver/package.dsv'
[0.496s] INFO:colcon.colcon_core.shell:Creating package script '/home/new-sentry/Desktop/boom_ws/install/hik_camera_ros2_driver/share/hik_camera_ros2_driver/package.sh'
[0.497s] INFO:colcon.colcon_core.shell:Creating package script '/home/new-sentry/Desktop/boom_ws/install/hik_camera_ros2_driver/share/hik_camera_ros2_driver/package.bash'
[0.497s] INFO:colcon.colcon_core.shell:Creating package script '/home/new-sentry/Desktop/boom_ws/install/hik_camera_ros2_driver/share/hik_camera_ros2_driver/package.zsh'
[0.497s] Level 1:colcon.colcon_core.environment:create_file_with_runtime_dependencies(/home/new-sentry/Desktop/boom_ws/install/hik_camera_ros2_driver/share/colcon-core/packages/hik_camera_ros2_driver)
[0.498s] Level 1:colcon.colcon_core.environment:create_environment_scripts_only(hik_camera_ros2_driver)
[0.499s] Level 1:colcon.colcon_core.environment:checking '/home/new-sentry/Desktop/boom_ws/install/hik_camera_ros2_driver' for CMake module files
[0.499s] Level 1:colcon.colcon_core.environment:checking '/home/new-sentry/Desktop/boom_ws/install/hik_camera_ros2_driver' for CMake config files
[0.499s] Level 1:colcon.colcon_core.shell:create_environment_hook('hik_camera_ros2_driver', 'cmake_prefix_path')
[0.500s] INFO:colcon.colcon_core.shell:Creating environment hook '/home/new-sentry/Desktop/boom_ws/install/hik_camera_ros2_driver/share/hik_camera_ros2_driver/hook/cmake_prefix_path.ps1'
[0.500s] INFO:colcon.colcon_core.shell:Creating environment descriptor '/home/new-sentry/Desktop/boom_ws/install/hik_camera_ros2_driver/share/hik_camera_ros2_driver/hook/cmake_prefix_path.dsv'
[0.501s] INFO:colcon.colcon_core.shell:Creating environment hook '/home/new-sentry/Desktop/boom_ws/install/hik_camera_ros2_driver/share/hik_camera_ros2_driver/hook/cmake_prefix_path.sh'
[0.503s] Level 1:colcon.colcon_core.environment:checking '/home/new-sentry/Desktop/boom_ws/install/hik_camera_ros2_driver/lib'
[0.503s] Level 1:colcon.colcon_core.shell:create_environment_hook('hik_camera_ros2_driver', 'ld_library_path_lib')
[0.503s] INFO:colcon.colcon_core.shell:Creating environment hook '/home/new-sentry/Desktop/boom_ws/install/hik_camera_ros2_driver/share/hik_camera_ros2_driver/hook/ld_library_path_lib.ps1'
[0.504s] INFO:colcon.colcon_core.shell:Creating environment descriptor '/home/new-sentry/Desktop/boom_ws/install/hik_camera_ros2_driver/share/hik_camera_ros2_driver/hook/ld_library_path_lib.dsv'
[0.505s] INFO:colcon.colcon_core.shell:Creating environment hook '/home/new-sentry/Desktop/boom_ws/install/hik_camera_ros2_driver/share/hik_camera_ros2_driver/hook/ld_library_path_lib.sh'
[0.505s] Level 1:colcon.colcon_core.environment:checking '/home/new-sentry/Desktop/boom_ws/install/hik_camera_ros2_driver/bin'
[0.505s] Level 1:colcon.colcon_core.environment:checking '/home/new-sentry/Desktop/boom_ws/install/hik_camera_ros2_driver/lib/pkgconfig/hik_camera_ros2_driver.pc'
[0.506s] Level 1:colcon.colcon_core.environment:checking '/home/new-sentry/Desktop/boom_ws/install/hik_camera_ros2_driver/lib/python3.10/site-packages'
[0.506s] Level 1:colcon.colcon_core.environment:checking '/home/new-sentry/Desktop/boom_ws/install/hik_camera_ros2_driver/bin'
[0.507s] INFO:colcon.colcon_core.shell:Creating package script '/home/new-sentry/Desktop/boom_ws/install/hik_camera_ros2_driver/share/hik_camera_ros2_driver/package.ps1'
[0.507s] INFO:colcon.colcon_core.shell:Creating package descriptor '/home/new-sentry/Desktop/boom_ws/install/hik_camera_ros2_driver/share/hik_camera_ros2_driver/package.dsv'
[0.508s] INFO:colcon.colcon_core.shell:Creating package script '/home/new-sentry/Desktop/boom_ws/install/hik_camera_ros2_driver/share/hik_camera_ros2_driver/package.sh'
[0.508s] INFO:colcon.colcon_core.shell:Creating package script '/home/new-sentry/Desktop/boom_ws/install/hik_camera_ros2_driver/share/hik_camera_ros2_driver/package.bash'
[0.509s] INFO:colcon.colcon_core.shell:Creating package script '/home/new-sentry/Desktop/boom_ws/install/hik_camera_ros2_driver/share/hik_camera_ros2_driver/package.zsh'
[0.510s] Level 1:colcon.colcon_core.environment:create_file_with_runtime_dependencies(/home/new-sentry/Desktop/boom_ws/install/hik_camera_ros2_driver/share/colcon-core/packages/hik_camera_ros2_driver)
[0.511s] Level 1:colcon.colcon_core.environment:create_environment_scripts_only(display)
[0.512s] Level 1:colcon.colcon_core.environment:checking '/home/new-sentry/Desktop/boom_ws/install/display' for CMake module files
[0.514s] DEBUG:colcon.colcon_core.event_handler.log_command:Invoked command in '/home/new-sentry/Desktop/boom_ws/build/display' returned '0': CMAKE_PREFIX_PATH=${CMAKE_PREFIX_PATH}:/opt/ros/humble /usr/local/bin/cmake --install /home/new-sentry/Desktop/boom_ws/build/display
[0.514s] Level 1:colcon.colcon_core.environment:checking '/home/new-sentry/Desktop/boom_ws/install/display' for CMake config files
[0.515s] Level 1:colcon.colcon_core.shell:create_environment_hook('display', 'cmake_prefix_path')
[0.515s] INFO:colcon.colcon_core.shell:Creating environment hook '/home/new-sentry/Desktop/boom_ws/install/display/share/display/hook/cmake_prefix_path.ps1'
[0.516s] INFO:colcon.colcon_core.shell:Creating environment descriptor '/home/new-sentry/Desktop/boom_ws/install/display/share/display/hook/cmake_prefix_path.dsv'
[0.517s] INFO:colcon.colcon_core.shell:Creating environment hook '/home/new-sentry/Desktop/boom_ws/install/display/share/display/hook/cmake_prefix_path.sh'
[0.518s] Level 1:colcon.colcon_core.environment:checking '/home/new-sentry/Desktop/boom_ws/install/display/lib'
[0.518s] Level 1:colcon.colcon_core.environment:checking '/home/new-sentry/Desktop/boom_ws/install/display/bin'
[0.518s] Level 1:colcon.colcon_core.environment:checking '/home/new-sentry/Desktop/boom_ws/install/display/lib/pkgconfig/display.pc'
[0.518s] Level 1:colcon.colcon_core.environment:checking '/home/new-sentry/Desktop/boom_ws/install/display/lib/python3.10/site-packages'
[0.519s] Level 1:colcon.colcon_core.environment:checking '/home/new-sentry/Desktop/boom_ws/install/display/bin'
[0.519s] INFO:colcon.colcon_core.shell:Creating package script '/home/new-sentry/Desktop/boom_ws/install/display/share/display/package.ps1'
[0.519s] INFO:colcon.colcon_core.shell:Creating package descriptor '/home/new-sentry/Desktop/boom_ws/install/display/share/display/package.dsv'
[0.520s] INFO:colcon.colcon_core.shell:Creating package script '/home/new-sentry/Desktop/boom_ws/install/display/share/display/package.sh'
[0.520s] INFO:colcon.colcon_core.shell:Creating package script '/home/new-sentry/Desktop/boom_ws/install/display/share/display/package.bash'
[0.521s] INFO:colcon.colcon_core.shell:Creating package script '/home/new-sentry/Desktop/boom_ws/install/display/share/display/package.zsh'
[0.521s] Level 1:colcon.colcon_core.environment:create_file_with_runtime_dependencies(/home/new-sentry/Desktop/boom_ws/install/display/share/colcon-core/packages/display)
[0.522s] Level 1:colcon.colcon_core.environment:create_environment_scripts_only(display)
[0.522s] Level 1:colcon.colcon_core.environment:checking '/home/new-sentry/Desktop/boom_ws/install/display' for CMake module files
[0.522s] Level 1:colcon.colcon_core.environment:checking '/home/new-sentry/Desktop/boom_ws/install/display' for CMake config files
[0.522s] Level 1:colcon.colcon_core.shell:create_environment_hook('display', 'cmake_prefix_path')
[0.523s] INFO:colcon.colcon_core.shell:Creating environment hook '/home/new-sentry/Desktop/boom_ws/install/display/share/display/hook/cmake_prefix_path.ps1'
[0.523s] INFO:colcon.colcon_core.shell:Creating environment descriptor '/home/new-sentry/Desktop/boom_ws/install/display/share/display/hook/cmake_prefix_path.dsv'
[0.523s] INFO:colcon.colcon_core.shell:Creating environment hook '/home/new-sentry/Desktop/boom_ws/install/display/share/display/hook/cmake_prefix_path.sh'
[0.524s] Level 1:colcon.colcon_core.environment:checking '/home/new-sentry/Desktop/boom_ws/install/display/lib'
[0.524s] Level 1:colcon.colcon_core.environment:checking '/home/new-sentry/Desktop/boom_ws/install/display/bin'
[0.524s] Level 1:colcon.colcon_core.environment:checking '/home/new-sentry/Desktop/boom_ws/install/display/lib/pkgconfig/display.pc'
[0.524s] Level 1:colcon.colcon_core.environment:checking '/home/new-sentry/Desktop/boom_ws/install/display/lib/python3.10/site-packages'
[0.524s] Level 1:colcon.colcon_core.environment:checking '/home/new-sentry/Desktop/boom_ws/install/display/bin'
[0.525s] INFO:colcon.colcon_core.shell:Creating package script '/home/new-sentry/Desktop/boom_ws/install/display/share/display/package.ps1'
[0.525s] INFO:colcon.colcon_core.shell:Creating package descriptor '/home/new-sentry/Desktop/boom_ws/install/display/share/display/package.dsv'
[0.525s] INFO:colcon.colcon_core.shell:Creating package script '/home/new-sentry/Desktop/boom_ws/install/display/share/display/package.sh'
[0.526s] INFO:colcon.colcon_core.shell:Creating package script '/home/new-sentry/Desktop/boom_ws/install/display/share/display/package.bash'
[0.526s] INFO:colcon.colcon_core.shell:Creating package script '/home/new-sentry/Desktop/boom_ws/install/display/share/display/package.zsh'
[0.526s] Level 1:colcon.colcon_core.environment:create_file_with_runtime_dependencies(/home/new-sentry/Desktop/boom_ws/install/display/share/colcon-core/packages/display)
[0.779s] DEBUG:colcon.colcon_core.event_handler.log_command:Invoked command in '/home/new-sentry/Desktop/boom_ws/build/vision_interfaces' returned '0': CMAKE_PREFIX_PATH=${CMAKE_PREFIX_PATH}:/opt/ros/humble /usr/local/bin/cmake --build /home/new-sentry/Desktop/boom_ws/build/vision_interfaces -- -j16 -l16
[0.783s] DEBUG:colcon.colcon_core.event_handler.log_command:Invoking command in '/home/new-sentry/Desktop/boom_ws/build/vision_interfaces': CMAKE_PREFIX_PATH=${CMAKE_PREFIX_PATH}:/opt/ros/humble /usr/local/bin/cmake --install /home/new-sentry/Desktop/boom_ws/build/vision_interfaces
[0.851s] Level 1:colcon.colcon_core.environment:create_environment_scripts_only(vision_interfaces)
[0.852s] Level 1:colcon.colcon_core.environment:checking '/home/new-sentry/Desktop/boom_ws/install/vision_interfaces' for CMake module files
[0.853s] DEBUG:colcon.colcon_core.event_handler.log_command:Invoked command in '/home/new-sentry/Desktop/boom_ws/build/vision_interfaces' returned '0': CMAKE_PREFIX_PATH=${CMAKE_PREFIX_PATH}:/opt/ros/humble /usr/local/bin/cmake --install /home/new-sentry/Desktop/boom_ws/build/vision_interfaces
[0.853s] Level 1:colcon.colcon_core.environment:checking '/home/new-sentry/Desktop/boom_ws/install/vision_interfaces' for CMake config files
[0.854s] Level 1:colcon.colcon_core.shell:create_environment_hook('vision_interfaces', 'cmake_prefix_path')
[0.854s] INFO:colcon.colcon_core.shell:Creating environment hook '/home/new-sentry/Desktop/boom_ws/install/vision_interfaces/share/vision_interfaces/hook/cmake_prefix_path.ps1'
[0.854s] INFO:colcon.colcon_core.shell:Creating environment descriptor '/home/new-sentry/Desktop/boom_ws/install/vision_interfaces/share/vision_interfaces/hook/cmake_prefix_path.dsv'
[0.854s] INFO:colcon.colcon_core.shell:Creating environment hook '/home/new-sentry/Desktop/boom_ws/install/vision_interfaces/share/vision_interfaces/hook/cmake_prefix_path.sh'
[0.855s] Level 1:colcon.colcon_core.environment:checking '/home/new-sentry/Desktop/boom_ws/install/vision_interfaces/lib'
[0.855s] Level 1:colcon.colcon_core.shell:create_environment_hook('vision_interfaces', 'ld_library_path_lib')
[0.855s] INFO:colcon.colcon_core.shell:Creating environment hook '/home/new-sentry/Desktop/boom_ws/install/vision_interfaces/share/vision_interfaces/hook/ld_library_path_lib.ps1'
[0.856s] INFO:colcon.colcon_core.shell:Creating environment descriptor '/home/new-sentry/Desktop/boom_ws/install/vision_interfaces/share/vision_interfaces/hook/ld_library_path_lib.dsv'
[0.856s] INFO:colcon.colcon_core.shell:Creating environment hook '/home/new-sentry/Desktop/boom_ws/install/vision_interfaces/share/vision_interfaces/hook/ld_library_path_lib.sh'
[0.856s] Level 1:colcon.colcon_core.environment:checking '/home/new-sentry/Desktop/boom_ws/install/vision_interfaces/bin'
[0.856s] Level 1:colcon.colcon_core.environment:checking '/home/new-sentry/Desktop/boom_ws/install/vision_interfaces/lib/pkgconfig/vision_interfaces.pc'
[0.856s] Level 1:colcon.colcon_core.environment:checking '/home/new-sentry/Desktop/boom_ws/install/vision_interfaces/lib/python3.10/site-packages'
[0.856s] Level 1:colcon.colcon_core.environment:checking '/home/new-sentry/Desktop/boom_ws/install/vision_interfaces/bin'
[0.857s] INFO:colcon.colcon_core.shell:Creating package script '/home/new-sentry/Desktop/boom_ws/install/vision_interfaces/share/vision_interfaces/package.ps1'
[0.857s] INFO:colcon.colcon_core.shell:Creating package descriptor '/home/new-sentry/Desktop/boom_ws/install/vision_interfaces/share/vision_interfaces/package.dsv'
[0.857s] INFO:colcon.colcon_core.shell:Creating package script '/home/new-sentry/Desktop/boom_ws/install/vision_interfaces/share/vision_interfaces/package.sh'
[0.858s] INFO:colcon.colcon_core.shell:Creating package script '/home/new-sentry/Desktop/boom_ws/install/vision_interfaces/share/vision_interfaces/package.bash'
[0.858s] INFO:colcon.colcon_core.shell:Creating package script '/home/new-sentry/Desktop/boom_ws/install/vision_interfaces/share/vision_interfaces/package.zsh'
[0.858s] Level 1:colcon.colcon_core.environment:create_file_with_runtime_dependencies(/home/new-sentry/Desktop/boom_ws/install/vision_interfaces/share/colcon-core/packages/vision_interfaces)
[0.859s] Level 1:colcon.colcon_core.environment:create_environment_scripts_only(vision_interfaces)
[0.859s] Level 1:colcon.colcon_core.environment:checking '/home/new-sentry/Desktop/boom_ws/install/vision_interfaces' for CMake module files
[0.859s] Level 1:colcon.colcon_core.environment:checking '/home/new-sentry/Desktop/boom_ws/install/vision_interfaces' for CMake config files
[0.859s] Level 1:colcon.colcon_core.shell:create_environment_hook('vision_interfaces', 'cmake_prefix_path')
[0.860s] INFO:colcon.colcon_core.shell:Creating environment hook '/home/new-sentry/Desktop/boom_ws/install/vision_interfaces/share/vision_interfaces/hook/cmake_prefix_path.ps1'
[0.860s] INFO:colcon.colcon_core.shell:Creating environment descriptor '/home/new-sentry/Desktop/boom_ws/install/vision_interfaces/share/vision_interfaces/hook/cmake_prefix_path.dsv'
[0.860s] INFO:colcon.colcon_core.shell:Creating environment hook '/home/new-sentry/Desktop/boom_ws/install/vision_interfaces/share/vision_interfaces/hook/cmake_prefix_path.sh'
[0.860s] Level 1:colcon.colcon_core.environment:checking '/home/new-sentry/Desktop/boom_ws/install/vision_interfaces/lib'
[0.860s] Level 1:colcon.colcon_core.shell:create_environment_hook('vision_interfaces', 'ld_library_path_lib')
[0.861s] INFO:colcon.colcon_core.shell:Creating environment hook '/home/new-sentry/Desktop/boom_ws/install/vision_interfaces/share/vision_interfaces/hook/ld_library_path_lib.ps1'
[0.862s] INFO:colcon.colcon_core.shell:Creating environment descriptor '/home/new-sentry/Desktop/boom_ws/install/vision_interfaces/share/vision_interfaces/hook/ld_library_path_lib.dsv'
[0.862s] INFO:colcon.colcon_core.shell:Creating environment hook '/home/new-sentry/Desktop/boom_ws/install/vision_interfaces/share/vision_interfaces/hook/ld_library_path_lib.sh'
[0.863s] Level 1:colcon.colcon_core.environment:checking '/home/new-sentry/Desktop/boom_ws/install/vision_interfaces/bin'
[0.863s] Level 1:colcon.colcon_core.environment:checking '/home/new-sentry/Desktop/boom_ws/install/vision_interfaces/lib/pkgconfig/vision_interfaces.pc'
[0.863s] Level 1:colcon.colcon_core.environment:checking '/home/new-sentry/Desktop/boom_ws/install/vision_interfaces/lib/python3.10/site-packages'
[0.863s] Level 1:colcon.colcon_core.environment:checking '/home/new-sentry/Desktop/boom_ws/install/vision_interfaces/bin'
[0.863s] INFO:colcon.colcon_core.shell:Creating package script '/home/new-sentry/Desktop/boom_ws/install/vision_interfaces/share/vision_interfaces/package.ps1'
[0.864s] INFO:colcon.colcon_core.shell:Creating package descriptor '/home/new-sentry/Desktop/boom_ws/install/vision_interfaces/share/vision_interfaces/package.dsv'
[0.865s] INFO:colcon.colcon_core.shell:Creating package script '/home/new-sentry/Desktop/boom_ws/install/vision_interfaces/share/vision_interfaces/package.sh'
[0.865s] INFO:colcon.colcon_core.shell:Creating package script '/home/new-sentry/Desktop/boom_ws/install/vision_interfaces/share/vision_interfaces/package.bash'
[0.866s] INFO:colcon.colcon_core.shell:Creating package script '/home/new-sentry/Desktop/boom_ws/install/vision_interfaces/share/vision_interfaces/package.zsh'
[0.866s] Level 1:colcon.colcon_core.environment:create_file_with_runtime_dependencies(/home/new-sentry/Desktop/boom_ws/install/vision_interfaces/share/colcon-core/packages/vision_interfaces)
[0.867s] INFO:colcon.colcon_ros.task.ament_cmake.build:Building ROS package in '/home/new-sentry/Desktop/boom_ws/src/resolving' with build type 'ament_cmake'
[0.868s] INFO:colcon.colcon_cmake.task.cmake.build:Building CMake package in '/home/new-sentry/Desktop/boom_ws/src/resolving'
[0.868s] INFO:colcon.colcon_core.shell:Skip shell extension 'powershell' for command environment: Not usable outside of PowerShell
[0.869s] DEBUG:colcon.colcon_core.shell:Skip shell extension 'dsv' for command environment
[0.873s] INFO:colcon.colcon_ros.task.ament_cmake.build:Building ROS package in '/home/new-sentry/Desktop/boom_ws/src/serial' with build type 'ament_cmake'
[0.873s] INFO:colcon.colcon_cmake.task.cmake.build:Building CMake package in '/home/new-sentry/Desktop/boom_ws/src/serial'
[0.873s] INFO:colcon.colcon_core.shell:Skip shell extension 'powershell' for command environment: Not usable outside of PowerShell
[0.874s] DEBUG:colcon.colcon_core.shell:Skip shell extension 'dsv' for command environment
[0.885s] DEBUG:colcon.colcon_core.event_handler.log_command:Invoking command in '/home/new-sentry/Desktop/boom_ws/build/resolve': CMAKE_PREFIX_PATH=/home/new-sentry/Desktop/boom_ws/install/vision_interfaces:/home/new-sentry/Desktop/boom_ws/install/serial:/home/new-sentry/Desktop/boom_ws/install/resolve:/home/new-sentry/Desktop/boom_ws/install/hik_camera_ros2_driver:/home/new-sentry/Desktop/boom_ws/install/display:/opt/ros/humble LD_LIBRARY_PATH=/home/new-sentry/Desktop/boom_ws/install/vision_interfaces/lib:/home/new-sentry/Desktop/boom_ws/install/hik_camera_ros2_driver/lib:/opt/MVS/lib/64:/opt/MVS/lib/32:/opt/ros/humble/opt/rviz_ogre_vendor/lib:/opt/ros/humble/lib/x86_64-linux-gnu:/opt/ros/humble/lib:/opt/MVS/lib/64:/opt/MVS/lib/32:/opt/MVS/lib/64:/opt/MVS/lib/32:/opt/MVS/lib/64:/opt/MVS/lib/32:/opt/MVS/lib/64:/opt/MVS/lib/32 /usr/local/bin/cmake --build /home/new-sentry/Desktop/boom_ws/build/resolve -- -j16 -l16
[0.891s] DEBUG:colcon.colcon_core.event_handler.log_command:Invoking command in '/home/new-sentry/Desktop/boom_ws/build/serial': CMAKE_PREFIX_PATH=/home/new-sentry/Desktop/boom_ws/install/vision_interfaces:/home/new-sentry/Desktop/boom_ws/install/serial:/home/new-sentry/Desktop/boom_ws/install/resolve:/home/new-sentry/Desktop/boom_ws/install/hik_camera_ros2_driver:/home/new-sentry/Desktop/boom_ws/install/display:/opt/ros/humble LD_LIBRARY_PATH=/home/new-sentry/Desktop/boom_ws/install/vision_interfaces/lib:/home/new-sentry/Desktop/boom_ws/install/hik_camera_ros2_driver/lib:/opt/MVS/lib/64:/opt/MVS/lib/32:/opt/ros/humble/opt/rviz_ogre_vendor/lib:/opt/ros/humble/lib/x86_64-linux-gnu:/opt/ros/humble/lib:/opt/MVS/lib/64:/opt/MVS/lib/32:/opt/MVS/lib/64:/opt/MVS/lib/32:/opt/MVS/lib/64:/opt/MVS/lib/32:/opt/MVS/lib/64:/opt/MVS/lib/32 /usr/local/bin/cmake --build /home/new-sentry/Desktop/boom_ws/build/serial -- -j16 -l16
[0.962s] DEBUG:colcon.colcon_core.event_handler.log_command:Invoked command in '/home/new-sentry/Desktop/boom_ws/build/serial' returned '0': CMAKE_PREFIX_PATH=/home/new-sentry/Desktop/boom_ws/install/vision_interfaces:/home/new-sentry/Desktop/boom_ws/install/serial:/home/new-sentry/Desktop/boom_ws/install/resolve:/home/new-sentry/Desktop/boom_ws/install/hik_camera_ros2_driver:/home/new-sentry/Desktop/boom_ws/install/display:/opt/ros/humble LD_LIBRARY_PATH=/home/new-sentry/Desktop/boom_ws/install/vision_interfaces/lib:/home/new-sentry/Desktop/boom_ws/install/hik_camera_ros2_driver/lib:/opt/MVS/lib/64:/opt/MVS/lib/32:/opt/ros/humble/opt/rviz_ogre_vendor/lib:/opt/ros/humble/lib/x86_64-linux-gnu:/opt/ros/humble/lib:/opt/MVS/lib/64:/opt/MVS/lib/32:/opt/MVS/lib/64:/opt/MVS/lib/32:/opt/MVS/lib/64:/opt/MVS/lib/32:/opt/MVS/lib/64:/opt/MVS/lib/32 /usr/local/bin/cmake --build /home/new-sentry/Desktop/boom_ws/build/serial -- -j16 -l16
[0.965s] DEBUG:colcon.colcon_core.event_handler.log_command:Invoking command in '/home/new-sentry/Desktop/boom_ws/build/serial': CMAKE_PREFIX_PATH=/home/new-sentry/Desktop/boom_ws/install/vision_interfaces:/home/new-sentry/Desktop/boom_ws/install/serial:/home/new-sentry/Desktop/boom_ws/install/resolve:/home/new-sentry/Desktop/boom_ws/install/hik_camera_ros2_driver:/home/new-sentry/Desktop/boom_ws/install/display:/opt/ros/humble LD_LIBRARY_PATH=/home/new-sentry/Desktop/boom_ws/install/vision_interfaces/lib:/home/new-sentry/Desktop/boom_ws/install/hik_camera_ros2_driver/lib:/opt/MVS/lib/64:/opt/MVS/lib/32:/opt/ros/humble/opt/rviz_ogre_vendor/lib:/opt/ros/humble/lib/x86_64-linux-gnu:/opt/ros/humble/lib:/opt/MVS/lib/64:/opt/MVS/lib/32:/opt/MVS/lib/64:/opt/MVS/lib/32:/opt/MVS/lib/64:/opt/MVS/lib/32:/opt/MVS/lib/64:/opt/MVS/lib/32 /usr/local/bin/cmake --install /home/new-sentry/Desktop/boom_ws/build/serial
[0.969s] DEBUG:colcon.colcon_core.event_handler.log_command:Invoked command in '/home/new-sentry/Desktop/boom_ws/build/resolve' returned '0': CMAKE_PREFIX_PATH=/home/new-sentry/Desktop/boom_ws/install/vision_interfaces:/home/new-sentry/Desktop/boom_ws/install/serial:/home/new-sentry/Desktop/boom_ws/install/resolve:/home/new-sentry/Desktop/boom_ws/install/hik_camera_ros2_driver:/home/new-sentry/Desktop/boom_ws/install/display:/opt/ros/humble LD_LIBRARY_PATH=/home/new-sentry/Desktop/boom_ws/install/vision_interfaces/lib:/home/new-sentry/Desktop/boom_ws/install/hik_camera_ros2_driver/lib:/opt/MVS/lib/64:/opt/MVS/lib/32:/opt/ros/humble/opt/rviz_ogre_vendor/lib:/opt/ros/humble/lib/x86_64-linux-gnu:/opt/ros/humble/lib:/opt/MVS/lib/64:/opt/MVS/lib/32:/opt/MVS/lib/64:/opt/MVS/lib/32:/opt/MVS/lib/64:/opt/MVS/lib/32:/opt/MVS/lib/64:/opt/MVS/lib/32 /usr/local/bin/cmake --build /home/new-sentry/Desktop/boom_ws/build/resolve -- -j16 -l16
[0.976s] DEBUG:colcon.colcon_core.event_handler.log_command:Invoking command in '/home/new-sentry/Desktop/boom_ws/build/resolve': CMAKE_PREFIX_PATH=/home/new-sentry/Desktop/boom_ws/install/vision_interfaces:/home/new-sentry/Desktop/boom_ws/install/serial:/home/new-sentry/Desktop/boom_ws/install/resolve:/home/new-sentry/Desktop/boom_ws/install/hik_camera_ros2_driver:/home/new-sentry/Desktop/boom_ws/install/display:/opt/ros/humble LD_LIBRARY_PATH=/home/new-sentry/Desktop/boom_ws/install/vision_interfaces/lib:/home/new-sentry/Desktop/boom_ws/install/hik_camera_ros2_driver/lib:/opt/MVS/lib/64:/opt/MVS/lib/32:/opt/ros/humble/opt/rviz_ogre_vendor/lib:/opt/ros/humble/lib/x86_64-linux-gnu:/opt/ros/humble/lib:/opt/MVS/lib/64:/opt/MVS/lib/32:/opt/MVS/lib/64:/opt/MVS/lib/32:/opt/MVS/lib/64:/opt/MVS/lib/32:/opt/MVS/lib/64:/opt/MVS/lib/32 /usr/local/bin/cmake --install /home/new-sentry/Desktop/boom_ws/build/resolve
[0.979s] Level 1:colcon.colcon_core.environment:create_environment_scripts_only(serial)
[0.980s] Level 1:colcon.colcon_core.environment:checking '/home/new-sentry/Desktop/boom_ws/install/serial' for CMake module files
[0.981s] DEBUG:colcon.colcon_core.event_handler.log_command:Invoked command in '/home/new-sentry/Desktop/boom_ws/build/serial' returned '0': CMAKE_PREFIX_PATH=/home/new-sentry/Desktop/boom_ws/install/vision_interfaces:/home/new-sentry/Desktop/boom_ws/install/serial:/home/new-sentry/Desktop/boom_ws/install/resolve:/home/new-sentry/Desktop/boom_ws/install/hik_camera_ros2_driver:/home/new-sentry/Desktop/boom_ws/install/display:/opt/ros/humble LD_LIBRARY_PATH=/home/new-sentry/Desktop/boom_ws/install/vision_interfaces/lib:/home/new-sentry/Desktop/boom_ws/install/hik_camera_ros2_driver/lib:/opt/MVS/lib/64:/opt/MVS/lib/32:/opt/ros/humble/opt/rviz_ogre_vendor/lib:/opt/ros/humble/lib/x86_64-linux-gnu:/opt/ros/humble/lib:/opt/MVS/lib/64:/opt/MVS/lib/32:/opt/MVS/lib/64:/opt/MVS/lib/32:/opt/MVS/lib/64:/opt/MVS/lib/32:/opt/MVS/lib/64:/opt/MVS/lib/32 /usr/local/bin/cmake --install /home/new-sentry/Desktop/boom_ws/build/serial
[0.982s] Level 1:colcon.colcon_core.environment:checking '/home/new-sentry/Desktop/boom_ws/install/serial' for CMake config files
[0.983s] Level 1:colcon.colcon_core.shell:create_environment_hook('serial', 'cmake_prefix_path')
[0.984s] INFO:colcon.colcon_core.shell:Creating environment hook '/home/new-sentry/Desktop/boom_ws/install/serial/share/serial/hook/cmake_prefix_path.ps1'
[0.987s] INFO:colcon.colcon_core.shell:Creating environment descriptor '/home/new-sentry/Desktop/boom_ws/install/serial/share/serial/hook/cmake_prefix_path.dsv'
[0.988s] INFO:colcon.colcon_core.shell:Creating environment hook '/home/new-sentry/Desktop/boom_ws/install/serial/share/serial/hook/cmake_prefix_path.sh'
[0.988s] Level 1:colcon.colcon_core.environment:checking '/home/new-sentry/Desktop/boom_ws/install/serial/lib'
[0.988s] Level 1:colcon.colcon_core.environment:checking '/home/new-sentry/Desktop/boom_ws/install/serial/bin'
[0.988s] Level 1:colcon.colcon_core.environment:checking '/home/new-sentry/Desktop/boom_ws/install/serial/lib/pkgconfig/serial.pc'
[0.988s] Level 1:colcon.colcon_core.environment:checking '/home/new-sentry/Desktop/boom_ws/install/serial/lib/python3.10/site-packages'
[0.989s] Level 1:colcon.colcon_core.environment:checking '/home/new-sentry/Desktop/boom_ws/install/serial/bin'
[0.989s] INFO:colcon.colcon_core.shell:Creating package script '/home/new-sentry/Desktop/boom_ws/install/serial/share/serial/package.ps1'
[0.989s] INFO:colcon.colcon_core.shell:Creating package descriptor '/home/new-sentry/Desktop/boom_ws/install/serial/share/serial/package.dsv'
[0.990s] INFO:colcon.colcon_core.shell:Creating package script '/home/new-sentry/Desktop/boom_ws/install/serial/share/serial/package.sh'
[0.990s] INFO:colcon.colcon_core.shell:Creating package script '/home/new-sentry/Desktop/boom_ws/install/serial/share/serial/package.bash'
[0.990s] INFO:colcon.colcon_core.shell:Creating package script '/home/new-sentry/Desktop/boom_ws/install/serial/share/serial/package.zsh'
[0.990s] Level 1:colcon.colcon_core.environment:create_file_with_runtime_dependencies(/home/new-sentry/Desktop/boom_ws/install/serial/share/colcon-core/packages/serial)
[0.991s] Level 1:colcon.colcon_core.environment:create_environment_scripts_only(serial)
[0.991s] Level 1:colcon.colcon_core.environment:checking '/home/new-sentry/Desktop/boom_ws/install/serial' for CMake module files
[0.991s] Level 1:colcon.colcon_core.environment:checking '/home/new-sentry/Desktop/boom_ws/install/serial' for CMake config files
[0.991s] Level 1:colcon.colcon_core.shell:create_environment_hook('serial', 'cmake_prefix_path')
[0.991s] INFO:colcon.colcon_core.shell:Creating environment hook '/home/new-sentry/Desktop/boom_ws/install/serial/share/serial/hook/cmake_prefix_path.ps1'
[0.992s] INFO:colcon.colcon_core.shell:Creating environment descriptor '/home/new-sentry/Desktop/boom_ws/install/serial/share/serial/hook/cmake_prefix_path.dsv'
[0.992s] INFO:colcon.colcon_core.shell:Creating environment hook '/home/new-sentry/Desktop/boom_ws/install/serial/share/serial/hook/cmake_prefix_path.sh'
[0.992s] Level 1:colcon.colcon_core.environment:checking '/home/new-sentry/Desktop/boom_ws/install/serial/lib'
[0.993s] Level 1:colcon.colcon_core.environment:checking '/home/new-sentry/Desktop/boom_ws/install/serial/bin'
[0.993s] Level 1:colcon.colcon_core.environment:checking '/home/new-sentry/Desktop/boom_ws/install/serial/lib/pkgconfig/serial.pc'
[0.993s] Level 1:colcon.colcon_core.environment:checking '/home/new-sentry/Desktop/boom_ws/install/serial/lib/python3.10/site-packages'
[0.993s] Level 1:colcon.colcon_core.environment:checking '/home/new-sentry/Desktop/boom_ws/install/serial/bin'
[0.994s] INFO:colcon.colcon_core.shell:Creating package script '/home/new-sentry/Desktop/boom_ws/install/serial/share/serial/package.ps1'
[0.994s] INFO:colcon.colcon_core.shell:Creating package descriptor '/home/new-sentry/Desktop/boom_ws/install/serial/share/serial/package.dsv'
[0.994s] INFO:colcon.colcon_core.shell:Creating package script '/home/new-sentry/Desktop/boom_ws/install/serial/share/serial/package.sh'
[0.995s] INFO:colcon.colcon_core.shell:Creating package script '/home/new-sentry/Desktop/boom_ws/install/serial/share/serial/package.bash'
[0.995s] INFO:colcon.colcon_core.shell:Creating package script '/home/new-sentry/Desktop/boom_ws/install/serial/share/serial/package.zsh'
[0.995s] Level 1:colcon.colcon_core.environment:create_file_with_runtime_dependencies(/home/new-sentry/Desktop/boom_ws/install/serial/share/colcon-core/packages/serial)
[0.996s] Level 1:colcon.colcon_core.environment:create_environment_scripts_only(resolve)
[0.997s] Level 1:colcon.colcon_core.environment:checking '/home/new-sentry/Desktop/boom_ws/install/resolve' for CMake module files
[0.998s] DEBUG:colcon.colcon_core.event_handler.log_command:Invoked command in '/home/new-sentry/Desktop/boom_ws/build/resolve' returned '0': CMAKE_PREFIX_PATH=/home/new-sentry/Desktop/boom_ws/install/vision_interfaces:/home/new-sentry/Desktop/boom_ws/install/serial:/home/new-sentry/Desktop/boom_ws/install/resolve:/home/new-sentry/Desktop/boom_ws/install/hik_camera_ros2_driver:/home/new-sentry/Desktop/boom_ws/install/display:/opt/ros/humble LD_LIBRARY_PATH=/home/new-sentry/Desktop/boom_ws/install/vision_interfaces/lib:/home/new-sentry/Desktop/boom_ws/install/hik_camera_ros2_driver/lib:/opt/MVS/lib/64:/opt/MVS/lib/32:/opt/ros/humble/opt/rviz_ogre_vendor/lib:/opt/ros/humble/lib/x86_64-linux-gnu:/opt/ros/humble/lib:/opt/MVS/lib/64:/opt/MVS/lib/32:/opt/MVS/lib/64:/opt/MVS/lib/32:/opt/MVS/lib/64:/opt/MVS/lib/32:/opt/MVS/lib/64:/opt/MVS/lib/32 /usr/local/bin/cmake --install /home/new-sentry/Desktop/boom_ws/build/resolve
[0.999s] Level 1:colcon.colcon_core.environment:checking '/home/new-sentry/Desktop/boom_ws/install/resolve' for CMake config files
[0.999s] Level 1:colcon.colcon_core.shell:create_environment_hook('resolve', 'cmake_prefix_path')
[0.999s] INFO:colcon.colcon_core.shell:Creating environment hook '/home/new-sentry/Desktop/boom_ws/install/resolve/share/resolve/hook/cmake_prefix_path.ps1'
[1.000s] INFO:colcon.colcon_core.shell:Creating environment descriptor '/home/new-sentry/Desktop/boom_ws/install/resolve/share/resolve/hook/cmake_prefix_path.dsv'
[1.000s] INFO:colcon.colcon_core.shell:Creating environment hook '/home/new-sentry/Desktop/boom_ws/install/resolve/share/resolve/hook/cmake_prefix_path.sh'
[1.001s] Level 1:colcon.colcon_core.environment:checking '/home/new-sentry/Desktop/boom_ws/install/resolve/lib'
[1.001s] Level 1:colcon.colcon_core.environment:checking '/home/new-sentry/Desktop/boom_ws/install/resolve/bin'
[1.001s] Level 1:colcon.colcon_core.environment:checking '/home/new-sentry/Desktop/boom_ws/install/resolve/lib/pkgconfig/resolve.pc'
[1.002s] Level 1:colcon.colcon_core.environment:checking '/home/new-sentry/Desktop/boom_ws/install/resolve/lib/python3.10/site-packages'
[1.002s] Level 1:colcon.colcon_core.environment:checking '/home/new-sentry/Desktop/boom_ws/install/resolve/bin'
[1.002s] INFO:colcon.colcon_core.shell:Creating package script '/home/new-sentry/Desktop/boom_ws/install/resolve/share/resolve/package.ps1'
[1.003s] INFO:colcon.colcon_core.shell:Creating package descriptor '/home/new-sentry/Desktop/boom_ws/install/resolve/share/resolve/package.dsv'
[1.004s] INFO:colcon.colcon_core.shell:Creating package script '/home/new-sentry/Desktop/boom_ws/install/resolve/share/resolve/package.sh'
[1.004s] INFO:colcon.colcon_core.shell:Creating package script '/home/new-sentry/Desktop/boom_ws/install/resolve/share/resolve/package.bash'
[1.004s] INFO:colcon.colcon_core.shell:Creating package script '/home/new-sentry/Desktop/boom_ws/install/resolve/share/resolve/package.zsh'
[1.004s] Level 1:colcon.colcon_core.environment:create_file_with_runtime_dependencies(/home/new-sentry/Desktop/boom_ws/install/resolve/share/colcon-core/packages/resolve)
[1.005s] Level 1:colcon.colcon_core.environment:create_environment_scripts_only(resolve)
[1.005s] Level 1:colcon.colcon_core.environment:checking '/home/new-sentry/Desktop/boom_ws/install/resolve' for CMake module files
[1.006s] Level 1:colcon.colcon_core.environment:checking '/home/new-sentry/Desktop/boom_ws/install/resolve' for CMake config files
[1.006s] Level 1:colcon.colcon_core.shell:create_environment_hook('resolve', 'cmake_prefix_path')
[1.006s] INFO:colcon.colcon_core.shell:Creating environment hook '/home/new-sentry/Desktop/boom_ws/install/resolve/share/resolve/hook/cmake_prefix_path.ps1'
[1.006s] INFO:colcon.colcon_core.shell:Creating environment descriptor '/home/new-sentry/Desktop/boom_ws/install/resolve/share/resolve/hook/cmake_prefix_path.dsv'
[1.007s] INFO:colcon.colcon_core.shell:Creating environment hook '/home/new-sentry/Desktop/boom_ws/install/resolve/share/resolve/hook/cmake_prefix_path.sh'
[1.008s] Level 1:colcon.colcon_core.environment:checking '/home/new-sentry/Desktop/boom_ws/install/resolve/lib'
[1.008s] Level 1:colcon.colcon_core.environment:checking '/home/new-sentry/Desktop/boom_ws/install/resolve/bin'
[1.008s] Level 1:colcon.colcon_core.environment:checking '/home/new-sentry/Desktop/boom_ws/install/resolve/lib/pkgconfig/resolve.pc'
[1.008s] Level 1:colcon.colcon_core.environment:checking '/home/new-sentry/Desktop/boom_ws/install/resolve/lib/python3.10/site-packages'
[1.008s] Level 1:colcon.colcon_core.environment:checking '/home/new-sentry/Desktop/boom_ws/install/resolve/bin'
[1.009s] INFO:colcon.colcon_core.shell:Creating package script '/home/new-sentry/Desktop/boom_ws/install/resolve/share/resolve/package.ps1'
[1.009s] INFO:colcon.colcon_core.shell:Creating package descriptor '/home/new-sentry/Desktop/boom_ws/install/resolve/share/resolve/package.dsv'
[1.009s] INFO:colcon.colcon_core.shell:Creating package script '/home/new-sentry/Desktop/boom_ws/install/resolve/share/resolve/package.sh'
[1.010s] INFO:colcon.colcon_core.shell:Creating package script '/home/new-sentry/Desktop/boom_ws/install/resolve/share/resolve/package.bash'
[1.010s] INFO:colcon.colcon_core.shell:Creating package script '/home/new-sentry/Desktop/boom_ws/install/resolve/share/resolve/package.zsh'
[1.010s] Level 1:colcon.colcon_core.environment:create_file_with_runtime_dependencies(/home/new-sentry/Desktop/boom_ws/install/resolve/share/colcon-core/packages/resolve)
[1.011s] DEBUG:colcon.colcon_parallel_executor.executor.parallel:closing loop
[1.012s] DEBUG:colcon.colcon_parallel_executor.executor.parallel:loop closed
[1.012s] DEBUG:colcon.colcon_parallel_executor.executor.parallel:run_until_complete finished with '0'
[1.012s] DEBUG:colcon.colcon_core.event_reactor:joining thread
[1.022s] INFO:colcon.colcon_core.plugin_system:Skipping extension 'colcon_notification.desktop_notification.terminal_notifier': Not used on non-Darwin systems
[1.022s] INFO:colcon.colcon_core.plugin_system:Skipping extension 'colcon_notification.desktop_notification.win32': Not used on non-Windows systems
[1.022s] INFO:colcon.colcon_notification.desktop_notification:Sending desktop notification using 'notify2'
[1.042s] DEBUG:colcon.colcon_core.event_reactor:joined thread
[1.043s] INFO:colcon.colcon_core.shell:Creating prefix script '/home/new-sentry/Desktop/boom_ws/install/local_setup.ps1'
[1.044s] INFO:colcon.colcon_core.shell:Creating prefix util module '/home/new-sentry/Desktop/boom_ws/install/_local_setup_util_ps1.py'
[1.046s] INFO:colcon.colcon_core.shell:Creating prefix chain script '/home/new-sentry/Desktop/boom_ws/install/setup.ps1'
[1.047s] INFO:colcon.colcon_core.shell:Creating prefix script '/home/new-sentry/Desktop/boom_ws/install/local_setup.sh'
[1.048s] INFO:colcon.colcon_core.shell:Creating prefix util module '/home/new-sentry/Desktop/boom_ws/install/_local_setup_util_sh.py'
[1.049s] INFO:colcon.colcon_core.shell:Creating prefix chain script '/home/new-sentry/Desktop/boom_ws/install/setup.sh'
[1.051s] INFO:colcon.colcon_core.shell:Creating prefix script '/home/new-sentry/Desktop/boom_ws/install/local_setup.bash'
[1.051s] INFO:colcon.colcon_core.shell:Creating prefix chain script '/home/new-sentry/Desktop/boom_ws/install/setup.bash'
[1.053s] INFO:colcon.colcon_core.shell:Creating prefix script '/home/new-sentry/Desktop/boom_ws/install/local_setup.zsh'
[1.053s] INFO:colcon.colcon_core.shell:Creating prefix chain script '/home/new-sentry/Desktop/boom_ws/install/setup.zsh'
