[0.026s] Invoking command in '/home/new-sentry/Desktop/boom_ws/build/display': CMAKE_PREFIX_PATH=${CMAKE_PREFIX_PATH}:/opt/ros/humble /usr/local/bin/cmake --build /home/new-sentry/Desktop/boom_ws/build/display -- -j16 -l16
[0.091s] [100%] Built target display
[0.103s] Invoked command in '/home/new-sentry/Desktop/boom_ws/build/display' returned '0': CMAKE_PREFIX_PATH=${CMAKE_PREFIX_PATH}:/opt/ros/humble /usr/local/bin/cmake --build /home/new-sentry/Desktop/boom_ws/build/display -- -j16 -l16
[0.114s] Invoking command in '/home/new-sentry/Desktop/boom_ws/build/display': CMAKE_PREFIX_PATH=${CMAKE_PREFIX_PATH}:/opt/ros/humble /usr/local/bin/cmake --install /home/new-sentry/Desktop/boom_ws/build/display
[0.122s] -- Install configuration: ""
[0.122s] -- Up-to-date: /home/new-sentry/Desktop/boom_ws/install/display/lib/display/display
[0.122s] -- Up-to-date: /home/new-sentry/Desktop/boom_ws/install/display/share/ament_index/resource_index/package_run_dependencies/display
[0.123s] -- Up-to-date: /home/new-sentry/Desktop/boom_ws/install/display/share/ament_index/resource_index/parent_prefix_path/display
[0.123s] -- Up-to-date: /home/new-sentry/Desktop/boom_ws/install/display/share/display/environment/ament_prefix_path.sh
[0.123s] -- Up-to-date: /home/new-sentry/Desktop/boom_ws/install/display/share/display/environment/ament_prefix_path.dsv
[0.123s] -- Up-to-date: /home/new-sentry/Desktop/boom_ws/install/display/share/display/environment/path.sh
[0.123s] -- Up-to-date: /home/new-sentry/Desktop/boom_ws/install/display/share/display/environment/path.dsv
[0.123s] -- Up-to-date: /home/new-sentry/Desktop/boom_ws/install/display/share/display/local_setup.bash
[0.123s] -- Up-to-date: /home/new-sentry/Desktop/boom_ws/install/display/share/display/local_setup.sh
[0.123s] -- Up-to-date: /home/new-sentry/Desktop/boom_ws/install/display/share/display/local_setup.zsh
[0.123s] -- Up-to-date: /home/new-sentry/Desktop/boom_ws/install/display/share/display/local_setup.dsv
[0.123s] -- Installing: /home/new-sentry/Desktop/boom_ws/install/display/share/display/package.dsv
[0.123s] -- Up-to-date: /home/new-sentry/Desktop/boom_ws/install/display/share/ament_index/resource_index/packages/display
[0.124s] -- Up-to-date: /home/new-sentry/Desktop/boom_ws/install/display/share/display/cmake/displayConfig.cmake
[0.124s] -- Up-to-date: /home/new-sentry/Desktop/boom_ws/install/display/share/display/cmake/displayConfig-version.cmake
[0.124s] -- Up-to-date: /home/new-sentry/Desktop/boom_ws/install/display/share/display/package.xml
[0.130s] Invoked command in '/home/new-sentry/Desktop/boom_ws/build/display' returned '0': CMAKE_PREFIX_PATH=${CMAKE_PREFIX_PATH}:/opt/ros/humble /usr/local/bin/cmake --install /home/new-sentry/Desktop/boom_ws/build/display
