[0.006s] Invoking command in '/home/new-sentry/Desktop/boom_ws/build/display': CMAKE_PREFIX_PATH=${CMAKE_PREFIX_PATH}:/opt/ros/humble /usr/local/bin/cmake /home/new-sentry/Desktop/boom_ws/src/display -DCMAKE_INSTALL_PREFIX=/home/new-sentry/Desktop/boom_ws/install/display
[0.036s] [0mCMake Deprecation Warning at CMakeLists.txt:1 (cmake_minimum_required):
[0.036s]   Compatibility with CMake < 3.10 will be removed from a future version of
[0.036s]   CMake.
[0.036s] 
[0.036s]   Update the VERSION argument <min> value.  Or, use the <min>...<max> syntax
[0.036s]   to tell CMake that the project requires at least <min> but has been updated
[0.036s]   to work with policies introduced by <max> or earlier.
[0.036s] 
[0.036s] [0m
[0.110s] -- The C compiler identification is GNU 11.4.0
[0.190s] -- The CXX compiler identification is GNU 11.4.0
[0.207s] -- Detecting C compiler ABI info
[0.258s] -- Detecting C compiler ABI info - done
[0.299s] -- Check for working C compiler: /usr/bin/cc - skipped
[0.299s] -- Detecting C compile features
[0.301s] -- Detecting C compile features - done
[0.318s] -- Detecting CXX compiler ABI info
[0.371s] -- Detecting CXX compiler ABI info - done
[0.412s] -- Check for working CXX compiler: /usr/bin/c++ - skipped
[0.413s] -- Detecting CXX compile features
[0.414s] -- Detecting CXX compile features - done
[0.422s] -- Found ament_cmake: 1.3.11 (/opt/ros/humble/share/ament_cmake/cmake)
[0.521s] -- Found Python3: /usr/bin/python3 (found version "3.10.12") found components: Interpreter
[0.610s] -- Found OpenCV: /usr (found version "4.5.4")
[0.611s] -- Found rclcpp: 16.0.12 (/opt/ros/humble/share/rclcpp/cmake)
[0.677s] -- Found rosidl_generator_c: 3.1.6 (/opt/ros/humble/share/rosidl_generator_c/cmake)
[0.687s] -- Found rosidl_adapter: 3.1.6 (/opt/ros/humble/share/rosidl_adapter/cmake)
[0.705s] -- Found rosidl_generator_cpp: 3.1.6 (/opt/ros/humble/share/rosidl_generator_cpp/cmake)
[0.734s] -- Using all available rosidl_typesupport_c: rosidl_typesupport_fastrtps_c;rosidl_typesupport_introspection_c
[0.773s] -- Using all available rosidl_typesupport_cpp: rosidl_typesupport_fastrtps_cpp;rosidl_typesupport_introspection_cpp
[0.875s] -- Found rmw_implementation_cmake: 6.1.2 (/opt/ros/humble/share/rmw_implementation_cmake/cmake)
[0.881s] -- Found rmw_fastrtps_cpp: 6.2.7 (/opt/ros/humble/share/rmw_fastrtps_cpp/cmake)
[0.996s] -- Found OpenSSL: /usr/lib/x86_64-linux-gnu/libcrypto.so (found version "3.0.2")
[1.036s] -- Found FastRTPS: /opt/ros/humble/include
[1.091s] -- Using RMW implementation 'rmw_fastrtps_cpp' as default
[1.103s] -- Performing Test CMAKE_HAVE_LIBC_PTHREAD
[1.159s] -- Performing Test CMAKE_HAVE_LIBC_PTHREAD - Success
[1.161s] -- Found Threads: TRUE
[1.311s] -- Found image_transport: 3.1.11 (/opt/ros/humble/share/image_transport/cmake)
[1.449s] -- Found cv_bridge: 3.2.1 (/opt/ros/humble/share/cv_bridge/cmake)
[1.459s] -- Found ament_lint_auto: 0.12.12 (/opt/ros/humble/share/ament_lint_auto/cmake)
[1.517s] -- Added test 'cppcheck' to perform static code analysis on C / C++ code
[1.521s] -- Configured cppcheck include dirs: 
[1.521s] -- Configured cppcheck exclude dirs and/or files: 
[1.523s] -- Added test 'lint_cmake' to check CMake code style
[1.524s] -- Added test 'uncrustify' to check C / C++ code style
[1.524s] -- Configured uncrustify additional arguments: 
[1.526s] -- Added test 'xmllint' to check XML markup files
[1.528s] -- Configuring done (1.5s)
[1.555s] -- Generating done (0.0s)
[1.561s] -- Build files have been written to: /home/new-sentry/Desktop/boom_ws/build/display
[1.569s] Invoked command in '/home/new-sentry/Desktop/boom_ws/build/display' returned '0': CMAKE_PREFIX_PATH=${CMAKE_PREFIX_PATH}:/opt/ros/humble /usr/local/bin/cmake /home/new-sentry/Desktop/boom_ws/src/display -DCMAKE_INSTALL_PREFIX=/home/new-sentry/Desktop/boom_ws/install/display
[1.570s] Invoking command in '/home/new-sentry/Desktop/boom_ws/build/display': CMAKE_PREFIX_PATH=${CMAKE_PREFIX_PATH}:/opt/ros/humble /usr/local/bin/cmake --build /home/new-sentry/Desktop/boom_ws/build/display -- -j16 -l16
[1.594s] [ 50%] [32mBuilding CXX object CMakeFiles/display.dir/src/display_node.cpp.o[0m
[4.370s] [100%] [32m[1mLinking CXX executable display[0m
[4.625s] [100%] Built target display
[4.630s] Invoked command in '/home/new-sentry/Desktop/boom_ws/build/display' returned '0': CMAKE_PREFIX_PATH=${CMAKE_PREFIX_PATH}:/opt/ros/humble /usr/local/bin/cmake --build /home/new-sentry/Desktop/boom_ws/build/display -- -j16 -l16
[4.631s] Invoking command in '/home/new-sentry/Desktop/boom_ws/build/display': CMAKE_PREFIX_PATH=${CMAKE_PREFIX_PATH}:/opt/ros/humble /usr/local/bin/cmake --install /home/new-sentry/Desktop/boom_ws/build/display
[4.635s] -- Install configuration: ""
[4.635s] -- Installing: /home/new-sentry/Desktop/boom_ws/install/display/lib/display/display
[4.635s] -- Set non-toolchain portion of runtime path of "/home/new-sentry/Desktop/boom_ws/install/display/lib/display/display" to ""
[4.635s] -- Installing: /home/new-sentry/Desktop/boom_ws/install/display/share/ament_index/resource_index/package_run_dependencies/display
[4.635s] -- Installing: /home/new-sentry/Desktop/boom_ws/install/display/share/ament_index/resource_index/parent_prefix_path/display
[4.635s] -- Installing: /home/new-sentry/Desktop/boom_ws/install/display/share/display/environment/ament_prefix_path.sh
[4.636s] -- Installing: /home/new-sentry/Desktop/boom_ws/install/display/share/display/environment/ament_prefix_path.dsv
[4.636s] -- Installing: /home/new-sentry/Desktop/boom_ws/install/display/share/display/environment/path.sh
[4.636s] -- Installing: /home/new-sentry/Desktop/boom_ws/install/display/share/display/environment/path.dsv
[4.636s] -- Installing: /home/new-sentry/Desktop/boom_ws/install/display/share/display/local_setup.bash
[4.636s] -- Installing: /home/new-sentry/Desktop/boom_ws/install/display/share/display/local_setup.sh
[4.636s] -- Installing: /home/new-sentry/Desktop/boom_ws/install/display/share/display/local_setup.zsh
[4.636s] -- Installing: /home/new-sentry/Desktop/boom_ws/install/display/share/display/local_setup.dsv
[4.636s] -- Installing: /home/new-sentry/Desktop/boom_ws/install/display/share/display/package.dsv
[4.636s] -- Installing: /home/new-sentry/Desktop/boom_ws/install/display/share/ament_index/resource_index/packages/display
[4.636s] -- Installing: /home/new-sentry/Desktop/boom_ws/install/display/share/display/cmake/displayConfig.cmake
[4.636s] -- Installing: /home/new-sentry/Desktop/boom_ws/install/display/share/display/cmake/displayConfig-version.cmake
[4.636s] -- Installing: /home/new-sentry/Desktop/boom_ws/install/display/share/display/package.xml
[4.638s] Invoked command in '/home/new-sentry/Desktop/boom_ws/build/display' returned '0': CMAKE_PREFIX_PATH=${CMAKE_PREFIX_PATH}:/opt/ros/humble /usr/local/bin/cmake --install /home/new-sentry/Desktop/boom_ws/build/display
