[0.025s] Invoking command in '/home/qiqi/Desktop/boom_ws/build/display': CMAKE_PREFIX_PATH=${CMAKE_PREFIX_PATH}:/opt/ros/humble /usr/bin/cmake --build /home/qiqi/Desktop/boom_ws/build/display -- -j8 -l8
[0.432s] [100%] Built target display
[0.555s] Invoked command in '/home/qiqi/Desktop/boom_ws/build/display' returned '0': CMAKE_PREFIX_PATH=${CMAKE_PREFIX_PATH}:/opt/ros/humble /usr/bin/cmake --build /home/qiqi/Desktop/boom_ws/build/display -- -j8 -l8
[0.576s] Invoking command in '/home/qiqi/Desktop/boom_ws/build/display': CMAKE_PREFIX_PATH=${CMAKE_PREFIX_PATH}:/opt/ros/humble /usr/bin/cmake --install /home/qiqi/Desktop/boom_ws/build/display
[0.641s] -- Install configuration: ""
[0.646s] -- Up-to-date: /home/qiqi/Desktop/boom_ws/install/display/lib/display/display
[0.650s] -- Up-to-date: /home/qiqi/Desktop/boom_ws/install/display/share/ament_index/resource_index/package_run_dependencies/display
[0.650s] -- Up-to-date: /home/qiqi/Desktop/boom_ws/install/display/share/ament_index/resource_index/parent_prefix_path/display
[0.651s] -- Up-to-date: /home/qiqi/Desktop/boom_ws/install/display/share/display/environment/ament_prefix_path.sh
[0.651s] -- Up-to-date: /home/qiqi/Desktop/boom_ws/install/display/share/display/environment/ament_prefix_path.dsv
[0.651s] -- Up-to-date: /home/qiqi/Desktop/boom_ws/install/display/share/display/environment/path.sh
[0.652s] -- Up-to-date: /home/qiqi/Desktop/boom_ws/install/display/share/display/environment/path.dsv
[0.652s] -- Up-to-date: /home/qiqi/Desktop/boom_ws/install/display/share/display/local_setup.bash
[0.652s] -- Up-to-date: /home/qiqi/Desktop/boom_ws/install/display/share/display/local_setup.sh
[0.653s] -- Up-to-date: /home/qiqi/Desktop/boom_ws/install/display/share/display/local_setup.zsh
[0.657s] -- Up-to-date: /home/qiqi/Desktop/boom_ws/install/display/share/display/local_setup.dsv
[0.658s] -- Installing: /home/qiqi/Desktop/boom_ws/install/display/share/display/package.dsv
[0.658s] -- Up-to-date: /home/qiqi/Desktop/boom_ws/install/display/share/ament_index/resource_index/packages/display
[0.658s] -- Up-to-date: /home/qiqi/Desktop/boom_ws/install/display/share/display/cmake/displayConfig.cmake
[0.661s] -- Up-to-date: /home/qiqi/Desktop/boom_ws/install/display/share/display/cmake/displayConfig-version.cmake
[0.662s] -- Up-to-date: /home/qiqi/Desktop/boom_ws/install/display/share/display/package.xml
[0.807s] Invoked command in '/home/qiqi/Desktop/boom_ws/build/display' returned '0': CMAKE_PREFIX_PATH=${CMAKE_PREFIX_PATH}:/opt/ros/humble /usr/bin/cmake --install /home/qiqi/Desktop/boom_ws/build/display
