[0.012s] Invoking command in '/home/xyq/Desktop/boom_ws/build/vision_interfaces': CMAKE_PREFIX_PATH=${CMAKE_PREFIX_PATH}:/opt/ros/humble /usr/bin/cmake --build /home/xyq/Desktop/boom_ws/build/vision_interfaces -- -j20 -l20
[0.071s] [35m[1mConsolidate compiler generated dependencies of target vision_interfaces__rosidl_generator_c[0m
[0.099s] [ 10%] Built target vision_interfaces__rosidl_generator_c
[0.100s] [ 12%] Built target vision_interfaces__cpp
[0.117s] [ 12%] Built target ament_cmake_python_copy_vision_interfaces
[0.117s] [35m[1mConsolidate compiler generated dependencies of target vision_interfaces__rosidl_typesupport_fastrtps_c[0m
[0.118s] [35m[1mConsolidate compiler generated dependencies of target vision_interfaces__rosidl_typesupport_introspection_c[0m
[0.120s] [35m[1mConsolidate compiler generated dependencies of target vision_interfaces__rosidl_typesupport_introspection_cpp[0m
[0.121s] [35m[1mConsolidate compiler generated dependencies of target vision_interfaces__rosidl_typesupport_c[0m
[0.128s] [35m[1mConsolidate compiler generated dependencies of target vision_interfaces__rosidl_typesupport_fastrtps_cpp[0m
[0.130s] [35m[1mConsolidate compiler generated dependencies of target vision_interfaces__rosidl_typesupport_cpp[0m
[0.130s] [ 23%] Built target vision_interfaces__rosidl_typesupport_introspection_c
[0.135s] [ 33%] Built target vision_interfaces__rosidl_typesupport_fastrtps_c
[0.135s] [ 43%] Built target vision_interfaces__rosidl_typesupport_introspection_cpp
[0.137s] [ 53%] Built target vision_interfaces__rosidl_typesupport_c
[0.139s] [ 64%] Built target vision_interfaces__rosidl_typesupport_fastrtps_cpp
[0.141s] [ 74%] Built target vision_interfaces__rosidl_typesupport_cpp
[0.163s] [ 74%] Built target vision_interfaces
[0.189s] [ 76%] Built target vision_interfaces__py
[0.201s] [35m[1mConsolidate compiler generated dependencies of target vision_interfaces__rosidl_generator_py[0m
[0.218s] [ 84%] Built target vision_interfaces__rosidl_generator_py
[0.229s] [35m[1mConsolidate compiler generated dependencies of target vision_interfaces__rosidl_typesupport_fastrtps_c__pyext[0m
[0.229s] [35m[1mConsolidate compiler generated dependencies of target vision_interfaces__rosidl_typesupport_introspection_c__pyext[0m
[0.232s] [35m[1mConsolidate compiler generated dependencies of target vision_interfaces__rosidl_typesupport_c__pyext[0m
[0.241s] [ 89%] Built target vision_interfaces__rosidl_typesupport_introspection_c__pyext
[0.244s] [ 94%] Built target vision_interfaces__rosidl_typesupport_fastrtps_c__pyext
[0.245s] [100%] Built target vision_interfaces__rosidl_typesupport_c__pyext
[0.279s] running egg_info
[0.279s] writing vision_interfaces.egg-info/PKG-INFO
[0.279s] writing dependency_links to vision_interfaces.egg-info/dependency_links.txt
[0.279s] writing top-level names to vision_interfaces.egg-info/top_level.txt
[0.281s] reading manifest file 'vision_interfaces.egg-info/SOURCES.txt'
[0.282s] writing manifest file 'vision_interfaces.egg-info/SOURCES.txt'
[0.304s] [100%] Built target ament_cmake_python_build_vision_interfaces_egg
[0.315s] Invoked command in '/home/xyq/Desktop/boom_ws/build/vision_interfaces' returned '0': CMAKE_PREFIX_PATH=${CMAKE_PREFIX_PATH}:/opt/ros/humble /usr/bin/cmake --build /home/xyq/Desktop/boom_ws/build/vision_interfaces -- -j20 -l20
[0.317s] Invoking command in '/home/xyq/Desktop/boom_ws/build/vision_interfaces': CMAKE_PREFIX_PATH=${CMAKE_PREFIX_PATH}:/opt/ros/humble /usr/bin/cmake --install /home/xyq/Desktop/boom_ws/build/vision_interfaces
[0.325s] -- Install configuration: ""
[0.326s] -- Up-to-date: /home/xyq/Desktop/boom_ws/install/vision_interfaces/share/ament_index/resource_index/rosidl_interfaces/vision_interfaces
[0.326s] -- Up-to-date: /home/xyq/Desktop/boom_ws/install/vision_interfaces/include/vision_interfaces/vision_interfaces
[0.326s] -- Up-to-date: /home/xyq/Desktop/boom_ws/install/vision_interfaces/include/vision_interfaces/vision_interfaces/msg
[0.326s] -- Up-to-date: /home/xyq/Desktop/boom_ws/install/vision_interfaces/include/vision_interfaces/vision_interfaces/msg/uartf.h
[0.326s] -- Up-to-date: /home/xyq/Desktop/boom_ws/install/vision_interfaces/include/vision_interfaces/vision_interfaces/msg/detail
[0.326s] -- Up-to-date: /home/xyq/Desktop/boom_ws/install/vision_interfaces/include/vision_interfaces/vision_interfaces/msg/detail/uart__functions.c
[0.326s] -- Up-to-date: /home/xyq/Desktop/boom_ws/install/vision_interfaces/include/vision_interfaces/vision_interfaces/msg/detail/uartf__functions.h
[0.326s] -- Up-to-date: /home/xyq/Desktop/boom_ws/install/vision_interfaces/include/vision_interfaces/vision_interfaces/msg/detail/uartf__functions.c
[0.326s] -- Up-to-date: /home/xyq/Desktop/boom_ws/install/vision_interfaces/include/vision_interfaces/vision_interfaces/msg/detail/uartf__type_support.h
[0.326s] -- Up-to-date: /home/xyq/Desktop/boom_ws/install/vision_interfaces/include/vision_interfaces/vision_interfaces/msg/detail/uart__functions.h
[0.326s] -- Up-to-date: /home/xyq/Desktop/boom_ws/install/vision_interfaces/include/vision_interfaces/vision_interfaces/msg/detail/uart__type_support.h
[0.326s] -- Up-to-date: /home/xyq/Desktop/boom_ws/install/vision_interfaces/include/vision_interfaces/vision_interfaces/msg/detail/uart__struct.h
[0.326s] -- Up-to-date: /home/xyq/Desktop/boom_ws/install/vision_interfaces/include/vision_interfaces/vision_interfaces/msg/detail/uartf__struct.h
[0.326s] -- Up-to-date: /home/xyq/Desktop/boom_ws/install/vision_interfaces/include/vision_interfaces/vision_interfaces/msg/uart.h
[0.326s] -- Up-to-date: /home/xyq/Desktop/boom_ws/install/vision_interfaces/include/vision_interfaces/vision_interfaces/msg/rosidl_generator_c__visibility_control.h
[0.326s] -- Up-to-date: /home/xyq/Desktop/boom_ws/install/vision_interfaces/share/vision_interfaces/environment/library_path.sh
[0.326s] -- Up-to-date: /home/xyq/Desktop/boom_ws/install/vision_interfaces/share/vision_interfaces/environment/library_path.dsv
[0.327s] -- Up-to-date: /home/xyq/Desktop/boom_ws/install/vision_interfaces/lib/libvision_interfaces__rosidl_generator_c.so
[0.327s] -- Up-to-date: /home/xyq/Desktop/boom_ws/install/vision_interfaces/include/vision_interfaces/vision_interfaces
[0.327s] -- Up-to-date: /home/xyq/Desktop/boom_ws/install/vision_interfaces/include/vision_interfaces/vision_interfaces/msg
[0.327s] -- Up-to-date: /home/xyq/Desktop/boom_ws/install/vision_interfaces/include/vision_interfaces/vision_interfaces/msg/detail
[0.327s] -- Up-to-date: /home/xyq/Desktop/boom_ws/install/vision_interfaces/include/vision_interfaces/vision_interfaces/msg/detail/uart__rosidl_typesupport_fastrtps_c.h
[0.327s] -- Up-to-date: /home/xyq/Desktop/boom_ws/install/vision_interfaces/include/vision_interfaces/vision_interfaces/msg/detail/uartf__rosidl_typesupport_fastrtps_c.h
[0.327s] -- Up-to-date: /home/xyq/Desktop/boom_ws/install/vision_interfaces/include/vision_interfaces/vision_interfaces/msg/rosidl_typesupport_fastrtps_c__visibility_control.h
[0.327s] -- Up-to-date: /home/xyq/Desktop/boom_ws/install/vision_interfaces/lib/libvision_interfaces__rosidl_typesupport_fastrtps_c.so
[0.327s] -- Up-to-date: /home/xyq/Desktop/boom_ws/install/vision_interfaces/include/vision_interfaces/vision_interfaces
[0.327s] -- Up-to-date: /home/xyq/Desktop/boom_ws/install/vision_interfaces/include/vision_interfaces/vision_interfaces/msg
[0.327s] -- Up-to-date: /home/xyq/Desktop/boom_ws/install/vision_interfaces/include/vision_interfaces/vision_interfaces/msg/uart.hpp
[0.327s] -- Up-to-date: /home/xyq/Desktop/boom_ws/install/vision_interfaces/include/vision_interfaces/vision_interfaces/msg/uartf.hpp
[0.327s] -- Up-to-date: /home/xyq/Desktop/boom_ws/install/vision_interfaces/include/vision_interfaces/vision_interfaces/msg/detail
[0.327s] -- Up-to-date: /home/xyq/Desktop/boom_ws/install/vision_interfaces/include/vision_interfaces/vision_interfaces/msg/detail/uartf__type_support.hpp
[0.327s] -- Up-to-date: /home/xyq/Desktop/boom_ws/install/vision_interfaces/include/vision_interfaces/vision_interfaces/msg/detail/uart__type_support.hpp
[0.327s] -- Up-to-date: /home/xyq/Desktop/boom_ws/install/vision_interfaces/include/vision_interfaces/vision_interfaces/msg/detail/uartf__builder.hpp
[0.327s] -- Up-to-date: /home/xyq/Desktop/boom_ws/install/vision_interfaces/include/vision_interfaces/vision_interfaces/msg/detail/uart__builder.hpp
[0.327s] -- Up-to-date: /home/xyq/Desktop/boom_ws/install/vision_interfaces/include/vision_interfaces/vision_interfaces/msg/detail/uart__traits.hpp
[0.327s] -- Up-to-date: /home/xyq/Desktop/boom_ws/install/vision_interfaces/include/vision_interfaces/vision_interfaces/msg/detail/uart__struct.hpp
[0.327s] -- Up-to-date: /home/xyq/Desktop/boom_ws/install/vision_interfaces/include/vision_interfaces/vision_interfaces/msg/detail/uartf__struct.hpp
[0.327s] -- Up-to-date: /home/xyq/Desktop/boom_ws/install/vision_interfaces/include/vision_interfaces/vision_interfaces/msg/detail/uartf__traits.hpp
[0.327s] -- Up-to-date: /home/xyq/Desktop/boom_ws/install/vision_interfaces/include/vision_interfaces/vision_interfaces/msg/rosidl_generator_cpp__visibility_control.hpp
[0.328s] -- Up-to-date: /home/xyq/Desktop/boom_ws/install/vision_interfaces/include/vision_interfaces/vision_interfaces
[0.328s] -- Up-to-date: /home/xyq/Desktop/boom_ws/install/vision_interfaces/include/vision_interfaces/vision_interfaces/msg
[0.328s] -- Up-to-date: /home/xyq/Desktop/boom_ws/install/vision_interfaces/include/vision_interfaces/vision_interfaces/msg/rosidl_typesupport_fastrtps_cpp__visibility_control.h
[0.328s] -- Up-to-date: /home/xyq/Desktop/boom_ws/install/vision_interfaces/include/vision_interfaces/vision_interfaces/msg/detail
[0.328s] -- Up-to-date: /home/xyq/Desktop/boom_ws/install/vision_interfaces/include/vision_interfaces/vision_interfaces/msg/detail/uartf__rosidl_typesupport_fastrtps_cpp.hpp
[0.328s] -- Up-to-date: /home/xyq/Desktop/boom_ws/install/vision_interfaces/include/vision_interfaces/vision_interfaces/msg/detail/dds_fastrtps
[0.328s] -- Up-to-date: /home/xyq/Desktop/boom_ws/install/vision_interfaces/include/vision_interfaces/vision_interfaces/msg/detail/uart__rosidl_typesupport_fastrtps_cpp.hpp
[0.328s] -- Up-to-date: /home/xyq/Desktop/boom_ws/install/vision_interfaces/lib/libvision_interfaces__rosidl_typesupport_fastrtps_cpp.so
[0.328s] -- Up-to-date: /home/xyq/Desktop/boom_ws/install/vision_interfaces/include/vision_interfaces/vision_interfaces
[0.328s] -- Up-to-date: /home/xyq/Desktop/boom_ws/install/vision_interfaces/include/vision_interfaces/vision_interfaces/msg
[0.328s] -- Up-to-date: /home/xyq/Desktop/boom_ws/install/vision_interfaces/include/vision_interfaces/vision_interfaces/msg/detail
[0.328s] -- Up-to-date: /home/xyq/Desktop/boom_ws/install/vision_interfaces/include/vision_interfaces/vision_interfaces/msg/detail/uart__rosidl_typesupport_introspection_c.h
[0.328s] -- Up-to-date: /home/xyq/Desktop/boom_ws/install/vision_interfaces/include/vision_interfaces/vision_interfaces/msg/detail/uartf__type_support.c
[0.328s] -- Up-to-date: /home/xyq/Desktop/boom_ws/install/vision_interfaces/include/vision_interfaces/vision_interfaces/msg/detail/uart__type_support.c
[0.328s] -- Up-to-date: /home/xyq/Desktop/boom_ws/install/vision_interfaces/include/vision_interfaces/vision_interfaces/msg/detail/uartf__rosidl_typesupport_introspection_c.h
[0.328s] -- Up-to-date: /home/xyq/Desktop/boom_ws/install/vision_interfaces/include/vision_interfaces/vision_interfaces/msg/rosidl_typesupport_introspection_c__visibility_control.h
[0.328s] -- Up-to-date: /home/xyq/Desktop/boom_ws/install/vision_interfaces/lib/libvision_interfaces__rosidl_typesupport_introspection_c.so
[0.328s] -- Up-to-date: /home/xyq/Desktop/boom_ws/install/vision_interfaces/lib/libvision_interfaces__rosidl_typesupport_c.so
[0.328s] -- Up-to-date: /home/xyq/Desktop/boom_ws/install/vision_interfaces/include/vision_interfaces/vision_interfaces
[0.328s] -- Up-to-date: /home/xyq/Desktop/boom_ws/install/vision_interfaces/include/vision_interfaces/vision_interfaces/msg
[0.328s] -- Up-to-date: /home/xyq/Desktop/boom_ws/install/vision_interfaces/include/vision_interfaces/vision_interfaces/msg/detail
[0.328s] -- Up-to-date: /home/xyq/Desktop/boom_ws/install/vision_interfaces/include/vision_interfaces/vision_interfaces/msg/detail/uart__rosidl_typesupport_introspection_cpp.hpp
[0.328s] -- Up-to-date: /home/xyq/Desktop/boom_ws/install/vision_interfaces/include/vision_interfaces/vision_interfaces/msg/detail/uart__type_support.cpp
[0.328s] -- Up-to-date: /home/xyq/Desktop/boom_ws/install/vision_interfaces/include/vision_interfaces/vision_interfaces/msg/detail/uartf__type_support.cpp
[0.329s] -- Up-to-date: /home/xyq/Desktop/boom_ws/install/vision_interfaces/include/vision_interfaces/vision_interfaces/msg/detail/uartf__rosidl_typesupport_introspection_cpp.hpp
[0.329s] -- Up-to-date: /home/xyq/Desktop/boom_ws/install/vision_interfaces/lib/libvision_interfaces__rosidl_typesupport_introspection_cpp.so
[0.329s] -- Up-to-date: /home/xyq/Desktop/boom_ws/install/vision_interfaces/lib/libvision_interfaces__rosidl_typesupport_cpp.so
[0.329s] -- Up-to-date: /home/xyq/Desktop/boom_ws/install/vision_interfaces/share/vision_interfaces/environment/pythonpath.sh
[0.329s] -- Up-to-date: /home/xyq/Desktop/boom_ws/install/vision_interfaces/share/vision_interfaces/environment/pythonpath.dsv
[0.329s] -- Up-to-date: /home/xyq/Desktop/boom_ws/install/vision_interfaces/local/lib/python3.10/dist-packages/vision_interfaces-0.0.0-py3.10.egg-info
[0.329s] -- Installing: /home/xyq/Desktop/boom_ws/install/vision_interfaces/local/lib/python3.10/dist-packages/vision_interfaces-0.0.0-py3.10.egg-info/dependency_links.txt
[0.329s] -- Installing: /home/xyq/Desktop/boom_ws/install/vision_interfaces/local/lib/python3.10/dist-packages/vision_interfaces-0.0.0-py3.10.egg-info/PKG-INFO
[0.329s] -- Installing: /home/xyq/Desktop/boom_ws/install/vision_interfaces/local/lib/python3.10/dist-packages/vision_interfaces-0.0.0-py3.10.egg-info/top_level.txt
[0.329s] -- Installing: /home/xyq/Desktop/boom_ws/install/vision_interfaces/local/lib/python3.10/dist-packages/vision_interfaces-0.0.0-py3.10.egg-info/SOURCES.txt
[0.329s] -- Up-to-date: /home/xyq/Desktop/boom_ws/install/vision_interfaces/local/lib/python3.10/dist-packages/vision_interfaces
[0.329s] -- Up-to-date: /home/xyq/Desktop/boom_ws/install/vision_interfaces/local/lib/python3.10/dist-packages/vision_interfaces/msg
[0.329s] -- Up-to-date: /home/xyq/Desktop/boom_ws/install/vision_interfaces/local/lib/python3.10/dist-packages/vision_interfaces/msg/_uart_s.c
[0.329s] -- Up-to-date: /home/xyq/Desktop/boom_ws/install/vision_interfaces/local/lib/python3.10/dist-packages/vision_interfaces/msg/_uart.py
[0.329s] -- Up-to-date: /home/xyq/Desktop/boom_ws/install/vision_interfaces/local/lib/python3.10/dist-packages/vision_interfaces/msg/__init__.py
[0.329s] -- Up-to-date: /home/xyq/Desktop/boom_ws/install/vision_interfaces/local/lib/python3.10/dist-packages/vision_interfaces/msg/_uartf_s.c
[0.329s] -- Up-to-date: /home/xyq/Desktop/boom_ws/install/vision_interfaces/local/lib/python3.10/dist-packages/vision_interfaces/msg/_uartf.py
[0.329s] -- Up-to-date: /home/xyq/Desktop/boom_ws/install/vision_interfaces/local/lib/python3.10/dist-packages/vision_interfaces/vision_interfaces_s__rosidl_typesupport_introspection_c.cpython-310-x86_64-linux-gnu.so
[0.329s] -- Up-to-date: /home/xyq/Desktop/boom_ws/install/vision_interfaces/local/lib/python3.10/dist-packages/vision_interfaces/_vision_interfaces_s.ep.rosidl_typesupport_c.c
[0.329s] -- Up-to-date: /home/xyq/Desktop/boom_ws/install/vision_interfaces/local/lib/python3.10/dist-packages/vision_interfaces/libvision_interfaces__rosidl_generator_py.so
[0.329s] -- Up-to-date: /home/xyq/Desktop/boom_ws/install/vision_interfaces/local/lib/python3.10/dist-packages/vision_interfaces/__init__.py
[0.329s] -- Up-to-date: /home/xyq/Desktop/boom_ws/install/vision_interfaces/local/lib/python3.10/dist-packages/vision_interfaces/vision_interfaces_s__rosidl_typesupport_c.cpython-310-x86_64-linux-gnu.so
[0.329s] -- Up-to-date: /home/xyq/Desktop/boom_ws/install/vision_interfaces/local/lib/python3.10/dist-packages/vision_interfaces/_vision_interfaces_s.ep.rosidl_typesupport_fastrtps_c.c
[0.329s] -- Up-to-date: /home/xyq/Desktop/boom_ws/install/vision_interfaces/local/lib/python3.10/dist-packages/vision_interfaces/vision_interfaces_s__rosidl_typesupport_fastrtps_c.cpython-310-x86_64-linux-gnu.so
[0.329s] -- Up-to-date: /home/xyq/Desktop/boom_ws/install/vision_interfaces/local/lib/python3.10/dist-packages/vision_interfaces/_vision_interfaces_s.ep.rosidl_typesupport_introspection_c.c
[0.352s] Listing '/home/xyq/Desktop/boom_ws/install/vision_interfaces/local/lib/python3.10/dist-packages/vision_interfaces'...
[0.352s] Listing '/home/xyq/Desktop/boom_ws/install/vision_interfaces/local/lib/python3.10/dist-packages/vision_interfaces/msg'...
[0.356s] -- Up-to-date: /home/xyq/Desktop/boom_ws/install/vision_interfaces/local/lib/python3.10/dist-packages/vision_interfaces/vision_interfaces_s__rosidl_typesupport_fastrtps_c.cpython-310-x86_64-linux-gnu.so
[0.356s] -- Up-to-date: /home/xyq/Desktop/boom_ws/install/vision_interfaces/local/lib/python3.10/dist-packages/vision_interfaces/vision_interfaces_s__rosidl_typesupport_introspection_c.cpython-310-x86_64-linux-gnu.so
[0.356s] -- Up-to-date: /home/xyq/Desktop/boom_ws/install/vision_interfaces/local/lib/python3.10/dist-packages/vision_interfaces/vision_interfaces_s__rosidl_typesupport_c.cpython-310-x86_64-linux-gnu.so
[0.356s] -- Up-to-date: /home/xyq/Desktop/boom_ws/install/vision_interfaces/lib/libvision_interfaces__rosidl_generator_py.so
[0.356s] -- Up-to-date: /home/xyq/Desktop/boom_ws/install/vision_interfaces/share/vision_interfaces/msg/Uart.idl
[0.356s] -- Up-to-date: /home/xyq/Desktop/boom_ws/install/vision_interfaces/share/vision_interfaces/msg/Uartf.idl
[0.356s] -- Up-to-date: /home/xyq/Desktop/boom_ws/install/vision_interfaces/share/vision_interfaces/msg/Uart.msg
[0.356s] -- Up-to-date: /home/xyq/Desktop/boom_ws/install/vision_interfaces/share/vision_interfaces/msg/Uartf.msg
[0.356s] -- Up-to-date: /home/xyq/Desktop/boom_ws/install/vision_interfaces/share/ament_index/resource_index/package_run_dependencies/vision_interfaces
[0.356s] -- Up-to-date: /home/xyq/Desktop/boom_ws/install/vision_interfaces/share/ament_index/resource_index/parent_prefix_path/vision_interfaces
[0.356s] -- Up-to-date: /home/xyq/Desktop/boom_ws/install/vision_interfaces/share/vision_interfaces/environment/ament_prefix_path.sh
[0.356s] -- Up-to-date: /home/xyq/Desktop/boom_ws/install/vision_interfaces/share/vision_interfaces/environment/ament_prefix_path.dsv
[0.356s] -- Up-to-date: /home/xyq/Desktop/boom_ws/install/vision_interfaces/share/vision_interfaces/environment/path.sh
[0.357s] -- Up-to-date: /home/xyq/Desktop/boom_ws/install/vision_interfaces/share/vision_interfaces/environment/path.dsv
[0.357s] -- Up-to-date: /home/xyq/Desktop/boom_ws/install/vision_interfaces/share/vision_interfaces/local_setup.bash
[0.357s] -- Up-to-date: /home/xyq/Desktop/boom_ws/install/vision_interfaces/share/vision_interfaces/local_setup.sh
[0.357s] -- Up-to-date: /home/xyq/Desktop/boom_ws/install/vision_interfaces/share/vision_interfaces/local_setup.zsh
[0.357s] -- Up-to-date: /home/xyq/Desktop/boom_ws/install/vision_interfaces/share/vision_interfaces/local_setup.dsv
[0.357s] -- Installing: /home/xyq/Desktop/boom_ws/install/vision_interfaces/share/vision_interfaces/package.dsv
[0.357s] -- Up-to-date: /home/xyq/Desktop/boom_ws/install/vision_interfaces/share/ament_index/resource_index/packages/vision_interfaces
[0.357s] -- Up-to-date: /home/xyq/Desktop/boom_ws/install/vision_interfaces/share/vision_interfaces/cmake/export_vision_interfaces__rosidl_generator_cExport.cmake
[0.357s] -- Up-to-date: /home/xyq/Desktop/boom_ws/install/vision_interfaces/share/vision_interfaces/cmake/export_vision_interfaces__rosidl_generator_cExport-noconfig.cmake
[0.357s] -- Up-to-date: /home/xyq/Desktop/boom_ws/install/vision_interfaces/share/vision_interfaces/cmake/export_vision_interfaces__rosidl_typesupport_fastrtps_cExport.cmake
[0.357s] -- Up-to-date: /home/xyq/Desktop/boom_ws/install/vision_interfaces/share/vision_interfaces/cmake/export_vision_interfaces__rosidl_typesupport_fastrtps_cExport-noconfig.cmake
[0.357s] -- Up-to-date: /home/xyq/Desktop/boom_ws/install/vision_interfaces/share/vision_interfaces/cmake/export_vision_interfaces__rosidl_generator_cppExport.cmake
[0.357s] -- Up-to-date: /home/xyq/Desktop/boom_ws/install/vision_interfaces/share/vision_interfaces/cmake/export_vision_interfaces__rosidl_typesupport_fastrtps_cppExport.cmake
[0.357s] -- Up-to-date: /home/xyq/Desktop/boom_ws/install/vision_interfaces/share/vision_interfaces/cmake/export_vision_interfaces__rosidl_typesupport_fastrtps_cppExport-noconfig.cmake
[0.357s] -- Up-to-date: /home/xyq/Desktop/boom_ws/install/vision_interfaces/share/vision_interfaces/cmake/vision_interfaces__rosidl_typesupport_introspection_cExport.cmake
[0.357s] -- Up-to-date: /home/xyq/Desktop/boom_ws/install/vision_interfaces/share/vision_interfaces/cmake/vision_interfaces__rosidl_typesupport_introspection_cExport-noconfig.cmake
[0.357s] -- Up-to-date: /home/xyq/Desktop/boom_ws/install/vision_interfaces/share/vision_interfaces/cmake/vision_interfaces__rosidl_typesupport_cExport.cmake
[0.357s] -- Up-to-date: /home/xyq/Desktop/boom_ws/install/vision_interfaces/share/vision_interfaces/cmake/vision_interfaces__rosidl_typesupport_cExport-noconfig.cmake
[0.357s] -- Up-to-date: /home/xyq/Desktop/boom_ws/install/vision_interfaces/share/vision_interfaces/cmake/vision_interfaces__rosidl_typesupport_introspection_cppExport.cmake
[0.357s] -- Up-to-date: /home/xyq/Desktop/boom_ws/install/vision_interfaces/share/vision_interfaces/cmake/vision_interfaces__rosidl_typesupport_introspection_cppExport-noconfig.cmake
[0.357s] -- Up-to-date: /home/xyq/Desktop/boom_ws/install/vision_interfaces/share/vision_interfaces/cmake/vision_interfaces__rosidl_typesupport_cppExport.cmake
[0.357s] -- Up-to-date: /home/xyq/Desktop/boom_ws/install/vision_interfaces/share/vision_interfaces/cmake/vision_interfaces__rosidl_typesupport_cppExport-noconfig.cmake
[0.357s] -- Up-to-date: /home/xyq/Desktop/boom_ws/install/vision_interfaces/share/vision_interfaces/cmake/export_vision_interfaces__rosidl_generator_pyExport.cmake
[0.357s] -- Up-to-date: /home/xyq/Desktop/boom_ws/install/vision_interfaces/share/vision_interfaces/cmake/export_vision_interfaces__rosidl_generator_pyExport-noconfig.cmake
[0.357s] -- Up-to-date: /home/xyq/Desktop/boom_ws/install/vision_interfaces/share/vision_interfaces/cmake/rosidl_cmake-extras.cmake
[0.357s] -- Up-to-date: /home/xyq/Desktop/boom_ws/install/vision_interfaces/share/vision_interfaces/cmake/ament_cmake_export_dependencies-extras.cmake
[0.358s] -- Up-to-date: /home/xyq/Desktop/boom_ws/install/vision_interfaces/share/vision_interfaces/cmake/ament_cmake_export_include_directories-extras.cmake
[0.358s] -- Up-to-date: /home/xyq/Desktop/boom_ws/install/vision_interfaces/share/vision_interfaces/cmake/ament_cmake_export_libraries-extras.cmake
[0.358s] -- Up-to-date: /home/xyq/Desktop/boom_ws/install/vision_interfaces/share/vision_interfaces/cmake/ament_cmake_export_targets-extras.cmake
[0.358s] -- Up-to-date: /home/xyq/Desktop/boom_ws/install/vision_interfaces/share/vision_interfaces/cmake/rosidl_cmake_export_typesupport_targets-extras.cmake
[0.358s] -- Up-to-date: /home/xyq/Desktop/boom_ws/install/vision_interfaces/share/vision_interfaces/cmake/rosidl_cmake_export_typesupport_libraries-extras.cmake
[0.358s] -- Up-to-date: /home/xyq/Desktop/boom_ws/install/vision_interfaces/share/vision_interfaces/cmake/vision_interfacesConfig.cmake
[0.358s] -- Up-to-date: /home/xyq/Desktop/boom_ws/install/vision_interfaces/share/vision_interfaces/cmake/vision_interfacesConfig-version.cmake
[0.358s] -- Up-to-date: /home/xyq/Desktop/boom_ws/install/vision_interfaces/share/vision_interfaces/package.xml
[0.359s] Invoked command in '/home/xyq/Desktop/boom_ws/build/vision_interfaces' returned '0': CMAKE_PREFIX_PATH=${CMAKE_PREFIX_PATH}:/opt/ros/humble /usr/bin/cmake --install /home/xyq/Desktop/boom_ws/build/vision_interfaces
