[0.008s] Invoking command in '/home/new-sentry/Desktop/boom_ws/build/serial': CMAKE_PREFIX_PATH=/home/new-sentry/Desktop/boom_ws/install/vision_interfaces:/home/new-sentry/Desktop/boom_ws/install/serial:/home/new-sentry/Desktop/boom_ws/install/resolve:/home/new-sentry/Desktop/boom_ws/install/hik_camera_ros2_driver:/home/new-sentry/Desktop/boom_ws/install/display:/opt/ros/humble LD_LIBRARY_PATH=/home/new-sentry/Desktop/boom_ws/install/vision_interfaces/lib:/home/new-sentry/Desktop/boom_ws/install/hik_camera_ros2_driver/lib:/opt/MVS/lib/64:/opt/MVS/lib/32:/opt/ros/humble/opt/rviz_ogre_vendor/lib:/opt/ros/humble/lib/x86_64-linux-gnu:/opt/ros/humble/lib:/opt/MVS/lib/64:/opt/MVS/lib/32:/opt/MVS/lib/64:/opt/MVS/lib/32 /usr/local/bin/cmake --build /home/new-sentry/Desktop/boom_ws/build/serial -- -j16 -l16
[0.043s] [100%] Built target serial
[0.048s] Invoked command in '/home/new-sentry/Desktop/boom_ws/build/serial' returned '0': CMAKE_PREFIX_PATH=/home/new-sentry/Desktop/boom_ws/install/vision_interfaces:/home/new-sentry/Desktop/boom_ws/install/serial:/home/new-sentry/Desktop/boom_ws/install/resolve:/home/new-sentry/Desktop/boom_ws/install/hik_camera_ros2_driver:/home/new-sentry/Desktop/boom_ws/install/display:/opt/ros/humble LD_LIBRARY_PATH=/home/new-sentry/Desktop/boom_ws/install/vision_interfaces/lib:/home/new-sentry/Desktop/boom_ws/install/hik_camera_ros2_driver/lib:/opt/MVS/lib/64:/opt/MVS/lib/32:/opt/ros/humble/opt/rviz_ogre_vendor/lib:/opt/ros/humble/lib/x86_64-linux-gnu:/opt/ros/humble/lib:/opt/MVS/lib/64:/opt/MVS/lib/32:/opt/MVS/lib/64:/opt/MVS/lib/32 /usr/local/bin/cmake --build /home/new-sentry/Desktop/boom_ws/build/serial -- -j16 -l16
[0.049s] Invoking command in '/home/new-sentry/Desktop/boom_ws/build/serial': CMAKE_PREFIX_PATH=/home/new-sentry/Desktop/boom_ws/install/vision_interfaces:/home/new-sentry/Desktop/boom_ws/install/serial:/home/new-sentry/Desktop/boom_ws/install/resolve:/home/new-sentry/Desktop/boom_ws/install/hik_camera_ros2_driver:/home/new-sentry/Desktop/boom_ws/install/display:/opt/ros/humble LD_LIBRARY_PATH=/home/new-sentry/Desktop/boom_ws/install/vision_interfaces/lib:/home/new-sentry/Desktop/boom_ws/install/hik_camera_ros2_driver/lib:/opt/MVS/lib/64:/opt/MVS/lib/32:/opt/ros/humble/opt/rviz_ogre_vendor/lib:/opt/ros/humble/lib/x86_64-linux-gnu:/opt/ros/humble/lib:/opt/MVS/lib/64:/opt/MVS/lib/32:/opt/MVS/lib/64:/opt/MVS/lib/32 /usr/local/bin/cmake --install /home/new-sentry/Desktop/boom_ws/build/serial
[0.053s] -- Install configuration: ""
[0.054s] -- Up-to-date: /home/new-sentry/Desktop/boom_ws/install/serial/lib/serial/serial
[0.055s] -- Up-to-date: /home/new-sentry/Desktop/boom_ws/install/serial/share/ament_index/resource_index/package_run_dependencies/serial
[0.055s] -- Up-to-date: /home/new-sentry/Desktop/boom_ws/install/serial/share/ament_index/resource_index/parent_prefix_path/serial
[0.055s] -- Up-to-date: /home/new-sentry/Desktop/boom_ws/install/serial/share/serial/environment/ament_prefix_path.sh
[0.055s] -- Up-to-date: /home/new-sentry/Desktop/boom_ws/install/serial/share/serial/environment/ament_prefix_path.dsv
[0.055s] -- Up-to-date: /home/new-sentry/Desktop/boom_ws/install/serial/share/serial/environment/path.sh
[0.055s] -- Up-to-date: /home/new-sentry/Desktop/boom_ws/install/serial/share/serial/environment/path.dsv
[0.055s] -- Up-to-date: /home/new-sentry/Desktop/boom_ws/install/serial/share/serial/local_setup.bash
[0.055s] -- Up-to-date: /home/new-sentry/Desktop/boom_ws/install/serial/share/serial/local_setup.sh
[0.056s] -- Up-to-date: /home/new-sentry/Desktop/boom_ws/install/serial/share/serial/local_setup.zsh
[0.056s] -- Up-to-date: /home/new-sentry/Desktop/boom_ws/install/serial/share/serial/local_setup.dsv
[0.056s] -- Installing: /home/new-sentry/Desktop/boom_ws/install/serial/share/serial/package.dsv
[0.056s] -- Up-to-date: /home/new-sentry/Desktop/boom_ws/install/serial/share/ament_index/resource_index/packages/serial
[0.056s] -- Up-to-date: /home/new-sentry/Desktop/boom_ws/install/serial/share/serial/cmake/serialConfig.cmake
[0.056s] -- Up-to-date: /home/new-sentry/Desktop/boom_ws/install/serial/share/serial/cmake/serialConfig-version.cmake
[0.057s] -- Up-to-date: /home/new-sentry/Desktop/boom_ws/install/serial/share/serial/package.xml
[0.059s] Invoked command in '/home/new-sentry/Desktop/boom_ws/build/serial' returned '0': CMAKE_PREFIX_PATH=/home/new-sentry/Desktop/boom_ws/install/vision_interfaces:/home/new-sentry/Desktop/boom_ws/install/serial:/home/new-sentry/Desktop/boom_ws/install/resolve:/home/new-sentry/Desktop/boom_ws/install/hik_camera_ros2_driver:/home/new-sentry/Desktop/boom_ws/install/display:/opt/ros/humble LD_LIBRARY_PATH=/home/new-sentry/Desktop/boom_ws/install/vision_interfaces/lib:/home/new-sentry/Desktop/boom_ws/install/hik_camera_ros2_driver/lib:/opt/MVS/lib/64:/opt/MVS/lib/32:/opt/ros/humble/opt/rviz_ogre_vendor/lib:/opt/ros/humble/lib/x86_64-linux-gnu:/opt/ros/humble/lib:/opt/MVS/lib/64:/opt/MVS/lib/32:/opt/MVS/lib/64:/opt/MVS/lib/32 /usr/local/bin/cmake --install /home/new-sentry/Desktop/boom_ws/build/serial
