[0.008s] Invoking command in '/home/qiqi/桌面/boom_ws/build/display': CMAKE_PREFIX_PATH=${CMAKE_PREFIX_PATH}:/opt/ros/humble /usr/bin/cmake /home/qiqi/桌面/boom_ws/src/display -DCMAKE_INSTALL_PREFIX=/home/qiqi/桌面/boom_ws/install/display
[0.068s] -- The C compiler identification is GNU 11.4.0
[0.135s] -- The CXX compiler identification is GNU 11.4.0
[0.143s] -- Detecting C compiler ABI info
[0.208s] -- Detecting C compiler ABI info - done
[0.222s] -- Check for working C compiler: /usr/bin/cc - skipped
[0.222s] -- Detecting C compile features
[0.223s] -- Detecting C compile features - done
[0.227s] -- Detecting CXX compiler ABI info
[0.314s] -- Detecting CXX compiler ABI info - done
[0.330s] -- Check for working CXX compiler: /usr/bin/c++ - skipped
[0.330s] -- Detecting CXX compile features
[0.331s] -- Detecting CXX compile features - done
[0.334s] -- Found ament_cmake: 1.3.11 (/opt/ros/humble/share/ament_cmake/cmake)
[0.503s] -- Found Python3: /usr/bin/python3 (found version "3.10.12") found components: Interpreter 
[0.621s] -- Found OpenCV: /usr (found version "4.5.4") 
[0.622s] -- Found rclcpp: 16.0.12 (/opt/ros/humble/share/rclcpp/cmake)
[0.675s] -- Found rosidl_generator_c: 3.1.6 (/opt/ros/humble/share/rosidl_generator_c/cmake)
[0.681s] -- Found rosidl_adapter: 3.1.6 (/opt/ros/humble/share/rosidl_adapter/cmake)
[0.692s] -- Found rosidl_generator_cpp: 3.1.6 (/opt/ros/humble/share/rosidl_generator_cpp/cmake)
[0.708s] -- Using all available rosidl_typesupport_c: rosidl_typesupport_fastrtps_c;rosidl_typesupport_introspection_c
[0.729s] -- Using all available rosidl_typesupport_cpp: rosidl_typesupport_fastrtps_cpp;rosidl_typesupport_introspection_cpp
[0.787s] -- Found rmw_implementation_cmake: 6.1.2 (/opt/ros/humble/share/rmw_implementation_cmake/cmake)
[0.790s] -- Found rmw_fastrtps_cpp: 6.2.7 (/opt/ros/humble/share/rmw_fastrtps_cpp/cmake)
[0.889s] -- Found OpenSSL: /usr/lib/x86_64-linux-gnu/libcrypto.so (found version "3.0.2")  
[0.919s] -- Found FastRTPS: /opt/ros/humble/include  
[0.959s] -- Using RMW implementation 'rmw_fastrtps_cpp' as default
[0.967s] -- Looking for pthread.h
[1.037s] -- Looking for pthread.h - found
[1.038s] -- Performing Test CMAKE_HAVE_LIBC_PTHREAD
[1.122s] -- Performing Test CMAKE_HAVE_LIBC_PTHREAD - Success
[1.124s] -- Found Threads: TRUE  
[1.195s] -- Found image_transport: 3.1.11 (/opt/ros/humble/share/image_transport/cmake)
[1.276s] -- Found cv_bridge: 3.2.1 (/opt/ros/humble/share/cv_bridge/cmake)
[1.282s] -- Found ament_lint_auto: 0.12.12 (/opt/ros/humble/share/ament_lint_auto/cmake)
[1.368s] -- Added test 'cppcheck' to perform static code analysis on C / C++ code
[1.369s] -- Configured cppcheck include dirs: 
[1.369s] -- Configured cppcheck exclude dirs and/or files: 
[1.370s] -- Added test 'lint_cmake' to check CMake code style
[1.371s] -- Added test 'uncrustify' to check C / C++ code style
[1.372s] -- Configured uncrustify additional arguments: 
[1.372s] -- Added test 'xmllint' to check XML markup files
[1.374s] -- Configuring done
[1.387s] -- Generating done
[1.391s] -- Build files have been written to: /home/qiqi/桌面/boom_ws/build/display
[1.400s] Invoked command in '/home/qiqi/桌面/boom_ws/build/display' returned '0': CMAKE_PREFIX_PATH=${CMAKE_PREFIX_PATH}:/opt/ros/humble /usr/bin/cmake /home/qiqi/桌面/boom_ws/src/display -DCMAKE_INSTALL_PREFIX=/home/qiqi/桌面/boom_ws/install/display
[1.404s] Invoking command in '/home/qiqi/桌面/boom_ws/build/display': CMAKE_PREFIX_PATH=${CMAKE_PREFIX_PATH}:/opt/ros/humble /usr/bin/cmake --build /home/qiqi/桌面/boom_ws/build/display -- -j8 -l8
[1.464s] [ 50%] [32mBuilding CXX object CMakeFiles/display.dir/src/display_node.cpp.o[0m
[5.752s] [100%] [32m[1mLinking CXX executable display[0m
[6.059s] [100%] Built target display
