[0.024s] Invoking command in '/home/qiqi/Desktop/boom_ws/build/resolve': CMAKE_PREFIX_PATH=/home/qiqi/Desktop/boom_ws/install/vision_interfaces:/home/qiqi/Desktop/boom_ws/install/serial:/home/qiqi/Desktop/boom_ws/install/resolve:/home/qiqi/Desktop/boom_ws/install/hik_camera_ros2_driver:/home/qiqi/Desktop/boom_ws/install/display:/opt/ros/humble LD_LIBRARY_PATH=/home/qiqi/Desktop/boom_ws/install/vision_interfaces/lib:/usr/local/lib:/home/qiqi/Desktop/boom_ws/install/hik_camera_ros2_driver/lib:/opt/MVS/lib/64:/opt/MVS/lib/32:/opt/ros/humble/opt/rviz_ogre_vendor/lib:/opt/ros/humble/lib/x86_64-linux-gnu:/opt/ros/humble/lib:/opt/MVS/lib/64:/opt/MVS/lib/32:/opt/MVS/lib/64:/opt/MVS/lib/32 /usr/bin/cmake --build /home/qiqi/Desktop/boom_ws/build/resolve -- -j8 -l8
[0.115s] [35m[1mConsolidate compiler generated dependencies of target resolve[0m
[0.160s] [100%] Built target resolve
[0.184s] Invoked command in '/home/qiqi/Desktop/boom_ws/build/resolve' returned '0': CMAKE_PREFIX_PATH=/home/qiqi/Desktop/boom_ws/install/vision_interfaces:/home/qiqi/Desktop/boom_ws/install/serial:/home/qiqi/Desktop/boom_ws/install/resolve:/home/qiqi/Desktop/boom_ws/install/hik_camera_ros2_driver:/home/qiqi/Desktop/boom_ws/install/display:/opt/ros/humble LD_LIBRARY_PATH=/home/qiqi/Desktop/boom_ws/install/vision_interfaces/lib:/usr/local/lib:/home/qiqi/Desktop/boom_ws/install/hik_camera_ros2_driver/lib:/opt/MVS/lib/64:/opt/MVS/lib/32:/opt/ros/humble/opt/rviz_ogre_vendor/lib:/opt/ros/humble/lib/x86_64-linux-gnu:/opt/ros/humble/lib:/opt/MVS/lib/64:/opt/MVS/lib/32:/opt/MVS/lib/64:/opt/MVS/lib/32 /usr/bin/cmake --build /home/qiqi/Desktop/boom_ws/build/resolve -- -j8 -l8
[0.188s] Invoking command in '/home/qiqi/Desktop/boom_ws/build/resolve': CMAKE_PREFIX_PATH=/home/qiqi/Desktop/boom_ws/install/vision_interfaces:/home/qiqi/Desktop/boom_ws/install/serial:/home/qiqi/Desktop/boom_ws/install/resolve:/home/qiqi/Desktop/boom_ws/install/hik_camera_ros2_driver:/home/qiqi/Desktop/boom_ws/install/display:/opt/ros/humble LD_LIBRARY_PATH=/home/qiqi/Desktop/boom_ws/install/vision_interfaces/lib:/usr/local/lib:/home/qiqi/Desktop/boom_ws/install/hik_camera_ros2_driver/lib:/opt/MVS/lib/64:/opt/MVS/lib/32:/opt/ros/humble/opt/rviz_ogre_vendor/lib:/opt/ros/humble/lib/x86_64-linux-gnu:/opt/ros/humble/lib:/opt/MVS/lib/64:/opt/MVS/lib/32:/opt/MVS/lib/64:/opt/MVS/lib/32 /usr/bin/cmake --install /home/qiqi/Desktop/boom_ws/build/resolve
[0.203s] -- Install configuration: ""
[0.204s] -- Up-to-date: /home/qiqi/Desktop/boom_ws/install/resolve/lib/resolve/resolve
[0.204s] -- Up-to-date: /home/qiqi/Desktop/boom_ws/install/resolve/share/ament_index/resource_index/package_run_dependencies/resolve
[0.204s] -- Up-to-date: /home/qiqi/Desktop/boom_ws/install/resolve/share/ament_index/resource_index/parent_prefix_path/resolve
[0.204s] -- Up-to-date: /home/qiqi/Desktop/boom_ws/install/resolve/share/resolve/environment/ament_prefix_path.sh
[0.205s] -- Up-to-date: /home/qiqi/Desktop/boom_ws/install/resolve/share/resolve/environment/ament_prefix_path.dsv
[0.206s] -- Up-to-date: /home/qiqi/Desktop/boom_ws/install/resolve/share/resolve/environment/path.sh
[0.206s] -- Up-to-date: /home/qiqi/Desktop/boom_ws/install/resolve/share/resolve/environment/path.dsv
[0.206s] -- Up-to-date: /home/qiqi/Desktop/boom_ws/install/resolve/share/resolve/local_setup.bash
[0.206s] -- Up-to-date: /home/qiqi/Desktop/boom_ws/install/resolve/share/resolve/local_setup.sh
[0.206s] -- Up-to-date: /home/qiqi/Desktop/boom_ws/install/resolve/share/resolve/local_setup.zsh
[0.206s] -- Up-to-date: /home/qiqi/Desktop/boom_ws/install/resolve/share/resolve/local_setup.dsv
[0.206s] -- Installing: /home/qiqi/Desktop/boom_ws/install/resolve/share/resolve/package.dsv
[0.207s] -- Up-to-date: /home/qiqi/Desktop/boom_ws/install/resolve/share/ament_index/resource_index/packages/resolve
[0.207s] -- Up-to-date: /home/qiqi/Desktop/boom_ws/install/resolve/share/resolve/cmake/resolveConfig.cmake
[0.207s] -- Up-to-date: /home/qiqi/Desktop/boom_ws/install/resolve/share/resolve/cmake/resolveConfig-version.cmake
[0.207s] -- Up-to-date: /home/qiqi/Desktop/boom_ws/install/resolve/share/resolve/package.xml
[0.209s] Invoked command in '/home/qiqi/Desktop/boom_ws/build/resolve' returned '0': CMAKE_PREFIX_PATH=/home/qiqi/Desktop/boom_ws/install/vision_interfaces:/home/qiqi/Desktop/boom_ws/install/serial:/home/qiqi/Desktop/boom_ws/install/resolve:/home/qiqi/Desktop/boom_ws/install/hik_camera_ros2_driver:/home/qiqi/Desktop/boom_ws/install/display:/opt/ros/humble LD_LIBRARY_PATH=/home/qiqi/Desktop/boom_ws/install/vision_interfaces/lib:/usr/local/lib:/home/qiqi/Desktop/boom_ws/install/hik_camera_ros2_driver/lib:/opt/MVS/lib/64:/opt/MVS/lib/32:/opt/ros/humble/opt/rviz_ogre_vendor/lib:/opt/ros/humble/lib/x86_64-linux-gnu:/opt/ros/humble/lib:/opt/MVS/lib/64:/opt/MVS/lib/32:/opt/MVS/lib/64:/opt/MVS/lib/32 /usr/bin/cmake --install /home/qiqi/Desktop/boom_ws/build/resolve
