[0.104s] Invoking command in '/home/qiqi/Desktop/boom_ws/build/vision_interfaces': CMAKE_PREFIX_PATH=${CMAKE_PREFIX_PATH}:/opt/ros/humble /usr/bin/cmake --build /home/qiqi/Desktop/boom_ws/build/vision_interfaces -- -j8 -l8
[0.645s] [  2%] Built target vision_interfaces__cpp
[0.689s] [ 12%] Built target vision_interfaces__rosidl_generator_c
[0.869s] [ 23%] Built target vision_interfaces__rosidl_typesupport_introspection_cpp
[0.908s] [ 23%] Built target ament_cmake_python_copy_vision_interfaces
[1.051s] [ 33%] Built target vision_interfaces__rosidl_typesupport_c
[1.101s] [ 43%] Built target vision_interfaces__rosidl_typesupport_introspection_c
[1.301s] [ 53%] Built target vision_interfaces__rosidl_typesupport_fastrtps_c
[1.492s] [ 64%] Built target vision_interfaces__rosidl_typesupport_fastrtps_cpp
[1.667s] [ 74%] Built target vision_interfaces__rosidl_typesupport_cpp
[1.820s] [ 74%] Built target vision_interfaces
[1.967s] [ 76%] Built target vision_interfaces__py
[2.145s] [ 84%] Built target vision_interfaces__rosidl_generator_py
[2.333s] [ 89%] Built target vision_interfaces__rosidl_typesupport_fastrtps_c__pyext
[2.518s] [ 94%] Built target vision_interfaces__rosidl_typesupport_c__pyext
[2.673s] [100%] Built target vision_interfaces__rosidl_typesupport_introspection_c__pyext
[2.941s] running egg_info
[2.948s] writing vision_interfaces.egg-info/PKG-INFO
[2.949s] writing dependency_links to vision_interfaces.egg-info/dependency_links.txt
[2.949s] writing top-level names to vision_interfaces.egg-info/top_level.txt
[2.966s] reading manifest file 'vision_interfaces.egg-info/SOURCES.txt'
[2.971s] writing manifest file 'vision_interfaces.egg-info/SOURCES.txt'
[3.129s] [100%] Built target ament_cmake_python_build_vision_interfaces_egg
[3.206s] Invoked command in '/home/qiqi/Desktop/boom_ws/build/vision_interfaces' returned '0': CMAKE_PREFIX_PATH=${CMAKE_PREFIX_PATH}:/opt/ros/humble /usr/bin/cmake --build /home/qiqi/Desktop/boom_ws/build/vision_interfaces -- -j8 -l8
[3.218s] Invoking command in '/home/qiqi/Desktop/boom_ws/build/vision_interfaces': CMAKE_PREFIX_PATH=${CMAKE_PREFIX_PATH}:/opt/ros/humble /usr/bin/cmake --install /home/qiqi/Desktop/boom_ws/build/vision_interfaces
[3.282s] -- Install configuration: ""
[3.284s] -- Up-to-date: /home/qiqi/Desktop/boom_ws/install/vision_interfaces/share/ament_index/resource_index/rosidl_interfaces/vision_interfaces
[3.286s] -- Up-to-date: /home/qiqi/Desktop/boom_ws/install/vision_interfaces/include/vision_interfaces/vision_interfaces
[3.287s] -- Up-to-date: /home/qiqi/Desktop/boom_ws/install/vision_interfaces/include/vision_interfaces/vision_interfaces/msg
[3.288s] -- Up-to-date: /home/qiqi/Desktop/boom_ws/install/vision_interfaces/include/vision_interfaces/vision_interfaces/msg/detail
[3.289s] -- Up-to-date: /home/qiqi/Desktop/boom_ws/install/vision_interfaces/include/vision_interfaces/vision_interfaces/msg/detail/uartf__struct.h
[3.290s] -- Up-to-date: /home/qiqi/Desktop/boom_ws/install/vision_interfaces/include/vision_interfaces/vision_interfaces/msg/detail/uartf__functions.c
[3.291s] -- Up-to-date: /home/qiqi/Desktop/boom_ws/install/vision_interfaces/include/vision_interfaces/vision_interfaces/msg/detail/uartf__type_support.h
[3.291s] -- Up-to-date: /home/qiqi/Desktop/boom_ws/install/vision_interfaces/include/vision_interfaces/vision_interfaces/msg/detail/uart__type_support.h
[3.292s] -- Up-to-date: /home/qiqi/Desktop/boom_ws/install/vision_interfaces/include/vision_interfaces/vision_interfaces/msg/detail/uart__struct.h
[3.292s] -- Up-to-date: /home/qiqi/Desktop/boom_ws/install/vision_interfaces/include/vision_interfaces/vision_interfaces/msg/detail/uart__functions.h
[3.295s] -- Up-to-date: /home/qiqi/Desktop/boom_ws/install/vision_interfaces/include/vision_interfaces/vision_interfaces/msg/detail/uartf__functions.h
[3.296s] -- Up-to-date: /home/qiqi/Desktop/boom_ws/install/vision_interfaces/include/vision_interfaces/vision_interfaces/msg/detail/uart__functions.c
[3.296s] -- Up-to-date: /home/qiqi/Desktop/boom_ws/install/vision_interfaces/include/vision_interfaces/vision_interfaces/msg/uartf.h
[3.297s] -- Up-to-date: /home/qiqi/Desktop/boom_ws/install/vision_interfaces/include/vision_interfaces/vision_interfaces/msg/uart.h
[3.298s] -- Up-to-date: /home/qiqi/Desktop/boom_ws/install/vision_interfaces/include/vision_interfaces/vision_interfaces/msg/rosidl_generator_c__visibility_control.h
[3.299s] -- Up-to-date: /home/qiqi/Desktop/boom_ws/install/vision_interfaces/share/vision_interfaces/environment/library_path.sh
[3.300s] -- Up-to-date: /home/qiqi/Desktop/boom_ws/install/vision_interfaces/share/vision_interfaces/environment/library_path.dsv
[3.300s] -- Up-to-date: /home/qiqi/Desktop/boom_ws/install/vision_interfaces/lib/libvision_interfaces__rosidl_generator_c.so
[3.301s] -- Up-to-date: /home/qiqi/Desktop/boom_ws/install/vision_interfaces/include/vision_interfaces/vision_interfaces
[3.301s] -- Up-to-date: /home/qiqi/Desktop/boom_ws/install/vision_interfaces/include/vision_interfaces/vision_interfaces/msg
[3.302s] -- Up-to-date: /home/qiqi/Desktop/boom_ws/install/vision_interfaces/include/vision_interfaces/vision_interfaces/msg/detail
[3.303s] -- Up-to-date: /home/qiqi/Desktop/boom_ws/install/vision_interfaces/include/vision_interfaces/vision_interfaces/msg/detail/uartf__rosidl_typesupport_fastrtps_c.h
[3.303s] -- Up-to-date: /home/qiqi/Desktop/boom_ws/install/vision_interfaces/include/vision_interfaces/vision_interfaces/msg/detail/uart__rosidl_typesupport_fastrtps_c.h
[3.304s] -- Up-to-date: /home/qiqi/Desktop/boom_ws/install/vision_interfaces/include/vision_interfaces/vision_interfaces/msg/rosidl_typesupport_fastrtps_c__visibility_control.h
[3.304s] -- Up-to-date: /home/qiqi/Desktop/boom_ws/install/vision_interfaces/lib/libvision_interfaces__rosidl_typesupport_fastrtps_c.so
[3.305s] -- Up-to-date: /home/qiqi/Desktop/boom_ws/install/vision_interfaces/include/vision_interfaces/vision_interfaces
[3.305s] -- Up-to-date: /home/qiqi/Desktop/boom_ws/install/vision_interfaces/include/vision_interfaces/vision_interfaces/msg
[3.306s] -- Up-to-date: /home/qiqi/Desktop/boom_ws/install/vision_interfaces/include/vision_interfaces/vision_interfaces/msg/detail
[3.306s] -- Up-to-date: /home/qiqi/Desktop/boom_ws/install/vision_interfaces/include/vision_interfaces/vision_interfaces/msg/detail/uartf__builder.hpp
[3.307s] -- Up-to-date: /home/qiqi/Desktop/boom_ws/install/vision_interfaces/include/vision_interfaces/vision_interfaces/msg/detail/uart__struct.hpp
[3.307s] -- Up-to-date: /home/qiqi/Desktop/boom_ws/install/vision_interfaces/include/vision_interfaces/vision_interfaces/msg/detail/uart__type_support.hpp
[3.311s] -- Up-to-date: /home/qiqi/Desktop/boom_ws/install/vision_interfaces/include/vision_interfaces/vision_interfaces/msg/detail/uart__traits.hpp
[3.311s] -- Up-to-date: /home/qiqi/Desktop/boom_ws/install/vision_interfaces/include/vision_interfaces/vision_interfaces/msg/detail/uartf__traits.hpp
[3.313s] -- Up-to-date: /home/qiqi/Desktop/boom_ws/install/vision_interfaces/include/vision_interfaces/vision_interfaces/msg/detail/uart__builder.hpp
[3.314s] -- Up-to-date: /home/qiqi/Desktop/boom_ws/install/vision_interfaces/include/vision_interfaces/vision_interfaces/msg/detail/uartf__type_support.hpp
[3.314s] -- Up-to-date: /home/qiqi/Desktop/boom_ws/install/vision_interfaces/include/vision_interfaces/vision_interfaces/msg/detail/uartf__struct.hpp
[3.315s] -- Up-to-date: /home/qiqi/Desktop/boom_ws/install/vision_interfaces/include/vision_interfaces/vision_interfaces/msg/uart.hpp
[3.316s] -- Up-to-date: /home/qiqi/Desktop/boom_ws/install/vision_interfaces/include/vision_interfaces/vision_interfaces/msg/rosidl_generator_cpp__visibility_control.hpp
[3.316s] -- Up-to-date: /home/qiqi/Desktop/boom_ws/install/vision_interfaces/include/vision_interfaces/vision_interfaces/msg/uartf.hpp
[3.319s] -- Up-to-date: /home/qiqi/Desktop/boom_ws/install/vision_interfaces/include/vision_interfaces/vision_interfaces
[3.323s] -- Up-to-date: /home/qiqi/Desktop/boom_ws/install/vision_interfaces/include/vision_interfaces/vision_interfaces/msg
[3.324s] -- Up-to-date: /home/qiqi/Desktop/boom_ws/install/vision_interfaces/include/vision_interfaces/vision_interfaces/msg/detail
[3.325s] -- Up-to-date: /home/qiqi/Desktop/boom_ws/install/vision_interfaces/include/vision_interfaces/vision_interfaces/msg/detail/uartf__rosidl_typesupport_fastrtps_cpp.hpp
[3.325s] -- Up-to-date: /home/qiqi/Desktop/boom_ws/install/vision_interfaces/include/vision_interfaces/vision_interfaces/msg/detail/uart__rosidl_typesupport_fastrtps_cpp.hpp
[3.326s] -- Up-to-date: /home/qiqi/Desktop/boom_ws/install/vision_interfaces/include/vision_interfaces/vision_interfaces/msg/detail/dds_fastrtps
[3.326s] -- Up-to-date: /home/qiqi/Desktop/boom_ws/install/vision_interfaces/include/vision_interfaces/vision_interfaces/msg/rosidl_typesupport_fastrtps_cpp__visibility_control.h
[3.327s] -- Up-to-date: /home/qiqi/Desktop/boom_ws/install/vision_interfaces/lib/libvision_interfaces__rosidl_typesupport_fastrtps_cpp.so
[3.328s] -- Up-to-date: /home/qiqi/Desktop/boom_ws/install/vision_interfaces/include/vision_interfaces/vision_interfaces
[3.328s] -- Up-to-date: /home/qiqi/Desktop/boom_ws/install/vision_interfaces/include/vision_interfaces/vision_interfaces/msg
[3.329s] -- Up-to-date: /home/qiqi/Desktop/boom_ws/install/vision_interfaces/include/vision_interfaces/vision_interfaces/msg/detail
[3.330s] -- Up-to-date: /home/qiqi/Desktop/boom_ws/install/vision_interfaces/include/vision_interfaces/vision_interfaces/msg/detail/uart__rosidl_typesupport_introspection_c.h
[3.330s] -- Up-to-date: /home/qiqi/Desktop/boom_ws/install/vision_interfaces/include/vision_interfaces/vision_interfaces/msg/detail/uartf__type_support.c
[3.331s] -- Up-to-date: /home/qiqi/Desktop/boom_ws/install/vision_interfaces/include/vision_interfaces/vision_interfaces/msg/detail/uartf__rosidl_typesupport_introspection_c.h
[3.331s] -- Up-to-date: /home/qiqi/Desktop/boom_ws/install/vision_interfaces/include/vision_interfaces/vision_interfaces/msg/detail/uart__type_support.c
[3.332s] -- Up-to-date: /home/qiqi/Desktop/boom_ws/install/vision_interfaces/include/vision_interfaces/vision_interfaces/msg/rosidl_typesupport_introspection_c__visibility_control.h
[3.332s] -- Up-to-date: /home/qiqi/Desktop/boom_ws/install/vision_interfaces/lib/libvision_interfaces__rosidl_typesupport_introspection_c.so
[3.333s] -- Up-to-date: /home/qiqi/Desktop/boom_ws/install/vision_interfaces/lib/libvision_interfaces__rosidl_typesupport_c.so
[3.333s] -- Up-to-date: /home/qiqi/Desktop/boom_ws/install/vision_interfaces/include/vision_interfaces/vision_interfaces
[3.334s] -- Up-to-date: /home/qiqi/Desktop/boom_ws/install/vision_interfaces/include/vision_interfaces/vision_interfaces/msg
[3.335s] -- Up-to-date: /home/qiqi/Desktop/boom_ws/install/vision_interfaces/include/vision_interfaces/vision_interfaces/msg/detail
[3.335s] -- Up-to-date: /home/qiqi/Desktop/boom_ws/install/vision_interfaces/include/vision_interfaces/vision_interfaces/msg/detail/uartf__type_support.cpp
[3.336s] -- Up-to-date: /home/qiqi/Desktop/boom_ws/install/vision_interfaces/include/vision_interfaces/vision_interfaces/msg/detail/uart__type_support.cpp
[3.337s] -- Up-to-date: /home/qiqi/Desktop/boom_ws/install/vision_interfaces/include/vision_interfaces/vision_interfaces/msg/detail/uart__rosidl_typesupport_introspection_cpp.hpp
[3.337s] -- Up-to-date: /home/qiqi/Desktop/boom_ws/install/vision_interfaces/include/vision_interfaces/vision_interfaces/msg/detail/uartf__rosidl_typesupport_introspection_cpp.hpp
[3.338s] -- Up-to-date: /home/qiqi/Desktop/boom_ws/install/vision_interfaces/lib/libvision_interfaces__rosidl_typesupport_introspection_cpp.so
[3.338s] -- Up-to-date: /home/qiqi/Desktop/boom_ws/install/vision_interfaces/lib/libvision_interfaces__rosidl_typesupport_cpp.so
[3.339s] -- Up-to-date: /home/qiqi/Desktop/boom_ws/install/vision_interfaces/share/vision_interfaces/environment/pythonpath.sh
[3.339s] -- Up-to-date: /home/qiqi/Desktop/boom_ws/install/vision_interfaces/share/vision_interfaces/environment/pythonpath.dsv
[3.340s] -- Up-to-date: /home/qiqi/Desktop/boom_ws/install/vision_interfaces/local/lib/python3.10/dist-packages/vision_interfaces-0.0.0-py3.10.egg-info
[3.340s] -- Installing: /home/qiqi/Desktop/boom_ws/install/vision_interfaces/local/lib/python3.10/dist-packages/vision_interfaces-0.0.0-py3.10.egg-info/PKG-INFO
[3.341s] -- Installing: /home/qiqi/Desktop/boom_ws/install/vision_interfaces/local/lib/python3.10/dist-packages/vision_interfaces-0.0.0-py3.10.egg-info/top_level.txt
[3.341s] -- Installing: /home/qiqi/Desktop/boom_ws/install/vision_interfaces/local/lib/python3.10/dist-packages/vision_interfaces-0.0.0-py3.10.egg-info/SOURCES.txt
[3.342s] -- Installing: /home/qiqi/Desktop/boom_ws/install/vision_interfaces/local/lib/python3.10/dist-packages/vision_interfaces-0.0.0-py3.10.egg-info/dependency_links.txt
[3.343s] -- Up-to-date: /home/qiqi/Desktop/boom_ws/install/vision_interfaces/local/lib/python3.10/dist-packages/vision_interfaces
[3.343s] -- Up-to-date: /home/qiqi/Desktop/boom_ws/install/vision_interfaces/local/lib/python3.10/dist-packages/vision_interfaces/_vision_interfaces_s.ep.rosidl_typesupport_c.c
[3.344s] -- Up-to-date: /home/qiqi/Desktop/boom_ws/install/vision_interfaces/local/lib/python3.10/dist-packages/vision_interfaces/vision_interfaces_s__rosidl_typesupport_fastrtps_c.cpython-310-x86_64-linux-gnu.so
[3.347s] -- Up-to-date: /home/qiqi/Desktop/boom_ws/install/vision_interfaces/local/lib/python3.10/dist-packages/vision_interfaces/_vision_interfaces_s.ep.rosidl_typesupport_fastrtps_c.c
[3.348s] -- Up-to-date: /home/qiqi/Desktop/boom_ws/install/vision_interfaces/local/lib/python3.10/dist-packages/vision_interfaces/vision_interfaces_s__rosidl_typesupport_c.cpython-310-x86_64-linux-gnu.so
[3.348s] -- Up-to-date: /home/qiqi/Desktop/boom_ws/install/vision_interfaces/local/lib/python3.10/dist-packages/vision_interfaces/_vision_interfaces_s.ep.rosidl_typesupport_introspection_c.c
[3.349s] -- Up-to-date: /home/qiqi/Desktop/boom_ws/install/vision_interfaces/local/lib/python3.10/dist-packages/vision_interfaces/libvision_interfaces__rosidl_generator_py.so
[3.350s] -- Up-to-date: /home/qiqi/Desktop/boom_ws/install/vision_interfaces/local/lib/python3.10/dist-packages/vision_interfaces/msg
[3.350s] -- Up-to-date: /home/qiqi/Desktop/boom_ws/install/vision_interfaces/local/lib/python3.10/dist-packages/vision_interfaces/msg/_uartf_s.c
[3.351s] -- Up-to-date: /home/qiqi/Desktop/boom_ws/install/vision_interfaces/local/lib/python3.10/dist-packages/vision_interfaces/msg/_uart.py
[3.351s] -- Up-to-date: /home/qiqi/Desktop/boom_ws/install/vision_interfaces/local/lib/python3.10/dist-packages/vision_interfaces/msg/_uartf.py
[3.352s] -- Up-to-date: /home/qiqi/Desktop/boom_ws/install/vision_interfaces/local/lib/python3.10/dist-packages/vision_interfaces/msg/_uart_s.c
[3.353s] -- Up-to-date: /home/qiqi/Desktop/boom_ws/install/vision_interfaces/local/lib/python3.10/dist-packages/vision_interfaces/msg/__init__.py
[3.353s] -- Up-to-date: /home/qiqi/Desktop/boom_ws/install/vision_interfaces/local/lib/python3.10/dist-packages/vision_interfaces/__init__.py
[3.354s] -- Up-to-date: /home/qiqi/Desktop/boom_ws/install/vision_interfaces/local/lib/python3.10/dist-packages/vision_interfaces/vision_interfaces_s__rosidl_typesupport_introspection_c.cpython-310-x86_64-linux-gnu.so
[3.549s] Listing '/home/qiqi/Desktop/boom_ws/install/vision_interfaces/local/lib/python3.10/dist-packages/vision_interfaces'...
[3.550s] Listing '/home/qiqi/Desktop/boom_ws/install/vision_interfaces/local/lib/python3.10/dist-packages/vision_interfaces/msg'...
[3.583s] -- Up-to-date: /home/qiqi/Desktop/boom_ws/install/vision_interfaces/local/lib/python3.10/dist-packages/vision_interfaces/vision_interfaces_s__rosidl_typesupport_fastrtps_c.cpython-310-x86_64-linux-gnu.so
[3.586s] -- Up-to-date: /home/qiqi/Desktop/boom_ws/install/vision_interfaces/local/lib/python3.10/dist-packages/vision_interfaces/vision_interfaces_s__rosidl_typesupport_introspection_c.cpython-310-x86_64-linux-gnu.so
[3.588s] -- Up-to-date: /home/qiqi/Desktop/boom_ws/install/vision_interfaces/local/lib/python3.10/dist-packages/vision_interfaces/vision_interfaces_s__rosidl_typesupport_c.cpython-310-x86_64-linux-gnu.so
[3.592s] -- Up-to-date: /home/qiqi/Desktop/boom_ws/install/vision_interfaces/lib/libvision_interfaces__rosidl_generator_py.so
[3.597s] -- Up-to-date: /home/qiqi/Desktop/boom_ws/install/vision_interfaces/share/vision_interfaces/msg/Uart.idl
[3.599s] -- Up-to-date: /home/qiqi/Desktop/boom_ws/install/vision_interfaces/share/vision_interfaces/msg/Uartf.idl
[3.600s] -- Up-to-date: /home/qiqi/Desktop/boom_ws/install/vision_interfaces/share/vision_interfaces/msg/Uart.msg
[3.600s] -- Up-to-date: /home/qiqi/Desktop/boom_ws/install/vision_interfaces/share/vision_interfaces/msg/Uartf.msg
[3.602s] -- Up-to-date: /home/qiqi/Desktop/boom_ws/install/vision_interfaces/share/ament_index/resource_index/package_run_dependencies/vision_interfaces
[3.603s] -- Up-to-date: /home/qiqi/Desktop/boom_ws/install/vision_interfaces/share/ament_index/resource_index/parent_prefix_path/vision_interfaces
[3.603s] -- Up-to-date: /home/qiqi/Desktop/boom_ws/install/vision_interfaces/share/vision_interfaces/environment/ament_prefix_path.sh
[3.604s] -- Up-to-date: /home/qiqi/Desktop/boom_ws/install/vision_interfaces/share/vision_interfaces/environment/ament_prefix_path.dsv
[3.604s] -- Up-to-date: /home/qiqi/Desktop/boom_ws/install/vision_interfaces/share/vision_interfaces/environment/path.sh
[3.605s] -- Up-to-date: /home/qiqi/Desktop/boom_ws/install/vision_interfaces/share/vision_interfaces/environment/path.dsv
[3.605s] -- Up-to-date: /home/qiqi/Desktop/boom_ws/install/vision_interfaces/share/vision_interfaces/local_setup.bash
[3.606s] -- Up-to-date: /home/qiqi/Desktop/boom_ws/install/vision_interfaces/share/vision_interfaces/local_setup.sh
[3.607s] -- Up-to-date: /home/qiqi/Desktop/boom_ws/install/vision_interfaces/share/vision_interfaces/local_setup.zsh
[3.607s] -- Up-to-date: /home/qiqi/Desktop/boom_ws/install/vision_interfaces/share/vision_interfaces/local_setup.dsv
[3.608s] -- Installing: /home/qiqi/Desktop/boom_ws/install/vision_interfaces/share/vision_interfaces/package.dsv
[3.609s] -- Up-to-date: /home/qiqi/Desktop/boom_ws/install/vision_interfaces/share/ament_index/resource_index/packages/vision_interfaces
[3.610s] -- Up-to-date: /home/qiqi/Desktop/boom_ws/install/vision_interfaces/share/vision_interfaces/cmake/export_vision_interfaces__rosidl_generator_cExport.cmake
[3.610s] -- Up-to-date: /home/qiqi/Desktop/boom_ws/install/vision_interfaces/share/vision_interfaces/cmake/export_vision_interfaces__rosidl_generator_cExport-noconfig.cmake
[3.611s] -- Up-to-date: /home/qiqi/Desktop/boom_ws/install/vision_interfaces/share/vision_interfaces/cmake/export_vision_interfaces__rosidl_typesupport_fastrtps_cExport.cmake
[3.611s] -- Up-to-date: /home/qiqi/Desktop/boom_ws/install/vision_interfaces/share/vision_interfaces/cmake/export_vision_interfaces__rosidl_typesupport_fastrtps_cExport-noconfig.cmake
[3.612s] -- Up-to-date: /home/qiqi/Desktop/boom_ws/install/vision_interfaces/share/vision_interfaces/cmake/export_vision_interfaces__rosidl_generator_cppExport.cmake
[3.612s] -- Up-to-date: /home/qiqi/Desktop/boom_ws/install/vision_interfaces/share/vision_interfaces/cmake/export_vision_interfaces__rosidl_typesupport_fastrtps_cppExport.cmake
[3.613s] -- Up-to-date: /home/qiqi/Desktop/boom_ws/install/vision_interfaces/share/vision_interfaces/cmake/export_vision_interfaces__rosidl_typesupport_fastrtps_cppExport-noconfig.cmake
[3.613s] -- Up-to-date: /home/qiqi/Desktop/boom_ws/install/vision_interfaces/share/vision_interfaces/cmake/vision_interfaces__rosidl_typesupport_introspection_cExport.cmake
[3.614s] -- Up-to-date: /home/qiqi/Desktop/boom_ws/install/vision_interfaces/share/vision_interfaces/cmake/vision_interfaces__rosidl_typesupport_introspection_cExport-noconfig.cmake
[3.614s] -- Up-to-date: /home/qiqi/Desktop/boom_ws/install/vision_interfaces/share/vision_interfaces/cmake/vision_interfaces__rosidl_typesupport_cExport.cmake
[3.614s] -- Up-to-date: /home/qiqi/Desktop/boom_ws/install/vision_interfaces/share/vision_interfaces/cmake/vision_interfaces__rosidl_typesupport_cExport-noconfig.cmake
[3.615s] -- Up-to-date: /home/qiqi/Desktop/boom_ws/install/vision_interfaces/share/vision_interfaces/cmake/vision_interfaces__rosidl_typesupport_introspection_cppExport.cmake
[3.615s] -- Up-to-date: /home/qiqi/Desktop/boom_ws/install/vision_interfaces/share/vision_interfaces/cmake/vision_interfaces__rosidl_typesupport_introspection_cppExport-noconfig.cmake
[3.616s] -- Up-to-date: /home/qiqi/Desktop/boom_ws/install/vision_interfaces/share/vision_interfaces/cmake/vision_interfaces__rosidl_typesupport_cppExport.cmake
[3.617s] -- Up-to-date: /home/qiqi/Desktop/boom_ws/install/vision_interfaces/share/vision_interfaces/cmake/vision_interfaces__rosidl_typesupport_cppExport-noconfig.cmake
[3.617s] -- Up-to-date: /home/qiqi/Desktop/boom_ws/install/vision_interfaces/share/vision_interfaces/cmake/export_vision_interfaces__rosidl_generator_pyExport.cmake
[3.619s] -- Up-to-date: /home/qiqi/Desktop/boom_ws/install/vision_interfaces/share/vision_interfaces/cmake/export_vision_interfaces__rosidl_generator_pyExport-noconfig.cmake
[3.620s] -- Up-to-date: /home/qiqi/Desktop/boom_ws/install/vision_interfaces/share/vision_interfaces/cmake/rosidl_cmake-extras.cmake
[3.621s] -- Up-to-date: /home/qiqi/Desktop/boom_ws/install/vision_interfaces/share/vision_interfaces/cmake/ament_cmake_export_dependencies-extras.cmake
[3.621s] -- Up-to-date: /home/qiqi/Desktop/boom_ws/install/vision_interfaces/share/vision_interfaces/cmake/ament_cmake_export_include_directories-extras.cmake
[3.622s] -- Up-to-date: /home/qiqi/Desktop/boom_ws/install/vision_interfaces/share/vision_interfaces/cmake/ament_cmake_export_libraries-extras.cmake
[3.623s] -- Up-to-date: /home/qiqi/Desktop/boom_ws/install/vision_interfaces/share/vision_interfaces/cmake/ament_cmake_export_targets-extras.cmake
[3.623s] -- Up-to-date: /home/qiqi/Desktop/boom_ws/install/vision_interfaces/share/vision_interfaces/cmake/rosidl_cmake_export_typesupport_targets-extras.cmake
[3.625s] -- Up-to-date: /home/qiqi/Desktop/boom_ws/install/vision_interfaces/share/vision_interfaces/cmake/rosidl_cmake_export_typesupport_libraries-extras.cmake
[3.625s] -- Up-to-date: /home/qiqi/Desktop/boom_ws/install/vision_interfaces/share/vision_interfaces/cmake/vision_interfacesConfig.cmake
[3.626s] -- Up-to-date: /home/qiqi/Desktop/boom_ws/install/vision_interfaces/share/vision_interfaces/cmake/vision_interfacesConfig-version.cmake
[3.626s] -- Up-to-date: /home/qiqi/Desktop/boom_ws/install/vision_interfaces/share/vision_interfaces/package.xml
[3.638s] Invoked command in '/home/qiqi/Desktop/boom_ws/build/vision_interfaces' returned '0': CMAKE_PREFIX_PATH=${CMAKE_PREFIX_PATH}:/opt/ros/humble /usr/bin/cmake --install /home/qiqi/Desktop/boom_ws/build/vision_interfaces
