[0.015s] Invoking command in '/home/qiqi/桌面/boom_ws/build/vision_interfaces': CMAKE_PREFIX_PATH=/opt/ros/humble /usr/bin/cmake /home/qiqi/桌面/boom_ws/src/vision_interfaces -DCMAKE_INSTALL_PREFIX=/home/qiqi/桌面/boom_ws/install/vision_interfaces
[0.029s] -- Found ament_cmake: 1.3.11 (/opt/ros/humble/share/ament_cmake/cmake)
[0.179s] -- Found rclcpp: 16.0.12 (/opt/ros/humble/share/rclcpp/cmake)
[0.213s] -- Found rosidl_generator_c: 3.1.6 (/opt/ros/humble/share/rosidl_generator_c/cmake)
[0.216s] -- Found rosidl_adapter: 3.1.6 (/opt/ros/humble/share/rosidl_adapter/cmake)
[0.224s] -- Found rosidl_generator_cpp: 3.1.6 (/opt/ros/humble/share/rosidl_generator_cpp/cmake)
[0.236s] -- Using all available rosidl_typesupport_c: rosidl_typesupport_fastrtps_c;rosidl_typesupport_introspection_c
[0.248s] -- Using all available rosidl_typesupport_cpp: rosidl_typesupport_fastrtps_cpp;rosidl_typesupport_introspection_cpp
[0.275s] -- Found rmw_implementation_cmake: 6.1.2 (/opt/ros/humble/share/rmw_implementation_cmake/cmake)
[0.276s] -- Found rmw_fastrtps_cpp: 6.2.7 (/opt/ros/humble/share/rmw_fastrtps_cpp/cmake)
[0.350s] -- Using RMW implementation 'rmw_fastrtps_cpp' as default
[0.391s] -- Found geometry_msgs: 4.8.0 (/opt/ros/humble/share/geometry_msgs/cmake)
[0.402s] -- Found rosidl_default_generators: 1.2.0 (/opt/ros/humble/share/rosidl_default_generators/cmake)
[0.597s] [31mCMake Error at /opt/ros/humble/share/rosidl_cmake/cmake/rosidl_generate_interfaces.cmake:240 (list):
[0.597s]   list index: 1 out of range (-1, 0)
[0.597s] Call Stack (most recent call first):
[0.597s]   CMakeLists.txt:20 (rosidl_generate_interfaces)
[0.597s] 
[0.597s] [0m
[0.597s] [31mCMake Error at /opt/ros/humble/share/rosidl_cmake/cmake/rosidl_generate_interfaces.cmake:240 (list):
[0.597s]   list index: 1 out of range (-1, 0)
[0.598s] Call Stack (most recent call first):
[0.598s]   CMakeLists.txt:20 (rosidl_generate_interfaces)
[0.598s] 
[0.598s] [0m
[0.599s] [31mCMake Error at /opt/ros/humble/share/rosidl_generator_c/cmake/rosidl_generator_c_generate_interfaces.cmake:69 (message):
[0.599s]   Target dependency
[0.599s]   '/boom_ws/build/vision_interfaces/rosidl_adapter/vision_interfaces/msg/Uart.idl'
[0.599s]   does not exist
[0.599s] Call Stack (most recent call first):
[0.599s]   /opt/ros/humble/share/ament_cmake_core/cmake/core/ament_execute_extensions.cmake:48 (include)
[0.599s]   /opt/ros/humble/share/rosidl_cmake/cmake/rosidl_generate_interfaces.cmake:286 (ament_execute_extensions)
[0.599s]   CMakeLists.txt:20 (rosidl_generate_interfaces)
[0.599s] 
[0.599s] [0m
[0.599s] -- Configuring incomplete, errors occurred!
[0.599s] See also "/home/qiqi/桌面/boom_ws/build/vision_interfaces/CMakeFiles/CMakeOutput.log".
[0.605s] Invoked command in '/home/qiqi/桌面/boom_ws/build/vision_interfaces' returned '1': CMAKE_PREFIX_PATH=/opt/ros/humble /usr/bin/cmake /home/qiqi/桌面/boom_ws/src/vision_interfaces -DCMAKE_INSTALL_PREFIX=/home/qiqi/桌面/boom_ws/install/vision_interfaces
