[0.023s] Invoking command in '/home/qiqi/Desktop/boom_ws/build/serial': CMAKE_PREFIX_PATH=/home/qiqi/Desktop/boom_ws/install/vision_interfaces:/home/qiqi/Desktop/boom_ws/install/serial:/home/qiqi/Desktop/boom_ws/install/resolve:/home/qiqi/Desktop/boom_ws/install/hik_camera_ros2_driver:/home/qiqi/Desktop/boom_ws/install/display:/opt/ros/humble LD_LIBRARY_PATH=/home/qiqi/Desktop/boom_ws/install/vision_interfaces/lib:/usr/local/lib:/home/qiqi/Desktop/boom_ws/install/hik_camera_ros2_driver/lib:/opt/MVS/lib/64:/opt/MVS/lib/32:/opt/ros/humble/opt/rviz_ogre_vendor/lib:/opt/ros/humble/lib/x86_64-linux-gnu:/opt/ros/humble/lib:/opt/MVS/lib/64:/opt/MVS/lib/32:/opt/MVS/lib/64:/opt/MVS/lib/32 /usr/bin/cmake --build /home/qiqi/Desktop/boom_ws/build/serial -- -j8 -l8
[0.131s] [35m[1mConsolidate compiler generated dependencies of target serial[0m
[0.176s] [100%] Built target serial
[0.200s] Invoked command in '/home/qiqi/Desktop/boom_ws/build/serial' returned '0': CMAKE_PREFIX_PATH=/home/qiqi/Desktop/boom_ws/install/vision_interfaces:/home/qiqi/Desktop/boom_ws/install/serial:/home/qiqi/Desktop/boom_ws/install/resolve:/home/qiqi/Desktop/boom_ws/install/hik_camera_ros2_driver:/home/qiqi/Desktop/boom_ws/install/display:/opt/ros/humble LD_LIBRARY_PATH=/home/qiqi/Desktop/boom_ws/install/vision_interfaces/lib:/usr/local/lib:/home/qiqi/Desktop/boom_ws/install/hik_camera_ros2_driver/lib:/opt/MVS/lib/64:/opt/MVS/lib/32:/opt/ros/humble/opt/rviz_ogre_vendor/lib:/opt/ros/humble/lib/x86_64-linux-gnu:/opt/ros/humble/lib:/opt/MVS/lib/64:/opt/MVS/lib/32:/opt/MVS/lib/64:/opt/MVS/lib/32 /usr/bin/cmake --build /home/qiqi/Desktop/boom_ws/build/serial -- -j8 -l8
[0.205s] Invoking command in '/home/qiqi/Desktop/boom_ws/build/serial': CMAKE_PREFIX_PATH=/home/qiqi/Desktop/boom_ws/install/vision_interfaces:/home/qiqi/Desktop/boom_ws/install/serial:/home/qiqi/Desktop/boom_ws/install/resolve:/home/qiqi/Desktop/boom_ws/install/hik_camera_ros2_driver:/home/qiqi/Desktop/boom_ws/install/display:/opt/ros/humble LD_LIBRARY_PATH=/home/qiqi/Desktop/boom_ws/install/vision_interfaces/lib:/usr/local/lib:/home/qiqi/Desktop/boom_ws/install/hik_camera_ros2_driver/lib:/opt/MVS/lib/64:/opt/MVS/lib/32:/opt/ros/humble/opt/rviz_ogre_vendor/lib:/opt/ros/humble/lib/x86_64-linux-gnu:/opt/ros/humble/lib:/opt/MVS/lib/64:/opt/MVS/lib/32:/opt/MVS/lib/64:/opt/MVS/lib/32 /usr/bin/cmake --install /home/qiqi/Desktop/boom_ws/build/serial
[0.221s] -- Install configuration: ""
[0.222s] -- Up-to-date: /home/qiqi/Desktop/boom_ws/install/serial/lib/serial/serial
[0.222s] -- Up-to-date: /home/qiqi/Desktop/boom_ws/install/serial/share/ament_index/resource_index/package_run_dependencies/serial
[0.222s] -- Up-to-date: /home/qiqi/Desktop/boom_ws/install/serial/share/ament_index/resource_index/parent_prefix_path/serial
[0.223s] -- Up-to-date: /home/qiqi/Desktop/boom_ws/install/serial/share/serial/environment/ament_prefix_path.sh
[0.223s] -- Up-to-date: /home/qiqi/Desktop/boom_ws/install/serial/share/serial/environment/ament_prefix_path.dsv
[0.223s] -- Up-to-date: /home/qiqi/Desktop/boom_ws/install/serial/share/serial/environment/path.sh
[0.223s] -- Up-to-date: /home/qiqi/Desktop/boom_ws/install/serial/share/serial/environment/path.dsv
[0.223s] -- Up-to-date: /home/qiqi/Desktop/boom_ws/install/serial/share/serial/local_setup.bash
[0.224s] -- Up-to-date: /home/qiqi/Desktop/boom_ws/install/serial/share/serial/local_setup.sh
[0.224s] -- Up-to-date: /home/qiqi/Desktop/boom_ws/install/serial/share/serial/local_setup.zsh
[0.224s] -- Up-to-date: /home/qiqi/Desktop/boom_ws/install/serial/share/serial/local_setup.dsv
[0.224s] -- Installing: /home/qiqi/Desktop/boom_ws/install/serial/share/serial/package.dsv
[0.224s] -- Up-to-date: /home/qiqi/Desktop/boom_ws/install/serial/share/ament_index/resource_index/packages/serial
[0.224s] -- Up-to-date: /home/qiqi/Desktop/boom_ws/install/serial/share/serial/cmake/serialConfig.cmake
[0.224s] -- Up-to-date: /home/qiqi/Desktop/boom_ws/install/serial/share/serial/cmake/serialConfig-version.cmake
[0.225s] -- Up-to-date: /home/qiqi/Desktop/boom_ws/install/serial/share/serial/package.xml
[0.228s] Invoked command in '/home/qiqi/Desktop/boom_ws/build/serial' returned '0': CMAKE_PREFIX_PATH=/home/qiqi/Desktop/boom_ws/install/vision_interfaces:/home/qiqi/Desktop/boom_ws/install/serial:/home/qiqi/Desktop/boom_ws/install/resolve:/home/qiqi/Desktop/boom_ws/install/hik_camera_ros2_driver:/home/qiqi/Desktop/boom_ws/install/display:/opt/ros/humble LD_LIBRARY_PATH=/home/qiqi/Desktop/boom_ws/install/vision_interfaces/lib:/usr/local/lib:/home/qiqi/Desktop/boom_ws/install/hik_camera_ros2_driver/lib:/opt/MVS/lib/64:/opt/MVS/lib/32:/opt/ros/humble/opt/rviz_ogre_vendor/lib:/opt/ros/humble/lib/x86_64-linux-gnu:/opt/ros/humble/lib:/opt/MVS/lib/64:/opt/MVS/lib/32:/opt/MVS/lib/64:/opt/MVS/lib/32 /usr/bin/cmake --install /home/qiqi/Desktop/boom_ws/build/serial
