[0.010s] Invoking command in '/home/xyq/Desktop/boom_ws/build/vision_interfaces': CMAKE_PREFIX_PATH=${CMAKE_PREFIX_PATH}:/opt/ros/humble /usr/bin/cmake /home/xyq/Desktop/boom_ws/src/vision_interfaces -DCMAKE_INSTALL_PREFIX=/home/xyq/Desktop/boom_ws/install/vision_interfaces
[0.064s] -- The C compiler identification is GNU 11.4.0
[0.106s] -- The CXX compiler identification is GNU 11.4.0
[0.113s] -- Detecting C compiler ABI info
[0.185s] -- Detecting C compiler ABI info - done
[0.190s] -- Check for working C compiler: /usr/bin/cc - skipped
[0.190s] -- Detecting C compile features
[0.190s] -- Detecting C compile features - done
[0.192s] -- Detecting CXX compiler ABI info
[0.259s] -- Detecting CXX compiler ABI info - done
[0.264s] -- Check for working CXX compiler: /usr/bin/c++ - skipped
[0.264s] -- Detecting CXX compile features
[0.265s] -- Detecting CXX compile features - done
[0.266s] -- Found ament_cmake: 1.3.11 (/opt/ros/humble/share/ament_cmake/cmake)
[0.375s] -- Found Python3: /usr/bin/python3 (found version "3.10.12") found components: Interpreter 
[0.435s] -- Found rclcpp: 16.0.11 (/opt/ros/humble/share/rclcpp/cmake)
[0.464s] -- Found rosidl_generator_c: 3.1.6 (/opt/ros/humble/share/rosidl_generator_c/cmake)
[0.467s] -- Found rosidl_adapter: 3.1.6 (/opt/ros/humble/share/rosidl_adapter/cmake)
[0.472s] -- Found rosidl_generator_cpp: 3.1.6 (/opt/ros/humble/share/rosidl_generator_cpp/cmake)
[0.480s] -- Using all available rosidl_typesupport_c: rosidl_typesupport_fastrtps_c;rosidl_typesupport_introspection_c
[0.491s] -- Using all available rosidl_typesupport_cpp: rosidl_typesupport_fastrtps_cpp;rosidl_typesupport_introspection_cpp
[0.519s] -- Found rmw_implementation_cmake: 6.1.2 (/opt/ros/humble/share/rmw_implementation_cmake/cmake)
[0.521s] -- Found rmw_fastrtps_cpp: 6.2.7 (/opt/ros/humble/share/rmw_fastrtps_cpp/cmake)
[0.606s] -- Found OpenSSL: /usr/lib/x86_64-linux-gnu/libcrypto.so (found version "3.0.2")  
[0.630s] -- Found FastRTPS: /opt/ros/humble/include  
[0.665s] -- Using RMW implementation 'rmw_fastrtps_cpp' as default
[0.671s] -- Looking for pthread.h
[0.746s] -- Looking for pthread.h - found
[0.746s] -- Performing Test CMAKE_HAVE_LIBC_PTHREAD
[0.814s] -- Performing Test CMAKE_HAVE_LIBC_PTHREAD - Success
[0.815s] -- Found Threads: TRUE  
[0.853s] -- Found geometry_msgs: 4.2.4 (/opt/ros/humble/share/geometry_msgs/cmake)
[0.861s] -- Found rosidl_default_generators: 1.2.0 (/opt/ros/humble/share/rosidl_default_generators/cmake)
[1.080s] -- Found ament_cmake_ros: 0.10.0 (/opt/ros/humble/share/ament_cmake_ros/cmake)
[1.387s] -- Using all available rosidl_typesupport_c: rosidl_typesupport_fastrtps_c;rosidl_typesupport_introspection_c
[1.517s] -- Using all available rosidl_typesupport_cpp: rosidl_typesupport_fastrtps_cpp;rosidl_typesupport_introspection_cpp
[1.539s] -- Found PythonInterp: /usr/bin/python3 (found suitable version "3.10.12", minimum required is "3.6") 
[1.540s] -- Found python_cmake_module: 0.10.0 (/opt/ros/humble/share/python_cmake_module/cmake)
[1.565s] -- Found PythonLibs: /usr/lib/x86_64-linux-gnu/libpython3.10.so (found suitable version "3.10.12", minimum required is "3.5") 
[1.565s] -- Using PYTHON_EXECUTABLE: /usr/bin/python3
[1.565s] -- Using PYTHON_INCLUDE_DIRS: /usr/include/python3.10
[1.565s] -- Using PYTHON_LIBRARIES: /usr/lib/x86_64-linux-gnu/libpython3.10.so
[1.593s] -- Found PythonExtra: .so  
[1.630s] -- Found ament_lint_auto: 0.12.11 (/opt/ros/humble/share/ament_lint_auto/cmake)
[1.641s] -- Added test 'lint_cmake' to check CMake code style
[1.642s] -- Added test 'xmllint' to check XML markup files
[1.644s] -- Configuring done
[1.666s] -- Generating done
[1.675s] -- Build files have been written to: /home/xyq/Desktop/boom_ws/build/vision_interfaces
[1.694s] Invoked command in '/home/xyq/Desktop/boom_ws/build/vision_interfaces' returned '0': CMAKE_PREFIX_PATH=${CMAKE_PREFIX_PATH}:/opt/ros/humble /usr/bin/cmake /home/xyq/Desktop/boom_ws/src/vision_interfaces -DCMAKE_INSTALL_PREFIX=/home/xyq/Desktop/boom_ws/install/vision_interfaces
[1.695s] Invoking command in '/home/xyq/Desktop/boom_ws/build/vision_interfaces': CMAKE_PREFIX_PATH=${CMAKE_PREFIX_PATH}:/opt/ros/humble /usr/bin/cmake --build /home/xyq/Desktop/boom_ws/build/vision_interfaces -- -j20 -l20
[1.753s] [  2%] [34m[1mGenerating C code for ROS interfaces[0m
[1.771s] [  5%] [34m[1mGenerating C++ code for ROS interfaces[0m
[1.777s] [  5%] Built target ament_cmake_python_copy_vision_interfaces
[1.941s] running egg_info
[1.942s] creating vision_interfaces.egg-info
[1.942s] writing vision_interfaces.egg-info/PKG-INFO
[1.942s] writing dependency_links to vision_interfaces.egg-info/dependency_links.txt
[1.942s] writing top-level names to vision_interfaces.egg-info/top_level.txt
[1.942s] writing manifest file 'vision_interfaces.egg-info/SOURCES.txt'
[1.943s] reading manifest file 'vision_interfaces.egg-info/SOURCES.txt'
[1.943s] writing manifest file 'vision_interfaces.egg-info/SOURCES.txt'
[1.971s] [  7%] [32mBuilding C object CMakeFiles/vision_interfaces__rosidl_generator_c.dir/rosidl_generator_c/vision_interfaces/msg/detail/uart__functions.c.o[0m
[1.971s] [  7%] Built target ament_cmake_python_build_vision_interfaces_egg
[1.974s] [ 10%] [32mBuilding C object CMakeFiles/vision_interfaces__rosidl_generator_c.dir/rosidl_generator_c/vision_interfaces/msg/detail/uartf__functions.c.o[0m
[1.982s] [ 10%] Built target vision_interfaces__cpp
[1.995s] [ 12%] [34m[1mGenerating C++ type support dispatch for ROS interfaces[0m
[1.996s] [ 15%] [34m[1mGenerating C++ introspection for ROS interfaces[0m
[1.996s] [ 17%] [34m[1mGenerating C++ type support for eProsima Fast-RTPS[0m
[2.019s] [ 20%] [32m[1mLinking C shared library libvision_interfaces__rosidl_generator_c.so[0m
[2.064s] [ 20%] Built target vision_interfaces__rosidl_generator_c
[2.074s] [ 23%] [34m[1mGenerating C type support dispatch for ROS interfaces[0m
[2.078s] [ 28%] [34m[1mGenerating C type support for eProsima Fast-RTPS[0m
[2.078s] [ 28%] [34m[1mGenerating C introspection for ROS interfaces[0m
[2.178s] [ 30%] [32mBuilding CXX object CMakeFiles/vision_interfaces__rosidl_typesupport_introspection_cpp.dir/rosidl_typesupport_introspection_cpp/vision_interfaces/msg/detail/uartf__type_support.cpp.o[0m
[2.180s] [ 33%] [32mBuilding CXX object CMakeFiles/vision_interfaces__rosidl_typesupport_cpp.dir/rosidl_typesupport_cpp/vision_interfaces/msg/uart__type_support.cpp.o[0m
[2.180s] [ 35%] [32mBuilding CXX object CMakeFiles/vision_interfaces__rosidl_typesupport_introspection_cpp.dir/rosidl_typesupport_introspection_cpp/vision_interfaces/msg/detail/uart__type_support.cpp.o[0m
[2.180s] [ 38%] [32mBuilding CXX object CMakeFiles/vision_interfaces__rosidl_typesupport_cpp.dir/rosidl_typesupport_cpp/vision_interfaces/msg/uartf__type_support.cpp.o[0m
[2.292s] [ 41%] [32mBuilding CXX object CMakeFiles/vision_interfaces__rosidl_typesupport_fastrtps_c.dir/rosidl_typesupport_fastrtps_c/vision_interfaces/msg/detail/uartf__type_support_c.cpp.o[0m
[2.294s] [ 43%] [32mBuilding C object CMakeFiles/vision_interfaces__rosidl_typesupport_introspection_c.dir/rosidl_typesupport_introspection_c/vision_interfaces/msg/detail/uartf__type_support.c.o[0m
[2.294s] [ 46%] [32mBuilding CXX object CMakeFiles/vision_interfaces__rosidl_typesupport_fastrtps_c.dir/rosidl_typesupport_fastrtps_c/vision_interfaces/msg/detail/uart__type_support_c.cpp.o[0m
[2.295s] [ 48%] [32mBuilding C object CMakeFiles/vision_interfaces__rosidl_typesupport_introspection_c.dir/rosidl_typesupport_introspection_c/vision_interfaces/msg/detail/uart__type_support.c.o[0m
[2.330s] [ 51%] [32m[1mLinking C shared library libvision_interfaces__rosidl_typesupport_introspection_c.so[0m
[2.353s] [ 53%] [32mBuilding CXX object CMakeFiles/vision_interfaces__rosidl_typesupport_fastrtps_cpp.dir/rosidl_typesupport_fastrtps_cpp/vision_interfaces/msg/detail/dds_fastrtps/uartf__type_support.cpp.o[0m
[2.354s] [ 56%] [32mBuilding CXX object CMakeFiles/vision_interfaces__rosidl_typesupport_fastrtps_cpp.dir/rosidl_typesupport_fastrtps_cpp/vision_interfaces/msg/detail/dds_fastrtps/uart__type_support.cpp.o[0m
[2.367s] [ 56%] Built target vision_interfaces__rosidl_typesupport_introspection_c
[2.383s] [ 58%] [32mBuilding CXX object CMakeFiles/vision_interfaces__rosidl_typesupport_c.dir/rosidl_typesupport_c/vision_interfaces/msg/uartf__type_support.cpp.o[0m
[2.385s] [ 61%] [32mBuilding CXX object CMakeFiles/vision_interfaces__rosidl_typesupport_c.dir/rosidl_typesupport_c/vision_interfaces/msg/uart__type_support.cpp.o[0m
[2.417s] [ 64%] [32m[1mLinking CXX shared library libvision_interfaces__rosidl_typesupport_c.so[0m
[2.455s] [ 64%] Built target vision_interfaces__rosidl_typesupport_c
[2.530s] [ 66%] [32m[1mLinking CXX shared library libvision_interfaces__rosidl_typesupport_cpp.so[0m
[2.573s] [ 66%] Built target vision_interfaces__rosidl_typesupport_cpp
[2.607s] [ 69%] [32m[1mLinking CXX shared library libvision_interfaces__rosidl_typesupport_fastrtps_c.so[0m
[2.625s] [ 71%] [32m[1mLinking CXX shared library libvision_interfaces__rosidl_typesupport_introspection_cpp.so[0m
[2.689s] [ 71%] Built target vision_interfaces__rosidl_typesupport_introspection_cpp
[2.696s] [ 71%] Built target vision_interfaces__rosidl_typesupport_fastrtps_c
[2.744s] [ 74%] [32m[1mLinking CXX shared library libvision_interfaces__rosidl_typesupport_fastrtps_cpp.so[0m
[2.804s] [ 74%] Built target vision_interfaces__rosidl_typesupport_fastrtps_cpp
[2.825s] [ 74%] Built target vision_interfaces
[2.846s] [ 76%] [34m[1mGenerating Python code for ROS interfaces[0m
[3.081s] [ 76%] Built target vision_interfaces__py
[3.103s] [ 79%] [32mBuilding C object CMakeFiles/vision_interfaces__rosidl_generator_py.dir/rosidl_generator_py/vision_interfaces/msg/_uartf_s.c.o[0m
[3.106s] [ 82%] [32mBuilding C object CMakeFiles/vision_interfaces__rosidl_generator_py.dir/rosidl_generator_py/vision_interfaces/msg/_uart_s.c.o[0m
[3.177s] [ 84%] [32m[1mLinking C shared library rosidl_generator_py/vision_interfaces/libvision_interfaces__rosidl_generator_py.so[0m
[3.210s] [ 84%] Built target vision_interfaces__rosidl_generator_py
[3.237s] [ 87%] [32mBuilding C object CMakeFiles/vision_interfaces__rosidl_typesupport_fastrtps_c__pyext.dir/rosidl_generator_py/vision_interfaces/_vision_interfaces_s.ep.rosidl_typesupport_fastrtps_c.c.o[0m
[3.238s] [ 89%] [32mBuilding C object CMakeFiles/vision_interfaces__rosidl_typesupport_introspection_c__pyext.dir/rosidl_generator_py/vision_interfaces/_vision_interfaces_s.ep.rosidl_typesupport_introspection_c.c.o[0m
[3.240s] [ 92%] [32mBuilding C object CMakeFiles/vision_interfaces__rosidl_typesupport_c__pyext.dir/rosidl_generator_py/vision_interfaces/_vision_interfaces_s.ep.rosidl_typesupport_c.c.o[0m
[3.304s] [ 94%] [32m[1mLinking C shared library rosidl_generator_py/vision_interfaces/vision_interfaces_s__rosidl_typesupport_fastrtps_c.cpython-310-x86_64-linux-gnu.so[0m
[3.310s] [ 97%] [32m[1mLinking C shared library rosidl_generator_py/vision_interfaces/vision_interfaces_s__rosidl_typesupport_introspection_c.cpython-310-x86_64-linux-gnu.so[0m
[3.312s] [100%] [32m[1mLinking C shared library rosidl_generator_py/vision_interfaces/vision_interfaces_s__rosidl_typesupport_c.cpython-310-x86_64-linux-gnu.so[0m
[3.335s] [100%] Built target vision_interfaces__rosidl_typesupport_fastrtps_c__pyext
[3.345s] [100%] Built target vision_interfaces__rosidl_typesupport_c__pyext
[3.349s] [100%] Built target vision_interfaces__rosidl_typesupport_introspection_c__pyext
[3.358s] Invoked command in '/home/xyq/Desktop/boom_ws/build/vision_interfaces' returned '0': CMAKE_PREFIX_PATH=${CMAKE_PREFIX_PATH}:/opt/ros/humble /usr/bin/cmake --build /home/xyq/Desktop/boom_ws/build/vision_interfaces -- -j20 -l20
[3.369s] Invoking command in '/home/xyq/Desktop/boom_ws/build/vision_interfaces': CMAKE_PREFIX_PATH=${CMAKE_PREFIX_PATH}:/opt/ros/humble /usr/bin/cmake --install /home/xyq/Desktop/boom_ws/build/vision_interfaces
[3.376s] -- Install configuration: ""
[3.376s] -- Installing: /home/xyq/Desktop/boom_ws/install/vision_interfaces/share/ament_index/resource_index/rosidl_interfaces/vision_interfaces
[3.376s] -- Installing: /home/xyq/Desktop/boom_ws/install/vision_interfaces/include/vision_interfaces/vision_interfaces
[3.376s] -- Installing: /home/xyq/Desktop/boom_ws/install/vision_interfaces/include/vision_interfaces/vision_interfaces/msg
[3.376s] -- Installing: /home/xyq/Desktop/boom_ws/install/vision_interfaces/include/vision_interfaces/vision_interfaces/msg/uartf.h
[3.376s] -- Installing: /home/xyq/Desktop/boom_ws/install/vision_interfaces/include/vision_interfaces/vision_interfaces/msg/detail
[3.376s] -- Installing: /home/xyq/Desktop/boom_ws/install/vision_interfaces/include/vision_interfaces/vision_interfaces/msg/detail/uart__functions.c
[3.376s] -- Installing: /home/xyq/Desktop/boom_ws/install/vision_interfaces/include/vision_interfaces/vision_interfaces/msg/detail/uartf__functions.h
[3.376s] -- Installing: /home/xyq/Desktop/boom_ws/install/vision_interfaces/include/vision_interfaces/vision_interfaces/msg/detail/uartf__functions.c
[3.376s] -- Installing: /home/xyq/Desktop/boom_ws/install/vision_interfaces/include/vision_interfaces/vision_interfaces/msg/detail/uartf__type_support.h
[3.376s] -- Installing: /home/xyq/Desktop/boom_ws/install/vision_interfaces/include/vision_interfaces/vision_interfaces/msg/detail/uart__functions.h
[3.376s] -- Installing: /home/xyq/Desktop/boom_ws/install/vision_interfaces/include/vision_interfaces/vision_interfaces/msg/detail/uart__type_support.h
[3.376s] -- Installing: /home/xyq/Desktop/boom_ws/install/vision_interfaces/include/vision_interfaces/vision_interfaces/msg/detail/uart__struct.h
[3.376s] -- Installing: /home/xyq/Desktop/boom_ws/install/vision_interfaces/include/vision_interfaces/vision_interfaces/msg/detail/uartf__struct.h
[3.376s] -- Installing: /home/xyq/Desktop/boom_ws/install/vision_interfaces/include/vision_interfaces/vision_interfaces/msg/uart.h
[3.376s] -- Installing: /home/xyq/Desktop/boom_ws/install/vision_interfaces/include/vision_interfaces/vision_interfaces/msg/rosidl_generator_c__visibility_control.h
[3.377s] -- Installing: /home/xyq/Desktop/boom_ws/install/vision_interfaces/share/vision_interfaces/environment/library_path.sh
[3.377s] -- Installing: /home/xyq/Desktop/boom_ws/install/vision_interfaces/share/vision_interfaces/environment/library_path.dsv
[3.377s] -- Installing: /home/xyq/Desktop/boom_ws/install/vision_interfaces/lib/libvision_interfaces__rosidl_generator_c.so
[3.377s] -- Set runtime path of "/home/xyq/Desktop/boom_ws/install/vision_interfaces/lib/libvision_interfaces__rosidl_generator_c.so" to ""
[3.377s] -- Up-to-date: /home/xyq/Desktop/boom_ws/install/vision_interfaces/include/vision_interfaces/vision_interfaces
[3.377s] -- Up-to-date: /home/xyq/Desktop/boom_ws/install/vision_interfaces/include/vision_interfaces/vision_interfaces/msg
[3.377s] -- Up-to-date: /home/xyq/Desktop/boom_ws/install/vision_interfaces/include/vision_interfaces/vision_interfaces/msg/detail
[3.377s] -- Installing: /home/xyq/Desktop/boom_ws/install/vision_interfaces/include/vision_interfaces/vision_interfaces/msg/detail/uart__rosidl_typesupport_fastrtps_c.h
[3.377s] -- Installing: /home/xyq/Desktop/boom_ws/install/vision_interfaces/include/vision_interfaces/vision_interfaces/msg/detail/uartf__rosidl_typesupport_fastrtps_c.h
[3.377s] -- Installing: /home/xyq/Desktop/boom_ws/install/vision_interfaces/include/vision_interfaces/vision_interfaces/msg/rosidl_typesupport_fastrtps_c__visibility_control.h
[3.377s] -- Installing: /home/xyq/Desktop/boom_ws/install/vision_interfaces/lib/libvision_interfaces__rosidl_typesupport_fastrtps_c.so
[3.377s] -- Set runtime path of "/home/xyq/Desktop/boom_ws/install/vision_interfaces/lib/libvision_interfaces__rosidl_typesupport_fastrtps_c.so" to ""
[3.377s] -- Up-to-date: /home/xyq/Desktop/boom_ws/install/vision_interfaces/include/vision_interfaces/vision_interfaces
[3.377s] -- Up-to-date: /home/xyq/Desktop/boom_ws/install/vision_interfaces/include/vision_interfaces/vision_interfaces/msg
[3.377s] -- Installing: /home/xyq/Desktop/boom_ws/install/vision_interfaces/include/vision_interfaces/vision_interfaces/msg/uart.hpp
[3.377s] -- Installing: /home/xyq/Desktop/boom_ws/install/vision_interfaces/include/vision_interfaces/vision_interfaces/msg/uartf.hpp
[3.377s] -- Up-to-date: /home/xyq/Desktop/boom_ws/install/vision_interfaces/include/vision_interfaces/vision_interfaces/msg/detail
[3.377s] -- Installing: /home/xyq/Desktop/boom_ws/install/vision_interfaces/include/vision_interfaces/vision_interfaces/msg/detail/uartf__type_support.hpp
[3.378s] -- Installing: /home/xyq/Desktop/boom_ws/install/vision_interfaces/include/vision_interfaces/vision_interfaces/msg/detail/uart__type_support.hpp
[3.378s] -- Installing: /home/xyq/Desktop/boom_ws/install/vision_interfaces/include/vision_interfaces/vision_interfaces/msg/detail/uartf__builder.hpp
[3.378s] -- Installing: /home/xyq/Desktop/boom_ws/install/vision_interfaces/include/vision_interfaces/vision_interfaces/msg/detail/uart__builder.hpp
[3.378s] -- Installing: /home/xyq/Desktop/boom_ws/install/vision_interfaces/include/vision_interfaces/vision_interfaces/msg/detail/uart__traits.hpp
[3.378s] -- Installing: /home/xyq/Desktop/boom_ws/install/vision_interfaces/include/vision_interfaces/vision_interfaces/msg/detail/uart__struct.hpp
[3.378s] -- Installing: /home/xyq/Desktop/boom_ws/install/vision_interfaces/include/vision_interfaces/vision_interfaces/msg/detail/uartf__struct.hpp
[3.378s] -- Installing: /home/xyq/Desktop/boom_ws/install/vision_interfaces/include/vision_interfaces/vision_interfaces/msg/detail/uartf__traits.hpp
[3.378s] -- Installing: /home/xyq/Desktop/boom_ws/install/vision_interfaces/include/vision_interfaces/vision_interfaces/msg/rosidl_generator_cpp__visibility_control.hpp
[3.378s] -- Up-to-date: /home/xyq/Desktop/boom_ws/install/vision_interfaces/include/vision_interfaces/vision_interfaces
[3.378s] -- Up-to-date: /home/xyq/Desktop/boom_ws/install/vision_interfaces/include/vision_interfaces/vision_interfaces/msg
[3.378s] -- Installing: /home/xyq/Desktop/boom_ws/install/vision_interfaces/include/vision_interfaces/vision_interfaces/msg/rosidl_typesupport_fastrtps_cpp__visibility_control.h
[3.378s] -- Up-to-date: /home/xyq/Desktop/boom_ws/install/vision_interfaces/include/vision_interfaces/vision_interfaces/msg/detail
[3.378s] -- Installing: /home/xyq/Desktop/boom_ws/install/vision_interfaces/include/vision_interfaces/vision_interfaces/msg/detail/uartf__rosidl_typesupport_fastrtps_cpp.hpp
[3.378s] -- Installing: /home/xyq/Desktop/boom_ws/install/vision_interfaces/include/vision_interfaces/vision_interfaces/msg/detail/dds_fastrtps
[3.378s] -- Installing: /home/xyq/Desktop/boom_ws/install/vision_interfaces/include/vision_interfaces/vision_interfaces/msg/detail/uart__rosidl_typesupport_fastrtps_cpp.hpp
[3.378s] -- Installing: /home/xyq/Desktop/boom_ws/install/vision_interfaces/lib/libvision_interfaces__rosidl_typesupport_fastrtps_cpp.so
[3.378s] -- Set runtime path of "/home/xyq/Desktop/boom_ws/install/vision_interfaces/lib/libvision_interfaces__rosidl_typesupport_fastrtps_cpp.so" to ""
[3.378s] -- Up-to-date: /home/xyq/Desktop/boom_ws/install/vision_interfaces/include/vision_interfaces/vision_interfaces
[3.378s] -- Up-to-date: /home/xyq/Desktop/boom_ws/install/vision_interfaces/include/vision_interfaces/vision_interfaces/msg
[3.378s] -- Up-to-date: /home/xyq/Desktop/boom_ws/install/vision_interfaces/include/vision_interfaces/vision_interfaces/msg/detail
[3.378s] -- Installing: /home/xyq/Desktop/boom_ws/install/vision_interfaces/include/vision_interfaces/vision_interfaces/msg/detail/uart__rosidl_typesupport_introspection_c.h
[3.378s] -- Installing: /home/xyq/Desktop/boom_ws/install/vision_interfaces/include/vision_interfaces/vision_interfaces/msg/detail/uartf__type_support.c
[3.378s] -- Installing: /home/xyq/Desktop/boom_ws/install/vision_interfaces/include/vision_interfaces/vision_interfaces/msg/detail/uart__type_support.c
[3.378s] -- Installing: /home/xyq/Desktop/boom_ws/install/vision_interfaces/include/vision_interfaces/vision_interfaces/msg/detail/uartf__rosidl_typesupport_introspection_c.h
[3.378s] -- Installing: /home/xyq/Desktop/boom_ws/install/vision_interfaces/include/vision_interfaces/vision_interfaces/msg/rosidl_typesupport_introspection_c__visibility_control.h
[3.378s] -- Installing: /home/xyq/Desktop/boom_ws/install/vision_interfaces/lib/libvision_interfaces__rosidl_typesupport_introspection_c.so
[3.379s] -- Set runtime path of "/home/xyq/Desktop/boom_ws/install/vision_interfaces/lib/libvision_interfaces__rosidl_typesupport_introspection_c.so" to ""
[3.379s] -- Installing: /home/xyq/Desktop/boom_ws/install/vision_interfaces/lib/libvision_interfaces__rosidl_typesupport_c.so
[3.379s] -- Set runtime path of "/home/xyq/Desktop/boom_ws/install/vision_interfaces/lib/libvision_interfaces__rosidl_typesupport_c.so" to ""
[3.379s] -- Up-to-date: /home/xyq/Desktop/boom_ws/install/vision_interfaces/include/vision_interfaces/vision_interfaces
[3.379s] -- Up-to-date: /home/xyq/Desktop/boom_ws/install/vision_interfaces/include/vision_interfaces/vision_interfaces/msg
[3.379s] -- Up-to-date: /home/xyq/Desktop/boom_ws/install/vision_interfaces/include/vision_interfaces/vision_interfaces/msg/detail
[3.379s] -- Installing: /home/xyq/Desktop/boom_ws/install/vision_interfaces/include/vision_interfaces/vision_interfaces/msg/detail/uart__rosidl_typesupport_introspection_cpp.hpp
[3.379s] -- Installing: /home/xyq/Desktop/boom_ws/install/vision_interfaces/include/vision_interfaces/vision_interfaces/msg/detail/uart__type_support.cpp
[3.379s] -- Installing: /home/xyq/Desktop/boom_ws/install/vision_interfaces/include/vision_interfaces/vision_interfaces/msg/detail/uartf__type_support.cpp
[3.379s] -- Installing: /home/xyq/Desktop/boom_ws/install/vision_interfaces/include/vision_interfaces/vision_interfaces/msg/detail/uartf__rosidl_typesupport_introspection_cpp.hpp
[3.379s] -- Installing: /home/xyq/Desktop/boom_ws/install/vision_interfaces/lib/libvision_interfaces__rosidl_typesupport_introspection_cpp.so
[3.379s] -- Set runtime path of "/home/xyq/Desktop/boom_ws/install/vision_interfaces/lib/libvision_interfaces__rosidl_typesupport_introspection_cpp.so" to ""
[3.379s] -- Installing: /home/xyq/Desktop/boom_ws/install/vision_interfaces/lib/libvision_interfaces__rosidl_typesupport_cpp.so
[3.379s] -- Set runtime path of "/home/xyq/Desktop/boom_ws/install/vision_interfaces/lib/libvision_interfaces__rosidl_typesupport_cpp.so" to ""
[3.379s] -- Installing: /home/xyq/Desktop/boom_ws/install/vision_interfaces/share/vision_interfaces/environment/pythonpath.sh
[3.379s] -- Installing: /home/xyq/Desktop/boom_ws/install/vision_interfaces/share/vision_interfaces/environment/pythonpath.dsv
[3.379s] -- Installing: /home/xyq/Desktop/boom_ws/install/vision_interfaces/local/lib/python3.10/dist-packages/vision_interfaces-0.0.0-py3.10.egg-info
[3.379s] -- Installing: /home/xyq/Desktop/boom_ws/install/vision_interfaces/local/lib/python3.10/dist-packages/vision_interfaces-0.0.0-py3.10.egg-info/dependency_links.txt
[3.380s] -- Installing: /home/xyq/Desktop/boom_ws/install/vision_interfaces/local/lib/python3.10/dist-packages/vision_interfaces-0.0.0-py3.10.egg-info/PKG-INFO
[3.380s] -- Installing: /home/xyq/Desktop/boom_ws/install/vision_interfaces/local/lib/python3.10/dist-packages/vision_interfaces-0.0.0-py3.10.egg-info/top_level.txt
[3.380s] -- Installing: /home/xyq/Desktop/boom_ws/install/vision_interfaces/local/lib/python3.10/dist-packages/vision_interfaces-0.0.0-py3.10.egg-info/SOURCES.txt
[3.380s] -- Installing: /home/xyq/Desktop/boom_ws/install/vision_interfaces/local/lib/python3.10/dist-packages/vision_interfaces
[3.380s] -- Installing: /home/xyq/Desktop/boom_ws/install/vision_interfaces/local/lib/python3.10/dist-packages/vision_interfaces/msg
[3.380s] -- Installing: /home/xyq/Desktop/boom_ws/install/vision_interfaces/local/lib/python3.10/dist-packages/vision_interfaces/msg/_uart_s.c
[3.380s] -- Installing: /home/xyq/Desktop/boom_ws/install/vision_interfaces/local/lib/python3.10/dist-packages/vision_interfaces/msg/_uart.py
[3.380s] -- Installing: /home/xyq/Desktop/boom_ws/install/vision_interfaces/local/lib/python3.10/dist-packages/vision_interfaces/msg/__init__.py
[3.380s] -- Installing: /home/xyq/Desktop/boom_ws/install/vision_interfaces/local/lib/python3.10/dist-packages/vision_interfaces/msg/_uartf_s.c
[3.380s] -- Installing: /home/xyq/Desktop/boom_ws/install/vision_interfaces/local/lib/python3.10/dist-packages/vision_interfaces/msg/_uartf.py
[3.380s] -- Installing: /home/xyq/Desktop/boom_ws/install/vision_interfaces/local/lib/python3.10/dist-packages/vision_interfaces/vision_interfaces_s__rosidl_typesupport_introspection_c.cpython-310-x86_64-linux-gnu.so
[3.380s] -- Installing: /home/xyq/Desktop/boom_ws/install/vision_interfaces/local/lib/python3.10/dist-packages/vision_interfaces/_vision_interfaces_s.ep.rosidl_typesupport_c.c
[3.380s] -- Installing: /home/xyq/Desktop/boom_ws/install/vision_interfaces/local/lib/python3.10/dist-packages/vision_interfaces/libvision_interfaces__rosidl_generator_py.so
[3.380s] -- Installing: /home/xyq/Desktop/boom_ws/install/vision_interfaces/local/lib/python3.10/dist-packages/vision_interfaces/__init__.py
[3.381s] -- Installing: /home/xyq/Desktop/boom_ws/install/vision_interfaces/local/lib/python3.10/dist-packages/vision_interfaces/vision_interfaces_s__rosidl_typesupport_c.cpython-310-x86_64-linux-gnu.so
[3.381s] -- Installing: /home/xyq/Desktop/boom_ws/install/vision_interfaces/local/lib/python3.10/dist-packages/vision_interfaces/_vision_interfaces_s.ep.rosidl_typesupport_fastrtps_c.c
[3.381s] -- Installing: /home/xyq/Desktop/boom_ws/install/vision_interfaces/local/lib/python3.10/dist-packages/vision_interfaces/vision_interfaces_s__rosidl_typesupport_fastrtps_c.cpython-310-x86_64-linux-gnu.so
[3.381s] -- Installing: /home/xyq/Desktop/boom_ws/install/vision_interfaces/local/lib/python3.10/dist-packages/vision_interfaces/_vision_interfaces_s.ep.rosidl_typesupport_introspection_c.c
[3.409s] Listing '/home/xyq/Desktop/boom_ws/install/vision_interfaces/local/lib/python3.10/dist-packages/vision_interfaces'...
[3.409s] Compiling '/home/xyq/Desktop/boom_ws/install/vision_interfaces/local/lib/python3.10/dist-packages/vision_interfaces/__init__.py'...
[3.409s] Listing '/home/xyq/Desktop/boom_ws/install/vision_interfaces/local/lib/python3.10/dist-packages/vision_interfaces/msg'...
[3.409s] Compiling '/home/xyq/Desktop/boom_ws/install/vision_interfaces/local/lib/python3.10/dist-packages/vision_interfaces/msg/__init__.py'...
[3.409s] Compiling '/home/xyq/Desktop/boom_ws/install/vision_interfaces/local/lib/python3.10/dist-packages/vision_interfaces/msg/_uart.py'...
[3.409s] Compiling '/home/xyq/Desktop/boom_ws/install/vision_interfaces/local/lib/python3.10/dist-packages/vision_interfaces/msg/_uartf.py'...
[3.412s] -- Installing: /home/xyq/Desktop/boom_ws/install/vision_interfaces/local/lib/python3.10/dist-packages/vision_interfaces/vision_interfaces_s__rosidl_typesupport_fastrtps_c.cpython-310-x86_64-linux-gnu.so
[3.413s] -- Set runtime path of "/home/xyq/Desktop/boom_ws/install/vision_interfaces/local/lib/python3.10/dist-packages/vision_interfaces/vision_interfaces_s__rosidl_typesupport_fastrtps_c.cpython-310-x86_64-linux-gnu.so" to ""
[3.413s] -- Installing: /home/xyq/Desktop/boom_ws/install/vision_interfaces/local/lib/python3.10/dist-packages/vision_interfaces/vision_interfaces_s__rosidl_typesupport_introspection_c.cpython-310-x86_64-linux-gnu.so
[3.413s] -- Set runtime path of "/home/xyq/Desktop/boom_ws/install/vision_interfaces/local/lib/python3.10/dist-packages/vision_interfaces/vision_interfaces_s__rosidl_typesupport_introspection_c.cpython-310-x86_64-linux-gnu.so" to ""
[3.413s] -- Installing: /home/xyq/Desktop/boom_ws/install/vision_interfaces/local/lib/python3.10/dist-packages/vision_interfaces/vision_interfaces_s__rosidl_typesupport_c.cpython-310-x86_64-linux-gnu.so
[3.413s] -- Set runtime path of "/home/xyq/Desktop/boom_ws/install/vision_interfaces/local/lib/python3.10/dist-packages/vision_interfaces/vision_interfaces_s__rosidl_typesupport_c.cpython-310-x86_64-linux-gnu.so" to ""
[3.413s] -- Installing: /home/xyq/Desktop/boom_ws/install/vision_interfaces/lib/libvision_interfaces__rosidl_generator_py.so
[3.414s] -- Set runtime path of "/home/xyq/Desktop/boom_ws/install/vision_interfaces/lib/libvision_interfaces__rosidl_generator_py.so" to ""
[3.414s] -- Installing: /home/xyq/Desktop/boom_ws/install/vision_interfaces/share/vision_interfaces/msg/Uart.idl
[3.414s] -- Installing: /home/xyq/Desktop/boom_ws/install/vision_interfaces/share/vision_interfaces/msg/Uartf.idl
[3.414s] -- Installing: /home/xyq/Desktop/boom_ws/install/vision_interfaces/share/vision_interfaces/msg/Uart.msg
[3.414s] -- Installing: /home/xyq/Desktop/boom_ws/install/vision_interfaces/share/vision_interfaces/msg/Uartf.msg
[3.414s] -- Installing: /home/xyq/Desktop/boom_ws/install/vision_interfaces/share/ament_index/resource_index/package_run_dependencies/vision_interfaces
[3.414s] -- Installing: /home/xyq/Desktop/boom_ws/install/vision_interfaces/share/ament_index/resource_index/parent_prefix_path/vision_interfaces
[3.415s] -- Installing: /home/xyq/Desktop/boom_ws/install/vision_interfaces/share/vision_interfaces/environment/ament_prefix_path.sh
[3.415s] -- Installing: /home/xyq/Desktop/boom_ws/install/vision_interfaces/share/vision_interfaces/environment/ament_prefix_path.dsv
[3.415s] -- Installing: /home/xyq/Desktop/boom_ws/install/vision_interfaces/share/vision_interfaces/environment/path.sh
[3.415s] -- Installing: /home/xyq/Desktop/boom_ws/install/vision_interfaces/share/vision_interfaces/environment/path.dsv
[3.415s] -- Installing: /home/xyq/Desktop/boom_ws/install/vision_interfaces/share/vision_interfaces/local_setup.bash
[3.415s] -- Installing: /home/xyq/Desktop/boom_ws/install/vision_interfaces/share/vision_interfaces/local_setup.sh
[3.415s] -- Installing: /home/xyq/Desktop/boom_ws/install/vision_interfaces/share/vision_interfaces/local_setup.zsh
[3.415s] -- Installing: /home/xyq/Desktop/boom_ws/install/vision_interfaces/share/vision_interfaces/local_setup.dsv
[3.416s] -- Installing: /home/xyq/Desktop/boom_ws/install/vision_interfaces/share/vision_interfaces/package.dsv
[3.416s] -- Installing: /home/xyq/Desktop/boom_ws/install/vision_interfaces/share/ament_index/resource_index/packages/vision_interfaces
[3.416s] -- Installing: /home/xyq/Desktop/boom_ws/install/vision_interfaces/share/vision_interfaces/cmake/export_vision_interfaces__rosidl_generator_cExport.cmake
[3.416s] -- Installing: /home/xyq/Desktop/boom_ws/install/vision_interfaces/share/vision_interfaces/cmake/export_vision_interfaces__rosidl_generator_cExport-noconfig.cmake
[3.416s] -- Installing: /home/xyq/Desktop/boom_ws/install/vision_interfaces/share/vision_interfaces/cmake/export_vision_interfaces__rosidl_typesupport_fastrtps_cExport.cmake
[3.416s] -- Installing: /home/xyq/Desktop/boom_ws/install/vision_interfaces/share/vision_interfaces/cmake/export_vision_interfaces__rosidl_typesupport_fastrtps_cExport-noconfig.cmake
[3.416s] -- Installing: /home/xyq/Desktop/boom_ws/install/vision_interfaces/share/vision_interfaces/cmake/export_vision_interfaces__rosidl_generator_cppExport.cmake
[3.416s] -- Installing: /home/xyq/Desktop/boom_ws/install/vision_interfaces/share/vision_interfaces/cmake/export_vision_interfaces__rosidl_typesupport_fastrtps_cppExport.cmake
[3.417s] -- Installing: /home/xyq/Desktop/boom_ws/install/vision_interfaces/share/vision_interfaces/cmake/export_vision_interfaces__rosidl_typesupport_fastrtps_cppExport-noconfig.cmake
[3.417s] -- Installing: /home/xyq/Desktop/boom_ws/install/vision_interfaces/share/vision_interfaces/cmake/vision_interfaces__rosidl_typesupport_introspection_cExport.cmake
[3.417s] -- Installing: /home/xyq/Desktop/boom_ws/install/vision_interfaces/share/vision_interfaces/cmake/vision_interfaces__rosidl_typesupport_introspection_cExport-noconfig.cmake
[3.417s] -- Installing: /home/xyq/Desktop/boom_ws/install/vision_interfaces/share/vision_interfaces/cmake/vision_interfaces__rosidl_typesupport_cExport.cmake
[3.417s] -- Installing: /home/xyq/Desktop/boom_ws/install/vision_interfaces/share/vision_interfaces/cmake/vision_interfaces__rosidl_typesupport_cExport-noconfig.cmake
[3.417s] -- Installing: /home/xyq/Desktop/boom_ws/install/vision_interfaces/share/vision_interfaces/cmake/vision_interfaces__rosidl_typesupport_introspection_cppExport.cmake
[3.417s] -- Installing: /home/xyq/Desktop/boom_ws/install/vision_interfaces/share/vision_interfaces/cmake/vision_interfaces__rosidl_typesupport_introspection_cppExport-noconfig.cmake
[3.417s] -- Installing: /home/xyq/Desktop/boom_ws/install/vision_interfaces/share/vision_interfaces/cmake/vision_interfaces__rosidl_typesupport_cppExport.cmake
[3.417s] -- Installing: /home/xyq/Desktop/boom_ws/install/vision_interfaces/share/vision_interfaces/cmake/vision_interfaces__rosidl_typesupport_cppExport-noconfig.cmake
[3.417s] -- Installing: /home/xyq/Desktop/boom_ws/install/vision_interfaces/share/vision_interfaces/cmake/export_vision_interfaces__rosidl_generator_pyExport.cmake
[3.417s] -- Installing: /home/xyq/Desktop/boom_ws/install/vision_interfaces/share/vision_interfaces/cmake/export_vision_interfaces__rosidl_generator_pyExport-noconfig.cmake
[3.418s] -- Installing: /home/xyq/Desktop/boom_ws/install/vision_interfaces/share/vision_interfaces/cmake/rosidl_cmake-extras.cmake
[3.418s] -- Installing: /home/xyq/Desktop/boom_ws/install/vision_interfaces/share/vision_interfaces/cmake/ament_cmake_export_dependencies-extras.cmake
[3.419s] -- Installing: /home/xyq/Desktop/boom_ws/install/vision_interfaces/share/vision_interfaces/cmake/ament_cmake_export_include_directories-extras.cmake
[3.419s] -- Installing: /home/xyq/Desktop/boom_ws/install/vision_interfaces/share/vision_interfaces/cmake/ament_cmake_export_libraries-extras.cmake
[3.419s] -- Installing: /home/xyq/Desktop/boom_ws/install/vision_interfaces/share/vision_interfaces/cmake/ament_cmake_export_targets-extras.cmake
[3.419s] -- Installing: /home/xyq/Desktop/boom_ws/install/vision_interfaces/share/vision_interfaces/cmake/rosidl_cmake_export_typesupport_targets-extras.cmake
[3.419s] -- Installing: /home/xyq/Desktop/boom_ws/install/vision_interfaces/share/vision_interfaces/cmake/rosidl_cmake_export_typesupport_libraries-extras.cmake
[3.419s] -- Installing: /home/xyq/Desktop/boom_ws/install/vision_interfaces/share/vision_interfaces/cmake/vision_interfacesConfig.cmake
[3.419s] -- Installing: /home/xyq/Desktop/boom_ws/install/vision_interfaces/share/vision_interfaces/cmake/vision_interfacesConfig-version.cmake
[3.420s] -- Installing: /home/xyq/Desktop/boom_ws/install/vision_interfaces/share/vision_interfaces/package.xml
[3.420s] Invoked command in '/home/xyq/Desktop/boom_ws/build/vision_interfaces' returned '0': CMAKE_PREFIX_PATH=${CMAKE_PREFIX_PATH}:/opt/ros/humble /usr/bin/cmake --install /home/xyq/Desktop/boom_ws/build/vision_interfaces
