[35m[1mConsolidate compiler generated dependencies of target hik_camera_ros2_driver[0m
[35m[1mConsolidate compiler generated dependencies of target hik_camera_ros2_driver_node[0m
[ 50%] Built target hik_camera_ros2_driver_node
[100%] Built target hik_camera_ros2_driver
-- Install configuration: ""
-- Installing: /home/qiqi/æ¡Œé¢/boom_ws/install/hik_camera_ros2_driver/lib
-- Installing: /home/qiqi/æ¡Œé¢/boom_ws/install/hik_camera_ros2_driver/lib/libFormatConversion.so
-- Installing: /home/qiqi/æ¡Œé¢/boom_ws/install/hik_camera_ros2_driver/lib/libMediaProcess.so
-- Installing: /home/qiqi/æ¡Œé¢/boom_ws/install/hik_camera_ros2_driver/lib/libMVRender.so
-- Installing: /home/qiqi/æ¡Œé¢/boom_ws/install/hik_camera_ros2_driver/lib/libMvCameraControl.so
-- Installing: /home/qiqi/æ¡Œé¢/boom_ws/install/hik_camera_ros2_driver/lib/libMvUsb3vTL.so
-- Installing: /home/qiqi/æ¡Œé¢/boom_ws/install/hik_camera_ros2_driver/lib/hik_camera_ros2_driver/hik_camera_ros2_driver_node
-- Set runtime path of "/home/qiqi/æ¡Œé¢/boom_ws/install/hik_camera_ros2_driver/lib/hik_camera_ros2_driver/hik_camera_ros2_driver_node" to ""
-- Installing: /home/qiqi/æ¡Œé¢/boom_ws/install/hik_camera_ros2_driver/share/hik_camera_ros2_driver/environment/library_path.sh
-- Installing: /home/qiqi/æ¡Œé¢/boom_ws/install/hik_camera_ros2_driver/share/hik_camera_ros2_driver/environment/library_path.dsv
-- Installing: /home/qiqi/æ¡Œé¢/boom_ws/install/hik_camera_ros2_driver/lib/libhik_camera_ros2_driver.so
-- Set runtime path of "/home/qiqi/æ¡Œé¢/boom_ws/install/hik_camera_ros2_driver/lib/libhik_camera_ros2_driver.so" to ""
-- Installing: /home/qiqi/æ¡Œé¢/boom_ws/install/hik_camera_ros2_driver/share/hik_camera_ros2_driver/launch
-- Installing: /home/qiqi/æ¡Œé¢/boom_ws/install/hik_camera_ros2_driver/share/hik_camera_ros2_driver/launch/hik_camera_launch.py
-- Installing: /home/qiqi/æ¡Œé¢/boom_ws/install/hik_camera_ros2_driver/share/hik_camera_ros2_driver/config
-- Installing: /home/qiqi/æ¡Œé¢/boom_ws/install/hik_camera_ros2_driver/share/hik_camera_ros2_driver/config/camera_params.yaml
-- Installing: /home/qiqi/æ¡Œé¢/boom_ws/install/hik_camera_ros2_driver/share/hik_camera_ros2_driver/config/camera_info.yaml
-- Installing: /home/qiqi/æ¡Œé¢/boom_ws/install/hik_camera_ros2_driver/share/ament_index/resource_index/package_run_dependencies/hik_camera_ros2_driver
-- Installing: /home/qiqi/æ¡Œé¢/boom_ws/install/hik_camera_ros2_driver/share/ament_index/resource_index/parent_prefix_path/hik_camera_ros2_driver
-- Installing: /home/qiqi/æ¡Œé¢/boom_ws/install/hik_camera_ros2_driver/share/hik_camera_ros2_driver/environment/ament_prefix_path.sh
-- Installing: /home/qiqi/æ¡Œé¢/boom_ws/install/hik_camera_ros2_driver/share/hik_camera_ros2_driver/environment/ament_prefix_path.dsv
-- Installing: /home/qiqi/æ¡Œé¢/boom_ws/install/hik_camera_ros2_driver/share/hik_camera_ros2_driver/environment/path.sh
-- Installing: /home/qiqi/æ¡Œé¢/boom_ws/install/hik_camera_ros2_driver/share/hik_camera_ros2_driver/environment/path.dsv
-- Installing: /home/qiqi/æ¡Œé¢/boom_ws/install/hik_camera_ros2_driver/share/hik_camera_ros2_driver/local_setup.bash
-- Installing: /home/qiqi/æ¡Œé¢/boom_ws/install/hik_camera_ros2_driver/share/hik_camera_ros2_driver/local_setup.sh
-- Installing: /home/qiqi/æ¡Œé¢/boom_ws/install/hik_camera_ros2_driver/share/hik_camera_ros2_driver/local_setup.zsh
-- Installing: /home/qiqi/æ¡Œé¢/boom_ws/install/hik_camera_ros2_driver/share/hik_camera_ros2_driver/local_setup.dsv
-- Installing: /home/qiqi/æ¡Œé¢/boom_ws/install/hik_camera_ros2_driver/share/hik_camera_ros2_driver/package.dsv
-- Installing: /home/qiqi/æ¡Œé¢/boom_ws/install/hik_camera_ros2_driver/share/ament_index/resource_index/packages/hik_camera_ros2_driver
-- Installing: /home/qiqi/æ¡Œé¢/boom_ws/install/hik_camera_ros2_driver/share/ament_index/resource_index/rclcpp_components/hik_camera_ros2_driver
-- Installing: /home/qiqi/æ¡Œé¢/boom_ws/install/hik_camera_ros2_driver/share/hik_camera_ros2_driver/cmake/ament_cmake_export_dependencies-extras.cmake
-- Installing: /home/qiqi/æ¡Œé¢/boom_ws/install/hik_camera_ros2_driver/share/hik_camera_ros2_driver/cmake/ament_cmake_export_libraries-extras.cmake
-- Installing: /home/qiqi/æ¡Œé¢/boom_ws/install/hik_camera_ros2_driver/share/hik_camera_ros2_driver/cmake/hik_camera_ros2_driverConfig.cmake
-- Installing: /home/qiqi/æ¡Œé¢/boom_ws/install/hik_camera_ros2_driver/share/hik_camera_ros2_driver/cmake/hik_camera_ros2_driverConfig-version.cmake
-- Installing: /home/qiqi/æ¡Œé¢/boom_ws/install/hik_camera_ros2_driver/share/hik_camera_ros2_driver/package.xml
