[0.016s] Invoking command in '/home/qiqi/æ¡Œé¢/boom_ws/build/hik_camera_ros2_driver': CMAKE_PREFIX_PATH=/opt/ros/humble /usr/bin/cmake --build /home/qiqi/æ¡Œé¢/boom_ws/build/hik_camera_ros2_driver -- -j8 -l8
[0.056s] [35m[1mConsolidate compiler generated dependencies of target hik_camera_ros2_driver[0m
[0.056s] [35m[1mConsolidate compiler generated dependencies of target hik_camera_ros2_driver_node[0m
[0.074s] [ 50%] Built target hik_camera_ros2_driver_node
[0.074s] [100%] Built target hik_camera_ros2_driver
[0.093s] Invoked command in '/home/qiqi/æ¡Œé¢/boom_ws/build/hik_camera_ros2_driver' returned '0': CMAKE_PREFIX_PATH=/opt/ros/humble /usr/bin/cmake --build /home/qiqi/æ¡Œé¢/boom_ws/build/hik_camera_ros2_driver -- -j8 -l8
[0.094s] Invoking command in '/home/qiqi/æ¡Œé¢/boom_ws/build/hik_camera_ros2_driver': CMAKE_PREFIX_PATH=/opt/ros/humble /usr/bin/cmake --install /home/qiqi/æ¡Œé¢/boom_ws/build/hik_camera_ros2_driver
[0.103s] -- Install configuration: ""
[0.103s] -- Installing: /home/qiqi/æ¡Œé¢/boom_ws/install/hik_camera_ros2_driver/lib
[0.104s] -- Installing: /home/qiqi/æ¡Œé¢/boom_ws/install/hik_camera_ros2_driver/lib/libFormatConversion.so
[0.105s] -- Installing: /home/qiqi/æ¡Œé¢/boom_ws/install/hik_camera_ros2_driver/lib/libMediaProcess.so
[0.108s] -- Installing: /home/qiqi/æ¡Œé¢/boom_ws/install/hik_camera_ros2_driver/lib/libMVRender.so
[0.108s] -- Installing: /home/qiqi/æ¡Œé¢/boom_ws/install/hik_camera_ros2_driver/lib/libMvCameraControl.so
[0.114s] -- Installing: /home/qiqi/æ¡Œé¢/boom_ws/install/hik_camera_ros2_driver/lib/libMvUsb3vTL.so
[0.119s] -- Installing: /home/qiqi/æ¡Œé¢/boom_ws/install/hik_camera_ros2_driver/lib/hik_camera_ros2_driver/hik_camera_ros2_driver_node
[0.121s] -- Set runtime path of "/home/qiqi/æ¡Œé¢/boom_ws/install/hik_camera_ros2_driver/lib/hik_camera_ros2_driver/hik_camera_ros2_driver_node" to ""
[0.121s] -- Installing: /home/qiqi/æ¡Œé¢/boom_ws/install/hik_camera_ros2_driver/share/hik_camera_ros2_driver/environment/library_path.sh
[0.121s] -- Installing: /home/qiqi/æ¡Œé¢/boom_ws/install/hik_camera_ros2_driver/share/hik_camera_ros2_driver/environment/library_path.dsv
[0.121s] -- Installing: /home/qiqi/æ¡Œé¢/boom_ws/install/hik_camera_ros2_driver/lib/libhik_camera_ros2_driver.so
[0.121s] -- Set runtime path of "/home/qiqi/æ¡Œé¢/boom_ws/install/hik_camera_ros2_driver/lib/libhik_camera_ros2_driver.so" to ""
[0.122s] -- Installing: /home/qiqi/æ¡Œé¢/boom_ws/install/hik_camera_ros2_driver/share/hik_camera_ros2_driver/launch
[0.122s] -- Installing: /home/qiqi/æ¡Œé¢/boom_ws/install/hik_camera_ros2_driver/share/hik_camera_ros2_driver/launch/hik_camera_launch.py
[0.122s] -- Installing: /home/qiqi/æ¡Œé¢/boom_ws/install/hik_camera_ros2_driver/share/hik_camera_ros2_driver/config
[0.122s] -- Installing: /home/qiqi/æ¡Œé¢/boom_ws/install/hik_camera_ros2_driver/share/hik_camera_ros2_driver/config/camera_params.yaml
[0.122s] -- Installing: /home/qiqi/æ¡Œé¢/boom_ws/install/hik_camera_ros2_driver/share/hik_camera_ros2_driver/config/camera_info.yaml
[0.122s] -- Installing: /home/qiqi/æ¡Œé¢/boom_ws/install/hik_camera_ros2_driver/share/ament_index/resource_index/package_run_dependencies/hik_camera_ros2_driver
[0.122s] -- Installing: /home/qiqi/æ¡Œé¢/boom_ws/install/hik_camera_ros2_driver/share/ament_index/resource_index/parent_prefix_path/hik_camera_ros2_driver
[0.122s] -- Installing: /home/qiqi/æ¡Œé¢/boom_ws/install/hik_camera_ros2_driver/share/hik_camera_ros2_driver/environment/ament_prefix_path.sh
[0.123s] -- Installing: /home/qiqi/æ¡Œé¢/boom_ws/install/hik_camera_ros2_driver/share/hik_camera_ros2_driver/environment/ament_prefix_path.dsv
[0.123s] -- Installing: /home/qiqi/æ¡Œé¢/boom_ws/install/hik_camera_ros2_driver/share/hik_camera_ros2_driver/environment/path.sh
[0.123s] -- Installing: /home/qiqi/æ¡Œé¢/boom_ws/install/hik_camera_ros2_driver/share/hik_camera_ros2_driver/environment/path.dsv
[0.123s] -- Installing: /home/qiqi/æ¡Œé¢/boom_ws/install/hik_camera_ros2_driver/share/hik_camera_ros2_driver/local_setup.bash
[0.123s] -- Installing: /home/qiqi/æ¡Œé¢/boom_ws/install/hik_camera_ros2_driver/share/hik_camera_ros2_driver/local_setup.sh
[0.124s] -- Installing: /home/qiqi/æ¡Œé¢/boom_ws/install/hik_camera_ros2_driver/share/hik_camera_ros2_driver/local_setup.zsh
[0.124s] -- Installing: /home/qiqi/æ¡Œé¢/boom_ws/install/hik_camera_ros2_driver/share/hik_camera_ros2_driver/local_setup.dsv
[0.125s] -- Installing: /home/qiqi/æ¡Œé¢/boom_ws/install/hik_camera_ros2_driver/share/hik_camera_ros2_driver/package.dsv
[0.125s] -- Installing: /home/qiqi/æ¡Œé¢/boom_ws/install/hik_camera_ros2_driver/share/ament_index/resource_index/packages/hik_camera_ros2_driver
[0.125s] -- Installing: /home/qiqi/æ¡Œé¢/boom_ws/install/hik_camera_ros2_driver/share/ament_index/resource_index/rclcpp_components/hik_camera_ros2_driver
[0.125s] -- Installing: /home/qiqi/æ¡Œé¢/boom_ws/install/hik_camera_ros2_driver/share/hik_camera_ros2_driver/cmake/ament_cmake_export_dependencies-extras.cmake
[0.125s] -- Installing: /home/qiqi/æ¡Œé¢/boom_ws/install/hik_camera_ros2_driver/share/hik_camera_ros2_driver/cmake/ament_cmake_export_libraries-extras.cmake
[0.125s] -- Installing: /home/qiqi/æ¡Œé¢/boom_ws/install/hik_camera_ros2_driver/share/hik_camera_ros2_driver/cmake/hik_camera_ros2_driverConfig.cmake
[0.125s] -- Installing: /home/qiqi/æ¡Œé¢/boom_ws/install/hik_camera_ros2_driver/share/hik_camera_ros2_driver/cmake/hik_camera_ros2_driverConfig-version.cmake
[0.125s] -- Installing: /home/qiqi/æ¡Œé¢/boom_ws/install/hik_camera_ros2_driver/share/hik_camera_ros2_driver/package.xml
[0.138s] Invoked command in '/home/qiqi/æ¡Œé¢/boom_ws/build/hik_camera_ros2_driver' returned '0': CMAKE_PREFIX_PATH=/opt/ros/humble /usr/bin/cmake --install /home/qiqi/æ¡Œé¢/boom_ws/build/hik_camera_ros2_driver
