-- Found ament_cmake: 1.3.11 (/opt/ros/humble/share/ament_cmake/cmake)
-- Found rclcpp: 16.0.12 (/opt/ros/humble/share/rclcpp/cmake)
-- Found rosidl_generator_c: 3.1.6 (/opt/ros/humble/share/rosidl_generator_c/cmake)
-- Found rosidl_adapter: 3.1.6 (/opt/ros/humble/share/rosidl_adapter/cmake)
-- Found rosidl_generator_cpp: 3.1.6 (/opt/ros/humble/share/rosidl_generator_cpp/cmake)
-- Using all available rosidl_typesupport_c: rosidl_typesupport_fastrtps_c;rosidl_typesupport_introspection_c
-- Using all available rosidl_typesupport_cpp: rosidl_typesupport_fastrtps_cpp;rosidl_typesupport_introspection_cpp
-- Found rmw_implementation_cmake: 6.1.2 (/opt/ros/humble/share/rmw_implementation_cmake/cmake)
-- Found rmw_fastrtps_cpp: 6.2.7 (/opt/ros/humble/share/rmw_fastrtps_cpp/cmake)
-- Using RMW implementation 'rmw_fastrtps_cpp' as default
-- Found image_transport: 3.1.11 (/opt/ros/humble/share/image_transport/cmake)
-- Found cv_bridge: 3.2.1 (/opt/ros/humble/share/cv_bridge/cmake)
-- Found vision_interfaces: 0.0.0 (/home/new-sentry/Desktop/boom_ws/install/vision_interfaces/share/vision_interfaces/cmake)
-- Found ament_lint_auto: 0.12.12 (/opt/ros/humble/share/ament_lint_auto/cmake)
-- Added test 'cppcheck' to perform static code analysis on C / C++ code
-- Configured cppcheck include dirs: 
-- Configured cppcheck exclude dirs and/or files: 
-- Added test 'lint_cmake' to check CMake code style
-- Added test 'uncrustify' to check C / C++ code style
-- Configured uncrustify additional arguments: 
-- Added test 'xmllint' to check XML markup files
-- Configuring done (1.1s)
-- Generating done (0.0s)
-- Build files have been written to: /home/new-sentry/Desktop/boom_ws/build/resolve
[ 50%] [32m[1mLinking CXX executable resolve[0m
/usr/bin/ld: CMakeFiles/resolve.dir/src/resolve_node.cpp.o: warning: relocation against `_ZTVN4YAML11InvalidNodeE' in read-only section `.text._ZN4YAML11InvalidNodeC2ERKNSt7__cxx1112basic_stringIcSt11char_traitsIcESaIcEEE[_ZN4YAML11InvalidNodeC5ERKNSt7__cxx1112basic_stringIcSt11char_traitsIcESaIcEEE]'
/usr/bin/ld: CMakeFiles/resolve.dir/src/resolve_node.cpp.o: in function `YAML::Exception::Exception(YAML::Mark const&, std::__cxx11::basic_string<char, std::char_traits<char>, std::allocator<char> > const&)':
resolve_node.cpp:(.text._ZN4YAML9ExceptionC2ERKNS_4MarkERKNSt7__cxx1112basic_stringIcSt11char_traitsIcESaIcEEE[_ZN4YAML9ExceptionC5ERKNS_4MarkERKNSt7__cxx1112basic_stringIcSt11char_traitsIcESaIcEEE]+0x61): undefined reference to `vtable for YAML::Exception'
/usr/bin/ld: CMakeFiles/resolve.dir/src/resolve_node.cpp.o: in function `YAML::RepresentationException::RepresentationException(YAML::Mark const&, std::__cxx11::basic_string<char, std::char_traits<char>, std::allocator<char> > const&)':
resolve_node.cpp:(.text._ZN4YAML23RepresentationExceptionC2ERKNS_4MarkERKNSt7__cxx1112basic_stringIcSt11char_traitsIcESaIcEEE[_ZN4YAML23RepresentationExceptionC5ERKNS_4MarkERKNSt7__cxx1112basic_stringIcSt11char_traitsIcESaIcEEE]+0x32): undefined reference to `vtable for YAML::RepresentationException'
/usr/bin/ld: CMakeFiles/resolve.dir/src/resolve_node.cpp.o: in function `YAML::InvalidNode::InvalidNode(std::__cxx11::basic_string<char, std::char_traits<char>, std::allocator<char> > const&)':
resolve_node.cpp:(.text._ZN4YAML11InvalidNodeC2ERKNSt7__cxx1112basic_stringIcSt11char_traitsIcESaIcEEE[_ZN4YAML11InvalidNodeC5ERKNSt7__cxx1112basic_stringIcSt11char_traitsIcESaIcEEE]+0x71): undefined reference to `vtable for YAML::InvalidNode'
/usr/bin/ld: CMakeFiles/resolve.dir/src/resolve_node.cpp.o: in function `YAML::BadConversion::BadConversion(YAML::Mark const&)':
resolve_node.cpp:(.text._ZN4YAML13BadConversionC2ERKNS_4MarkE[_ZN4YAML13BadConversionC5ERKNS_4MarkE]+0x7c): undefined reference to `vtable for YAML::BadConversion'
/usr/bin/ld: CMakeFiles/resolve.dir/src/resolve_node.cpp.o: in function `YAML::detail::memory_holder::create_node()':
resolve_node.cpp:(.text._ZN4YAML6detail13memory_holder11create_nodeEv[_ZN4YAML6detail13memory_holder11create_nodeEv]+0x20): undefined reference to `YAML::detail::memory::create_node()'
/usr/bin/ld: CMakeFiles/resolve.dir/src/resolve_node.cpp.o: in function `YAML::detail::node_ref::mark_defined()':
resolve_node.cpp:(.text._ZN4YAML6detail8node_ref12mark_definedEv[_ZN4YAML6detail8node_ref12mark_definedEv]+0x20): undefined reference to `YAML::detail::node_data::mark_defined()'
/usr/bin/ld: CMakeFiles/resolve.dir/src/resolve_node.cpp.o: in function `YAML::detail::node_ref::set_null()':
resolve_node.cpp:(.text._ZN4YAML6detail8node_ref8set_nullEv[_ZN4YAML6detail8node_ref8set_nullEv]+0x20): undefined reference to `YAML::detail::node_data::set_null()'
/usr/bin/ld: CMakeFiles/resolve.dir/src/resolve_node.cpp.o: in function `YAML::detail::node_ref::set_scalar(std::__cxx11::basic_string<char, std::char_traits<char>, std::allocator<char> > const&)':
resolve_node.cpp:(.text._ZN4YAML6detail8node_ref10set_scalarERKNSt7__cxx1112basic_stringIcSt11char_traitsIcESaIcEEE[_ZN4YAML6detail8node_ref10set_scalarERKNSt7__cxx1112basic_stringIcSt11char_traitsIcESaIcEEE]+0x2e): undefined reference to `YAML::detail::node_data::set_scalar(std::__cxx11::basic_string<char, std::char_traits<char>, std::allocator<char> > const&)'
/usr/bin/ld: CMakeFiles/resolve.dir/src/resolve_node.cpp.o: in function `YAML::Node::EnsureNodeExists() const':
resolve_node.cpp:(.text._ZNK4YAML4Node16EnsureNodeExistsEv[_ZNK4YAML4Node16EnsureNodeExistsEv]+0x44): undefined reference to `YAML::InvalidNode::~InvalidNode()'
/usr/bin/ld: resolve_node.cpp:(.text._ZNK4YAML4Node16EnsureNodeExistsEv[_ZNK4YAML4Node16EnsureNodeExistsEv]+0x4e): undefined reference to `typeinfo for YAML::InvalidNode'
/usr/bin/ld: CMakeFiles/resolve.dir/src/resolve_node.cpp.o: in function `YAML::Node::Mark() const':
resolve_node.cpp:(.text._ZNK4YAML4Node4MarkEv[_ZNK4YAML4Node4MarkEv]+0x44): undefined reference to `YAML::InvalidNode::~InvalidNode()'
/usr/bin/ld: resolve_node.cpp:(.text._ZNK4YAML4Node4MarkEv[_ZNK4YAML4Node4MarkEv]+0x4e): undefined reference to `typeinfo for YAML::InvalidNode'
/usr/bin/ld: CMakeFiles/resolve.dir/src/resolve_node.cpp.o: in function `YAML::Node::Type() const':
resolve_node.cpp:(.text._ZNK4YAML4Node4TypeEv[_ZNK4YAML4Node4TypeEv]+0x44): undefined reference to `YAML::InvalidNode::~InvalidNode()'
/usr/bin/ld: resolve_node.cpp:(.text._ZNK4YAML4Node4TypeEv[_ZNK4YAML4Node4TypeEv]+0x4e): undefined reference to `typeinfo for YAML::InvalidNode'
/usr/bin/ld: CMakeFiles/resolve.dir/src/resolve_node.cpp.o: in function `YAML::as_if<std::__cxx11::basic_string<char, std::char_traits<char>, std::allocator<char> >, void>::operator()() const':
resolve_node.cpp:(.text._ZNK4YAML5as_ifINSt7__cxx1112basic_stringIcSt11char_traitsIcESaIcEEEvEclEv[_ZNK4YAML5as_ifINSt7__cxx1112basic_stringIcSt11char_traitsIcESaIcEEEvEclEv]+0x64): undefined reference to `YAML::InvalidNode::~InvalidNode()'
/usr/bin/ld: resolve_node.cpp:(.text._ZNK4YAML5as_ifINSt7__cxx1112basic_stringIcSt11char_traitsIcESaIcEEEvEclEv[_ZNK4YAML5as_ifINSt7__cxx1112basic_stringIcSt11char_traitsIcESaIcEEEvEclEv]+0x6e): undefined reference to `typeinfo for YAML::InvalidNode'
/usr/bin/ld: CMakeFiles/resolve.dir/src/resolve_node.cpp.o: in function `YAML::Node::Scalar[abi:cxx11]() const':
resolve_node.cpp:(.text._ZNK4YAML4Node6ScalarB5cxx11Ev[_ZNK4YAML4Node6ScalarB5cxx11Ev]+0x44): undefined reference to `YAML::InvalidNode::~InvalidNode()'
/usr/bin/ld: resolve_node.cpp:(.text._ZNK4YAML4Node6ScalarB5cxx11Ev[_ZNK4YAML4Node6ScalarB5cxx11Ev]+0x4e): undefined reference to `typeinfo for YAML::InvalidNode'
/usr/bin/ld: resolve_node.cpp:(.text._ZNK4YAML4Node6ScalarB5cxx11Ev[_ZNK4YAML4Node6ScalarB5cxx11Ev]+0x7d): undefined reference to `YAML::detail::node_data::empty_scalar[abi:cxx11]()'
/usr/bin/ld: CMakeFiles/resolve.dir/src/resolve_node.cpp.o: in function `YAML::Node::is(YAML::Node const&) const':
resolve_node.cpp:(.text._ZNK4YAML4Node2isERKS0_[_ZNK4YAML4Node2isERKS0_]+0x56): undefined reference to `YAML::InvalidNode::~InvalidNode()'
/usr/bin/ld: resolve_node.cpp:(.text._ZNK4YAML4Node2isERKS0_[_ZNK4YAML4Node2isERKS0_]+0x60): undefined reference to `typeinfo for YAML::InvalidNode'
/usr/bin/ld: CMakeFiles/resolve.dir/src/resolve_node.cpp.o: in function `YAML::Node::AssignNode(YAML::Node const&)':
resolve_node.cpp:(.text._ZN4YAML4Node10AssignNodeERKS0_[_ZN4YAML4Node10AssignNodeERKS0_]+0x48): undefined reference to `YAML::InvalidNode::~InvalidNode()'
/usr/bin/ld: resolve_node.cpp:(.text._ZN4YAML4Node10AssignNodeERKS0_[_ZN4YAML4Node10AssignNodeERKS0_]+0x52): undefined reference to `typeinfo for YAML::InvalidNode'
/usr/bin/ld: resolve_node.cpp:(.text._ZN4YAML4Node10AssignNodeERKS0_[_ZN4YAML4Node10AssignNodeERKS0_]+0xec): undefined reference to `YAML::detail::memory_holder::merge(YAML::detail::memory_holder&)'
/usr/bin/ld: CMakeFiles/resolve.dir/src/resolve_node.cpp.o: in function `yaml_parser::yaml_parser(std::__cxx11::basic_string<char, std::char_traits<char>, std::allocator<char> >)':
resolve_node.cpp:(.text._ZN11yaml_parserC2ENSt7__cxx1112basic_stringIcSt11char_traitsIcESaIcEEE[_ZN11yaml_parserC5ENSt7__cxx1112basic_stringIcSt11char_traitsIcESaIcEEE]+0x62): undefined reference to `YAML::LoadFile(std::__cxx11::basic_string<char, std::char_traits<char>, std::allocator<char> > const&)'
/usr/bin/ld: CMakeFiles/resolve.dir/src/resolve_node.cpp.o: in function `std::__cxx11::basic_string<char, std::char_traits<char>, std::allocator<char> > YAML::Node::as<std::__cxx11::basic_string<char, std::char_traits<char>, std::allocator<char> > >() const':
resolve_node.cpp:(.text._ZNK4YAML4Node2asINSt7__cxx1112basic_stringIcSt11char_traitsIcESaIcEEEEET_v[_ZNK4YAML4Node2asINSt7__cxx1112basic_stringIcSt11char_traitsIcESaIcEEEEET_v]+0x57): undefined reference to `YAML::InvalidNode::~InvalidNode()'
/usr/bin/ld: resolve_node.cpp:(.text._ZNK4YAML4Node2asINSt7__cxx1112basic_stringIcSt11char_traitsIcESaIcEEEEET_v[_ZNK4YAML4Node2asINSt7__cxx1112basic_stringIcSt11char_traitsIcESaIcEEEEET_v]+0x61): undefined reference to `typeinfo for YAML::InvalidNode'
/usr/bin/ld: CMakeFiles/resolve.dir/src/resolve_node.cpp.o: in function `YAML::detail::node& YAML::detail::node_data::get<std::__cxx11::basic_string<char, std::char_traits<char>, std::allocator<char> > >(std::__cxx11::basic_string<char, std::char_traits<char>, std::allocator<char> > const&, std::shared_ptr<YAML::detail::memory_holder>)':
resolve_node.cpp:(.text._ZN4YAML6detail9node_data3getINSt7__cxx1112basic_stringIcSt11char_traitsIcESaIcEEEEERNS0_4nodeERKT_St10shared_ptrINS0_13memory_holderEE[_ZN4YAML6detail9node_data3getINSt7__cxx1112basic_stringIcSt11char_traitsIcESaIcEEEEERNS0_4nodeERKT_St10shared_ptrINS0_13memory_holderEE]+0xd3): undefined reference to `YAML::detail::node_data::convert_to_map(std::shared_ptr<YAML::detail::memory_holder> const&)'
/usr/bin/ld: resolve_node.cpp:(.text._ZN4YAML6detail9node_data3getINSt7__cxx1112basic_stringIcSt11char_traitsIcESaIcEEEEERNS0_4nodeERKT_St10shared_ptrINS0_13memory_holderEE[_ZN4YAML6detail9node_data3getINSt7__cxx1112basic_stringIcSt11char_traitsIcESaIcEEEEERNS0_4nodeERKT_St10shared_ptrINS0_13memory_holderEE]+0x103): undefined reference to `YAML::BadSubscript::~BadSubscript()'
/usr/bin/ld: resolve_node.cpp:(.text._ZN4YAML6detail9node_data3getINSt7__cxx1112basic_stringIcSt11char_traitsIcESaIcEEEEERNS0_4nodeERKT_St10shared_ptrINS0_13memory_holderEE[_ZN4YAML6detail9node_data3getINSt7__cxx1112basic_stringIcSt11char_traitsIcESaIcEEEEERNS0_4nodeERKT_St10shared_ptrINS0_13memory_holderEE]+0x10d): undefined reference to `typeinfo for YAML::BadSubscript'
/usr/bin/ld: resolve_node.cpp:(.text._ZN4YAML6detail9node_data3getINSt7__cxx1112basic_stringIcSt11char_traitsIcESaIcEEEEERNS0_4nodeERKT_St10shared_ptrINS0_13memory_holderEE[_ZN4YAML6detail9node_data3getINSt7__cxx1112basic_stringIcSt11char_traitsIcESaIcEEEEERNS0_4nodeERKT_St10shared_ptrINS0_13memory_holderEE]+0x1fb): undefined reference to `YAML::detail::node_data::insert_map_pair(YAML::detail::node&, YAML::detail::node&)'
/usr/bin/ld: CMakeFiles/resolve.dir/src/resolve_node.cpp.o: in function `YAML::BadSubscript::BadSubscript<std::__cxx11::basic_string<char, std::char_traits<char>, std::allocator<char> > >(YAML::Mark const&, std::__cxx11::basic_string<char, std::char_traits<char>, std::allocator<char> > const&)':
resolve_node.cpp:(.text._ZN4YAML12BadSubscriptC2INSt7__cxx1112basic_stringIcSt11char_traitsIcESaIcEEEEERKNS_4MarkERKT_[_ZN4YAML12BadSubscriptC5INSt7__cxx1112basic_stringIcSt11char_traitsIcESaIcEEEEERKNS_4MarkERKT_]+0x61): undefined reference to `vtable for YAML::BadSubscript'
/usr/bin/ld: CMakeFiles/resolve.dir/src/resolve_node.cpp.o: in function `YAML::detail::node& YAML::detail::node_data::convert_to_node<std::__cxx11::basic_string<char, std::char_traits<char>, std::allocator<char> > >(std::__cxx11::basic_string<char, std::char_traits<char>, std::allocator<char> > const&, std::shared_ptr<YAML::detail::memory_holder>)':
resolve_node.cpp:(.text._ZN4YAML6detail9node_data15convert_to_nodeINSt7__cxx1112basic_stringIcSt11char_traitsIcESaIcEEEEERNS0_4nodeERKT_St10shared_ptrINS0_13memory_holderEE[_ZN4YAML6detail9node_data15convert_to_nodeINSt7__cxx1112basic_stringIcSt11char_traitsIcESaIcEEEEERNS0_4nodeERKT_St10shared_ptrINS0_13memory_holderEE]+0x69): undefined reference to `YAML::detail::memory_holder::merge(YAML::detail::memory_holder&)'
/usr/bin/ld: CMakeFiles/resolve.dir/src/resolve_node.cpp.o: in function `YAML::TypedBadConversion<std::__cxx11::basic_string<char, std::char_traits<char>, std::allocator<char> > >::~TypedBadConversion()':
resolve_node.cpp:(.text._ZN4YAML18TypedBadConversionINSt7__cxx1112basic_stringIcSt11char_traitsIcESaIcEEEED2Ev[_ZN4YAML18TypedBadConversionINSt7__cxx1112basic_stringIcSt11char_traitsIcESaIcEEEED5Ev]+0x26): undefined reference to `YAML::BadConversion::~BadConversion()'
/usr/bin/ld: CMakeFiles/resolve.dir/src/resolve_node.cpp.o:(.data.rel.ro._ZTIN4YAML18TypedBadConversionINSt7__cxx1112basic_stringIcSt11char_traitsIcESaIcEEEEE[_ZTIN4YAML18TypedBadConversionINSt7__cxx1112basic_stringIcSt11char_traitsIcESaIcEEEEE]+0x10): undefined reference to `typeinfo for YAML::BadConversion'
/usr/bin/ld: warning: creating DT_TEXTREL in a PIE
collect2: error: ld returned 1 exit status
gmake[2]: *** [CMakeFiles/resolve.dir/build.make:243：resolve] 错误 1
gmake[1]: *** [CMakeFiles/Makefile2:153：CMakeFiles/resolve.dir/all] 错误 2
gmake: *** [Makefile:146：all] 错误 2
