[0.007s] Invoking command in '/home/new-sentry/Desktop/boom_ws/build/hik_camera_ros2_driver': CMAKE_PREFIX_PATH=/opt/ros/humble /usr/local/bin/cmake /home/new-sentry/Desktop/boom_ws/src/hik_camera_ros2_driver -DCMAKE_INSTALL_PREFIX=/home/new-sentry/Desktop/boom_ws/install/hik_camera_ros2_driver
[0.010s] [0mCMake Deprecation Warning at CMakeLists.txt:1 (cmake_minimum_required):
[0.010s]   Compatibility with CMake < 3.10 will be removed from a future version of
[0.010s]   CMake.
[0.010s] 
[0.010s]   Update the VERSION argument <min> value.  Or, use the <min>...<max> syntax
[0.010s]   to tell CMake that the project requires at least <min> but has been updated
[0.010s]   to work with policies introduced by <max> or earlier.
[0.010s] 
[0.010s] [0m
[0.091s] -- The C compiler identification is GNU 11.4.0
[0.163s] -- The CXX compiler identification is GNU 11.4.0
[0.180s] -- Detecting C compiler ABI info
[0.241s] -- Detecting C compiler ABI info - done
[0.285s] -- Check for working C compiler: /usr/bin/cc - skipped
[0.286s] -- Detecting C compile features
[0.287s] -- Detecting C compile features - done
[0.305s] -- Detecting CXX compiler ABI info
[0.373s] -- Detecting CXX compiler ABI info - done
[0.422s] -- Check for working CXX compiler: /usr/bin/c++ - skipped
[0.423s] -- Detecting CXX compile features
[0.424s] -- Detecting CXX compile features - done
[0.435s] -- Found ament_cmake_auto: 1.3.11 (/opt/ros/humble/share/ament_cmake_auto/cmake)
[0.552s] -- Found Python3: /usr/bin/python3 (found version "3.10.12") found components: Interpreter
[0.753s] -- Found rosidl_generator_c: 3.1.6 (/opt/ros/humble/share/rosidl_generator_c/cmake)
[0.765s] -- Found rosidl_adapter: 3.1.6 (/opt/ros/humble/share/rosidl_adapter/cmake)
[0.786s] -- Found rosidl_generator_cpp: 3.1.6 (/opt/ros/humble/share/rosidl_generator_cpp/cmake)
[0.821s] -- Using all available rosidl_typesupport_c: rosidl_typesupport_fastrtps_c;rosidl_typesupport_introspection_c
[0.866s] -- Using all available rosidl_typesupport_cpp: rosidl_typesupport_fastrtps_cpp;rosidl_typesupport_introspection_cpp
[0.975s] -- Found rmw_implementation_cmake: 6.1.2 (/opt/ros/humble/share/rmw_implementation_cmake/cmake)
[0.980s] -- Found rmw_fastrtps_cpp: 6.2.7 (/opt/ros/humble/share/rmw_fastrtps_cpp/cmake)
[1.107s] -- Found OpenSSL: /usr/lib/x86_64-linux-gnu/libcrypto.so (found version "3.0.2")
[1.150s] -- Found FastRTPS: /opt/ros/humble/include
[1.213s] -- Using RMW implementation 'rmw_fastrtps_cpp' as default
[1.227s] -- Performing Test CMAKE_HAVE_LIBC_PTHREAD
[1.292s] -- Performing Test CMAKE_HAVE_LIBC_PTHREAD - Success
[1.296s] -- Found Threads: TRUE
[1.726s] -- Found ament_lint_auto: 0.12.12 (/opt/ros/humble/share/ament_lint_auto/cmake)
[1.760s] -- Added test 'cppcheck' to perform static code analysis on C / C++ code
[1.761s] -- Configured cppcheck include dirs: /home/new-sentry/Desktop/boom_ws/src/hik_camera_ros2_driver/hikSDK/include
[1.761s] -- Configured cppcheck exclude dirs and/or files: 
[1.763s] -- Added test 'lint_cmake' to check CMake code style
[1.765s] -- Added test 'pep257' to check Python code against some of the docstring style conventions in PEP 257
[1.767s] -- Added test 'xmllint' to check XML markup files
[1.771s] -- Configuring done (1.8s)
[1.790s] [33mCMake Warning (dev) at /opt/ros/humble/share/camera_calibration_parsers/cmake/export_camera_calibration_parsersExport.cmake:56 (set_target_properties):
[1.790s]   The library that is being linked to, yaml-cpp, is marked as being
[1.790s]   deprecated by the owner.  The message provided by the developer is:
[1.790s] 
[1.790s]   The target yaml-cpp is deprecated and will be removed in version 0.10.0.
[1.790s]   Use the yaml-cpp::yaml-cpp target instead.
[1.790s] 
[1.790s] Call Stack (most recent call first):
[1.790s]   /opt/ros/humble/share/camera_calibration_parsers/cmake/ament_cmake_export_targets-extras.cmake:9 (include)
[1.790s]   /opt/ros/humble/share/camera_calibration_parsers/cmake/camera_calibration_parsersConfig.cmake:41 (include)
[1.790s]   /opt/ros/humble/share/camera_info_manager/cmake/ament_cmake_export_dependencies-extras.cmake:21 (find_package)
[1.790s]   /opt/ros/humble/share/camera_info_manager/cmake/camera_info_managerConfig.cmake:41 (include)
[1.791s]   /opt/ros/humble/share/ament_cmake_auto/cmake/ament_auto_find_build_dependencies.cmake:67 (find_package)
[1.791s]   CMakeLists.txt:16 (ament_auto_find_build_dependencies)
[1.791s] This warning is for project developers.  Use -Wno-dev to suppress it.
[1.791s] [0m
[1.803s] -- Generating done (0.0s)
[1.810s] -- Build files have been written to: /home/new-sentry/Desktop/boom_ws/build/hik_camera_ros2_driver
[1.824s] Invoked command in '/home/new-sentry/Desktop/boom_ws/build/hik_camera_ros2_driver' returned '0': CMAKE_PREFIX_PATH=/opt/ros/humble /usr/local/bin/cmake /home/new-sentry/Desktop/boom_ws/src/hik_camera_ros2_driver -DCMAKE_INSTALL_PREFIX=/home/new-sentry/Desktop/boom_ws/install/hik_camera_ros2_driver
[1.826s] Invoking command in '/home/new-sentry/Desktop/boom_ws/build/hik_camera_ros2_driver': CMAKE_PREFIX_PATH=/opt/ros/humble /usr/local/bin/cmake --build /home/new-sentry/Desktop/boom_ws/build/hik_camera_ros2_driver -- -j16 -l16
[1.863s] [ 50%] [32mBuilding CXX object CMakeFiles/hik_camera_ros2_driver.dir/src/hik_camera_node.cpp.o[0m
[1.863s] [ 50%] [32mBuilding CXX object CMakeFiles/hik_camera_ros2_driver_node.dir/rclcpp_components/node_main_hik_camera_ros2_driver_node.cpp.o[0m
[4.618s] [ 75%] [32m[1mLinking CXX shared library libhik_camera_ros2_driver.so[0m
[4.783s] [ 75%] Built target hik_camera_ros2_driver
[5.056s] [100%] [32m[1mLinking CXX executable hik_camera_ros2_driver_node[0m
[5.158s] [100%] Built target hik_camera_ros2_driver_node
[5.165s] Invoked command in '/home/new-sentry/Desktop/boom_ws/build/hik_camera_ros2_driver' returned '0': CMAKE_PREFIX_PATH=/opt/ros/humble /usr/local/bin/cmake --build /home/new-sentry/Desktop/boom_ws/build/hik_camera_ros2_driver -- -j16 -l16
[5.167s] Invoking command in '/home/new-sentry/Desktop/boom_ws/build/hik_camera_ros2_driver': CMAKE_PREFIX_PATH=/opt/ros/humble /usr/local/bin/cmake --install /home/new-sentry/Desktop/boom_ws/build/hik_camera_ros2_driver
[5.173s] -- Install configuration: ""
[5.174s] -- Installing: /home/new-sentry/Desktop/boom_ws/install/hik_camera_ros2_driver/lib
[5.174s] -- Installing: /home/new-sentry/Desktop/boom_ws/install/hik_camera_ros2_driver/lib/libMvCameraControl.so
[5.178s] -- Installing: /home/new-sentry/Desktop/boom_ws/install/hik_camera_ros2_driver/lib/libMvUsb3vTL.so
[5.186s] -- Installing: /home/new-sentry/Desktop/boom_ws/install/hik_camera_ros2_driver/lib/libMVRender.so
[5.186s] -- Installing: /home/new-sentry/Desktop/boom_ws/install/hik_camera_ros2_driver/lib/libMediaProcess.so
[5.189s] -- Installing: /home/new-sentry/Desktop/boom_ws/install/hik_camera_ros2_driver/lib/libFormatConversion.so
[5.191s] -- Installing: /home/new-sentry/Desktop/boom_ws/install/hik_camera_ros2_driver/lib/hik_camera_ros2_driver/hik_camera_ros2_driver_node
[5.191s] -- Set non-toolchain portion of runtime path of "/home/new-sentry/Desktop/boom_ws/install/hik_camera_ros2_driver/lib/hik_camera_ros2_driver/hik_camera_ros2_driver_node" to ""
[5.192s] -- Installing: /home/new-sentry/Desktop/boom_ws/install/hik_camera_ros2_driver/share/hik_camera_ros2_driver/environment/library_path.sh
[5.192s] -- Installing: /home/new-sentry/Desktop/boom_ws/install/hik_camera_ros2_driver/share/hik_camera_ros2_driver/environment/library_path.dsv
[5.192s] -- Installing: /home/new-sentry/Desktop/boom_ws/install/hik_camera_ros2_driver/lib/libhik_camera_ros2_driver.so
[5.193s] -- Set non-toolchain portion of runtime path of "/home/new-sentry/Desktop/boom_ws/install/hik_camera_ros2_driver/lib/libhik_camera_ros2_driver.so" to ""
[5.193s] -- Installing: /home/new-sentry/Desktop/boom_ws/install/hik_camera_ros2_driver/share/hik_camera_ros2_driver/launch
[5.194s] -- Installing: /home/new-sentry/Desktop/boom_ws/install/hik_camera_ros2_driver/share/hik_camera_ros2_driver/launch/hik_camera_launch.py
[5.194s] -- Installing: /home/new-sentry/Desktop/boom_ws/install/hik_camera_ros2_driver/share/hik_camera_ros2_driver/config
[5.194s] -- Installing: /home/new-sentry/Desktop/boom_ws/install/hik_camera_ros2_driver/share/hik_camera_ros2_driver/config/new_params.yaml
[5.194s] -- Installing: /home/new-sentry/Desktop/boom_ws/install/hik_camera_ros2_driver/share/hik_camera_ros2_driver/config/camera_params.yaml
[5.194s] -- Installing: /home/new-sentry/Desktop/boom_ws/install/hik_camera_ros2_driver/share/hik_camera_ros2_driver/config/camera_info.yaml
[5.194s] -- Installing: /home/new-sentry/Desktop/boom_ws/install/hik_camera_ros2_driver/share/ament_index/resource_index/package_run_dependencies/hik_camera_ros2_driver
[5.194s] -- Installing: /home/new-sentry/Desktop/boom_ws/install/hik_camera_ros2_driver/share/ament_index/resource_index/parent_prefix_path/hik_camera_ros2_driver
[5.194s] -- Installing: /home/new-sentry/Desktop/boom_ws/install/hik_camera_ros2_driver/share/hik_camera_ros2_driver/environment/ament_prefix_path.sh
[5.194s] -- Installing: /home/new-sentry/Desktop/boom_ws/install/hik_camera_ros2_driver/share/hik_camera_ros2_driver/environment/ament_prefix_path.dsv
[5.194s] -- Installing: /home/new-sentry/Desktop/boom_ws/install/hik_camera_ros2_driver/share/hik_camera_ros2_driver/environment/path.sh
[5.195s] -- Installing: /home/new-sentry/Desktop/boom_ws/install/hik_camera_ros2_driver/share/hik_camera_ros2_driver/environment/path.dsv
[5.195s] -- Installing: /home/new-sentry/Desktop/boom_ws/install/hik_camera_ros2_driver/share/hik_camera_ros2_driver/local_setup.bash
[5.195s] -- Installing: /home/new-sentry/Desktop/boom_ws/install/hik_camera_ros2_driver/share/hik_camera_ros2_driver/local_setup.sh
[5.195s] -- Installing: /home/new-sentry/Desktop/boom_ws/install/hik_camera_ros2_driver/share/hik_camera_ros2_driver/local_setup.zsh
[5.195s] -- Installing: /home/new-sentry/Desktop/boom_ws/install/hik_camera_ros2_driver/share/hik_camera_ros2_driver/local_setup.dsv
[5.196s] -- Installing: /home/new-sentry/Desktop/boom_ws/install/hik_camera_ros2_driver/share/hik_camera_ros2_driver/package.dsv
[5.196s] -- Installing: /home/new-sentry/Desktop/boom_ws/install/hik_camera_ros2_driver/share/ament_index/resource_index/packages/hik_camera_ros2_driver
[5.196s] -- Installing: /home/new-sentry/Desktop/boom_ws/install/hik_camera_ros2_driver/share/ament_index/resource_index/rclcpp_components/hik_camera_ros2_driver
[5.196s] -- Installing: /home/new-sentry/Desktop/boom_ws/install/hik_camera_ros2_driver/share/hik_camera_ros2_driver/cmake/ament_cmake_export_dependencies-extras.cmake
[5.196s] -- Installing: /home/new-sentry/Desktop/boom_ws/install/hik_camera_ros2_driver/share/hik_camera_ros2_driver/cmake/ament_cmake_export_libraries-extras.cmake
[5.196s] -- Installing: /home/new-sentry/Desktop/boom_ws/install/hik_camera_ros2_driver/share/hik_camera_ros2_driver/cmake/hik_camera_ros2_driverConfig.cmake
[5.196s] -- Installing: /home/new-sentry/Desktop/boom_ws/install/hik_camera_ros2_driver/share/hik_camera_ros2_driver/cmake/hik_camera_ros2_driverConfig-version.cmake
[5.196s] -- Installing: /home/new-sentry/Desktop/boom_ws/install/hik_camera_ros2_driver/share/hik_camera_ros2_driver/package.xml
[5.200s] Invoked command in '/home/new-sentry/Desktop/boom_ws/build/hik_camera_ros2_driver' returned '0': CMAKE_PREFIX_PATH=/opt/ros/humble /usr/local/bin/cmake --install /home/new-sentry/Desktop/boom_ws/build/hik_camera_ros2_driver
